Namespace(configs='configs/CIFAR10/pen_bip_1.yml', result_dir='./trained_models', exp_name='RC_pb1_m_27', exp_mode='prune', arch='resnet18', num_classes=10, layer_type='unstructured', k=None, lambd=0.99999998, alpha=1.0, fw_momentum=0.9, scaled_score_init=True, scale_rand_init=False, freeze_bn=False, source_net='trained_models/CIFAR10_resnet18_Pretrain/pretrain/latest_exp/checkpoint/model_best.pth.tar', scores_init_type=None, dataset='CIFAR10', batch_size=128, num_workers=2, test_batch_size=128, normalize=True, data_dir='./data', image_dim=32, trainer='penalized_bilevel_1', epochs=100, optimizer='sgd', wd=0.0001, mask_lr=0.1, lr=0.1, mask_lr_schedule='step', lr_schedule='cosine', momentum=0.9, warmup_epochs=0, warmup_lr=0.1, save_dense=False, evaluate=False, val_method='base', resume='', seed=1234, print_freq=100, lr2=0.0001, accelerate=False)
=> loading source model from 'trained_models/CIFAR10_resnet18_Pretrain/pretrain/latest_exp/checkpoint/model_best.pth.tar'
=> loaded checkpoint 'trained_models/CIFAR10_resnet18_Pretrain/pretrain/latest_exp/checkpoint/model_best.pth.tar'
Epoch 0, l0 norm : 7607826, l1 norm : 1661372.787536621
Epoch 0, min : 0.0, max : 0.7213972210884094
This epoch duration :1112.455760717392
Epoch 0, val-method base, validation accuracy 56.31999969482422, best_prec 56.31999969482422
Epoch 1, l0 norm : 7614383, l1 norm : 1691245.785949707
Epoch 1, min : 0.0, max : 0.7224788069725037
This epoch duration :1105.92333984375
Epoch 1, val-method base, validation accuracy 68.65999603271484, best_prec 68.65999603271484
Epoch 2, l0 norm : 7617194, l1 norm : 1701204.891571045
Epoch 2, min : 0.0, max : 0.7098581790924072
This epoch duration :1105.8582391738892
Epoch 2, val-method base, validation accuracy 75.30999755859375, best_prec 75.30999755859375
Epoch 3, l0 norm : 7618452, l1 norm : 1707669.9876098633
Epoch 3, min : 0.0, max : 0.7063446640968323
This epoch duration :1106.0807902812958
Epoch 3, val-method base, validation accuracy 75.08000183105469, best_prec 75.30999755859375
Epoch 4, l0 norm : 7619095, l1 norm : 1711402.8016967773
Epoch 4, min : 0.0, max : 0.7171041369438171
This epoch duration :1106.0051736831665
Epoch 4, val-method base, validation accuracy 80.50999450683594, best_prec 80.50999450683594
Epoch 5, l0 norm : 7619547, l1 norm : 1714525.8941955566
Epoch 5, min : 0.0, max : 0.7270685434341431
This epoch duration :1106.4641375541687
Epoch 5, val-method base, validation accuracy 82.6500015258789, best_prec 82.6500015258789
Epoch 6, l0 norm : 7619849, l1 norm : 1716021.9678955078
Epoch 6, min : 0.0, max : 0.7302558422088623
This epoch duration :1106.1599805355072
Epoch 6, val-method base, validation accuracy 84.47999572753906, best_prec 84.47999572753906
Epoch 7, l0 norm : 7620088, l1 norm : 1717156.1236877441
Epoch 7, min : 0.0, max : 0.740251898765564
This epoch duration :1105.9597725868225
Epoch 7, val-method base, validation accuracy 84.6199951171875, best_prec 84.6199951171875
Epoch 8, l0 norm : 7620256, l1 norm : 1717987.128540039
Epoch 8, min : 0.0, max : 0.7409012913703918
This epoch duration :1105.7451016902924
Epoch 8, val-method base, validation accuracy 84.93000030517578, best_prec 84.93000030517578
Epoch 9, l0 norm : 7620415, l1 norm : 1718947.8591003418
Epoch 9, min : 0.0, max : 0.7405348420143127
This epoch duration :1105.9275226593018
Epoch 9, val-method base, validation accuracy 85.83999633789062, best_prec 85.83999633789062
Epoch 10, l0 norm : 7620534, l1 norm : 1719668.4649658203
Epoch 10, min : 0.0, max : 0.7398523092269897
This epoch duration :1107.3600678443909
Epoch 10, val-method base, validation accuracy 85.98999786376953, best_prec 85.98999786376953
Epoch 11, l0 norm : 7620667, l1 norm : 1720277.0936279297
Epoch 11, min : 0.0, max : 0.738941490650177
This epoch duration :1105.3410534858704
Epoch 11, val-method base, validation accuracy 86.86000061035156, best_prec 86.86000061035156
Epoch 12, l0 norm : 7620752, l1 norm : 1720471.5372314453
Epoch 12, min : 0.0, max : 0.7388671636581421
This epoch duration :1105.6216621398926
Epoch 12, val-method base, validation accuracy 87.52999877929688, best_prec 87.52999877929688
Epoch 13, l0 norm : 7620802, l1 norm : 1720455.5984802246
Epoch 13, min : 0.0, max : 0.7392569184303284
This epoch duration :1105.8020865917206
Epoch 13, val-method base, validation accuracy 86.93000030517578, best_prec 87.52999877929688
Epoch 14, l0 norm : 7620861, l1 norm : 1720660.0916137695
Epoch 14, min : 0.0, max : 0.742299497127533
This epoch duration :1105.9027330875397
Epoch 14, val-method base, validation accuracy 88.13999938964844, best_prec 88.13999938964844
Epoch 15, l0 norm : 7620928, l1 norm : 1720908.5032043457
Epoch 15, min : 0.0, max : 0.7356409430503845
This epoch duration :1106.376228094101
Epoch 15, val-method base, validation accuracy 87.81999969482422, best_prec 88.13999938964844
Epoch 16, l0 norm : 7620999, l1 norm : 1721140.3291015625
Epoch 16, min : 0.0, max : 0.7310961484909058
This epoch duration :1105.8461146354675
Epoch 16, val-method base, validation accuracy 87.48999786376953, best_prec 88.13999938964844
Epoch 17, l0 norm : 7621055, l1 norm : 1721416.551208496
Epoch 17, min : 0.0, max : 0.7249262928962708
This epoch duration :1106.9480302333832
Epoch 17, val-method base, validation accuracy 88.95999908447266, best_prec 88.95999908447266
Epoch 18, l0 norm : 7621103, l1 norm : 1721559.1331176758
Epoch 18, min : 0.0, max : 0.7242386937141418
This epoch duration :1106.9988737106323
Epoch 18, val-method base, validation accuracy 88.47000122070312, best_prec 88.95999908447266
Epoch 19, l0 norm : 7621143, l1 norm : 1721783.9139404297
Epoch 19, min : 0.0, max : 0.7210742235183716
This epoch duration :1106.4754312038422
Epoch 19, val-method base, validation accuracy 88.06999969482422, best_prec 88.95999908447266
Epoch 20, l0 norm : 7621183, l1 norm : 1722063.556060791
Epoch 20, min : 0.0, max : 0.7196407318115234
This epoch duration :1106.9449417591095
Epoch 20, val-method base, validation accuracy 89.02999877929688, best_prec 89.02999877929688
Epoch 21, l0 norm : 7621221, l1 norm : 1722253.4829711914
Epoch 21, min : 0.0, max : 0.7150524258613586
This epoch duration :1106.3978216648102
Epoch 21, val-method base, validation accuracy 88.45999908447266, best_prec 89.02999877929688
Epoch 22, l0 norm : 7621245, l1 norm : 1722512.1793823242
Epoch 22, min : 0.0, max : 0.7129301428794861
This epoch duration :1106.4002616405487
Epoch 22, val-method base, validation accuracy 88.52999877929688, best_prec 89.02999877929688
Epoch 23, l0 norm : 7621279, l1 norm : 1722632.3645019531
Epoch 23, min : 0.0, max : 0.7088709473609924
This epoch duration :1106.7377359867096
Epoch 23, val-method base, validation accuracy 88.56999969482422, best_prec 89.02999877929688
Epoch 24, l0 norm : 7621301, l1 norm : 1722768.7072143555
Epoch 24, min : 0.0, max : 0.7084024548530579
This epoch duration :1106.5643863677979
Epoch 24, val-method base, validation accuracy 89.55999755859375, best_prec 89.55999755859375
Epoch 25, l0 norm : 7621322, l1 norm : 1722902.654724121
Epoch 25, min : 0.0, max : 0.7107224464416504
This epoch duration :1106.7531611919403
Epoch 25, val-method base, validation accuracy 89.61000061035156, best_prec 89.61000061035156
Epoch 26, l0 norm : 7621334, l1 norm : 1722998.972229004
Epoch 26, min : 0.0, max : 0.7083607316017151
This epoch duration :1106.294604063034
Epoch 26, val-method base, validation accuracy 89.86000061035156, best_prec 89.86000061035156
Epoch 27, l0 norm : 7621350, l1 norm : 1723146.3814086914
Epoch 27, min : 0.0, max : 0.7076679468154907
This epoch duration :1106.6272864341736
Epoch 27, val-method base, validation accuracy 89.72000122070312, best_prec 89.86000061035156
Epoch 28, l0 norm : 7621364, l1 norm : 1723287.9960021973
Epoch 28, min : 0.0, max : 0.7096487879753113
This epoch duration :1106.516675233841
Epoch 28, val-method base, validation accuracy 89.11000061035156, best_prec 89.86000061035156
Epoch 29, l0 norm : 7621373, l1 norm : 1723444.6234436035
Epoch 29, min : 0.0, max : 0.7085198163986206
This epoch duration :1106.4978828430176
Epoch 29, val-method base, validation accuracy 89.5999984741211, best_prec 89.86000061035156
Epoch 30, l0 norm : 7621380, l1 norm : 1723586.8121948242
Epoch 30, min : 0.0, max : 0.7096558213233948
This epoch duration :1106.0667374134064
Epoch 30, val-method base, validation accuracy 89.79999542236328, best_prec 89.86000061035156
Epoch 31, l0 norm : 7621390, l1 norm : 1723687.839691162
Epoch 31, min : 0.0, max : 0.712116539478302
This epoch duration :1106.9275670051575
Epoch 31, val-method base, validation accuracy 89.22000122070312, best_prec 89.86000061035156
Epoch 32, l0 norm : 7621397, l1 norm : 1723814.3139038086
Epoch 32, min : 0.0, max : 0.7096100449562073
This epoch duration :1106.1786088943481
Epoch 32, val-method base, validation accuracy 89.43999481201172, best_prec 89.86000061035156
Epoch 33, l0 norm : 7621405, l1 norm : 1724028.8494873047
Epoch 33, min : 0.0, max : 0.7110304832458496
This epoch duration :1105.9997823238373
Epoch 33, val-method base, validation accuracy 88.29999542236328, best_prec 89.86000061035156
Epoch 34, l0 norm : 7621413, l1 norm : 1724238.1783447266
Epoch 34, min : 0.0, max : 0.7119056582450867
This epoch duration :1106.3229229450226
Epoch 34, val-method base, validation accuracy 89.41999816894531, best_prec 89.86000061035156
Epoch 35, l0 norm : 7621417, l1 norm : 1724342.2767333984
Epoch 35, min : 0.0, max : 0.711132287979126
This epoch duration :1106.8199326992035
Epoch 35, val-method base, validation accuracy 89.97000122070312, best_prec 89.97000122070312
Epoch 36, l0 norm : 7621424, l1 norm : 1724402.2826538086
Epoch 36, min : 0.0, max : 0.7094836235046387
This epoch duration :1105.8823466300964
Epoch 36, val-method base, validation accuracy 90.55999755859375, best_prec 90.55999755859375
Epoch 37, l0 norm : 7621437, l1 norm : 1724417.6899414062
Epoch 37, min : 0.0, max : 0.7098427414894104
This epoch duration :1106.4293420314789
Epoch 37, val-method base, validation accuracy 90.22000122070312, best_prec 90.55999755859375
Epoch 38, l0 norm : 7621442, l1 norm : 1724377.6351623535
Epoch 38, min : 0.0, max : 0.7106741666793823
This epoch duration :1105.9393637180328
Epoch 38, val-method base, validation accuracy 89.80999755859375, best_prec 90.55999755859375
Epoch 39, l0 norm : 7621454, l1 norm : 1724338.0020141602
Epoch 39, min : 0.0, max : 0.708538830280304
This epoch duration :1106.9808366298676
Epoch 39, val-method base, validation accuracy 91.0199966430664, best_prec 91.0199966430664
Epoch 40, l0 norm : 7621462, l1 norm : 1724324.5562438965
Epoch 40, min : 0.0, max : 0.7074241042137146
This epoch duration :1106.7135829925537
Epoch 40, val-method base, validation accuracy 90.38999938964844, best_prec 91.0199966430664
Epoch 41, l0 norm : 7621467, l1 norm : 1724286.699371338
Epoch 41, min : 0.0, max : 0.7086514830589294
This epoch duration :1106.7634797096252
Epoch 41, val-method base, validation accuracy 91.08999633789062, best_prec 91.08999633789062
Epoch 42, l0 norm : 7621474, l1 norm : 1724163.213104248
Epoch 42, min : 0.0, max : 0.7114676237106323
This epoch duration :1105.9565932750702
Epoch 42, val-method base, validation accuracy 89.72999572753906, best_prec 91.08999633789062
Epoch 43, l0 norm : 7621484, l1 norm : 1724064.8034973145
Epoch 43, min : 0.0, max : 0.7116615176200867
This epoch duration :1106.519404411316
Epoch 43, val-method base, validation accuracy 90.93000030517578, best_prec 91.08999633789062
Epoch 44, l0 norm : 7621491, l1 norm : 1723971.7261047363
Epoch 44, min : 0.0, max : 0.7132008075714111
This epoch duration :1105.695079088211
Epoch 44, val-method base, validation accuracy 91.07999420166016, best_prec 91.08999633789062
Epoch 45, l0 norm : 7621495, l1 norm : 1723826.5302124023
Epoch 45, min : 0.0, max : 0.7140871286392212
This epoch duration :1106.9248085021973
Epoch 45, val-method base, validation accuracy 90.86000061035156, best_prec 91.08999633789062
Epoch 46, l0 norm : 7621498, l1 norm : 1723670.3124389648
Epoch 46, min : 0.0, max : 0.7136300206184387
This epoch duration :1106.4761581420898
Epoch 46, val-method base, validation accuracy 91.16999816894531, best_prec 91.16999816894531
Epoch 47, l0 norm : 7621504, l1 norm : 1723545.744506836
Epoch 47, min : 0.0, max : 0.7142506837844849
This epoch duration :1105.7961375713348
Epoch 47, val-method base, validation accuracy 90.73999786376953, best_prec 91.16999816894531
Epoch 48, l0 norm : 7621512, l1 norm : 1723381.532409668
Epoch 48, min : 0.0, max : 0.7150421142578125
This epoch duration :1106.3147776126862
Epoch 48, val-method base, validation accuracy 91.06999969482422, best_prec 91.16999816894531
Epoch 49, l0 norm : 7621518, l1 norm : 1723077.2033996582
Epoch 49, min : 0.0, max : 0.7136727571487427
This epoch duration :1106.644769668579
Epoch 49, val-method base, validation accuracy 91.32999420166016, best_prec 91.32999420166016
Epoch 50, l0 norm : 7621522, l1 norm : 1722845.2015075684
Epoch 50, min : 0.0, max : 0.7118873596191406
This epoch duration :1106.3731796741486
Epoch 50, val-method base, validation accuracy 91.73999786376953, best_prec 91.73999786376953
Epoch 51, l0 norm : 7621527, l1 norm : 1722628.5731201172
Epoch 51, min : 0.0, max : 0.7114606499671936
This epoch duration :1106.120600938797
Epoch 51, val-method base, validation accuracy 91.18000030517578, best_prec 91.73999786376953
Epoch 52, l0 norm : 7621527, l1 norm : 1722364.0332641602
Epoch 52, min : 0.0, max : 0.7123907208442688
This epoch duration :1105.02188038826
Epoch 52, val-method base, validation accuracy 91.5199966430664, best_prec 91.73999786376953
Epoch 53, l0 norm : 7621531, l1 norm : 1722156.48046875
Epoch 53, min : 0.0, max : 0.7112219929695129
This epoch duration :1106.572280406952
Epoch 53, val-method base, validation accuracy 91.19999694824219, best_prec 91.73999786376953
Epoch 54, l0 norm : 7621540, l1 norm : 1721830.2420654297
Epoch 54, min : 0.0, max : 0.712037205696106
This epoch duration :1106.1558961868286
Epoch 54, val-method base, validation accuracy 91.56999969482422, best_prec 91.73999786376953
Epoch 55, l0 norm : 7621545, l1 norm : 1721396.0515441895
Epoch 55, min : 0.0, max : 0.7126296162605286
This epoch duration :1106.939864873886
Epoch 55, val-method base, validation accuracy 91.64999389648438, best_prec 91.73999786376953
Epoch 56, l0 norm : 7621547, l1 norm : 1720931.244354248
Epoch 56, min : 0.0, max : 0.7144654989242554
This epoch duration :1106.0048687458038
Epoch 56, val-method base, validation accuracy 91.80999755859375, best_prec 91.80999755859375
Epoch 57, l0 norm : 7621551, l1 norm : 1720474.7434692383
Epoch 57, min : 0.0, max : 0.7148672938346863
This epoch duration :1106.1985127925873
Epoch 57, val-method base, validation accuracy 91.69999694824219, best_prec 91.80999755859375
Epoch 58, l0 norm : 7621557, l1 norm : 1719939.5150756836
Epoch 58, min : 0.0, max : 0.7152620553970337
This epoch duration :1106.7881684303284
Epoch 58, val-method base, validation accuracy 91.68000030517578, best_prec 91.80999755859375
Epoch 59, l0 norm : 7621561, l1 norm : 1719423.4387207031
Epoch 59, min : 0.0, max : 0.715375542640686
This epoch duration :1106.4084141254425
Epoch 59, val-method base, validation accuracy 92.3699951171875, best_prec 92.3699951171875
Epoch 60, l0 norm : 7621566, l1 norm : 1718849.0563964844
Epoch 60, min : 0.0, max : 0.7175626754760742
This epoch duration :1105.9448821544647
Epoch 60, val-method base, validation accuracy 91.88999938964844, best_prec 92.3699951171875
Epoch 61, l0 norm : 7621569, l1 norm : 1718074.4486694336
Epoch 61, min : 0.0, max : 0.7187452912330627
This epoch duration :1106.4992890357971
Epoch 61, val-method base, validation accuracy 91.8699951171875, best_prec 92.3699951171875
Epoch 62, l0 norm : 7621572, l1 norm : 1717393.3202209473
Epoch 62, min : 0.0, max : 0.7202003002166748
This epoch duration :1106.7158026695251
Epoch 62, val-method base, validation accuracy 92.0, best_prec 92.3699951171875
Epoch 63, l0 norm : 7621573, l1 norm : 1716480.9821777344
Epoch 63, min : 0.0, max : 0.7211733460426331
This epoch duration :1114.7812807559967
Epoch 63, val-method base, validation accuracy 92.5999984741211, best_prec 92.5999984741211
Epoch 64, l0 norm : 7621576, l1 norm : 1715465.4750976562
Epoch 64, min : 0.0, max : 0.7207102179527283
This epoch duration :1121.6449010372162
Epoch 64, val-method base, validation accuracy 92.1199951171875, best_prec 92.5999984741211
Epoch 65, l0 norm : 7621577, l1 norm : 1714472.9028930664
Epoch 65, min : 0.0, max : 0.722493052482605
This epoch duration :1108.7187187671661
Epoch 65, val-method base, validation accuracy 92.66999816894531, best_prec 92.66999816894531
Epoch 66, l0 norm : 7621583, l1 norm : 1713382.1036376953
Epoch 66, min : 0.0, max : 0.7229855060577393
This epoch duration :1105.2905461788177
Epoch 66, val-method base, validation accuracy 92.55999755859375, best_prec 92.66999816894531
Epoch 67, l0 norm : 7621585, l1 norm : 1711893.3873901367
Epoch 67, min : 0.0, max : 0.7242001295089722
This epoch duration :1105.994470834732
Epoch 67, val-method base, validation accuracy 92.5199966430664, best_prec 92.66999816894531
Epoch 68, l0 norm : 7621586, l1 norm : 1710371.9825439453
Epoch 68, min : 0.0, max : 0.7238181829452515
This epoch duration :1105.6378014087677
Epoch 68, val-method base, validation accuracy 93.07999420166016, best_prec 93.07999420166016
Epoch 69, l0 norm : 7621588, l1 norm : 1708695.5165100098
Epoch 69, min : 0.0, max : 0.7246169447898865
This epoch duration :1106.3520951271057
Epoch 69, val-method base, validation accuracy 92.5999984741211, best_prec 93.07999420166016
Epoch 70, l0 norm : 7621590, l1 norm : 1706642.970275879
Epoch 70, min : 0.0, max : 0.724518895149231
This epoch duration :1106.1765694618225
Epoch 70, val-method base, validation accuracy 93.08999633789062, best_prec 93.08999633789062
Epoch 71, l0 norm : 7621591, l1 norm : 1704470.14944458
Epoch 71, min : 0.0, max : 0.7254130840301514
This epoch duration :1105.40780043602
Epoch 71, val-method base, validation accuracy 93.31999969482422, best_prec 93.31999969482422
Epoch 72, l0 norm : 7621593, l1 norm : 1702018.1949768066
Epoch 72, min : 0.0, max : 0.7258549332618713
This epoch duration :1105.3095548152924
Epoch 72, val-method base, validation accuracy 93.2699966430664, best_prec 93.31999969482422
Epoch 73, l0 norm : 7621596, l1 norm : 1699454.3746643066
Epoch 73, min : 0.0, max : 0.7277222871780396
This epoch duration :1105.2177312374115
Epoch 73, val-method base, validation accuracy 93.31999969482422, best_prec 93.31999969482422
Epoch 74, l0 norm : 7621597, l1 norm : 1696868.8237304688
Epoch 74, min : 0.0, max : 0.728911817073822
This epoch duration :1106.1239488124847
Epoch 74, val-method base, validation accuracy 93.38999938964844, best_prec 93.38999938964844
Epoch 75, l0 norm : 7621599, l1 norm : 1693878.0812988281
Epoch 75, min : 0.0, max : 0.7307185530662537
This epoch duration :1105.8198325634003
Epoch 75, val-method base, validation accuracy 93.56999969482422, best_prec 93.56999969482422
Epoch 76, l0 norm : 7621600, l1 norm : 1690708.3771362305
Epoch 76, min : 0.0, max : 0.7331137657165527
This epoch duration :1105.2224714756012
Epoch 76, val-method base, validation accuracy 93.30999755859375, best_prec 93.56999969482422
Epoch 77, l0 norm : 7621601, l1 norm : 1687158.4133605957
Epoch 77, min : 0.0, max : 0.7365257143974304
This epoch duration :1106.6820738315582
Epoch 77, val-method base, validation accuracy 93.44999694824219, best_prec 93.56999969482422
Epoch 78, l0 norm : 7621602, l1 norm : 1683370.398803711
Epoch 78, min : 0.0, max : 0.7380052208900452
This epoch duration :1106.5287702083588
Epoch 78, val-method base, validation accuracy 93.3699951171875, best_prec 93.56999969482422
Epoch 79, l0 norm : 7621602, l1 norm : 1679452.150756836
Epoch 79, min : 0.0, max : 0.7389851808547974
This epoch duration :1106.1773014068604
Epoch 79, val-method base, validation accuracy 93.47000122070312, best_prec 93.56999969482422
Epoch 80, l0 norm : 7621602, l1 norm : 1675276.6994018555
Epoch 80, min : 0.0, max : 0.7407491207122803
This epoch duration :1106.2344040870667
Epoch 80, val-method base, validation accuracy 93.54999542236328, best_prec 93.56999969482422
Epoch 81, l0 norm : 7621603, l1 norm : 1670863.2966308594
Epoch 81, min : 0.0, max : 0.7428839802742004
This epoch duration :1106.7803602218628
Epoch 81, val-method base, validation accuracy 93.72000122070312, best_prec 93.72000122070312
Epoch 82, l0 norm : 7621603, l1 norm : 1666163.3463745117
Epoch 82, min : 0.0, max : 0.7449929714202881
This epoch duration :1106.260188817978
Epoch 82, val-method base, validation accuracy 93.62999725341797, best_prec 93.72000122070312
Epoch 83, l0 norm : 7621603, l1 norm : 1661438.1696777344
Epoch 83, min : 0.0, max : 0.747208297252655
This epoch duration :1106.9007623195648
Epoch 83, val-method base, validation accuracy 93.57999420166016, best_prec 93.72000122070312
Epoch 84, l0 norm : 7621603, l1 norm : 1656711.1707763672
Epoch 84, min : 0.0, max : 0.7496953010559082
This epoch duration :1106.2918741703033
Epoch 84, val-method base, validation accuracy 93.6199951171875, best_prec 93.72000122070312
Epoch 85, l0 norm : 7621603, l1 norm : 1651923.6876220703
Epoch 85, min : 0.0, max : 0.7526438236236572
This epoch duration :1105.9606132507324
Epoch 85, val-method base, validation accuracy 93.64999389648438, best_prec 93.72000122070312
Epoch 86, l0 norm : 7621604, l1 norm : 1647170.5369262695
Epoch 86, min : 0.0, max : 0.7549644112586975
This epoch duration :1106.4064211845398
Epoch 86, val-method base, validation accuracy 93.64999389648438, best_prec 93.72000122070312
Epoch 87, l0 norm : 7621604, l1 norm : 1642547.598083496
Epoch 87, min : 0.0, max : 0.7573243975639343
This epoch duration :1106.2459721565247
Epoch 87, val-method base, validation accuracy 93.54000091552734, best_prec 93.72000122070312
Epoch 88, l0 norm : 7621604, l1 norm : 1637817.4597167969
Epoch 88, min : 0.0, max : 0.7589192390441895
This epoch duration :1105.904590845108
Epoch 88, val-method base, validation accuracy 93.66999816894531, best_prec 93.72000122070312
Epoch 89, l0 norm : 7621604, l1 norm : 1633341.2151641846
Epoch 89, min : 0.0, max : 0.7610272169113159
This epoch duration :1106.2228503227234
Epoch 89, val-method base, validation accuracy 93.65999603271484, best_prec 93.72000122070312
Epoch 90, l0 norm : 7621604, l1 norm : 1628457.130645752
Epoch 90, min : 0.0, max : 0.7629527449607849
This epoch duration :1106.8380997180939
Epoch 90, val-method base, validation accuracy 93.73999786376953, best_prec 93.73999786376953
Epoch 91, l0 norm : 7621604, l1 norm : 1623746.2466125488
Epoch 91, min : 0.0, max : 0.7647076845169067
This epoch duration :1106.8000419139862
Epoch 91, val-method base, validation accuracy 93.72999572753906, best_prec 93.73999786376953
Epoch 92, l0 norm : 7621604, l1 norm : 1618879.2881469727
Epoch 92, min : 0.0, max : 0.7665666341781616
This epoch duration :1106.3633208274841
Epoch 92, val-method base, validation accuracy 93.77999877929688, best_prec 93.77999877929688
Epoch 93, l0 norm : 7621604, l1 norm : 1613959.6788024902
Epoch 93, min : 0.0, max : 0.7689626216888428
This epoch duration :1106.326664686203
Epoch 93, val-method base, validation accuracy 93.91999816894531, best_prec 93.91999816894531
Epoch 94, l0 norm : 7621604, l1 norm : 1609172.9763336182
Epoch 94, min : 0.0, max : 0.7711699604988098
This epoch duration :1106.407618522644
Epoch 94, val-method base, validation accuracy 93.81999969482422, best_prec 93.91999816894531
Epoch 95, l0 norm : 7621604, l1 norm : 1604523.421951294
Epoch 95, min : 0.0, max : 0.7737407684326172
This epoch duration :1106.8381385803223
Epoch 95, val-method base, validation accuracy 93.77999877929688, best_prec 93.91999816894531
Epoch 96, l0 norm : 7621604, l1 norm : 1599867.4609375
Epoch 96, min : 0.0, max : 0.7760209441184998
This epoch duration :1106.7840552330017
Epoch 96, val-method base, validation accuracy 93.7699966430664, best_prec 93.91999816894531
Epoch 97, l0 norm : 7621604, l1 norm : 1595034.8283996582
Epoch 97, min : 0.0, max : 0.778386116027832
This epoch duration :1106.233915567398
Epoch 97, val-method base, validation accuracy 93.73999786376953, best_prec 93.91999816894531
Epoch 98, l0 norm : 7621604, l1 norm : 1590845.185836792
Epoch 98, min : 0.0, max : 0.7801694273948669
This epoch duration :1106.3057217597961
Epoch 98, val-method base, validation accuracy 93.86000061035156, best_prec 93.91999816894531
Epoch 99, l0 norm : 7621604, l1 norm : 1586501.4944152832
Epoch 99, min : 0.0, max : 0.781335175037384
This epoch duration :818.1261489391327
Epoch 99, val-method base, validation accuracy 93.8699951171875, best_prec 93.91999816894531
