Namespace(configs='configs/CIFAR10/pen_bip_1.yml', result_dir='./trained_models', exp_name='RC_pb1_l6a1', exp_mode='prune', arch='resnet18', num_classes=10, layer_type='unstructured', k=None, lambd=0.999999, alpha=1.0, scaled_score_init=True, scale_rand_init=False, freeze_bn=False, source_net='trained_models/CIFAR10_resnet18_Pretrain/pretrain/latest_exp/checkpoint/model_best.pth.tar', scores_init_type=None, dataset='CIFAR10', batch_size=128, num_workers=2, test_batch_size=128, normalize=True, data_dir='./data', image_dim=32, trainer='penalized_bilevel_1', epochs=100, optimizer='sgd', wd=0.0001, mask_lr=0.1, lr=0.1, mask_lr_schedule='step', lr_schedule='cosine', momentum=0.9, warmup_epochs=0, warmup_lr=0.1, save_dense=False, evaluate=False, val_method='base', resume='', seed=1234, print_freq=100, lr2=0.0001, accelerate=False)
=> loading source model from 'trained_models/CIFAR10_resnet18_Pretrain/pretrain/latest_exp/checkpoint/model_best.pth.tar'
=> loaded checkpoint 'trained_models/CIFAR10_resnet18_Pretrain/pretrain/latest_exp/checkpoint/model_best.pth.tar'
Epoch 0, l0 norm : 406446, l1 norm : 183444.84221458435
Epoch 0, min : 0.0, max : 0.7936655879020691
This epoch duration :1597.690090417862
Epoch 0, val-method base, validation accuracy 38.869998931884766, best_prec 38.869998931884766
Epoch 1, l0 norm : 406446, l1 norm : 182907.27185821533
Epoch 1, min : 0.0, max : 0.6554417014122009
This epoch duration :2108.429496049881
Epoch 1, val-method base, validation accuracy 48.38999938964844, best_prec 48.38999938964844
Epoch 2, l0 norm : 406446, l1 norm : 181546.5181236267
Epoch 2, min : 0.0, max : 0.5870354175567627
This epoch duration :2148.374554872513
Epoch 2, val-method base, validation accuracy 60.72999954223633, best_prec 60.72999954223633
Epoch 3, l0 norm : 406446, l1 norm : 179870.3426399231
Epoch 3, min : 0.0, max : 0.5594192147254944
This epoch duration :2148.2158670425415
Epoch 3, val-method base, validation accuracy 65.04000091552734, best_prec 65.04000091552734
Epoch 4, l0 norm : 406446, l1 norm : 177999.4353942871
Epoch 4, min : 0.0, max : 0.5410681962966919
This epoch duration :2147.6288549900055
Epoch 4, val-method base, validation accuracy 65.47000122070312, best_prec 65.47000122070312
Epoch 5, l0 norm : 406446, l1 norm : 176102.3274383545
Epoch 5, min : 0.0, max : 0.5327548384666443
This epoch duration :2148.329137325287
Epoch 5, val-method base, validation accuracy 70.2699966430664, best_prec 70.2699966430664
Epoch 6, l0 norm : 406446, l1 norm : 174265.16640663147
Epoch 6, min : 0.0, max : 0.5261248350143433
This epoch duration :2149.616496324539
Epoch 6, val-method base, validation accuracy 72.1500015258789, best_prec 72.1500015258789
Epoch 7, l0 norm : 406446, l1 norm : 172446.19619369507
Epoch 7, min : 0.0, max : 0.5139846801757812
This epoch duration :2147.4089024066925
Epoch 7, val-method base, validation accuracy 73.93999481201172, best_prec 73.93999481201172
Epoch 8, l0 norm : 406446, l1 norm : 170657.39779281616
Epoch 8, min : 0.0, max : 0.5012211203575134
This epoch duration :2148.2318954467773
Epoch 8, val-method base, validation accuracy 76.1199951171875, best_prec 76.1199951171875
Epoch 9, l0 norm : 406446, l1 norm : 168866.29496097565
Epoch 9, min : 0.0, max : 0.4904089570045471
This epoch duration :2148.2885286808014
Epoch 9, val-method base, validation accuracy 77.68999481201172, best_prec 77.68999481201172
Epoch 10, l0 norm : 406446, l1 norm : 167117.9564743042
Epoch 10, min : 0.0, max : 0.48912951350212097
This epoch duration :2149.395971059799
Epoch 10, val-method base, validation accuracy 79.97000122070312, best_prec 79.97000122070312
Epoch 11, l0 norm : 406446, l1 norm : 165382.68566417694
Epoch 11, min : 0.0, max : 0.4867178797721863
This epoch duration :2149.8040614128113
Epoch 11, val-method base, validation accuracy 80.37999725341797, best_prec 80.37999725341797
Epoch 12, l0 norm : 406446, l1 norm : 163695.07439041138
Epoch 12, min : 0.0, max : 0.47266802191734314
This epoch duration :2149.1574625968933
Epoch 12, val-method base, validation accuracy 79.40999603271484, best_prec 80.37999725341797
Epoch 13, l0 norm : 406446, l1 norm : 162050.55677604675
Epoch 13, min : 0.0, max : 0.46740859746932983
This epoch duration :2149.705368041992
Epoch 13, val-method base, validation accuracy 82.54999542236328, best_prec 82.54999542236328
Epoch 14, l0 norm : 406446, l1 norm : 160436.25854969025
Epoch 14, min : 0.0, max : 0.4603252410888672
This epoch duration :2149.942076921463
Epoch 14, val-method base, validation accuracy 83.18999481201172, best_prec 83.18999481201172
Epoch 15, l0 norm : 406446, l1 norm : 158859.11082077026
Epoch 15, min : 0.0, max : 0.4555707275867462
This epoch duration :2149.562402009964
Epoch 15, val-method base, validation accuracy 82.04000091552734, best_prec 83.18999481201172
Epoch 16, l0 norm : 406446, l1 norm : 157316.24385643005
Epoch 16, min : 0.0, max : 0.45271986722946167
This epoch duration :2150.2657010555267
Epoch 16, val-method base, validation accuracy 82.0199966430664, best_prec 83.18999481201172
Epoch 17, l0 norm : 406446, l1 norm : 155829.0178937912
Epoch 17, min : 0.0, max : 0.4533878564834595
This epoch duration :2150.1003062725067
Epoch 17, val-method base, validation accuracy 81.54999542236328, best_prec 83.18999481201172
Epoch 18, l0 norm : 406446, l1 norm : 154382.43649196625
Epoch 18, min : 0.0, max : 0.4524269700050354
This epoch duration :2150.8798871040344
Epoch 18, val-method base, validation accuracy 84.54999542236328, best_prec 84.54999542236328
Epoch 19, l0 norm : 406446, l1 norm : 152980.59351539612
Epoch 19, min : 0.0, max : 0.44836553931236267
This epoch duration :2150.317081928253
Epoch 19, val-method base, validation accuracy 85.08999633789062, best_prec 85.08999633789062
Epoch 20, l0 norm : 406446, l1 norm : 151614.4782524109
Epoch 20, min : 0.0, max : 0.4466564357280731
This epoch duration :2150.195308446884
Epoch 20, val-method base, validation accuracy 85.23999786376953, best_prec 85.23999786376953
Epoch 21, l0 norm : 406446, l1 norm : 150303.1735572815
Epoch 21, min : 0.0, max : 0.43846818804740906
This epoch duration :2151.4472601413727
Epoch 21, val-method base, validation accuracy 86.12999725341797, best_prec 86.12999725341797
Epoch 22, l0 norm : 406446, l1 norm : 149033.3302307129
Epoch 22, min : 0.0, max : 0.43476274609565735
This epoch duration :2150.9963104724884
Epoch 22, val-method base, validation accuracy 82.6199951171875, best_prec 86.12999725341797
Epoch 23, l0 norm : 406446, l1 norm : 147813.77668190002
Epoch 23, min : 0.0, max : 0.4303515553474426
This epoch duration :2150.374253988266
Epoch 23, val-method base, validation accuracy 86.05999755859375, best_prec 86.12999725341797
Epoch 24, l0 norm : 406446, l1 norm : 146635.10347557068
Epoch 24, min : 0.0, max : 0.4260038137435913
This epoch duration :2151.013658761978
Epoch 24, val-method base, validation accuracy 85.69999694824219, best_prec 86.12999725341797
Epoch 25, l0 norm : 406446, l1 norm : 145501.5059595108
Epoch 25, min : 0.0, max : 0.42386195063591003
This epoch duration :2149.5168907642365
Epoch 25, val-method base, validation accuracy 85.63999938964844, best_prec 86.12999725341797
Epoch 26, l0 norm : 406446, l1 norm : 144414.8936395645
Epoch 26, min : 0.0, max : 0.4221368134021759
This epoch duration :2149.9134180545807
Epoch 26, val-method base, validation accuracy 86.3499984741211, best_prec 86.3499984741211
Epoch 27, l0 norm : 406446, l1 norm : 143373.26083755493
Epoch 27, min : 0.0, max : 0.42290863394737244
This epoch duration :2149.1565976142883
Epoch 27, val-method base, validation accuracy 86.05999755859375, best_prec 86.3499984741211
Epoch 28, l0 norm : 406446, l1 norm : 142376.76334571838
Epoch 28, min : 0.0, max : 0.42065876722335815
This epoch duration :2154.319210767746
Epoch 28, val-method base, validation accuracy 86.36000061035156, best_prec 86.36000061035156
Epoch 29, l0 norm : 406446, l1 norm : 141426.37967681885
Epoch 29, min : 0.0, max : 0.41571611166000366
This epoch duration :2155.4322838783264
Epoch 29, val-method base, validation accuracy 87.37999725341797, best_prec 87.37999725341797
Epoch 30, l0 norm : 406446, l1 norm : 140525.4163827896
Epoch 30, min : 0.0, max : 0.41407179832458496
This epoch duration :2155.2568130493164
Epoch 30, val-method base, validation accuracy 87.3499984741211, best_prec 87.37999725341797
Epoch 31, l0 norm : 406446, l1 norm : 139664.74759578705
Epoch 31, min : 0.0, max : 0.41245707869529724
This epoch duration :2153.2566180229187
Epoch 31, val-method base, validation accuracy 87.02999877929688, best_prec 87.37999725341797
Epoch 32, l0 norm : 406446, l1 norm : 138848.15462303162
Epoch 32, min : 0.0, max : 0.409866601228714
This epoch duration :2148.9983456134796
Epoch 32, val-method base, validation accuracy 87.82999420166016, best_prec 87.82999420166016
Epoch 33, l0 norm : 406446, l1 norm : 138072.58729171753
Epoch 33, min : 0.0, max : 0.4091707766056061
This epoch duration :2155.761578321457
Epoch 33, val-method base, validation accuracy 86.58999633789062, best_prec 87.82999420166016
Epoch 34, l0 norm : 406446, l1 norm : 137347.4213552475
Epoch 34, min : 0.0, max : 0.40739715099334717
This epoch duration :2159.8418447971344
Epoch 34, val-method base, validation accuracy 88.0, best_prec 88.0
Epoch 35, l0 norm : 406446, l1 norm : 136660.37232780457
Epoch 35, min : 0.0, max : 0.4052906334400177
This epoch duration :2157.9268329143524
Epoch 35, val-method base, validation accuracy 87.8699951171875, best_prec 88.0
Epoch 36, l0 norm : 406446, l1 norm : 136015.82240104675
Epoch 36, min : 0.0, max : 0.40234023332595825
This epoch duration :2155.11336684227
Epoch 36, val-method base, validation accuracy 88.55999755859375, best_prec 88.55999755859375
Epoch 37, l0 norm : 406446, l1 norm : 135413.88905525208
Epoch 37, min : 0.0, max : 0.4021790325641632
This epoch duration :2152.341551542282
Epoch 37, val-method base, validation accuracy 87.04000091552734, best_prec 88.55999755859375
Epoch 38, l0 norm : 406446, l1 norm : 134848.8633594513
Epoch 38, min : 0.0, max : 0.4011925756931305
This epoch duration :2152.7123034000397
Epoch 38, val-method base, validation accuracy 87.61000061035156, best_prec 88.55999755859375
Epoch 39, l0 norm : 406446, l1 norm : 134328.21045303345
Epoch 39, min : 0.0, max : 0.39984384179115295
This epoch duration :2154.692135334015
Epoch 39, val-method base, validation accuracy 86.50999450683594, best_prec 88.55999755859375
Epoch 40, l0 norm : 406446, l1 norm : 133849.42458724976
Epoch 40, min : 0.0, max : 0.39787375926971436
This epoch duration :2154.9459829330444
Epoch 40, val-method base, validation accuracy 88.41999816894531, best_prec 88.55999755859375
Epoch 41, l0 norm : 406446, l1 norm : 133407.20310401917
Epoch 41, min : 0.0, max : 0.3975985050201416
This epoch duration :2151.2326276302338
Epoch 41, val-method base, validation accuracy 88.32999420166016, best_prec 88.55999755859375
Epoch 42, l0 norm : 406446, l1 norm : 133003.9859199524
Epoch 42, min : 0.0, max : 0.39793556928634644
This epoch duration :2148.175181865692
Epoch 42, val-method base, validation accuracy 89.13999938964844, best_prec 89.13999938964844
Epoch 43, l0 norm : 406446, l1 norm : 132644.91501426697
Epoch 43, min : 0.0, max : 0.39653974771499634
This epoch duration :2148.1052644252777
Epoch 43, val-method base, validation accuracy 88.48999786376953, best_prec 89.13999938964844
Epoch 44, l0 norm : 406446, l1 norm : 132321.80914115906
Epoch 44, min : 0.0, max : 0.39608824253082275
This epoch duration :2147.685052871704
Epoch 44, val-method base, validation accuracy 88.68999481201172, best_prec 89.13999938964844
Epoch 45, l0 norm : 406446, l1 norm : 132038.46681404114
Epoch 45, min : 0.0, max : 0.3969876766204834
This epoch duration :2147.676102399826
Epoch 45, val-method base, validation accuracy 88.88999938964844, best_prec 89.13999938964844
Epoch 46, l0 norm : 406446, l1 norm : 131794.54942893982
Epoch 46, min : 0.0, max : 0.3986177444458008
This epoch duration :2147.8621480464935
Epoch 46, val-method base, validation accuracy 87.5, best_prec 89.13999938964844
Epoch 47, l0 norm : 406446, l1 norm : 131584.00813865662
Epoch 47, min : 0.0, max : 0.3976666033267975
This epoch duration :2147.9469130039215
Epoch 47, val-method base, validation accuracy 89.45999908447266, best_prec 89.45999908447266
Epoch 48, l0 norm : 406446, l1 norm : 131412.96722126007
Epoch 48, min : 0.0, max : 0.39674803614616394
This epoch duration :2148.2899532318115
Epoch 48, val-method base, validation accuracy 88.61000061035156, best_prec 89.45999908447266
Epoch 49, l0 norm : 406446, l1 norm : 131280.74146270752
Epoch 49, min : 0.0, max : 0.39666053652763367
This epoch duration :2152.3504705429077
Epoch 49, val-method base, validation accuracy 88.40999603271484, best_prec 89.45999908447266
Epoch 50, l0 norm : 406446, l1 norm : 131185.08068847656
Epoch 50, min : 0.0, max : 0.39488446712493896
This epoch duration :2155.0659425258636
Epoch 50, val-method base, validation accuracy 88.45999908447266, best_prec 89.45999908447266
Epoch 51, l0 norm : 406446, l1 norm : 131123.27728176117
Epoch 51, min : 0.0, max : 0.395828515291214
This epoch duration :2155.767641544342
Epoch 51, val-method base, validation accuracy 89.3499984741211, best_prec 89.45999908447266
Epoch 52, l0 norm : 406446, l1 norm : 131097.25562095642
Epoch 52, min : 0.0, max : 0.39558467268943787
This epoch duration :2154.718861579895
Epoch 52, val-method base, validation accuracy 89.66999816894531, best_prec 89.66999816894531
Epoch 53, l0 norm : 406446, l1 norm : 131106.71650409698
Epoch 53, min : 0.0, max : 0.39505448937416077
This epoch duration :2147.433406352997
Epoch 53, val-method base, validation accuracy 88.25, best_prec 89.66999816894531
Epoch 54, l0 norm : 406446, l1 norm : 131154.5458831787
Epoch 54, min : 0.0, max : 0.3944222927093506
This epoch duration :2148.254962205887
Epoch 54, val-method base, validation accuracy 89.52999877929688, best_prec 89.66999816894531
Epoch 55, l0 norm : 406446, l1 norm : 131236.21913528442
Epoch 55, min : 0.0, max : 0.39311784505844116
This epoch duration :2147.878719806671
Epoch 55, val-method base, validation accuracy 89.48999786376953, best_prec 89.66999816894531
Epoch 56, l0 norm : 406446, l1 norm : 131349.72058677673
Epoch 56, min : 0.0, max : 0.3942390978336334
This epoch duration :2148.0313358306885
Epoch 56, val-method base, validation accuracy 89.65999603271484, best_prec 89.66999816894531
Epoch 57, l0 norm : 406446, l1 norm : 131496.77042007446
Epoch 57, min : 0.0, max : 0.39503568410873413
This epoch duration :2147.811410665512
Epoch 57, val-method base, validation accuracy 89.5999984741211, best_prec 89.66999816894531
Epoch 58, l0 norm : 406446, l1 norm : 131676.21115493774
Epoch 58, min : 0.0, max : 0.3961086869239807
This epoch duration :2147.9665899276733
Epoch 58, val-method base, validation accuracy 89.75999450683594, best_prec 89.75999450683594
Epoch 59, l0 norm : 406446, l1 norm : 131887.4651412964
Epoch 59, min : 0.0, max : 0.3971499800682068
This epoch duration :2148.009347677231
Epoch 59, val-method base, validation accuracy 89.82999420166016, best_prec 89.82999420166016
Epoch 60, l0 norm : 406446, l1 norm : 132128.50231552124
Epoch 60, min : 0.0, max : 0.39859387278556824
This epoch duration :2148.538624048233
Epoch 60, val-method base, validation accuracy 90.32999420166016, best_prec 90.32999420166016
Epoch 61, l0 norm : 406446, l1 norm : 132403.32088279724
Epoch 61, min : 0.0, max : 0.40048840641975403
This epoch duration :2148.0981221199036
Epoch 61, val-method base, validation accuracy 90.25999450683594, best_prec 90.32999420166016
Epoch 62, l0 norm : 406446, l1 norm : 132707.60123634338
Epoch 62, min : 0.0, max : 0.4028263986110687
This epoch duration :2148.9059941768646
Epoch 62, val-method base, validation accuracy 90.41999816894531, best_prec 90.41999816894531
Epoch 63, l0 norm : 406446, l1 norm : 133039.42156219482
Epoch 63, min : 0.0, max : 0.4040650725364685
This epoch duration :2147.7586119174957
Epoch 63, val-method base, validation accuracy 90.19999694824219, best_prec 90.41999816894531
Epoch 64, l0 norm : 406446, l1 norm : 133400.38691711426
Epoch 64, min : 0.0, max : 0.40522730350494385
This epoch duration :2148.3683252334595
Epoch 64, val-method base, validation accuracy 90.3699951171875, best_prec 90.41999816894531
Epoch 65, l0 norm : 406446, l1 norm : 133788.60474586487
Epoch 65, min : 0.0, max : 0.40678197145462036
This epoch duration :2148.569042444229
Epoch 65, val-method base, validation accuracy 90.43999481201172, best_prec 90.43999481201172
Epoch 66, l0 norm : 406446, l1 norm : 134206.32243347168
Epoch 66, min : 0.0, max : 0.4091941714286804
This epoch duration :2148.534811735153
Epoch 66, val-method base, validation accuracy 89.88999938964844, best_prec 90.43999481201172
Epoch 67, l0 norm : 406446, l1 norm : 134650.5766735077
Epoch 67, min : 0.0, max : 0.41090431809425354
This epoch duration :2150.6219305992126
Epoch 67, val-method base, validation accuracy 90.22999572753906, best_prec 90.43999481201172
Epoch 68, l0 norm : 406446, l1 norm : 135120.87865066528
Epoch 68, min : 0.0, max : 0.4133557379245758
This epoch duration :2155.7503027915955
Epoch 68, val-method base, validation accuracy 90.2699966430664, best_prec 90.43999481201172
Epoch 69, l0 norm : 406446, l1 norm : 135619.88042259216
Epoch 69, min : 0.0, max : 0.4158352017402649
This epoch duration :2155.339670419693
Epoch 69, val-method base, validation accuracy 90.43000030517578, best_prec 90.43999481201172
Epoch 70, l0 norm : 406446, l1 norm : 136140.12352371216
Epoch 70, min : 0.0, max : 0.41820162534713745
This epoch duration :2154.5735342502594
Epoch 70, val-method base, validation accuracy 90.43000030517578, best_prec 90.43999481201172
Epoch 71, l0 norm : 406446, l1 norm : 136685.2151556015
Epoch 71, min : 0.0, max : 0.42062196135520935
This epoch duration :2150.5452032089233
Epoch 71, val-method base, validation accuracy 90.86000061035156, best_prec 90.86000061035156
Epoch 72, l0 norm : 406446, l1 norm : 137253.54876708984
Epoch 72, min : 0.0, max : 0.4227280020713806
This epoch duration :2150.505352973938
Epoch 72, val-method base, validation accuracy 90.88999938964844, best_prec 90.88999938964844
Epoch 73, l0 norm : 406446, l1 norm : 137838.35991859436
Epoch 73, min : 0.0, max : 0.4245024621486664
This epoch duration :2151.088993549347
Epoch 73, val-method base, validation accuracy 90.80999755859375, best_prec 90.88999938964844
Epoch 74, l0 norm : 406446, l1 norm : 138444.94005584717
Epoch 74, min : 0.0, max : 0.42754602432250977
This epoch duration :2150.6415116786957
Epoch 74, val-method base, validation accuracy 90.80999755859375, best_prec 90.88999938964844
Epoch 75, l0 norm : 406446, l1 norm : 139072.3452835083
Epoch 75, min : 0.0, max : 0.4303337335586548
This epoch duration :2151.092382669449
Epoch 75, val-method base, validation accuracy 91.18999481201172, best_prec 91.18999481201172
Epoch 76, l0 norm : 406446, l1 norm : 139717.18186855316
Epoch 76, min : 0.0, max : 0.4340731203556061
This epoch duration :2151.6183698177338
Epoch 76, val-method base, validation accuracy 91.41999816894531, best_prec 91.41999816894531
Epoch 77, l0 norm : 406446, l1 norm : 140377.6394739151
Epoch 77, min : 0.0, max : 0.4366619884967804
This epoch duration :2151.188657283783
Epoch 77, val-method base, validation accuracy 91.44999694824219, best_prec 91.44999694824219
Epoch 78, l0 norm : 406446, l1 norm : 141058.08411884308
Epoch 78, min : 0.0, max : 0.4390074610710144
This epoch duration :2152.5783081054688
Epoch 78, val-method base, validation accuracy 91.18999481201172, best_prec 91.44999694824219
Epoch 79, l0 norm : 406446, l1 norm : 141753.58521556854
Epoch 79, min : 0.0, max : 0.44241422414779663
This epoch duration :2151.0673775672913
Epoch 79, val-method base, validation accuracy 91.07999420166016, best_prec 91.44999694824219
Epoch 80, l0 norm : 406446, l1 norm : 142465.90497207642
Epoch 80, min : 0.0, max : 0.4453924000263214
This epoch duration :2151.90399312973
Epoch 80, val-method base, validation accuracy 91.29000091552734, best_prec 91.44999694824219
Epoch 81, l0 norm : 406446, l1 norm : 143186.11863040924
Epoch 81, min : 0.0, max : 0.4484470784664154
This epoch duration :2150.31551194191
Epoch 81, val-method base, validation accuracy 91.07999420166016, best_prec 91.44999694824219
Epoch 82, l0 norm : 406446, l1 norm : 143921.12661457062
Epoch 82, min : 0.0, max : 0.451887309551239
This epoch duration :2151.1433906555176
Epoch 82, val-method base, validation accuracy 91.5, best_prec 91.5
Epoch 83, l0 norm : 406446, l1 norm : 144664.3500480652
Epoch 83, min : 0.0, max : 0.45557472109794617
This epoch duration :2150.689277648926
Epoch 83, val-method base, validation accuracy 91.56999969482422, best_prec 91.56999969482422
Epoch 84, l0 norm : 406446, l1 norm : 145420.57840538025
Epoch 84, min : 0.0, max : 0.4588245749473572
This epoch duration :2150.9378259181976
Epoch 84, val-method base, validation accuracy 91.40999603271484, best_prec 91.56999969482422
Epoch 85, l0 norm : 406446, l1 norm : 146185.7999534607
Epoch 85, min : 0.0, max : 0.46237242221832275
This epoch duration :2151.023890018463
Epoch 85, val-method base, validation accuracy 91.58999633789062, best_prec 91.58999633789062
Epoch 86, l0 norm : 406446, l1 norm : 146958.57978248596
Epoch 86, min : 0.0, max : 0.4654996693134308
This epoch duration :2150.538914203644
Epoch 86, val-method base, validation accuracy 91.55999755859375, best_prec 91.58999633789062
Epoch 87, l0 norm : 406446, l1 norm : 147734.94144439697
Epoch 87, min : 0.0, max : 0.4691447615623474
This epoch duration :2151.4797987937927
Epoch 87, val-method base, validation accuracy 91.64999389648438, best_prec 91.64999389648438
Epoch 88, l0 norm : 406446, l1 norm : 148520.260969162
Epoch 88, min : 0.0, max : 0.4729425609111786
This epoch duration :2152.6108248233795
Epoch 88, val-method base, validation accuracy 91.68000030517578, best_prec 91.68000030517578
Epoch 89, l0 norm : 406446, l1 norm : 149307.0134820938
Epoch 89, min : 0.0, max : 0.47693660855293274
This epoch duration :2150.331730365753
Epoch 89, val-method base, validation accuracy 91.65999603271484, best_prec 91.68000030517578
Epoch 90, l0 norm : 406446, l1 norm : 150100.77608299255
Epoch 90, min : 0.0, max : 0.4803885221481323
This epoch duration :2150.0622169971466
Epoch 90, val-method base, validation accuracy 91.57999420166016, best_prec 91.68000030517578
Epoch 91, l0 norm : 406446, l1 norm : 150896.43857097626
Epoch 91, min : 0.0, max : 0.4832010269165039
This epoch duration :2150.0621197223663
Epoch 91, val-method base, validation accuracy 91.75999450683594, best_prec 91.75999450683594
Epoch 92, l0 norm : 406446, l1 norm : 151693.75139808655
Epoch 92, min : 0.0, max : 0.48622775077819824
This epoch duration :2150.22545003891
Epoch 92, val-method base, validation accuracy 91.56999969482422, best_prec 91.75999450683594
Epoch 93, l0 norm : 406446, l1 norm : 152486.63438034058
Epoch 93, min : 0.0, max : 0.48841196298599243
This epoch duration :2150.125413417816
Epoch 93, val-method base, validation accuracy 91.65999603271484, best_prec 91.75999450683594
Epoch 94, l0 norm : 406446, l1 norm : 153280.1585264206
Epoch 94, min : 0.0, max : 0.49107468128204346
This epoch duration :2151.3829696178436
Epoch 94, val-method base, validation accuracy 91.25999450683594, best_prec 91.75999450683594
Epoch 95, l0 norm : 406446, l1 norm : 154067.06308746338
Epoch 95, min : 0.0, max : 0.49455875158309937
This epoch duration :2150.7353987693787
Epoch 95, val-method base, validation accuracy 91.44999694824219, best_prec 91.75999450683594
Epoch 96, l0 norm : 406446, l1 norm : 154850.48579597473
Epoch 96, min : 0.0, max : 0.4984086751937866
This epoch duration :2150.748498916626
Epoch 96, val-method base, validation accuracy 91.5, best_prec 91.75999450683594
Epoch 97, l0 norm : 406446, l1 norm : 155624.97028541565
Epoch 97, min : 0.0, max : 0.5015074610710144
This epoch duration :2150.954437017441
Epoch 97, val-method base, validation accuracy 91.37999725341797, best_prec 91.75999450683594
Epoch 98, l0 norm : 406446, l1 norm : 156389.23863220215
Epoch 98, min : 0.0, max : 0.5046936273574829
This epoch duration :2150.4684205055237
Epoch 98, val-method base, validation accuracy 91.32999420166016, best_prec 91.75999450683594
Epoch 99, l0 norm : 406446, l1 norm : 157143.77802181244
Epoch 99, min : 0.0, max : 0.507200300693512
This epoch duration :1718.8856737613678
Epoch 99, val-method base, validation accuracy 91.19999694824219, best_prec 91.75999450683594
