Namespace(configs='configs/CIFAR10/pen_bip_3.yml', result_dir='./trained_models', exp_name='RC_pb3_l5k04', exp_mode='prune', arch='resnet18', num_classes=10, layer_type='unstructured', k=0.4, lambd=0.99999, alpha=1.0, scaled_score_init=True, scale_rand_init=False, freeze_bn=False, source_net='trained_models/CIFAR10_resnet18_Pretrain/pretrain/latest_exp/checkpoint/model_best.pth.tar', scores_init_type=None, dataset='CIFAR10', batch_size=128, num_workers=2, test_batch_size=128, normalize=True, data_dir='./data', image_dim=32, trainer='penalized_bilevel_3', epochs=100, optimizer='sgd', wd=0.0001, mask_lr=0.1, lr=0.1, mask_lr_schedule='step', lr_schedule='cosine', momentum=0.9, warmup_epochs=0, warmup_lr=0.1, save_dense=False, evaluate=False, val_method='base', resume='', seed=1234, print_freq=100, lr2=0.0001, accelerate=False)
=> loading source model from 'trained_models/CIFAR10_resnet18_Pretrain/pretrain/latest_exp/checkpoint/model_best.pth.tar'
=> loaded checkpoint 'trained_models/CIFAR10_resnet18_Pretrain/pretrain/latest_exp/checkpoint/model_best.pth.tar'
Epoch 0, l0 norm : 3742907, l1 norm : 2818072.143371582
Epoch 0, min : 0.0, max : 0.9871258735656738
This epoch duration :2421.1815099716187
Epoch 0, val-method base, validation accuracy 37.869998931884766, best_prec 37.869998931884766
Epoch 1, l0 norm : 3742907, l1 norm : 2777338.0171203613
Epoch 1, min : 0.0, max : 0.9744598865509033
This epoch duration :2405.725702047348
Epoch 1, val-method base, validation accuracy 44.68000030517578, best_prec 44.68000030517578
Epoch 2, l0 norm : 3742907, l1 norm : 2732564.953491211
Epoch 2, min : 0.0, max : 0.9620466828346252
This epoch duration :2405.3484551906586
Epoch 2, val-method base, validation accuracy 50.73999786376953, best_prec 50.73999786376953
Epoch 3, l0 norm : 3742907, l1 norm : 2684297.9570617676
Epoch 3, min : 0.0, max : 0.9498899579048157
This epoch duration :2406.3231859207153
Epoch 3, val-method base, validation accuracy 56.13999938964844, best_prec 56.13999938964844
Epoch 4, l0 norm : 3742907, l1 norm : 2634236.1748657227
Epoch 4, min : 0.0, max : 0.9379942417144775
This epoch duration :2405.5296483039856
Epoch 4, val-method base, validation accuracy 60.81999969482422, best_prec 60.81999969482422
Epoch 5, l0 norm : 3742907, l1 norm : 2584256.668029785
Epoch 5, min : 0.0, max : 0.926362931728363
This epoch duration :2407.581966638565
Epoch 5, val-method base, validation accuracy 63.63999938964844, best_prec 63.63999938964844
Epoch 6, l0 norm : 3742907, l1 norm : 2535059.732116699
Epoch 6, min : 0.0, max : 0.9149988889694214
This epoch duration :2408.3103878498077
Epoch 6, val-method base, validation accuracy 64.18999481201172, best_prec 64.18999481201172
Epoch 7, l0 norm : 3742907, l1 norm : 2486930.9884643555
Epoch 7, min : 0.0, max : 0.9039047956466675
This epoch duration :2408.434140443802
Epoch 7, val-method base, validation accuracy 67.33999633789062, best_prec 67.33999633789062
Epoch 8, l0 norm : 3742907, l1 norm : 2439916.8464660645
Epoch 8, min : 0.0, max : 0.8930832147598267
This epoch duration :2407.35710477829
Epoch 8, val-method base, validation accuracy 69.1199951171875, best_prec 69.1199951171875
Epoch 9, l0 norm : 3742907, l1 norm : 2394367.4156799316
Epoch 9, min : 0.0, max : 0.8825358152389526
This epoch duration :2409.537449836731
Epoch 9, val-method base, validation accuracy 71.61000061035156, best_prec 71.61000061035156
Epoch 10, l0 norm : 3742907, l1 norm : 2350341.706176758
Epoch 10, min : 0.0, max : 0.8722634315490723
This epoch duration :2407.8168902397156
Epoch 10, val-method base, validation accuracy 73.02999877929688, best_prec 73.02999877929688
Epoch 11, l0 norm : 3742907, l1 norm : 2307999.086364746
Epoch 11, min : 0.0, max : 0.8622668981552124
This epoch duration :2406.3984620571136
Epoch 11, val-method base, validation accuracy 75.6199951171875, best_prec 75.6199951171875
Epoch 12, l0 norm : 3742907, l1 norm : 2267194.618774414
Epoch 12, min : 0.0, max : 0.8525470495223999
This epoch duration :2405.7601070404053
Epoch 12, val-method base, validation accuracy 74.2699966430664, best_prec 75.6199951171875
Epoch 13, l0 norm : 3742907, l1 norm : 2227933.820007324
Epoch 13, min : 0.0, max : 0.8431037068367004
This epoch duration :2405.0800366401672
Epoch 13, val-method base, validation accuracy 78.75, best_prec 78.75
Epoch 14, l0 norm : 3742907, l1 norm : 2190106.8862609863
Epoch 14, min : 0.0, max : 0.8339367508888245
This epoch duration :2404.291695356369
Epoch 14, val-method base, validation accuracy 77.55999755859375, best_prec 78.75
Epoch 15, l0 norm : 3742907, l1 norm : 2153813.0072021484
Epoch 15, min : 0.0, max : 0.8250459432601929
This epoch duration :2403.2826104164124
Epoch 15, val-method base, validation accuracy 78.98999786376953, best_prec 78.98999786376953
Epoch 16, l0 norm : 3742907, l1 norm : 2118920.0054626465
Epoch 16, min : 0.0, max : 0.8164296746253967
This epoch duration :2405.5471618175507
Epoch 16, val-method base, validation accuracy 77.80999755859375, best_prec 78.98999786376953
Epoch 17, l0 norm : 3742907, l1 norm : 2085376.2057800293
Epoch 17, min : 0.0, max : 0.8080877661705017
This epoch duration :2406.1086237430573
Epoch 17, val-method base, validation accuracy 80.20999908447266, best_prec 80.20999908447266
Epoch 18, l0 norm : 3742907, l1 norm : 2053151.150680542
Epoch 18, min : 0.0, max : 0.8000186085700989
This epoch duration :2403.1060316562653
Epoch 18, val-method base, validation accuracy 82.25999450683594, best_prec 82.25999450683594
Epoch 19, l0 norm : 3742907, l1 norm : 2022086.9835357666
Epoch 19, min : 0.0, max : 0.7922207713127136
This epoch duration :2404.2994911670685
Epoch 19, val-method base, validation accuracy 81.98999786376953, best_prec 82.25999450683594
Epoch 20, l0 norm : 3742907, l1 norm : 1992200.9359283447
Epoch 20, min : 0.0, max : 0.7846932411193848
This epoch duration :2404.094415664673
Epoch 20, val-method base, validation accuracy 82.50999450683594, best_prec 82.50999450683594
Epoch 21, l0 norm : 3742907, l1 norm : 1963367.4363708496
Epoch 21, min : 0.0, max : 0.7774331569671631
This epoch duration :2403.8010652065277
Epoch 21, val-method base, validation accuracy 83.11000061035156, best_prec 83.11000061035156
Epoch 22, l0 norm : 3742907, l1 norm : 1935624.6820983887
Epoch 22, min : 0.0, max : 0.7704387307167053
This epoch duration :2405.3073070049286
Epoch 22, val-method base, validation accuracy 83.18999481201172, best_prec 83.18999481201172
Epoch 23, l0 norm : 3742907, l1 norm : 1908851.785949707
Epoch 23, min : 0.0, max : 0.7637078762054443
This epoch duration :2403.2460491657257
Epoch 23, val-method base, validation accuracy 83.54000091552734, best_prec 83.54000091552734
Epoch 24, l0 norm : 3742907, l1 norm : 1883136.735168457
Epoch 24, min : 0.0, max : 0.757239043712616
This epoch duration :2404.039689540863
Epoch 24, val-method base, validation accuracy 82.79999542236328, best_prec 83.54000091552734
Epoch 25, l0 norm : 3742907, l1 norm : 1858328.3375854492
Epoch 25, min : 0.0, max : 0.7510285973548889
This epoch duration :2405.3263285160065
Epoch 25, val-method base, validation accuracy 84.2699966430664, best_prec 84.2699966430664
Epoch 26, l0 norm : 3742907, l1 norm : 1834474.178604126
Epoch 26, min : 0.0, max : 0.7450751066207886
This epoch duration :2404.455735683441
Epoch 26, val-method base, validation accuracy 84.5199966430664, best_prec 84.5199966430664
Epoch 27, l0 norm : 3742907, l1 norm : 1811513.2163391113
Epoch 27, min : 0.0, max : 0.739375650882721
This epoch duration :2404.2709033489227
Epoch 27, val-method base, validation accuracy 84.29000091552734, best_prec 84.5199966430664
Epoch 28, l0 norm : 3742907, l1 norm : 1789427.561920166
Epoch 28, min : 0.0, max : 0.7339282631874084
This epoch duration :2403.313801765442
Epoch 28, val-method base, validation accuracy 85.22000122070312, best_prec 85.22000122070312
Epoch 29, l0 norm : 3742907, l1 norm : 1768087.0947875977
Epoch 29, min : 0.0, max : 0.7287293076515198
This epoch duration :2420.096369743347
Epoch 29, val-method base, validation accuracy 86.48999786376953, best_prec 86.48999786376953
Epoch 30, l0 norm : 3742907, l1 norm : 1747595.7957611084
Epoch 30, min : 0.0, max : 0.7237764000892639
This epoch duration :2433.2445368766785
Epoch 30, val-method base, validation accuracy 85.98999786376953, best_prec 86.48999786376953
Epoch 31, l0 norm : 3742907, l1 norm : 1727895.6115570068
Epoch 31, min : 0.0, max : 0.7190676331520081
This epoch duration :2431.973352432251
Epoch 31, val-method base, validation accuracy 85.15999603271484, best_prec 86.48999786376953
Epoch 32, l0 norm : 3742907, l1 norm : 1708996.7007141113
Epoch 32, min : 0.0, max : 0.7145993113517761
This epoch duration :2431.304587364197
Epoch 32, val-method base, validation accuracy 85.13999938964844, best_prec 86.48999786376953
Epoch 33, l0 norm : 3742907, l1 norm : 1690846.3157043457
Epoch 33, min : 0.0, max : 0.7103691697120667
This epoch duration :2431.8846600055695
Epoch 33, val-method base, validation accuracy 85.38999938964844, best_prec 86.48999786376953
Epoch 34, l0 norm : 3742907, l1 norm : 1673419.2100524902
Epoch 34, min : 0.0, max : 0.7063747048377991
This epoch duration :2433.6613306999207
Epoch 34, val-method base, validation accuracy 86.68999481201172, best_prec 86.68999481201172
Epoch 35, l0 norm : 3742907, l1 norm : 1656682.0213623047
Epoch 35, min : 0.0, max : 0.7026122212409973
This epoch duration :2432.95458316803
Epoch 35, val-method base, validation accuracy 86.97000122070312, best_prec 86.97000122070312
Epoch 36, l0 norm : 3742907, l1 norm : 1640615.1712036133
Epoch 36, min : 0.0, max : 0.6990800499916077
This epoch duration :2430.381045103073
Epoch 36, val-method base, validation accuracy 87.33999633789062, best_prec 87.33999633789062
Epoch 37, l0 norm : 3742907, l1 norm : 1625284.8712615967
Epoch 37, min : 0.0, max : 0.6957751512527466
This epoch duration :2407.255474090576
Epoch 37, val-method base, validation accuracy 86.75, best_prec 87.33999633789062
Epoch 38, l0 norm : 3742907, l1 norm : 1610624.300567627
Epoch 38, min : 0.0, max : 0.6926953792572021
This epoch duration :2404.6816527843475
Epoch 38, val-method base, validation accuracy 86.5199966430664, best_prec 87.33999633789062
Epoch 39, l0 norm : 3742907, l1 norm : 1596667.978088379
Epoch 39, min : 0.0, max : 0.6898365020751953
This epoch duration :2404.5403048992157
Epoch 39, val-method base, validation accuracy 86.61000061035156, best_prec 87.33999633789062
Epoch 40, l0 norm : 3742907, l1 norm : 1583285.3277282715
Epoch 40, min : 0.0, max : 0.6871964931488037
This epoch duration :2405.8330290317535
Epoch 40, val-method base, validation accuracy 88.06999969482422, best_prec 88.06999969482422
Epoch 41, l0 norm : 3742907, l1 norm : 1570635.6228027344
Epoch 41, min : 0.0, max : 0.6847736239433289
This epoch duration :2404.9142727851868
Epoch 41, val-method base, validation accuracy 87.90999603271484, best_prec 88.06999969482422
Epoch 42, l0 norm : 3742907, l1 norm : 1558595.0580291748
Epoch 42, min : 0.0, max : 0.6825636029243469
This epoch duration :2405.0042085647583
Epoch 42, val-method base, validation accuracy 87.8499984741211, best_prec 88.06999969482422
Epoch 43, l0 norm : 3742907, l1 norm : 1547208.6847991943
Epoch 43, min : 0.0, max : 0.6805644631385803
This epoch duration :2403.779123544693
Epoch 43, val-method base, validation accuracy 87.05999755859375, best_prec 88.06999969482422
Epoch 44, l0 norm : 3742907, l1 norm : 1536312.1866455078
Epoch 44, min : 0.0, max : 0.6787753701210022
This epoch duration :2404.20055603981
Epoch 44, val-method base, validation accuracy 87.81999969482422, best_prec 88.06999969482422
Epoch 45, l0 norm : 3742907, l1 norm : 1526130.2719726562
Epoch 45, min : 0.0, max : 0.6771896481513977
This epoch duration :2407.6938371658325
Epoch 45, val-method base, validation accuracy 88.52999877929688, best_prec 88.52999877929688
Epoch 46, l0 norm : 3742907, l1 norm : 1516553.4332733154
Epoch 46, min : 0.0, max : 0.6758072972297668
This epoch duration :2405.4826276302338
Epoch 46, val-method base, validation accuracy 88.48999786376953, best_prec 88.52999877929688
Epoch 47, l0 norm : 3742907, l1 norm : 1507572.9991760254
Epoch 47, min : 0.0, max : 0.6746261715888977
This epoch duration :2407.756937265396
Epoch 47, val-method base, validation accuracy 88.3499984741211, best_prec 88.52999877929688
Epoch 48, l0 norm : 3742907, l1 norm : 1499197.4499816895
Epoch 48, min : 0.0, max : 0.6736429929733276
This epoch duration :2407.8363885879517
Epoch 48, val-method base, validation accuracy 88.69999694824219, best_prec 88.69999694824219
Epoch 49, l0 norm : 3742907, l1 norm : 1491478.959274292
Epoch 49, min : 0.0, max : 0.6728583574295044
This epoch duration :2406.1923825740814
Epoch 49, val-method base, validation accuracy 88.37999725341797, best_prec 88.69999694824219
Epoch 50, l0 norm : 3742907, l1 norm : 1484396.419342041
Epoch 50, min : 0.0, max : 0.6722628474235535
This epoch duration :2406.6742198467255
Epoch 50, val-method base, validation accuracy 87.75, best_prec 88.69999694824219
Epoch 51, l0 norm : 3742907, l1 norm : 1477611.974395752
Epoch 51, min : 0.0, max : 0.6718539595603943
This epoch duration :2406.0156247615814
Epoch 51, val-method base, validation accuracy 89.58999633789062, best_prec 89.58999633789062
Epoch 52, l0 norm : 3742907, l1 norm : 1471420.6863708496
Epoch 52, min : 0.0, max : 0.6716342568397522
This epoch duration :2406.499633550644
Epoch 52, val-method base, validation accuracy 89.25, best_prec 89.58999633789062
Epoch 53, l0 norm : 3742907, l1 norm : 1465875.1284637451
Epoch 53, min : 0.0, max : 0.6716037392616272
This epoch duration :2406.8516170978546
Epoch 53, val-method base, validation accuracy 88.19999694824219, best_prec 89.58999633789062
Epoch 54, l0 norm : 3742907, l1 norm : 1460883.3663635254
Epoch 54, min : 0.0, max : 0.6717644333839417
This epoch duration :2404.833475112915
Epoch 54, val-method base, validation accuracy 88.86000061035156, best_prec 89.58999633789062
Epoch 55, l0 norm : 3742907, l1 norm : 1456404.368850708
Epoch 55, min : 0.0, max : 0.6720970273017883
This epoch duration :2405.5885627269745
Epoch 55, val-method base, validation accuracy 89.83999633789062, best_prec 89.83999633789062
Epoch 56, l0 norm : 3742907, l1 norm : 1452444.5653686523
Epoch 56, min : 0.0, max : 0.6726017594337463
This epoch duration :2406.39559841156
Epoch 56, val-method base, validation accuracy 89.29000091552734, best_prec 89.83999633789062
Epoch 57, l0 norm : 3742907, l1 norm : 1449004.8813781738
Epoch 57, min : 0.0, max : 0.6732814311981201
This epoch duration :2407.4529905319214
Epoch 57, val-method base, validation accuracy 89.02999877929688, best_prec 89.83999633789062
Epoch 58, l0 norm : 3742907, l1 norm : 1446025.9786071777
Epoch 58, min : 0.0, max : 0.6741353273391724
This epoch duration :2407.62357711792
Epoch 58, val-method base, validation accuracy 90.06999969482422, best_prec 90.06999969482422
Epoch 59, l0 norm : 3742907, l1 norm : 1443571.575012207
Epoch 59, min : 0.0, max : 0.675166130065918
This epoch duration :2402.3620421886444
Epoch 59, val-method base, validation accuracy 89.18999481201172, best_prec 90.06999969482422
Epoch 60, l0 norm : 3742907, l1 norm : 1441505.3696899414
Epoch 60, min : 0.0, max : 0.6763581037521362
This epoch duration :2404.067912340164
Epoch 60, val-method base, validation accuracy 89.91999816894531, best_prec 90.06999969482422
Epoch 61, l0 norm : 3742907, l1 norm : 1439989.3340759277
Epoch 61, min : 0.0, max : 0.6777150630950928
This epoch duration :2405.2834944725037
Epoch 61, val-method base, validation accuracy 90.22000122070312, best_prec 90.22000122070312
Epoch 62, l0 norm : 3742907, l1 norm : 1439013.1772155762
Epoch 62, min : 0.0, max : 0.6792336702346802
This epoch duration :2404.9106221199036
Epoch 62, val-method base, validation accuracy 89.79999542236328, best_prec 90.22000122070312
Epoch 63, l0 norm : 3742907, l1 norm : 1438473.1474609375
Epoch 63, min : 0.0, max : 0.680908739566803
This epoch duration :2402.871311903
Epoch 63, val-method base, validation accuracy 89.30999755859375, best_prec 90.22000122070312
Epoch 64, l0 norm : 3742907, l1 norm : 1438344.2116241455
Epoch 64, min : 0.0, max : 0.6827387809753418
This epoch duration :2402.763719558716
Epoch 64, val-method base, validation accuracy 89.91999816894531, best_prec 90.22000122070312
Epoch 65, l0 norm : 3742907, l1 norm : 1438540.3881378174
Epoch 65, min : 0.0, max : 0.6847202777862549
This epoch duration :2406.664892911911
Epoch 65, val-method base, validation accuracy 90.54000091552734, best_prec 90.54000091552734
Epoch 66, l0 norm : 3742907, l1 norm : 1439321.5539550781
Epoch 66, min : 0.0, max : 0.6868506073951721
This epoch duration :2404.513282060623
Epoch 66, val-method base, validation accuracy 90.08999633789062, best_prec 90.54000091552734
Epoch 67, l0 norm : 3742907, l1 norm : 1440381.3900756836
Epoch 67, min : 0.0, max : 0.6891250610351562
This epoch duration :2424.5660643577576
Epoch 67, val-method base, validation accuracy 90.16999816894531, best_prec 90.54000091552734
Epoch 68, l0 norm : 3742907, l1 norm : 1441922.6087341309
Epoch 68, min : 0.0, max : 0.6915406584739685
This epoch duration :2431.1063582897186
Epoch 68, val-method base, validation accuracy 90.1199951171875, best_prec 90.54000091552734
Epoch 69, l0 norm : 3742907, l1 norm : 1443828.3578338623
Epoch 69, min : 0.0, max : 0.6940919160842896
This epoch duration :2433.1505086421967
Epoch 69, val-method base, validation accuracy 90.43000030517578, best_prec 90.54000091552734
Epoch 70, l0 norm : 3742907, l1 norm : 1446039.1218261719
Epoch 70, min : 0.0, max : 0.6967814564704895
This epoch duration :2414.7435400485992
Epoch 70, val-method base, validation accuracy 89.73999786376953, best_prec 90.54000091552734
Epoch 71, l0 norm : 3742907, l1 norm : 1448639.117614746
Epoch 71, min : 0.0, max : 0.6995996236801147
This epoch duration :2420.92635846138
Epoch 71, val-method base, validation accuracy 89.83999633789062, best_prec 90.54000091552734
Epoch 72, l0 norm : 3742907, l1 norm : 1451528.066833496
Epoch 72, min : 0.0, max : 0.7025408148765564
This epoch duration :2433.44859623909
Epoch 72, val-method base, validation accuracy 90.65999603271484, best_prec 90.65999603271484
Epoch 73, l0 norm : 3742907, l1 norm : 1454765.9591064453
Epoch 73, min : 0.0, max : 0.7056037783622742
This epoch duration :2436.145854949951
Epoch 73, val-method base, validation accuracy 91.08999633789062, best_prec 91.08999633789062
Epoch 74, l0 norm : 3742907, l1 norm : 1458298.4824371338
Epoch 74, min : 0.0, max : 0.7087807059288025
This epoch duration :2415.5426902770996
Epoch 74, val-method base, validation accuracy 90.37999725341797, best_prec 91.08999633789062
Epoch 75, l0 norm : 3742907, l1 norm : 1461986.4426727295
Epoch 75, min : 0.0, max : 0.7120702266693115
This epoch duration :2409.350545167923
Epoch 75, val-method base, validation accuracy 91.06999969482422, best_prec 91.08999633789062
Epoch 76, l0 norm : 3742907, l1 norm : 1466014.3257598877
Epoch 76, min : 0.0, max : 0.7154667973518372
This epoch duration :2410.754935503006
Epoch 76, val-method base, validation accuracy 91.11000061035156, best_prec 91.11000061035156
Epoch 77, l0 norm : 3742907, l1 norm : 1470372.4348602295
Epoch 77, min : 0.0, max : 0.7189657092094421
This epoch duration :2407.346424341202
Epoch 77, val-method base, validation accuracy 90.95999908447266, best_prec 91.11000061035156
Epoch 78, l0 norm : 3742907, l1 norm : 1474918.572113037
Epoch 78, min : 0.0, max : 0.7225605249404907
This epoch duration :2405.6917572021484
Epoch 78, val-method base, validation accuracy 91.04000091552734, best_prec 91.11000061035156
Epoch 79, l0 norm : 3742907, l1 norm : 1479596.0551605225
Epoch 79, min : 0.0, max : 0.7262445688247681
This epoch duration :2405.459077358246
Epoch 79, val-method base, validation accuracy 91.48999786376953, best_prec 91.48999786376953
Epoch 80, l0 norm : 3742907, l1 norm : 1484656.1467437744
Epoch 80, min : 0.0, max : 0.7300154566764832
This epoch duration :2407.8399522304535
Epoch 80, val-method base, validation accuracy 91.00999450683594, best_prec 91.48999786376953
Epoch 81, l0 norm : 3742907, l1 norm : 1489740.0541381836
Epoch 81, min : 0.0, max : 0.7338649034500122
This epoch duration :2407.952370405197
Epoch 81, val-method base, validation accuracy 91.40999603271484, best_prec 91.48999786376953
Epoch 82, l0 norm : 3742907, l1 norm : 1495026.7562713623
Epoch 82, min : 0.0, max : 0.7377775311470032
This epoch duration :2404.0571825504303
Epoch 82, val-method base, validation accuracy 91.5999984741211, best_prec 91.5999984741211
Epoch 83, l0 norm : 3742907, l1 norm : 1500284.7967529297
Epoch 83, min : 0.0, max : 0.7417574524879456
This epoch duration :2407.4890739917755
Epoch 83, val-method base, validation accuracy 91.45999908447266, best_prec 91.5999984741211
Epoch 84, l0 norm : 3742907, l1 norm : 1505818.595489502
Epoch 84, min : 0.0, max : 0.7457944750785828
This epoch duration :2406.2013041973114
Epoch 84, val-method base, validation accuracy 91.37999725341797, best_prec 91.5999984741211
Epoch 85, l0 norm : 3742907, l1 norm : 1511605.838394165
Epoch 85, min : 0.0, max : 0.7498816251754761
This epoch duration :2407.479439496994
Epoch 85, val-method base, validation accuracy 91.43000030517578, best_prec 91.5999984741211
Epoch 86, l0 norm : 3742907, l1 norm : 1517308.7053222656
Epoch 86, min : 0.0, max : 0.7540091872215271
This epoch duration :2407.776162624359
Epoch 86, val-method base, validation accuracy 91.50999450683594, best_prec 91.5999984741211
Epoch 87, l0 norm : 3742907, l1 norm : 1523026.7675476074
Epoch 87, min : 0.0, max : 0.7581832408905029
This epoch duration :2408.708060503006
Epoch 87, val-method base, validation accuracy 91.61000061035156, best_prec 91.61000061035156
Epoch 88, l0 norm : 3742907, l1 norm : 1528924.3432312012
Epoch 88, min : 0.0, max : 0.7623813152313232
This epoch duration :2409.4783895015717
Epoch 88, val-method base, validation accuracy 91.6199951171875, best_prec 91.6199951171875
Epoch 89, l0 norm : 3742907, l1 norm : 1534964.3890686035
Epoch 89, min : 0.0, max : 0.7665954828262329
This epoch duration :2409.429783821106
Epoch 89, val-method base, validation accuracy 91.36000061035156, best_prec 91.6199951171875
Epoch 90, l0 norm : 3742907, l1 norm : 1541154.8322143555
Epoch 90, min : 0.0, max : 0.7708207964897156
This epoch duration :2407.734630346298
Epoch 90, val-method base, validation accuracy 91.45999908447266, best_prec 91.6199951171875
Epoch 91, l0 norm : 3742907, l1 norm : 1547329.5869903564
Epoch 91, min : 0.0, max : 0.7750382423400879
This epoch duration :2408.1690304279327
Epoch 91, val-method base, validation accuracy 91.41999816894531, best_prec 91.6199951171875
Epoch 92, l0 norm : 3742907, l1 norm : 1553718.1048431396
Epoch 92, min : 0.0, max : 0.7792506814002991
This epoch duration :2409.233401298523
Epoch 92, val-method base, validation accuracy 91.54000091552734, best_prec 91.6199951171875
Epoch 93, l0 norm : 3742907, l1 norm : 1560103.7044067383
Epoch 93, min : 0.0, max : 0.783437967300415
This epoch duration :2408.240745306015
Epoch 93, val-method base, validation accuracy 91.3499984741211, best_prec 91.6199951171875
Epoch 94, l0 norm : 3742907, l1 norm : 1566766.7662353516
Epoch 94, min : 0.0, max : 0.7876038551330566
This epoch duration :2408.6355662345886
Epoch 94, val-method base, validation accuracy 91.54000091552734, best_prec 91.6199951171875
Epoch 95, l0 norm : 3742907, l1 norm : 1573451.5102233887
Epoch 95, min : 0.0, max : 0.7917290329933167
This epoch duration :2408.6286532878876
Epoch 95, val-method base, validation accuracy 91.29999542236328, best_prec 91.6199951171875
Epoch 96, l0 norm : 3742907, l1 norm : 1580230.3828430176
Epoch 96, min : 0.0, max : 0.7958168983459473
This epoch duration :2409.0368490219116
Epoch 96, val-method base, validation accuracy 91.31999969482422, best_prec 91.6199951171875
Epoch 97, l0 norm : 3742907, l1 norm : 1587050.993774414
Epoch 97, min : 0.0, max : 0.7998473048210144
This epoch duration :2408.8944296836853
Epoch 97, val-method base, validation accuracy 91.25, best_prec 91.6199951171875
Epoch 98, l0 norm : 3742907, l1 norm : 1594092.388015747
Epoch 98, min : 0.0, max : 0.8038007616996765
This epoch duration :2152.00718665123
Epoch 98, val-method base, validation accuracy 91.32999420166016, best_prec 91.6199951171875
Epoch 99, l0 norm : 3742907, l1 norm : 1601055.892868042
Epoch 99, min : 0.0, max : 0.8076822757720947
This epoch duration :1255.820554971695
Epoch 99, val-method base, validation accuracy 91.1199951171875, best_prec 91.6199951171875
