Namespace(configs='configs/CIFAR10/pen_bip_3.yml', result_dir='./trained_models', exp_name='RC_pb3_l8k02', exp_mode='prune', arch='resnet18', num_classes=10, layer_type='unstructured', k=0.2, lambd=0.99999999, alpha=1.0, scaled_score_init=True, scale_rand_init=False, freeze_bn=False, source_net='trained_models/CIFAR10_resnet18_Pretrain/pretrain/latest_exp/checkpoint/model_best.pth.tar', scores_init_type=None, dataset='CIFAR10', batch_size=128, num_workers=2, test_batch_size=128, normalize=True, data_dir='./data', image_dim=32, trainer='penalized_bilevel_3', epochs=100, optimizer='sgd', wd=0.0001, mask_lr=0.1, lr=0.1, mask_lr_schedule='step', lr_schedule='cosine', momentum=0.9, warmup_epochs=0, warmup_lr=0.1, save_dense=False, evaluate=False, val_method='base', resume='', seed=1234, print_freq=100, lr2=0.0001, accelerate=False)
=> loading source model from 'trained_models/CIFAR10_resnet18_Pretrain/pretrain/latest_exp/checkpoint/model_best.pth.tar'
=> loaded checkpoint 'trained_models/CIFAR10_resnet18_Pretrain/pretrain/latest_exp/checkpoint/model_best.pth.tar'
Epoch 0, l0 norm : 1185191, l1 norm : 592799.2662658691
Epoch 0, min : 0.0, max : 0.9871258735656738
This epoch duration :1763.5415725708008
Epoch 0, val-method base, validation accuracy 33.2599983215332, best_prec 33.2599983215332
Epoch 1, l0 norm : 1185191, l1 norm : 585229.5554656982
Epoch 1, min : 0.0, max : 0.9744598865509033
This epoch duration :2301.5284311771393
Epoch 1, val-method base, validation accuracy 44.119998931884766, best_prec 44.119998931884766
Epoch 2, l0 norm : 1185191, l1 norm : 577563.66065979
Epoch 2, min : 0.0, max : 0.9620466828346252
This epoch duration :2242.576058626175
Epoch 2, val-method base, validation accuracy 50.2599983215332, best_prec 50.2599983215332
Epoch 3, l0 norm : 1185191, l1 norm : 569777.7777862549
Epoch 3, min : 0.0, max : 0.9498899579048157
This epoch duration :2240.12091755867
Epoch 3, val-method base, validation accuracy 58.64999771118164, best_prec 58.64999771118164
Epoch 4, l0 norm : 1185191, l1 norm : 562333.8222808838
Epoch 4, min : 0.0, max : 0.9379942417144775
This epoch duration :2242.9653668403625
Epoch 4, val-method base, validation accuracy 56.939998626708984, best_prec 58.64999771118164
Epoch 5, l0 norm : 1185191, l1 norm : 555125.4744873047
Epoch 5, min : 0.0, max : 0.926362931728363
This epoch duration :2242.8658323287964
Epoch 5, val-method base, validation accuracy 64.29000091552734, best_prec 64.29000091552734
Epoch 6, l0 norm : 1185191, l1 norm : 548145.290435791
Epoch 6, min : 0.0, max : 0.9149988889694214
This epoch duration :2241.7989315986633
Epoch 6, val-method base, validation accuracy 64.7699966430664, best_prec 64.7699966430664
Epoch 7, l0 norm : 1185191, l1 norm : 541361.768737793
Epoch 7, min : 0.0, max : 0.9039047956466675
This epoch duration :2243.136168241501
Epoch 7, val-method base, validation accuracy 67.72999572753906, best_prec 67.72999572753906
Epoch 8, l0 norm : 1185191, l1 norm : 534726.4066009521
Epoch 8, min : 0.0, max : 0.8930832147598267
This epoch duration :2241.4515681266785
Epoch 8, val-method base, validation accuracy 72.22999572753906, best_prec 72.22999572753906
Epoch 9, l0 norm : 1185191, l1 norm : 528254.3675384521
Epoch 9, min : 0.0, max : 0.8825358152389526
This epoch duration :2242.1814999580383
Epoch 9, val-method base, validation accuracy 73.98999786376953, best_prec 73.98999786376953
Epoch 10, l0 norm : 1185191, l1 norm : 521948.20390319824
Epoch 10, min : 0.0, max : 0.8722634315490723
This epoch duration :2238.255006313324
Epoch 10, val-method base, validation accuracy 75.19999694824219, best_prec 75.19999694824219
Epoch 11, l0 norm : 1185191, l1 norm : 515817.645904541
Epoch 11, min : 0.0, max : 0.8622668981552124
This epoch duration :2240.3823766708374
Epoch 11, val-method base, validation accuracy 75.94999694824219, best_prec 75.94999694824219
Epoch 12, l0 norm : 1185191, l1 norm : 509867.0440597534
Epoch 12, min : 0.0, max : 0.8525470495223999
This epoch duration :2243.1488094329834
Epoch 12, val-method base, validation accuracy 75.77999877929688, best_prec 75.94999694824219
Epoch 13, l0 norm : 1185191, l1 norm : 504107.5773086548
Epoch 13, min : 0.0, max : 0.8431037068367004
This epoch duration :2253.7131497859955
Epoch 13, val-method base, validation accuracy 78.54999542236328, best_prec 78.54999542236328
Epoch 14, l0 norm : 1185191, l1 norm : 498523.13650512695
Epoch 14, min : 0.0, max : 0.8339367508888245
This epoch duration :2296.9932050704956
Epoch 14, val-method base, validation accuracy 78.44999694824219, best_prec 78.54999542236328
Epoch 15, l0 norm : 1185191, l1 norm : 493110.4598617554
Epoch 15, min : 0.0, max : 0.8250459432601929
This epoch duration :2240.5382840633392
Epoch 15, val-method base, validation accuracy 79.87999725341797, best_prec 79.87999725341797
Epoch 16, l0 norm : 1185191, l1 norm : 487873.63986206055
Epoch 16, min : 0.0, max : 0.8164296746253967
This epoch duration :2239.939125776291
Epoch 16, val-method base, validation accuracy 79.11000061035156, best_prec 79.87999725341797
Epoch 17, l0 norm : 1185191, l1 norm : 482803.24884033203
Epoch 17, min : 0.0, max : 0.8080877661705017
This epoch duration :2243.1733915805817
Epoch 17, val-method base, validation accuracy 81.37999725341797, best_prec 81.37999725341797
Epoch 18, l0 norm : 1185191, l1 norm : 477905.3204193115
Epoch 18, min : 0.0, max : 0.8000186085700989
This epoch duration :2239.426048517227
Epoch 18, val-method base, validation accuracy 81.88999938964844, best_prec 81.88999938964844
Epoch 19, l0 norm : 1185191, l1 norm : 473162.81172180176
Epoch 19, min : 0.0, max : 0.7922207713127136
This epoch duration :2241.745390176773
Epoch 19, val-method base, validation accuracy 83.29999542236328, best_prec 83.29999542236328
Epoch 20, l0 norm : 1185191, l1 norm : 468601.4324798584
Epoch 20, min : 0.0, max : 0.7846932411193848
This epoch duration :2241.532811164856
Epoch 20, val-method base, validation accuracy 82.38999938964844, best_prec 83.29999542236328
Epoch 21, l0 norm : 1185191, l1 norm : 464201.3095397949
Epoch 21, min : 0.0, max : 0.7774331569671631
This epoch duration :2242.6648581027985
Epoch 21, val-method base, validation accuracy 83.36000061035156, best_prec 83.36000061035156
Epoch 22, l0 norm : 1185191, l1 norm : 459958.8423614502
Epoch 22, min : 0.0, max : 0.7704387307167053
This epoch duration :1712.7454166412354
Epoch 22, val-method base, validation accuracy 82.98999786376953, best_prec 83.36000061035156
Epoch 23, l0 norm : 1185191, l1 norm : 455879.0753479004
Epoch 23, min : 0.0, max : 0.7637078762054443
This epoch duration :1710.9710009098053
Epoch 23, val-method base, validation accuracy 83.8499984741211, best_prec 83.8499984741211
Epoch 24, l0 norm : 1185191, l1 norm : 451962.1502380371
Epoch 24, min : 0.0, max : 0.757239043712616
This epoch duration :1709.9771392345428
Epoch 24, val-method base, validation accuracy 83.72000122070312, best_prec 83.8499984741211
Epoch 25, l0 norm : 1185191, l1 norm : 448204.6195983887
Epoch 25, min : 0.0, max : 0.7510285973548889
This epoch duration :1710.791595697403
Epoch 25, val-method base, validation accuracy 83.36000061035156, best_prec 83.8499984741211
Epoch 26, l0 norm : 1185191, l1 norm : 444598.8910751343
Epoch 26, min : 0.0, max : 0.7450751066207886
This epoch duration :1710.5281887054443
Epoch 26, val-method base, validation accuracy 84.1500015258789, best_prec 84.1500015258789
Epoch 27, l0 norm : 1185191, l1 norm : 441148.11349487305
Epoch 27, min : 0.0, max : 0.739375650882721
This epoch duration :1710.2303583621979
Epoch 27, val-method base, validation accuracy 84.37999725341797, best_prec 84.37999725341797
Epoch 28, l0 norm : 1185191, l1 norm : 437846.7702102661
Epoch 28, min : 0.0, max : 0.7339282631874084
This epoch duration :1710.2549631595612
Epoch 28, val-method base, validation accuracy 83.7699966430664, best_prec 84.37999725341797
Epoch 29, l0 norm : 1185191, l1 norm : 434691.69749450684
Epoch 29, min : 0.0, max : 0.7287293076515198
This epoch duration :1710.2966754436493
Epoch 29, val-method base, validation accuracy 85.41999816894531, best_prec 85.41999816894531
Epoch 30, l0 norm : 1185191, l1 norm : 431694.3282775879
Epoch 30, min : 0.0, max : 0.7237764000892639
This epoch duration :1710.4980437755585
Epoch 30, val-method base, validation accuracy 85.97000122070312, best_prec 85.97000122070312
Epoch 31, l0 norm : 1185191, l1 norm : 428843.8457107544
Epoch 31, min : 0.0, max : 0.7190676331520081
This epoch duration :1710.3961975574493
Epoch 31, val-method base, validation accuracy 85.47999572753906, best_prec 85.97000122070312
Epoch 32, l0 norm : 1185191, l1 norm : 426143.65840148926
Epoch 32, min : 0.0, max : 0.7145993113517761
This epoch duration :1709.909129858017
Epoch 32, val-method base, validation accuracy 85.61000061035156, best_prec 85.97000122070312
Epoch 33, l0 norm : 1185191, l1 norm : 423588.99771118164
Epoch 33, min : 0.0, max : 0.7103691697120667
This epoch duration :1709.9566912651062
Epoch 33, val-method base, validation accuracy 85.00999450683594, best_prec 85.97000122070312
Epoch 34, l0 norm : 1185191, l1 norm : 421173.826171875
Epoch 34, min : 0.0, max : 0.7063747048377991
This epoch duration :1709.7922739982605
Epoch 34, val-method base, validation accuracy 85.61000061035156, best_prec 85.97000122070312
Epoch 35, l0 norm : 1185191, l1 norm : 418892.9520492554
Epoch 35, min : 0.0, max : 0.7026122212409973
This epoch duration :1710.4182784557343
Epoch 35, val-method base, validation accuracy 86.70999908447266, best_prec 86.70999908447266
Epoch 36, l0 norm : 1185191, l1 norm : 416748.71992492676
Epoch 36, min : 0.0, max : 0.6990800499916077
This epoch duration :1710.3030428886414
Epoch 36, val-method base, validation accuracy 87.32999420166016, best_prec 87.32999420166016
Epoch 37, l0 norm : 1185191, l1 norm : 414745.42568969727
Epoch 37, min : 0.0, max : 0.6957751512527466
This epoch duration :1710.265605211258
Epoch 37, val-method base, validation accuracy 86.48999786376953, best_prec 87.32999420166016
Epoch 38, l0 norm : 1185191, l1 norm : 412881.0517425537
Epoch 38, min : 0.0, max : 0.6926953792572021
This epoch duration :1709.4250166416168
Epoch 38, val-method base, validation accuracy 86.18999481201172, best_prec 87.32999420166016
Epoch 39, l0 norm : 1185191, l1 norm : 411151.98014831543
Epoch 39, min : 0.0, max : 0.6898365020751953
This epoch duration :1710.2434077262878
Epoch 39, val-method base, validation accuracy 86.2699966430664, best_prec 87.32999420166016
Epoch 40, l0 norm : 1185191, l1 norm : 409552.17682647705
Epoch 40, min : 0.0, max : 0.6871964931488037
This epoch duration :1711.1855425834656
Epoch 40, val-method base, validation accuracy 86.80999755859375, best_prec 87.32999420166016
Epoch 41, l0 norm : 1185191, l1 norm : 408084.7409210205
Epoch 41, min : 0.0, max : 0.6847736239433289
This epoch duration :1709.8694698810577
Epoch 41, val-method base, validation accuracy 87.32999420166016, best_prec 87.32999420166016
Epoch 42, l0 norm : 1185191, l1 norm : 406743.330657959
Epoch 42, min : 0.0, max : 0.6825636029243469
This epoch duration :1709.4326086044312
Epoch 42, val-method base, validation accuracy 87.0, best_prec 87.32999420166016
Epoch 43, l0 norm : 1185191, l1 norm : 405533.35177612305
Epoch 43, min : 0.0, max : 0.6805644631385803
This epoch duration :1710.1171674728394
Epoch 43, val-method base, validation accuracy 87.65999603271484, best_prec 87.65999603271484
Epoch 44, l0 norm : 1185191, l1 norm : 404448.28494262695
Epoch 44, min : 0.0, max : 0.6787753701210022
This epoch duration :1710.7360088825226
Epoch 44, val-method base, validation accuracy 88.1500015258789, best_prec 88.1500015258789
Epoch 45, l0 norm : 1185191, l1 norm : 403490.70278930664
Epoch 45, min : 0.0, max : 0.6771896481513977
This epoch duration :1710.3088693618774
Epoch 45, val-method base, validation accuracy 87.65999603271484, best_prec 88.1500015258789
Epoch 46, l0 norm : 1185191, l1 norm : 402654.88038635254
Epoch 46, min : 0.0, max : 0.6758072972297668
This epoch duration :1710.4441187381744
Epoch 46, val-method base, validation accuracy 87.73999786376953, best_prec 88.1500015258789
Epoch 47, l0 norm : 1185191, l1 norm : 401939.00148010254
Epoch 47, min : 0.0, max : 0.6746261715888977
This epoch duration :1710.5337517261505
Epoch 47, val-method base, validation accuracy 87.61000061035156, best_prec 88.1500015258789
Epoch 48, l0 norm : 1185191, l1 norm : 401338.5371246338
Epoch 48, min : 0.0, max : 0.6736429929733276
This epoch duration :1710.402182340622
Epoch 48, val-method base, validation accuracy 88.58999633789062, best_prec 88.58999633789062
Epoch 49, l0 norm : 1185191, l1 norm : 400857.21225738525
Epoch 49, min : 0.0, max : 0.6728583574295044
This epoch duration :1709.9109077453613
Epoch 49, val-method base, validation accuracy 86.66999816894531, best_prec 88.58999633789062
Epoch 50, l0 norm : 1185191, l1 norm : 400495.14417266846
Epoch 50, min : 0.0, max : 0.6722628474235535
This epoch duration :1709.905636548996
Epoch 50, val-method base, validation accuracy 87.04000091552734, best_prec 88.58999633789062
Epoch 51, l0 norm : 1185191, l1 norm : 400244.4527282715
Epoch 51, min : 0.0, max : 0.6718539595603943
This epoch duration :1708.6393246650696
Epoch 51, val-method base, validation accuracy 88.02999877929688, best_prec 88.58999633789062
Epoch 52, l0 norm : 1185191, l1 norm : 400107.6489715576
Epoch 52, min : 0.0, max : 0.6716342568397522
This epoch duration :1708.913589000702
Epoch 52, val-method base, validation accuracy 88.58999633789062, best_prec 88.58999633789062
Epoch 53, l0 norm : 1185191, l1 norm : 400081.8746948242
Epoch 53, min : 0.0, max : 0.6716037392616272
This epoch duration :1710.1418566703796
Epoch 53, val-method base, validation accuracy 87.75999450683594, best_prec 88.58999633789062
Epoch 54, l0 norm : 1185191, l1 norm : 400166.0238571167
Epoch 54, min : 0.0, max : 0.6717644333839417
This epoch duration :1710.7983248233795
Epoch 54, val-method base, validation accuracy 88.68000030517578, best_prec 88.68000030517578
Epoch 55, l0 norm : 1185191, l1 norm : 400358.8734283447
Epoch 55, min : 0.0, max : 0.6720970273017883
This epoch duration :1711.643367767334
Epoch 55, val-method base, validation accuracy 88.93999481201172, best_prec 88.93999481201172
Epoch 56, l0 norm : 1185191, l1 norm : 400658.1982650757
Epoch 56, min : 0.0, max : 0.6726017594337463
This epoch duration :1710.3342270851135
Epoch 56, val-method base, validation accuracy 88.97000122070312, best_prec 88.97000122070312
Epoch 57, l0 norm : 1185191, l1 norm : 401063.05825805664
Epoch 57, min : 0.0, max : 0.6732814311981201
This epoch duration :1709.9824905395508
Epoch 57, val-method base, validation accuracy 88.31999969482422, best_prec 88.97000122070312
Epoch 58, l0 norm : 1185191, l1 norm : 401571.6481628418
Epoch 58, min : 0.0, max : 0.6741353273391724
This epoch duration :1710.100971698761
Epoch 58, val-method base, validation accuracy 89.12999725341797, best_prec 89.12999725341797
Epoch 59, l0 norm : 1185191, l1 norm : 402180.13035583496
Epoch 59, min : 0.0, max : 0.675166130065918
This epoch duration :1709.8185744285583
Epoch 59, val-method base, validation accuracy 88.97999572753906, best_prec 89.12999725341797
Epoch 60, l0 norm : 1185191, l1 norm : 402888.70275115967
Epoch 60, min : 0.0, max : 0.6763581037521362
This epoch duration :1709.769790172577
Epoch 60, val-method base, validation accuracy 89.38999938964844, best_prec 89.38999938964844
Epoch 61, l0 norm : 1185191, l1 norm : 403694.5874328613
Epoch 61, min : 0.0, max : 0.6777150630950928
This epoch duration :1710.5038042068481
Epoch 61, val-method base, validation accuracy 89.40999603271484, best_prec 89.40999603271484
Epoch 62, l0 norm : 1185191, l1 norm : 404598.1374206543
Epoch 62, min : 0.0, max : 0.6792336702346802
This epoch duration :1709.0599036216736
Epoch 62, val-method base, validation accuracy 88.82999420166016, best_prec 89.40999603271484
Epoch 63, l0 norm : 1185191, l1 norm : 405595.3854522705
Epoch 63, min : 0.0, max : 0.680908739566803
This epoch duration :1709.9372005462646
Epoch 63, val-method base, validation accuracy 88.97999572753906, best_prec 89.40999603271484
Epoch 64, l0 norm : 1185191, l1 norm : 406682.51669311523
Epoch 64, min : 0.0, max : 0.6827387809753418
This epoch duration :1709.8172059059143
Epoch 64, val-method base, validation accuracy 89.04999542236328, best_prec 89.40999603271484
Epoch 65, l0 norm : 1185191, l1 norm : 407860.2989654541
Epoch 65, min : 0.0, max : 0.6847202777862549
This epoch duration :1709.6414377689362
Epoch 65, val-method base, validation accuracy 89.36000061035156, best_prec 89.40999603271484
Epoch 66, l0 norm : 1185191, l1 norm : 409128.06640625
Epoch 66, min : 0.0, max : 0.6868506073951721
This epoch duration :1711.1354155540466
Epoch 66, val-method base, validation accuracy 89.44999694824219, best_prec 89.44999694824219
Epoch 67, l0 norm : 1185191, l1 norm : 410478.24923706055
Epoch 67, min : 0.0, max : 0.6891250610351562
This epoch duration :1710.0004909038544
Epoch 67, val-method base, validation accuracy 89.79999542236328, best_prec 89.79999542236328
Epoch 68, l0 norm : 1185191, l1 norm : 411918.4951324463
Epoch 68, min : 0.0, max : 0.6915406584739685
This epoch duration :1709.8024997711182
Epoch 68, val-method base, validation accuracy 89.3699951171875, best_prec 89.79999542236328
Epoch 69, l0 norm : 1185191, l1 norm : 413439.18420410156
Epoch 69, min : 0.0, max : 0.6940919160842896
This epoch duration :1710.200317621231
Epoch 69, val-method base, validation accuracy 90.0199966430664, best_prec 90.0199966430664
Epoch 70, l0 norm : 1185191, l1 norm : 415035.54386901855
Epoch 70, min : 0.0, max : 0.6967814564704895
This epoch duration :1709.8005435466766
Epoch 70, val-method base, validation accuracy 89.75999450683594, best_prec 90.0199966430664
Epoch 71, l0 norm : 1185191, l1 norm : 416713.6683654785
Epoch 71, min : 0.0, max : 0.6995996236801147
This epoch duration :1709.6331326961517
Epoch 71, val-method base, validation accuracy 89.5999984741211, best_prec 90.0199966430664
Epoch 72, l0 norm : 1185191, l1 norm : 418462.7752456665
Epoch 72, min : 0.0, max : 0.7025408148765564
This epoch duration :1709.45760512352
Epoch 72, val-method base, validation accuracy 89.83999633789062, best_prec 90.0199966430664
Epoch 73, l0 norm : 1185191, l1 norm : 420284.53465270996
Epoch 73, min : 0.0, max : 0.7056037783622742
This epoch duration :1710.2268481254578
Epoch 73, val-method base, validation accuracy 90.22999572753906, best_prec 90.22999572753906
Epoch 74, l0 norm : 1185191, l1 norm : 422176.8795928955
Epoch 74, min : 0.0, max : 0.7087807059288025
This epoch duration :1709.7420966625214
Epoch 74, val-method base, validation accuracy 89.93000030517578, best_prec 90.22999572753906
Epoch 75, l0 norm : 1185191, l1 norm : 424132.64839172363
Epoch 75, min : 0.0, max : 0.7120702266693115
This epoch duration :1710.0776011943817
Epoch 75, val-method base, validation accuracy 89.9000015258789, best_prec 90.22999572753906
Epoch 76, l0 norm : 1185191, l1 norm : 426150.9419555664
Epoch 76, min : 0.0, max : 0.7154667973518372
This epoch duration :1709.936196565628
Epoch 76, val-method base, validation accuracy 90.40999603271484, best_prec 90.40999603271484
Epoch 77, l0 norm : 1185191, l1 norm : 428232.49685668945
Epoch 77, min : 0.0, max : 0.7189657092094421
This epoch duration :1708.3464269638062
Epoch 77, val-method base, validation accuracy 90.20999908447266, best_prec 90.40999603271484
Epoch 78, l0 norm : 1185191, l1 norm : 430366.7404022217
Epoch 78, min : 0.0, max : 0.7225605249404907
This epoch duration :1710.5218465328217
Epoch 78, val-method base, validation accuracy 90.29000091552734, best_prec 90.40999603271484
Epoch 79, l0 norm : 1185191, l1 norm : 432554.8184814453
Epoch 79, min : 0.0, max : 0.7262445688247681
This epoch duration :1710.2517313957214
Epoch 79, val-method base, validation accuracy 90.22999572753906, best_prec 90.40999603271484
Epoch 80, l0 norm : 1185191, l1 norm : 434795.995803833
Epoch 80, min : 0.0, max : 0.7300154566764832
This epoch duration :1709.7078104019165
Epoch 80, val-method base, validation accuracy 90.45999908447266, best_prec 90.45999908447266
Epoch 81, l0 norm : 1185191, l1 norm : 437076.89891815186
Epoch 81, min : 0.0, max : 0.7338649034500122
This epoch duration :1710.2638642787933
Epoch 81, val-method base, validation accuracy 90.31999969482422, best_prec 90.45999908447266
Epoch 82, l0 norm : 1185191, l1 norm : 439404.7735519409
Epoch 82, min : 0.0, max : 0.7377775311470032
This epoch duration :1710.2296195030212
Epoch 82, val-method base, validation accuracy 90.37999725341797, best_prec 90.45999908447266
Epoch 83, l0 norm : 1185191, l1 norm : 441771.2444152832
Epoch 83, min : 0.0, max : 0.7417574524879456
This epoch duration :1710.7683339118958
Epoch 83, val-method base, validation accuracy 90.66999816894531, best_prec 90.66999816894531
Epoch 84, l0 norm : 1185191, l1 norm : 444167.9161605835
Epoch 84, min : 0.0, max : 0.7457944750785828
This epoch duration :1710.7258670330048
Epoch 84, val-method base, validation accuracy 90.5199966430664, best_prec 90.66999816894531
Epoch 85, l0 norm : 1185191, l1 norm : 446597.14611053467
Epoch 85, min : 0.0, max : 0.7498816251754761
This epoch duration :1711.0420360565186
Epoch 85, val-method base, validation accuracy 90.5, best_prec 90.66999816894531
Epoch 86, l0 norm : 1185191, l1 norm : 449047.9442367554
Epoch 86, min : 0.0, max : 0.7540091872215271
This epoch duration :1709.8070769309998
Epoch 86, val-method base, validation accuracy 90.45999908447266, best_prec 90.66999816894531
Epoch 87, l0 norm : 1185191, l1 norm : 451518.4655685425
Epoch 87, min : 0.0, max : 0.7581832408905029
This epoch duration :1710.0986120700836
Epoch 87, val-method base, validation accuracy 90.3499984741211, best_prec 90.66999816894531
Epoch 88, l0 norm : 1185191, l1 norm : 454003.4592895508
Epoch 88, min : 0.0, max : 0.7623813152313232
This epoch duration :1709.9991114139557
Epoch 88, val-method base, validation accuracy 90.55999755859375, best_prec 90.66999816894531
Epoch 89, l0 norm : 1185191, l1 norm : 456501.9789199829
Epoch 89, min : 0.0, max : 0.7665954828262329
This epoch duration :1711.0143206119537
Epoch 89, val-method base, validation accuracy 90.56999969482422, best_prec 90.66999816894531
Epoch 90, l0 norm : 1185191, l1 norm : 459009.85286712646
Epoch 90, min : 0.0, max : 0.7708207964897156
This epoch duration :1711.224910736084
Epoch 90, val-method base, validation accuracy 90.73999786376953, best_prec 90.73999786376953
Epoch 91, l0 norm : 1185191, l1 norm : 461516.696685791
Epoch 91, min : 0.0, max : 0.7750382423400879
This epoch duration :1710.3262538909912
Epoch 91, val-method base, validation accuracy 90.54999542236328, best_prec 90.73999786376953
Epoch 92, l0 norm : 1185191, l1 norm : 464019.9361419678
Epoch 92, min : 0.0, max : 0.7792506814002991
This epoch duration :1710.306895017624
Epoch 92, val-method base, validation accuracy 90.72000122070312, best_prec 90.73999786376953
Epoch 93, l0 norm : 1185191, l1 norm : 466513.6705169678
Epoch 93, min : 0.0, max : 0.783437967300415
This epoch duration :1709.5848562717438
Epoch 93, val-method base, validation accuracy 90.66999816894531, best_prec 90.73999786376953
Epoch 94, l0 norm : 1185191, l1 norm : 468990.7487640381
Epoch 94, min : 0.0, max : 0.7876038551330566
This epoch duration :1710.7933475971222
Epoch 94, val-method base, validation accuracy 90.82999420166016, best_prec 90.82999420166016
Epoch 95, l0 norm : 1185191, l1 norm : 471445.57124328613
Epoch 95, min : 0.0, max : 0.7917290329933167
This epoch duration :1710.4352478981018
Epoch 95, val-method base, validation accuracy 90.75999450683594, best_prec 90.82999420166016
Epoch 96, l0 norm : 1185191, l1 norm : 473881.786529541
Epoch 96, min : 0.0, max : 0.7958168983459473
This epoch duration :1526.3784523010254
Epoch 96, val-method base, validation accuracy 90.52999877929688, best_prec 90.82999420166016
Epoch 97, l0 norm : 1185191, l1 norm : 476284.65602874756
Epoch 97, min : 0.0, max : 0.7998473048210144
This epoch duration :1462.3508622646332
Epoch 97, val-method base, validation accuracy 90.5, best_prec 90.82999420166016
Epoch 98, l0 norm : 1185191, l1 norm : 478645.0112686157
Epoch 98, min : 0.0, max : 0.8038007616996765
This epoch duration :1461.6517724990845
Epoch 98, val-method base, validation accuracy 90.47999572753906, best_prec 90.82999420166016
Epoch 99, l0 norm : 1185191, l1 norm : 480964.8341369629
Epoch 99, min : 0.0, max : 0.8076822757720947
This epoch duration :1461.6661372184753
Epoch 99, val-method base, validation accuracy 90.43999481201172, best_prec 90.82999420166016
