Namespace(configs='configs/CIFAR10/pen_bip_1.yml', result_dir='./trained_models', exp_name='RC_pb1_m_16', exp_mode='prune', arch='resnet18', num_classes=10, layer_type='unstructured', k=None, lambd=0.9999996, alpha=1.0, fw_momentum=0.9, scaled_score_init=True, scale_rand_init=False, freeze_bn=False, source_net='trained_models/CIFAR10_resnet18_Pretrain/pretrain/latest_exp/checkpoint/model_best.pth.tar', scores_init_type=None, dataset='CIFAR10', batch_size=128, num_workers=2, test_batch_size=128, normalize=True, data_dir='./data', image_dim=32, trainer='penalized_bilevel_1', epochs=100, optimizer='sgd', wd=0.0001, mask_lr=0.1, lr=0.1, mask_lr_schedule='step', lr_schedule='cosine', momentum=0.9, warmup_epochs=0, warmup_lr=0.1, save_dense=False, evaluate=False, val_method='base', resume='', seed=1234, print_freq=100, lr2=0.0001, accelerate=False)
=> loading source model from 'trained_models/CIFAR10_resnet18_Pretrain/pretrain/latest_exp/checkpoint/model_best.pth.tar'
=> loaded checkpoint 'trained_models/CIFAR10_resnet18_Pretrain/pretrain/latest_exp/checkpoint/model_best.pth.tar'
Epoch 0, l0 norm : 5175102, l1 norm : 1282044.9603881836
Epoch 0, min : 0.0, max : 0.7780939340591431
This epoch duration :1814.3111758232117
Epoch 0, val-method base, validation accuracy 75.40999603271484, best_prec 75.40999603271484
Epoch 1, l0 norm : 5179858, l1 norm : 1302571.97164917
Epoch 1, min : 0.0, max : 0.7808874845504761
This epoch duration :1485.0621325969696
Epoch 1, val-method base, validation accuracy 84.80999755859375, best_prec 84.80999755859375
Epoch 2, l0 norm : 5181320, l1 norm : 1307175.588104248
Epoch 2, min : 0.0, max : 0.7686478495597839
This epoch duration :1475.072382926941
Epoch 2, val-method base, validation accuracy 85.1500015258789, best_prec 85.1500015258789
Epoch 3, l0 norm : 5182221, l1 norm : 1310295.042816162
Epoch 3, min : 0.0, max : 0.7908942103385925
This epoch duration :1477.0265760421753
Epoch 3, val-method base, validation accuracy 86.48999786376953, best_prec 86.48999786376953
Epoch 4, l0 norm : 5182790, l1 norm : 1311846.7187652588
Epoch 4, min : 0.0, max : 0.7982707619667053
This epoch duration :1475.197219133377
Epoch 4, val-method base, validation accuracy 88.95999908447266, best_prec 88.95999908447266
Epoch 5, l0 norm : 5183275, l1 norm : 1314254.1869049072
Epoch 5, min : 0.0, max : 0.8022875189781189
This epoch duration :1475.7940576076508
Epoch 5, val-method base, validation accuracy 89.12999725341797, best_prec 89.12999725341797
Epoch 6, l0 norm : 5183739, l1 norm : 1315911.6123657227
Epoch 6, min : 0.0, max : 0.8017601370811462
This epoch duration :1472.2886431217194
Epoch 6, val-method base, validation accuracy 89.22999572753906, best_prec 89.22999572753906
Epoch 7, l0 norm : 5184018, l1 norm : 1316809.010635376
Epoch 7, min : 0.0, max : 0.7979739308357239
This epoch duration :1469.2999708652496
Epoch 7, val-method base, validation accuracy 89.43000030517578, best_prec 89.43000030517578
Epoch 8, l0 norm : 5184278, l1 norm : 1318063.5212860107
Epoch 8, min : 0.0, max : 0.7858086228370667
This epoch duration :1471.6029255390167
Epoch 8, val-method base, validation accuracy 90.36000061035156, best_prec 90.36000061035156
Epoch 9, l0 norm : 5184464, l1 norm : 1318905.9975280762
Epoch 9, min : 0.0, max : 0.7784742712974548
This epoch duration :1469.887906551361
Epoch 9, val-method base, validation accuracy 91.05999755859375, best_prec 91.05999755859375
Epoch 10, l0 norm : 5184649, l1 norm : 1319557.6611175537
Epoch 10, min : 0.0, max : 0.7744182348251343
This epoch duration :1466.342078447342
Epoch 10, val-method base, validation accuracy 89.70999908447266, best_prec 91.05999755859375
Epoch 11, l0 norm : 5184794, l1 norm : 1320015.3202209473
Epoch 11, min : 0.0, max : 0.7773274779319763
This epoch duration :1470.8181419372559
Epoch 11, val-method base, validation accuracy 90.55999755859375, best_prec 91.05999755859375
Epoch 12, l0 norm : 5184893, l1 norm : 1320823.0367736816
Epoch 12, min : 0.0, max : 0.7713210582733154
This epoch duration :1473.6290724277496
Epoch 12, val-method base, validation accuracy 90.43000030517578, best_prec 91.05999755859375
Epoch 13, l0 norm : 5184984, l1 norm : 1320614.0720672607
Epoch 13, min : 0.0, max : 0.7633216977119446
This epoch duration :1471.001570224762
Epoch 13, val-method base, validation accuracy 91.11000061035156, best_prec 91.11000061035156
Epoch 14, l0 norm : 5185082, l1 norm : 1320945.8123779297
Epoch 14, min : 0.0, max : 0.7583832144737244
This epoch duration :1454.7562403678894
Epoch 14, val-method base, validation accuracy 91.07999420166016, best_prec 91.11000061035156
Epoch 15, l0 norm : 5185194, l1 norm : 1321468.5207824707
Epoch 15, min : 0.0, max : 0.7567515969276428
This epoch duration :1462.2002251148224
Epoch 15, val-method base, validation accuracy 90.95999908447266, best_prec 91.11000061035156
Epoch 16, l0 norm : 5185258, l1 norm : 1321450.718093872
Epoch 16, min : 0.0, max : 0.7570303082466125
This epoch duration :1470.9113476276398
Epoch 16, val-method base, validation accuracy 90.61000061035156, best_prec 91.11000061035156
Epoch 17, l0 norm : 5185363, l1 norm : 1321983.4858856201
Epoch 17, min : 0.0, max : 0.7571145296096802
This epoch duration :1466.41068816185
Epoch 17, val-method base, validation accuracy 91.04000091552734, best_prec 91.11000061035156
Epoch 18, l0 norm : 5185423, l1 norm : 1321906.7172546387
Epoch 18, min : 0.0, max : 0.7581260204315186
This epoch duration :1472.4832410812378
Epoch 18, val-method base, validation accuracy 91.8499984741211, best_prec 91.8499984741211
Epoch 19, l0 norm : 5185458, l1 norm : 1322029.124847412
Epoch 19, min : 0.0, max : 0.7589647769927979
This epoch duration :1475.335250377655
Epoch 19, val-method base, validation accuracy 91.83999633789062, best_prec 91.8499984741211
Epoch 20, l0 norm : 5185491, l1 norm : 1322196.4766540527
Epoch 20, min : 0.0, max : 0.7514453530311584
This epoch duration :1471.025552034378
Epoch 20, val-method base, validation accuracy 91.43999481201172, best_prec 91.8499984741211
Epoch 21, l0 norm : 5185523, l1 norm : 1322234.5526428223
Epoch 21, min : 0.0, max : 0.7446878552436829
This epoch duration :1471.6526942253113
Epoch 21, val-method base, validation accuracy 91.63999938964844, best_prec 91.8499984741211
Epoch 22, l0 norm : 5185545, l1 norm : 1322369.926361084
Epoch 22, min : 0.0, max : 0.742108941078186
This epoch duration :1474.6199831962585
Epoch 22, val-method base, validation accuracy 90.66999816894531, best_prec 91.8499984741211
Epoch 23, l0 norm : 5185572, l1 norm : 1322416.950805664
Epoch 23, min : 0.0, max : 0.7402193546295166
This epoch duration :1471.288054227829
Epoch 23, val-method base, validation accuracy 91.89999389648438, best_prec 91.89999389648438
Epoch 24, l0 norm : 5185598, l1 norm : 1322468.2536315918
Epoch 24, min : 0.0, max : 0.7395594716072083
This epoch duration :1464.6039826869965
Epoch 24, val-method base, validation accuracy 91.54000091552734, best_prec 91.89999389648438
Epoch 25, l0 norm : 5185613, l1 norm : 1322139.95803833
Epoch 25, min : 0.0, max : 0.7399497628211975
This epoch duration :1468.5782778263092
Epoch 25, val-method base, validation accuracy 91.0, best_prec 91.89999389648438
Epoch 26, l0 norm : 5185628, l1 norm : 1321803.3746948242
Epoch 26, min : 0.0, max : 0.7373850345611572
This epoch duration :1472.219003200531
Epoch 26, val-method base, validation accuracy 91.97999572753906, best_prec 91.97999572753906
Epoch 27, l0 norm : 5185638, l1 norm : 1321296.2372894287
Epoch 27, min : 0.0, max : 0.7397361993789673
This epoch duration :1471.0881283283234
Epoch 27, val-method base, validation accuracy 91.56999969482422, best_prec 91.97999572753906
Epoch 28, l0 norm : 5185644, l1 norm : 1321078.1058197021
Epoch 28, min : 0.0, max : 0.7373351454734802
This epoch duration :1462.0094413757324
Epoch 28, val-method base, validation accuracy 92.68999481201172, best_prec 92.68999481201172
Epoch 29, l0 norm : 5185661, l1 norm : 1321020.5004882812
Epoch 29, min : 0.0, max : 0.7364675998687744
This epoch duration :1473.4270968437195
Epoch 29, val-method base, validation accuracy 91.47999572753906, best_prec 92.68999481201172
Epoch 30, l0 norm : 5185667, l1 norm : 1321061.1354370117
Epoch 30, min : 0.0, max : 0.7377704381942749
This epoch duration :1472.509818315506
Epoch 30, val-method base, validation accuracy 92.00999450683594, best_prec 92.68999481201172
Epoch 31, l0 norm : 5185681, l1 norm : 1320822.2383728027
Epoch 31, min : 0.0, max : 0.7395880818367004
This epoch duration :1473.5392413139343
Epoch 31, val-method base, validation accuracy 91.55999755859375, best_prec 92.68999481201172
Epoch 32, l0 norm : 5185696, l1 norm : 1320959.3105163574
Epoch 32, min : 0.0, max : 0.7380321025848389
This epoch duration :1474.357578277588
Epoch 32, val-method base, validation accuracy 91.68999481201172, best_prec 92.68999481201172
Epoch 33, l0 norm : 5185706, l1 norm : 1320637.3624572754
Epoch 33, min : 0.0, max : 0.7370011210441589
This epoch duration :1469.7649610042572
Epoch 33, val-method base, validation accuracy 91.62999725341797, best_prec 92.68999481201172
Epoch 34, l0 norm : 5185711, l1 norm : 1320592.6217346191
Epoch 34, min : 0.0, max : 0.7372553944587708
This epoch duration :1478.4322743415833
Epoch 34, val-method base, validation accuracy 92.02999877929688, best_prec 92.68999481201172
Epoch 35, l0 norm : 5185716, l1 norm : 1320410.9702148438
Epoch 35, min : 0.0, max : 0.7343899607658386
This epoch duration :1472.685217142105
Epoch 35, val-method base, validation accuracy 91.5999984741211, best_prec 92.68999481201172
Epoch 36, l0 norm : 5185720, l1 norm : 1320310.9806518555
Epoch 36, min : 0.0, max : 0.7341071367263794
This epoch duration :1473.5512030124664
Epoch 36, val-method base, validation accuracy 91.64999389648438, best_prec 92.68999481201172
Epoch 37, l0 norm : 5185724, l1 norm : 1320011.602859497
Epoch 37, min : 0.0, max : 0.7319905757904053
This epoch duration :1466.03546500206
Epoch 37, val-method base, validation accuracy 91.93000030517578, best_prec 92.68999481201172
Epoch 38, l0 norm : 5185725, l1 norm : 1319703.3823394775
Epoch 38, min : 0.0, max : 0.7341538667678833
This epoch duration :1463.430279493332
Epoch 38, val-method base, validation accuracy 92.22999572753906, best_prec 92.68999481201172
Epoch 39, l0 norm : 5185731, l1 norm : 1319506.0806884766
Epoch 39, min : 0.0, max : 0.734164297580719
This epoch duration :1463.0639884471893
Epoch 39, val-method base, validation accuracy 91.90999603271484, best_prec 92.68999481201172
Epoch 40, l0 norm : 5185744, l1 norm : 1318746.2758483887
Epoch 40, min : 0.0, max : 0.734554648399353
This epoch duration :1472.9769682884216
Epoch 40, val-method base, validation accuracy 91.47999572753906, best_prec 92.68999481201172
Epoch 41, l0 norm : 5185746, l1 norm : 1318254.395248413
Epoch 41, min : 0.0, max : 0.7359492778778076
This epoch duration :1470.5297498703003
Epoch 41, val-method base, validation accuracy 91.94999694824219, best_prec 92.68999481201172
Epoch 42, l0 norm : 5185749, l1 norm : 1317652.5904541016
Epoch 42, min : 0.0, max : 0.7386701703071594
This epoch duration :1474.1059203147888
Epoch 42, val-method base, validation accuracy 92.30999755859375, best_prec 92.68999481201172
Epoch 43, l0 norm : 5185753, l1 norm : 1316759.292892456
Epoch 43, min : 0.0, max : 0.7377751469612122
This epoch duration :1467.6072509288788
Epoch 43, val-method base, validation accuracy 93.06999969482422, best_prec 93.06999969482422
Epoch 44, l0 norm : 5185754, l1 norm : 1315836.4055175781
Epoch 44, min : 0.0, max : 0.7390747666358948
This epoch duration :1476.7827231884003
Epoch 44, val-method base, validation accuracy 92.06999969482422, best_prec 93.06999969482422
Epoch 45, l0 norm : 5185756, l1 norm : 1314794.7734985352
Epoch 45, min : 0.0, max : 0.7390691041946411
This epoch duration :1474.7038898468018
Epoch 45, val-method base, validation accuracy 92.72000122070312, best_prec 93.06999969482422
Epoch 46, l0 norm : 5185765, l1 norm : 1313711.398147583
Epoch 46, min : 0.0, max : 0.739978015422821
This epoch duration :1469.1119117736816
Epoch 46, val-method base, validation accuracy 92.25999450683594, best_prec 93.06999969482422
Epoch 47, l0 norm : 5185768, l1 norm : 1312827.3606262207
Epoch 47, min : 0.0, max : 0.7406719923019409
This epoch duration :1474.0384676456451
Epoch 47, val-method base, validation accuracy 92.75, best_prec 93.06999969482422
Epoch 48, l0 norm : 5185768, l1 norm : 1311839.3543548584
Epoch 48, min : 0.0, max : 0.7418439388275146
This epoch duration :1472.8219809532166
Epoch 48, val-method base, validation accuracy 91.8499984741211, best_prec 93.06999969482422
Epoch 49, l0 norm : 5185772, l1 norm : 1310819.7276611328
Epoch 49, min : 0.0, max : 0.7420406341552734
This epoch duration :1472.3223187923431
Epoch 49, val-method base, validation accuracy 92.88999938964844, best_prec 93.06999969482422
Epoch 50, l0 norm : 5185774, l1 norm : 1309772.547821045
Epoch 50, min : 0.0, max : 0.7422314286231995
This epoch duration :1471.5298726558685
Epoch 50, val-method base, validation accuracy 92.91999816894531, best_prec 93.06999969482422
Epoch 51, l0 norm : 5185775, l1 norm : 1308544.797302246
Epoch 51, min : 0.0, max : 0.7442460656166077
This epoch duration :1465.4761924743652
Epoch 51, val-method base, validation accuracy 92.25999450683594, best_prec 93.06999969482422
Epoch 52, l0 norm : 5185775, l1 norm : 1307343.7784118652
Epoch 52, min : 0.0, max : 0.7446212768554688
This epoch duration :1471.58482670784
Epoch 52, val-method base, validation accuracy 92.95999908447266, best_prec 93.06999969482422
Epoch 53, l0 norm : 5185776, l1 norm : 1305467.8678588867
Epoch 53, min : 0.0, max : 0.7456415295600891
This epoch duration :1470.6548435688019
Epoch 53, val-method base, validation accuracy 92.56999969482422, best_prec 93.06999969482422
Epoch 54, l0 norm : 5185776, l1 norm : 1304054.2414245605
Epoch 54, min : 0.0, max : 0.747337818145752
This epoch duration :1471.0715050697327
Epoch 54, val-method base, validation accuracy 93.3499984741211, best_prec 93.3499984741211
Epoch 55, l0 norm : 5185776, l1 norm : 1301518.9081878662
Epoch 55, min : 0.0, max : 0.7481449246406555
This epoch duration :1468.4695026874542
Epoch 55, val-method base, validation accuracy 92.68000030517578, best_prec 93.3499984741211
Epoch 56, l0 norm : 5185776, l1 norm : 1299206.8847351074
Epoch 56, min : 0.0, max : 0.748895525932312
This epoch duration :1471.2708323001862
Epoch 56, val-method base, validation accuracy 92.95999908447266, best_prec 93.3499984741211
Epoch 57, l0 norm : 5185776, l1 norm : 1296855.6572418213
Epoch 57, min : 0.0, max : 0.7473430633544922
This epoch duration :1473.186460018158
Epoch 57, val-method base, validation accuracy 93.22999572753906, best_prec 93.3499984741211
Epoch 58, l0 norm : 5185777, l1 norm : 1293751.09375
Epoch 58, min : 0.0, max : 0.7481819987297058
This epoch duration :1472.209236383438
Epoch 58, val-method base, validation accuracy 93.87999725341797, best_prec 93.87999725341797
Epoch 59, l0 norm : 5185778, l1 norm : 1291316.2943115234
Epoch 59, min : 0.0, max : 0.7501662969589233
This epoch duration :1472.5605943202972
Epoch 59, val-method base, validation accuracy 93.44999694824219, best_prec 93.87999725341797
Epoch 60, l0 norm : 5185779, l1 norm : 1288218.7964019775
Epoch 60, min : 0.0, max : 0.7519765496253967
This epoch duration :1469.3043863773346
Epoch 60, val-method base, validation accuracy 93.7699966430664, best_prec 93.87999725341797
Epoch 61, l0 norm : 5185779, l1 norm : 1284455.565612793
Epoch 61, min : 0.0, max : 0.7550019025802612
This epoch duration :1471.2161800861359
Epoch 61, val-method base, validation accuracy 93.89999389648438, best_prec 93.89999389648438
Epoch 62, l0 norm : 5185779, l1 norm : 1281001.50491333
Epoch 62, min : 0.0, max : 0.7559425234794617
This epoch duration :1470.7835400104523
Epoch 62, val-method base, validation accuracy 93.8699951171875, best_prec 93.89999389648438
Epoch 63, l0 norm : 5185780, l1 norm : 1276551.127746582
Epoch 63, min : 0.0, max : 0.759141743183136
This epoch duration :1469.6017391681671
Epoch 63, val-method base, validation accuracy 94.48999786376953, best_prec 94.48999786376953
Epoch 64, l0 norm : 5185780, l1 norm : 1271223.3967590332
Epoch 64, min : 0.0, max : 0.7609480619430542
This epoch duration :1477.0863075256348
Epoch 64, val-method base, validation accuracy 93.62999725341797, best_prec 94.48999786376953
Epoch 65, l0 norm : 5185780, l1 norm : 1266615.6241455078
Epoch 65, min : 0.0, max : 0.7619831562042236
This epoch duration :1468.5230362415314
Epoch 65, val-method base, validation accuracy 94.2699966430664, best_prec 94.48999786376953
Epoch 66, l0 norm : 5185780, l1 norm : 1261878.5016784668
Epoch 66, min : 0.0, max : 0.7632792592048645
This epoch duration :1469.4653489589691
Epoch 66, val-method base, validation accuracy 94.22000122070312, best_prec 94.48999786376953
Epoch 67, l0 norm : 5185781, l1 norm : 1256231.1139678955
Epoch 67, min : 0.0, max : 0.7654074430465698
This epoch duration :1472.6539599895477
Epoch 67, val-method base, validation accuracy 94.43999481201172, best_prec 94.48999786376953
Epoch 68, l0 norm : 5185781, l1 norm : 1248508.4340515137
Epoch 68, min : 0.0, max : 0.7686233520507812
This epoch duration :1471.3832824230194
Epoch 68, val-method base, validation accuracy 94.31999969482422, best_prec 94.48999786376953
Epoch 69, l0 norm : 5185782, l1 norm : 1240108.3687438965
Epoch 69, min : 0.0, max : 0.7712008357048035
This epoch duration :1458.2559247016907
Epoch 69, val-method base, validation accuracy 94.43999481201172, best_prec 94.48999786376953
Epoch 70, l0 norm : 5185782, l1 norm : 1231110.9565124512
Epoch 70, min : 0.0, max : 0.7738770842552185
This epoch duration :1470.4113450050354
Epoch 70, val-method base, validation accuracy 94.63999938964844, best_prec 94.63999938964844
Epoch 71, l0 norm : 5185782, l1 norm : 1223087.4913330078
Epoch 71, min : 0.0, max : 0.7778534889221191
This epoch duration :1465.312422990799
Epoch 71, val-method base, validation accuracy 94.61000061035156, best_prec 94.63999938964844
Epoch 72, l0 norm : 5185782, l1 norm : 1213615.2576293945
Epoch 72, min : 0.0, max : 0.7785447239875793
This epoch duration :1468.9774034023285
Epoch 72, val-method base, validation accuracy 94.40999603271484, best_prec 94.63999938964844
Epoch 73, l0 norm : 5185782, l1 norm : 1204241.7677001953
Epoch 73, min : 0.0, max : 0.781743049621582
This epoch duration :1462.9039454460144
Epoch 73, val-method base, validation accuracy 94.54999542236328, best_prec 94.63999938964844
Epoch 74, l0 norm : 5185782, l1 norm : 1193315.1671142578
Epoch 74, min : 0.0, max : 0.7838634252548218
This epoch duration :1467.6928796768188
Epoch 74, val-method base, validation accuracy 94.68999481201172, best_prec 94.68999481201172
Epoch 75, l0 norm : 5185783, l1 norm : 1181674.496246338
Epoch 75, min : 0.0, max : 0.7869749665260315
This epoch duration :1469.0458171367645
Epoch 75, val-method base, validation accuracy 94.68999481201172, best_prec 94.68999481201172
Epoch 76, l0 norm : 5185783, l1 norm : 1170539.706237793
Epoch 76, min : 0.0, max : 0.7897655367851257
This epoch duration :1472.3454439640045
Epoch 76, val-method base, validation accuracy 94.98999786376953, best_prec 94.98999786376953
Epoch 77, l0 norm : 5185783, l1 norm : 1158392.3388061523
Epoch 77, min : 0.0, max : 0.7919297218322754
This epoch duration :1472.9723064899445
Epoch 77, val-method base, validation accuracy 95.05999755859375, best_prec 95.05999755859375
Epoch 78, l0 norm : 5185784, l1 norm : 1144941.7984771729
Epoch 78, min : 0.0, max : 0.795555055141449
This epoch duration :1474.6984770298004
Epoch 78, val-method base, validation accuracy 95.13999938964844, best_prec 95.13999938964844
Epoch 79, l0 norm : 5185786, l1 norm : 1131919.9268493652
Epoch 79, min : 0.0, max : 0.7988559007644653
This epoch duration :1470.5270321369171
Epoch 79, val-method base, validation accuracy 94.93999481201172, best_prec 95.13999938964844
Epoch 80, l0 norm : 5185786, l1 norm : 1119103.126876831
Epoch 80, min : 0.0, max : 0.8018456101417542
This epoch duration :1470.2936408519745
Epoch 80, val-method base, validation accuracy 95.02999877929688, best_prec 95.13999938964844
Epoch 81, l0 norm : 5185786, l1 norm : 1106040.2622070312
Epoch 81, min : 0.0, max : 0.8049158453941345
This epoch duration :1470.085871219635
Epoch 81, val-method base, validation accuracy 94.94999694824219, best_prec 95.13999938964844
Epoch 82, l0 norm : 5185786, l1 norm : 1093114.779449463
Epoch 82, min : 0.0, max : 0.8076909780502319
This epoch duration :1471.1806011199951
Epoch 82, val-method base, validation accuracy 94.98999786376953, best_prec 95.13999938964844
Epoch 83, l0 norm : 5185786, l1 norm : 1080253.6342163086
Epoch 83, min : 0.0, max : 0.8103016018867493
This epoch duration :1469.4022064208984
Epoch 83, val-method base, validation accuracy 95.06999969482422, best_prec 95.13999938964844
Epoch 84, l0 norm : 5185786, l1 norm : 1066912.2438812256
Epoch 84, min : 0.0, max : 0.8122252821922302
This epoch duration :1473.9104232788086
Epoch 84, val-method base, validation accuracy 94.97000122070312, best_prec 95.13999938964844
Epoch 85, l0 norm : 5185786, l1 norm : 1054158.3067321777
Epoch 85, min : 0.0, max : 0.8140240907669067
This epoch duration :1463.6116690635681
Epoch 85, val-method base, validation accuracy 95.11000061035156, best_prec 95.13999938964844
Epoch 86, l0 norm : 5185786, l1 norm : 1041836.2355804443
Epoch 86, min : 0.0, max : 0.8162878751754761
This epoch duration :1466.4359126091003
Epoch 86, val-method base, validation accuracy 95.08999633789062, best_prec 95.13999938964844
Epoch 87, l0 norm : 5185786, l1 norm : 1029546.5672912598
Epoch 87, min : 0.0, max : 0.8184755444526672
This epoch duration :1474.2422406673431
Epoch 87, val-method base, validation accuracy 95.05999755859375, best_prec 95.13999938964844
Epoch 88, l0 norm : 5185786, l1 norm : 1017768.4364013672
Epoch 88, min : 0.0, max : 0.8212183713912964
This epoch duration :1464.6025598049164
Epoch 88, val-method base, validation accuracy 95.04000091552734, best_prec 95.13999938964844
Epoch 89, l0 norm : 5185786, l1 norm : 1006522.8721008301
Epoch 89, min : 0.0, max : 0.8239808678627014
This epoch duration :1467.8218142986298
Epoch 89, val-method base, validation accuracy 95.05999755859375, best_prec 95.13999938964844
Epoch 90, l0 norm : 5185786, l1 norm : 995023.9602050781
Epoch 90, min : 0.0, max : 0.8260383009910583
This epoch duration :1472.6395440101624
Epoch 90, val-method base, validation accuracy 95.05999755859375, best_prec 95.13999938964844
Epoch 91, l0 norm : 5185786, l1 norm : 984016.9702606201
Epoch 91, min : 0.0, max : 0.8278641104698181
This epoch duration :1471.0103933811188
Epoch 91, val-method base, validation accuracy 95.05999755859375, best_prec 95.13999938964844
Epoch 92, l0 norm : 5185786, l1 norm : 973387.7177581787
Epoch 92, min : 0.0, max : 0.8299577236175537
This epoch duration :1473.5931923389435
Epoch 92, val-method base, validation accuracy 95.07999420166016, best_prec 95.13999938964844
Epoch 93, l0 norm : 5185786, l1 norm : 962239.5086517334
Epoch 93, min : 0.0, max : 0.8324737548828125
This epoch duration :1470.7342877388
Epoch 93, val-method base, validation accuracy 95.07999420166016, best_prec 95.13999938964844
Epoch 94, l0 norm : 5185786, l1 norm : 951669.1701812744
Epoch 94, min : 0.0, max : 0.8344851732254028
This epoch duration :1468.8104829788208
Epoch 94, val-method base, validation accuracy 95.11000061035156, best_prec 95.13999938964844
Epoch 95, l0 norm : 5185786, l1 norm : 942061.8369445801
Epoch 95, min : 0.0, max : 0.8365381360054016
This epoch duration :1473.58984541893
Epoch 95, val-method base, validation accuracy 95.05999755859375, best_prec 95.13999938964844
Epoch 96, l0 norm : 5185786, l1 norm : 932616.7016296387
Epoch 96, min : 0.0, max : 0.8387359976768494
This epoch duration :1469.066668510437
Epoch 96, val-method base, validation accuracy 95.02999877929688, best_prec 95.13999938964844
Epoch 97, l0 norm : 5185788, l1 norm : 922994.3244628906
Epoch 97, min : 0.0, max : 0.8403476476669312
This epoch duration :1473.2041037082672
Epoch 97, val-method base, validation accuracy 95.00999450683594, best_prec 95.13999938964844
Epoch 98, l0 norm : 5185788, l1 norm : 914482.992767334
Epoch 98, min : 0.0, max : 0.8419627547264099
This epoch duration :1407.0879354476929
Epoch 98, val-method base, validation accuracy 95.11000061035156, best_prec 95.13999938964844
Epoch 99, l0 norm : 5185788, l1 norm : 905911.6866455078
Epoch 99, min : 0.0, max : 0.8434786796569824
This epoch duration :1130.8848762512207
Epoch 99, val-method base, validation accuracy 95.07999420166016, best_prec 95.13999938964844
