Namespace(configs='configs/FASHION_MNIST/bip_baseline.yml', result_dir='./trained_models', exp_name='fm_bb_14', exp_mode='prune', arch='fmnist_model', num_classes=10, layer_type='unstructured', k=0.32095538645902183, lambd=0.0, alpha=1.0, fw_momentum=1.0, scaled_score_init=True, scale_rand_init=False, freeze_bn=False, source_net='trained_models/FMNIST_fmnist_model/pretrain/latest_exp/checkpoint/model_best.pth.tar', scores_init_type=None, dataset='FashionMNIST', batch_size=128, num_workers=2, test_batch_size=128, normalize=True, data_dir='./data', image_dim=32, trainer='bilevel_baseline', epochs=100, optimizer='sgd', wd=0.0001, mask_lr=0.1, lr=0.1, mask_lr_schedule='step', lr_schedule='cosine', momentum=0.9, warmup_epochs=0, warmup_lr=0.1, save_dense=False, evaluate=False, val_method='base', resume='', seed=1234, print_freq=100, lr2=0.0001, accelerate=False)
=> loading source model from 'trained_models/FMNIST_fmnist_model/pretrain/latest_exp/checkpoint/model_best.pth.tar'
=> loaded checkpoint 'trained_models/FMNIST_fmnist_model/pretrain/latest_exp/checkpoint/model_best.pth.tar'
This epoch duration :439.7879316806793
Epoch 0, val-method base, validation accuracy 90.1199951171875, best_prec 90.1199951171875
This epoch duration :465.0766849517822
Epoch 1, val-method base, validation accuracy 90.11000061035156, best_prec 90.1199951171875
This epoch duration :464.2697432041168
Epoch 2, val-method base, validation accuracy 90.68000030517578, best_prec 90.68000030517578
This epoch duration :464.1262855529785
Epoch 3, val-method base, validation accuracy 90.16999816894531, best_prec 90.68000030517578
This epoch duration :465.5677299499512
Epoch 4, val-method base, validation accuracy 89.50999450683594, best_prec 90.68000030517578
This epoch duration :464.30857276916504
Epoch 5, val-method base, validation accuracy 90.32999420166016, best_prec 90.68000030517578
This epoch duration :464.9985899925232
Epoch 6, val-method base, validation accuracy 90.91999816894531, best_prec 90.91999816894531
This epoch duration :463.94158601760864
Epoch 7, val-method base, validation accuracy 90.22000122070312, best_prec 90.91999816894531
This epoch duration :465.02513885498047
Epoch 8, val-method base, validation accuracy 89.97000122070312, best_prec 90.91999816894531
This epoch duration :464.9549217224121
Epoch 9, val-method base, validation accuracy 90.47000122070312, best_prec 90.91999816894531
This epoch duration :463.7503957748413
Epoch 10, val-method base, validation accuracy 90.5999984741211, best_prec 90.91999816894531
This epoch duration :465.02127408981323
Epoch 11, val-method base, validation accuracy 90.4000015258789, best_prec 90.91999816894531
This epoch duration :463.6723265647888
Epoch 12, val-method base, validation accuracy 90.4000015258789, best_prec 90.91999816894531
This epoch duration :465.2725832462311
Epoch 13, val-method base, validation accuracy 90.62999725341797, best_prec 90.91999816894531
This epoch duration :464.4663076400757
Epoch 14, val-method base, validation accuracy 90.36000061035156, best_prec 90.91999816894531
This epoch duration :464.55053210258484
Epoch 15, val-method base, validation accuracy 90.58999633789062, best_prec 90.91999816894531
This epoch duration :465.479611158371
Epoch 16, val-method base, validation accuracy 90.58999633789062, best_prec 90.91999816894531
This epoch duration :463.4595420360565
Epoch 17, val-method base, validation accuracy 90.25999450683594, best_prec 90.91999816894531
This epoch duration :465.11425971984863
Epoch 18, val-method base, validation accuracy 90.7699966430664, best_prec 90.91999816894531
This epoch duration :463.6629116535187
Epoch 19, val-method base, validation accuracy 90.65999603271484, best_prec 90.91999816894531
This epoch duration :465.2600574493408
Epoch 20, val-method base, validation accuracy 91.22000122070312, best_prec 91.22000122070312
This epoch duration :463.74387979507446
Epoch 21, val-method base, validation accuracy 90.43999481201172, best_prec 91.22000122070312
This epoch duration :465.24542260169983
Epoch 22, val-method base, validation accuracy 90.07999420166016, best_prec 91.22000122070312
This epoch duration :464.9022569656372
Epoch 23, val-method base, validation accuracy 91.04999542236328, best_prec 91.22000122070312
This epoch duration :463.98896193504333
Epoch 24, val-method base, validation accuracy 90.79000091552734, best_prec 91.22000122070312
This epoch duration :465.0203335285187
Epoch 25, val-method base, validation accuracy 90.5199966430664, best_prec 91.22000122070312
This epoch duration :463.65975856781006
Epoch 26, val-method base, validation accuracy 90.69999694824219, best_prec 91.22000122070312
This epoch duration :464.7094614505768
Epoch 27, val-method base, validation accuracy 90.93999481201172, best_prec 91.22000122070312
This epoch duration :464.4944908618927
Epoch 28, val-method base, validation accuracy 91.04000091552734, best_prec 91.22000122070312
This epoch duration :465.14754152297974
Epoch 29, val-method base, validation accuracy 90.90999603271484, best_prec 91.22000122070312
This epoch duration :465.69442200660706
Epoch 30, val-method base, validation accuracy 91.12999725341797, best_prec 91.22000122070312
This epoch duration :464.25392174720764
Epoch 31, val-method base, validation accuracy 91.00999450683594, best_prec 91.22000122070312
This epoch duration :465.0736439228058
Epoch 32, val-method base, validation accuracy 90.30999755859375, best_prec 91.22000122070312
This epoch duration :464.4636695384979
Epoch 33, val-method base, validation accuracy 91.08999633789062, best_prec 91.22000122070312
This epoch duration :465.0065174102783
Epoch 34, val-method base, validation accuracy 90.97999572753906, best_prec 91.22000122070312
This epoch duration :465.41304540634155
Epoch 35, val-method base, validation accuracy 91.23999786376953, best_prec 91.23999786376953
This epoch duration :463.90329456329346
Epoch 36, val-method base, validation accuracy 90.93000030517578, best_prec 91.23999786376953
This epoch duration :465.7393088340759
Epoch 37, val-method base, validation accuracy 90.97999572753906, best_prec 91.23999786376953
This epoch duration :464.7850077152252
Epoch 38, val-method base, validation accuracy 90.65999603271484, best_prec 91.23999786376953
This epoch duration :464.74250316619873
Epoch 39, val-method base, validation accuracy 91.02999877929688, best_prec 91.23999786376953
This epoch duration :464.1942458152771
Epoch 40, val-method base, validation accuracy 90.8699951171875, best_prec 91.23999786376953
This epoch duration :465.1034219264984
Epoch 41, val-method base, validation accuracy 91.1199951171875, best_prec 91.23999786376953
This epoch duration :465.2483355998993
Epoch 42, val-method base, validation accuracy 91.20999908447266, best_prec 91.23999786376953
This epoch duration :464.1261615753174
Epoch 43, val-method base, validation accuracy 91.18000030517578, best_prec 91.23999786376953
This epoch duration :465.78569984436035
Epoch 44, val-method base, validation accuracy 90.97000122070312, best_prec 91.23999786376953
This epoch duration :463.4919021129608
Epoch 45, val-method base, validation accuracy 90.75999450683594, best_prec 91.23999786376953
This epoch duration :465.8475248813629
Epoch 46, val-method base, validation accuracy 91.18999481201172, best_prec 91.23999786376953
This epoch duration :464.02848863601685
Epoch 47, val-method base, validation accuracy 90.79000091552734, best_prec 91.23999786376953
This epoch duration :465.8022081851959
Epoch 48, val-method base, validation accuracy 91.23999786376953, best_prec 91.23999786376953
This epoch duration :464.8675389289856
Epoch 49, val-method base, validation accuracy 90.83999633789062, best_prec 91.23999786376953
This epoch duration :464.3384282588959
Epoch 50, val-method base, validation accuracy 91.04000091552734, best_prec 91.23999786376953
This epoch duration :465.1935052871704
Epoch 51, val-method base, validation accuracy 91.43000030517578, best_prec 91.43000030517578
This epoch duration :463.5207440853119
Epoch 52, val-method base, validation accuracy 91.83999633789062, best_prec 91.83999633789062
This epoch duration :465.5787754058838
Epoch 53, val-method base, validation accuracy 92.2699966430664, best_prec 92.2699966430664
This epoch duration :464.5276653766632
Epoch 54, val-method base, validation accuracy 92.14999389648438, best_prec 92.2699966430664
This epoch duration :465.2280058860779
Epoch 55, val-method base, validation accuracy 92.07999420166016, best_prec 92.2699966430664
This epoch duration :464.59188079833984
Epoch 56, val-method base, validation accuracy 92.13999938964844, best_prec 92.2699966430664
This epoch duration :464.3415906429291
Epoch 57, val-method base, validation accuracy 92.06999969482422, best_prec 92.2699966430664
This epoch duration :465.06923151016235
Epoch 58, val-method base, validation accuracy 92.19999694824219, best_prec 92.2699966430664
This epoch duration :464.0513162612915
Epoch 59, val-method base, validation accuracy 92.30999755859375, best_prec 92.30999755859375
This epoch duration :464.79874300956726
Epoch 60, val-method base, validation accuracy 91.64999389648438, best_prec 92.30999755859375
This epoch duration :464.9924590587616
Epoch 61, val-method base, validation accuracy 92.20999908447266, best_prec 92.30999755859375
This epoch duration :464.1974365711212
Epoch 62, val-method base, validation accuracy 92.13999938964844, best_prec 92.30999755859375
This epoch duration :465.29180097579956
Epoch 63, val-method base, validation accuracy 91.93000030517578, best_prec 92.30999755859375
This epoch duration :463.45694756507874
Epoch 64, val-method base, validation accuracy 92.33999633789062, best_prec 92.33999633789062
This epoch duration :465.9408667087555
Epoch 65, val-method base, validation accuracy 92.15999603271484, best_prec 92.33999633789062
This epoch duration :463.76591753959656
Epoch 66, val-method base, validation accuracy 92.18000030517578, best_prec 92.33999633789062
This epoch duration :452.55956840515137
Epoch 67, val-method base, validation accuracy 92.12999725341797, best_prec 92.33999633789062
This epoch duration :430.43724513053894
Epoch 68, val-method base, validation accuracy 92.00999450683594, best_prec 92.33999633789062
This epoch duration :411.3819155693054
Epoch 69, val-method base, validation accuracy 92.18000030517578, best_prec 92.33999633789062
This epoch duration :342.88819551467896
Epoch 70, val-method base, validation accuracy 91.98999786376953, best_prec 92.33999633789062
This epoch duration :303.01628279685974
Epoch 71, val-method base, validation accuracy 92.13999938964844, best_prec 92.33999633789062
This epoch duration :302.89198327064514
Epoch 72, val-method base, validation accuracy 92.1199951171875, best_prec 92.33999633789062
This epoch duration :302.7886426448822
Epoch 73, val-method base, validation accuracy 92.20999908447266, best_prec 92.33999633789062
This epoch duration :303.05729818344116
Epoch 74, val-method base, validation accuracy 92.1199951171875, best_prec 92.33999633789062
This epoch duration :303.11088514328003
Epoch 75, val-method base, validation accuracy 92.22999572753906, best_prec 92.33999633789062
This epoch duration :303.2290270328522
Epoch 76, val-method base, validation accuracy 92.22999572753906, best_prec 92.33999633789062
This epoch duration :303.16006112098694
Epoch 77, val-method base, validation accuracy 92.22999572753906, best_prec 92.33999633789062
This epoch duration :302.2256033420563
Epoch 78, val-method base, validation accuracy 92.0999984741211, best_prec 92.33999633789062
This epoch duration :302.7862558364868
Epoch 79, val-method base, validation accuracy 92.16999816894531, best_prec 92.33999633789062
This epoch duration :302.9413306713104
Epoch 80, val-method base, validation accuracy 92.0999984741211, best_prec 92.33999633789062
This epoch duration :303.56596398353577
Epoch 81, val-method base, validation accuracy 92.1199951171875, best_prec 92.33999633789062
This epoch duration :302.9763677120209
Epoch 82, val-method base, validation accuracy 92.1199951171875, best_prec 92.33999633789062
This epoch duration :302.3851490020752
Epoch 83, val-method base, validation accuracy 92.0999984741211, best_prec 92.33999633789062
This epoch duration :302.6052665710449
Epoch 84, val-method base, validation accuracy 92.13999938964844, best_prec 92.33999633789062
This epoch duration :302.8494007587433
Epoch 85, val-method base, validation accuracy 92.0999984741211, best_prec 92.33999633789062
This epoch duration :302.5770905017853
Epoch 86, val-method base, validation accuracy 92.07999420166016, best_prec 92.33999633789062
This epoch duration :303.2318232059479
Epoch 87, val-method base, validation accuracy 92.13999938964844, best_prec 92.33999633789062
This epoch duration :303.10828042030334
Epoch 88, val-method base, validation accuracy 92.08999633789062, best_prec 92.33999633789062
This epoch duration :303.19894671440125
Epoch 89, val-method base, validation accuracy 92.04000091552734, best_prec 92.33999633789062
This epoch duration :302.9086103439331
Epoch 90, val-method base, validation accuracy 92.06999969482422, best_prec 92.33999633789062
This epoch duration :303.04634642601013
Epoch 91, val-method base, validation accuracy 92.14999389648438, best_prec 92.33999633789062
This epoch duration :303.15619015693665
Epoch 92, val-method base, validation accuracy 92.11000061035156, best_prec 92.33999633789062
This epoch duration :302.2350172996521
Epoch 93, val-method base, validation accuracy 92.13999938964844, best_prec 92.33999633789062
This epoch duration :302.7490928173065
Epoch 94, val-method base, validation accuracy 92.07999420166016, best_prec 92.33999633789062
This epoch duration :302.93292355537415
Epoch 95, val-method base, validation accuracy 92.13999938964844, best_prec 92.33999633789062
This epoch duration :303.02703762054443
Epoch 96, val-method base, validation accuracy 92.1199951171875, best_prec 92.33999633789062
This epoch duration :302.5402932167053
Epoch 97, val-method base, validation accuracy 92.08999633789062, best_prec 92.33999633789062
This epoch duration :254.22683238983154
Epoch 98, val-method base, validation accuracy 92.11000061035156, best_prec 92.33999633789062
This epoch duration :152.20490860939026
Epoch 99, val-method base, validation accuracy 92.12999725341797, best_prec 92.33999633789062
