Namespace(configs='configs/CIFAR10/pen_bip_2.yml', result_dir='./trained_models', exp_name='RC_pb2_l6', exp_mode='prune', arch='resnet18', num_classes=10, layer_type='unstructured', k=None, lambd=0.999999, alpha=1.0, scaled_score_init=True, scale_rand_init=False, freeze_bn=False, source_net='trained_models/CIFAR10_resnet18_Pretrain/pretrain/latest_exp/checkpoint/model_best.pth.tar', scores_init_type=None, dataset='CIFAR10', batch_size=128, num_workers=2, test_batch_size=128, normalize=True, data_dir='./data', image_dim=32, trainer='penalized_bilevel_2', epochs=100, optimizer='sgd', wd=0.0001, mask_lr=0.1, lr=0.1, mask_lr_schedule='step', lr_schedule='cosine', momentum=0.9, warmup_epochs=0, warmup_lr=0.1, save_dense=False, evaluate=False, val_method='base', resume='', seed=1234, print_freq=100, lr2=0.0001, accelerate=False)
=> loading source model from 'trained_models/CIFAR10_resnet18_Pretrain/pretrain/latest_exp/checkpoint/model_best.pth.tar'
=> loaded checkpoint 'trained_models/CIFAR10_resnet18_Pretrain/pretrain/latest_exp/checkpoint/model_best.pth.tar'
Epoch 0, l0 norm : 11026238, l1 norm : 5957284.005126953
Epoch 0, min : 0.0, max : 0.9871258735656738
This epoch duration :1412.7068722248077
Epoch 0, val-method base, validation accuracy 32.779998779296875, best_prec 32.779998779296875
Epoch 1, l0 norm : 11026238, l1 norm : 5865211.460327148
Epoch 1, min : 0.0, max : 0.9744598865509033
This epoch duration :1554.0956881046295
Epoch 1, val-method base, validation accuracy 39.98999786376953, best_prec 39.98999786376953
Epoch 2, l0 norm : 11026238, l1 norm : 5734512.359680176
Epoch 2, min : 0.0, max : 0.9620466828346252
This epoch duration :1544.221295118332
Epoch 2, val-method base, validation accuracy 52.30999755859375, best_prec 52.30999755859375
Epoch 3, l0 norm : 11026238, l1 norm : 5617294.518798828
Epoch 3, min : 0.0, max : 0.9498899579048157
This epoch duration :1566.752338886261
Epoch 3, val-method base, validation accuracy 57.15999984741211, best_prec 57.15999984741211
Epoch 4, l0 norm : 11026238, l1 norm : 5494083.80078125
Epoch 4, min : 0.0, max : 0.9379942417144775
This epoch duration :1564.9336049556732
Epoch 4, val-method base, validation accuracy 57.47999954223633, best_prec 57.47999954223633
Epoch 5, l0 norm : 11026238, l1 norm : 5368697.806030273
Epoch 5, min : 0.0, max : 0.926362931728363
This epoch duration :1566.3643736839294
Epoch 5, val-method base, validation accuracy 62.769996643066406, best_prec 62.769996643066406
Epoch 6, l0 norm : 11026238, l1 norm : 5245380.592407227
Epoch 6, min : 0.0, max : 0.9149988889694214
This epoch duration :1565.8909358978271
Epoch 6, val-method base, validation accuracy 60.56999969482422, best_prec 62.769996643066406
Epoch 7, l0 norm : 11026238, l1 norm : 5122679.774902344
Epoch 7, min : 0.0, max : 0.9039047956466675
This epoch duration :1565.5819115638733
Epoch 7, val-method base, validation accuracy 62.43000030517578, best_prec 62.769996643066406
Epoch 8, l0 norm : 11026238, l1 norm : 5003316.879516602
Epoch 8, min : 0.0, max : 0.8930832147598267
This epoch duration :1558.6136167049408
Epoch 8, val-method base, validation accuracy 65.79000091552734, best_prec 65.79000091552734
Epoch 9, l0 norm : 11026238, l1 norm : 4886470.6521606445
Epoch 9, min : 0.0, max : 0.8825358152389526
This epoch duration :1547.2017316818237
Epoch 9, val-method base, validation accuracy 69.23999786376953, best_prec 69.23999786376953
Epoch 10, l0 norm : 11026238, l1 norm : 4772852.3572387695
Epoch 10, min : 0.0, max : 0.8722634315490723
This epoch duration :1556.356234550476
Epoch 10, val-method base, validation accuracy 69.38999938964844, best_prec 69.38999938964844
Epoch 11, l0 norm : 11026238, l1 norm : 4662984.470458984
Epoch 11, min : 0.0, max : 0.8622668981552124
This epoch duration :1555.402569770813
Epoch 11, val-method base, validation accuracy 69.5199966430664, best_prec 69.5199966430664
Epoch 12, l0 norm : 11026238, l1 norm : 4558428.609130859
Epoch 12, min : 0.0, max : 0.8525470495223999
This epoch duration :1556.465934753418
Epoch 12, val-method base, validation accuracy 68.22000122070312, best_prec 69.5199966430664
Epoch 13, l0 norm : 11026238, l1 norm : 4457683.492614746
Epoch 13, min : 0.0, max : 0.8431037068367004
This epoch duration :1556.5449011325836
Epoch 13, val-method base, validation accuracy 74.18000030517578, best_prec 74.18000030517578
Epoch 14, l0 norm : 11026238, l1 norm : 4359353.467407227
Epoch 14, min : 0.0, max : 0.8339367508888245
This epoch duration :1555.9080970287323
Epoch 14, val-method base, validation accuracy 73.88999938964844, best_prec 74.18000030517578
Epoch 15, l0 norm : 11026238, l1 norm : 4265689.639404297
Epoch 15, min : 0.0, max : 0.8250459432601929
This epoch duration :1548.0631167888641
Epoch 15, val-method base, validation accuracy 74.54999542236328, best_prec 74.54999542236328
Epoch 16, l0 norm : 11026238, l1 norm : 4175268.2279052734
Epoch 16, min : 0.0, max : 0.8164296746253967
This epoch duration :1552.2103233337402
Epoch 16, val-method base, validation accuracy 75.40999603271484, best_prec 75.40999603271484
Epoch 17, l0 norm : 11026238, l1 norm : 4087435.109008789
Epoch 17, min : 0.0, max : 0.8080877661705017
This epoch duration :1563.4580519199371
Epoch 17, val-method base, validation accuracy 77.4000015258789, best_prec 77.4000015258789
Epoch 18, l0 norm : 11026238, l1 norm : 4003226.0268554688
Epoch 18, min : 0.0, max : 0.8000186085700989
This epoch duration :1564.2922523021698
Epoch 18, val-method base, validation accuracy 79.77999877929688, best_prec 79.77999877929688
Epoch 19, l0 norm : 11026238, l1 norm : 3921291.82421875
Epoch 19, min : 0.0, max : 0.7922207713127136
This epoch duration :1564.611655473709
Epoch 19, val-method base, validation accuracy 80.45999908447266, best_prec 80.45999908447266
Epoch 20, l0 norm : 11026238, l1 norm : 3843222.474243164
Epoch 20, min : 0.0, max : 0.7846932411193848
This epoch duration :1563.5486972332
Epoch 20, val-method base, validation accuracy 79.65999603271484, best_prec 80.45999908447266
Epoch 21, l0 norm : 11026238, l1 norm : 3767787.082763672
Epoch 21, min : 0.0, max : 0.7774331569671631
This epoch duration :1563.7011511325836
Epoch 21, val-method base, validation accuracy 81.87999725341797, best_prec 81.87999725341797
Epoch 22, l0 norm : 11026238, l1 norm : 3695878.6436157227
Epoch 22, min : 0.0, max : 0.7704387307167053
This epoch duration :1549.2806499004364
Epoch 22, val-method base, validation accuracy 79.40999603271484, best_prec 81.87999725341797
Epoch 23, l0 norm : 11026238, l1 norm : 3626587.546875
Epoch 23, min : 0.0, max : 0.7637078762054443
This epoch duration :1557.7192623615265
Epoch 23, val-method base, validation accuracy 82.77999877929688, best_prec 82.77999877929688
Epoch 24, l0 norm : 11026238, l1 norm : 3560394.298095703
Epoch 24, min : 0.0, max : 0.757239043712616
This epoch duration :1556.6529076099396
Epoch 24, val-method base, validation accuracy 82.13999938964844, best_prec 82.77999877929688
Epoch 25, l0 norm : 11026238, l1 norm : 3496552.0778808594
Epoch 25, min : 0.0, max : 0.7510285973548889
This epoch duration :1556.0118718147278
Epoch 25, val-method base, validation accuracy 82.5, best_prec 82.77999877929688
Epoch 26, l0 norm : 11026238, l1 norm : 3436275.8764648438
Epoch 26, min : 0.0, max : 0.7450751066207886
This epoch duration :1556.8562214374542
Epoch 26, val-method base, validation accuracy 83.93000030517578, best_prec 83.93000030517578
Epoch 27, l0 norm : 11026238, l1 norm : 3378065.255126953
Epoch 27, min : 0.0, max : 0.739375650882721
This epoch duration :1556.0710864067078
Epoch 27, val-method base, validation accuracy 83.47999572753906, best_prec 83.93000030517578
Epoch 28, l0 norm : 11026238, l1 norm : 3322387.8286743164
Epoch 28, min : 0.0, max : 0.7339282631874084
This epoch duration :1556.6491205692291
Epoch 28, val-method base, validation accuracy 84.70999908447266, best_prec 84.70999908447266
Epoch 29, l0 norm : 11026238, l1 norm : 3269149.6888427734
Epoch 29, min : 0.0, max : 0.7287293076515198
This epoch duration :1301.4816617965698
Epoch 29, val-method base, validation accuracy 85.1500015258789, best_prec 85.1500015258789
Epoch 30, l0 norm : 11026238, l1 norm : 3218686.038208008
Epoch 30, min : 0.0, max : 0.7237764000892639
This epoch duration :1397.0173139572144
Epoch 30, val-method base, validation accuracy 85.0999984741211, best_prec 85.1500015258789
Epoch 31, l0 norm : 11026238, l1 norm : 3170290.305908203
Epoch 31, min : 0.0, max : 0.7190676331520081
This epoch duration :1419.7781958580017
Epoch 31, val-method base, validation accuracy 84.7699966430664, best_prec 85.1500015258789
Epoch 32, l0 norm : 11026238, l1 norm : 3124129.967529297
Epoch 32, min : 0.0, max : 0.7145993113517761
This epoch duration :1418.9392402172089
Epoch 32, val-method base, validation accuracy 86.7699966430664, best_prec 86.7699966430664
Epoch 33, l0 norm : 11026238, l1 norm : 3079121.44329834
Epoch 33, min : 0.0, max : 0.7103691697120667
This epoch duration :1419.1050276756287
Epoch 33, val-method base, validation accuracy 86.2699966430664, best_prec 86.7699966430664
Epoch 34, l0 norm : 11026238, l1 norm : 3037054.944946289
Epoch 34, min : 0.0, max : 0.7063747048377991
This epoch duration :1419.1172902584076
Epoch 34, val-method base, validation accuracy 86.41999816894531, best_prec 86.7699966430664
Epoch 35, l0 norm : 11026238, l1 norm : 2996212.011413574
Epoch 35, min : 0.0, max : 0.7026122212409973
This epoch duration :1404.2787268161774
Epoch 35, val-method base, validation accuracy 87.31999969482422, best_prec 87.31999969482422
Epoch 36, l0 norm : 11026238, l1 norm : 2957577.395629883
Epoch 36, min : 0.0, max : 0.6990800499916077
This epoch duration :1226.4996778964996
Epoch 36, val-method base, validation accuracy 87.08999633789062, best_prec 87.31999969482422
Epoch 37, l0 norm : 11026238, l1 norm : 2920564.664794922
Epoch 37, min : 0.0, max : 0.6957751512527466
This epoch duration :1226.6171622276306
Epoch 37, val-method base, validation accuracy 87.43999481201172, best_prec 87.43999481201172
Epoch 38, l0 norm : 11026238, l1 norm : 2885619.729370117
Epoch 38, min : 0.0, max : 0.6926953792572021
This epoch duration :1226.0962646007538
Epoch 38, val-method base, validation accuracy 86.80999755859375, best_prec 87.43999481201172
Epoch 39, l0 norm : 11026238, l1 norm : 2852633.110229492
Epoch 39, min : 0.0, max : 0.6898365020751953
This epoch duration :1226.9564859867096
Epoch 39, val-method base, validation accuracy 87.19999694824219, best_prec 87.43999481201172
Epoch 40, l0 norm : 11026238, l1 norm : 2820457.627746582
Epoch 40, min : 0.0, max : 0.6871964931488037
This epoch duration :1226.9797739982605
Epoch 40, val-method base, validation accuracy 87.81999969482422, best_prec 87.81999969482422
Epoch 41, l0 norm : 11026238, l1 norm : 2790152.414123535
Epoch 41, min : 0.0, max : 0.6847736239433289
This epoch duration :1194.2191078662872
Epoch 41, val-method base, validation accuracy 88.06999969482422, best_prec 88.06999969482422
Epoch 42, l0 norm : 11026238, l1 norm : 2761190.969543457
Epoch 42, min : 0.0, max : 0.6825636029243469
This epoch duration :1035.9908776283264
Epoch 42, val-method base, validation accuracy 88.4000015258789, best_prec 88.4000015258789
Epoch 43, l0 norm : 11026238, l1 norm : 2734183.4193115234
Epoch 43, min : 0.0, max : 0.6805644631385803
This epoch duration :1037.6244373321533
Epoch 43, val-method base, validation accuracy 88.04999542236328, best_prec 88.4000015258789
Epoch 44, l0 norm : 11026238, l1 norm : 2707958.5002441406
Epoch 44, min : 0.0, max : 0.6787753701210022
This epoch duration :1036.057059764862
Epoch 44, val-method base, validation accuracy 89.16999816894531, best_prec 89.16999816894531
Epoch 45, l0 norm : 11026238, l1 norm : 2683253.2982177734
Epoch 45, min : 0.0, max : 0.6771896481513977
This epoch duration :1035.8721885681152
Epoch 45, val-method base, validation accuracy 87.98999786376953, best_prec 89.16999816894531
Epoch 46, l0 norm : 11026238, l1 norm : 2660269.62310791
Epoch 46, min : 0.0, max : 0.6758072972297668
This epoch duration :1034.9190158843994
Epoch 46, val-method base, validation accuracy 88.54000091552734, best_prec 89.16999816894531
Epoch 47, l0 norm : 11026238, l1 norm : 2638513.64251709
Epoch 47, min : 0.0, max : 0.6746261715888977
This epoch duration :1034.5193371772766
Epoch 47, val-method base, validation accuracy 89.18000030517578, best_prec 89.18000030517578
Epoch 48, l0 norm : 11026238, l1 norm : 2618144.9692382812
Epoch 48, min : 0.0, max : 0.6736429929733276
This epoch duration :1035.9553730487823
Epoch 48, val-method base, validation accuracy 88.47999572753906, best_prec 89.18000030517578
Epoch 49, l0 norm : 11026238, l1 norm : 2599090.559326172
Epoch 49, min : 0.0, max : 0.6728583574295044
This epoch duration :1034.6179480552673
Epoch 49, val-method base, validation accuracy 88.58999633789062, best_prec 89.18000030517578
Epoch 50, l0 norm : 11026238, l1 norm : 2582060.896484375
Epoch 50, min : 0.0, max : 0.6722628474235535
This epoch duration :1034.3653366565704
Epoch 50, val-method base, validation accuracy 87.8499984741211, best_prec 89.18000030517578
Epoch 51, l0 norm : 11026238, l1 norm : 2565157.3118896484
Epoch 51, min : 0.0, max : 0.6718539595603943
This epoch duration :1034.6862740516663
Epoch 51, val-method base, validation accuracy 89.8699951171875, best_prec 89.8699951171875
Epoch 52, l0 norm : 11026238, l1 norm : 2549713.494567871
Epoch 52, min : 0.0, max : 0.6716342568397522
This epoch duration :1035.068017244339
Epoch 52, val-method base, validation accuracy 88.44999694824219, best_prec 89.8699951171875
Epoch 53, l0 norm : 11026238, l1 norm : 2535175.6690063477
Epoch 53, min : 0.0, max : 0.6716037392616272
This epoch duration :1034.2980954647064
Epoch 53, val-method base, validation accuracy 87.63999938964844, best_prec 89.8699951171875
Epoch 54, l0 norm : 11026238, l1 norm : 2522544.827819824
Epoch 54, min : 0.0, max : 0.6717644333839417
This epoch duration :1035.2320017814636
Epoch 54, val-method base, validation accuracy 89.44999694824219, best_prec 89.8699951171875
Epoch 55, l0 norm : 11026238, l1 norm : 2510215.989074707
Epoch 55, min : 0.0, max : 0.6720970273017883
This epoch duration :1035.6964898109436
Epoch 55, val-method base, validation accuracy 90.27999877929688, best_prec 90.27999877929688
Epoch 56, l0 norm : 11026238, l1 norm : 2499197.0377197266
Epoch 56, min : 0.0, max : 0.6726017594337463
This epoch duration :1034.5571863651276
Epoch 56, val-method base, validation accuracy 89.97000122070312, best_prec 90.27999877929688
Epoch 57, l0 norm : 11026238, l1 norm : 2488699.825317383
Epoch 57, min : 0.0, max : 0.6732814311981201
This epoch duration :1036.0257558822632
Epoch 57, val-method base, validation accuracy 89.93999481201172, best_prec 90.27999877929688
Epoch 58, l0 norm : 11026238, l1 norm : 2479185.282348633
Epoch 58, min : 0.0, max : 0.6741353273391724
This epoch duration :1035.5111799240112
Epoch 58, val-method base, validation accuracy 89.69999694824219, best_prec 90.27999877929688
Epoch 59, l0 norm : 11026238, l1 norm : 2469755.136657715
Epoch 59, min : 0.0, max : 0.675166130065918
This epoch duration :1035.726363658905
Epoch 59, val-method base, validation accuracy 90.68999481201172, best_prec 90.68999481201172
Epoch 60, l0 norm : 11026238, l1 norm : 2461691.2587890625
Epoch 60, min : 0.0, max : 0.6763581037521362
This epoch duration :1036.3227553367615
Epoch 60, val-method base, validation accuracy 89.20999908447266, best_prec 90.68999481201172
Epoch 61, l0 norm : 11026238, l1 norm : 2454909.4857177734
Epoch 61, min : 0.0, max : 0.6777150630950928
This epoch duration :1034.811029434204
Epoch 61, val-method base, validation accuracy 90.54999542236328, best_prec 90.68999481201172
Epoch 62, l0 norm : 11026238, l1 norm : 2448801.616333008
Epoch 62, min : 0.0, max : 0.6792336702346802
This epoch duration :1033.7388298511505
Epoch 62, val-method base, validation accuracy 90.40999603271484, best_prec 90.68999481201172
Epoch 63, l0 norm : 11026238, l1 norm : 2443017.9829101562
Epoch 63, min : 0.0, max : 0.680908739566803
This epoch duration :1033.6663773059845
Epoch 63, val-method base, validation accuracy 89.97000122070312, best_prec 90.68999481201172
Epoch 64, l0 norm : 11026238, l1 norm : 2437548.1127929688
Epoch 64, min : 0.0, max : 0.6827387809753418
This epoch duration :1034.0973088741302
Epoch 64, val-method base, validation accuracy 90.4000015258789, best_prec 90.68999481201172
Epoch 65, l0 norm : 11026238, l1 norm : 2433140.3361816406
Epoch 65, min : 0.0, max : 0.6847202777862549
This epoch duration :1035.938462972641
Epoch 65, val-method base, validation accuracy 90.8499984741211, best_prec 90.8499984741211
Epoch 66, l0 norm : 11026238, l1 norm : 2429109.8100585938
Epoch 66, min : 0.0, max : 0.6868506073951721
This epoch duration :1033.0056755542755
Epoch 66, val-method base, validation accuracy 90.3699951171875, best_prec 90.8499984741211
Epoch 67, l0 norm : 11026238, l1 norm : 2425077.636779785
Epoch 67, min : 0.0, max : 0.6891250610351562
This epoch duration :1034.7897772789001
Epoch 67, val-method base, validation accuracy 90.79000091552734, best_prec 90.8499984741211
Epoch 68, l0 norm : 11026238, l1 norm : 2421990.8756713867
Epoch 68, min : 0.0, max : 0.6915406584739685
This epoch duration :1037.5481569766998
Epoch 68, val-method base, validation accuracy 90.79000091552734, best_prec 90.8499984741211
Epoch 69, l0 norm : 11026238, l1 norm : 2418687.044921875
Epoch 69, min : 0.0, max : 0.6940919160842896
This epoch duration :1034.781142950058
Epoch 69, val-method base, validation accuracy 90.89999389648438, best_prec 90.89999389648438
Epoch 70, l0 norm : 11026238, l1 norm : 2415847.1334228516
Epoch 70, min : 0.0, max : 0.6967814564704895
This epoch duration :1031.5435802936554
Epoch 70, val-method base, validation accuracy 90.64999389648438, best_prec 90.89999389648438
Epoch 71, l0 norm : 11026238, l1 norm : 2414065.1588745117
Epoch 71, min : 0.0, max : 0.6995996236801147
This epoch duration :1038.0486679077148
Epoch 71, val-method base, validation accuracy 90.93999481201172, best_prec 90.93999481201172
Epoch 72, l0 norm : 11026238, l1 norm : 2412745.489929199
Epoch 72, min : 0.0, max : 0.7025408148765564
This epoch duration :1036.8653531074524
Epoch 72, val-method base, validation accuracy 91.04000091552734, best_prec 91.04000091552734
Epoch 73, l0 norm : 11026238, l1 norm : 2411507.406982422
Epoch 73, min : 0.0, max : 0.7056037783622742
This epoch duration :1032.9550731182098
Epoch 73, val-method base, validation accuracy 90.93999481201172, best_prec 91.04000091552734
Epoch 74, l0 norm : 11026238, l1 norm : 2410087.739135742
Epoch 74, min : 0.0, max : 0.7087807059288025
This epoch duration :1033.5360877513885
Epoch 74, val-method base, validation accuracy 91.32999420166016, best_prec 91.32999420166016
Epoch 75, l0 norm : 11026238, l1 norm : 2409140.462890625
Epoch 75, min : 0.0, max : 0.7120702266693115
This epoch duration :1035.7611453533173
Epoch 75, val-method base, validation accuracy 91.5, best_prec 91.5
Epoch 76, l0 norm : 11026238, l1 norm : 2408192.770385742
Epoch 76, min : 0.0, max : 0.7154667973518372
This epoch duration :1034.6527876853943
Epoch 76, val-method base, validation accuracy 91.23999786376953, best_prec 91.5
Epoch 77, l0 norm : 11026238, l1 norm : 2407054.313293457
Epoch 77, min : 0.0, max : 0.7189657092094421
This epoch duration :1033.97798371315
Epoch 77, val-method base, validation accuracy 91.11000061035156, best_prec 91.5
Epoch 78, l0 norm : 11026238, l1 norm : 2405167.196533203
Epoch 78, min : 0.0, max : 0.7225605249404907
This epoch duration :1033.4324984550476
Epoch 78, val-method base, validation accuracy 91.72000122070312, best_prec 91.72000122070312
Epoch 79, l0 norm : 11026238, l1 norm : 2403244.428527832
Epoch 79, min : 0.0, max : 0.7262445688247681
This epoch duration :1030.841861963272
Epoch 79, val-method base, validation accuracy 91.80999755859375, best_prec 91.80999755859375
Epoch 80, l0 norm : 11026238, l1 norm : 2402825.671447754
Epoch 80, min : 0.0, max : 0.7300154566764832
This epoch duration :1035.1388301849365
Epoch 80, val-method base, validation accuracy 91.54999542236328, best_prec 91.80999755859375
Epoch 81, l0 norm : 11026238, l1 norm : 2401384.836303711
Epoch 81, min : 0.0, max : 0.7338649034500122
This epoch duration :1034.3786392211914
Epoch 81, val-method base, validation accuracy 91.55999755859375, best_prec 91.80999755859375
Epoch 82, l0 norm : 11026238, l1 norm : 2400161.1899414062
Epoch 82, min : 0.0, max : 0.7377775311470032
This epoch duration :1035.3294496536255
Epoch 82, val-method base, validation accuracy 91.68999481201172, best_prec 91.80999755859375
Epoch 83, l0 norm : 11026238, l1 norm : 2397950.727661133
Epoch 83, min : 0.0, max : 0.7417574524879456
This epoch duration :1031.5958728790283
Epoch 83, val-method base, validation accuracy 91.98999786376953, best_prec 91.98999786376953
Epoch 84, l0 norm : 11026238, l1 norm : 2396104.280090332
Epoch 84, min : 0.0, max : 0.7457944750785828
This epoch duration :1033.6602277755737
Epoch 84, val-method base, validation accuracy 92.12999725341797, best_prec 92.12999725341797
Epoch 85, l0 norm : 11026238, l1 norm : 2394754.5759277344
Epoch 85, min : 0.0, max : 0.7498816251754761
This epoch duration :1033.3609719276428
Epoch 85, val-method base, validation accuracy 91.77999877929688, best_prec 92.12999725341797
Epoch 86, l0 norm : 11026238, l1 norm : 2392831.724182129
Epoch 86, min : 0.0, max : 0.7540091872215271
This epoch duration :1032.9762647151947
Epoch 86, val-method base, validation accuracy 91.80999755859375, best_prec 92.12999725341797
Epoch 87, l0 norm : 11026238, l1 norm : 2391299.8823242188
Epoch 87, min : 0.0, max : 0.7581832408905029
This epoch duration :1034.0820260047913
Epoch 87, val-method base, validation accuracy 92.3699951171875, best_prec 92.3699951171875
Epoch 88, l0 norm : 11026238, l1 norm : 2390300.4965820312
Epoch 88, min : 0.0, max : 0.7623813152313232
This epoch duration :1032.9044997692108
Epoch 88, val-method base, validation accuracy 91.94999694824219, best_prec 92.3699951171875
Epoch 89, l0 norm : 11026238, l1 norm : 2390536.9467773438
Epoch 89, min : 0.0, max : 0.7665954828262329
This epoch duration :1033.8927021026611
Epoch 89, val-method base, validation accuracy 92.04999542236328, best_prec 92.3699951171875
Epoch 90, l0 norm : 11026238, l1 norm : 2390495.7106933594
Epoch 90, min : 0.0, max : 0.7708207964897156
This epoch duration :1034.9156370162964
Epoch 90, val-method base, validation accuracy 91.79000091552734, best_prec 92.3699951171875
Epoch 91, l0 norm : 11026238, l1 norm : 2391090.4639282227
Epoch 91, min : 0.0, max : 0.7750382423400879
This epoch duration :1033.6050987243652
Epoch 91, val-method base, validation accuracy 92.14999389648438, best_prec 92.3699951171875
Epoch 92, l0 norm : 11026238, l1 norm : 2392166.0075683594
Epoch 92, min : 0.0, max : 0.7792506814002991
This epoch duration :1035.733696937561
Epoch 92, val-method base, validation accuracy 91.93000030517578, best_prec 92.3699951171875
Epoch 93, l0 norm : 11026238, l1 norm : 2393810.9833984375
Epoch 93, min : 0.0, max : 0.783437967300415
This epoch duration :1033.732807636261
Epoch 93, val-method base, validation accuracy 91.87999725341797, best_prec 92.3699951171875
Epoch 94, l0 norm : 11026238, l1 norm : 2396377.4470825195
Epoch 94, min : 0.0, max : 0.7876038551330566
This epoch duration :1033.6002883911133
Epoch 94, val-method base, validation accuracy 91.95999908447266, best_prec 92.3699951171875
Epoch 95, l0 norm : 11026238, l1 norm : 2399700.229370117
Epoch 95, min : 0.0, max : 0.7917290329933167
This epoch duration :1033.6027035713196
Epoch 95, val-method base, validation accuracy 91.90999603271484, best_prec 92.3699951171875
Epoch 96, l0 norm : 11026238, l1 norm : 2403579.8264160156
Epoch 96, min : 0.0, max : 0.7958168983459473
This epoch duration :1034.4834253787994
Epoch 96, val-method base, validation accuracy 91.98999786376953, best_prec 92.3699951171875
Epoch 97, l0 norm : 11026238, l1 norm : 2408484.4868164062
Epoch 97, min : 0.0, max : 0.7998473048210144
This epoch duration :1034.2787981033325
Epoch 97, val-method base, validation accuracy 91.73999786376953, best_prec 92.3699951171875
Epoch 98, l0 norm : 11026238, l1 norm : 2414407.4259643555
Epoch 98, min : 0.0, max : 0.8038007616996765
This epoch duration :1034.1784508228302
Epoch 98, val-method base, validation accuracy 91.62999725341797, best_prec 92.3699951171875
Epoch 99, l0 norm : 11026238, l1 norm : 2420979.3220214844
Epoch 99, min : 0.0, max : 0.8076822757720947
This epoch duration :1033.9448590278625
Epoch 99, val-method base, validation accuracy 91.56999969482422, best_prec 92.3699951171875
