Namespace(configs='configs/FASHION_MNIST/pen_bip_1.yml', result_dir='./trained_models', exp_name='fm_5', exp_mode='prune', arch='fmnist_model', num_classes=10, layer_type='unstructured', k=None, lambd=0.999993, alpha=1.0, fw_momentum=1.0, scaled_score_init=True, scale_rand_init=False, freeze_bn=False, source_net='trained_models/FMNIST_fmnist_model/pretrain/latest_exp/checkpoint/model_best.pth.tar', scores_init_type=None, dataset='FashionMNIST', batch_size=128, num_workers=2, test_batch_size=128, normalize=True, data_dir='./data', image_dim=32, trainer='penalized_bilevel_1', epochs=100, optimizer='sgd', wd=0.0001, mask_lr=0.1, lr=0.1, mask_lr_schedule='step', lr_schedule='cosine', momentum=0.9, warmup_epochs=0, warmup_lr=0.1, save_dense=False, evaluate=False, val_method='base', resume='', seed=1234, print_freq=100, lr2=0.0001, accelerate=False)
=> loading source model from 'trained_models/FMNIST_fmnist_model/pretrain/latest_exp/checkpoint/model_best.pth.tar'
=> loaded checkpoint 'trained_models/FMNIST_fmnist_model/pretrain/latest_exp/checkpoint/model_best.pth.tar'
Epoch 0, l0 norm : 160853, l1 norm : 23024.648330688477
Epoch 0, min : 0.0, max : 0.9317152500152588
This epoch duration :132.83424305915833
Epoch 0, val-method base, validation accuracy 87.29999542236328, best_prec 87.29999542236328
Epoch 1, l0 norm : 161136, l1 norm : 22745.062210083008
Epoch 1, min : 0.0, max : 0.9348174929618835
This epoch duration :153.99160742759705
Epoch 1, val-method base, validation accuracy 87.45999908447266, best_prec 87.45999908447266
Epoch 2, l0 norm : 161278, l1 norm : 22580.088623046875
Epoch 2, min : 0.0, max : 0.9524375200271606
This epoch duration :154.44256734848022
Epoch 2, val-method base, validation accuracy 88.44999694824219, best_prec 88.44999694824219
Epoch 3, l0 norm : 161407, l1 norm : 22506.773345947266
Epoch 3, min : 0.0, max : 0.9558753967285156
This epoch duration :153.9300138950348
Epoch 3, val-method base, validation accuracy 89.62999725341797, best_prec 89.62999725341797
Epoch 4, l0 norm : 161509, l1 norm : 22441.190704345703
Epoch 4, min : 0.0, max : 0.9614362716674805
This epoch duration :154.97643184661865
Epoch 4, val-method base, validation accuracy 89.05999755859375, best_prec 89.62999725341797
Epoch 5, l0 norm : 161579, l1 norm : 22436.366485595703
Epoch 5, min : 0.0, max : 0.9605281352996826
This epoch duration :153.42459058761597
Epoch 5, val-method base, validation accuracy 89.56999969482422, best_prec 89.62999725341797
Epoch 6, l0 norm : 161623, l1 norm : 22429.018920898438
Epoch 6, min : 0.0, max : 0.9618867635726929
This epoch duration :153.22101426124573
Epoch 6, val-method base, validation accuracy 89.72999572753906, best_prec 89.72999572753906
Epoch 7, l0 norm : 161677, l1 norm : 22418.028564453125
Epoch 7, min : 0.0, max : 0.962753415107727
This epoch duration :149.21074295043945
Epoch 7, val-method base, validation accuracy 90.15999603271484, best_prec 90.15999603271484
Epoch 8, l0 norm : 161727, l1 norm : 22434.99005126953
Epoch 8, min : 0.0, max : 0.9639596939086914
This epoch duration :153.41213035583496
Epoch 8, val-method base, validation accuracy 90.19999694824219, best_prec 90.19999694824219
Epoch 9, l0 norm : 161756, l1 norm : 22445.366729736328
Epoch 9, min : 0.0, max : 0.9644001722335815
This epoch duration :153.24990272521973
Epoch 9, val-method base, validation accuracy 89.73999786376953, best_prec 90.19999694824219
Epoch 10, l0 norm : 161793, l1 norm : 22467.99282836914
Epoch 10, min : 0.0, max : 0.9658069610595703
This epoch duration :153.0192632675171
Epoch 10, val-method base, validation accuracy 90.32999420166016, best_prec 90.32999420166016
Epoch 11, l0 norm : 161827, l1 norm : 22488.3719329834
Epoch 11, min : 0.0, max : 0.9671956896781921
This epoch duration :152.83837628364563
Epoch 11, val-method base, validation accuracy 90.68999481201172, best_prec 90.68999481201172
Epoch 12, l0 norm : 161855, l1 norm : 22508.771408081055
Epoch 12, min : 0.0, max : 0.9683126211166382
This epoch duration :152.9263482093811
Epoch 12, val-method base, validation accuracy 90.52999877929688, best_prec 90.68999481201172
Epoch 13, l0 norm : 161878, l1 norm : 22527.985076904297
Epoch 13, min : 0.0, max : 0.9665648341178894
This epoch duration :153.167555809021
Epoch 13, val-method base, validation accuracy 90.02999877929688, best_prec 90.68999481201172
Epoch 14, l0 norm : 161891, l1 norm : 22540.905960083008
Epoch 14, min : 0.0, max : 0.962634265422821
This epoch duration :152.93522238731384
Epoch 14, val-method base, validation accuracy 90.02999877929688, best_prec 90.68999481201172
Epoch 15, l0 norm : 161903, l1 norm : 22557.986099243164
Epoch 15, min : 0.0, max : 0.9620075225830078
This epoch duration :152.8642783164978
Epoch 15, val-method base, validation accuracy 90.61000061035156, best_prec 90.68999481201172
Epoch 16, l0 norm : 161920, l1 norm : 22563.055252075195
Epoch 16, min : 0.0, max : 0.9578350782394409
This epoch duration :152.1556739807129
Epoch 16, val-method base, validation accuracy 90.2699966430664, best_prec 90.68999481201172
Epoch 17, l0 norm : 161930, l1 norm : 22566.962020874023
Epoch 17, min : 0.0, max : 0.9557254314422607
This epoch duration :150.39697670936584
Epoch 17, val-method base, validation accuracy 90.4000015258789, best_prec 90.68999481201172
Epoch 18, l0 norm : 161944, l1 norm : 22573.916915893555
Epoch 18, min : 0.0, max : 0.9502218961715698
This epoch duration :153.78232765197754
Epoch 18, val-method base, validation accuracy 89.83999633789062, best_prec 90.68999481201172
Epoch 19, l0 norm : 161960, l1 norm : 22578.296188354492
Epoch 19, min : 0.0, max : 0.944913387298584
This epoch duration :153.81349873542786
Epoch 19, val-method base, validation accuracy 89.7699966430664, best_prec 90.68999481201172
Epoch 20, l0 norm : 161967, l1 norm : 22575.75848388672
Epoch 20, min : 0.0, max : 0.9425345659255981
This epoch duration :153.3475365638733
Epoch 20, val-method base, validation accuracy 90.77999877929688, best_prec 90.77999877929688
Epoch 21, l0 norm : 161974, l1 norm : 22566.291381835938
Epoch 21, min : 0.0, max : 0.9379950761795044
This epoch duration :153.15029621124268
Epoch 21, val-method base, validation accuracy 90.13999938964844, best_prec 90.77999877929688
Epoch 22, l0 norm : 161985, l1 norm : 22559.315704345703
Epoch 22, min : 0.0, max : 0.9320195913314819
This epoch duration :153.56910181045532
Epoch 22, val-method base, validation accuracy 90.54999542236328, best_prec 90.77999877929688
Epoch 23, l0 norm : 161992, l1 norm : 22550.11834716797
Epoch 23, min : 0.0, max : 0.9267427921295166
This epoch duration :154.08814978599548
Epoch 23, val-method base, validation accuracy 89.5, best_prec 90.77999877929688
Epoch 24, l0 norm : 162001, l1 norm : 22538.004364013672
Epoch 24, min : 0.0, max : 0.923795759677887
This epoch duration :153.47491979599
Epoch 24, val-method base, validation accuracy 90.41999816894531, best_prec 90.77999877929688
Epoch 25, l0 norm : 162007, l1 norm : 22523.38475036621
Epoch 25, min : 0.0, max : 0.9189343452453613
This epoch duration :153.54397630691528
Epoch 25, val-method base, validation accuracy 89.72999572753906, best_prec 90.77999877929688
Epoch 26, l0 norm : 162015, l1 norm : 22511.93637084961
Epoch 26, min : 0.0, max : 0.9172297716140747
This epoch duration :150.01935648918152
Epoch 26, val-method base, validation accuracy 89.95999908447266, best_prec 90.77999877929688
Epoch 27, l0 norm : 162025, l1 norm : 22490.859405517578
Epoch 27, min : 0.0, max : 0.9140685200691223
This epoch duration :151.09712934494019
Epoch 27, val-method base, validation accuracy 90.44999694824219, best_prec 90.77999877929688
Epoch 28, l0 norm : 162026, l1 norm : 22466.399444580078
Epoch 28, min : 0.0, max : 0.9096236824989319
This epoch duration :152.28546142578125
Epoch 28, val-method base, validation accuracy 89.5199966430664, best_prec 90.77999877929688
Epoch 29, l0 norm : 162029, l1 norm : 22444.330184936523
Epoch 29, min : 0.0, max : 0.9039074182510376
This epoch duration :153.91181254386902
Epoch 29, val-method base, validation accuracy 89.94999694824219, best_prec 90.77999877929688
Epoch 30, l0 norm : 162031, l1 norm : 22423.451736450195
Epoch 30, min : 0.0, max : 0.8972732424736023
This epoch duration :153.7735631465912
Epoch 30, val-method base, validation accuracy 89.8499984741211, best_prec 90.77999877929688
Epoch 31, l0 norm : 162033, l1 norm : 22398.80079650879
Epoch 31, min : 0.0, max : 0.8948322534561157
This epoch duration :153.47941613197327
Epoch 31, val-method base, validation accuracy 89.86000061035156, best_prec 90.77999877929688
Epoch 32, l0 norm : 162035, l1 norm : 22375.395446777344
Epoch 32, min : 0.0, max : 0.888262927532196
This epoch duration :153.8470494747162
Epoch 32, val-method base, validation accuracy 90.19999694824219, best_prec 90.77999877929688
Epoch 33, l0 norm : 162038, l1 norm : 22347.83721923828
Epoch 33, min : 0.0, max : 0.88189697265625
This epoch duration :154.22384524345398
Epoch 33, val-method base, validation accuracy 90.58999633789062, best_prec 90.77999877929688
Epoch 34, l0 norm : 162041, l1 norm : 22322.8857421875
Epoch 34, min : 0.0, max : 0.8783586025238037
This epoch duration :153.7906198501587
Epoch 34, val-method base, validation accuracy 89.75, best_prec 90.77999877929688
Epoch 35, l0 norm : 162044, l1 norm : 22294.526092529297
Epoch 35, min : 0.0, max : 0.8722826242446899
This epoch duration :153.86938405036926
Epoch 35, val-method base, validation accuracy 89.90999603271484, best_prec 90.77999877929688
Epoch 36, l0 norm : 162046, l1 norm : 22263.048736572266
Epoch 36, min : 0.0, max : 0.8670395016670227
This epoch duration :149.85495138168335
Epoch 36, val-method base, validation accuracy 90.07999420166016, best_prec 90.77999877929688
Epoch 37, l0 norm : 162046, l1 norm : 22230.155639648438
Epoch 37, min : 0.0, max : 0.8619917035102844
This epoch duration :152.91909551620483
Epoch 37, val-method base, validation accuracy 90.0199966430664, best_prec 90.77999877929688
Epoch 38, l0 norm : 162046, l1 norm : 22195.957092285156
Epoch 38, min : 0.0, max : 0.8586058020591736
This epoch duration :153.3666763305664
Epoch 38, val-method base, validation accuracy 90.25, best_prec 90.77999877929688
Epoch 39, l0 norm : 162046, l1 norm : 22164.295135498047
Epoch 39, min : 0.0, max : 0.854216456413269
This epoch duration :153.87667798995972
Epoch 39, val-method base, validation accuracy 90.11000061035156, best_prec 90.77999877929688
Epoch 40, l0 norm : 162046, l1 norm : 22129.416046142578
Epoch 40, min : 0.0, max : 0.8508738875389099
This epoch duration :153.65576577186584
Epoch 40, val-method base, validation accuracy 90.18999481201172, best_prec 90.77999877929688
Epoch 41, l0 norm : 162046, l1 norm : 22101.742645263672
Epoch 41, min : 0.0, max : 0.8458598256111145
This epoch duration :153.99551463127136
Epoch 41, val-method base, validation accuracy 90.38999938964844, best_prec 90.77999877929688
Epoch 42, l0 norm : 162046, l1 norm : 22062.256134033203
Epoch 42, min : 0.0, max : 0.8428374528884888
This epoch duration :153.05294036865234
Epoch 42, val-method base, validation accuracy 90.00999450683594, best_prec 90.77999877929688
Epoch 43, l0 norm : 162046, l1 norm : 22016.477325439453
Epoch 43, min : 0.0, max : 0.8396582007408142
This epoch duration :153.53044509887695
Epoch 43, val-method base, validation accuracy 90.33999633789062, best_prec 90.77999877929688
Epoch 44, l0 norm : 162046, l1 norm : 21967.923568725586
Epoch 44, min : 0.0, max : 0.8361220955848694
This epoch duration :153.46451711654663
Epoch 44, val-method base, validation accuracy 90.04000091552734, best_prec 90.77999877929688
Epoch 45, l0 norm : 162047, l1 norm : 21927.2977142334
Epoch 45, min : 0.0, max : 0.8328967690467834
This epoch duration :153.2312150001526
Epoch 45, val-method base, validation accuracy 90.22000122070312, best_prec 90.77999877929688
Epoch 46, l0 norm : 162048, l1 norm : 21883.852447509766
Epoch 46, min : 0.0, max : 0.8292532563209534
This epoch duration :149.9538848400116
Epoch 46, val-method base, validation accuracy 90.1500015258789, best_prec 90.77999877929688
Epoch 47, l0 norm : 162048, l1 norm : 21838.83868408203
Epoch 47, min : 0.0, max : 0.8243295550346375
This epoch duration :153.28812432289124
Epoch 47, val-method base, validation accuracy 89.94999694824219, best_prec 90.77999877929688
Epoch 48, l0 norm : 162048, l1 norm : 21792.92266845703
Epoch 48, min : 0.0, max : 0.8222102522850037
This epoch duration :153.86161065101624
Epoch 48, val-method base, validation accuracy 90.27999877929688, best_prec 90.77999877929688
Epoch 49, l0 norm : 162048, l1 norm : 21752.13934326172
Epoch 49, min : 0.0, max : 0.8194501996040344
This epoch duration :153.8375027179718
Epoch 49, val-method base, validation accuracy 90.31999969482422, best_prec 90.77999877929688
Epoch 50, l0 norm : 162048, l1 norm : 21706.1124420166
Epoch 50, min : 0.0, max : 0.8159411549568176
This epoch duration :153.55664825439453
Epoch 50, val-method base, validation accuracy 90.16999816894531, best_prec 90.77999877929688
Epoch 51, l0 norm : 162048, l1 norm : 21664.09114074707
Epoch 51, min : 0.0, max : 0.8138571381568909
This epoch duration :153.71082735061646
Epoch 51, val-method base, validation accuracy 89.97000122070312, best_prec 90.77999877929688
Epoch 52, l0 norm : 162048, l1 norm : 21622.16827392578
Epoch 52, min : 0.0, max : 0.8106940388679504
This epoch duration :152.97734308242798
Epoch 52, val-method base, validation accuracy 90.22999572753906, best_prec 90.77999877929688
Epoch 53, l0 norm : 162048, l1 norm : 21579.287628173828
Epoch 53, min : 0.0, max : 0.8080119490623474
This epoch duration :152.37211656570435
Epoch 53, val-method base, validation accuracy 90.20999908447266, best_prec 90.77999877929688
Epoch 54, l0 norm : 162048, l1 norm : 21537.870727539062
Epoch 54, min : 0.0, max : 0.8047980070114136
This epoch duration :152.45280504226685
Epoch 54, val-method base, validation accuracy 90.29000091552734, best_prec 90.77999877929688
Epoch 55, l0 norm : 162048, l1 norm : 21498.730682373047
Epoch 55, min : 0.0, max : 0.8015202879905701
This epoch duration :151.77058839797974
Epoch 55, val-method base, validation accuracy 90.20999908447266, best_prec 90.77999877929688
Epoch 56, l0 norm : 162048, l1 norm : 21459.85986328125
Epoch 56, min : 0.0, max : 0.7990055680274963
This epoch duration :149.3780755996704
Epoch 56, val-method base, validation accuracy 90.11000061035156, best_prec 90.77999877929688
Epoch 57, l0 norm : 162048, l1 norm : 21421.334548950195
Epoch 57, min : 0.0, max : 0.7977191209793091
This epoch duration :153.65360808372498
Epoch 57, val-method base, validation accuracy 90.33999633789062, best_prec 90.77999877929688
Epoch 58, l0 norm : 162048, l1 norm : 21387.13230895996
Epoch 58, min : 0.0, max : 0.795494794845581
This epoch duration :152.39853596687317
Epoch 58, val-method base, validation accuracy 90.19999694824219, best_prec 90.77999877929688
Epoch 59, l0 norm : 162048, l1 norm : 21356.563095092773
Epoch 59, min : 0.0, max : 0.7943624258041382
This epoch duration :153.64649271965027
Epoch 59, val-method base, validation accuracy 90.32999420166016, best_prec 90.77999877929688
Epoch 60, l0 norm : 162048, l1 norm : 21325.686737060547
Epoch 60, min : 0.0, max : 0.791890561580658
This epoch duration :153.76634192466736
Epoch 60, val-method base, validation accuracy 90.00999450683594, best_prec 90.77999877929688
Epoch 61, l0 norm : 162048, l1 norm : 21295.967041015625
Epoch 61, min : 0.0, max : 0.7898216247558594
This epoch duration :152.56251001358032
Epoch 61, val-method base, validation accuracy 90.25999450683594, best_prec 90.77999877929688
Epoch 62, l0 norm : 162048, l1 norm : 21266.489379882812
Epoch 62, min : 0.0, max : 0.786913275718689
This epoch duration :153.41199159622192
Epoch 62, val-method base, validation accuracy 90.36000061035156, best_prec 90.77999877929688
Epoch 63, l0 norm : 162048, l1 norm : 21236.191528320312
Epoch 63, min : 0.0, max : 0.7849979996681213
This epoch duration :153.41535687446594
Epoch 63, val-method base, validation accuracy 90.27999877929688, best_prec 90.77999877929688
Epoch 64, l0 norm : 162048, l1 norm : 21208.783935546875
Epoch 64, min : 0.0, max : 0.7839652895927429
This epoch duration :153.21873307228088
Epoch 64, val-method base, validation accuracy 90.31999969482422, best_prec 90.77999877929688
Epoch 65, l0 norm : 162048, l1 norm : 21181.443298339844
Epoch 65, min : 0.0, max : 0.7836714386940002
This epoch duration :150.9852683544159
Epoch 65, val-method base, validation accuracy 90.16999816894531, best_prec 90.77999877929688
Epoch 66, l0 norm : 162048, l1 norm : 21156.889221191406
Epoch 66, min : 0.0, max : 0.7832556366920471
This epoch duration :151.43470001220703
Epoch 66, val-method base, validation accuracy 90.0, best_prec 90.77999877929688
Epoch 67, l0 norm : 162048, l1 norm : 21133.927520751953
Epoch 67, min : 0.0, max : 0.7825460433959961
This epoch duration :153.1544909477234
Epoch 67, val-method base, validation accuracy 90.29000091552734, best_prec 90.77999877929688
Epoch 68, l0 norm : 162048, l1 norm : 21113.2899017334
Epoch 68, min : 0.0, max : 0.7818124890327454
This epoch duration :153.0622684955597
Epoch 68, val-method base, validation accuracy 90.29999542236328, best_prec 90.77999877929688
Epoch 69, l0 norm : 162048, l1 norm : 21091.781646728516
Epoch 69, min : 0.0, max : 0.781708300113678
This epoch duration :153.99739789962769
Epoch 69, val-method base, validation accuracy 90.29999542236328, best_prec 90.77999877929688
Epoch 70, l0 norm : 162048, l1 norm : 21071.780822753906
Epoch 70, min : 0.0, max : 0.7813130021095276
This epoch duration :154.29685354232788
Epoch 70, val-method base, validation accuracy 90.12999725341797, best_prec 90.77999877929688
Epoch 71, l0 norm : 162048, l1 norm : 21052.887084960938
Epoch 71, min : 0.0, max : 0.7808168530464172
This epoch duration :154.25426936149597
Epoch 71, val-method base, validation accuracy 90.30999755859375, best_prec 90.77999877929688
Epoch 72, l0 norm : 162048, l1 norm : 21034.126571655273
Epoch 72, min : 0.0, max : 0.7805733680725098
This epoch duration :153.41652584075928
Epoch 72, val-method base, validation accuracy 90.25999450683594, best_prec 90.77999877929688
Epoch 73, l0 norm : 162048, l1 norm : 21016.959197998047
Epoch 73, min : 0.0, max : 0.7797625064849854
This epoch duration :153.8283622264862
Epoch 73, val-method base, validation accuracy 90.41999816894531, best_prec 90.77999877929688
Epoch 74, l0 norm : 162048, l1 norm : 20999.99983215332
Epoch 74, min : 0.0, max : 0.7795537114143372
This epoch duration :153.6613049507141
Epoch 74, val-method base, validation accuracy 90.36000061035156, best_prec 90.77999877929688
Epoch 75, l0 norm : 162048, l1 norm : 20983.37046813965
Epoch 75, min : 0.0, max : 0.7789639830589294
This epoch duration :150.44152212142944
Epoch 75, val-method base, validation accuracy 90.25, best_prec 90.77999877929688
Epoch 76, l0 norm : 162048, l1 norm : 20967.65264892578
Epoch 76, min : 0.0, max : 0.7786658406257629
This epoch duration :152.89491772651672
Epoch 76, val-method base, validation accuracy 90.30999755859375, best_prec 90.77999877929688
Epoch 77, l0 norm : 162048, l1 norm : 20952.422485351562
Epoch 77, min : 0.0, max : 0.7787657380104065
This epoch duration :153.16860914230347
Epoch 77, val-method base, validation accuracy 90.2699966430664, best_prec 90.77999877929688
Epoch 78, l0 norm : 162048, l1 norm : 20937.937530517578
Epoch 78, min : 0.0, max : 0.7785916328430176
This epoch duration :153.41116547584534
Epoch 78, val-method base, validation accuracy 90.30999755859375, best_prec 90.77999877929688
Epoch 79, l0 norm : 162048, l1 norm : 20923.710861206055
Epoch 79, min : 0.0, max : 0.7781578898429871
This epoch duration :154.13431215286255
Epoch 79, val-method base, validation accuracy 90.32999420166016, best_prec 90.77999877929688
Epoch 80, l0 norm : 162048, l1 norm : 20909.356170654297
Epoch 80, min : 0.0, max : 0.7777945399284363
This epoch duration :154.58089232444763
Epoch 80, val-method base, validation accuracy 90.3499984741211, best_prec 90.77999877929688
Epoch 81, l0 norm : 162048, l1 norm : 20895.325714111328
Epoch 81, min : 0.0, max : 0.7772371172904968
This epoch duration :153.88173389434814
Epoch 81, val-method base, validation accuracy 90.3499984741211, best_prec 90.77999877929688
Epoch 82, l0 norm : 162048, l1 norm : 20882.44253540039
Epoch 82, min : 0.0, max : 0.7774133086204529
This epoch duration :154.19146370887756
Epoch 82, val-method base, validation accuracy 90.2699966430664, best_prec 90.77999877929688
Epoch 83, l0 norm : 162048, l1 norm : 20869.28875732422
Epoch 83, min : 0.0, max : 0.776978075504303
This epoch duration :154.43349933624268
Epoch 83, val-method base, validation accuracy 90.29999542236328, best_prec 90.77999877929688
Epoch 84, l0 norm : 162048, l1 norm : 20855.997436523438
Epoch 84, min : 0.0, max : 0.7769564986228943
This epoch duration :153.32133173942566
Epoch 84, val-method base, validation accuracy 90.29999542236328, best_prec 90.77999877929688
Epoch 85, l0 norm : 162048, l1 norm : 20843.032928466797
Epoch 85, min : 0.0, max : 0.7760495543479919
This epoch duration :148.48797273635864
Epoch 85, val-method base, validation accuracy 90.3699951171875, best_prec 90.77999877929688
Epoch 86, l0 norm : 162048, l1 norm : 20831.521362304688
Epoch 86, min : 0.0, max : 0.7760988473892212
This epoch duration :152.65040922164917
Epoch 86, val-method base, validation accuracy 90.33999633789062, best_prec 90.77999877929688
Epoch 87, l0 norm : 162048, l1 norm : 20818.61085510254
Epoch 87, min : 0.0, max : 0.7758139371871948
This epoch duration :153.15182948112488
Epoch 87, val-method base, validation accuracy 90.3699951171875, best_prec 90.77999877929688
Epoch 88, l0 norm : 162048, l1 norm : 20806.78807067871
Epoch 88, min : 0.0, max : 0.7754917740821838
This epoch duration :152.7084984779358
Epoch 88, val-method base, validation accuracy 90.33999633789062, best_prec 90.77999877929688
Epoch 89, l0 norm : 162048, l1 norm : 20795.06283569336
Epoch 89, min : 0.0, max : 0.7755061388015747
This epoch duration :152.5787124633789
Epoch 89, val-method base, validation accuracy 90.40999603271484, best_prec 90.77999877929688
Epoch 90, l0 norm : 162048, l1 norm : 20783.35919189453
Epoch 90, min : 0.0, max : 0.7751451134681702
This epoch duration :152.4923198223114
Epoch 90, val-method base, validation accuracy 90.3499984741211, best_prec 90.77999877929688
Epoch 91, l0 norm : 162048, l1 norm : 20772.307708740234
Epoch 91, min : 0.0, max : 0.7748884558677673
This epoch duration :152.7197186946869
Epoch 91, val-method base, validation accuracy 90.36000061035156, best_prec 90.77999877929688
Epoch 92, l0 norm : 162048, l1 norm : 20760.484741210938
Epoch 92, min : 0.0, max : 0.7747777104377747
This epoch duration :152.18648409843445
Epoch 92, val-method base, validation accuracy 90.33999633789062, best_prec 90.77999877929688
Epoch 93, l0 norm : 162048, l1 norm : 20749.452728271484
Epoch 93, min : 0.0, max : 0.7745333909988403
This epoch duration :152.5626721382141
Epoch 93, val-method base, validation accuracy 90.3499984741211, best_prec 90.77999877929688
Epoch 94, l0 norm : 162048, l1 norm : 20738.84144592285
Epoch 94, min : 0.0, max : 0.7742975950241089
This epoch duration :151.32177352905273
Epoch 94, val-method base, validation accuracy 90.32999420166016, best_prec 90.77999877929688
Epoch 95, l0 norm : 162048, l1 norm : 20727.63983154297
Epoch 95, min : 0.0, max : 0.773941159248352
This epoch duration :149.5371608734131
Epoch 95, val-method base, validation accuracy 90.3499984741211, best_prec 90.77999877929688
Epoch 96, l0 norm : 162048, l1 norm : 20716.634246826172
Epoch 96, min : 0.0, max : 0.7737661004066467
This epoch duration :152.45737600326538
Epoch 96, val-method base, validation accuracy 90.36000061035156, best_prec 90.77999877929688
Epoch 97, l0 norm : 162048, l1 norm : 20705.958068847656
Epoch 97, min : 0.0, max : 0.7735123634338379
This epoch duration :152.2998559474945
Epoch 97, val-method base, validation accuracy 90.3699951171875, best_prec 90.77999877929688
Epoch 98, l0 norm : 162048, l1 norm : 20695.350952148438
Epoch 98, min : 0.0, max : 0.7733940482139587
This epoch duration :153.24685668945312
Epoch 98, val-method base, validation accuracy 90.32999420166016, best_prec 90.77999877929688
Epoch 99, l0 norm : 162048, l1 norm : 20684.420471191406
Epoch 99, min : 0.0, max : 0.7733580470085144
This epoch duration :128.3251621723175
Epoch 99, val-method base, validation accuracy 90.36000061035156, best_prec 90.77999877929688
