Namespace(configs='configs/CIFAR10/pen_bip_1.yml', result_dir='./trained_models', exp_name='RC_pb1_21', exp_mode='prune', arch='resnet18', num_classes=10, layer_type='unstructured', k=None, lambd=0.99999992, alpha=1.0, scaled_score_init=True, scale_rand_init=False, freeze_bn=False, source_net='trained_models/CIFAR10_resnet18_Pretrain/pretrain/latest_exp/checkpoint/model_best.pth.tar', scores_init_type=None, dataset='CIFAR10', batch_size=128, num_workers=2, test_batch_size=128, normalize=True, data_dir='./data', image_dim=32, trainer='penalized_bilevel_1', epochs=100, optimizer='sgd', wd=0.0001, mask_lr=0.1, lr=0.1, mask_lr_schedule='step', lr_schedule='cosine', momentum=0.9, warmup_epochs=0, warmup_lr=0.1, save_dense=False, evaluate=False, val_method='base', resume='', seed=1234, print_freq=100, lr2=0.0001, accelerate=False)
=> loading source model from 'trained_models/CIFAR10_resnet18_Pretrain/pretrain/latest_exp/checkpoint/model_best.pth.tar'
=> loaded checkpoint 'trained_models/CIFAR10_resnet18_Pretrain/pretrain/latest_exp/checkpoint/model_best.pth.tar'
Epoch 0, l0 norm : 6340552, l1 norm : 1155163.4099121094
Epoch 0, min : 0.0, max : 0.6857091188430786
This epoch duration :1982.7784049510956
Epoch 0, val-method base, validation accuracy 58.939998626708984, best_prec 58.939998626708984
Epoch 1, l0 norm : 6345654, l1 norm : 1188420.461303711
Epoch 1, min : 0.0, max : 0.6996864676475525
This epoch duration :2041.7618815898895
Epoch 1, val-method base, validation accuracy 73.15999603271484, best_prec 73.15999603271484
Epoch 2, l0 norm : 6347264, l1 norm : 1200321.8345336914
Epoch 2, min : 0.0, max : 0.7123804688453674
This epoch duration :2036.0774171352386
Epoch 2, val-method base, validation accuracy 76.94999694824219, best_prec 76.94999694824219
Epoch 3, l0 norm : 6347972, l1 norm : 1206753.0856933594
Epoch 3, min : 0.0, max : 0.733433723449707
This epoch duration :2033.6484959125519
Epoch 3, val-method base, validation accuracy 78.72000122070312, best_prec 78.72000122070312
Epoch 4, l0 norm : 6348351, l1 norm : 1210913.663269043
Epoch 4, min : 0.0, max : 0.7390156388282776
This epoch duration :2031.8153383731842
Epoch 4, val-method base, validation accuracy 80.69999694824219, best_prec 80.69999694824219
Epoch 5, l0 norm : 6348644, l1 norm : 1214144.5692138672
Epoch 5, min : 0.0, max : 0.7474299669265747
This epoch duration :2035.0298323631287
Epoch 5, val-method base, validation accuracy 83.56999969482422, best_prec 83.56999969482422
Epoch 6, l0 norm : 6348841, l1 norm : 1216694.4209594727
Epoch 6, min : 0.0, max : 0.753865659236908
This epoch duration :2026.4442369937897
Epoch 6, val-method base, validation accuracy 84.56999969482422, best_prec 84.56999969482422
Epoch 7, l0 norm : 6349010, l1 norm : 1218976.43649292
Epoch 7, min : 0.0, max : 0.7666758298873901
This epoch duration :2034.5505285263062
Epoch 7, val-method base, validation accuracy 85.81999969482422, best_prec 85.81999969482422
Epoch 8, l0 norm : 6349113, l1 norm : 1220415.2963562012
Epoch 8, min : 0.0, max : 0.7597719430923462
This epoch duration :2032.8360996246338
Epoch 8, val-method base, validation accuracy 84.8499984741211, best_prec 85.81999969482422
Epoch 9, l0 norm : 6349239, l1 norm : 1221887.092956543
Epoch 9, min : 0.0, max : 0.7604256868362427
This epoch duration :2033.337154865265
Epoch 9, val-method base, validation accuracy 87.25, best_prec 87.25
Epoch 10, l0 norm : 6349365, l1 norm : 1223255.8672485352
Epoch 10, min : 0.0, max : 0.7527523636817932
This epoch duration :2033.4355075359344
Epoch 10, val-method base, validation accuracy 85.23999786376953, best_prec 87.25
Epoch 11, l0 norm : 6349491, l1 norm : 1224361.6459350586
Epoch 11, min : 0.0, max : 0.7575594186782837
This epoch duration :2034.2585949897766
Epoch 11, val-method base, validation accuracy 87.54999542236328, best_prec 87.54999542236328
Epoch 12, l0 norm : 6349560, l1 norm : 1225188.0815124512
Epoch 12, min : 0.0, max : 0.7565106749534607
This epoch duration :2036.4003684520721
Epoch 12, val-method base, validation accuracy 88.38999938964844, best_prec 88.38999938964844
Epoch 13, l0 norm : 6349615, l1 norm : 1226058.0432434082
Epoch 13, min : 0.0, max : 0.7618513107299805
This epoch duration :2032.92231965065
Epoch 13, val-method base, validation accuracy 86.3499984741211, best_prec 88.38999938964844
Epoch 14, l0 norm : 6349671, l1 norm : 1226830.5114746094
Epoch 14, min : 0.0, max : 0.7569875717163086
This epoch duration :2034.7736434936523
Epoch 14, val-method base, validation accuracy 88.97999572753906, best_prec 88.97999572753906
Epoch 15, l0 norm : 6349722, l1 norm : 1227467.6185302734
Epoch 15, min : 0.0, max : 0.7600919604301453
This epoch duration :2034.7398867607117
Epoch 15, val-method base, validation accuracy 88.22000122070312, best_prec 88.97999572753906
Epoch 16, l0 norm : 6349759, l1 norm : 1228101.9408569336
Epoch 16, min : 0.0, max : 0.7547935247421265
This epoch duration :2035.3846867084503
Epoch 16, val-method base, validation accuracy 88.61000061035156, best_prec 88.97999572753906
Epoch 17, l0 norm : 6349779, l1 norm : 1228638.293914795
Epoch 17, min : 0.0, max : 0.7547690868377686
This epoch duration :2034.791645526886
Epoch 17, val-method base, validation accuracy 88.97999572753906, best_prec 88.97999572753906
Epoch 18, l0 norm : 6349800, l1 norm : 1228991.1790161133
Epoch 18, min : 0.0, max : 0.7529097199440002
This epoch duration :2036.5916867256165
Epoch 18, val-method base, validation accuracy 88.0, best_prec 88.97999572753906
Epoch 19, l0 norm : 6349826, l1 norm : 1229461.1235961914
Epoch 19, min : 0.0, max : 0.7496724128723145
This epoch duration :2032.6858911514282
Epoch 19, val-method base, validation accuracy 88.75, best_prec 88.97999572753906
Epoch 20, l0 norm : 6349843, l1 norm : 1229831.6988830566
Epoch 20, min : 0.0, max : 0.7493880987167358
This epoch duration :2036.268715620041
Epoch 20, val-method base, validation accuracy 89.23999786376953, best_prec 89.23999786376953
Epoch 21, l0 norm : 6349865, l1 norm : 1230245.9857788086
Epoch 21, min : 0.0, max : 0.7462353706359863
This epoch duration :2034.385000705719
Epoch 21, val-method base, validation accuracy 89.20999908447266, best_prec 89.23999786376953
Epoch 22, l0 norm : 6349895, l1 norm : 1230546.4609069824
Epoch 22, min : 0.0, max : 0.7434149980545044
This epoch duration :2035.290474653244
Epoch 22, val-method base, validation accuracy 89.43000030517578, best_prec 89.43000030517578
Epoch 23, l0 norm : 6349928, l1 norm : 1230926.0702209473
Epoch 23, min : 0.0, max : 0.7418453693389893
This epoch duration :2032.9373767375946
Epoch 23, val-method base, validation accuracy 89.97999572753906, best_prec 89.97999572753906
Epoch 24, l0 norm : 6349943, l1 norm : 1231140.4128723145
Epoch 24, min : 0.0, max : 0.7402475476264954
This epoch duration :2031.7021036148071
Epoch 24, val-method base, validation accuracy 90.22000122070312, best_prec 90.22000122070312
Epoch 25, l0 norm : 6349957, l1 norm : 1231404.0385131836
Epoch 25, min : 0.0, max : 0.7374750971794128
This epoch duration :2031.2577602863312
Epoch 25, val-method base, validation accuracy 89.1199951171875, best_prec 90.22000122070312
Epoch 26, l0 norm : 6349969, l1 norm : 1231539.8309936523
Epoch 26, min : 0.0, max : 0.7355104088783264
This epoch duration :2033.2076697349548
Epoch 26, val-method base, validation accuracy 89.9000015258789, best_prec 90.22000122070312
Epoch 27, l0 norm : 6349981, l1 norm : 1231753.1012268066
Epoch 27, min : 0.0, max : 0.7307044863700867
This epoch duration :2033.0748331546783
Epoch 27, val-method base, validation accuracy 89.45999908447266, best_prec 90.22000122070312
Epoch 28, l0 norm : 6349989, l1 norm : 1231962.713256836
Epoch 28, min : 0.0, max : 0.7290269136428833
This epoch duration :2031.0757849216461
Epoch 28, val-method base, validation accuracy 90.48999786376953, best_prec 90.48999786376953
Epoch 29, l0 norm : 6349994, l1 norm : 1232147.5443115234
Epoch 29, min : 0.0, max : 0.7274978160858154
This epoch duration :2034.1967661380768
Epoch 29, val-method base, validation accuracy 90.90999603271484, best_prec 90.90999603271484
Epoch 30, l0 norm : 6350009, l1 norm : 1232366.7453918457
Epoch 30, min : 0.0, max : 0.7277536392211914
This epoch duration :2028.5250942707062
Epoch 30, val-method base, validation accuracy 90.95999908447266, best_prec 90.95999908447266
Epoch 31, l0 norm : 6350019, l1 norm : 1232465.0364990234
Epoch 31, min : 0.0, max : 0.7286189794540405
This epoch duration :2031.5043318271637
Epoch 31, val-method base, validation accuracy 90.25, best_prec 90.95999908447266
Epoch 32, l0 norm : 6350025, l1 norm : 1232620.7716064453
Epoch 32, min : 0.0, max : 0.7281488180160522
This epoch duration :2033.6979525089264
Epoch 32, val-method base, validation accuracy 90.47000122070312, best_prec 90.95999908447266
Epoch 33, l0 norm : 6350032, l1 norm : 1232797.85647583
Epoch 33, min : 0.0, max : 0.7301216125488281
This epoch duration :2032.5305006504059
Epoch 33, val-method base, validation accuracy 89.48999786376953, best_prec 90.95999908447266
Epoch 34, l0 norm : 6350041, l1 norm : 1232878.6567382812
Epoch 34, min : 0.0, max : 0.729634702205658
This epoch duration :2034.5274901390076
Epoch 34, val-method base, validation accuracy 90.13999938964844, best_prec 90.95999908447266
Epoch 35, l0 norm : 6350047, l1 norm : 1233050.5257263184
Epoch 35, min : 0.0, max : 0.7305887937545776
This epoch duration :2036.7992017269135
Epoch 35, val-method base, validation accuracy 90.12999725341797, best_prec 90.95999908447266
Epoch 36, l0 norm : 6350051, l1 norm : 1233170.1123657227
Epoch 36, min : 0.0, max : 0.7298137545585632
This epoch duration :2030.9248685836792
Epoch 36, val-method base, validation accuracy 90.87999725341797, best_prec 90.95999908447266
Epoch 37, l0 norm : 6350061, l1 norm : 1233254.2681884766
Epoch 37, min : 0.0, max : 0.7299072742462158
This epoch duration :2035.5040633678436
Epoch 37, val-method base, validation accuracy 91.0999984741211, best_prec 91.0999984741211
Epoch 38, l0 norm : 6350066, l1 norm : 1233342.905456543
Epoch 38, min : 0.0, max : 0.7306239604949951
This epoch duration :2037.0662336349487
Epoch 38, val-method base, validation accuracy 89.75, best_prec 91.0999984741211
Epoch 39, l0 norm : 6350071, l1 norm : 1233419.269744873
Epoch 39, min : 0.0, max : 0.7305161952972412
This epoch duration :2037.0723295211792
Epoch 39, val-method base, validation accuracy 90.87999725341797, best_prec 91.0999984741211
Epoch 40, l0 norm : 6350078, l1 norm : 1233492.4401855469
Epoch 40, min : 0.0, max : 0.7326579093933105
This epoch duration :2041.7223641872406
Epoch 40, val-method base, validation accuracy 90.93999481201172, best_prec 91.0999984741211
Epoch 41, l0 norm : 6350079, l1 norm : 1233512.6413879395
Epoch 41, min : 0.0, max : 0.7350009679794312
This epoch duration :2039.537184715271
Epoch 41, val-method base, validation accuracy 91.30999755859375, best_prec 91.30999755859375
Epoch 42, l0 norm : 6350082, l1 norm : 1233471.244934082
Epoch 42, min : 0.0, max : 0.7348459959030151
This epoch duration :2037.7305788993835
Epoch 42, val-method base, validation accuracy 91.0999984741211, best_prec 91.30999755859375
Epoch 43, l0 norm : 6350084, l1 norm : 1233464.5985412598
Epoch 43, min : 0.0, max : 0.7342231869697571
This epoch duration :2040.41268491745
Epoch 43, val-method base, validation accuracy 91.50999450683594, best_prec 91.50999450683594
Epoch 44, l0 norm : 6350092, l1 norm : 1233485.4258422852
Epoch 44, min : 0.0, max : 0.7338640093803406
This epoch duration :2036.1692147254944
Epoch 44, val-method base, validation accuracy 91.20999908447266, best_prec 91.50999450683594
Epoch 45, l0 norm : 6350097, l1 norm : 1233398.8874511719
Epoch 45, min : 0.0, max : 0.7359510660171509
This epoch duration :2037.436811208725
Epoch 45, val-method base, validation accuracy 91.29000091552734, best_prec 91.50999450683594
Epoch 46, l0 norm : 6350103, l1 norm : 1233355.6088562012
Epoch 46, min : 0.0, max : 0.7364985942840576
This epoch duration :2033.6187286376953
Epoch 46, val-method base, validation accuracy 91.18000030517578, best_prec 91.50999450683594
Epoch 47, l0 norm : 6350106, l1 norm : 1233268.353302002
Epoch 47, min : 0.0, max : 0.7390449047088623
This epoch duration :2028.0150463581085
Epoch 47, val-method base, validation accuracy 90.83999633789062, best_prec 91.50999450683594
Epoch 48, l0 norm : 6350111, l1 norm : 1233149.4236450195
Epoch 48, min : 0.0, max : 0.7399701476097107
This epoch duration :2035.3946647644043
Epoch 48, val-method base, validation accuracy 91.12999725341797, best_prec 91.50999450683594
Epoch 49, l0 norm : 6350113, l1 norm : 1233003.1974487305
Epoch 49, min : 0.0, max : 0.73902827501297
This epoch duration :2035.150378704071
Epoch 49, val-method base, validation accuracy 91.30999755859375, best_prec 91.50999450683594
Epoch 50, l0 norm : 6350115, l1 norm : 1232888.9419555664
Epoch 50, min : 0.0, max : 0.7393326759338379
This epoch duration :2029.2368714809418
Epoch 50, val-method base, validation accuracy 91.98999786376953, best_prec 91.98999786376953
Epoch 51, l0 norm : 6350120, l1 norm : 1232598.2568969727
Epoch 51, min : 0.0, max : 0.7393302321434021
This epoch duration :2036.2362744808197
Epoch 51, val-method base, validation accuracy 91.7699966430664, best_prec 91.98999786376953
Epoch 52, l0 norm : 6350124, l1 norm : 1232352.964416504
Epoch 52, min : 0.0, max : 0.7388362884521484
This epoch duration :2029.1908774375916
Epoch 52, val-method base, validation accuracy 91.48999786376953, best_prec 91.98999786376953
Epoch 53, l0 norm : 6350127, l1 norm : 1232101.3091430664
Epoch 53, min : 0.0, max : 0.7383763790130615
This epoch duration :2038.213693857193
Epoch 53, val-method base, validation accuracy 91.83999633789062, best_prec 91.98999786376953
Epoch 54, l0 norm : 6350133, l1 norm : 1231820.2399597168
Epoch 54, min : 0.0, max : 0.7383971810340881
This epoch duration :2037.0641074180603
Epoch 54, val-method base, validation accuracy 92.25999450683594, best_prec 92.25999450683594
Epoch 55, l0 norm : 6350134, l1 norm : 1231429.5592956543
Epoch 55, min : 0.0, max : 0.7389768362045288
This epoch duration :2036.0599248409271
Epoch 55, val-method base, validation accuracy 91.5, best_prec 92.25999450683594
Epoch 56, l0 norm : 6350134, l1 norm : 1230952.7237548828
Epoch 56, min : 0.0, max : 0.7396906018257141
This epoch duration :2037.2007420063019
Epoch 56, val-method base, validation accuracy 92.1199951171875, best_prec 92.25999450683594
Epoch 57, l0 norm : 6350135, l1 norm : 1230677.748840332
Epoch 57, min : 0.0, max : 0.7393277287483215
This epoch duration :2037.4625940322876
Epoch 57, val-method base, validation accuracy 92.25999450683594, best_prec 92.25999450683594
Epoch 58, l0 norm : 6350137, l1 norm : 1230150.7344055176
Epoch 58, min : 0.0, max : 0.7393274903297424
This epoch duration :2031.4800443649292
Epoch 58, val-method base, validation accuracy 92.19999694824219, best_prec 92.25999450683594
Epoch 59, l0 norm : 6350138, l1 norm : 1229648.4444885254
Epoch 59, min : 0.0, max : 0.7398243546485901
This epoch duration :2037.7292168140411
Epoch 59, val-method base, validation accuracy 92.41999816894531, best_prec 92.41999816894531
Epoch 60, l0 norm : 6350143, l1 norm : 1229143.2322998047
Epoch 60, min : 0.0, max : 0.739804208278656
This epoch duration :2030.5579645633698
Epoch 60, val-method base, validation accuracy 92.38999938964844, best_prec 92.41999816894531
Epoch 61, l0 norm : 6350149, l1 norm : 1228431.6465454102
Epoch 61, min : 0.0, max : 0.741414487361908
This epoch duration :2037.375509262085
Epoch 61, val-method base, validation accuracy 93.0, best_prec 93.0
Epoch 62, l0 norm : 6350150, l1 norm : 1227714.2783203125
Epoch 62, min : 0.0, max : 0.7419885993003845
This epoch duration :2040.856456041336
Epoch 62, val-method base, validation accuracy 92.63999938964844, best_prec 93.0
Epoch 63, l0 norm : 6350150, l1 norm : 1226909.1065673828
Epoch 63, min : 0.0, max : 0.7430081963539124
This epoch duration :2036.815628528595
Epoch 63, val-method base, validation accuracy 92.43999481201172, best_prec 93.0
Epoch 64, l0 norm : 6350153, l1 norm : 1225789.3000488281
Epoch 64, min : 0.0, max : 0.7428113222122192
This epoch duration :2037.2303919792175
Epoch 64, val-method base, validation accuracy 92.98999786376953, best_prec 93.0
Epoch 65, l0 norm : 6350155, l1 norm : 1224765.7634887695
Epoch 65, min : 0.0, max : 0.7433181405067444
This epoch duration :2036.0835807323456
Epoch 65, val-method base, validation accuracy 93.06999969482422, best_prec 93.06999969482422
Epoch 66, l0 norm : 6350156, l1 norm : 1223656.7937011719
Epoch 66, min : 0.0, max : 0.743950605392456
This epoch duration :2035.5832197666168
Epoch 66, val-method base, validation accuracy 93.19999694824219, best_prec 93.19999694824219
Epoch 67, l0 norm : 6350156, l1 norm : 1222208.988647461
Epoch 67, min : 0.0, max : 0.7456759214401245
This epoch duration :2036.352257490158
Epoch 67, val-method base, validation accuracy 93.25999450683594, best_prec 93.25999450683594
Epoch 68, l0 norm : 6350157, l1 norm : 1220673.3146972656
Epoch 68, min : 0.0, max : 0.7463797926902771
This epoch duration :2035.0096459388733
Epoch 68, val-method base, validation accuracy 93.02999877929688, best_prec 93.25999450683594
Epoch 69, l0 norm : 6350159, l1 norm : 1219062.6687927246
Epoch 69, min : 0.0, max : 0.7477688789367676
This epoch duration :2035.5759496688843
Epoch 69, val-method base, validation accuracy 93.14999389648438, best_prec 93.25999450683594
Epoch 70, l0 norm : 6350162, l1 norm : 1217006.050567627
Epoch 70, min : 0.0, max : 0.748820424079895
This epoch duration :2036.522795200348
Epoch 70, val-method base, validation accuracy 93.50999450683594, best_prec 93.50999450683594
Epoch 71, l0 norm : 6350164, l1 norm : 1214710.7698364258
Epoch 71, min : 0.0, max : 0.7507392764091492
This epoch duration :2037.9540226459503
Epoch 71, val-method base, validation accuracy 93.5199966430664, best_prec 93.5199966430664
Epoch 72, l0 norm : 6350164, l1 norm : 1212177.5635681152
Epoch 72, min : 0.0, max : 0.751816987991333
This epoch duration :2034.066694021225
Epoch 72, val-method base, validation accuracy 93.41999816894531, best_prec 93.5199966430664
Epoch 73, l0 norm : 6350164, l1 norm : 1209564.2212524414
Epoch 73, min : 0.0, max : 0.7547702789306641
This epoch duration :2036.3289849758148
Epoch 73, val-method base, validation accuracy 93.68999481201172, best_prec 93.68999481201172
Epoch 74, l0 norm : 6350165, l1 norm : 1206559.6668701172
Epoch 74, min : 0.0, max : 0.7578822374343872
This epoch duration :2037.831500530243
Epoch 74, val-method base, validation accuracy 93.70999908447266, best_prec 93.70999908447266
Epoch 75, l0 norm : 6350167, l1 norm : 1203169.9578552246
Epoch 75, min : 0.0, max : 0.7602704167366028
This epoch duration :2032.9363055229187
Epoch 75, val-method base, validation accuracy 93.91999816894531, best_prec 93.91999816894531
Epoch 76, l0 norm : 6350169, l1 norm : 1199669.420349121
Epoch 76, min : 0.0, max : 0.7620371580123901
This epoch duration :2036.4157009124756
Epoch 76, val-method base, validation accuracy 93.70999908447266, best_prec 93.91999816894531
Epoch 77, l0 norm : 6350169, l1 norm : 1195936.6494140625
Epoch 77, min : 0.0, max : 0.7643887996673584
This epoch duration :2036.3844320774078
Epoch 77, val-method base, validation accuracy 93.86000061035156, best_prec 93.91999816894531
Epoch 78, l0 norm : 6350169, l1 norm : 1192330.7167053223
Epoch 78, min : 0.0, max : 0.7666475176811218
This epoch duration :2036.4524502754211
Epoch 78, val-method base, validation accuracy 93.82999420166016, best_prec 93.91999816894531
Epoch 79, l0 norm : 6350169, l1 norm : 1188386.5202026367
Epoch 79, min : 0.0, max : 0.7684437036514282
This epoch duration :2035.8137669563293
Epoch 79, val-method base, validation accuracy 93.93999481201172, best_prec 93.93999481201172
Epoch 80, l0 norm : 6350169, l1 norm : 1183944.3666992188
Epoch 80, min : 0.0, max : 0.7703627347946167
This epoch duration :2031.0762979984283
Epoch 80, val-method base, validation accuracy 93.89999389648438, best_prec 93.93999481201172
Epoch 81, l0 norm : 6350170, l1 norm : 1179386.0852661133
Epoch 81, min : 0.0, max : 0.7714655995368958
This epoch duration :2035.300218820572
Epoch 81, val-method base, validation accuracy 94.02999877929688, best_prec 94.02999877929688
Epoch 82, l0 norm : 6350170, l1 norm : 1174823.9545898438
Epoch 82, min : 0.0, max : 0.7731418013572693
This epoch duration :2029.1299741268158
Epoch 82, val-method base, validation accuracy 94.02999877929688, best_prec 94.02999877929688
Epoch 83, l0 norm : 6350171, l1 norm : 1170296.1008911133
Epoch 83, min : 0.0, max : 0.7740907669067383
This epoch duration :2036.7886009216309
Epoch 83, val-method base, validation accuracy 94.08999633789062, best_prec 94.08999633789062
Epoch 84, l0 norm : 6350171, l1 norm : 1165108.3981323242
Epoch 84, min : 0.0, max : 0.7760250568389893
This epoch duration :2035.64910197258
Epoch 84, val-method base, validation accuracy 94.04000091552734, best_prec 94.08999633789062
Epoch 85, l0 norm : 6350172, l1 norm : 1160009.937133789
Epoch 85, min : 0.0, max : 0.7775424718856812
This epoch duration :2029.8190217018127
Epoch 85, val-method base, validation accuracy 94.06999969482422, best_prec 94.08999633789062
Epoch 86, l0 norm : 6350172, l1 norm : 1154879.6906738281
Epoch 86, min : 0.0, max : 0.7794129252433777
This epoch duration :2040.9020926952362
Epoch 86, val-method base, validation accuracy 94.04000091552734, best_prec 94.08999633789062
Epoch 87, l0 norm : 6350172, l1 norm : 1149656.1134643555
Epoch 87, min : 0.0, max : 0.7804691791534424
This epoch duration :2035.2623109817505
Epoch 87, val-method base, validation accuracy 94.11000061035156, best_prec 94.11000061035156
Epoch 88, l0 norm : 6350172, l1 norm : 1144677.2758789062
Epoch 88, min : 0.0, max : 0.7824026346206665
This epoch duration :2034.3443312644958
Epoch 88, val-method base, validation accuracy 94.13999938964844, best_prec 94.13999938964844
Epoch 89, l0 norm : 6350172, l1 norm : 1139638.936706543
Epoch 89, min : 0.0, max : 0.7841576337814331
This epoch duration :2033.7713689804077
Epoch 89, val-method base, validation accuracy 94.12999725341797, best_prec 94.13999938964844
Epoch 90, l0 norm : 6350172, l1 norm : 1134701.838317871
Epoch 90, min : 0.0, max : 0.7859694957733154
This epoch duration :2034.7607381343842
Epoch 90, val-method base, validation accuracy 94.11000061035156, best_prec 94.13999938964844
Epoch 91, l0 norm : 6350172, l1 norm : 1130008.9581298828
Epoch 91, min : 0.0, max : 0.787665605545044
This epoch duration :2033.1123383045197
Epoch 91, val-method base, validation accuracy 94.13999938964844, best_prec 94.13999938964844
Epoch 92, l0 norm : 6350172, l1 norm : 1125035.1541137695
Epoch 92, min : 0.0, max : 0.7896884679794312
This epoch duration :2032.1371085643768
Epoch 92, val-method base, validation accuracy 94.18999481201172, best_prec 94.18999481201172
Epoch 93, l0 norm : 6350172, l1 norm : 1120341.3629760742
Epoch 93, min : 0.0, max : 0.7914696931838989
This epoch duration :2030.9788117408752
Epoch 93, val-method base, validation accuracy 94.19999694824219, best_prec 94.19999694824219
Epoch 94, l0 norm : 6350172, l1 norm : 1115889.7479248047
Epoch 94, min : 0.0, max : 0.7932129502296448
This epoch duration :2036.2924501895905
Epoch 94, val-method base, validation accuracy 94.16999816894531, best_prec 94.19999694824219
Epoch 95, l0 norm : 6350172, l1 norm : 1111374.9792175293
Epoch 95, min : 0.0, max : 0.7948499917984009
This epoch duration :2030.6389350891113
Epoch 95, val-method base, validation accuracy 94.18000030517578, best_prec 94.19999694824219
Epoch 96, l0 norm : 6350172, l1 norm : 1106694.698638916
Epoch 96, min : 0.0, max : 0.7962235808372498
This epoch duration :2035.3297934532166
Epoch 96, val-method base, validation accuracy 94.23999786376953, best_prec 94.23999786376953
Epoch 97, l0 norm : 6350172, l1 norm : 1101886.939880371
Epoch 97, min : 0.0, max : 0.797867476940155
This epoch duration :2033.302500486374
Epoch 97, val-method base, validation accuracy 94.14999389648438, best_prec 94.23999786376953
Epoch 98, l0 norm : 6350172, l1 norm : 1097661.6340026855
Epoch 98, min : 0.0, max : 0.799669086933136
This epoch duration :2038.4380707740784
Epoch 98, val-method base, validation accuracy 94.22999572753906, best_prec 94.23999786376953
Epoch 99, l0 norm : 6350172, l1 norm : 1093554.9742126465
Epoch 99, min : 0.0, max : 0.8010581731796265
This epoch duration :1574.6264860630035
Epoch 99, val-method base, validation accuracy 94.15999603271484, best_prec 94.23999786376953
