Namespace(configs='configs/KMNIST/pen_bip_1.yml', result_dir='./trained_models', exp_name='km_pb1_m_12', exp_mode='prune', arch='mnist_model', num_classes=10, layer_type='unstructured', k=None, lambd=0.9999999, alpha=1.0, fw_momentum=0.9, scaled_score_init=False, scale_rand_init=False, freeze_bn=False, source_net='trained_models/KMNIST_mnist_model/pretrain/latest_exp/checkpoint/model_best.pth.tar', scores_init_type=None, dataset='KMNIST', batch_size=64, num_workers=2, test_batch_size=64, normalize=True, data_dir='./data', image_dim=28, trainer='penalized_bilevel_1', epochs=100, optimizer='sgd', wd=0.0001, mask_lr=0.1, lr=0.1, mask_lr_schedule='step', lr_schedule='cosine', momentum=0.9, warmup_epochs=0, warmup_lr=0.1, save_dense=False, evaluate=False, val_method='base', resume='', seed=1234, print_freq=100, lr2=0.0001, accelerate=False)
=> loading source model from 'trained_models/KMNIST_mnist_model/pretrain/latest_exp/checkpoint/model_best.pth.tar'
=> loaded checkpoint 'trained_models/KMNIST_mnist_model/pretrain/latest_exp/checkpoint/model_best.pth.tar'
Epoch 0, l0 norm : 46167, l1 norm : 7638.570083618164
Epoch 0, min : 0.0, max : 0.9598857164382935
This epoch duration :320.67588114738464
Epoch 0, val-method base, validation accuracy 90.0199966430664, best_prec 90.0199966430664
Epoch 1, l0 norm : 46167, l1 norm : 7424.156799316406
Epoch 1, min : 0.0, max : 0.9618034362792969
This epoch duration :308.1803240776062
Epoch 1, val-method base, validation accuracy 92.43000030517578, best_prec 92.43000030517578
Epoch 2, l0 norm : 46167, l1 norm : 7327.110900878906
Epoch 2, min : 0.0, max : 0.9752140045166016
This epoch duration :308.3450336456299
Epoch 2, val-method base, validation accuracy 92.8699951171875, best_prec 92.8699951171875
Epoch 3, l0 norm : 46167, l1 norm : 7271.498420715332
Epoch 3, min : 0.0, max : 0.9763027429580688
This epoch duration :308.501540184021
Epoch 3, val-method base, validation accuracy 91.05999755859375, best_prec 92.8699951171875
Epoch 4, l0 norm : 46167, l1 norm : 7230.028762817383
Epoch 4, min : 0.0, max : 0.9720850586891174
This epoch duration :308.0544579029083
Epoch 4, val-method base, validation accuracy 92.79999542236328, best_prec 92.8699951171875
Epoch 5, l0 norm : 46167, l1 norm : 7207.366767883301
Epoch 5, min : 0.0, max : 0.9717792868614197
This epoch duration :308.09370136260986
Epoch 5, val-method base, validation accuracy 93.62999725341797, best_prec 93.62999725341797
Epoch 6, l0 norm : 46167, l1 norm : 7172.613342285156
Epoch 6, min : 0.0, max : 0.9683490991592407
This epoch duration :308.92056703567505
Epoch 6, val-method base, validation accuracy 92.83999633789062, best_prec 93.62999725341797
Epoch 7, l0 norm : 46167, l1 norm : 7147.743591308594
Epoch 7, min : 0.0, max : 0.9696527123451233
This epoch duration :308.1170971393585
Epoch 7, val-method base, validation accuracy 93.13999938964844, best_prec 93.62999725341797
Epoch 8, l0 norm : 46167, l1 norm : 7138.307205200195
Epoch 8, min : 0.0, max : 0.9665089249610901
This epoch duration :308.6004605293274
Epoch 8, val-method base, validation accuracy 93.79000091552734, best_prec 93.79000091552734
Epoch 9, l0 norm : 46167, l1 norm : 7130.75569152832
Epoch 9, min : 0.0, max : 0.9591687917709351
This epoch duration :308.8989474773407
Epoch 9, val-method base, validation accuracy 93.8699951171875, best_prec 93.8699951171875
Epoch 10, l0 norm : 46167, l1 norm : 7116.065444946289
Epoch 10, min : 0.0, max : 0.9580244421958923
This epoch duration :308.0159866809845
Epoch 10, val-method base, validation accuracy 93.87999725341797, best_prec 93.87999725341797
Epoch 11, l0 norm : 46167, l1 norm : 7103.572647094727
Epoch 11, min : 0.0, max : 0.951930046081543
This epoch duration :308.6569881439209
Epoch 11, val-method base, validation accuracy 93.06999969482422, best_prec 93.87999725341797
Epoch 12, l0 norm : 46167, l1 norm : 7095.064743041992
Epoch 12, min : 0.0, max : 0.9447474479675293
This epoch duration :308.7317430973053
Epoch 12, val-method base, validation accuracy 93.07999420166016, best_prec 93.87999725341797
Epoch 13, l0 norm : 46167, l1 norm : 7093.065948486328
Epoch 13, min : 0.0, max : 0.9394646883010864
This epoch duration :308.05802392959595
Epoch 13, val-method base, validation accuracy 93.48999786376953, best_prec 93.87999725341797
Epoch 14, l0 norm : 46167, l1 norm : 7084.692413330078
Epoch 14, min : 0.0, max : 0.9349960684776306
This epoch duration :307.4723587036133
Epoch 14, val-method base, validation accuracy 93.39999389648438, best_prec 93.87999725341797
Epoch 15, l0 norm : 46167, l1 norm : 7088.767135620117
Epoch 15, min : 0.0, max : 0.9319584965705872
This epoch duration :308.568696975708
Epoch 15, val-method base, validation accuracy 92.97999572753906, best_prec 93.87999725341797
Epoch 16, l0 norm : 46167, l1 norm : 7082.98624420166
Epoch 16, min : 0.0, max : 0.9301310181617737
This epoch duration :308.8632483482361
Epoch 16, val-method base, validation accuracy 94.07999420166016, best_prec 94.07999420166016
Epoch 17, l0 norm : 46167, l1 norm : 7079.9290771484375
Epoch 17, min : 0.0, max : 0.9264641404151917
This epoch duration :308.2916371822357
Epoch 17, val-method base, validation accuracy 94.11000061035156, best_prec 94.11000061035156
Epoch 18, l0 norm : 46167, l1 norm : 7079.126419067383
Epoch 18, min : 0.0, max : 0.9265897870063782
This epoch duration :308.65674901008606
Epoch 18, val-method base, validation accuracy 93.90999603271484, best_prec 94.11000061035156
Epoch 19, l0 norm : 46167, l1 norm : 7073.895767211914
Epoch 19, min : 0.0, max : 0.9263731837272644
This epoch duration :307.9761974811554
Epoch 19, val-method base, validation accuracy 93.56999969482422, best_prec 94.11000061035156
Epoch 20, l0 norm : 46167, l1 norm : 7075.992813110352
Epoch 20, min : 0.0, max : 0.9254806041717529
This epoch duration :308.53020668029785
Epoch 20, val-method base, validation accuracy 94.07999420166016, best_prec 94.11000061035156
Epoch 21, l0 norm : 46167, l1 norm : 7073.571273803711
Epoch 21, min : 0.0, max : 0.9256821274757385
This epoch duration :308.49970293045044
Epoch 21, val-method base, validation accuracy 93.98999786376953, best_prec 94.11000061035156
Epoch 22, l0 norm : 46167, l1 norm : 7071.115570068359
Epoch 22, min : 0.0, max : 0.9253188967704773
This epoch duration :308.5404679775238
Epoch 22, val-method base, validation accuracy 94.43000030517578, best_prec 94.43000030517578
Epoch 23, l0 norm : 46167, l1 norm : 7068.6402587890625
Epoch 23, min : 0.0, max : 0.9232529401779175
This epoch duration :308.4633288383484
Epoch 23, val-method base, validation accuracy 94.07999420166016, best_prec 94.43000030517578
Epoch 24, l0 norm : 46167, l1 norm : 7073.462585449219
Epoch 24, min : 0.0, max : 0.9205862879753113
This epoch duration :308.7431471347809
Epoch 24, val-method base, validation accuracy 94.32999420166016, best_prec 94.43000030517578
Epoch 25, l0 norm : 46167, l1 norm : 7073.99641418457
Epoch 25, min : 0.0, max : 0.9220223426818848
This epoch duration :308.0275192260742
Epoch 25, val-method base, validation accuracy 93.56999969482422, best_prec 94.43000030517578
Epoch 26, l0 norm : 46167, l1 norm : 7077.391571044922
Epoch 26, min : 0.0, max : 0.9213631749153137
This epoch duration :308.394273519516
Epoch 26, val-method base, validation accuracy 93.56999969482422, best_prec 94.43000030517578
Epoch 27, l0 norm : 46167, l1 norm : 7077.0888595581055
Epoch 27, min : 0.0, max : 0.9202955961227417
This epoch duration :308.8674726486206
Epoch 27, val-method base, validation accuracy 93.72000122070312, best_prec 94.43000030517578
Epoch 28, l0 norm : 46167, l1 norm : 7080.204032897949
Epoch 28, min : 0.0, max : 0.9210766553878784
This epoch duration :308.4719355106354
Epoch 28, val-method base, validation accuracy 94.22000122070312, best_prec 94.43000030517578
Epoch 29, l0 norm : 46167, l1 norm : 7083.748550415039
Epoch 29, min : 0.0, max : 0.9216350317001343
This epoch duration :308.53732538223267
Epoch 29, val-method base, validation accuracy 94.15999603271484, best_prec 94.43000030517578
Epoch 30, l0 norm : 46167, l1 norm : 7089.622024536133
Epoch 30, min : 0.0, max : 0.9222901463508606
This epoch duration :308.94239115715027
Epoch 30, val-method base, validation accuracy 93.93999481201172, best_prec 94.43000030517578
Epoch 31, l0 norm : 46167, l1 norm : 7089.921600341797
Epoch 31, min : 0.0, max : 0.923342764377594
This epoch duration :308.7728102207184
Epoch 31, val-method base, validation accuracy 93.66999816894531, best_prec 94.43000030517578
Epoch 32, l0 norm : 46167, l1 norm : 7092.008026123047
Epoch 32, min : 0.0, max : 0.9235911965370178
This epoch duration :308.56579303741455
Epoch 32, val-method base, validation accuracy 94.18000030517578, best_prec 94.43000030517578
Epoch 33, l0 norm : 46167, l1 norm : 7094.467819213867
Epoch 33, min : 0.0, max : 0.9254361391067505
This epoch duration :308.5465359687805
Epoch 33, val-method base, validation accuracy 94.14999389648438, best_prec 94.43000030517578
Epoch 34, l0 norm : 46167, l1 norm : 7097.101364135742
Epoch 34, min : 0.0, max : 0.9265862703323364
This epoch duration :308.46963477134705
Epoch 34, val-method base, validation accuracy 94.5199966430664, best_prec 94.5199966430664
Epoch 35, l0 norm : 46167, l1 norm : 7097.0576171875
Epoch 35, min : 0.0, max : 0.9262295365333557
This epoch duration :308.6251380443573
Epoch 35, val-method base, validation accuracy 94.06999969482422, best_prec 94.5199966430664
Epoch 36, l0 norm : 46167, l1 norm : 7098.098449707031
Epoch 36, min : 0.0, max : 0.9267464280128479
This epoch duration :307.9292504787445
Epoch 36, val-method base, validation accuracy 93.54000091552734, best_prec 94.5199966430664
Epoch 37, l0 norm : 46167, l1 norm : 7102.268135070801
Epoch 37, min : 0.0, max : 0.9256707429885864
This epoch duration :308.26837611198425
Epoch 37, val-method base, validation accuracy 94.08999633789062, best_prec 94.5199966430664
Epoch 38, l0 norm : 46167, l1 norm : 7105.947998046875
Epoch 38, min : 0.0, max : 0.9249051809310913
This epoch duration :309.05077266693115
Epoch 38, val-method base, validation accuracy 93.68999481201172, best_prec 94.5199966430664
Epoch 39, l0 norm : 46167, l1 norm : 7106.585639953613
Epoch 39, min : 0.0, max : 0.9256711006164551
This epoch duration :308.4592065811157
Epoch 39, val-method base, validation accuracy 94.08999633789062, best_prec 94.5199966430664
Epoch 40, l0 norm : 46167, l1 norm : 7109.693794250488
Epoch 40, min : 0.0, max : 0.9251842498779297
This epoch duration :307.8711359500885
Epoch 40, val-method base, validation accuracy 93.91999816894531, best_prec 94.5199966430664
Epoch 41, l0 norm : 46167, l1 norm : 7112.908744812012
Epoch 41, min : 0.0, max : 0.9247350692749023
This epoch duration :308.41558480262756
Epoch 41, val-method base, validation accuracy 93.65999603271484, best_prec 94.5199966430664
Epoch 42, l0 norm : 46167, l1 norm : 7116.310615539551
Epoch 42, min : 0.0, max : 0.9249720573425293
This epoch duration :308.3067123889923
Epoch 42, val-method base, validation accuracy 94.39999389648438, best_prec 94.5199966430664
Epoch 43, l0 norm : 46167, l1 norm : 7120.828750610352
Epoch 43, min : 0.0, max : 0.9252712726593018
This epoch duration :308.2309157848358
Epoch 43, val-method base, validation accuracy 94.31999969482422, best_prec 94.5199966430664
Epoch 44, l0 norm : 46167, l1 norm : 7122.965225219727
Epoch 44, min : 0.0, max : 0.9248472452163696
This epoch duration :308.63331174850464
Epoch 44, val-method base, validation accuracy 94.39999389648438, best_prec 94.5199966430664
Epoch 45, l0 norm : 46167, l1 norm : 7127.081802368164
Epoch 45, min : 0.0, max : 0.9242806434631348
This epoch duration :308.40967082977295
Epoch 45, val-method base, validation accuracy 94.58999633789062, best_prec 94.58999633789062
Epoch 46, l0 norm : 46167, l1 norm : 7131.702789306641
Epoch 46, min : 0.0, max : 0.9241064786911011
This epoch duration :308.1349391937256
Epoch 46, val-method base, validation accuracy 94.5199966430664, best_prec 94.58999633789062
Epoch 47, l0 norm : 46167, l1 norm : 7136.785903930664
Epoch 47, min : 0.0, max : 0.9231787919998169
This epoch duration :308.41114807128906
Epoch 47, val-method base, validation accuracy 94.43999481201172, best_prec 94.58999633789062
Epoch 48, l0 norm : 46167, l1 norm : 7140.826690673828
Epoch 48, min : 0.0, max : 0.9225348234176636
This epoch duration :308.650367975235
Epoch 48, val-method base, validation accuracy 94.45999908447266, best_prec 94.58999633789062
Epoch 49, l0 norm : 46167, l1 norm : 7144.526138305664
Epoch 49, min : 0.0, max : 0.9213505983352661
This epoch duration :308.2470922470093
Epoch 49, val-method base, validation accuracy 94.5199966430664, best_prec 94.58999633789062
Epoch 50, l0 norm : 46167, l1 norm : 7150.185203552246
Epoch 50, min : 0.0, max : 0.9206786155700684
This epoch duration :308.93676471710205
Epoch 50, val-method base, validation accuracy 94.40999603271484, best_prec 94.58999633789062
Epoch 51, l0 norm : 46167, l1 norm : 7156.203071594238
Epoch 51, min : 0.0, max : 0.9199143052101135
This epoch duration :308.0282871723175
Epoch 51, val-method base, validation accuracy 94.81999969482422, best_prec 94.81999969482422
Epoch 52, l0 norm : 46167, l1 norm : 7163.164909362793
Epoch 52, min : 0.0, max : 0.9191687703132629
This epoch duration :307.9319703578949
Epoch 52, val-method base, validation accuracy 94.48999786376953, best_prec 94.81999969482422
Epoch 53, l0 norm : 46167, l1 norm : 7171.047271728516
Epoch 53, min : 0.0, max : 0.9190452694892883
This epoch duration :308.5749979019165
Epoch 53, val-method base, validation accuracy 94.75999450683594, best_prec 94.81999969482422
Epoch 54, l0 norm : 46167, l1 norm : 7178.786735534668
Epoch 54, min : 0.0, max : 0.9183090925216675
This epoch duration :308.34105157852173
Epoch 54, val-method base, validation accuracy 94.36000061035156, best_prec 94.81999969482422
Epoch 55, l0 norm : 46167, l1 norm : 7186.453216552734
Epoch 55, min : 0.0, max : 0.9175088405609131
This epoch duration :308.50807666778564
Epoch 55, val-method base, validation accuracy 94.22000122070312, best_prec 94.81999969482422
Epoch 56, l0 norm : 46167, l1 norm : 7193.484939575195
Epoch 56, min : 0.0, max : 0.917830228805542
This epoch duration :308.1638979911804
Epoch 56, val-method base, validation accuracy 94.56999969482422, best_prec 94.81999969482422
Epoch 57, l0 norm : 46167, l1 norm : 7200.618408203125
Epoch 57, min : 0.0, max : 0.9180120825767517
This epoch duration :308.2108700275421
Epoch 57, val-method base, validation accuracy 94.40999603271484, best_prec 94.81999969482422
Epoch 58, l0 norm : 46167, l1 norm : 7207.430274963379
Epoch 58, min : 0.0, max : 0.917857825756073
This epoch duration :307.9417567253113
Epoch 58, val-method base, validation accuracy 94.75999450683594, best_prec 94.81999969482422
Epoch 59, l0 norm : 46167, l1 norm : 7214.823280334473
Epoch 59, min : 0.0, max : 0.9171321392059326
This epoch duration :308.3939859867096
Epoch 59, val-method base, validation accuracy 94.54999542236328, best_prec 94.81999969482422
Epoch 60, l0 norm : 46167, l1 norm : 7222.545669555664
Epoch 60, min : 0.0, max : 0.916135311126709
This epoch duration :307.6080553531647
Epoch 60, val-method base, validation accuracy 94.79999542236328, best_prec 94.81999969482422
Epoch 61, l0 norm : 46167, l1 norm : 7231.127555847168
Epoch 61, min : 0.0, max : 0.9153010845184326
This epoch duration :307.72959542274475
Epoch 61, val-method base, validation accuracy 94.91999816894531, best_prec 94.91999816894531
Epoch 62, l0 norm : 46167, l1 norm : 7239.275611877441
Epoch 62, min : 0.0, max : 0.9150149822235107
This epoch duration :308.2541751861572
Epoch 62, val-method base, validation accuracy 94.82999420166016, best_prec 94.91999816894531
Epoch 63, l0 norm : 46167, l1 norm : 7247.224258422852
Epoch 63, min : 0.0, max : 0.9151422381401062
This epoch duration :308.31913232803345
Epoch 63, val-method base, validation accuracy 94.87999725341797, best_prec 94.91999816894531
Epoch 64, l0 norm : 46167, l1 norm : 7255.2689208984375
Epoch 64, min : 0.0, max : 0.9154536128044128
This epoch duration :309.10733675956726
Epoch 64, val-method base, validation accuracy 94.61000061035156, best_prec 94.91999816894531
Epoch 65, l0 norm : 46167, l1 norm : 7263.174102783203
Epoch 65, min : 0.0, max : 0.9154694080352783
This epoch duration :308.335866689682
Epoch 65, val-method base, validation accuracy 94.80999755859375, best_prec 94.91999816894531
Epoch 66, l0 norm : 46167, l1 norm : 7270.947547912598
Epoch 66, min : 0.0, max : 0.9150897860527039
This epoch duration :307.84961199760437
Epoch 66, val-method base, validation accuracy 94.64999389648438, best_prec 94.91999816894531
Epoch 67, l0 norm : 46167, l1 norm : 7278.555740356445
Epoch 67, min : 0.0, max : 0.9151087403297424
This epoch duration :308.27417039871216
Epoch 67, val-method base, validation accuracy 94.72999572753906, best_prec 94.91999816894531
Epoch 68, l0 norm : 46167, l1 norm : 7286.00798034668
Epoch 68, min : 0.0, max : 0.9150900840759277
This epoch duration :308.3028280735016
Epoch 68, val-method base, validation accuracy 94.75, best_prec 94.91999816894531
Epoch 69, l0 norm : 46167, l1 norm : 7293.508163452148
Epoch 69, min : 0.0, max : 0.9152905941009521
This epoch duration :307.804105758667
Epoch 69, val-method base, validation accuracy 94.77999877929688, best_prec 94.91999816894531
Epoch 70, l0 norm : 46167, l1 norm : 7300.881988525391
Epoch 70, min : 0.0, max : 0.915457010269165
This epoch duration :308.71026968955994
Epoch 70, val-method base, validation accuracy 94.86000061035156, best_prec 94.91999816894531
Epoch 71, l0 norm : 46167, l1 norm : 7308.338470458984
Epoch 71, min : 0.0, max : 0.9153042435646057
This epoch duration :308.51544308662415
Epoch 71, val-method base, validation accuracy 94.75999450683594, best_prec 94.91999816894531
Epoch 72, l0 norm : 46167, l1 norm : 7315.687278747559
Epoch 72, min : 0.0, max : 0.9156395792961121
This epoch duration :308.3857057094574
Epoch 72, val-method base, validation accuracy 94.79999542236328, best_prec 94.91999816894531
Epoch 73, l0 norm : 46167, l1 norm : 7322.825286865234
Epoch 73, min : 0.0, max : 0.9159888029098511
This epoch duration :308.2820963859558
Epoch 73, val-method base, validation accuracy 94.75999450683594, best_prec 94.91999816894531
Epoch 74, l0 norm : 46167, l1 norm : 7329.751647949219
Epoch 74, min : 0.0, max : 0.916033923625946
This epoch duration :308.4524435997009
Epoch 74, val-method base, validation accuracy 94.93000030517578, best_prec 94.93000030517578
Epoch 75, l0 norm : 46167, l1 norm : 7336.669395446777
Epoch 75, min : 0.0, max : 0.9161204099655151
This epoch duration :308.20334005355835
Epoch 75, val-method base, validation accuracy 94.87999725341797, best_prec 94.93000030517578
Epoch 76, l0 norm : 46167, l1 norm : 7343.349609375
Epoch 76, min : 0.0, max : 0.9162667989730835
This epoch duration :308.44150376319885
Epoch 76, val-method base, validation accuracy 94.72999572753906, best_prec 94.93000030517578
Epoch 77, l0 norm : 46167, l1 norm : 7349.757629394531
Epoch 77, min : 0.0, max : 0.9163478016853333
This epoch duration :308.1922891139984
Epoch 77, val-method base, validation accuracy 94.93999481201172, best_prec 94.93999481201172
Epoch 78, l0 norm : 46167, l1 norm : 7356.0717697143555
Epoch 78, min : 0.0, max : 0.9163261651992798
This epoch duration :308.41312861442566
Epoch 78, val-method base, validation accuracy 94.82999420166016, best_prec 94.93999481201172
Epoch 79, l0 norm : 46167, l1 norm : 7362.188705444336
Epoch 79, min : 0.0, max : 0.9167295694351196
This epoch duration :308.6682484149933
Epoch 79, val-method base, validation accuracy 94.89999389648438, best_prec 94.93999481201172
Epoch 80, l0 norm : 46167, l1 norm : 7368.078956604004
Epoch 80, min : 0.0, max : 0.9166523814201355
This epoch duration :307.94116497039795
Epoch 80, val-method base, validation accuracy 94.82999420166016, best_prec 94.93999481201172
Epoch 81, l0 norm : 46167, l1 norm : 7374.028228759766
Epoch 81, min : 0.0, max : 0.9166649580001831
This epoch duration :308.05020093917847
Epoch 81, val-method base, validation accuracy 94.72000122070312, best_prec 94.93999481201172
Epoch 82, l0 norm : 46167, l1 norm : 7379.955535888672
Epoch 82, min : 0.0, max : 0.9166607856750488
This epoch duration :307.8318419456482
Epoch 82, val-method base, validation accuracy 94.87999725341797, best_prec 94.93999481201172
Epoch 83, l0 norm : 46167, l1 norm : 7385.6750411987305
Epoch 83, min : 0.0, max : 0.9166035056114197
This epoch duration :307.85156083106995
Epoch 83, val-method base, validation accuracy 94.8699951171875, best_prec 94.93999481201172
Epoch 84, l0 norm : 46167, l1 norm : 7391.261917114258
Epoch 84, min : 0.0, max : 0.9163960218429565
This epoch duration :308.4056034088135
Epoch 84, val-method base, validation accuracy 94.91999816894531, best_prec 94.93999481201172
Epoch 85, l0 norm : 46167, l1 norm : 7396.503494262695
Epoch 85, min : 0.0, max : 0.9162828922271729
This epoch duration :307.98273968696594
Epoch 85, val-method base, validation accuracy 94.79000091552734, best_prec 94.93999481201172
Epoch 86, l0 norm : 46167, l1 norm : 7401.660263061523
Epoch 86, min : 0.0, max : 0.9165424704551697
This epoch duration :308.33205938339233
Epoch 86, val-method base, validation accuracy 94.87999725341797, best_prec 94.93999481201172
Epoch 87, l0 norm : 46167, l1 norm : 7406.637901306152
Epoch 87, min : 0.0, max : 0.9164181351661682
This epoch duration :308.4660048484802
Epoch 87, val-method base, validation accuracy 94.87999725341797, best_prec 94.93999481201172
Epoch 88, l0 norm : 46167, l1 norm : 7411.489555358887
Epoch 88, min : 0.0, max : 0.9164153933525085
This epoch duration :307.55853295326233
Epoch 88, val-method base, validation accuracy 94.8499984741211, best_prec 94.93999481201172
Epoch 89, l0 norm : 46167, l1 norm : 7416.157043457031
Epoch 89, min : 0.0, max : 0.9163260459899902
This epoch duration :308.8466286659241
Epoch 89, val-method base, validation accuracy 94.8699951171875, best_prec 94.93999481201172
Epoch 90, l0 norm : 46167, l1 norm : 7420.746383666992
Epoch 90, min : 0.0, max : 0.9164986610412598
This epoch duration :308.7718994617462
Epoch 90, val-method base, validation accuracy 94.8699951171875, best_prec 94.93999481201172
Epoch 91, l0 norm : 46167, l1 norm : 7425.141632080078
Epoch 91, min : 0.0, max : 0.91624516248703
This epoch duration :307.8602752685547
Epoch 91, val-method base, validation accuracy 94.90999603271484, best_prec 94.93999481201172
Epoch 92, l0 norm : 46167, l1 norm : 7429.367568969727
Epoch 92, min : 0.0, max : 0.9161950945854187
This epoch duration :308.24594283103943
Epoch 92, val-method base, validation accuracy 94.87999725341797, best_prec 94.93999481201172
Epoch 93, l0 norm : 46167, l1 norm : 7433.268966674805
Epoch 93, min : 0.0, max : 0.9161803126335144
This epoch duration :309.0398898124695
Epoch 93, val-method base, validation accuracy 94.81999969482422, best_prec 94.93999481201172
Epoch 94, l0 norm : 46167, l1 norm : 7437.194007873535
Epoch 94, min : 0.0, max : 0.9162552356719971
This epoch duration :307.9111773967743
Epoch 94, val-method base, validation accuracy 94.90999603271484, best_prec 94.93999481201172
Epoch 95, l0 norm : 46167, l1 norm : 7440.9328689575195
Epoch 95, min : 0.0, max : 0.9161199927330017
This epoch duration :308.7894206047058
Epoch 95, val-method base, validation accuracy 94.89999389648438, best_prec 94.93999481201172
Epoch 96, l0 norm : 46167, l1 norm : 7444.476364135742
Epoch 96, min : 0.0, max : 0.9162636995315552
This epoch duration :308.4874789714813
Epoch 96, val-method base, validation accuracy 94.88999938964844, best_prec 94.93999481201172
Epoch 97, l0 norm : 46167, l1 norm : 7448.00749206543
Epoch 97, min : 0.0, max : 0.9162478446960449
This epoch duration :305.277250289917
Epoch 97, val-method base, validation accuracy 94.89999389648438, best_prec 94.93999481201172
Epoch 98, l0 norm : 46167, l1 norm : 7451.225524902344
Epoch 98, min : 0.0, max : 0.9163537621498108
This epoch duration :268.5556049346924
Epoch 98, val-method base, validation accuracy 94.89999389648438, best_prec 94.93999481201172
Epoch 99, l0 norm : 46167, l1 norm : 7454.323707580566
Epoch 99, min : 0.0, max : 0.9162320494651794
This epoch duration :152.17184925079346
Epoch 99, val-method base, validation accuracy 94.89999389648438, best_prec 94.93999481201172
