Namespace(configs='configs/KMNIST/bip_corrected.yml', result_dir='./trained_models', exp_name='km_bc_13', exp_mode='prune', arch='mnist_model', num_classes=10, layer_type='unstructured', k=0.30338410086136375, lambd=0.0, alpha=1.0, fw_momentum=1.0, scaled_score_init=True, scale_rand_init=False, freeze_bn=False, source_net='trained_models/KMNIST_mnist_model/pretrain/latest_exp/checkpoint/model_best.pth.tar', scores_init_type=None, dataset='KMNIST', batch_size=64, num_workers=2, test_batch_size=64, normalize=True, data_dir='./data', image_dim=28, trainer='bilevel_corrected', epochs=100, optimizer='sgd', wd=0.0001, mask_lr=0.1, lr=0.1, mask_lr_schedule='step', lr_schedule='cosine', momentum=0.9, warmup_epochs=0, warmup_lr=0.1, save_dense=False, evaluate=False, val_method='base', resume='', seed=1234, print_freq=100, lr2=0.0001, accelerate=False)
=> loading source model from 'trained_models/KMNIST_mnist_model/pretrain/latest_exp/checkpoint/model_best.pth.tar'
=> loaded checkpoint 'trained_models/KMNIST_mnist_model/pretrain/latest_exp/checkpoint/model_best.pth.tar'
This epoch duration :47.75329923629761
Epoch 0, val-method base, validation accuracy 10.0, best_prec 10.0
This epoch duration :44.14595913887024
Epoch 1, val-method base, validation accuracy 10.0, best_prec 10.0
This epoch duration :43.766802072525024
Epoch 2, val-method base, validation accuracy 10.0, best_prec 10.0
This epoch duration :46.301188468933105
Epoch 3, val-method base, validation accuracy 10.0, best_prec 10.0
This epoch duration :45.29724383354187
Epoch 4, val-method base, validation accuracy 10.0, best_prec 10.0
This epoch duration :46.083598136901855
Epoch 5, val-method base, validation accuracy 10.0, best_prec 10.0
This epoch duration :45.585657358169556
Epoch 6, val-method base, validation accuracy 10.0, best_prec 10.0
This epoch duration :45.58351707458496
Epoch 7, val-method base, validation accuracy 10.0, best_prec 10.0
This epoch duration :43.86520051956177
Epoch 8, val-method base, validation accuracy 10.0, best_prec 10.0
This epoch duration :45.246424198150635
Epoch 9, val-method base, validation accuracy 10.0, best_prec 10.0
This epoch duration :46.082430839538574
Epoch 10, val-method base, validation accuracy 10.0, best_prec 10.0
This epoch duration :44.268733739852905
Epoch 11, val-method base, validation accuracy 10.0, best_prec 10.0
This epoch duration :44.16222643852234
Epoch 12, val-method base, validation accuracy 10.0, best_prec 10.0
This epoch duration :43.64242196083069
Epoch 13, val-method base, validation accuracy 10.0, best_prec 10.0
This epoch duration :43.70964455604553
Epoch 14, val-method base, validation accuracy 10.0, best_prec 10.0
This epoch duration :44.12514853477478
Epoch 15, val-method base, validation accuracy 10.0, best_prec 10.0
This epoch duration :42.78718614578247
Epoch 16, val-method base, validation accuracy 10.0, best_prec 10.0
This epoch duration :41.846638441085815
Epoch 17, val-method base, validation accuracy 10.0, best_prec 10.0
This epoch duration :44.482027530670166
Epoch 18, val-method base, validation accuracy 10.0, best_prec 10.0
This epoch duration :45.30799841880798
Epoch 19, val-method base, validation accuracy 10.0, best_prec 10.0
This epoch duration :44.3880558013916
Epoch 20, val-method base, validation accuracy 10.0, best_prec 10.0
This epoch duration :45.88729667663574
Epoch 21, val-method base, validation accuracy 10.0, best_prec 10.0
This epoch duration :45.82166361808777
Epoch 22, val-method base, validation accuracy 10.0, best_prec 10.0
This epoch duration :43.31743669509888
Epoch 23, val-method base, validation accuracy 10.0, best_prec 10.0
This epoch duration :43.60079550743103
Epoch 24, val-method base, validation accuracy 10.0, best_prec 10.0
This epoch duration :44.34098744392395
Epoch 25, val-method base, validation accuracy 10.0, best_prec 10.0
This epoch duration :45.902989625930786
Epoch 26, val-method base, validation accuracy 10.0, best_prec 10.0
This epoch duration :44.76312232017517
Epoch 27, val-method base, validation accuracy 10.0, best_prec 10.0
This epoch duration :44.94905757904053
Epoch 28, val-method base, validation accuracy 10.0, best_prec 10.0
This epoch duration :44.64330577850342
Epoch 29, val-method base, validation accuracy 10.0, best_prec 10.0
This epoch duration :46.79598259925842
Epoch 30, val-method base, validation accuracy 10.0, best_prec 10.0
This epoch duration :45.32367753982544
Epoch 31, val-method base, validation accuracy 10.0, best_prec 10.0
This epoch duration :44.260557651519775
Epoch 32, val-method base, validation accuracy 10.0, best_prec 10.0
This epoch duration :45.98250484466553
Epoch 33, val-method base, validation accuracy 10.0, best_prec 10.0
This epoch duration :44.613558530807495
Epoch 34, val-method base, validation accuracy 10.0, best_prec 10.0
This epoch duration :45.03159499168396
Epoch 35, val-method base, validation accuracy 10.0, best_prec 10.0
This epoch duration :45.07141923904419
Epoch 36, val-method base, validation accuracy 10.0, best_prec 10.0
This epoch duration :45.84026527404785
Epoch 37, val-method base, validation accuracy 10.0, best_prec 10.0
This epoch duration :46.31972360610962
Epoch 38, val-method base, validation accuracy 10.0, best_prec 10.0
This epoch duration :45.98080563545227
Epoch 39, val-method base, validation accuracy 10.0, best_prec 10.0
This epoch duration :44.13454985618591
Epoch 40, val-method base, validation accuracy 10.0, best_prec 10.0
This epoch duration :45.16427969932556
Epoch 41, val-method base, validation accuracy 10.0, best_prec 10.0
This epoch duration :46.417492628097534
Epoch 42, val-method base, validation accuracy 10.0, best_prec 10.0
This epoch duration :44.72120666503906
Epoch 43, val-method base, validation accuracy 10.0, best_prec 10.0
This epoch duration :45.443875789642334
Epoch 44, val-method base, validation accuracy 10.0, best_prec 10.0
This epoch duration :44.70318555831909
Epoch 45, val-method base, validation accuracy 10.0, best_prec 10.0
This epoch duration :45.69620108604431
Epoch 46, val-method base, validation accuracy 10.0, best_prec 10.0
This epoch duration :44.45455741882324
Epoch 47, val-method base, validation accuracy 10.0, best_prec 10.0
This epoch duration :44.60134696960449
Epoch 48, val-method base, validation accuracy 10.0, best_prec 10.0
This epoch duration :44.886701583862305
Epoch 49, val-method base, validation accuracy 10.0, best_prec 10.0
This epoch duration :45.78358244895935
Epoch 50, val-method base, validation accuracy 10.0, best_prec 10.0
This epoch duration :45.637290954589844
Epoch 51, val-method base, validation accuracy 10.0, best_prec 10.0
This epoch duration :44.80681753158569
Epoch 52, val-method base, validation accuracy 10.0, best_prec 10.0
This epoch duration :45.54863357543945
Epoch 53, val-method base, validation accuracy 10.0, best_prec 10.0
This epoch duration :45.48749542236328
Epoch 54, val-method base, validation accuracy 10.0, best_prec 10.0
This epoch duration :45.758711099624634
Epoch 55, val-method base, validation accuracy 10.0, best_prec 10.0
This epoch duration :44.81565618515015
Epoch 56, val-method base, validation accuracy 10.0, best_prec 10.0
This epoch duration :44.83361792564392
Epoch 57, val-method base, validation accuracy 10.0, best_prec 10.0
This epoch duration :43.55626130104065
Epoch 58, val-method base, validation accuracy 10.0, best_prec 10.0
This epoch duration :44.99551868438721
Epoch 59, val-method base, validation accuracy 10.0, best_prec 10.0
This epoch duration :44.9122588634491
Epoch 60, val-method base, validation accuracy 10.0, best_prec 10.0
This epoch duration :45.865988969802856
Epoch 61, val-method base, validation accuracy 10.0, best_prec 10.0
This epoch duration :46.862767457962036
Epoch 62, val-method base, validation accuracy 10.0, best_prec 10.0
This epoch duration :44.85172176361084
Epoch 63, val-method base, validation accuracy 10.0, best_prec 10.0
This epoch duration :45.756925106048584
Epoch 64, val-method base, validation accuracy 10.0, best_prec 10.0
This epoch duration :46.26917338371277
Epoch 65, val-method base, validation accuracy 10.0, best_prec 10.0
This epoch duration :44.75362706184387
Epoch 66, val-method base, validation accuracy 10.0, best_prec 10.0
This epoch duration :44.82161593437195
Epoch 67, val-method base, validation accuracy 10.0, best_prec 10.0
This epoch duration :45.020878314971924
Epoch 68, val-method base, validation accuracy 10.0, best_prec 10.0
This epoch duration :43.908461570739746
Epoch 69, val-method base, validation accuracy 10.0, best_prec 10.0
This epoch duration :44.31945276260376
Epoch 70, val-method base, validation accuracy 10.0, best_prec 10.0
This epoch duration :45.55499768257141
Epoch 71, val-method base, validation accuracy 10.0, best_prec 10.0
This epoch duration :44.26363658905029
Epoch 72, val-method base, validation accuracy 10.0, best_prec 10.0
This epoch duration :44.935864210128784
Epoch 73, val-method base, validation accuracy 10.0, best_prec 10.0
This epoch duration :44.74920964241028
Epoch 74, val-method base, validation accuracy 10.0, best_prec 10.0
This epoch duration :45.9365017414093
Epoch 75, val-method base, validation accuracy 10.0, best_prec 10.0
This epoch duration :44.677146196365356
Epoch 76, val-method base, validation accuracy 10.0, best_prec 10.0
This epoch duration :45.42412853240967
Epoch 77, val-method base, validation accuracy 10.0, best_prec 10.0
This epoch duration :45.00431537628174
Epoch 78, val-method base, validation accuracy 10.0, best_prec 10.0
This epoch duration :45.16846179962158
Epoch 79, val-method base, validation accuracy 10.0, best_prec 10.0
This epoch duration :45.77290940284729
Epoch 80, val-method base, validation accuracy 10.0, best_prec 10.0
This epoch duration :44.24963665008545
Epoch 81, val-method base, validation accuracy 10.0, best_prec 10.0
This epoch duration :43.77818584442139
Epoch 82, val-method base, validation accuracy 10.0, best_prec 10.0
This epoch duration :44.48897695541382
Epoch 83, val-method base, validation accuracy 10.0, best_prec 10.0
This epoch duration :44.84402537345886
Epoch 84, val-method base, validation accuracy 10.0, best_prec 10.0
This epoch duration :44.6210880279541
Epoch 85, val-method base, validation accuracy 10.0, best_prec 10.0
This epoch duration :44.928343534469604
Epoch 86, val-method base, validation accuracy 10.0, best_prec 10.0
This epoch duration :44.2580451965332
Epoch 87, val-method base, validation accuracy 10.0, best_prec 10.0
This epoch duration :43.37898230552673
Epoch 88, val-method base, validation accuracy 10.0, best_prec 10.0
This epoch duration :45.023792028427124
Epoch 89, val-method base, validation accuracy 10.0, best_prec 10.0
This epoch duration :44.46176075935364
Epoch 90, val-method base, validation accuracy 10.0, best_prec 10.0
This epoch duration :46.1300950050354
Epoch 91, val-method base, validation accuracy 10.0, best_prec 10.0
This epoch duration :43.94148588180542
Epoch 92, val-method base, validation accuracy 10.0, best_prec 10.0
This epoch duration :45.169981956481934
Epoch 93, val-method base, validation accuracy 10.0, best_prec 10.0
This epoch duration :43.95219802856445
Epoch 94, val-method base, validation accuracy 10.0, best_prec 10.0
This epoch duration :45.26895809173584
Epoch 95, val-method base, validation accuracy 10.0, best_prec 10.0
This epoch duration :43.832427740097046
Epoch 96, val-method base, validation accuracy 10.0, best_prec 10.0
This epoch duration :44.16370248794556
Epoch 97, val-method base, validation accuracy 10.0, best_prec 10.0
This epoch duration :44.602246046066284
Epoch 98, val-method base, validation accuracy 10.0, best_prec 10.0
This epoch duration :45.9380521774292
Epoch 99, val-method base, validation accuracy 10.0, best_prec 10.0
