Namespace(configs='configs/KMNIST/pen_bip_1.yml', result_dir='./trained_models', exp_name='km_pb1_15', exp_mode='prune', arch='mnist_model', num_classes=10, layer_type='unstructured', k=None, lambd=0.99999999, alpha=1.0, fw_momentum=1.0, scaled_score_init=False, scale_rand_init=False, freeze_bn=False, source_net='trained_models/KMNIST_mnist_model/pretrain/latest_exp/checkpoint/model_best.pth.tar', scores_init_type=None, dataset='KMNIST', batch_size=64, num_workers=2, test_batch_size=64, normalize=True, data_dir='./data', image_dim=28, trainer='penalized_bilevel_1', epochs=100, optimizer='sgd', wd=0.0001, mask_lr=0.1, lr=0.1, mask_lr_schedule='step', lr_schedule='cosine', momentum=0.9, warmup_epochs=0, warmup_lr=0.1, save_dense=False, evaluate=False, val_method='base', resume='', seed=1234, print_freq=100, lr2=0.0001, accelerate=False)
=> loading source model from 'trained_models/KMNIST_mnist_model/pretrain/latest_exp/checkpoint/model_best.pth.tar'
=> loaded checkpoint 'trained_models/KMNIST_mnist_model/pretrain/latest_exp/checkpoint/model_best.pth.tar'
Epoch 0, l0 norm : 54411, l1 norm : 10649.516998291016
Epoch 0, min : 0.0, max : 0.9784941673278809
This epoch duration :257.3791072368622
Epoch 0, val-method base, validation accuracy 91.38999938964844, best_prec 91.38999938964844
Epoch 1, l0 norm : 54447, l1 norm : 10319.667221069336
Epoch 1, min : 0.0, max : 0.985565185546875
This epoch duration :307.9140553474426
Epoch 1, val-method base, validation accuracy 92.22000122070312, best_prec 92.22000122070312
Epoch 2, l0 norm : 54450, l1 norm : 10118.979034423828
Epoch 2, min : 0.0, max : 0.9806254506111145
This epoch duration :308.81310081481934
Epoch 2, val-method base, validation accuracy 93.11000061035156, best_prec 93.11000061035156
Epoch 3, l0 norm : 54450, l1 norm : 9955.053009033203
Epoch 3, min : 0.0, max : 0.9763455986976624
This epoch duration :308.2245514392853
Epoch 3, val-method base, validation accuracy 92.70999908447266, best_prec 93.11000061035156
Epoch 4, l0 norm : 54450, l1 norm : 9848.723770141602
Epoch 4, min : 0.0, max : 0.9743167757987976
This epoch duration :307.999475479126
Epoch 4, val-method base, validation accuracy 93.8499984741211, best_prec 93.8499984741211
Epoch 5, l0 norm : 54450, l1 norm : 9778.329124450684
Epoch 5, min : 0.0, max : 0.9715387225151062
This epoch duration :308.5499885082245
Epoch 5, val-method base, validation accuracy 93.25, best_prec 93.8499984741211
Epoch 6, l0 norm : 54450, l1 norm : 9697.37466430664
Epoch 6, min : 0.0, max : 0.9709802269935608
This epoch duration :308.5250871181488
Epoch 6, val-method base, validation accuracy 93.45999908447266, best_prec 93.8499984741211
Epoch 7, l0 norm : 54450, l1 norm : 9649.269821166992
Epoch 7, min : 0.0, max : 0.9667918682098389
This epoch duration :307.96824407577515
Epoch 7, val-method base, validation accuracy 93.8699951171875, best_prec 93.8699951171875
Epoch 8, l0 norm : 54450, l1 norm : 9604.342514038086
Epoch 8, min : 0.0, max : 0.9633127450942993
This epoch duration :308.9986708164215
Epoch 8, val-method base, validation accuracy 94.11000061035156, best_prec 94.11000061035156
Epoch 9, l0 norm : 54450, l1 norm : 9557.764808654785
Epoch 9, min : 0.0, max : 0.9621731042861938
This epoch duration :308.66950964927673
Epoch 9, val-method base, validation accuracy 94.05999755859375, best_prec 94.11000061035156
Epoch 10, l0 norm : 54450, l1 norm : 9538.28012084961
Epoch 10, min : 0.0, max : 0.9597547650337219
This epoch duration :308.1985332965851
Epoch 10, val-method base, validation accuracy 93.75, best_prec 94.11000061035156
Epoch 11, l0 norm : 54450, l1 norm : 9522.21460723877
Epoch 11, min : 0.0, max : 0.9559979438781738
This epoch duration :308.58073830604553
Epoch 11, val-method base, validation accuracy 94.25999450683594, best_prec 94.25999450683594
Epoch 12, l0 norm : 54450, l1 norm : 9490.870140075684
Epoch 12, min : 0.0, max : 0.9540009498596191
This epoch duration :308.4637098312378
Epoch 12, val-method base, validation accuracy 94.02999877929688, best_prec 94.25999450683594
Epoch 13, l0 norm : 54450, l1 norm : 9473.54517364502
Epoch 13, min : 0.0, max : 0.9522407054901123
This epoch duration :308.2786018848419
Epoch 13, val-method base, validation accuracy 93.8699951171875, best_prec 94.25999450683594
Epoch 14, l0 norm : 54450, l1 norm : 9460.093276977539
Epoch 14, min : 0.0, max : 0.9497590661048889
This epoch duration :308.0430428981781
Epoch 14, val-method base, validation accuracy 93.77999877929688, best_prec 94.25999450683594
Epoch 15, l0 norm : 54450, l1 norm : 9455.315124511719
Epoch 15, min : 0.0, max : 0.9479702115058899
This epoch duration :308.2602753639221
Epoch 15, val-method base, validation accuracy 93.68000030517578, best_prec 94.25999450683594
Epoch 16, l0 norm : 54450, l1 norm : 9440.276763916016
Epoch 16, min : 0.0, max : 0.9464805126190186
This epoch duration :308.2416441440582
Epoch 16, val-method base, validation accuracy 94.45999908447266, best_prec 94.45999908447266
Epoch 17, l0 norm : 54450, l1 norm : 9438.327911376953
Epoch 17, min : 0.0, max : 0.9456263780593872
This epoch duration :308.891649723053
Epoch 17, val-method base, validation accuracy 94.57999420166016, best_prec 94.57999420166016
Epoch 18, l0 norm : 54450, l1 norm : 9433.881286621094
Epoch 18, min : 0.0, max : 0.9444462060928345
This epoch duration :308.7892892360687
Epoch 18, val-method base, validation accuracy 93.97000122070312, best_prec 94.57999420166016
Epoch 19, l0 norm : 54450, l1 norm : 9440.97932434082
Epoch 19, min : 0.0, max : 0.944037139415741
This epoch duration :308.06105065345764
Epoch 19, val-method base, validation accuracy 94.68999481201172, best_prec 94.68999481201172
Epoch 20, l0 norm : 54450, l1 norm : 9451.355201721191
Epoch 20, min : 0.0, max : 0.9449766278266907
This epoch duration :308.57395100593567
Epoch 20, val-method base, validation accuracy 93.50999450683594, best_prec 94.68999481201172
Epoch 21, l0 norm : 54450, l1 norm : 9457.488098144531
Epoch 21, min : 0.0, max : 0.9456070065498352
This epoch duration :308.2005407810211
Epoch 21, val-method base, validation accuracy 94.6199951171875, best_prec 94.68999481201172
Epoch 22, l0 norm : 54450, l1 norm : 9468.805946350098
Epoch 22, min : 0.0, max : 0.9436289072036743
This epoch duration :308.3724789619446
Epoch 22, val-method base, validation accuracy 94.87999725341797, best_prec 94.87999725341797
Epoch 23, l0 norm : 54450, l1 norm : 9480.818061828613
Epoch 23, min : 0.0, max : 0.942562460899353
This epoch duration :308.92966651916504
Epoch 23, val-method base, validation accuracy 94.2699966430664, best_prec 94.87999725341797
Epoch 24, l0 norm : 54450, l1 norm : 9486.30436706543
Epoch 24, min : 0.0, max : 0.9405531883239746
This epoch duration :308.2453680038452
Epoch 24, val-method base, validation accuracy 94.39999389648438, best_prec 94.87999725341797
Epoch 25, l0 norm : 54450, l1 norm : 9494.694061279297
Epoch 25, min : 0.0, max : 0.939329981803894
This epoch duration :307.8321142196655
Epoch 25, val-method base, validation accuracy 94.36000061035156, best_prec 94.87999725341797
Epoch 26, l0 norm : 54450, l1 norm : 9498.023880004883
Epoch 26, min : 0.0, max : 0.9393944144248962
This epoch duration :308.7807865142822
Epoch 26, val-method base, validation accuracy 94.43999481201172, best_prec 94.87999725341797
Epoch 27, l0 norm : 54450, l1 norm : 9501.37857055664
Epoch 27, min : 0.0, max : 0.9384042620658875
This epoch duration :308.4004776477814
Epoch 27, val-method base, validation accuracy 94.5999984741211, best_prec 94.87999725341797
Epoch 28, l0 norm : 54450, l1 norm : 9510.04744720459
Epoch 28, min : 0.0, max : 0.937883734703064
This epoch duration :308.5861806869507
Epoch 28, val-method base, validation accuracy 93.38999938964844, best_prec 94.87999725341797
Epoch 29, l0 norm : 54450, l1 norm : 9520.276077270508
Epoch 29, min : 0.0, max : 0.9384748339653015
This epoch duration :308.4401590824127
Epoch 29, val-method base, validation accuracy 93.77999877929688, best_prec 94.87999725341797
Epoch 30, l0 norm : 54450, l1 norm : 9529.593078613281
Epoch 30, min : 0.0, max : 0.93886798620224
This epoch duration :308.644211769104
Epoch 30, val-method base, validation accuracy 94.43000030517578, best_prec 94.87999725341797
Epoch 31, l0 norm : 54450, l1 norm : 9546.927734375
Epoch 31, min : 0.0, max : 0.9382373690605164
This epoch duration :309.049400806427
Epoch 31, val-method base, validation accuracy 94.47000122070312, best_prec 94.87999725341797
Epoch 32, l0 norm : 54450, l1 norm : 9564.005027770996
Epoch 32, min : 0.0, max : 0.9370340704917908
This epoch duration :308.4075584411621
Epoch 32, val-method base, validation accuracy 94.7699966430664, best_prec 94.87999725341797
Epoch 33, l0 norm : 54450, l1 norm : 9583.555282592773
Epoch 33, min : 0.0, max : 0.9343096017837524
This epoch duration :308.3081839084625
Epoch 33, val-method base, validation accuracy 94.77999877929688, best_prec 94.87999725341797
Epoch 34, l0 norm : 54450, l1 norm : 9602.412704467773
Epoch 34, min : 0.0, max : 0.9333338141441345
This epoch duration :308.78191590309143
Epoch 34, val-method base, validation accuracy 94.97000122070312, best_prec 94.97000122070312
Epoch 35, l0 norm : 54450, l1 norm : 9618.6724319458
Epoch 35, min : 0.0, max : 0.932780921459198
This epoch duration :308.9250383377075
Epoch 35, val-method base, validation accuracy 94.97000122070312, best_prec 94.97000122070312
Epoch 36, l0 norm : 54450, l1 norm : 9633.159210205078
Epoch 36, min : 0.0, max : 0.9322138428688049
This epoch duration :307.87607073783875
Epoch 36, val-method base, validation accuracy 93.91999816894531, best_prec 94.97000122070312
Epoch 37, l0 norm : 54450, l1 norm : 9642.541152954102
Epoch 37, min : 0.0, max : 0.9314758777618408
This epoch duration :308.3567259311676
Epoch 37, val-method base, validation accuracy 94.80999755859375, best_prec 94.97000122070312
Epoch 38, l0 norm : 54450, l1 norm : 9654.863189697266
Epoch 38, min : 0.0, max : 0.9297124743461609
This epoch duration :308.7960436344147
Epoch 38, val-method base, validation accuracy 94.18999481201172, best_prec 94.97000122070312
Epoch 39, l0 norm : 54450, l1 norm : 9670.490737915039
Epoch 39, min : 0.0, max : 0.9289072155952454
This epoch duration :308.43890595436096
Epoch 39, val-method base, validation accuracy 95.15999603271484, best_prec 95.15999603271484
Epoch 40, l0 norm : 54450, l1 norm : 9688.585243225098
Epoch 40, min : 0.0, max : 0.9281389713287354
This epoch duration :308.16955733299255
Epoch 40, val-method base, validation accuracy 94.8499984741211, best_prec 95.15999603271484
Epoch 41, l0 norm : 54450, l1 norm : 9709.003608703613
Epoch 41, min : 0.0, max : 0.9272573590278625
This epoch duration :308.4871039390564
Epoch 41, val-method base, validation accuracy 94.64999389648438, best_prec 95.15999603271484
Epoch 42, l0 norm : 54450, l1 norm : 9734.490287780762
Epoch 42, min : 0.0, max : 0.9263343811035156
This epoch duration :307.5407371520996
Epoch 42, val-method base, validation accuracy 94.2699966430664, best_prec 95.15999603271484
Epoch 43, l0 norm : 54450, l1 norm : 9755.408905029297
Epoch 43, min : 0.0, max : 0.9251182675361633
This epoch duration :308.8970937728882
Epoch 43, val-method base, validation accuracy 93.77999877929688, best_prec 95.15999603271484
Epoch 44, l0 norm : 54450, l1 norm : 9772.607299804688
Epoch 44, min : 0.0, max : 0.924619734287262
This epoch duration :308.3294577598572
Epoch 44, val-method base, validation accuracy 94.83999633789062, best_prec 95.15999603271484
Epoch 45, l0 norm : 54450, l1 norm : 9792.753143310547
Epoch 45, min : 0.0, max : 0.924205482006073
This epoch duration :308.46650791168213
Epoch 45, val-method base, validation accuracy 95.25999450683594, best_prec 95.25999450683594
Epoch 46, l0 norm : 54450, l1 norm : 9815.401840209961
Epoch 46, min : 0.0, max : 0.923081636428833
This epoch duration :308.3416347503662
Epoch 46, val-method base, validation accuracy 94.98999786376953, best_prec 95.25999450683594
Epoch 47, l0 norm : 54450, l1 norm : 9838.06655883789
Epoch 47, min : 0.0, max : 0.922245979309082
This epoch duration :307.9861533641815
Epoch 47, val-method base, validation accuracy 95.11000061035156, best_prec 95.25999450683594
Epoch 48, l0 norm : 54450, l1 norm : 9858.683647155762
Epoch 48, min : 0.0, max : 0.9219273328781128
This epoch duration :308.3881092071533
Epoch 48, val-method base, validation accuracy 94.88999938964844, best_prec 95.25999450683594
Epoch 49, l0 norm : 54450, l1 norm : 9877.309356689453
Epoch 49, min : 0.0, max : 0.9217596054077148
This epoch duration :308.9937381744385
Epoch 49, val-method base, validation accuracy 94.97999572753906, best_prec 95.25999450683594
Epoch 50, l0 norm : 54450, l1 norm : 9894.945472717285
Epoch 50, min : 0.0, max : 0.921329915523529
This epoch duration :308.6145865917206
Epoch 50, val-method base, validation accuracy 94.8499984741211, best_prec 95.25999450683594
Epoch 51, l0 norm : 54450, l1 norm : 9914.837203979492
Epoch 51, min : 0.0, max : 0.9210426211357117
This epoch duration :308.1642370223999
Epoch 51, val-method base, validation accuracy 94.86000061035156, best_prec 95.25999450683594
Epoch 52, l0 norm : 54450, l1 norm : 9935.724075317383
Epoch 52, min : 0.0, max : 0.9207314848899841
This epoch duration :308.2761092185974
Epoch 52, val-method base, validation accuracy 94.8499984741211, best_prec 95.25999450683594
Epoch 53, l0 norm : 54450, l1 norm : 9958.05239868164
Epoch 53, min : 0.0, max : 0.9208575487136841
This epoch duration :308.004314661026
Epoch 53, val-method base, validation accuracy 94.98999786376953, best_prec 95.25999450683594
Epoch 54, l0 norm : 54450, l1 norm : 9981.450881958008
Epoch 54, min : 0.0, max : 0.9203588366508484
This epoch duration :308.3103234767914
Epoch 54, val-method base, validation accuracy 94.97000122070312, best_prec 95.25999450683594
Epoch 55, l0 norm : 54450, l1 norm : 10005.84358215332
Epoch 55, min : 0.0, max : 0.9200081825256348
This epoch duration :308.5398244857788
Epoch 55, val-method base, validation accuracy 95.18000030517578, best_prec 95.25999450683594
Epoch 56, l0 norm : 54450, l1 norm : 10030.162612915039
Epoch 56, min : 0.0, max : 0.9196113348007202
This epoch duration :308.2998569011688
Epoch 56, val-method base, validation accuracy 95.05999755859375, best_prec 95.25999450683594
Epoch 57, l0 norm : 54450, l1 norm : 10054.295532226562
Epoch 57, min : 0.0, max : 0.919515073299408
This epoch duration :308.4734683036804
Epoch 57, val-method base, validation accuracy 95.02999877929688, best_prec 95.25999450683594
Epoch 58, l0 norm : 54450, l1 norm : 10078.255432128906
Epoch 58, min : 0.0, max : 0.9191016554832458
This epoch duration :308.16064381599426
Epoch 58, val-method base, validation accuracy 95.25999450683594, best_prec 95.25999450683594
Epoch 59, l0 norm : 54450, l1 norm : 10101.309135437012
Epoch 59, min : 0.0, max : 0.9182929992675781
This epoch duration :307.74763536453247
Epoch 59, val-method base, validation accuracy 95.06999969482422, best_prec 95.25999450683594
Epoch 60, l0 norm : 54450, l1 norm : 10123.469947814941
Epoch 60, min : 0.0, max : 0.9181373715400696
This epoch duration :308.0110652446747
Epoch 60, val-method base, validation accuracy 94.87999725341797, best_prec 95.25999450683594
Epoch 61, l0 norm : 54450, l1 norm : 10146.845748901367
Epoch 61, min : 0.0, max : 0.9183358550071716
This epoch duration :307.9082658290863
Epoch 61, val-method base, validation accuracy 95.02999877929688, best_prec 95.25999450683594
Epoch 62, l0 norm : 54450, l1 norm : 10168.326774597168
Epoch 62, min : 0.0, max : 0.918230414390564
This epoch duration :307.5217981338501
Epoch 62, val-method base, validation accuracy 95.04999542236328, best_prec 95.25999450683594
Epoch 63, l0 norm : 54450, l1 norm : 10190.205856323242
Epoch 63, min : 0.0, max : 0.9184190630912781
This epoch duration :308.57730293273926
Epoch 63, val-method base, validation accuracy 95.0999984741211, best_prec 95.25999450683594
Epoch 64, l0 norm : 54450, l1 norm : 10210.905807495117
Epoch 64, min : 0.0, max : 0.918105959892273
This epoch duration :308.438125371933
Epoch 64, val-method base, validation accuracy 95.16999816894531, best_prec 95.25999450683594
Epoch 65, l0 norm : 54450, l1 norm : 10231.758178710938
Epoch 65, min : 0.0, max : 0.9181051254272461
This epoch duration :308.416508436203
Epoch 65, val-method base, validation accuracy 95.2699966430664, best_prec 95.2699966430664
Epoch 66, l0 norm : 54450, l1 norm : 10252.413604736328
Epoch 66, min : 0.0, max : 0.9177736639976501
This epoch duration :308.43249702453613
Epoch 66, val-method base, validation accuracy 95.3499984741211, best_prec 95.3499984741211
Epoch 67, l0 norm : 54450, l1 norm : 10272.561141967773
Epoch 67, min : 0.0, max : 0.917372465133667
This epoch duration :308.06024408340454
Epoch 67, val-method base, validation accuracy 95.0999984741211, best_prec 95.3499984741211
Epoch 68, l0 norm : 54450, l1 norm : 10292.393081665039
Epoch 68, min : 0.0, max : 0.917006254196167
This epoch duration :307.8862280845642
Epoch 68, val-method base, validation accuracy 95.1199951171875, best_prec 95.3499984741211
Epoch 69, l0 norm : 54450, l1 norm : 10312.104705810547
Epoch 69, min : 0.0, max : 0.9167095422744751
This epoch duration :308.49957156181335
Epoch 69, val-method base, validation accuracy 95.29000091552734, best_prec 95.3499984741211
Epoch 70, l0 norm : 54450, l1 norm : 10330.610870361328
Epoch 70, min : 0.0, max : 0.9164068698883057
This epoch duration :308.22901368141174
Epoch 70, val-method base, validation accuracy 95.18999481201172, best_prec 95.3499984741211
Epoch 71, l0 norm : 54450, l1 norm : 10349.214363098145
Epoch 71, min : 0.0, max : 0.9164050221443176
This epoch duration :308.4837999343872
Epoch 71, val-method base, validation accuracy 95.11000061035156, best_prec 95.3499984741211
Epoch 72, l0 norm : 54450, l1 norm : 10367.925025939941
Epoch 72, min : 0.0, max : 0.9164066910743713
This epoch duration :308.6673934459686
Epoch 72, val-method base, validation accuracy 95.02999877929688, best_prec 95.3499984741211
Epoch 73, l0 norm : 54450, l1 norm : 10385.403213500977
Epoch 73, min : 0.0, max : 0.9169599413871765
This epoch duration :308.08872985839844
Epoch 73, val-method base, validation accuracy 95.07999420166016, best_prec 95.3499984741211
Epoch 74, l0 norm : 54450, l1 norm : 10402.548072814941
Epoch 74, min : 0.0, max : 0.917515754699707
This epoch duration :308.2291121482849
Epoch 74, val-method base, validation accuracy 95.29999542236328, best_prec 95.3499984741211
Epoch 75, l0 norm : 54450, l1 norm : 10419.127258300781
Epoch 75, min : 0.0, max : 0.9182573556900024
This epoch duration :308.15535044670105
Epoch 75, val-method base, validation accuracy 95.16999816894531, best_prec 95.3499984741211
Epoch 76, l0 norm : 54450, l1 norm : 10435.2544631958
Epoch 76, min : 0.0, max : 0.9187105894088745
This epoch duration :308.34857964515686
Epoch 76, val-method base, validation accuracy 95.05999755859375, best_prec 95.3499984741211
Epoch 77, l0 norm : 54450, l1 norm : 10450.836349487305
Epoch 77, min : 0.0, max : 0.9189886450767517
This epoch duration :308.43838238716125
Epoch 77, val-method base, validation accuracy 95.1199951171875, best_prec 95.3499984741211
Epoch 78, l0 norm : 54450, l1 norm : 10466.506973266602
Epoch 78, min : 0.0, max : 0.9192374348640442
This epoch duration :308.30070543289185
Epoch 78, val-method base, validation accuracy 95.07999420166016, best_prec 95.3499984741211
Epoch 79, l0 norm : 54450, l1 norm : 10481.816787719727
Epoch 79, min : 0.0, max : 0.919644832611084
This epoch duration :308.59416484832764
Epoch 79, val-method base, validation accuracy 95.27999877929688, best_prec 95.3499984741211
Epoch 80, l0 norm : 54450, l1 norm : 10496.800430297852
Epoch 80, min : 0.0, max : 0.9199185967445374
This epoch duration :308.46274423599243
Epoch 80, val-method base, validation accuracy 95.15999603271484, best_prec 95.3499984741211
Epoch 81, l0 norm : 54450, l1 norm : 10511.370109558105
Epoch 81, min : 0.0, max : 0.9201478362083435
This epoch duration :307.897775888443
Epoch 81, val-method base, validation accuracy 95.15999603271484, best_prec 95.3499984741211
Epoch 82, l0 norm : 54450, l1 norm : 10525.3423538208
Epoch 82, min : 0.0, max : 0.9205272197723389
This epoch duration :308.0446491241455
Epoch 82, val-method base, validation accuracy 95.14999389648438, best_prec 95.3499984741211
Epoch 83, l0 norm : 54450, l1 norm : 10539.081230163574
Epoch 83, min : 0.0, max : 0.9209223389625549
This epoch duration :308.136846780777
Epoch 83, val-method base, validation accuracy 95.18000030517578, best_prec 95.3499984741211
Epoch 84, l0 norm : 54450, l1 norm : 10552.465034484863
Epoch 84, min : 0.0, max : 0.9214195609092712
This epoch duration :307.71813702583313
Epoch 84, val-method base, validation accuracy 95.22000122070312, best_prec 95.3499984741211
Epoch 85, l0 norm : 54450, l1 norm : 10565.28182220459
Epoch 85, min : 0.0, max : 0.9217423796653748
This epoch duration :308.05810713768005
Epoch 85, val-method base, validation accuracy 95.18000030517578, best_prec 95.3499984741211
Epoch 86, l0 norm : 54450, l1 norm : 10577.677146911621
Epoch 86, min : 0.0, max : 0.9221819639205933
This epoch duration :308.7210969924927
Epoch 86, val-method base, validation accuracy 95.14999389648438, best_prec 95.3499984741211
Epoch 87, l0 norm : 54450, l1 norm : 10589.735855102539
Epoch 87, min : 0.0, max : 0.9224860072135925
This epoch duration :307.96680521965027
Epoch 87, val-method base, validation accuracy 95.19999694824219, best_prec 95.3499984741211
Epoch 88, l0 norm : 54450, l1 norm : 10601.425567626953
Epoch 88, min : 0.0, max : 0.9227972626686096
This epoch duration :307.7041914463043
Epoch 88, val-method base, validation accuracy 95.18999481201172, best_prec 95.3499984741211
Epoch 89, l0 norm : 54450, l1 norm : 10612.676071166992
Epoch 89, min : 0.0, max : 0.9231010675430298
This epoch duration :308.55921816825867
Epoch 89, val-method base, validation accuracy 95.12999725341797, best_prec 95.3499984741211
Epoch 90, l0 norm : 54450, l1 norm : 10623.715133666992
Epoch 90, min : 0.0, max : 0.9235127568244934
This epoch duration :308.473420381546
Epoch 90, val-method base, validation accuracy 95.20999908447266, best_prec 95.3499984741211
Epoch 91, l0 norm : 54450, l1 norm : 10634.28581237793
Epoch 91, min : 0.0, max : 0.9236295223236084
This epoch duration :308.38062500953674
Epoch 91, val-method base, validation accuracy 95.23999786376953, best_prec 95.3499984741211
Epoch 92, l0 norm : 54450, l1 norm : 10644.593864440918
Epoch 92, min : 0.0, max : 0.923872709274292
This epoch duration :308.1403257846832
Epoch 92, val-method base, validation accuracy 95.18999481201172, best_prec 95.3499984741211
Epoch 93, l0 norm : 54450, l1 norm : 10654.292510986328
Epoch 93, min : 0.0, max : 0.9240120649337769
This epoch duration :308.6306805610657
Epoch 93, val-method base, validation accuracy 95.15999603271484, best_prec 95.3499984741211
Epoch 94, l0 norm : 54450, l1 norm : 10663.785766601562
Epoch 94, min : 0.0, max : 0.9244120717048645
This epoch duration :308.581818819046
Epoch 94, val-method base, validation accuracy 95.18000030517578, best_prec 95.3499984741211
Epoch 95, l0 norm : 54450, l1 norm : 10672.903457641602
Epoch 95, min : 0.0, max : 0.924325168132782
This epoch duration :308.5096673965454
Epoch 95, val-method base, validation accuracy 95.16999816894531, best_prec 95.3499984741211
Epoch 96, l0 norm : 54450, l1 norm : 10681.645133972168
Epoch 96, min : 0.0, max : 0.9245220422744751
This epoch duration :308.6479563713074
Epoch 96, val-method base, validation accuracy 95.16999816894531, best_prec 95.3499984741211
Epoch 97, l0 norm : 54450, l1 norm : 10690.064430236816
Epoch 97, min : 0.0, max : 0.924889862537384
This epoch duration :308.2657127380371
Epoch 97, val-method base, validation accuracy 95.15999603271484, best_prec 95.3499984741211
Epoch 98, l0 norm : 54450, l1 norm : 10697.863784790039
Epoch 98, min : 0.0, max : 0.9251005053520203
This epoch duration :294.7266836166382
Epoch 98, val-method base, validation accuracy 95.16999816894531, best_prec 95.3499984741211
Epoch 99, l0 norm : 54450, l1 norm : 10705.410217285156
Epoch 99, min : 0.0, max : 0.9252386689186096
This epoch duration :225.33731627464294
Epoch 99, val-method base, validation accuracy 95.18000030517578, best_prec 95.3499984741211
