Namespace(configs='configs/CIFAR10/pen_bip_3.yml', result_dir='./trained_models', exp_name='RC_pb3_l5k01', exp_mode='prune', arch='resnet18', num_classes=10, layer_type='unstructured', k=0.1, lambd=0.99999, alpha=1.0, scaled_score_init=True, scale_rand_init=False, freeze_bn=False, source_net='trained_models/CIFAR10_resnet18_Pretrain/pretrain/latest_exp/checkpoint/model_best.pth.tar', scores_init_type=None, dataset='CIFAR10', batch_size=128, num_workers=2, test_batch_size=128, normalize=True, data_dir='./data', image_dim=32, trainer='penalized_bilevel_3', epochs=100, optimizer='sgd', wd=0.0001, mask_lr=0.1, lr=0.1, mask_lr_schedule='step', lr_schedule='cosine', momentum=0.9, warmup_epochs=0, warmup_lr=0.1, save_dense=False, evaluate=False, val_method='base', resume='', seed=1234, print_freq=100, lr2=0.0001, accelerate=False)
=> loading source model from 'trained_models/CIFAR10_resnet18_Pretrain/pretrain/latest_exp/checkpoint/model_best.pth.tar'
=> loaded checkpoint 'trained_models/CIFAR10_resnet18_Pretrain/pretrain/latest_exp/checkpoint/model_best.pth.tar'
Epoch 0, l0 norm : 1084887, l1 norm : 627282.3457946777
Epoch 0, min : 0.0, max : 0.9871258735656738
This epoch duration :2206.224622488022
Epoch 0, val-method base, validation accuracy 37.31999969482422, best_prec 37.31999969482422
Epoch 1, l0 norm : 1084887, l1 norm : 614176.7968673706
Epoch 1, min : 0.0, max : 0.9744598865509033
This epoch duration :2303.3874962329865
Epoch 1, val-method base, validation accuracy 40.36000061035156, best_prec 40.36000061035156
Epoch 2, l0 norm : 1084887, l1 norm : 599488.6858673096
Epoch 2, min : 0.0, max : 0.9620466828346252
This epoch duration :2244.748827457428
Epoch 2, val-method base, validation accuracy 48.41999816894531, best_prec 48.41999816894531
Epoch 3, l0 norm : 1084887, l1 norm : 584103.3169403076
Epoch 3, min : 0.0, max : 0.9498899579048157
This epoch duration :2245.7105910778046
Epoch 3, val-method base, validation accuracy 59.18000030517578, best_prec 59.18000030517578
Epoch 4, l0 norm : 1084887, l1 norm : 568767.326789856
Epoch 4, min : 0.0, max : 0.9379942417144775
This epoch duration :2244.628010034561
Epoch 4, val-method base, validation accuracy 60.29999923706055, best_prec 60.29999923706055
Epoch 5, l0 norm : 1084887, l1 norm : 553762.0722503662
Epoch 5, min : 0.0, max : 0.926362931728363
This epoch duration :2245.5051102638245
Epoch 5, val-method base, validation accuracy 66.30999755859375, best_prec 66.30999755859375
Epoch 6, l0 norm : 1084887, l1 norm : 539156.6324615479
Epoch 6, min : 0.0, max : 0.9149988889694214
This epoch duration :2245.235910177231
Epoch 6, val-method base, validation accuracy 65.33000183105469, best_prec 66.30999755859375
Epoch 7, l0 norm : 1084887, l1 norm : 525058.6206054688
Epoch 7, min : 0.0, max : 0.9039047956466675
This epoch duration :2244.781828403473
Epoch 7, val-method base, validation accuracy 69.58999633789062, best_prec 69.58999633789062
Epoch 8, l0 norm : 1084887, l1 norm : 511576.46170043945
Epoch 8, min : 0.0, max : 0.8930832147598267
This epoch duration :2244.1792368888855
Epoch 8, val-method base, validation accuracy 73.86000061035156, best_prec 73.86000061035156
Epoch 9, l0 norm : 1084887, l1 norm : 498692.3345031738
Epoch 9, min : 0.0, max : 0.8825358152389526
This epoch duration :2244.2430782318115
Epoch 9, val-method base, validation accuracy 74.68000030517578, best_prec 74.68000030517578
Epoch 10, l0 norm : 1084887, l1 norm : 486450.7066268921
Epoch 10, min : 0.0, max : 0.8722634315490723
This epoch duration :2246.640374183655
Epoch 10, val-method base, validation accuracy 76.31999969482422, best_prec 76.31999969482422
Epoch 11, l0 norm : 1084887, l1 norm : 474791.80756378174
Epoch 11, min : 0.0, max : 0.8622668981552124
This epoch duration :2245.3570976257324
Epoch 11, val-method base, validation accuracy 77.98999786376953, best_prec 77.98999786376953
Epoch 12, l0 norm : 1084887, l1 norm : 463720.0852127075
Epoch 12, min : 0.0, max : 0.8525470495223999
This epoch duration :2245.8789212703705
Epoch 12, val-method base, validation accuracy 77.69999694824219, best_prec 77.98999786376953
Epoch 13, l0 norm : 1084887, l1 norm : 453184.92698669434
Epoch 13, min : 0.0, max : 0.8431037068367004
This epoch duration :2279.1696965694427
Epoch 13, val-method base, validation accuracy 78.43999481201172, best_prec 78.43999481201172
Epoch 14, l0 norm : 1084887, l1 norm : 443150.6717224121
Epoch 14, min : 0.0, max : 0.8339367508888245
This epoch duration :2275.9824953079224
Epoch 14, val-method base, validation accuracy 79.0199966430664, best_prec 79.0199966430664
Epoch 15, l0 norm : 1084887, l1 norm : 433542.366355896
Epoch 15, min : 0.0, max : 0.8250459432601929
This epoch duration :2244.2093527317047
Epoch 15, val-method base, validation accuracy 78.98999786376953, best_prec 79.0199966430664
Epoch 16, l0 norm : 1084887, l1 norm : 424413.4604797363
Epoch 16, min : 0.0, max : 0.8164296746253967
This epoch duration :2244.3974936008453
Epoch 16, val-method base, validation accuracy 80.2699966430664, best_prec 80.2699966430664
Epoch 17, l0 norm : 1084887, l1 norm : 415754.8896102905
Epoch 17, min : 0.0, max : 0.8080877661705017
This epoch duration :2244.311697244644
Epoch 17, val-method base, validation accuracy 80.43999481201172, best_prec 80.43999481201172
Epoch 18, l0 norm : 1084887, l1 norm : 407551.26779174805
Epoch 18, min : 0.0, max : 0.8000186085700989
This epoch duration :2244.781537771225
Epoch 18, val-method base, validation accuracy 81.73999786376953, best_prec 81.73999786376953
Epoch 19, l0 norm : 1084887, l1 norm : 399707.08221435547
Epoch 19, min : 0.0, max : 0.7922207713127136
This epoch duration :2243.799180984497
Epoch 19, val-method base, validation accuracy 81.5, best_prec 81.73999786376953
Epoch 20, l0 norm : 1084887, l1 norm : 392206.64643859863
Epoch 20, min : 0.0, max : 0.7846932411193848
This epoch duration :2244.5148413181305
Epoch 20, val-method base, validation accuracy 82.61000061035156, best_prec 82.61000061035156
Epoch 21, l0 norm : 1084887, l1 norm : 385079.82737731934
Epoch 21, min : 0.0, max : 0.7774331569671631
This epoch duration :1968.2773747444153
Epoch 21, val-method base, validation accuracy 82.9000015258789, best_prec 82.9000015258789
Epoch 22, l0 norm : 1084887, l1 norm : 378262.7614364624
Epoch 22, min : 0.0, max : 0.7704387307167053
This epoch duration :1721.3739473819733
Epoch 22, val-method base, validation accuracy 82.0999984741211, best_prec 82.9000015258789
Epoch 23, l0 norm : 1084887, l1 norm : 371803.23706817627
Epoch 23, min : 0.0, max : 0.7637078762054443
This epoch duration :1721.0915200710297
Epoch 23, val-method base, validation accuracy 83.41999816894531, best_prec 83.41999816894531
Epoch 24, l0 norm : 1084887, l1 norm : 365628.9837799072
Epoch 24, min : 0.0, max : 0.757239043712616
This epoch duration :1720.0376191139221
Epoch 24, val-method base, validation accuracy 82.75, best_prec 83.41999816894531
Epoch 25, l0 norm : 1084887, l1 norm : 359700.10849380493
Epoch 25, min : 0.0, max : 0.7510285973548889
This epoch duration :1721.4864978790283
Epoch 25, val-method base, validation accuracy 83.72999572753906, best_prec 83.72999572753906
Epoch 26, l0 norm : 1084887, l1 norm : 354085.98084640503
Epoch 26, min : 0.0, max : 0.7450751066207886
This epoch duration :1720.8069159984589
Epoch 26, val-method base, validation accuracy 83.3699951171875, best_prec 83.72999572753906
Epoch 27, l0 norm : 1084887, l1 norm : 348747.7345199585
Epoch 27, min : 0.0, max : 0.739375650882721
This epoch duration :1720.8035593032837
Epoch 27, val-method base, validation accuracy 84.5199966430664, best_prec 84.5199966430664
Epoch 28, l0 norm : 1084887, l1 norm : 343707.4248008728
Epoch 28, min : 0.0, max : 0.7339282631874084
This epoch duration :1720.9330508708954
Epoch 28, val-method base, validation accuracy 84.30999755859375, best_prec 84.5199966430664
Epoch 29, l0 norm : 1084887, l1 norm : 338848.8317489624
Epoch 29, min : 0.0, max : 0.7287293076515198
This epoch duration :1720.7526059150696
Epoch 29, val-method base, validation accuracy 84.58999633789062, best_prec 84.58999633789062
Epoch 30, l0 norm : 1084887, l1 norm : 334308.5482406616
Epoch 30, min : 0.0, max : 0.7237764000892639
This epoch duration :1721.0309388637543
Epoch 30, val-method base, validation accuracy 84.02999877929688, best_prec 84.58999633789062
Epoch 31, l0 norm : 1084887, l1 norm : 329962.14891815186
Epoch 31, min : 0.0, max : 0.7190676331520081
This epoch duration :1721.4183192253113
Epoch 31, val-method base, validation accuracy 84.81999969482422, best_prec 84.81999969482422
Epoch 32, l0 norm : 1084887, l1 norm : 325786.6609764099
Epoch 32, min : 0.0, max : 0.7145993113517761
This epoch duration :1720.5311012268066
Epoch 32, val-method base, validation accuracy 85.43999481201172, best_prec 85.43999481201172
Epoch 33, l0 norm : 1084887, l1 norm : 321778.6380882263
Epoch 33, min : 0.0, max : 0.7103691697120667
This epoch duration :1721.7528579235077
Epoch 33, val-method base, validation accuracy 85.54999542236328, best_prec 85.54999542236328
Epoch 34, l0 norm : 1084887, l1 norm : 318054.5073814392
Epoch 34, min : 0.0, max : 0.7063747048377991
This epoch duration :1720.537498474121
Epoch 34, val-method base, validation accuracy 85.54999542236328, best_prec 85.54999542236328
Epoch 35, l0 norm : 1084887, l1 norm : 314496.2974128723
Epoch 35, min : 0.0, max : 0.7026122212409973
This epoch duration :1719.6622705459595
Epoch 35, val-method base, validation accuracy 85.8699951171875, best_prec 85.8699951171875
Epoch 36, l0 norm : 1084887, l1 norm : 311165.0214767456
Epoch 36, min : 0.0, max : 0.6990800499916077
This epoch duration :1721.199716091156
Epoch 36, val-method base, validation accuracy 86.36000061035156, best_prec 86.36000061035156
Epoch 37, l0 norm : 1084887, l1 norm : 307929.91035461426
Epoch 37, min : 0.0, max : 0.6957751512527466
This epoch duration :1721.419174194336
Epoch 37, val-method base, validation accuracy 86.0999984741211, best_prec 86.36000061035156
Epoch 38, l0 norm : 1084887, l1 norm : 304916.3525428772
Epoch 38, min : 0.0, max : 0.6926953792572021
This epoch duration :1720.7054035663605
Epoch 38, val-method base, validation accuracy 86.22999572753906, best_prec 86.36000061035156
Epoch 39, l0 norm : 1084887, l1 norm : 302104.86570739746
Epoch 39, min : 0.0, max : 0.6898365020751953
This epoch duration :1721.3158130645752
Epoch 39, val-method base, validation accuracy 86.20999908447266, best_prec 86.36000061035156
Epoch 40, l0 norm : 1084887, l1 norm : 299440.3426742554
Epoch 40, min : 0.0, max : 0.6871964931488037
This epoch duration :1721.2438621520996
Epoch 40, val-method base, validation accuracy 86.3699951171875, best_prec 86.3699951171875
Epoch 41, l0 norm : 1084887, l1 norm : 296942.18420410156
Epoch 41, min : 0.0, max : 0.6847736239433289
This epoch duration :1721.1918694972992
Epoch 41, val-method base, validation accuracy 86.93000030517578, best_prec 86.93000030517578
Epoch 42, l0 norm : 1084887, l1 norm : 294680.8249130249
Epoch 42, min : 0.0, max : 0.6825636029243469
This epoch duration :1721.233211517334
Epoch 42, val-method base, validation accuracy 86.25999450683594, best_prec 86.93000030517578
Epoch 43, l0 norm : 1084887, l1 norm : 292525.40089416504
Epoch 43, min : 0.0, max : 0.6805644631385803
This epoch duration :1720.6158514022827
Epoch 43, val-method base, validation accuracy 86.50999450683594, best_prec 86.93000030517578
Epoch 44, l0 norm : 1084887, l1 norm : 290530.2067642212
Epoch 44, min : 0.0, max : 0.6787753701210022
This epoch duration :1721.4023141860962
Epoch 44, val-method base, validation accuracy 87.00999450683594, best_prec 87.00999450683594
Epoch 45, l0 norm : 1084887, l1 norm : 288669.7408981323
Epoch 45, min : 0.0, max : 0.6771896481513977
This epoch duration :1720.9301586151123
Epoch 45, val-method base, validation accuracy 87.41999816894531, best_prec 87.41999816894531
Epoch 46, l0 norm : 1084887, l1 norm : 287046.8624572754
Epoch 46, min : 0.0, max : 0.6758072972297668
This epoch duration :1720.583188533783
Epoch 46, val-method base, validation accuracy 87.55999755859375, best_prec 87.55999755859375
Epoch 47, l0 norm : 1084887, l1 norm : 285503.504863739
Epoch 47, min : 0.0, max : 0.6746261715888977
This epoch duration :1721.1047847270966
Epoch 47, val-method base, validation accuracy 87.97000122070312, best_prec 87.97000122070312
Epoch 48, l0 norm : 1084887, l1 norm : 284067.4679336548
Epoch 48, min : 0.0, max : 0.6736429929733276
This epoch duration :1720.8949093818665
Epoch 48, val-method base, validation accuracy 87.50999450683594, best_prec 87.97000122070312
Epoch 49, l0 norm : 1084887, l1 norm : 282818.33808135986
Epoch 49, min : 0.0, max : 0.6728583574295044
This epoch duration :1720.6433861255646
Epoch 49, val-method base, validation accuracy 86.98999786376953, best_prec 87.97000122070312
Epoch 50, l0 norm : 1084887, l1 norm : 281701.9883842468
Epoch 50, min : 0.0, max : 0.6722628474235535
This epoch duration :1720.861158132553
Epoch 50, val-method base, validation accuracy 86.70999908447266, best_prec 87.97000122070312
Epoch 51, l0 norm : 1084887, l1 norm : 280654.37240982056
Epoch 51, min : 0.0, max : 0.6718539595603943
This epoch duration :1720.823101758957
Epoch 51, val-method base, validation accuracy 87.30999755859375, best_prec 87.97000122070312
Epoch 52, l0 norm : 1084887, l1 norm : 279691.83266067505
Epoch 52, min : 0.0, max : 0.6716342568397522
This epoch duration :1720.665637254715
Epoch 52, val-method base, validation accuracy 87.8499984741211, best_prec 87.97000122070312
Epoch 53, l0 norm : 1084887, l1 norm : 278939.357837677
Epoch 53, min : 0.0, max : 0.6716037392616272
This epoch duration :1720.8788893222809
Epoch 53, val-method base, validation accuracy 87.44999694824219, best_prec 87.97000122070312
Epoch 54, l0 norm : 1084887, l1 norm : 278316.85244369507
Epoch 54, min : 0.0, max : 0.6717644333839417
This epoch duration :1721.4174587726593
Epoch 54, val-method base, validation accuracy 88.32999420166016, best_prec 88.32999420166016
Epoch 55, l0 norm : 1084887, l1 norm : 277791.9952468872
Epoch 55, min : 0.0, max : 0.6720970273017883
This epoch duration :1720.6852009296417
Epoch 55, val-method base, validation accuracy 88.25999450683594, best_prec 88.32999420166016
Epoch 56, l0 norm : 1084887, l1 norm : 277370.09271240234
Epoch 56, min : 0.0, max : 0.6726017594337463
This epoch duration :1720.8275272846222
Epoch 56, val-method base, validation accuracy 88.29999542236328, best_prec 88.32999420166016
Epoch 57, l0 norm : 1084887, l1 norm : 277037.39235687256
Epoch 57, min : 0.0, max : 0.6732814311981201
This epoch duration :1719.0859198570251
Epoch 57, val-method base, validation accuracy 88.29999542236328, best_prec 88.32999420166016
Epoch 58, l0 norm : 1084887, l1 norm : 276829.9507446289
Epoch 58, min : 0.0, max : 0.6741353273391724
This epoch duration :1720.5700280666351
Epoch 58, val-method base, validation accuracy 88.40999603271484, best_prec 88.40999603271484
Epoch 59, l0 norm : 1084887, l1 norm : 276712.7254104614
Epoch 59, min : 0.0, max : 0.675166130065918
This epoch duration :1720.8001849651337
Epoch 59, val-method base, validation accuracy 88.52999877929688, best_prec 88.52999877929688
Epoch 60, l0 norm : 1084887, l1 norm : 276714.6943664551
Epoch 60, min : 0.0, max : 0.6763581037521362
This epoch duration :1721.1682436466217
Epoch 60, val-method base, validation accuracy 88.5999984741211, best_prec 88.5999984741211
Epoch 61, l0 norm : 1084887, l1 norm : 276719.4393386841
Epoch 61, min : 0.0, max : 0.6777150630950928
This epoch duration :1721.090374469757
Epoch 61, val-method base, validation accuracy 89.18000030517578, best_prec 89.18000030517578
Epoch 62, l0 norm : 1084887, l1 norm : 276905.15172576904
Epoch 62, min : 0.0, max : 0.6792336702346802
This epoch duration :1720.6374251842499
Epoch 62, val-method base, validation accuracy 88.97000122070312, best_prec 89.18000030517578
Epoch 63, l0 norm : 1084887, l1 norm : 277199.9341239929
Epoch 63, min : 0.0, max : 0.680908739566803
This epoch duration :1720.581423997879
Epoch 63, val-method base, validation accuracy 88.33999633789062, best_prec 89.18000030517578
Epoch 64, l0 norm : 1084887, l1 norm : 277545.63666152954
Epoch 64, min : 0.0, max : 0.6827387809753418
This epoch duration :1720.3548498153687
Epoch 64, val-method base, validation accuracy 88.79999542236328, best_prec 89.18000030517578
Epoch 65, l0 norm : 1084887, l1 norm : 277910.83975219727
Epoch 65, min : 0.0, max : 0.6847202777862549
This epoch duration :1720.3947730064392
Epoch 65, val-method base, validation accuracy 88.97999572753906, best_prec 89.18000030517578
Epoch 66, l0 norm : 1084887, l1 norm : 278413.1191482544
Epoch 66, min : 0.0, max : 0.6868506073951721
This epoch duration :1720.611658334732
Epoch 66, val-method base, validation accuracy 89.3499984741211, best_prec 89.3499984741211
Epoch 67, l0 norm : 1084887, l1 norm : 278966.26543807983
Epoch 67, min : 0.0, max : 0.6891250610351562
This epoch duration :1720.66313123703
Epoch 67, val-method base, validation accuracy 89.25, best_prec 89.3499984741211
Epoch 68, l0 norm : 1084887, l1 norm : 279623.1976776123
Epoch 68, min : 0.0, max : 0.6915406584739685
This epoch duration :1720.6220140457153
Epoch 68, val-method base, validation accuracy 89.16999816894531, best_prec 89.3499984741211
Epoch 69, l0 norm : 1084887, l1 norm : 280334.14990234375
Epoch 69, min : 0.0, max : 0.6940919160842896
This epoch duration :1721.4565784931183
Epoch 69, val-method base, validation accuracy 89.61000061035156, best_prec 89.61000061035156
Epoch 70, l0 norm : 1084887, l1 norm : 281092.90074157715
Epoch 70, min : 0.0, max : 0.6967814564704895
This epoch duration :1720.6580283641815
Epoch 70, val-method base, validation accuracy 88.80999755859375, best_prec 89.61000061035156
Epoch 71, l0 norm : 1084887, l1 norm : 281921.2192802429
Epoch 71, min : 0.0, max : 0.6995996236801147
This epoch duration :1721.3979992866516
Epoch 71, val-method base, validation accuracy 88.97999572753906, best_prec 89.61000061035156
Epoch 72, l0 norm : 1084887, l1 norm : 282794.1907463074
Epoch 72, min : 0.0, max : 0.7025408148765564
This epoch duration :1721.1389877796173
Epoch 72, val-method base, validation accuracy 89.86000061035156, best_prec 89.86000061035156
Epoch 73, l0 norm : 1084887, l1 norm : 283681.1227798462
Epoch 73, min : 0.0, max : 0.7056037783622742
This epoch duration :1720.578953742981
Epoch 73, val-method base, validation accuracy 89.77999877929688, best_prec 89.86000061035156
Epoch 74, l0 norm : 1084887, l1 norm : 284677.4705314636
Epoch 74, min : 0.0, max : 0.7087807059288025
This epoch duration :1720.9187054634094
Epoch 74, val-method base, validation accuracy 89.94999694824219, best_prec 89.94999694824219
Epoch 75, l0 norm : 1084887, l1 norm : 285661.4520378113
Epoch 75, min : 0.0, max : 0.7120702266693115
This epoch duration :1720.5263695716858
Epoch 75, val-method base, validation accuracy 89.8699951171875, best_prec 89.94999694824219
Epoch 76, l0 norm : 1084887, l1 norm : 286703.5775299072
Epoch 76, min : 0.0, max : 0.7154667973518372
This epoch duration :1720.319364309311
Epoch 76, val-method base, validation accuracy 90.0, best_prec 90.0
Epoch 77, l0 norm : 1084887, l1 norm : 287822.717628479
Epoch 77, min : 0.0, max : 0.7189657092094421
This epoch duration :1721.1637108325958
Epoch 77, val-method base, validation accuracy 90.04999542236328, best_prec 90.04999542236328
Epoch 78, l0 norm : 1084887, l1 norm : 288946.2713470459
Epoch 78, min : 0.0, max : 0.7225605249404907
This epoch duration :1720.171016216278
Epoch 78, val-method base, validation accuracy 89.87999725341797, best_prec 90.04999542236328
Epoch 79, l0 norm : 1084887, l1 norm : 290122.08978271484
Epoch 79, min : 0.0, max : 0.7262445688247681
This epoch duration :1720.0449614524841
Epoch 79, val-method base, validation accuracy 90.07999420166016, best_prec 90.07999420166016
Epoch 80, l0 norm : 1084887, l1 norm : 291378.3629951477
Epoch 80, min : 0.0, max : 0.7300154566764832
This epoch duration :1720.1639862060547
Epoch 80, val-method base, validation accuracy 89.95999908447266, best_prec 90.07999420166016
Epoch 81, l0 norm : 1084887, l1 norm : 292568.0459060669
Epoch 81, min : 0.0, max : 0.7338649034500122
This epoch duration :1721.361236333847
Epoch 81, val-method base, validation accuracy 90.18999481201172, best_prec 90.18999481201172
Epoch 82, l0 norm : 1084887, l1 norm : 293842.9983024597
Epoch 82, min : 0.0, max : 0.7377775311470032
This epoch duration :1720.5727446079254
Epoch 82, val-method base, validation accuracy 89.97999572753906, best_prec 90.18999481201172
Epoch 83, l0 norm : 1084887, l1 norm : 295119.4252090454
Epoch 83, min : 0.0, max : 0.7417574524879456
This epoch duration :1720.7686581611633
Epoch 83, val-method base, validation accuracy 90.29000091552734, best_prec 90.29000091552734
Epoch 84, l0 norm : 1084887, l1 norm : 296361.5644264221
Epoch 84, min : 0.0, max : 0.7457944750785828
This epoch duration :1720.317911863327
Epoch 84, val-method base, validation accuracy 90.18999481201172, best_prec 90.29000091552734
Epoch 85, l0 norm : 1084887, l1 norm : 297673.1122817993
Epoch 85, min : 0.0, max : 0.7498816251754761
This epoch duration :1722.1063215732574
Epoch 85, val-method base, validation accuracy 90.00999450683594, best_prec 90.29000091552734
Epoch 86, l0 norm : 1084887, l1 norm : 299002.4323196411
Epoch 86, min : 0.0, max : 0.7540091872215271
This epoch duration :1720.7801623344421
Epoch 86, val-method base, validation accuracy 90.13999938964844, best_prec 90.29000091552734
Epoch 87, l0 norm : 1084887, l1 norm : 300293.7491493225
Epoch 87, min : 0.0, max : 0.7581832408905029
This epoch duration :1720.6217849254608
Epoch 87, val-method base, validation accuracy 90.22999572753906, best_prec 90.29000091552734
Epoch 88, l0 norm : 1084887, l1 norm : 301612.9539413452
Epoch 88, min : 0.0, max : 0.7623813152313232
This epoch duration :1721.5306329727173
Epoch 88, val-method base, validation accuracy 90.38999938964844, best_prec 90.38999938964844
Epoch 89, l0 norm : 1084887, l1 norm : 302937.3629798889
Epoch 89, min : 0.0, max : 0.7665954828262329
This epoch duration :1721.472023487091
Epoch 89, val-method base, validation accuracy 90.08999633789062, best_prec 90.38999938964844
Epoch 90, l0 norm : 1084887, l1 norm : 304310.89697265625
Epoch 90, min : 0.0, max : 0.7708207964897156
This epoch duration :1720.7018389701843
Epoch 90, val-method base, validation accuracy 90.30999755859375, best_prec 90.38999938964844
Epoch 91, l0 norm : 1084887, l1 norm : 305768.2465515137
Epoch 91, min : 0.0, max : 0.7750382423400879
This epoch duration :1720.5723884105682
Epoch 91, val-method base, validation accuracy 90.33999633789062, best_prec 90.38999938964844
Epoch 92, l0 norm : 1084887, l1 norm : 307207.26709747314
Epoch 92, min : 0.0, max : 0.7792506814002991
This epoch duration :1719.4330518245697
Epoch 92, val-method base, validation accuracy 90.45999908447266, best_prec 90.45999908447266
Epoch 93, l0 norm : 1084887, l1 norm : 308676.6022949219
Epoch 93, min : 0.0, max : 0.783437967300415
This epoch duration :1719.3700025081635
Epoch 93, val-method base, validation accuracy 90.18999481201172, best_prec 90.45999908447266
Epoch 94, l0 norm : 1084887, l1 norm : 310176.1963119507
Epoch 94, min : 0.0, max : 0.7876038551330566
This epoch duration :1720.2102098464966
Epoch 94, val-method base, validation accuracy 90.2699966430664, best_prec 90.45999908447266
Epoch 95, l0 norm : 1084887, l1 norm : 311692.7867126465
Epoch 95, min : 0.0, max : 0.7917290329933167
This epoch duration :1538.5126221179962
Epoch 95, val-method base, validation accuracy 90.22999572753906, best_prec 90.45999908447266
Epoch 96, l0 norm : 1084887, l1 norm : 313267.2496948242
Epoch 96, min : 0.0, max : 0.7958168983459473
This epoch duration :1469.213843345642
Epoch 96, val-method base, validation accuracy 90.25, best_prec 90.45999908447266
Epoch 97, l0 norm : 1084887, l1 norm : 314841.4934768677
Epoch 97, min : 0.0, max : 0.7998473048210144
This epoch duration :1469.5393698215485
Epoch 97, val-method base, validation accuracy 90.04999542236328, best_prec 90.45999908447266
Epoch 98, l0 norm : 1084887, l1 norm : 316475.81675720215
Epoch 98, min : 0.0, max : 0.8038007616996765
This epoch duration :1465.499064207077
Epoch 98, val-method base, validation accuracy 90.07999420166016, best_prec 90.45999908447266
Epoch 99, l0 norm : 1084887, l1 norm : 318115.15313720703
Epoch 99, min : 0.0, max : 0.8076822757720947
This epoch duration :785.1096603870392
Epoch 99, val-method base, validation accuracy 90.1500015258789, best_prec 90.45999908447266
