Namespace(configs='configs/CIFAR10/pen_bip_3.yml', result_dir='./trained_models', exp_name='RC_pb3_l7k08', exp_mode='prune', arch='resnet18', num_classes=10, layer_type='unstructured', k=0.8, lambd=0.9999999, alpha=1.0, scaled_score_init=True, scale_rand_init=False, freeze_bn=False, source_net='trained_models/CIFAR10_resnet18_Pretrain/pretrain/latest_exp/checkpoint/model_best.pth.tar', scores_init_type=None, dataset='CIFAR10', batch_size=128, num_workers=2, test_batch_size=128, normalize=True, data_dir='./data', image_dim=32, trainer='penalized_bilevel_3', epochs=100, optimizer='sgd', wd=0.0001, mask_lr=0.1, lr=0.1, mask_lr_schedule='step', lr_schedule='cosine', momentum=0.9, warmup_epochs=0, warmup_lr=0.1, save_dense=False, evaluate=False, val_method='base', resume='', seed=1234, print_freq=100, lr2=0.0001, accelerate=False)
=> loading source model from 'trained_models/CIFAR10_resnet18_Pretrain/pretrain/latest_exp/checkpoint/model_best.pth.tar'
=> loaded checkpoint 'trained_models/CIFAR10_resnet18_Pretrain/pretrain/latest_exp/checkpoint/model_best.pth.tar'
Epoch 0, l0 norm : 6463720, l1 norm : 3282989.2185058594
Epoch 0, min : 0.0, max : 0.9871258735656738
This epoch duration :2184.534467458725
Epoch 0, val-method base, validation accuracy 33.37999725341797, best_prec 33.37999725341797
Epoch 1, l0 norm : 6463720, l1 norm : 3223938.5716552734
Epoch 1, min : 0.0, max : 0.9744598865509033
This epoch duration :2392.1163210868835
Epoch 1, val-method base, validation accuracy 41.869998931884766, best_prec 41.869998931884766
Epoch 2, l0 norm : 6463720, l1 norm : 3167404.6998901367
Epoch 2, min : 0.0, max : 0.9620466828346252
This epoch duration :2390.403298139572
Epoch 2, val-method base, validation accuracy 46.44999694824219, best_prec 46.44999694824219
Epoch 3, l0 norm : 6463720, l1 norm : 3112478.509765625
Epoch 3, min : 0.0, max : 0.9498899579048157
This epoch duration :2392.480223417282
Epoch 3, val-method base, validation accuracy 51.75, best_prec 51.75
Epoch 4, l0 norm : 6463720, l1 norm : 3059572.477416992
Epoch 4, min : 0.0, max : 0.9379942417144775
This epoch duration :2394.0819976329803
Epoch 4, val-method base, validation accuracy 52.57999801635742, best_prec 52.57999801635742
Epoch 5, l0 norm : 6463720, l1 norm : 3008933.653076172
Epoch 5, min : 0.0, max : 0.926362931728363
This epoch duration :2392.144903421402
Epoch 5, val-method base, validation accuracy 61.84000015258789, best_prec 61.84000015258789
Epoch 6, l0 norm : 6463720, l1 norm : 2959991.7091674805
Epoch 6, min : 0.0, max : 0.9149988889694214
This epoch duration :2392.3570041656494
Epoch 6, val-method base, validation accuracy 63.2599983215332, best_prec 63.2599983215332
Epoch 7, l0 norm : 6463720, l1 norm : 2913176.049194336
Epoch 7, min : 0.0, max : 0.9039047956466675
This epoch duration :2393.1009392738342
Epoch 7, val-method base, validation accuracy 66.3699951171875, best_prec 66.3699951171875
Epoch 8, l0 norm : 6463720, l1 norm : 2867882.5084838867
Epoch 8, min : 0.0, max : 0.8930832147598267
This epoch duration :2390.809998512268
Epoch 8, val-method base, validation accuracy 68.97999572753906, best_prec 68.97999572753906
Epoch 9, l0 norm : 6463720, l1 norm : 2824359.2397460938
Epoch 9, min : 0.0, max : 0.8825358152389526
This epoch duration :2391.7162535190582
Epoch 9, val-method base, validation accuracy 68.44999694824219, best_prec 68.97999572753906
Epoch 10, l0 norm : 6463720, l1 norm : 2782226.285949707
Epoch 10, min : 0.0, max : 0.8722634315490723
This epoch duration :2392.0730209350586
Epoch 10, val-method base, validation accuracy 68.72000122070312, best_prec 68.97999572753906
Epoch 11, l0 norm : 6463720, l1 norm : 2741300.0118408203
Epoch 11, min : 0.0, max : 0.8622668981552124
This epoch duration :2393.736617565155
Epoch 11, val-method base, validation accuracy 71.80999755859375, best_prec 71.80999755859375
Epoch 12, l0 norm : 6463720, l1 norm : 2702433.9282836914
Epoch 12, min : 0.0, max : 0.8525470495223999
This epoch duration :2394.4576263427734
Epoch 12, val-method base, validation accuracy 72.91999816894531, best_prec 72.91999816894531
Epoch 13, l0 norm : 6463720, l1 norm : 2664832.7696533203
Epoch 13, min : 0.0, max : 0.8431037068367004
This epoch duration :2391.818954229355
Epoch 13, val-method base, validation accuracy 76.50999450683594, best_prec 76.50999450683594
Epoch 14, l0 norm : 6463720, l1 norm : 2628205.301940918
Epoch 14, min : 0.0, max : 0.8339367508888245
This epoch duration :2391.993722677231
Epoch 14, val-method base, validation accuracy 77.02999877929688, best_prec 77.02999877929688
Epoch 15, l0 norm : 6463720, l1 norm : 2593045.0537719727
Epoch 15, min : 0.0, max : 0.8250459432601929
This epoch duration :2390.9346175193787
Epoch 15, val-method base, validation accuracy 78.36000061035156, best_prec 78.36000061035156
Epoch 16, l0 norm : 6463720, l1 norm : 2558957.497314453
Epoch 16, min : 0.0, max : 0.8164296746253967
This epoch duration :2389.4907734394073
Epoch 16, val-method base, validation accuracy 76.94999694824219, best_prec 78.36000061035156
Epoch 17, l0 norm : 6463720, l1 norm : 2526184.837036133
Epoch 17, min : 0.0, max : 0.8080877661705017
This epoch duration :2389.917833328247
Epoch 17, val-method base, validation accuracy 79.36000061035156, best_prec 79.36000061035156
Epoch 18, l0 norm : 6463720, l1 norm : 2494660.18548584
Epoch 18, min : 0.0, max : 0.8000186085700989
This epoch duration :2390.3474872112274
Epoch 18, val-method base, validation accuracy 80.97999572753906, best_prec 80.97999572753906
Epoch 19, l0 norm : 6463720, l1 norm : 2464047.622741699
Epoch 19, min : 0.0, max : 0.7922207713127136
This epoch duration :2390.1276235580444
Epoch 19, val-method base, validation accuracy 82.79999542236328, best_prec 82.79999542236328
Epoch 20, l0 norm : 6463720, l1 norm : 2434830.183166504
Epoch 20, min : 0.0, max : 0.7846932411193848
This epoch duration :2391.2619943618774
Epoch 20, val-method base, validation accuracy 81.1500015258789, best_prec 82.79999542236328
Epoch 21, l0 norm : 6463720, l1 norm : 2406614.1380004883
Epoch 21, min : 0.0, max : 0.7774331569671631
This epoch duration :2391.4507641792297
Epoch 21, val-method base, validation accuracy 82.08999633789062, best_prec 82.79999542236328
Epoch 22, l0 norm : 6463720, l1 norm : 2379620.8411865234
Epoch 22, min : 0.0, max : 0.7704387307167053
This epoch duration :2390.2521374225616
Epoch 22, val-method base, validation accuracy 82.6500015258789, best_prec 82.79999542236328
Epoch 23, l0 norm : 6463720, l1 norm : 2353654.8385009766
Epoch 23, min : 0.0, max : 0.7637078762054443
This epoch duration :2389.8258216381073
Epoch 23, val-method base, validation accuracy 84.05999755859375, best_prec 84.05999755859375
Epoch 24, l0 norm : 6463720, l1 norm : 2328743.4729003906
Epoch 24, min : 0.0, max : 0.757239043712616
This epoch duration :2388.77458691597
Epoch 24, val-method base, validation accuracy 83.37999725341797, best_prec 84.05999755859375
Epoch 25, l0 norm : 6463720, l1 norm : 2304878.369659424
Epoch 25, min : 0.0, max : 0.7510285973548889
This epoch duration :2389.907339334488
Epoch 25, val-method base, validation accuracy 83.5, best_prec 84.05999755859375
Epoch 26, l0 norm : 6463720, l1 norm : 2281945.269470215
Epoch 26, min : 0.0, max : 0.7450751066207886
This epoch duration :2389.728420972824
Epoch 26, val-method base, validation accuracy 84.07999420166016, best_prec 84.07999420166016
Epoch 27, l0 norm : 6463720, l1 norm : 2260172.1524353027
Epoch 27, min : 0.0, max : 0.739375650882721
This epoch duration :2388.176419734955
Epoch 27, val-method base, validation accuracy 83.97999572753906, best_prec 84.07999420166016
Epoch 28, l0 norm : 6463720, l1 norm : 2239333.6397094727
Epoch 28, min : 0.0, max : 0.7339282631874084
This epoch duration :2389.3320190906525
Epoch 28, val-method base, validation accuracy 84.38999938964844, best_prec 84.38999938964844
Epoch 29, l0 norm : 6463720, l1 norm : 2219408.907836914
Epoch 29, min : 0.0, max : 0.7287293076515198
This epoch duration :2393.613699913025
Epoch 29, val-method base, validation accuracy 85.29000091552734, best_prec 85.29000091552734
Epoch 30, l0 norm : 6463720, l1 norm : 2200589.0772094727
Epoch 30, min : 0.0, max : 0.7237764000892639
This epoch duration :2423.6625151634216
Epoch 30, val-method base, validation accuracy 85.36000061035156, best_prec 85.36000061035156
Epoch 31, l0 norm : 6463720, l1 norm : 2182689.4837646484
Epoch 31, min : 0.0, max : 0.7190676331520081
This epoch duration :2423.497762441635
Epoch 31, val-method base, validation accuracy 85.54999542236328, best_prec 85.54999542236328
Epoch 32, l0 norm : 6463720, l1 norm : 2165754.876159668
Epoch 32, min : 0.0, max : 0.7145993113517761
This epoch duration :2420.8560106754303
Epoch 32, val-method base, validation accuracy 85.90999603271484, best_prec 85.90999603271484
Epoch 33, l0 norm : 6463720, l1 norm : 2149468.6080322266
Epoch 33, min : 0.0, max : 0.7103691697120667
This epoch duration :2422.4207062721252
Epoch 33, val-method base, validation accuracy 86.27999877929688, best_prec 86.27999877929688
Epoch 34, l0 norm : 6463720, l1 norm : 2134050.418823242
Epoch 34, min : 0.0, max : 0.7063747048377991
This epoch duration :2423.0467686653137
Epoch 34, val-method base, validation accuracy 86.86000061035156, best_prec 86.86000061035156
Epoch 35, l0 norm : 6463720, l1 norm : 2119593.112487793
Epoch 35, min : 0.0, max : 0.7026122212409973
This epoch duration :2419.580225467682
Epoch 35, val-method base, validation accuracy 87.37999725341797, best_prec 87.37999725341797
Epoch 36, l0 norm : 6463720, l1 norm : 2106113.9826049805
Epoch 36, min : 0.0, max : 0.6990800499916077
This epoch duration :2422.708965063095
Epoch 36, val-method base, validation accuracy 86.98999786376953, best_prec 87.37999725341797
Epoch 37, l0 norm : 6463720, l1 norm : 2093368.4779663086
Epoch 37, min : 0.0, max : 0.6957751512527466
This epoch duration :2405.5820713043213
Epoch 37, val-method base, validation accuracy 86.72000122070312, best_prec 87.37999725341797
Epoch 38, l0 norm : 6463720, l1 norm : 2081204.8882751465
Epoch 38, min : 0.0, max : 0.6926953792572021
This epoch duration :2391.5497839450836
Epoch 38, val-method base, validation accuracy 87.73999786376953, best_prec 87.73999786376953
Epoch 39, l0 norm : 6463720, l1 norm : 2069910.2019042969
Epoch 39, min : 0.0, max : 0.6898365020751953
This epoch duration :2389.8529036045074
Epoch 39, val-method base, validation accuracy 87.69999694824219, best_prec 87.73999786376953
Epoch 40, l0 norm : 6463720, l1 norm : 2059391.615661621
Epoch 40, min : 0.0, max : 0.6871964931488037
This epoch duration :2390.5219695568085
Epoch 40, val-method base, validation accuracy 88.37999725341797, best_prec 88.37999725341797
Epoch 41, l0 norm : 6463720, l1 norm : 2049691.0427246094
Epoch 41, min : 0.0, max : 0.6847736239433289
This epoch duration :2391.601467370987
Epoch 41, val-method base, validation accuracy 88.25, best_prec 88.37999725341797
Epoch 42, l0 norm : 6463720, l1 norm : 2040539.5428771973
Epoch 42, min : 0.0, max : 0.6825636029243469
This epoch duration :2392.4944853782654
Epoch 42, val-method base, validation accuracy 88.38999938964844, best_prec 88.38999938964844
Epoch 43, l0 norm : 6463720, l1 norm : 2032472.4051513672
Epoch 43, min : 0.0, max : 0.6805644631385803
This epoch duration :2391.456204175949
Epoch 43, val-method base, validation accuracy 88.56999969482422, best_prec 88.56999969482422
Epoch 44, l0 norm : 6463720, l1 norm : 2025227.3021240234
Epoch 44, min : 0.0, max : 0.6787753701210022
This epoch duration :2389.1658442020416
Epoch 44, val-method base, validation accuracy 88.29999542236328, best_prec 88.56999969482422
Epoch 45, l0 norm : 6463720, l1 norm : 2018559.1482543945
Epoch 45, min : 0.0, max : 0.6771896481513977
This epoch duration :2389.3398740291595
Epoch 45, val-method base, validation accuracy 88.83999633789062, best_prec 88.83999633789062
Epoch 46, l0 norm : 6463720, l1 norm : 2012572.2709350586
Epoch 46, min : 0.0, max : 0.6758072972297668
This epoch duration :2390.4836435317993
Epoch 46, val-method base, validation accuracy 88.90999603271484, best_prec 88.90999603271484
Epoch 47, l0 norm : 6463720, l1 norm : 2007411.446838379
Epoch 47, min : 0.0, max : 0.6746261715888977
This epoch duration :2388.9572196006775
Epoch 47, val-method base, validation accuracy 89.44999694824219, best_prec 89.44999694824219
Epoch 48, l0 norm : 6463720, l1 norm : 2002611.4074707031
Epoch 48, min : 0.0, max : 0.6736429929733276
This epoch duration :2388.2762989997864
Epoch 48, val-method base, validation accuracy 89.40999603271484, best_prec 89.44999694824219
Epoch 49, l0 norm : 6463720, l1 norm : 1998722.3732299805
Epoch 49, min : 0.0, max : 0.6728583574295044
This epoch duration :2387.744034767151
Epoch 49, val-method base, validation accuracy 89.2699966430664, best_prec 89.44999694824219
Epoch 50, l0 norm : 6463720, l1 norm : 1995432.8238830566
Epoch 50, min : 0.0, max : 0.6722628474235535
This epoch duration :2387.208691596985
Epoch 50, val-method base, validation accuracy 88.72000122070312, best_prec 89.44999694824219
Epoch 51, l0 norm : 6463720, l1 norm : 1992685.0657043457
Epoch 51, min : 0.0, max : 0.6718539595603943
This epoch duration :2388.186183452606
Epoch 51, val-method base, validation accuracy 89.61000061035156, best_prec 89.61000061035156
Epoch 52, l0 norm : 6463720, l1 norm : 1990650.2717895508
Epoch 52, min : 0.0, max : 0.6716342568397522
This epoch duration :2388.2488267421722
Epoch 52, val-method base, validation accuracy 89.3699951171875, best_prec 89.61000061035156
Epoch 53, l0 norm : 6463720, l1 norm : 1989244.750793457
Epoch 53, min : 0.0, max : 0.6716037392616272
This epoch duration :2389.2252159118652
Epoch 53, val-method base, validation accuracy 89.3499984741211, best_prec 89.61000061035156
Epoch 54, l0 norm : 6463720, l1 norm : 1988577.7729797363
Epoch 54, min : 0.0, max : 0.6717644333839417
This epoch duration :2386.406862974167
Epoch 54, val-method base, validation accuracy 89.72000122070312, best_prec 89.72000122070312
Epoch 55, l0 norm : 6463720, l1 norm : 1988200.296508789
Epoch 55, min : 0.0, max : 0.6720970273017883
This epoch duration :2387.2740528583527
Epoch 55, val-method base, validation accuracy 90.18000030517578, best_prec 90.18000030517578
Epoch 56, l0 norm : 6463720, l1 norm : 1988623.6135864258
Epoch 56, min : 0.0, max : 0.6726017594337463
This epoch duration :2388.4668068885803
Epoch 56, val-method base, validation accuracy 90.0999984741211, best_prec 90.18000030517578
Epoch 57, l0 norm : 6463720, l1 norm : 1989625.536956787
Epoch 57, min : 0.0, max : 0.6732814311981201
This epoch duration :2387.1904854774475
Epoch 57, val-method base, validation accuracy 90.20999908447266, best_prec 90.20999908447266
Epoch 58, l0 norm : 6463720, l1 norm : 1991095.0339660645
Epoch 58, min : 0.0, max : 0.6741353273391724
This epoch duration :2386.983777284622
Epoch 58, val-method base, validation accuracy 90.30999755859375, best_prec 90.30999755859375
Epoch 59, l0 norm : 6463720, l1 norm : 1993109.2530822754
Epoch 59, min : 0.0, max : 0.675166130065918
This epoch duration :2384.6944806575775
Epoch 59, val-method base, validation accuracy 90.13999938964844, best_prec 90.30999755859375
Epoch 60, l0 norm : 6463720, l1 norm : 1995571.795074463
Epoch 60, min : 0.0, max : 0.6763581037521362
This epoch duration :2388.540224313736
Epoch 60, val-method base, validation accuracy 89.93000030517578, best_prec 90.30999755859375
Epoch 61, l0 norm : 6463720, l1 norm : 1998560.544494629
Epoch 61, min : 0.0, max : 0.6777150630950928
This epoch duration :2387.0153942108154
Epoch 61, val-method base, validation accuracy 90.8499984741211, best_prec 90.8499984741211
Epoch 62, l0 norm : 6463720, l1 norm : 2002150.4650268555
Epoch 62, min : 0.0, max : 0.6792336702346802
This epoch duration :2388.8029384613037
Epoch 62, val-method base, validation accuracy 90.82999420166016, best_prec 90.8499984741211
Epoch 63, l0 norm : 6463720, l1 norm : 2006090.7471923828
Epoch 63, min : 0.0, max : 0.680908739566803
This epoch duration :2388.582924604416
Epoch 63, val-method base, validation accuracy 90.22999572753906, best_prec 90.8499984741211
Epoch 64, l0 norm : 6463720, l1 norm : 2010443.697692871
Epoch 64, min : 0.0, max : 0.6827387809753418
This epoch duration :2389.2626576423645
Epoch 64, val-method base, validation accuracy 90.98999786376953, best_prec 90.98999786376953
Epoch 65, l0 norm : 6463720, l1 norm : 2015240.424194336
Epoch 65, min : 0.0, max : 0.6847202777862549
This epoch duration :2385.8581161499023
Epoch 65, val-method base, validation accuracy 90.94999694824219, best_prec 90.98999786376953
Epoch 66, l0 norm : 6463720, l1 norm : 2020350.7513427734
Epoch 66, min : 0.0, max : 0.6868506073951721
This epoch duration :2387.7822613716125
Epoch 66, val-method base, validation accuracy 90.07999420166016, best_prec 90.98999786376953
Epoch 67, l0 norm : 6463720, l1 norm : 2025713.5960083008
Epoch 67, min : 0.0, max : 0.6891250610351562
This epoch duration :2388.712492465973
Epoch 67, val-method base, validation accuracy 91.31999969482422, best_prec 91.31999969482422
Epoch 68, l0 norm : 6463720, l1 norm : 2031626.2815551758
Epoch 68, min : 0.0, max : 0.6915406584739685
This epoch duration :2424.0358469486237
Epoch 68, val-method base, validation accuracy 90.41999816894531, best_prec 91.31999969482422
Epoch 69, l0 norm : 6463720, l1 norm : 2037921.3854370117
Epoch 69, min : 0.0, max : 0.6940919160842896
This epoch duration :2424.4493350982666
Epoch 69, val-method base, validation accuracy 91.22000122070312, best_prec 91.31999969482422
Epoch 70, l0 norm : 6463720, l1 norm : 2044627.8643493652
Epoch 70, min : 0.0, max : 0.6967814564704895
This epoch duration :2415.8733649253845
Epoch 70, val-method base, validation accuracy 91.11000061035156, best_prec 91.31999969482422
Epoch 71, l0 norm : 6463720, l1 norm : 2051615.6114501953
Epoch 71, min : 0.0, max : 0.6995996236801147
This epoch duration :2389.5248305797577
Epoch 71, val-method base, validation accuracy 90.5999984741211, best_prec 91.31999969482422
Epoch 72, l0 norm : 6463720, l1 norm : 2058708.5574951172
Epoch 72, min : 0.0, max : 0.7025408148765564
This epoch duration :2415.347317457199
Epoch 72, val-method base, validation accuracy 91.90999603271484, best_prec 91.90999603271484
Epoch 73, l0 norm : 6463720, l1 norm : 2066072.551361084
Epoch 73, min : 0.0, max : 0.7056037783622742
This epoch duration :2422.034217596054
Epoch 73, val-method base, validation accuracy 91.47000122070312, best_prec 91.90999603271484
Epoch 74, l0 norm : 6463720, l1 norm : 2073782.6552124023
Epoch 74, min : 0.0, max : 0.7087807059288025
This epoch duration :2422.3800616264343
Epoch 74, val-method base, validation accuracy 91.91999816894531, best_prec 91.91999816894531
Epoch 75, l0 norm : 6463720, l1 norm : 2081423.098083496
Epoch 75, min : 0.0, max : 0.7120702266693115
This epoch duration :2390.447143316269
Epoch 75, val-method base, validation accuracy 92.0199966430664, best_prec 92.0199966430664
Epoch 76, l0 norm : 6463720, l1 norm : 2089325.766784668
Epoch 76, min : 0.0, max : 0.7154667973518372
This epoch duration :2391.589007616043
Epoch 76, val-method base, validation accuracy 92.12999725341797, best_prec 92.12999725341797
Epoch 77, l0 norm : 6463720, l1 norm : 2097189.406677246
Epoch 77, min : 0.0, max : 0.7189657092094421
This epoch duration :2389.8718469142914
Epoch 77, val-method base, validation accuracy 91.65999603271484, best_prec 92.12999725341797
Epoch 78, l0 norm : 6463720, l1 norm : 2105262.296081543
Epoch 78, min : 0.0, max : 0.7225605249404907
This epoch duration :2392.2128188610077
Epoch 78, val-method base, validation accuracy 91.93000030517578, best_prec 92.12999725341797
Epoch 79, l0 norm : 6463720, l1 norm : 2113231.838317871
Epoch 79, min : 0.0, max : 0.7262445688247681
This epoch duration :2391.511732339859
Epoch 79, val-method base, validation accuracy 91.98999786376953, best_prec 92.12999725341797
Epoch 80, l0 norm : 6463720, l1 norm : 2121883.2456054688
Epoch 80, min : 0.0, max : 0.7300154566764832
This epoch duration :2391.374842405319
Epoch 80, val-method base, validation accuracy 92.31999969482422, best_prec 92.31999969482422
Epoch 81, l0 norm : 6463720, l1 norm : 2130048.7477111816
Epoch 81, min : 0.0, max : 0.7338649034500122
This epoch duration :2390.6581218242645
Epoch 81, val-method base, validation accuracy 92.3699951171875, best_prec 92.3699951171875
Epoch 82, l0 norm : 6463720, l1 norm : 2138547.4324645996
Epoch 82, min : 0.0, max : 0.7377775311470032
This epoch duration :2389.4634935855865
Epoch 82, val-method base, validation accuracy 92.22999572753906, best_prec 92.3699951171875
Epoch 83, l0 norm : 6463720, l1 norm : 2147058.3379211426
Epoch 83, min : 0.0, max : 0.7417574524879456
This epoch duration :2392.146380662918
Epoch 83, val-method base, validation accuracy 92.40999603271484, best_prec 92.40999603271484
Epoch 84, l0 norm : 6463720, l1 norm : 2155338.2349243164
Epoch 84, min : 0.0, max : 0.7457944750785828
This epoch duration :2390.7977793216705
Epoch 84, val-method base, validation accuracy 92.45999908447266, best_prec 92.45999908447266
Epoch 85, l0 norm : 6463720, l1 norm : 2163935.423034668
Epoch 85, min : 0.0, max : 0.7498816251754761
This epoch duration :2389.4407863616943
Epoch 85, val-method base, validation accuracy 92.36000061035156, best_prec 92.45999908447266
Epoch 86, l0 norm : 6463720, l1 norm : 2172490.7657470703
Epoch 86, min : 0.0, max : 0.7540091872215271
This epoch duration :2391.8000202178955
Epoch 86, val-method base, validation accuracy 92.41999816894531, best_prec 92.45999908447266
Epoch 87, l0 norm : 6463720, l1 norm : 2180682.278137207
Epoch 87, min : 0.0, max : 0.7581832408905029
This epoch duration :2390.9076986312866
Epoch 87, val-method base, validation accuracy 92.61000061035156, best_prec 92.61000061035156
Epoch 88, l0 norm : 6463720, l1 norm : 2189355.5388183594
Epoch 88, min : 0.0, max : 0.7623813152313232
This epoch duration :2389.038617372513
Epoch 88, val-method base, validation accuracy 92.47000122070312, best_prec 92.61000061035156
Epoch 89, l0 norm : 6463720, l1 norm : 2198079.898010254
Epoch 89, min : 0.0, max : 0.7665954828262329
This epoch duration :2387.8507883548737
Epoch 89, val-method base, validation accuracy 92.54000091552734, best_prec 92.61000061035156
Epoch 90, l0 norm : 6463720, l1 norm : 2206956.6245117188
Epoch 90, min : 0.0, max : 0.7708207964897156
This epoch duration :2386.8908231258392
Epoch 90, val-method base, validation accuracy 92.63999938964844, best_prec 92.63999938964844
Epoch 91, l0 norm : 6463720, l1 norm : 2215564.063354492
Epoch 91, min : 0.0, max : 0.7750382423400879
This epoch duration :2388.6882910728455
Epoch 91, val-method base, validation accuracy 92.5999984741211, best_prec 92.63999938964844
Epoch 92, l0 norm : 6463720, l1 norm : 2224566.8296203613
Epoch 92, min : 0.0, max : 0.7792506814002991
This epoch duration :2386.8986349105835
Epoch 92, val-method base, validation accuracy 92.43999481201172, best_prec 92.63999938964844
Epoch 93, l0 norm : 6463720, l1 norm : 2233769.5678710938
Epoch 93, min : 0.0, max : 0.783437967300415
This epoch duration :2387.8784375190735
Epoch 93, val-method base, validation accuracy 92.2699966430664, best_prec 92.63999938964844
Epoch 94, l0 norm : 6463720, l1 norm : 2243279.6856689453
Epoch 94, min : 0.0, max : 0.7876038551330566
This epoch duration :2389.268507003784
Epoch 94, val-method base, validation accuracy 92.5, best_prec 92.63999938964844
Epoch 95, l0 norm : 6463720, l1 norm : 2252922.6303100586
Epoch 95, min : 0.0, max : 0.7917290329933167
This epoch duration :2388.4780650138855
Epoch 95, val-method base, validation accuracy 92.32999420166016, best_prec 92.63999938964844
Epoch 96, l0 norm : 6463720, l1 norm : 2262918.834838867
Epoch 96, min : 0.0, max : 0.7958168983459473
This epoch duration :2387.868852376938
Epoch 96, val-method base, validation accuracy 92.39999389648438, best_prec 92.63999938964844
Epoch 97, l0 norm : 6463720, l1 norm : 2273013.7368774414
Epoch 97, min : 0.0, max : 0.7998473048210144
This epoch duration :2387.505915403366
Epoch 97, val-method base, validation accuracy 92.38999938964844, best_prec 92.63999938964844
Epoch 98, l0 norm : 6463720, l1 norm : 2282970.3096313477
Epoch 98, min : 0.0, max : 0.8038007616996765
This epoch duration :2388.3708255290985
Epoch 98, val-method base, validation accuracy 92.22999572753906, best_prec 92.63999938964844
Epoch 99, l0 norm : 6463720, l1 norm : 2293153.5453186035
Epoch 99, min : 0.0, max : 0.8076822757720947
This epoch duration :2088.0504035949707
Epoch 99, val-method base, validation accuracy 92.18000030517578, best_prec 92.63999938964844
