Namespace(configs='configs/CIFAR100/bip_baseline.yml', result_dir='./trained_models', exp_name='RC100_bb_5', exp_mode='prune', arch='resnet18', num_classes=100, layer_type='unstructured', k=0.3645441311775193, lambd=0.0, alpha=1.0, fw_momentum=1.0, scaled_score_init=True, scale_rand_init=False, freeze_bn=False, source_net='trained_models/Resnet18_Cifar100_Pretrain/pretrain/latest_exp/checkpoint/model_best.pth.tar', scores_init_type=None, dataset='CIFAR100', batch_size=128, num_workers=2, test_batch_size=128, normalize=True, data_dir='./data', image_dim=32, trainer='bilevel_baseline', epochs=100, optimizer='sgd', wd=0.0001, mask_lr=0.1, lr=0.1, mask_lr_schedule='step', lr_schedule='cosine', momentum=0.9, warmup_epochs=0, warmup_lr=0.1, save_dense=False, evaluate=False, val_method='base', resume='', seed=1234, print_freq=100, lr2=0.0001, accelerate=False)
=> loading source model from 'trained_models/Resnet18_Cifar100_Pretrain/pretrain/latest_exp/checkpoint/model_best.pth.tar'
=> loaded checkpoint 'trained_models/Resnet18_Cifar100_Pretrain/pretrain/latest_exp/checkpoint/model_best.pth.tar'
This epoch duration :2495.2428188323975
Epoch 0, val-method base, validation accuracy 57.22999954223633, best_prec 57.22999954223633
This epoch duration :2497.411930322647
Epoch 1, val-method base, validation accuracy 62.04999923706055, best_prec 62.04999923706055
This epoch duration :2497.8186044692993
Epoch 2, val-method base, validation accuracy 64.68000030517578, best_prec 64.68000030517578
This epoch duration :2497.920427083969
Epoch 3, val-method base, validation accuracy 65.13999938964844, best_prec 65.13999938964844
This epoch duration :2498.0701382160187
Epoch 4, val-method base, validation accuracy 65.5999984741211, best_prec 65.5999984741211
This epoch duration :2497.784038066864
Epoch 5, val-method base, validation accuracy 65.79000091552734, best_prec 65.79000091552734
This epoch duration :2498.130049228668
Epoch 6, val-method base, validation accuracy 66.18000030517578, best_prec 66.18000030517578
This epoch duration :2498.087741136551
Epoch 7, val-method base, validation accuracy 65.83999633789062, best_prec 66.18000030517578
This epoch duration :2498.056609392166
Epoch 8, val-method base, validation accuracy 66.5, best_prec 66.5
This epoch duration :2498.1790385246277
Epoch 9, val-method base, validation accuracy 66.8499984741211, best_prec 66.8499984741211
This epoch duration :2498.430275440216
Epoch 10, val-method base, validation accuracy 65.90999603271484, best_prec 66.8499984741211
This epoch duration :2497.7678089141846
Epoch 11, val-method base, validation accuracy 65.65999603271484, best_prec 66.8499984741211
This epoch duration :2497.9955224990845
Epoch 12, val-method base, validation accuracy 66.05999755859375, best_prec 66.8499984741211
This epoch duration :2498.0174658298492
Epoch 13, val-method base, validation accuracy 65.54000091552734, best_prec 66.8499984741211
This epoch duration :2498.0252068042755
Epoch 14, val-method base, validation accuracy 67.08000183105469, best_prec 67.08000183105469
This epoch duration :2497.692878007889
Epoch 15, val-method base, validation accuracy 66.91999816894531, best_prec 67.08000183105469
This epoch duration :2498.1038024425507
Epoch 16, val-method base, validation accuracy 66.55999755859375, best_prec 67.08000183105469
This epoch duration :2497.4266505241394
Epoch 17, val-method base, validation accuracy 67.38999938964844, best_prec 67.38999938964844
This epoch duration :2498.6712698936462
Epoch 18, val-method base, validation accuracy 66.52999877929688, best_prec 67.38999938964844
This epoch duration :2497.345690727234
Epoch 19, val-method base, validation accuracy 65.40999603271484, best_prec 67.38999938964844
This epoch duration :2497.683397769928
Epoch 20, val-method base, validation accuracy 67.0199966430664, best_prec 67.38999938964844
This epoch duration :2497.7415041923523
Epoch 21, val-method base, validation accuracy 66.20999908447266, best_prec 67.38999938964844
This epoch duration :2497.7783319950104
Epoch 22, val-method base, validation accuracy 66.75, best_prec 67.38999938964844
This epoch duration :2497.883505821228
Epoch 23, val-method base, validation accuracy 66.93999481201172, best_prec 67.38999938964844
This epoch duration :2498.1414289474487
Epoch 24, val-method base, validation accuracy 66.43000030517578, best_prec 67.38999938964844
This epoch duration :2497.5325927734375
Epoch 25, val-method base, validation accuracy 67.69999694824219, best_prec 67.69999694824219
This epoch duration :2497.971293449402
Epoch 26, val-method base, validation accuracy 67.3499984741211, best_prec 67.69999694824219
This epoch duration :2497.5648000240326
Epoch 27, val-method base, validation accuracy 67.02999877929688, best_prec 67.69999694824219
This epoch duration :2497.8079750537872
Epoch 28, val-method base, validation accuracy 66.56999969482422, best_prec 67.69999694824219
This epoch duration :2497.5165424346924
Epoch 29, val-method base, validation accuracy 66.47000122070312, best_prec 67.69999694824219
This epoch duration :2615.059566259384
Epoch 30, val-method base, validation accuracy 67.5199966430664, best_prec 67.69999694824219
This epoch duration :2497.662657022476
Epoch 31, val-method base, validation accuracy 67.48999786376953, best_prec 67.69999694824219
This epoch duration :2497.88090801239
Epoch 32, val-method base, validation accuracy 67.1199951171875, best_prec 67.69999694824219
This epoch duration :2498.064403295517
Epoch 33, val-method base, validation accuracy 67.43999481201172, best_prec 67.69999694824219
This epoch duration :2498.3768079280853
Epoch 34, val-method base, validation accuracy 67.97000122070312, best_prec 67.97000122070312
This epoch duration :2497.23974442482
Epoch 35, val-method base, validation accuracy 67.48999786376953, best_prec 67.97000122070312
This epoch duration :2497.766323328018
Epoch 36, val-method base, validation accuracy 66.88999938964844, best_prec 67.97000122070312
This epoch duration :2497.208177804947
Epoch 37, val-method base, validation accuracy 67.73999786376953, best_prec 67.97000122070312
This epoch duration :2497.8785750865936
Epoch 38, val-method base, validation accuracy 67.94999694824219, best_prec 67.97000122070312
This epoch duration :2497.22776222229
Epoch 39, val-method base, validation accuracy 68.91999816894531, best_prec 68.91999816894531
This epoch duration :2497.3796055316925
Epoch 40, val-method base, validation accuracy 68.97000122070312, best_prec 68.97000122070312
This epoch duration :2497.3048219680786
Epoch 41, val-method base, validation accuracy 67.66999816894531, best_prec 68.97000122070312
This epoch duration :2497.9616973400116
Epoch 42, val-method base, validation accuracy 68.40999603271484, best_prec 68.97000122070312
This epoch duration :2501.4465312957764
Epoch 43, val-method base, validation accuracy 68.0199966430664, best_prec 68.97000122070312
This epoch duration :2498.1881415843964
Epoch 44, val-method base, validation accuracy 67.5999984741211, best_prec 68.97000122070312
This epoch duration :2497.0233595371246
Epoch 45, val-method base, validation accuracy 68.33999633789062, best_prec 68.97000122070312
This epoch duration :2497.559275150299
Epoch 46, val-method base, validation accuracy 67.00999450683594, best_prec 68.97000122070312
This epoch duration :2497.8431525230408
Epoch 47, val-method base, validation accuracy 68.19999694824219, best_prec 68.97000122070312
This epoch duration :2497.794329881668
Epoch 48, val-method base, validation accuracy 68.06999969482422, best_prec 68.97000122070312
This epoch duration :2497.8955879211426
Epoch 49, val-method base, validation accuracy 68.08999633789062, best_prec 68.97000122070312
This epoch duration :2497.7081286907196
Epoch 50, val-method base, validation accuracy 67.5999984741211, best_prec 68.97000122070312
This epoch duration :2497.797333717346
Epoch 51, val-method base, validation accuracy 68.7699966430664, best_prec 68.97000122070312
This epoch duration :2497.819343805313
Epoch 52, val-method base, validation accuracy 69.30999755859375, best_prec 69.30999755859375
This epoch duration :2497.110818862915
Epoch 53, val-method base, validation accuracy 69.1199951171875, best_prec 69.30999755859375
This epoch duration :2497.798056125641
Epoch 54, val-method base, validation accuracy 70.8699951171875, best_prec 70.8699951171875
This epoch duration :2497.6238901615143
Epoch 55, val-method base, validation accuracy 71.5999984741211, best_prec 71.5999984741211
This epoch duration :2497.62580037117
Epoch 56, val-method base, validation accuracy 70.68000030517578, best_prec 71.5999984741211
This epoch duration :2497.2115364074707
Epoch 57, val-method base, validation accuracy 71.36000061035156, best_prec 71.5999984741211
This epoch duration :2497.4152686595917
Epoch 58, val-method base, validation accuracy 71.63999938964844, best_prec 71.63999938964844
This epoch duration :2497.6025223731995
Epoch 59, val-method base, validation accuracy 71.4000015258789, best_prec 71.63999938964844
This epoch duration :2497.717688560486
Epoch 60, val-method base, validation accuracy 72.13999938964844, best_prec 72.13999938964844
This epoch duration :2497.33975148201
Epoch 61, val-method base, validation accuracy 72.3499984741211, best_prec 72.3499984741211
This epoch duration :2497.760529756546
Epoch 62, val-method base, validation accuracy 72.30999755859375, best_prec 72.3499984741211
This epoch duration :2497.028244972229
Epoch 63, val-method base, validation accuracy 72.29000091552734, best_prec 72.3499984741211
This epoch duration :2497.944798707962
Epoch 64, val-method base, validation accuracy 72.83000183105469, best_prec 72.83000183105469
This epoch duration :2497.3336889743805
Epoch 65, val-method base, validation accuracy 72.12999725341797, best_prec 72.83000183105469
This epoch duration :2498.1798183918
Epoch 66, val-method base, validation accuracy 73.04000091552734, best_prec 73.04000091552734
This epoch duration :2498.24156999588
Epoch 67, val-method base, validation accuracy 73.68000030517578, best_prec 73.68000030517578
This epoch duration :2498.253806591034
Epoch 68, val-method base, validation accuracy 73.54000091552734, best_prec 73.68000030517578
This epoch duration :2497.3926520347595
Epoch 69, val-method base, validation accuracy 73.52999877929688, best_prec 73.68000030517578
This epoch duration :2497.988278388977
Epoch 70, val-method base, validation accuracy 73.98999786376953, best_prec 73.98999786376953
This epoch duration :2496.808408498764
Epoch 71, val-method base, validation accuracy 74.23999786376953, best_prec 74.23999786376953
This epoch duration :2498.0146548748016
Epoch 72, val-method base, validation accuracy 74.3699951171875, best_prec 74.3699951171875
This epoch duration :2497.800908088684
Epoch 73, val-method base, validation accuracy 74.19999694824219, best_prec 74.3699951171875
This epoch duration :2497.8889474868774
Epoch 74, val-method base, validation accuracy 74.54000091552734, best_prec 74.54000091552734
This epoch duration :2497.948625802994
Epoch 75, val-method base, validation accuracy 74.95999908447266, best_prec 74.95999908447266
This epoch duration :2498.0363488197327
Epoch 76, val-method base, validation accuracy 74.90999603271484, best_prec 74.95999908447266
This epoch duration :2497.6407957077026
Epoch 77, val-method base, validation accuracy 75.1500015258789, best_prec 75.1500015258789
This epoch duration :2497.658462047577
Epoch 78, val-method base, validation accuracy 75.20999908447266, best_prec 75.20999908447266
This epoch duration :2497.6021733283997
Epoch 79, val-method base, validation accuracy 75.45999908447266, best_prec 75.45999908447266
This epoch duration :2498.4475526809692
Epoch 80, val-method base, validation accuracy 75.25, best_prec 75.45999908447266
This epoch duration :2497.092713356018
Epoch 81, val-method base, validation accuracy 75.5, best_prec 75.5
This epoch duration :2497.4960639476776
Epoch 82, val-method base, validation accuracy 75.68000030517578, best_prec 75.68000030517578
This epoch duration :2497.5144805908203
Epoch 83, val-method base, validation accuracy 75.87999725341797, best_prec 75.87999725341797
This epoch duration :2498.0145502090454
Epoch 84, val-method base, validation accuracy 75.63999938964844, best_prec 75.87999725341797
This epoch duration :2497.091050863266
Epoch 85, val-method base, validation accuracy 75.8499984741211, best_prec 75.87999725341797
This epoch duration :2497.5914478302
Epoch 86, val-method base, validation accuracy 75.95999908447266, best_prec 75.95999908447266
This epoch duration :2497.5015354156494
Epoch 87, val-method base, validation accuracy 75.79999542236328, best_prec 75.95999908447266
This epoch duration :2497.5919659137726
Epoch 88, val-method base, validation accuracy 75.88999938964844, best_prec 75.95999908447266
This epoch duration :2497.2850971221924
Epoch 89, val-method base, validation accuracy 75.75999450683594, best_prec 75.95999908447266
This epoch duration :2497.6152942180634
Epoch 90, val-method base, validation accuracy 75.77999877929688, best_prec 75.95999908447266
This epoch duration :2497.0376896858215
Epoch 91, val-method base, validation accuracy 75.9000015258789, best_prec 75.95999908447266
This epoch duration :2497.5578775405884
Epoch 92, val-method base, validation accuracy 75.75999450683594, best_prec 75.95999908447266
This epoch duration :2497.308443546295
Epoch 93, val-method base, validation accuracy 76.08999633789062, best_prec 76.08999633789062
This epoch duration :2498.195960521698
Epoch 94, val-method base, validation accuracy 75.86000061035156, best_prec 76.08999633789062
This epoch duration :2497.8303446769714
Epoch 95, val-method base, validation accuracy 75.86000061035156, best_prec 76.08999633789062
This epoch duration :2497.713960647583
Epoch 96, val-method base, validation accuracy 75.98999786376953, best_prec 76.08999633789062
This epoch duration :2497.054181575775
Epoch 97, val-method base, validation accuracy 75.77999877929688, best_prec 76.08999633789062
This epoch duration :2497.4251096248627
Epoch 98, val-method base, validation accuracy 75.80999755859375, best_prec 76.08999633789062
This epoch duration :2097.7514667510986
Epoch 99, val-method base, validation accuracy 76.08999633789062, best_prec 76.08999633789062
