Namespace(configs='configs/KMNIST/bip_baseline.yml', result_dir='./trained_models', exp_name='km_bb_12', exp_mode='prune', arch='mnist_model', num_classes=10, layer_type='unstructured', k=0.3025119099177133, lambd=0.0, alpha=1.0, fw_momentum=1.0, scaled_score_init=True, scale_rand_init=False, freeze_bn=False, source_net='trained_models/KMNIST_mnist_model/pretrain/latest_exp/checkpoint/model_best.pth.tar', scores_init_type=None, dataset='KMNIST', batch_size=64, num_workers=2, test_batch_size=64, normalize=True, data_dir='./data', image_dim=28, trainer='bilevel_baseline', epochs=100, optimizer='sgd', wd=0.0001, mask_lr=0.1, lr=0.1, mask_lr_schedule='step', lr_schedule='cosine', momentum=0.9, warmup_epochs=0, warmup_lr=0.1, save_dense=False, evaluate=False, val_method='base', resume='', seed=1234, print_freq=100, lr2=0.0001, accelerate=False)
=> loading source model from 'trained_models/KMNIST_mnist_model/pretrain/latest_exp/checkpoint/model_best.pth.tar'
=> loaded checkpoint 'trained_models/KMNIST_mnist_model/pretrain/latest_exp/checkpoint/model_best.pth.tar'
This epoch duration :368.41984391212463
Epoch 0, val-method base, validation accuracy 91.6199951171875, best_prec 91.6199951171875
This epoch duration :407.5013313293457
Epoch 1, val-method base, validation accuracy 92.75999450683594, best_prec 92.75999450683594
This epoch duration :406.2534728050232
Epoch 2, val-method base, validation accuracy 94.16999816894531, best_prec 94.16999816894531
This epoch duration :404.5298969745636
Epoch 3, val-method base, validation accuracy 90.62999725341797, best_prec 94.16999816894531
This epoch duration :407.94787406921387
Epoch 4, val-method base, validation accuracy 93.44999694824219, best_prec 94.16999816894531
This epoch duration :402.48672318458557
Epoch 5, val-method base, validation accuracy 93.90999603271484, best_prec 94.16999816894531
This epoch duration :408.2001450061798
Epoch 6, val-method base, validation accuracy 92.43999481201172, best_prec 94.16999816894531
This epoch duration :403.6890206336975
Epoch 7, val-method base, validation accuracy 94.52999877929688, best_prec 94.52999877929688
This epoch duration :407.01885867118835
Epoch 8, val-method base, validation accuracy 92.79000091552734, best_prec 94.52999877929688
This epoch duration :406.47944593429565
Epoch 9, val-method base, validation accuracy 93.79000091552734, best_prec 94.52999877929688
This epoch duration :403.4815046787262
Epoch 10, val-method base, validation accuracy 93.82999420166016, best_prec 94.52999877929688
This epoch duration :407.8020770549774
Epoch 11, val-method base, validation accuracy 92.47999572753906, best_prec 94.52999877929688
This epoch duration :402.5704274177551
Epoch 12, val-method base, validation accuracy 94.22000122070312, best_prec 94.52999877929688
This epoch duration :407.959867477417
Epoch 13, val-method base, validation accuracy 93.43000030517578, best_prec 94.52999877929688
This epoch duration :404.3955285549164
Epoch 14, val-method base, validation accuracy 93.5199966430664, best_prec 94.52999877929688
This epoch duration :405.62035751342773
Epoch 15, val-method base, validation accuracy 93.19999694824219, best_prec 94.52999877929688
This epoch duration :407.1768579483032
Epoch 16, val-method base, validation accuracy 93.98999786376953, best_prec 94.52999877929688
This epoch duration :403.27086424827576
Epoch 17, val-method base, validation accuracy 93.72000122070312, best_prec 94.52999877929688
This epoch duration :408.2389078140259
Epoch 18, val-method base, validation accuracy 93.54000091552734, best_prec 94.52999877929688
This epoch duration :402.7822332382202
Epoch 19, val-method base, validation accuracy 94.69999694824219, best_prec 94.69999694824219
This epoch duration :408.0972123146057
Epoch 20, val-method base, validation accuracy 94.38999938964844, best_prec 94.69999694824219
This epoch duration :406.1345045566559
Epoch 21, val-method base, validation accuracy 94.29000091552734, best_prec 94.69999694824219
This epoch duration :404.75774908065796
Epoch 22, val-method base, validation accuracy 94.72000122070312, best_prec 94.72000122070312
This epoch duration :407.8912434577942
Epoch 23, val-method base, validation accuracy 94.3499984741211, best_prec 94.72000122070312
This epoch duration :402.4949240684509
Epoch 24, val-method base, validation accuracy 94.19999694824219, best_prec 94.72000122070312
This epoch duration :407.7674181461334
Epoch 25, val-method base, validation accuracy 93.04000091552734, best_prec 94.72000122070312
This epoch duration :403.06381487846375
Epoch 26, val-method base, validation accuracy 93.48999786376953, best_prec 94.72000122070312
This epoch duration :407.3558232784271
Epoch 27, val-method base, validation accuracy 94.72000122070312, best_prec 94.72000122070312
This epoch duration :406.4760081768036
Epoch 28, val-method base, validation accuracy 94.02999877929688, best_prec 94.72000122070312
This epoch duration :403.6776371002197
Epoch 29, val-method base, validation accuracy 93.5, best_prec 94.72000122070312
This epoch duration :407.7141981124878
Epoch 30, val-method base, validation accuracy 94.75999450683594, best_prec 94.75999450683594
This epoch duration :402.4368462562561
Epoch 31, val-method base, validation accuracy 94.25, best_prec 94.75999450683594
This epoch duration :408.0928113460541
Epoch 32, val-method base, validation accuracy 93.22000122070312, best_prec 94.75999450683594
This epoch duration :404.3158757686615
Epoch 33, val-method base, validation accuracy 94.90999603271484, best_prec 94.90999603271484
This epoch duration :406.1079032421112
Epoch 34, val-method base, validation accuracy 94.64999389648438, best_prec 94.90999603271484
This epoch duration :406.9992399215698
Epoch 35, val-method base, validation accuracy 94.14999389648438, best_prec 94.90999603271484
This epoch duration :403.1205451488495
Epoch 36, val-method base, validation accuracy 93.41999816894531, best_prec 94.90999603271484
This epoch duration :408.0274932384491
Epoch 37, val-method base, validation accuracy 94.48999786376953, best_prec 94.90999603271484
This epoch duration :402.1083679199219
Epoch 38, val-method base, validation accuracy 94.47999572753906, best_prec 94.90999603271484
This epoch duration :407.7701344490051
Epoch 39, val-method base, validation accuracy 94.55999755859375, best_prec 94.90999603271484
This epoch duration :405.05264949798584
Epoch 40, val-method base, validation accuracy 95.13999938964844, best_prec 95.13999938964844
This epoch duration :405.061642408371
Epoch 41, val-method base, validation accuracy 93.5, best_prec 95.13999938964844
This epoch duration :407.6648271083832
Epoch 42, val-method base, validation accuracy 95.31999969482422, best_prec 95.31999969482422
This epoch duration :402.84211444854736
Epoch 43, val-method base, validation accuracy 94.93000030517578, best_prec 95.31999969482422
This epoch duration :407.67045426368713
Epoch 44, val-method base, validation accuracy 94.87999725341797, best_prec 95.31999969482422
This epoch duration :402.5084834098816
Epoch 45, val-method base, validation accuracy 95.65999603271484, best_prec 95.65999603271484
This epoch duration :407.40318417549133
Epoch 46, val-method base, validation accuracy 94.77999877929688, best_prec 95.65999603271484
This epoch duration :406.177570104599
Epoch 47, val-method base, validation accuracy 95.30999755859375, best_prec 95.65999603271484
This epoch duration :404.227215051651
Epoch 48, val-method base, validation accuracy 95.22999572753906, best_prec 95.65999603271484
This epoch duration :407.72464990615845
Epoch 49, val-method base, validation accuracy 95.14999389648438, best_prec 95.65999603271484
This epoch duration :402.2404339313507
Epoch 50, val-method base, validation accuracy 94.19999694824219, best_prec 95.65999603271484
This epoch duration :407.6637387275696
Epoch 51, val-method base, validation accuracy 95.22000122070312, best_prec 95.65999603271484
This epoch duration :403.7628035545349
Epoch 52, val-method base, validation accuracy 95.48999786376953, best_prec 95.65999603271484
This epoch duration :406.5984320640564
Epoch 53, val-method base, validation accuracy 96.18000030517578, best_prec 96.18000030517578
This epoch duration :406.8011758327484
Epoch 54, val-method base, validation accuracy 96.07999420166016, best_prec 96.18000030517578
This epoch duration :403.3204662799835
Epoch 55, val-method base, validation accuracy 96.08999633789062, best_prec 96.18000030517578
This epoch duration :407.7074863910675
Epoch 56, val-method base, validation accuracy 96.3499984741211, best_prec 96.3499984741211
This epoch duration :402.52946853637695
Epoch 57, val-method base, validation accuracy 96.29000091552734, best_prec 96.3499984741211
This epoch duration :407.9161608219147
Epoch 58, val-method base, validation accuracy 96.30999755859375, best_prec 96.3499984741211
This epoch duration :404.6623752117157
Epoch 59, val-method base, validation accuracy 96.11000061035156, best_prec 96.3499984741211
This epoch duration :405.6197016239166
Epoch 60, val-method base, validation accuracy 95.54000091552734, best_prec 96.3499984741211
This epoch duration :407.1383502483368
Epoch 61, val-method base, validation accuracy 95.93999481201172, best_prec 96.3499984741211
This epoch duration :403.0388720035553
Epoch 62, val-method base, validation accuracy 95.25, best_prec 96.3499984741211
This epoch duration :408.00358724594116
Epoch 63, val-method base, validation accuracy 96.04999542236328, best_prec 96.3499984741211
This epoch duration :402.5410270690918
Epoch 64, val-method base, validation accuracy 96.45999908447266, best_prec 96.45999908447266
This epoch duration :407.46478629112244
Epoch 65, val-method base, validation accuracy 96.22000122070312, best_prec 96.45999908447266
This epoch duration :405.5363783836365
Epoch 66, val-method base, validation accuracy 96.47000122070312, best_prec 96.47000122070312
This epoch duration :404.5782563686371
Epoch 67, val-method base, validation accuracy 96.41999816894531, best_prec 96.47000122070312
This epoch duration :407.8907845020294
Epoch 68, val-method base, validation accuracy 96.38999938964844, best_prec 96.47000122070312
This epoch duration :402.401748418808
Epoch 69, val-method base, validation accuracy 96.39999389648438, best_prec 96.47000122070312
This epoch duration :322.54157757759094
Epoch 70, val-method base, validation accuracy 96.27999877929688, best_prec 96.47000122070312
This epoch duration :223.13732504844666
Epoch 71, val-method base, validation accuracy 96.30999755859375, best_prec 96.47000122070312
This epoch duration :222.5460169315338
Epoch 72, val-method base, validation accuracy 96.29999542236328, best_prec 96.47000122070312
This epoch duration :222.80307960510254
Epoch 73, val-method base, validation accuracy 96.23999786376953, best_prec 96.47000122070312
This epoch duration :222.76750707626343
Epoch 74, val-method base, validation accuracy 96.44999694824219, best_prec 96.47000122070312
This epoch duration :222.64967250823975
Epoch 75, val-method base, validation accuracy 95.90999603271484, best_prec 96.47000122070312
This epoch duration :222.8465132713318
Epoch 76, val-method base, validation accuracy 96.06999969482422, best_prec 96.47000122070312
This epoch duration :222.35736203193665
Epoch 77, val-method base, validation accuracy 96.25, best_prec 96.47000122070312
This epoch duration :223.06867122650146
Epoch 78, val-method base, validation accuracy 96.2699966430664, best_prec 96.47000122070312
This epoch duration :222.36414861679077
Epoch 79, val-method base, validation accuracy 96.36000061035156, best_prec 96.47000122070312
This epoch duration :222.84836053848267
Epoch 80, val-method base, validation accuracy 96.30999755859375, best_prec 96.47000122070312
This epoch duration :222.71155047416687
Epoch 81, val-method base, validation accuracy 96.25, best_prec 96.47000122070312
This epoch duration :222.7544596195221
Epoch 82, val-method base, validation accuracy 96.29000091552734, best_prec 96.47000122070312
This epoch duration :222.85797095298767
Epoch 83, val-method base, validation accuracy 96.36000061035156, best_prec 96.47000122070312
This epoch duration :222.59512400627136
Epoch 84, val-method base, validation accuracy 96.27999877929688, best_prec 96.47000122070312
This epoch duration :222.93884134292603
Epoch 85, val-method base, validation accuracy 96.29999542236328, best_prec 96.47000122070312
This epoch duration :222.40908312797546
Epoch 86, val-method base, validation accuracy 96.20999908447266, best_prec 96.47000122070312
This epoch duration :223.12691450119019
Epoch 87, val-method base, validation accuracy 96.2699966430664, best_prec 96.47000122070312
This epoch duration :222.6589150428772
Epoch 88, val-method base, validation accuracy 96.22000122070312, best_prec 96.47000122070312
This epoch duration :222.7221803665161
Epoch 89, val-method base, validation accuracy 96.22000122070312, best_prec 96.47000122070312
This epoch duration :222.85566067695618
Epoch 90, val-method base, validation accuracy 96.29999542236328, best_prec 96.47000122070312
This epoch duration :222.5526168346405
Epoch 91, val-method base, validation accuracy 96.29000091552734, best_prec 96.47000122070312
This epoch duration :222.9680302143097
Epoch 92, val-method base, validation accuracy 96.2699966430664, best_prec 96.47000122070312
This epoch duration :222.31215596199036
Epoch 93, val-method base, validation accuracy 96.29000091552734, best_prec 96.47000122070312
This epoch duration :223.01501178741455
Epoch 94, val-method base, validation accuracy 96.25999450683594, best_prec 96.47000122070312
This epoch duration :222.73753428459167
Epoch 95, val-method base, validation accuracy 96.27999877929688, best_prec 96.47000122070312
This epoch duration :222.7662239074707
Epoch 96, val-method base, validation accuracy 96.2699966430664, best_prec 96.47000122070312
This epoch duration :222.84658026695251
Epoch 97, val-method base, validation accuracy 96.27999877929688, best_prec 96.47000122070312
This epoch duration :222.7102346420288
Epoch 98, val-method base, validation accuracy 96.27999877929688, best_prec 96.47000122070312
This epoch duration :163.7151334285736
Epoch 99, val-method base, validation accuracy 96.27999877929688, best_prec 96.47000122070312
