Namespace(configs='configs/CIFAR10/pen_bip_1.yml', result_dir='./trained_models', exp_name='RC_pb1_l5a001', exp_mode='prune', arch='resnet18', num_classes=10, layer_type='unstructured', k=None, lambd=0.99999, alpha=0.01, scaled_score_init=True, scale_rand_init=False, freeze_bn=False, source_net='trained_models/CIFAR10_resnet18_Pretrain/pretrain/latest_exp/checkpoint/model_best.pth.tar', scores_init_type=None, dataset='CIFAR10', batch_size=128, num_workers=2, test_batch_size=128, normalize=True, data_dir='./data', image_dim=32, trainer='penalized_bilevel_1', epochs=100, optimizer='sgd', wd=0.0001, mask_lr=0.1, lr=0.1, mask_lr_schedule='step', lr_schedule='cosine', momentum=0.9, warmup_epochs=0, warmup_lr=0.1, save_dense=False, evaluate=False, val_method='base', resume='', seed=1234, print_freq=100, lr2=0.0001, accelerate=False)
=> loading source model from 'trained_models/CIFAR10_resnet18_Pretrain/pretrain/latest_exp/checkpoint/model_best.pth.tar'
=> loaded checkpoint 'trained_models/CIFAR10_resnet18_Pretrain/pretrain/latest_exp/checkpoint/model_best.pth.tar'
Epoch 0, l0 norm : 1021574, l1 norm : 473076.2283935547
Epoch 0, min : 0.0, max : 0.8079144954681396
This epoch duration :2159.3929495811462
Epoch 0, val-method base, validation accuracy 37.97999954223633, best_prec 37.97999954223633
Epoch 1, l0 norm : 1021574, l1 norm : 473335.2311630249
Epoch 1, min : 0.0, max : 0.695487916469574
This epoch duration :2153.365832567215
Epoch 1, val-method base, validation accuracy 44.30999755859375, best_prec 44.30999755859375
Epoch 2, l0 norm : 1021574, l1 norm : 468808.4235687256
Epoch 2, min : 0.0, max : 0.613198459148407
This epoch duration :2153.5828216075897
Epoch 2, val-method base, validation accuracy 54.27000045776367, best_prec 54.27000045776367
Epoch 3, l0 norm : 1021574, l1 norm : 463509.15690612793
Epoch 3, min : 0.0, max : 0.5725718140602112
This epoch duration :2154.8319597244263
Epoch 3, val-method base, validation accuracy 61.779998779296875, best_prec 61.779998779296875
Epoch 4, l0 norm : 1021574, l1 norm : 458003.96604156494
Epoch 4, min : 0.0, max : 0.5580108165740967
This epoch duration :2153.92325592041
Epoch 4, val-method base, validation accuracy 60.55999755859375, best_prec 61.779998779296875
Epoch 5, l0 norm : 1021574, l1 norm : 452529.6882171631
Epoch 5, min : 0.0, max : 0.532462477684021
This epoch duration :2154.0499217510223
Epoch 5, val-method base, validation accuracy 66.01000213623047, best_prec 66.01000213623047
Epoch 6, l0 norm : 1021574, l1 norm : 447146.4676589966
Epoch 6, min : 0.0, max : 0.529144287109375
This epoch duration :2153.6412839889526
Epoch 6, val-method base, validation accuracy 66.75999450683594, best_prec 66.75999450683594
Epoch 7, l0 norm : 1021574, l1 norm : 441879.9101409912
Epoch 7, min : 0.0, max : 0.5294244885444641
This epoch duration :2153.8272833824158
Epoch 7, val-method base, validation accuracy 66.12999725341797, best_prec 66.75999450683594
Epoch 8, l0 norm : 1021574, l1 norm : 436715.5707397461
Epoch 8, min : 0.0, max : 0.5198061466217041
This epoch duration :2153.4971573352814
Epoch 8, val-method base, validation accuracy 68.30999755859375, best_prec 68.30999755859375
Epoch 9, l0 norm : 1021574, l1 norm : 431664.26445007324
Epoch 9, min : 0.0, max : 0.5067757368087769
This epoch duration :2154.6314764022827
Epoch 9, val-method base, validation accuracy 72.25, best_prec 72.25
Epoch 10, l0 norm : 1021574, l1 norm : 426738.6075363159
Epoch 10, min : 0.0, max : 0.501028299331665
This epoch duration :2156.2179102897644
Epoch 10, val-method base, validation accuracy 75.22999572753906, best_prec 75.22999572753906
Epoch 11, l0 norm : 1021574, l1 norm : 421929.91107940674
Epoch 11, min : 0.0, max : 0.4891718029975891
This epoch duration :2154.739153623581
Epoch 11, val-method base, validation accuracy 76.05999755859375, best_prec 76.05999755859375
Epoch 12, l0 norm : 1021574, l1 norm : 417314.47303009033
Epoch 12, min : 0.0, max : 0.48068052530288696
This epoch duration :2155.3756880760193
Epoch 12, val-method base, validation accuracy 77.5, best_prec 77.5
Epoch 13, l0 norm : 1021574, l1 norm : 412810.74308776855
Epoch 13, min : 0.0, max : 0.4762272238731384
This epoch duration :2156.114418745041
Epoch 13, val-method base, validation accuracy 79.41999816894531, best_prec 79.41999816894531
Epoch 14, l0 norm : 1021574, l1 norm : 408427.3769454956
Epoch 14, min : 0.0, max : 0.4698762893676758
This epoch duration :2155.221497297287
Epoch 14, val-method base, validation accuracy 79.37999725341797, best_prec 79.41999816894531
Epoch 15, l0 norm : 1021574, l1 norm : 404173.18884277344
Epoch 15, min : 0.0, max : 0.4688469171524048
This epoch duration :2155.822077512741
Epoch 15, val-method base, validation accuracy 79.75999450683594, best_prec 79.75999450683594
Epoch 16, l0 norm : 1021574, l1 norm : 400055.70669555664
Epoch 16, min : 0.0, max : 0.46480390429496765
This epoch duration :2155.9271206855774
Epoch 16, val-method base, validation accuracy 79.6500015258789, best_prec 79.75999450683594
Epoch 17, l0 norm : 1021574, l1 norm : 396053.5909881592
Epoch 17, min : 0.0, max : 0.4565839469432831
This epoch duration :2155.06152677536
Epoch 17, val-method base, validation accuracy 78.25, best_prec 79.75999450683594
Epoch 18, l0 norm : 1021574, l1 norm : 392185.4116516113
Epoch 18, min : 0.0, max : 0.44944077730178833
This epoch duration :2155.933003425598
Epoch 18, val-method base, validation accuracy 83.72999572753906, best_prec 83.72999572753906
Epoch 19, l0 norm : 1021574, l1 norm : 388442.0579223633
Epoch 19, min : 0.0, max : 0.44643494486808777
This epoch duration :2155.9202568531036
Epoch 19, val-method base, validation accuracy 83.52999877929688, best_prec 83.72999572753906
Epoch 20, l0 norm : 1021574, l1 norm : 384836.52210998535
Epoch 20, min : 0.0, max : 0.44307878613471985
This epoch duration :2155.544314622879
Epoch 20, val-method base, validation accuracy 81.8499984741211, best_prec 83.72999572753906
Epoch 21, l0 norm : 1021574, l1 norm : 381368.78520202637
Epoch 21, min : 0.0, max : 0.44009485840797424
This epoch duration :2156.5530898571014
Epoch 21, val-method base, validation accuracy 84.12999725341797, best_prec 84.12999725341797
Epoch 22, l0 norm : 1021574, l1 norm : 378027.44231414795
Epoch 22, min : 0.0, max : 0.43325352668762207
This epoch duration :2156.7662036418915
Epoch 22, val-method base, validation accuracy 85.04000091552734, best_prec 85.04000091552734
Epoch 23, l0 norm : 1021574, l1 norm : 374809.61825561523
Epoch 23, min : 0.0, max : 0.42564475536346436
This epoch duration :2156.523048877716
Epoch 23, val-method base, validation accuracy 85.66999816894531, best_prec 85.66999816894531
Epoch 24, l0 norm : 1021574, l1 norm : 371716.2633895874
Epoch 24, min : 0.0, max : 0.4227712154388428
This epoch duration :2155.403779029846
Epoch 24, val-method base, validation accuracy 84.30999755859375, best_prec 85.66999816894531
Epoch 25, l0 norm : 1021574, l1 norm : 368745.8144683838
Epoch 25, min : 0.0, max : 0.4209751784801483
This epoch duration :2154.6105301380157
Epoch 25, val-method base, validation accuracy 85.41999816894531, best_prec 85.66999816894531
Epoch 26, l0 norm : 1021574, l1 norm : 365905.50958251953
Epoch 26, min : 0.0, max : 0.4184015393257141
This epoch duration :2154.5016815662384
Epoch 26, val-method base, validation accuracy 85.79000091552734, best_prec 85.79000091552734
Epoch 27, l0 norm : 1021574, l1 norm : 363180.72492980957
Epoch 27, min : 0.0, max : 0.4173775911331177
This epoch duration :2161.2921385765076
Epoch 27, val-method base, validation accuracy 85.37999725341797, best_prec 85.79000091552734
Epoch 28, l0 norm : 1021574, l1 norm : 360577.2250442505
Epoch 28, min : 0.0, max : 0.4173804819583893
This epoch duration :2162.6195964813232
Epoch 28, val-method base, validation accuracy 86.58999633789062, best_prec 86.58999633789062
Epoch 29, l0 norm : 1021574, l1 norm : 358089.6579589844
Epoch 29, min : 0.0, max : 0.41731271147727966
This epoch duration :2163.1090455055237
Epoch 29, val-method base, validation accuracy 87.25, best_prec 87.25
Epoch 30, l0 norm : 1021574, l1 norm : 355731.0371398926
Epoch 30, min : 0.0, max : 0.41671517491340637
This epoch duration :2159.2030465602875
Epoch 30, val-method base, validation accuracy 86.0199966430664, best_prec 87.25
Epoch 31, l0 norm : 1021574, l1 norm : 353488.99226379395
Epoch 31, min : 0.0, max : 0.4152423143386841
This epoch duration :2154.594786643982
Epoch 31, val-method base, validation accuracy 85.75, best_prec 87.25
Epoch 32, l0 norm : 1021574, l1 norm : 351355.01441955566
Epoch 32, min : 0.0, max : 0.41645845770835876
This epoch duration :2158.432276725769
Epoch 32, val-method base, validation accuracy 86.70999908447266, best_prec 87.25
Epoch 33, l0 norm : 1021574, l1 norm : 349339.7872314453
Epoch 33, min : 0.0, max : 0.4148980975151062
This epoch duration :2163.892954349518
Epoch 33, val-method base, validation accuracy 86.38999938964844, best_prec 87.25
Epoch 34, l0 norm : 1021574, l1 norm : 347440.4382019043
Epoch 34, min : 0.0, max : 0.4132530987262726
This epoch duration :2164.029055595398
Epoch 34, val-method base, validation accuracy 87.70999908447266, best_prec 87.70999908447266
Epoch 35, l0 norm : 1021574, l1 norm : 345653.02671051025
Epoch 35, min : 0.0, max : 0.4136449694633484
This epoch duration :2162.0501506328583
Epoch 35, val-method base, validation accuracy 87.97000122070312, best_prec 87.97000122070312
Epoch 36, l0 norm : 1021574, l1 norm : 343974.94940948486
Epoch 36, min : 0.0, max : 0.412594199180603
This epoch duration :2157.92321228981
Epoch 36, val-method base, validation accuracy 88.77999877929688, best_prec 88.77999877929688
Epoch 37, l0 norm : 1021574, l1 norm : 342406.7731781006
Epoch 37, min : 0.0, max : 0.4107908308506012
This epoch duration :2160.7716739177704
Epoch 37, val-method base, validation accuracy 87.87999725341797, best_prec 88.77999877929688
Epoch 38, l0 norm : 1021574, l1 norm : 340937.6998138428
Epoch 38, min : 0.0, max : 0.41035112738609314
This epoch duration :2163.0958099365234
Epoch 38, val-method base, validation accuracy 88.25, best_prec 88.77999877929688
Epoch 39, l0 norm : 1021574, l1 norm : 339582.21670532227
Epoch 39, min : 0.0, max : 0.4085622727870941
This epoch duration :2162.4798498153687
Epoch 39, val-method base, validation accuracy 88.38999938964844, best_prec 88.77999877929688
Epoch 40, l0 norm : 1021574, l1 norm : 338333.66667175293
Epoch 40, min : 0.0, max : 0.40800780057907104
This epoch duration :2156.3622674942017
Epoch 40, val-method base, validation accuracy 88.63999938964844, best_prec 88.77999877929688
Epoch 41, l0 norm : 1021574, l1 norm : 337186.5937194824
Epoch 41, min : 0.0, max : 0.4048823118209839
This epoch duration :2153.737315893173
Epoch 41, val-method base, validation accuracy 88.3699951171875, best_prec 88.77999877929688
Epoch 42, l0 norm : 1021574, l1 norm : 336139.5718460083
Epoch 42, min : 0.0, max : 0.40355098247528076
This epoch duration :2153.347276687622
Epoch 42, val-method base, validation accuracy 88.62999725341797, best_prec 88.77999877929688
Epoch 43, l0 norm : 1021574, l1 norm : 335197.59812164307
Epoch 43, min : 0.0, max : 0.40438491106033325
This epoch duration :2153.8309648036957
Epoch 43, val-method base, validation accuracy 88.94999694824219, best_prec 88.94999694824219
Epoch 44, l0 norm : 1021574, l1 norm : 334354.9213409424
Epoch 44, min : 0.0, max : 0.40378257632255554
This epoch duration :2153.3766436576843
Epoch 44, val-method base, validation accuracy 88.82999420166016, best_prec 88.94999694824219
Epoch 45, l0 norm : 1021574, l1 norm : 333609.813583374
Epoch 45, min : 0.0, max : 0.40113985538482666
This epoch duration :2152.952671289444
Epoch 45, val-method base, validation accuracy 88.8499984741211, best_prec 88.94999694824219
Epoch 46, l0 norm : 1021574, l1 norm : 332966.6669616699
Epoch 46, min : 0.0, max : 0.39981329441070557
This epoch duration :2154.109197616577
Epoch 46, val-method base, validation accuracy 89.19999694824219, best_prec 89.19999694824219
Epoch 47, l0 norm : 1021574, l1 norm : 332419.9137573242
Epoch 47, min : 0.0, max : 0.39939525723457336
This epoch duration :2153.7767288684845
Epoch 47, val-method base, validation accuracy 89.3499984741211, best_prec 89.3499984741211
Epoch 48, l0 norm : 1021574, l1 norm : 331970.6786804199
Epoch 48, min : 0.0, max : 0.4009142518043518
This epoch duration :2162.259965658188
Epoch 48, val-method base, validation accuracy 89.25, best_prec 89.3499984741211
Epoch 49, l0 norm : 1021574, l1 norm : 331617.0695037842
Epoch 49, min : 0.0, max : 0.4028283357620239
This epoch duration :2162.93310546875
Epoch 49, val-method base, validation accuracy 89.27999877929688, best_prec 89.3499984741211
Epoch 50, l0 norm : 1021574, l1 norm : 331353.280708313
Epoch 50, min : 0.0, max : 0.40325266122817993
This epoch duration :2162.426420688629
Epoch 50, val-method base, validation accuracy 89.37999725341797, best_prec 89.37999725341797
Epoch 51, l0 norm : 1021574, l1 norm : 331182.52139282227
Epoch 51, min : 0.0, max : 0.403918594121933
This epoch duration :2158.9782168865204
Epoch 51, val-method base, validation accuracy 89.61000061035156, best_prec 89.61000061035156
Epoch 52, l0 norm : 1021574, l1 norm : 331102.1353378296
Epoch 52, min : 0.0, max : 0.4049224257469177
This epoch duration :2153.980466604233
Epoch 52, val-method base, validation accuracy 90.15999603271484, best_prec 90.15999603271484
Epoch 53, l0 norm : 1021574, l1 norm : 331111.4252624512
Epoch 53, min : 0.0, max : 0.40810632705688477
This epoch duration :2153.283750295639
Epoch 53, val-method base, validation accuracy 88.98999786376953, best_prec 90.15999603271484
Epoch 54, l0 norm : 1021574, l1 norm : 331214.7105178833
Epoch 54, min : 0.0, max : 0.4097900390625
This epoch duration :2153.559894800186
Epoch 54, val-method base, validation accuracy 89.69999694824219, best_prec 90.15999603271484
Epoch 55, l0 norm : 1021574, l1 norm : 331399.29570770264
Epoch 55, min : 0.0, max : 0.4120037853717804
This epoch duration :2153.651911020279
Epoch 55, val-method base, validation accuracy 89.98999786376953, best_prec 90.15999603271484
Epoch 56, l0 norm : 1021574, l1 norm : 331670.88664245605
Epoch 56, min : 0.0, max : 0.4127739369869232
This epoch duration :2153.912522792816
Epoch 56, val-method base, validation accuracy 90.19999694824219, best_prec 90.19999694824219
Epoch 57, l0 norm : 1021574, l1 norm : 332028.3171386719
Epoch 57, min : 0.0, max : 0.4155377149581909
This epoch duration :2153.387948989868
Epoch 57, val-method base, validation accuracy 89.94999694824219, best_prec 90.19999694824219
Epoch 58, l0 norm : 1021574, l1 norm : 332470.6809463501
Epoch 58, min : 0.0, max : 0.41679927706718445
This epoch duration :2153.9400129318237
Epoch 58, val-method base, validation accuracy 89.79000091552734, best_prec 90.19999694824219
Epoch 59, l0 norm : 1021574, l1 norm : 332990.7508773804
Epoch 59, min : 0.0, max : 0.4182080924510956
This epoch duration :2153.7944316864014
Epoch 59, val-method base, validation accuracy 90.36000061035156, best_prec 90.36000061035156
Epoch 60, l0 norm : 1021574, l1 norm : 333588.90005493164
Epoch 60, min : 0.0, max : 0.4203301966190338
This epoch duration :2154.1302359104156
Epoch 60, val-method base, validation accuracy 90.52999877929688, best_prec 90.52999877929688
Epoch 61, l0 norm : 1021574, l1 norm : 334269.0702056885
Epoch 61, min : 0.0, max : 0.42149776220321655
This epoch duration :2153.714252948761
Epoch 61, val-method base, validation accuracy 90.58999633789062, best_prec 90.58999633789062
Epoch 62, l0 norm : 1021574, l1 norm : 335030.1497039795
Epoch 62, min : 0.0, max : 0.4238738715648651
This epoch duration :2153.5968973636627
Epoch 62, val-method base, validation accuracy 90.36000061035156, best_prec 90.58999633789062
Epoch 63, l0 norm : 1021574, l1 norm : 335861.537689209
Epoch 63, min : 0.0, max : 0.42712172865867615
This epoch duration :2154.0288047790527
Epoch 63, val-method base, validation accuracy 90.7699966430664, best_prec 90.7699966430664
Epoch 64, l0 norm : 1021574, l1 norm : 336769.1206512451
Epoch 64, min : 0.0, max : 0.42925235629081726
This epoch duration :2153.804363012314
Epoch 64, val-method base, validation accuracy 91.15999603271484, best_prec 91.15999603271484
Epoch 65, l0 norm : 1021574, l1 norm : 337746.9945526123
Epoch 65, min : 0.0, max : 0.43120649456977844
This epoch duration :2153.7519268989563
Epoch 65, val-method base, validation accuracy 90.77999877929688, best_prec 91.15999603271484
Epoch 66, l0 norm : 1021574, l1 norm : 338790.6155319214
Epoch 66, min : 0.0, max : 0.431916207075119
This epoch duration :2159.0222837924957
Epoch 66, val-method base, validation accuracy 90.63999938964844, best_prec 91.15999603271484
Epoch 67, l0 norm : 1021574, l1 norm : 339902.7210998535
Epoch 67, min : 0.0, max : 0.434396892786026
This epoch duration :2161.7842156887054
Epoch 67, val-method base, validation accuracy 91.0, best_prec 91.15999603271484
Epoch 68, l0 norm : 1021574, l1 norm : 341088.24698638916
Epoch 68, min : 0.0, max : 0.43574145436286926
This epoch duration :2161.34130191803
Epoch 68, val-method base, validation accuracy 91.23999786376953, best_prec 91.23999786376953
Epoch 69, l0 norm : 1021574, l1 norm : 342333.63667297363
Epoch 69, min : 0.0, max : 0.43702954053878784
This epoch duration :2161.8397674560547
Epoch 69, val-method base, validation accuracy 91.07999420166016, best_prec 91.23999786376953
Epoch 70, l0 norm : 1021574, l1 norm : 343640.8869857788
Epoch 70, min : 0.0, max : 0.4390619695186615
This epoch duration :2157.5847449302673
Epoch 70, val-method base, validation accuracy 90.45999908447266, best_prec 91.23999786376953
Epoch 71, l0 norm : 1021574, l1 norm : 345011.38122558594
Epoch 71, min : 0.0, max : 0.44060561060905457
This epoch duration :2155.058914422989
Epoch 71, val-method base, validation accuracy 90.79999542236328, best_prec 91.23999786376953
Epoch 72, l0 norm : 1021574, l1 norm : 346436.4839401245
Epoch 72, min : 0.0, max : 0.44279003143310547
This epoch duration :2157.094141960144
Epoch 72, val-method base, validation accuracy 91.23999786376953, best_prec 91.23999786376953
Epoch 73, l0 norm : 1021574, l1 norm : 347914.5547180176
Epoch 73, min : 0.0, max : 0.44551223516464233
This epoch duration :2156.1807658672333
Epoch 73, val-method base, validation accuracy 91.79000091552734, best_prec 91.79000091552734
Epoch 74, l0 norm : 1021574, l1 norm : 349446.35094451904
Epoch 74, min : 0.0, max : 0.44740065932273865
This epoch duration :2156.9701175689697
Epoch 74, val-method base, validation accuracy 91.90999603271484, best_prec 91.90999603271484
Epoch 75, l0 norm : 1021574, l1 norm : 351031.77044677734
Epoch 75, min : 0.0, max : 0.45048269629478455
This epoch duration :2156.562101840973
Epoch 75, val-method base, validation accuracy 91.79999542236328, best_prec 91.90999603271484
Epoch 76, l0 norm : 1021574, l1 norm : 352655.74549102783
Epoch 76, min : 0.0, max : 0.45372578501701355
This epoch duration :2156.6941134929657
Epoch 76, val-method base, validation accuracy 91.87999725341797, best_prec 91.90999603271484
Epoch 77, l0 norm : 1021574, l1 norm : 354323.79417419434
Epoch 77, min : 0.0, max : 0.45600542426109314
This epoch duration :2158.273250102997
Epoch 77, val-method base, validation accuracy 91.7699966430664, best_prec 91.90999603271484
Epoch 78, l0 norm : 1021574, l1 norm : 356030.995513916
Epoch 78, min : 0.0, max : 0.45898953080177307
This epoch duration :2156.499315738678
Epoch 78, val-method base, validation accuracy 91.98999786376953, best_prec 91.98999786376953
Epoch 79, l0 norm : 1021574, l1 norm : 357781.68101501465
Epoch 79, min : 0.0, max : 0.46161797642707825
This epoch duration :2155.3723635673523
Epoch 79, val-method base, validation accuracy 91.97000122070312, best_prec 91.98999786376953
Epoch 80, l0 norm : 1021574, l1 norm : 359586.63760375977
Epoch 80, min : 0.0, max : 0.46354594826698303
This epoch duration :2156.944342851639
Epoch 80, val-method base, validation accuracy 92.20999908447266, best_prec 92.20999908447266
Epoch 81, l0 norm : 1021574, l1 norm : 361403.39080810547
Epoch 81, min : 0.0, max : 0.4658454656600952
This epoch duration :2155.927521467209
Epoch 81, val-method base, validation accuracy 92.43000030517578, best_prec 92.43000030517578
Epoch 82, l0 norm : 1021574, l1 norm : 363250.977645874
Epoch 82, min : 0.0, max : 0.4690435528755188
This epoch duration :2156.3218331336975
Epoch 82, val-method base, validation accuracy 92.07999420166016, best_prec 92.43000030517578
Epoch 83, l0 norm : 1021574, l1 norm : 365134.5869140625
Epoch 83, min : 0.0, max : 0.47335222363471985
This epoch duration :2156.2690649032593
Epoch 83, val-method base, validation accuracy 92.0199966430664, best_prec 92.43000030517578
Epoch 84, l0 norm : 1021574, l1 norm : 367026.9616317749
Epoch 84, min : 0.0, max : 0.47614040970802307
This epoch duration :2156.348013162613
Epoch 84, val-method base, validation accuracy 92.2699966430664, best_prec 92.43000030517578
Epoch 85, l0 norm : 1021574, l1 norm : 368953.61419677734
Epoch 85, min : 0.0, max : 0.4795982837677002
This epoch duration :2155.8588666915894
Epoch 85, val-method base, validation accuracy 91.97999572753906, best_prec 92.43000030517578
Epoch 86, l0 norm : 1021574, l1 norm : 370901.6845321655
Epoch 86, min : 0.0, max : 0.4832310974597931
This epoch duration :2156.036533355713
Epoch 86, val-method base, validation accuracy 92.08999633789062, best_prec 92.43000030517578
Epoch 87, l0 norm : 1021574, l1 norm : 372858.2868347168
Epoch 87, min : 0.0, max : 0.4866766333580017
This epoch duration :2155.1862676143646
Epoch 87, val-method base, validation accuracy 92.25999450683594, best_prec 92.43000030517578
Epoch 88, l0 norm : 1021574, l1 norm : 374845.26850891113
Epoch 88, min : 0.0, max : 0.4903591573238373
This epoch duration :2156.2437887191772
Epoch 88, val-method base, validation accuracy 91.83999633789062, best_prec 92.43000030517578
Epoch 89, l0 norm : 1021574, l1 norm : 376829.6357192993
Epoch 89, min : 0.0, max : 0.4930948317050934
This epoch duration :2155.1860208511353
Epoch 89, val-method base, validation accuracy 92.02999877929688, best_prec 92.43000030517578
Epoch 90, l0 norm : 1021574, l1 norm : 378827.09214782715
Epoch 90, min : 0.0, max : 0.49634239077568054
This epoch duration :2154.896305322647
Epoch 90, val-method base, validation accuracy 92.20999908447266, best_prec 92.43000030517578
Epoch 91, l0 norm : 1021574, l1 norm : 380835.51683044434
Epoch 91, min : 0.0, max : 0.49974164366722107
This epoch duration :2155.5031793117523
Epoch 91, val-method base, validation accuracy 92.33999633789062, best_prec 92.43000030517578
Epoch 92, l0 norm : 1021574, l1 norm : 382852.72355651855
Epoch 92, min : 0.0, max : 0.5027168393135071
This epoch duration :2156.001402616501
Epoch 92, val-method base, validation accuracy 91.97999572753906, best_prec 92.43000030517578
Epoch 93, l0 norm : 1021574, l1 norm : 384848.7331542969
Epoch 93, min : 0.0, max : 0.506554126739502
This epoch duration :2156.701434135437
Epoch 93, val-method base, validation accuracy 91.68999481201172, best_prec 92.43000030517578
Epoch 94, l0 norm : 1021574, l1 norm : 386854.4392852783
Epoch 94, min : 0.0, max : 0.509425699710846
This epoch duration :2155.607461452484
Epoch 94, val-method base, validation accuracy 91.86000061035156, best_prec 92.43000030517578
Epoch 95, l0 norm : 1021574, l1 norm : 388845.2367553711
Epoch 95, min : 0.0, max : 0.5124124884605408
This epoch duration :2155.5817778110504
Epoch 95, val-method base, validation accuracy 91.95999908447266, best_prec 92.43000030517578
Epoch 96, l0 norm : 1021574, l1 norm : 390832.22355651855
Epoch 96, min : 0.0, max : 0.5145846605300903
This epoch duration :2156.1947724819183
Epoch 96, val-method base, validation accuracy 91.90999603271484, best_prec 92.43000030517578
Epoch 97, l0 norm : 1021574, l1 norm : 392795.03453063965
Epoch 97, min : 0.0, max : 0.5174624919891357
This epoch duration :2074.447420835495
Epoch 97, val-method base, validation accuracy 91.70999908447266, best_prec 92.43000030517578
Epoch 98, l0 norm : 1021574, l1 norm : 394726.97940063477
Epoch 98, min : 0.0, max : 0.5202839970588684
This epoch duration :1358.2865190505981
Epoch 98, val-method base, validation accuracy 91.82999420166016, best_prec 92.43000030517578
Epoch 99, l0 norm : 1021574, l1 norm : 396624.7739562988
Epoch 99, min : 0.0, max : 0.5226306319236755
This epoch duration :417.4474108219147
Epoch 99, val-method base, validation accuracy 91.61000061035156, best_prec 92.43000030517578
