Namespace(configs='configs/CIFAR10/pen_bip_3.yml', result_dir='./trained_models', exp_name='RC_pb3_l6k04', exp_mode='prune', arch='resnet18', num_classes=10, layer_type='unstructured', k=0.4, lambd=0.999999, alpha=1.0, scaled_score_init=True, scale_rand_init=False, freeze_bn=False, source_net='trained_models/CIFAR10_resnet18_Pretrain/pretrain/latest_exp/checkpoint/model_best.pth.tar', scores_init_type=None, dataset='CIFAR10', batch_size=128, num_workers=2, test_batch_size=128, normalize=True, data_dir='./data', image_dim=32, trainer='penalized_bilevel_3', epochs=100, optimizer='sgd', wd=0.0001, mask_lr=0.1, lr=0.1, mask_lr_schedule='step', lr_schedule='cosine', momentum=0.9, warmup_epochs=0, warmup_lr=0.1, save_dense=False, evaluate=False, val_method='base', resume='', seed=1234, print_freq=100, lr2=0.0001, accelerate=False)
=> loading source model from 'trained_models/CIFAR10_resnet18_Pretrain/pretrain/latest_exp/checkpoint/model_best.pth.tar'
=> loaded checkpoint 'trained_models/CIFAR10_resnet18_Pretrain/pretrain/latest_exp/checkpoint/model_best.pth.tar'
Epoch 0, l0 norm : 2974172, l1 norm : 1612508.33102417
Epoch 0, min : 0.0, max : 0.9871258735656738
This epoch duration :1988.1340818405151
Epoch 0, val-method base, validation accuracy 35.0, best_prec 35.0
Epoch 1, l0 norm : 2974172, l1 norm : 1578048.2378845215
Epoch 1, min : 0.0, max : 0.9744598865509033
This epoch duration :2414.901604413986
Epoch 1, val-method base, validation accuracy 43.68000030517578, best_prec 43.68000030517578
Epoch 2, l0 norm : 2974172, l1 norm : 1543174.2373962402
Epoch 2, min : 0.0, max : 0.9620466828346252
This epoch duration :2413.894073486328
Epoch 2, val-method base, validation accuracy 45.55999755859375, best_prec 45.55999755859375
Epoch 3, l0 norm : 2974172, l1 norm : 1508362.0384521484
Epoch 3, min : 0.0, max : 0.9498899579048157
This epoch duration :2412.9458475112915
Epoch 3, val-method base, validation accuracy 57.54999923706055, best_prec 57.54999923706055
Epoch 4, l0 norm : 2974172, l1 norm : 1474147.4229431152
Epoch 4, min : 0.0, max : 0.9379942417144775
This epoch duration :2413.2663311958313
Epoch 4, val-method base, validation accuracy 60.619998931884766, best_prec 60.619998931884766
Epoch 5, l0 norm : 2974172, l1 norm : 1440880.4002685547
Epoch 5, min : 0.0, max : 0.926362931728363
This epoch duration :2414.3711042404175
Epoch 5, val-method base, validation accuracy 65.48999786376953, best_prec 65.48999786376953
Epoch 6, l0 norm : 2974172, l1 norm : 1408811.8178405762
Epoch 6, min : 0.0, max : 0.9149988889694214
This epoch duration :2414.4882152080536
Epoch 6, val-method base, validation accuracy 62.90999984741211, best_prec 65.48999786376953
Epoch 7, l0 norm : 2974172, l1 norm : 1377679.5860595703
Epoch 7, min : 0.0, max : 0.9039047956466675
This epoch duration :2414.362451314926
Epoch 7, val-method base, validation accuracy 64.0199966430664, best_prec 65.48999786376953
Epoch 8, l0 norm : 2974172, l1 norm : 1347528.0778198242
Epoch 8, min : 0.0, max : 0.8930832147598267
This epoch duration :2415.4594972133636
Epoch 8, val-method base, validation accuracy 70.55999755859375, best_prec 70.55999755859375
Epoch 9, l0 norm : 2974172, l1 norm : 1318446.4843444824
Epoch 9, min : 0.0, max : 0.8825358152389526
This epoch duration :2415.3394343852997
Epoch 9, val-method base, validation accuracy 71.73999786376953, best_prec 71.73999786376953
Epoch 10, l0 norm : 2974172, l1 norm : 1290916.9061279297
Epoch 10, min : 0.0, max : 0.8722634315490723
This epoch duration :2415.0226726531982
Epoch 10, val-method base, validation accuracy 74.4000015258789, best_prec 74.4000015258789
Epoch 11, l0 norm : 2974172, l1 norm : 1264463.0520019531
Epoch 11, min : 0.0, max : 0.8622668981552124
This epoch duration :2414.8588898181915
Epoch 11, val-method base, validation accuracy 74.47000122070312, best_prec 74.47000122070312
Epoch 12, l0 norm : 2974172, l1 norm : 1239273.9446411133
Epoch 12, min : 0.0, max : 0.8525470495223999
This epoch duration :2420.5346620082855
Epoch 12, val-method base, validation accuracy 75.16999816894531, best_prec 75.16999816894531
Epoch 13, l0 norm : 2974172, l1 norm : 1215279.298614502
Epoch 13, min : 0.0, max : 0.8431037068367004
This epoch duration :2419.820906162262
Epoch 13, val-method base, validation accuracy 78.8699951171875, best_prec 78.8699951171875
Epoch 14, l0 norm : 2974172, l1 norm : 1192073.7742614746
Epoch 14, min : 0.0, max : 0.8339367508888245
This epoch duration :2419.9492394924164
Epoch 14, val-method base, validation accuracy 78.79000091552734, best_prec 78.8699951171875
Epoch 15, l0 norm : 2974172, l1 norm : 1170183.5948791504
Epoch 15, min : 0.0, max : 0.8250459432601929
This epoch duration :2419.7374424934387
Epoch 15, val-method base, validation accuracy 79.95999908447266, best_prec 79.95999908447266
Epoch 16, l0 norm : 2974172, l1 norm : 1149215.956817627
Epoch 16, min : 0.0, max : 0.8164296746253967
This epoch duration :2419.9106340408325
Epoch 16, val-method base, validation accuracy 78.86000061035156, best_prec 79.95999908447266
Epoch 17, l0 norm : 2974172, l1 norm : 1129396.2357025146
Epoch 17, min : 0.0, max : 0.8080877661705017
This epoch duration :2420.8851792812347
Epoch 17, val-method base, validation accuracy 79.57999420166016, best_prec 79.95999908447266
Epoch 18, l0 norm : 2974172, l1 norm : 1110485.2717895508
Epoch 18, min : 0.0, max : 0.8000186085700989
This epoch duration :2418.48645567894
Epoch 18, val-method base, validation accuracy 81.72000122070312, best_prec 81.72000122070312
Epoch 19, l0 norm : 2974172, l1 norm : 1092501.6667633057
Epoch 19, min : 0.0, max : 0.7922207713127136
This epoch duration :2415.1704709529877
Epoch 19, val-method base, validation accuracy 82.04000091552734, best_prec 82.04000091552734
Epoch 20, l0 norm : 2974172, l1 norm : 1075271.5199279785
Epoch 20, min : 0.0, max : 0.7846932411193848
This epoch duration :2414.8695833683014
Epoch 20, val-method base, validation accuracy 82.62999725341797, best_prec 82.62999725341797
Epoch 21, l0 norm : 2974172, l1 norm : 1058930.4062957764
Epoch 21, min : 0.0, max : 0.7774331569671631
This epoch duration :2414.8506309986115
Epoch 21, val-method base, validation accuracy 82.82999420166016, best_prec 82.82999420166016
Epoch 22, l0 norm : 2974172, l1 norm : 1043220.0728302002
Epoch 22, min : 0.0, max : 0.7704387307167053
This epoch duration :2414.2446115016937
Epoch 22, val-method base, validation accuracy 81.72000122070312, best_prec 82.82999420166016
Epoch 23, l0 norm : 2974172, l1 norm : 1028281.1727905273
Epoch 23, min : 0.0, max : 0.7637078762054443
This epoch duration :2415.7815611362457
Epoch 23, val-method base, validation accuracy 84.29999542236328, best_prec 84.29999542236328
Epoch 24, l0 norm : 2974172, l1 norm : 1014182.2059020996
Epoch 24, min : 0.0, max : 0.757239043712616
This epoch duration :2414.7120382785797
Epoch 24, val-method base, validation accuracy 83.27999877929688, best_prec 84.29999542236328
Epoch 25, l0 norm : 2974172, l1 norm : 1000760.5600128174
Epoch 25, min : 0.0, max : 0.7510285973548889
This epoch duration :2414.927631378174
Epoch 25, val-method base, validation accuracy 84.58999633789062, best_prec 84.58999633789062
Epoch 26, l0 norm : 2974172, l1 norm : 987931.932434082
Epoch 26, min : 0.0, max : 0.7450751066207886
This epoch duration :2413.91268491745
Epoch 26, val-method base, validation accuracy 84.06999969482422, best_prec 84.58999633789062
Epoch 27, l0 norm : 2974172, l1 norm : 975804.3421173096
Epoch 27, min : 0.0, max : 0.739375650882721
This epoch duration :2412.479213476181
Epoch 27, val-method base, validation accuracy 83.04999542236328, best_prec 84.58999633789062
Epoch 28, l0 norm : 2974172, l1 norm : 964400.1690216064
Epoch 28, min : 0.0, max : 0.7339282631874084
This epoch duration :2415.980460166931
Epoch 28, val-method base, validation accuracy 84.38999938964844, best_prec 84.58999633789062
Epoch 29, l0 norm : 2974172, l1 norm : 953399.9772033691
Epoch 29, min : 0.0, max : 0.7287293076515198
This epoch duration :2414.3330597877502
Epoch 29, val-method base, validation accuracy 85.56999969482422, best_prec 85.56999969482422
Epoch 30, l0 norm : 2974172, l1 norm : 942929.8824157715
Epoch 30, min : 0.0, max : 0.7237764000892639
This epoch duration :2413.768285512924
Epoch 30, val-method base, validation accuracy 85.54999542236328, best_prec 85.56999969482422
Epoch 31, l0 norm : 2974172, l1 norm : 933016.5361938477
Epoch 31, min : 0.0, max : 0.7190676331520081
This epoch duration :2417.2626860141754
Epoch 31, val-method base, validation accuracy 85.5999984741211, best_prec 85.5999984741211
Epoch 32, l0 norm : 2974172, l1 norm : 923417.868927002
Epoch 32, min : 0.0, max : 0.7145993113517761
This epoch duration :2417.2399439811707
Epoch 32, val-method base, validation accuracy 86.54000091552734, best_prec 86.54000091552734
Epoch 33, l0 norm : 2974172, l1 norm : 914503.7633972168
Epoch 33, min : 0.0, max : 0.7103691697120667
This epoch duration :2416.8954858779907
Epoch 33, val-method base, validation accuracy 85.37999725341797, best_prec 86.54000091552734
Epoch 34, l0 norm : 2974172, l1 norm : 906075.27003479
Epoch 34, min : 0.0, max : 0.7063747048377991
This epoch duration :2417.3095741271973
Epoch 34, val-method base, validation accuracy 85.87999725341797, best_prec 86.54000091552734
Epoch 35, l0 norm : 2974172, l1 norm : 897982.2499389648
Epoch 35, min : 0.0, max : 0.7026122212409973
This epoch duration :2415.987222671509
Epoch 35, val-method base, validation accuracy 86.87999725341797, best_prec 86.87999725341797
Epoch 36, l0 norm : 2974172, l1 norm : 890324.99609375
Epoch 36, min : 0.0, max : 0.6990800499916077
This epoch duration :2415.0024564266205
Epoch 36, val-method base, validation accuracy 86.97000122070312, best_prec 86.97000122070312
Epoch 37, l0 norm : 2974172, l1 norm : 883153.7393493652
Epoch 37, min : 0.0, max : 0.6957751512527466
This epoch duration :2422.6684381961823
Epoch 37, val-method base, validation accuracy 85.57999420166016, best_prec 86.97000122070312
Epoch 38, l0 norm : 2974172, l1 norm : 876291.4500732422
Epoch 38, min : 0.0, max : 0.6926953792572021
This epoch duration :2432.5654468536377
Epoch 38, val-method base, validation accuracy 86.80999755859375, best_prec 86.97000122070312
Epoch 39, l0 norm : 2974172, l1 norm : 869974.9884033203
Epoch 39, min : 0.0, max : 0.6898365020751953
This epoch duration :2418.284211397171
Epoch 39, val-method base, validation accuracy 86.73999786376953, best_prec 86.97000122070312
Epoch 40, l0 norm : 2974172, l1 norm : 863847.897277832
Epoch 40, min : 0.0, max : 0.6871964931488037
This epoch duration :2418.5000874996185
Epoch 40, val-method base, validation accuracy 87.81999969482422, best_prec 87.81999969482422
Epoch 41, l0 norm : 2974172, l1 norm : 858134.251953125
Epoch 41, min : 0.0, max : 0.6847736239433289
This epoch duration :2417.7161684036255
Epoch 41, val-method base, validation accuracy 88.54999542236328, best_prec 88.54999542236328
Epoch 42, l0 norm : 2974172, l1 norm : 852854.2428588867
Epoch 42, min : 0.0, max : 0.6825636029243469
This epoch duration :2418.661865234375
Epoch 42, val-method base, validation accuracy 87.79000091552734, best_prec 88.54999542236328
Epoch 43, l0 norm : 2974172, l1 norm : 848047.4749755859
Epoch 43, min : 0.0, max : 0.6805644631385803
This epoch duration :2418.8175411224365
Epoch 43, val-method base, validation accuracy 87.7699966430664, best_prec 88.54999542236328
Epoch 44, l0 norm : 2974172, l1 norm : 843519.3171539307
Epoch 44, min : 0.0, max : 0.6787753701210022
This epoch duration :2418.213268995285
Epoch 44, val-method base, validation accuracy 86.79999542236328, best_prec 88.54999542236328
Epoch 45, l0 norm : 2974172, l1 norm : 839291.98828125
Epoch 45, min : 0.0, max : 0.6771896481513977
This epoch duration :2418.740044116974
Epoch 45, val-method base, validation accuracy 88.4000015258789, best_prec 88.54999542236328
Epoch 46, l0 norm : 2974172, l1 norm : 835357.1512451172
Epoch 46, min : 0.0, max : 0.6758072972297668
This epoch duration :2414.888237953186
Epoch 46, val-method base, validation accuracy 88.47000122070312, best_prec 88.54999542236328
Epoch 47, l0 norm : 2974172, l1 norm : 831878.595626831
Epoch 47, min : 0.0, max : 0.6746261715888977
This epoch duration :2415.457039833069
Epoch 47, val-method base, validation accuracy 88.43000030517578, best_prec 88.54999542236328
Epoch 48, l0 norm : 2974172, l1 norm : 828664.628112793
Epoch 48, min : 0.0, max : 0.6736429929733276
This epoch duration :2417.4640939235687
Epoch 48, val-method base, validation accuracy 88.41999816894531, best_prec 88.54999542236328
Epoch 49, l0 norm : 2974172, l1 norm : 825834.3291015625
Epoch 49, min : 0.0, max : 0.6728583574295044
This epoch duration :2416.885521888733
Epoch 49, val-method base, validation accuracy 88.07999420166016, best_prec 88.54999542236328
Epoch 50, l0 norm : 2974172, l1 norm : 823265.6636505127
Epoch 50, min : 0.0, max : 0.6722628474235535
This epoch duration :2416.330431699753
Epoch 50, val-method base, validation accuracy 87.31999969482422, best_prec 88.54999542236328
Epoch 51, l0 norm : 2974172, l1 norm : 821128.9502258301
Epoch 51, min : 0.0, max : 0.6718539595603943
This epoch duration :2416.8761718273163
Epoch 51, val-method base, validation accuracy 88.73999786376953, best_prec 88.73999786376953
Epoch 52, l0 norm : 2974172, l1 norm : 819209.4052886963
Epoch 52, min : 0.0, max : 0.6716342568397522
This epoch duration :2416.8867025375366
Epoch 52, val-method base, validation accuracy 88.65999603271484, best_prec 88.73999786376953
Epoch 53, l0 norm : 2974172, l1 norm : 817596.3965148926
Epoch 53, min : 0.0, max : 0.6716037392616272
This epoch duration :2415.9935326576233
Epoch 53, val-method base, validation accuracy 88.45999908447266, best_prec 88.73999786376953
Epoch 54, l0 norm : 2974172, l1 norm : 816216.1646118164
Epoch 54, min : 0.0, max : 0.6717644333839417
This epoch duration :2415.6667206287384
Epoch 54, val-method base, validation accuracy 88.5199966430664, best_prec 88.73999786376953
Epoch 55, l0 norm : 2974172, l1 norm : 815198.6545257568
Epoch 55, min : 0.0, max : 0.6720970273017883
This epoch duration :2414.235802412033
Epoch 55, val-method base, validation accuracy 88.97000122070312, best_prec 88.97000122070312
Epoch 56, l0 norm : 2974172, l1 norm : 814410.3468322754
Epoch 56, min : 0.0, max : 0.6726017594337463
This epoch duration :2415.3824846744537
Epoch 56, val-method base, validation accuracy 89.70999908447266, best_prec 89.70999908447266
Epoch 57, l0 norm : 2974172, l1 norm : 813913.622833252
Epoch 57, min : 0.0, max : 0.6732814311981201
This epoch duration :2416.495010137558
Epoch 57, val-method base, validation accuracy 89.13999938964844, best_prec 89.70999908447266
Epoch 58, l0 norm : 2974172, l1 norm : 813750.7069244385
Epoch 58, min : 0.0, max : 0.6741353273391724
This epoch duration :2415.2812950611115
Epoch 58, val-method base, validation accuracy 89.43999481201172, best_prec 89.70999908447266
Epoch 59, l0 norm : 2974172, l1 norm : 813798.0399475098
Epoch 59, min : 0.0, max : 0.675166130065918
This epoch duration :2416.2818834781647
Epoch 59, val-method base, validation accuracy 89.57999420166016, best_prec 89.70999908447266
Epoch 60, l0 norm : 2974172, l1 norm : 814113.5308227539
Epoch 60, min : 0.0, max : 0.6763581037521362
This epoch duration :2416.7855322360992
Epoch 60, val-method base, validation accuracy 89.93000030517578, best_prec 89.93000030517578
Epoch 61, l0 norm : 2974172, l1 norm : 814707.9638214111
Epoch 61, min : 0.0, max : 0.6777150630950928
This epoch duration :2416.4982018470764
Epoch 61, val-method base, validation accuracy 89.61000061035156, best_prec 89.93000030517578
Epoch 62, l0 norm : 2974172, l1 norm : 815424.5136108398
Epoch 62, min : 0.0, max : 0.6792336702346802
This epoch duration :2417.085225582123
Epoch 62, val-method base, validation accuracy 89.45999908447266, best_prec 89.93000030517578
Epoch 63, l0 norm : 2974172, l1 norm : 816511.2850341797
Epoch 63, min : 0.0, max : 0.680908739566803
This epoch duration :2416.1882898807526
Epoch 63, val-method base, validation accuracy 88.91999816894531, best_prec 89.93000030517578
Epoch 64, l0 norm : 2974172, l1 norm : 817791.994354248
Epoch 64, min : 0.0, max : 0.6827387809753418
This epoch duration :2416.3675446510315
Epoch 64, val-method base, validation accuracy 90.22999572753906, best_prec 90.22999572753906
Epoch 65, l0 norm : 2974172, l1 norm : 819146.4276428223
Epoch 65, min : 0.0, max : 0.6847202777862549
This epoch duration :2417.433830022812
Epoch 65, val-method base, validation accuracy 89.68999481201172, best_prec 90.22999572753906
Epoch 66, l0 norm : 2974172, l1 norm : 820711.7286376953
Epoch 66, min : 0.0, max : 0.6868506073951721
This epoch duration :2415.9225974082947
Epoch 66, val-method base, validation accuracy 90.15999603271484, best_prec 90.22999572753906
Epoch 67, l0 norm : 2974172, l1 norm : 822420.5347595215
Epoch 67, min : 0.0, max : 0.6891250610351562
This epoch duration :2416.652319431305
Epoch 67, val-method base, validation accuracy 90.31999969482422, best_prec 90.31999969482422
Epoch 68, l0 norm : 2974172, l1 norm : 824356.8014373779
Epoch 68, min : 0.0, max : 0.6915406584739685
This epoch duration :2416.3810515403748
Epoch 68, val-method base, validation accuracy 90.18000030517578, best_prec 90.31999969482422
Epoch 69, l0 norm : 2974172, l1 norm : 826474.097869873
Epoch 69, min : 0.0, max : 0.6940919160842896
This epoch duration :2415.4785346984863
Epoch 69, val-method base, validation accuracy 90.2699966430664, best_prec 90.31999969482422
Epoch 70, l0 norm : 2974172, l1 norm : 828589.3704528809
Epoch 70, min : 0.0, max : 0.6967814564704895
This epoch duration :2414.612149000168
Epoch 70, val-method base, validation accuracy 90.2699966430664, best_prec 90.31999969482422
Epoch 71, l0 norm : 2974172, l1 norm : 831056.1744995117
Epoch 71, min : 0.0, max : 0.6995996236801147
This epoch duration :2415.5958499908447
Epoch 71, val-method base, validation accuracy 90.05999755859375, best_prec 90.31999969482422
Epoch 72, l0 norm : 2974172, l1 norm : 833692.243850708
Epoch 72, min : 0.0, max : 0.7025408148765564
This epoch duration :2416.509672641754
Epoch 72, val-method base, validation accuracy 90.33999633789062, best_prec 90.33999633789062
Epoch 73, l0 norm : 2974172, l1 norm : 836386.0395355225
Epoch 73, min : 0.0, max : 0.7056037783622742
This epoch duration :2414.633092403412
Epoch 73, val-method base, validation accuracy 90.45999908447266, best_prec 90.45999908447266
Epoch 74, l0 norm : 2974172, l1 norm : 839166.9345397949
Epoch 74, min : 0.0, max : 0.7087807059288025
This epoch duration :2414.9005513191223
Epoch 74, val-method base, validation accuracy 90.75, best_prec 90.75
Epoch 75, l0 norm : 2974172, l1 norm : 841832.0738220215
Epoch 75, min : 0.0, max : 0.7120702266693115
This epoch duration :2415.846650123596
Epoch 75, val-method base, validation accuracy 90.4000015258789, best_prec 90.75
Epoch 76, l0 norm : 2974172, l1 norm : 844758.1567993164
Epoch 76, min : 0.0, max : 0.7154667973518372
This epoch duration :2415.31721162796
Epoch 76, val-method base, validation accuracy 91.07999420166016, best_prec 91.07999420166016
Epoch 77, l0 norm : 2974172, l1 norm : 847833.2184295654
Epoch 77, min : 0.0, max : 0.7189657092094421
This epoch duration :2415.1303141117096
Epoch 77, val-method base, validation accuracy 90.79000091552734, best_prec 91.07999420166016
Epoch 78, l0 norm : 2974172, l1 norm : 850998.1585083008
Epoch 78, min : 0.0, max : 0.7225605249404907
This epoch duration :2413.65056180954
Epoch 78, val-method base, validation accuracy 90.77999877929688, best_prec 91.07999420166016
Epoch 79, l0 norm : 2974172, l1 norm : 854107.3664855957
Epoch 79, min : 0.0, max : 0.7262445688247681
This epoch duration :2411.2869460582733
Epoch 79, val-method base, validation accuracy 90.87999725341797, best_prec 91.07999420166016
Epoch 80, l0 norm : 2974172, l1 norm : 857492.3208618164
Epoch 80, min : 0.0, max : 0.7300154566764832
This epoch duration :2410.852922439575
Epoch 80, val-method base, validation accuracy 90.86000061035156, best_prec 91.07999420166016
Epoch 81, l0 norm : 2974172, l1 norm : 860802.8620758057
Epoch 81, min : 0.0, max : 0.7338649034500122
This epoch duration :2411.774467229843
Epoch 81, val-method base, validation accuracy 90.83999633789062, best_prec 91.07999420166016
Epoch 82, l0 norm : 2974172, l1 norm : 864090.0744628906
Epoch 82, min : 0.0, max : 0.7377775311470032
This epoch duration :2412.4820277690887
Epoch 82, val-method base, validation accuracy 91.29999542236328, best_prec 91.29999542236328
Epoch 83, l0 norm : 2974172, l1 norm : 867500.1357879639
Epoch 83, min : 0.0, max : 0.7417574524879456
This epoch duration :2412.3093276023865
Epoch 83, val-method base, validation accuracy 91.12999725341797, best_prec 91.29999542236328
Epoch 84, l0 norm : 2974172, l1 norm : 870939.441619873
Epoch 84, min : 0.0, max : 0.7457944750785828
This epoch duration :2412.013694524765
Epoch 84, val-method base, validation accuracy 91.11000061035156, best_prec 91.29999542236328
Epoch 85, l0 norm : 2974172, l1 norm : 874428.1214904785
Epoch 85, min : 0.0, max : 0.7498816251754761
This epoch duration :2411.8389115333557
Epoch 85, val-method base, validation accuracy 91.18000030517578, best_prec 91.29999542236328
Epoch 86, l0 norm : 2974172, l1 norm : 877973.6967468262
Epoch 86, min : 0.0, max : 0.7540091872215271
This epoch duration :2412.8063344955444
Epoch 86, val-method base, validation accuracy 91.32999420166016, best_prec 91.32999420166016
Epoch 87, l0 norm : 2974172, l1 norm : 881323.1665649414
Epoch 87, min : 0.0, max : 0.7581832408905029
This epoch duration :2412.0593774318695
Epoch 87, val-method base, validation accuracy 91.45999908447266, best_prec 91.45999908447266
Epoch 88, l0 norm : 2974172, l1 norm : 884705.5098114014
Epoch 88, min : 0.0, max : 0.7623813152313232
This epoch duration :2412.1828348636627
Epoch 88, val-method base, validation accuracy 91.23999786376953, best_prec 91.45999908447266
Epoch 89, l0 norm : 2974172, l1 norm : 888385.5813293457
Epoch 89, min : 0.0, max : 0.7665954828262329
This epoch duration :2411.2784221172333
Epoch 89, val-method base, validation accuracy 91.16999816894531, best_prec 91.45999908447266
Epoch 90, l0 norm : 2974172, l1 norm : 892222.3335266113
Epoch 90, min : 0.0, max : 0.7708207964897156
This epoch duration :2411.965052127838
Epoch 90, val-method base, validation accuracy 91.22999572753906, best_prec 91.45999908447266
Epoch 91, l0 norm : 2974172, l1 norm : 895917.7099914551
Epoch 91, min : 0.0, max : 0.7750382423400879
This epoch duration :2412.3025209903717
Epoch 91, val-method base, validation accuracy 91.36000061035156, best_prec 91.45999908447266
Epoch 92, l0 norm : 2974172, l1 norm : 899743.2937164307
Epoch 92, min : 0.0, max : 0.7792506814002991
This epoch duration :2411.5959186553955
Epoch 92, val-method base, validation accuracy 91.12999725341797, best_prec 91.45999908447266
Epoch 93, l0 norm : 2974172, l1 norm : 903540.6712341309
Epoch 93, min : 0.0, max : 0.783437967300415
This epoch duration :2411.5549097061157
Epoch 93, val-method base, validation accuracy 91.06999969482422, best_prec 91.45999908447266
Epoch 94, l0 norm : 2974172, l1 norm : 907440.3693389893
Epoch 94, min : 0.0, max : 0.7876038551330566
This epoch duration :2408.5926554203033
Epoch 94, val-method base, validation accuracy 91.18000030517578, best_prec 91.45999908447266
Epoch 95, l0 norm : 2974172, l1 norm : 911486.2245178223
Epoch 95, min : 0.0, max : 0.7917290329933167
This epoch duration :2407.8446741104126
Epoch 95, val-method base, validation accuracy 91.14999389648438, best_prec 91.45999908447266
Epoch 96, l0 norm : 2974172, l1 norm : 915578.7495880127
Epoch 96, min : 0.0, max : 0.7958168983459473
This epoch duration :2408.055218219757
Epoch 96, val-method base, validation accuracy 91.11000061035156, best_prec 91.45999908447266
Epoch 97, l0 norm : 2974172, l1 norm : 919737.7808227539
Epoch 97, min : 0.0, max : 0.7998473048210144
This epoch duration :2407.5937283039093
Epoch 97, val-method base, validation accuracy 91.12999725341797, best_prec 91.45999908447266
Epoch 98, l0 norm : 2974172, l1 norm : 924048.9693908691
Epoch 98, min : 0.0, max : 0.8038007616996765
This epoch duration :2083.2440576553345
Epoch 98, val-method base, validation accuracy 90.97999572753906, best_prec 91.45999908447266
Epoch 99, l0 norm : 2974172, l1 norm : 928319.1642608643
Epoch 99, min : 0.0, max : 0.8076822757720947
This epoch duration :1499.0706498622894
Epoch 99, val-method base, validation accuracy 91.00999450683594, best_prec 91.45999908447266
