Namespace(configs='configs/CIFAR10/pen_bip_3.yml', result_dir='./trained_models', exp_name='RC_pb3_l7k01', exp_mode='prune', arch='resnet18', num_classes=10, layer_type='unstructured', k=0.1, lambd=0.9999999, alpha=1.0, scaled_score_init=True, scale_rand_init=False, freeze_bn=False, source_net='trained_models/CIFAR10_resnet18_Pretrain/pretrain/latest_exp/checkpoint/model_best.pth.tar', scores_init_type=None, dataset='CIFAR10', batch_size=128, num_workers=2, test_batch_size=128, normalize=True, data_dir='./data', image_dim=32, trainer='penalized_bilevel_3', epochs=100, optimizer='sgd', wd=0.0001, mask_lr=0.1, lr=0.1, mask_lr_schedule='step', lr_schedule='cosine', momentum=0.9, warmup_epochs=0, warmup_lr=0.1, save_dense=False, evaluate=False, val_method='base', resume='', seed=1234, print_freq=100, lr2=0.0001, accelerate=False)
=> loading source model from 'trained_models/CIFAR10_resnet18_Pretrain/pretrain/latest_exp/checkpoint/model_best.pth.tar'
=> loaded checkpoint 'trained_models/CIFAR10_resnet18_Pretrain/pretrain/latest_exp/checkpoint/model_best.pth.tar'
Epoch 0, l0 norm : 823229, l1 norm : 417483.6449432373
Epoch 0, min : 0.0, max : 0.9871258735656738
This epoch duration :956.0777139663696
Epoch 0, val-method base, validation accuracy 37.790000915527344, best_prec 37.790000915527344
Epoch 1, l0 norm : 823229, l1 norm : 411746.41047668457
Epoch 1, min : 0.0, max : 0.9744598865509033
This epoch duration :980.9196345806122
Epoch 1, val-method base, validation accuracy 42.36000061035156, best_prec 42.36000061035156
Epoch 2, l0 norm : 823229, l1 norm : 406168.06325531006
Epoch 2, min : 0.0, max : 0.9620466828346252
This epoch duration :980.5712537765503
Epoch 2, val-method base, validation accuracy 50.5, best_prec 50.5
Epoch 3, l0 norm : 823229, l1 norm : 400706.8588485718
Epoch 3, min : 0.0, max : 0.9498899579048157
This epoch duration :1041.8969135284424
Epoch 3, val-method base, validation accuracy 58.099998474121094, best_prec 58.099998474121094
Epoch 4, l0 norm : 823229, l1 norm : 395411.92373657227
Epoch 4, min : 0.0, max : 0.9379942417144775
This epoch duration :980.1416628360748
Epoch 4, val-method base, validation accuracy 62.03999710083008, best_prec 62.03999710083008
Epoch 5, l0 norm : 823229, l1 norm : 390237.45446014404
Epoch 5, min : 0.0, max : 0.926362931728363
This epoch duration :1025.3340945243835
Epoch 5, val-method base, validation accuracy 68.22999572753906, best_prec 68.22999572753906
Epoch 6, l0 norm : 823229, l1 norm : 385196.6585006714
Epoch 6, min : 0.0, max : 0.9149988889694214
This epoch duration :1026.2917792797089
Epoch 6, val-method base, validation accuracy 68.11000061035156, best_prec 68.22999572753906
Epoch 7, l0 norm : 823229, l1 norm : 380277.1433792114
Epoch 7, min : 0.0, max : 0.9039047956466675
This epoch duration :1014.2032222747803
Epoch 7, val-method base, validation accuracy 69.65999603271484, best_prec 69.65999603271484
Epoch 8, l0 norm : 823229, l1 norm : 375503.7484359741
Epoch 8, min : 0.0, max : 0.8930832147598267
This epoch duration :995.135436296463
Epoch 8, val-method base, validation accuracy 72.15999603271484, best_prec 72.15999603271484
Epoch 9, l0 norm : 823229, l1 norm : 370856.1411743164
Epoch 9, min : 0.0, max : 0.8825358152389526
This epoch duration :980.2137935161591
Epoch 9, val-method base, validation accuracy 74.3499984741211, best_prec 74.3499984741211
Epoch 10, l0 norm : 823229, l1 norm : 366335.4427642822
Epoch 10, min : 0.0, max : 0.8722634315490723
This epoch duration :981.6340970993042
Epoch 10, val-method base, validation accuracy 75.70999908447266, best_prec 75.70999908447266
Epoch 11, l0 norm : 823229, l1 norm : 361935.8296356201
Epoch 11, min : 0.0, max : 0.8622668981552124
This epoch duration :980.2154951095581
Epoch 11, val-method base, validation accuracy 77.0199966430664, best_prec 77.0199966430664
Epoch 12, l0 norm : 823229, l1 norm : 357668.3630218506
Epoch 12, min : 0.0, max : 0.8525470495223999
This epoch duration :980.5560240745544
Epoch 12, val-method base, validation accuracy 76.4000015258789, best_prec 77.0199966430664
Epoch 13, l0 norm : 823229, l1 norm : 353539.6382675171
Epoch 13, min : 0.0, max : 0.8431037068367004
This epoch duration :980.5919244289398
Epoch 13, val-method base, validation accuracy 77.33999633789062, best_prec 77.33999633789062
Epoch 14, l0 norm : 823229, l1 norm : 349521.89807128906
Epoch 14, min : 0.0, max : 0.8339367508888245
This epoch duration :979.8372573852539
Epoch 14, val-method base, validation accuracy 78.4000015258789, best_prec 78.4000015258789
Epoch 15, l0 norm : 823229, l1 norm : 345633.61304473877
Epoch 15, min : 0.0, max : 0.8250459432601929
This epoch duration :980.6985492706299
Epoch 15, val-method base, validation accuracy 79.33999633789062, best_prec 79.33999633789062
Epoch 16, l0 norm : 823229, l1 norm : 341859.12979888916
Epoch 16, min : 0.0, max : 0.8164296746253967
This epoch duration :980.1839871406555
Epoch 16, val-method base, validation accuracy 78.30999755859375, best_prec 79.33999633789062
Epoch 17, l0 norm : 823229, l1 norm : 338214.08015441895
Epoch 17, min : 0.0, max : 0.8080877661705017
This epoch duration :980.4235281944275
Epoch 17, val-method base, validation accuracy 77.75999450683594, best_prec 79.33999633789062
Epoch 18, l0 norm : 823229, l1 norm : 334686.44189453125
Epoch 18, min : 0.0, max : 0.8000186085700989
This epoch duration :980.1609628200531
Epoch 18, val-method base, validation accuracy 81.58999633789062, best_prec 81.58999633789062
Epoch 19, l0 norm : 823229, l1 norm : 331280.2156906128
Epoch 19, min : 0.0, max : 0.7922207713127136
This epoch duration :979.6362714767456
Epoch 19, val-method base, validation accuracy 81.02999877929688, best_prec 81.58999633789062
Epoch 20, l0 norm : 823229, l1 norm : 327983.6170349121
Epoch 20, min : 0.0, max : 0.7846932411193848
This epoch duration :979.8905642032623
Epoch 20, val-method base, validation accuracy 81.25, best_prec 81.58999633789062
Epoch 21, l0 norm : 823229, l1 norm : 324802.1651763916
Epoch 21, min : 0.0, max : 0.7774331569671631
This epoch duration :979.8404679298401
Epoch 21, val-method base, validation accuracy 81.11000061035156, best_prec 81.58999633789062
Epoch 22, l0 norm : 823229, l1 norm : 321735.6647491455
Epoch 22, min : 0.0, max : 0.7704387307167053
This epoch duration :979.9012978076935
Epoch 22, val-method base, validation accuracy 81.12999725341797, best_prec 81.58999633789062
Epoch 23, l0 norm : 823229, l1 norm : 318778.1367416382
Epoch 23, min : 0.0, max : 0.7637078762054443
This epoch duration :981.0991809368134
Epoch 23, val-method base, validation accuracy 82.97999572753906, best_prec 82.97999572753906
Epoch 24, l0 norm : 823229, l1 norm : 315924.91636657715
Epoch 24, min : 0.0, max : 0.757239043712616
This epoch duration :980.6449656486511
Epoch 24, val-method base, validation accuracy 81.79999542236328, best_prec 82.97999572753906
Epoch 25, l0 norm : 823229, l1 norm : 313189.0323562622
Epoch 25, min : 0.0, max : 0.7510285973548889
This epoch duration :980.0293936729431
Epoch 25, val-method base, validation accuracy 82.50999450683594, best_prec 82.97999572753906
Epoch 26, l0 norm : 823229, l1 norm : 310565.99334716797
Epoch 26, min : 0.0, max : 0.7450751066207886
This epoch duration :980.2586352825165
Epoch 26, val-method base, validation accuracy 82.8699951171875, best_prec 82.97999572753906
Epoch 27, l0 norm : 823229, l1 norm : 308052.758682251
Epoch 27, min : 0.0, max : 0.739375650882721
This epoch duration :980.383383512497
Epoch 27, val-method base, validation accuracy 83.38999938964844, best_prec 83.38999938964844
Epoch 28, l0 norm : 823229, l1 norm : 305657.34408569336
Epoch 28, min : 0.0, max : 0.7339282631874084
This epoch duration :980.0916163921356
Epoch 28, val-method base, validation accuracy 83.5199966430664, best_prec 83.5199966430664
Epoch 29, l0 norm : 823229, l1 norm : 303372.5570831299
Epoch 29, min : 0.0, max : 0.7287293076515198
This epoch duration :992.8233561515808
Epoch 29, val-method base, validation accuracy 84.41999816894531, best_prec 84.41999816894531
Epoch 30, l0 norm : 823229, l1 norm : 301197.4570388794
Epoch 30, min : 0.0, max : 0.7237764000892639
This epoch duration :1004.479053735733
Epoch 30, val-method base, validation accuracy 84.57999420166016, best_prec 84.57999420166016
Epoch 31, l0 norm : 823229, l1 norm : 299128.3745689392
Epoch 31, min : 0.0, max : 0.7190676331520081
This epoch duration :995.1473610401154
Epoch 31, val-method base, validation accuracy 83.83999633789062, best_prec 84.57999420166016
Epoch 32, l0 norm : 823229, l1 norm : 297171.41722106934
Epoch 32, min : 0.0, max : 0.7145993113517761
This epoch duration :996.9205465316772
Epoch 32, val-method base, validation accuracy 85.22000122070312, best_prec 85.22000122070312
Epoch 33, l0 norm : 823229, l1 norm : 295314.5050048828
Epoch 33, min : 0.0, max : 0.7103691697120667
This epoch duration :990.1370012760162
Epoch 33, val-method base, validation accuracy 84.56999969482422, best_prec 85.22000122070312
Epoch 34, l0 norm : 823229, l1 norm : 293564.4855194092
Epoch 34, min : 0.0, max : 0.7063747048377991
This epoch duration :989.5297017097473
Epoch 34, val-method base, validation accuracy 85.08999633789062, best_prec 85.22000122070312
Epoch 35, l0 norm : 823229, l1 norm : 291917.1095275879
Epoch 35, min : 0.0, max : 0.7026122212409973
This epoch duration :983.2248682975769
Epoch 35, val-method base, validation accuracy 85.44999694824219, best_prec 85.44999694824219
Epoch 36, l0 norm : 823229, l1 norm : 290370.4780807495
Epoch 36, min : 0.0, max : 0.6990800499916077
This epoch duration :980.2007853984833
Epoch 36, val-method base, validation accuracy 85.22000122070312, best_prec 85.44999694824219
Epoch 37, l0 norm : 823229, l1 norm : 288928.79328918457
Epoch 37, min : 0.0, max : 0.6957751512527466
This epoch duration :987.6336789131165
Epoch 37, val-method base, validation accuracy 85.05999755859375, best_prec 85.44999694824219
Epoch 38, l0 norm : 823229, l1 norm : 287583.65856933594
Epoch 38, min : 0.0, max : 0.6926953792572021
This epoch duration :1002.2444376945496
Epoch 38, val-method base, validation accuracy 85.29999542236328, best_prec 85.44999694824219
Epoch 39, l0 norm : 823229, l1 norm : 286338.4828109741
Epoch 39, min : 0.0, max : 0.6898365020751953
This epoch duration :1033.8351438045502
Epoch 39, val-method base, validation accuracy 84.55999755859375, best_prec 85.44999694824219
Epoch 40, l0 norm : 823229, l1 norm : 285179.03621673584
Epoch 40, min : 0.0, max : 0.6871964931488037
This epoch duration :1047.0723721981049
Epoch 40, val-method base, validation accuracy 85.98999786376953, best_prec 85.98999786376953
Epoch 41, l0 norm : 823229, l1 norm : 284116.440120697
Epoch 41, min : 0.0, max : 0.6847736239433289
This epoch duration :1025.5169749259949
Epoch 41, val-method base, validation accuracy 86.54999542236328, best_prec 86.54999542236328
Epoch 42, l0 norm : 823229, l1 norm : 283141.7590408325
Epoch 42, min : 0.0, max : 0.6825636029243469
This epoch duration :1046.8560571670532
Epoch 42, val-method base, validation accuracy 85.52999877929688, best_prec 86.54999542236328
Epoch 43, l0 norm : 823229, l1 norm : 282263.14110565186
Epoch 43, min : 0.0, max : 0.6805644631385803
This epoch duration :1046.9814383983612
Epoch 43, val-method base, validation accuracy 85.62999725341797, best_prec 86.54999542236328
Epoch 44, l0 norm : 823229, l1 norm : 281470.2870788574
Epoch 44, min : 0.0, max : 0.6787753701210022
This epoch duration :1046.0820200443268
Epoch 44, val-method base, validation accuracy 86.65999603271484, best_prec 86.65999603271484
Epoch 45, l0 norm : 823229, l1 norm : 280768.91745758057
Epoch 45, min : 0.0, max : 0.6771896481513977
This epoch duration :1046.2453172206879
Epoch 45, val-method base, validation accuracy 85.83999633789062, best_prec 86.65999603271484
Epoch 46, l0 norm : 823229, l1 norm : 280156.3469734192
Epoch 46, min : 0.0, max : 0.6758072972297668
This epoch duration :983.6307117938995
Epoch 46, val-method base, validation accuracy 86.83999633789062, best_prec 86.83999633789062
Epoch 47, l0 norm : 823229, l1 norm : 279629.5153579712
Epoch 47, min : 0.0, max : 0.6746261715888977
This epoch duration :978.4377608299255
Epoch 47, val-method base, validation accuracy 87.00999450683594, best_prec 87.00999450683594
Epoch 48, l0 norm : 823229, l1 norm : 279188.7959976196
Epoch 48, min : 0.0, max : 0.6736429929733276
This epoch duration :978.055876493454
Epoch 48, val-method base, validation accuracy 86.93999481201172, best_prec 87.00999450683594
Epoch 49, l0 norm : 823229, l1 norm : 278830.14499664307
Epoch 49, min : 0.0, max : 0.6728583574295044
This epoch duration :976.688202381134
Epoch 49, val-method base, validation accuracy 85.47999572753906, best_prec 87.00999450683594
Epoch 50, l0 norm : 823229, l1 norm : 278557.4462966919
Epoch 50, min : 0.0, max : 0.6722628474235535
This epoch duration :978.647243976593
Epoch 50, val-method base, validation accuracy 85.44999694824219, best_prec 87.00999450683594
Epoch 51, l0 norm : 823229, l1 norm : 278360.4848022461
Epoch 51, min : 0.0, max : 0.6718539595603943
This epoch duration :977.9371092319489
Epoch 51, val-method base, validation accuracy 86.54000091552734, best_prec 87.00999450683594
Epoch 52, l0 norm : 823229, l1 norm : 278245.8297653198
Epoch 52, min : 0.0, max : 0.6716342568397522
This epoch duration :977.8304409980774
Epoch 52, val-method base, validation accuracy 87.05999755859375, best_prec 87.05999755859375
Epoch 53, l0 norm : 823229, l1 norm : 278210.86853408813
Epoch 53, min : 0.0, max : 0.6716037392616272
This epoch duration :979.025057554245
Epoch 53, val-method base, validation accuracy 86.56999969482422, best_prec 87.05999755859375
Epoch 54, l0 norm : 823229, l1 norm : 278257.0586013794
Epoch 54, min : 0.0, max : 0.6717644333839417
This epoch duration :977.9639940261841
Epoch 54, val-method base, validation accuracy 86.93999481201172, best_prec 87.05999755859375
Epoch 55, l0 norm : 823229, l1 norm : 278376.1012763977
Epoch 55, min : 0.0, max : 0.6720970273017883
This epoch duration :979.4364621639252
Epoch 55, val-method base, validation accuracy 87.04000091552734, best_prec 87.05999755859375
Epoch 56, l0 norm : 823229, l1 norm : 278571.93355178833
Epoch 56, min : 0.0, max : 0.6726017594337463
This epoch duration :994.1587610244751
Epoch 56, val-method base, validation accuracy 87.19999694824219, best_prec 87.19999694824219
Epoch 57, l0 norm : 823229, l1 norm : 278842.08853912354
Epoch 57, min : 0.0, max : 0.6732814311981201
This epoch duration :997.9655318260193
Epoch 57, val-method base, validation accuracy 87.08999633789062, best_prec 87.19999694824219
Epoch 58, l0 norm : 823229, l1 norm : 279183.0477409363
Epoch 58, min : 0.0, max : 0.6741353273391724
This epoch duration :991.6169159412384
Epoch 58, val-method base, validation accuracy 87.43000030517578, best_prec 87.43000030517578
Epoch 59, l0 norm : 823229, l1 norm : 279596.66762924194
Epoch 59, min : 0.0, max : 0.675166130065918
This epoch duration :983.852566242218
Epoch 59, val-method base, validation accuracy 87.5999984741211, best_prec 87.5999984741211
Epoch 60, l0 norm : 823229, l1 norm : 280083.54822540283
Epoch 60, min : 0.0, max : 0.6763581037521362
This epoch duration :985.0759673118591
Epoch 60, val-method base, validation accuracy 87.22000122070312, best_prec 87.5999984741211
Epoch 61, l0 norm : 823229, l1 norm : 280638.36809921265
Epoch 61, min : 0.0, max : 0.6777150630950928
This epoch duration :979.3416247367859
Epoch 61, val-method base, validation accuracy 88.04999542236328, best_prec 88.04999542236328
Epoch 62, l0 norm : 823229, l1 norm : 281261.8710746765
Epoch 62, min : 0.0, max : 0.6792336702346802
This epoch duration :977.6812968254089
Epoch 62, val-method base, validation accuracy 87.69999694824219, best_prec 88.04999542236328
Epoch 63, l0 norm : 823229, l1 norm : 281950.54566192627
Epoch 63, min : 0.0, max : 0.680908739566803
This epoch duration :978.5296039581299
Epoch 63, val-method base, validation accuracy 87.19999694824219, best_prec 88.04999542236328
Epoch 64, l0 norm : 823229, l1 norm : 282706.3116569519
Epoch 64, min : 0.0, max : 0.6827387809753418
This epoch duration :977.707551240921
Epoch 64, val-method base, validation accuracy 87.97000122070312, best_prec 88.04999542236328
Epoch 65, l0 norm : 823229, l1 norm : 283525.5722389221
Epoch 65, min : 0.0, max : 0.6847202777862549
This epoch duration :977.5515234470367
Epoch 65, val-method base, validation accuracy 88.43999481201172, best_prec 88.43999481201172
Epoch 66, l0 norm : 823229, l1 norm : 284406.5659942627
Epoch 66, min : 0.0, max : 0.6868506073951721
This epoch duration :977.6123008728027
Epoch 66, val-method base, validation accuracy 87.7699966430664, best_prec 88.43999481201172
Epoch 67, l0 norm : 823229, l1 norm : 285349.0503349304
Epoch 67, min : 0.0, max : 0.6891250610351562
This epoch duration :979.2798941135406
Epoch 67, val-method base, validation accuracy 87.8499984741211, best_prec 88.43999481201172
Epoch 68, l0 norm : 823229, l1 norm : 286351.5281867981
Epoch 68, min : 0.0, max : 0.6915406584739685
This epoch duration :977.4381239414215
Epoch 68, val-method base, validation accuracy 88.08999633789062, best_prec 88.43999481201172
Epoch 69, l0 norm : 823229, l1 norm : 287412.10260772705
Epoch 69, min : 0.0, max : 0.6940919160842896
This epoch duration :977.8358912467957
Epoch 69, val-method base, validation accuracy 88.62999725341797, best_prec 88.62999725341797
Epoch 70, l0 norm : 823229, l1 norm : 288523.5230140686
Epoch 70, min : 0.0, max : 0.6967814564704895
This epoch duration :977.6050221920013
Epoch 70, val-method base, validation accuracy 88.16999816894531, best_prec 88.62999725341797
Epoch 71, l0 norm : 823229, l1 norm : 289692.99507141113
Epoch 71, min : 0.0, max : 0.6995996236801147
This epoch duration :977.1693036556244
Epoch 71, val-method base, validation accuracy 87.9000015258789, best_prec 88.62999725341797
Epoch 72, l0 norm : 823229, l1 norm : 290913.10078048706
Epoch 72, min : 0.0, max : 0.7025408148765564
This epoch duration :977.360547542572
Epoch 72, val-method base, validation accuracy 88.33999633789062, best_prec 88.62999725341797
Epoch 73, l0 norm : 823229, l1 norm : 292185.593170166
Epoch 73, min : 0.0, max : 0.7056037783622742
This epoch duration :978.8057670593262
Epoch 73, val-method base, validation accuracy 88.41999816894531, best_prec 88.62999725341797
Epoch 74, l0 norm : 823229, l1 norm : 293504.97259521484
Epoch 74, min : 0.0, max : 0.7087807059288025
This epoch duration :977.9876871109009
Epoch 74, val-method base, validation accuracy 88.70999908447266, best_prec 88.70999908447266
Epoch 75, l0 norm : 823229, l1 norm : 294868.3712387085
Epoch 75, min : 0.0, max : 0.7120702266693115
This epoch duration :978.2190952301025
Epoch 75, val-method base, validation accuracy 88.88999938964844, best_prec 88.88999938964844
Epoch 76, l0 norm : 823229, l1 norm : 296281.20878219604
Epoch 76, min : 0.0, max : 0.7154667973518372
This epoch duration :977.94065284729
Epoch 76, val-method base, validation accuracy 89.36000061035156, best_prec 89.36000061035156
Epoch 77, l0 norm : 823229, l1 norm : 297735.18602752686
Epoch 77, min : 0.0, max : 0.7189657092094421
This epoch duration :977.6561706066132
Epoch 77, val-method base, validation accuracy 88.61000061035156, best_prec 89.36000061035156
Epoch 78, l0 norm : 823229, l1 norm : 299227.15395355225
Epoch 78, min : 0.0, max : 0.7225605249404907
This epoch duration :977.4966611862183
Epoch 78, val-method base, validation accuracy 88.82999420166016, best_prec 89.36000061035156
Epoch 79, l0 norm : 823229, l1 norm : 300758.0206222534
Epoch 79, min : 0.0, max : 0.7262445688247681
This epoch duration :977.9583630561829
Epoch 79, val-method base, validation accuracy 88.98999786376953, best_prec 89.36000061035156
Epoch 80, l0 norm : 823229, l1 norm : 302326.96282958984
Epoch 80, min : 0.0, max : 0.7300154566764832
This epoch duration :978.2636284828186
Epoch 80, val-method base, validation accuracy 88.6500015258789, best_prec 89.36000061035156
Epoch 81, l0 norm : 823229, l1 norm : 303924.4648208618
Epoch 81, min : 0.0, max : 0.7338649034500122
This epoch duration :979.1091375350952
Epoch 81, val-method base, validation accuracy 88.79999542236328, best_prec 89.36000061035156
Epoch 82, l0 norm : 823229, l1 norm : 305550.1562576294
Epoch 82, min : 0.0, max : 0.7377775311470032
This epoch duration :977.616575717926
Epoch 82, val-method base, validation accuracy 89.3499984741211, best_prec 89.36000061035156
Epoch 83, l0 norm : 823229, l1 norm : 307203.81803894043
Epoch 83, min : 0.0, max : 0.7417574524879456
This epoch duration :978.3390815258026
Epoch 83, val-method base, validation accuracy 89.43000030517578, best_prec 89.43000030517578
Epoch 84, l0 norm : 823229, l1 norm : 308881.4145050049
Epoch 84, min : 0.0, max : 0.7457944750785828
This epoch duration :977.9101710319519
Epoch 84, val-method base, validation accuracy 89.33999633789062, best_prec 89.43000030517578
Epoch 85, l0 norm : 823229, l1 norm : 310582.21926116943
Epoch 85, min : 0.0, max : 0.7498816251754761
This epoch duration :977.9795162677765
Epoch 85, val-method base, validation accuracy 89.20999908447266, best_prec 89.43000030517578
Epoch 86, l0 norm : 823229, l1 norm : 312298.4887084961
Epoch 86, min : 0.0, max : 0.7540091872215271
This epoch duration :977.8136613368988
Epoch 86, val-method base, validation accuracy 89.38999938964844, best_prec 89.43000030517578
Epoch 87, l0 norm : 823229, l1 norm : 314027.6622390747
Epoch 87, min : 0.0, max : 0.7581832408905029
This epoch duration :978.3232729434967
Epoch 87, val-method base, validation accuracy 89.47999572753906, best_prec 89.47999572753906
Epoch 88, l0 norm : 823229, l1 norm : 315768.5037384033
Epoch 88, min : 0.0, max : 0.7623813152313232
This epoch duration :978.0741729736328
Epoch 88, val-method base, validation accuracy 89.5199966430664, best_prec 89.5199966430664
Epoch 89, l0 norm : 823229, l1 norm : 317519.08894348145
Epoch 89, min : 0.0, max : 0.7665954828262329
This epoch duration :978.225507736206
Epoch 89, val-method base, validation accuracy 89.27999877929688, best_prec 89.5199966430664
Epoch 90, l0 norm : 823229, l1 norm : 319273.5314102173
Epoch 90, min : 0.0, max : 0.7708207964897156
This epoch duration :977.9484024047852
Epoch 90, val-method base, validation accuracy 89.55999755859375, best_prec 89.55999755859375
Epoch 91, l0 norm : 823229, l1 norm : 321030.82496643066
Epoch 91, min : 0.0, max : 0.7750382423400879
This epoch duration :977.7205061912537
Epoch 91, val-method base, validation accuracy 89.54000091552734, best_prec 89.55999755859375
Epoch 92, l0 norm : 823229, l1 norm : 322785.11711883545
Epoch 92, min : 0.0, max : 0.7792506814002991
This epoch duration :978.5279703140259
Epoch 92, val-method base, validation accuracy 89.20999908447266, best_prec 89.55999755859375
Epoch 93, l0 norm : 823229, l1 norm : 324534.205078125
Epoch 93, min : 0.0, max : 0.783437967300415
This epoch duration :979.1589589118958
Epoch 93, val-method base, validation accuracy 89.19999694824219, best_prec 89.55999755859375
Epoch 94, l0 norm : 823229, l1 norm : 326274.76943969727
Epoch 94, min : 0.0, max : 0.7876038551330566
This epoch duration :977.6914434432983
Epoch 94, val-method base, validation accuracy 89.47999572753906, best_prec 89.55999755859375
Epoch 95, l0 norm : 823229, l1 norm : 327997.81872558594
Epoch 95, min : 0.0, max : 0.7917290329933167
This epoch duration :978.4634861946106
Epoch 95, val-method base, validation accuracy 89.5, best_prec 89.55999755859375
Epoch 96, l0 norm : 823229, l1 norm : 329707.5458831787
Epoch 96, min : 0.0, max : 0.7958168983459473
This epoch duration :977.8579792976379
Epoch 96, val-method base, validation accuracy 89.40999603271484, best_prec 89.55999755859375
Epoch 97, l0 norm : 823229, l1 norm : 331395.4872970581
Epoch 97, min : 0.0, max : 0.7998473048210144
This epoch duration :977.163806438446
Epoch 97, val-method base, validation accuracy 89.3699951171875, best_prec 89.55999755859375
Epoch 98, l0 norm : 823229, l1 norm : 333054.80560302734
Epoch 98, min : 0.0, max : 0.8038007616996765
This epoch duration :978.8027882575989
Epoch 98, val-method base, validation accuracy 89.3699951171875, best_prec 89.55999755859375
Epoch 99, l0 norm : 823229, l1 norm : 334685.6816329956
Epoch 99, min : 0.0, max : 0.8076822757720947
This epoch duration :932.0690407752991
Epoch 99, val-method base, validation accuracy 89.0199966430664, best_prec 89.55999755859375
