Namespace(configs='configs/CIFAR10/pen_bip_3.yml', result_dir='./trained_models', exp_name='RC_pb3_l8k08', exp_mode='prune', arch='resnet18', num_classes=10, layer_type='unstructured', k=0.8, lambd=0.99999999, alpha=1.0, scaled_score_init=True, scale_rand_init=False, freeze_bn=False, source_net='trained_models/CIFAR10_resnet18_Pretrain/pretrain/latest_exp/checkpoint/model_best.pth.tar', scores_init_type=None, dataset='CIFAR10', batch_size=128, num_workers=2, test_batch_size=128, normalize=True, data_dir='./data', image_dim=32, trainer='penalized_bilevel_3', epochs=100, optimizer='sgd', wd=0.0001, mask_lr=0.1, lr=0.1, mask_lr_schedule='step', lr_schedule='cosine', momentum=0.9, warmup_epochs=0, warmup_lr=0.1, save_dense=False, evaluate=False, val_method='base', resume='', seed=1234, print_freq=100, lr2=0.0001, accelerate=False)
=> loading source model from 'trained_models/CIFAR10_resnet18_Pretrain/pretrain/latest_exp/checkpoint/model_best.pth.tar'
=> loaded checkpoint 'trained_models/CIFAR10_resnet18_Pretrain/pretrain/latest_exp/checkpoint/model_best.pth.tar'
Epoch 0, l0 norm : 5309691, l1 norm : 2670821.881958008
Epoch 0, min : 0.0, max : 0.9871258735656738
This epoch duration :2275.732255220413
Epoch 0, val-method base, validation accuracy 33.849998474121094, best_prec 33.849998474121094
Epoch 1, l0 norm : 5309691, l1 norm : 2635152.023010254
Epoch 1, min : 0.0, max : 0.9744598865509033
This epoch duration :2404.772028207779
Epoch 1, val-method base, validation accuracy 43.73999786376953, best_prec 43.73999786376953
Epoch 2, l0 norm : 5309691, l1 norm : 2598983.028076172
Epoch 2, min : 0.0, max : 0.9620466828346252
This epoch duration :2405.8833317756653
Epoch 2, val-method base, validation accuracy 45.369998931884766, best_prec 45.369998931884766
Epoch 3, l0 norm : 5309691, l1 norm : 2564143.678588867
Epoch 3, min : 0.0, max : 0.9498899579048157
This epoch duration :2403.4490389823914
Epoch 3, val-method base, validation accuracy 51.68000030517578, best_prec 51.68000030517578
Epoch 4, l0 norm : 5309691, l1 norm : 2530143.6150512695
Epoch 4, min : 0.0, max : 0.9379942417144775
This epoch duration :2405.473042011261
Epoch 4, val-method base, validation accuracy 54.689998626708984, best_prec 54.689998626708984
Epoch 5, l0 norm : 5309691, l1 norm : 2497319.3518066406
Epoch 5, min : 0.0, max : 0.926362931728363
This epoch duration :2405.53169131279
Epoch 5, val-method base, validation accuracy 61.87999725341797, best_prec 61.87999725341797
Epoch 6, l0 norm : 5309691, l1 norm : 2465496.628173828
Epoch 6, min : 0.0, max : 0.9149988889694214
This epoch duration :2404.125742673874
Epoch 6, val-method base, validation accuracy 61.689998626708984, best_prec 61.87999725341797
Epoch 7, l0 norm : 5309691, l1 norm : 2434766.95111084
Epoch 7, min : 0.0, max : 0.9039047956466675
This epoch duration :2403.8136689662933
Epoch 7, val-method base, validation accuracy 65.19999694824219, best_prec 65.19999694824219
Epoch 8, l0 norm : 5309691, l1 norm : 2404749.3529052734
Epoch 8, min : 0.0, max : 0.8930832147598267
This epoch duration :2405.88042140007
Epoch 8, val-method base, validation accuracy 68.5, best_prec 68.5
Epoch 9, l0 norm : 5309691, l1 norm : 2375435.4079589844
Epoch 9, min : 0.0, max : 0.8825358152389526
This epoch duration :2405.974813222885
Epoch 9, val-method base, validation accuracy 69.58000183105469, best_prec 69.58000183105469
Epoch 10, l0 norm : 5309691, l1 norm : 2346824.11138916
Epoch 10, min : 0.0, max : 0.8722634315490723
This epoch duration :2403.5977931022644
Epoch 10, val-method base, validation accuracy 71.7699966430664, best_prec 71.7699966430664
Epoch 11, l0 norm : 5309691, l1 norm : 2319100.9592285156
Epoch 11, min : 0.0, max : 0.8622668981552124
This epoch duration :2405.6206300258636
Epoch 11, val-method base, validation accuracy 72.40999603271484, best_prec 72.40999603271484
Epoch 12, l0 norm : 5309691, l1 norm : 2292136.100769043
Epoch 12, min : 0.0, max : 0.8525470495223999
This epoch duration :2404.590227365494
Epoch 12, val-method base, validation accuracy 75.0199966430664, best_prec 75.0199966430664
Epoch 13, l0 norm : 5309691, l1 norm : 2265986.8557128906
Epoch 13, min : 0.0, max : 0.8431037068367004
This epoch duration :2407.0169446468353
Epoch 13, val-method base, validation accuracy 77.0, best_prec 77.0
Epoch 14, l0 norm : 5309691, l1 norm : 2240552.8024902344
Epoch 14, min : 0.0, max : 0.8339367508888245
This epoch duration :2406.0531556606293
Epoch 14, val-method base, validation accuracy 78.68999481201172, best_prec 78.68999481201172
Epoch 15, l0 norm : 5309691, l1 norm : 2215888.642272949
Epoch 15, min : 0.0, max : 0.8250459432601929
This epoch duration :2406.3855509757996
Epoch 15, val-method base, validation accuracy 79.04000091552734, best_prec 79.04000091552734
Epoch 16, l0 norm : 5309691, l1 norm : 2191982.4208984375
Epoch 16, min : 0.0, max : 0.8164296746253967
This epoch duration :2408.8041644096375
Epoch 16, val-method base, validation accuracy 78.33999633789062, best_prec 79.04000091552734
Epoch 17, l0 norm : 5309691, l1 norm : 2168898.126586914
Epoch 17, min : 0.0, max : 0.8080877661705017
This epoch duration :2409.509756565094
Epoch 17, val-method base, validation accuracy 81.06999969482422, best_prec 81.06999969482422
Epoch 18, l0 norm : 5309691, l1 norm : 2146608.6423950195
Epoch 18, min : 0.0, max : 0.8000186085700989
This epoch duration :2407.4289076328278
Epoch 18, val-method base, validation accuracy 81.93000030517578, best_prec 81.93000030517578
Epoch 19, l0 norm : 5309691, l1 norm : 2125060.7106933594
Epoch 19, min : 0.0, max : 0.7922207713127136
This epoch duration :2408.2239394187927
Epoch 19, val-method base, validation accuracy 80.45999908447266, best_prec 81.93000030517578
Epoch 20, l0 norm : 5309691, l1 norm : 2104202.1225585938
Epoch 20, min : 0.0, max : 0.7846932411193848
This epoch duration :2408.2023408412933
Epoch 20, val-method base, validation accuracy 81.6500015258789, best_prec 81.93000030517578
Epoch 21, l0 norm : 5309691, l1 norm : 2084070.0460205078
Epoch 21, min : 0.0, max : 0.7774331569671631
This epoch duration :2407.3328795433044
Epoch 21, val-method base, validation accuracy 82.93000030517578, best_prec 82.93000030517578
Epoch 22, l0 norm : 5309691, l1 norm : 2064711.9833374023
Epoch 22, min : 0.0, max : 0.7704387307167053
This epoch duration :2406.5763688087463
Epoch 22, val-method base, validation accuracy 82.75, best_prec 82.93000030517578
Epoch 23, l0 norm : 5309691, l1 norm : 2046124.8524169922
Epoch 23, min : 0.0, max : 0.7637078762054443
This epoch duration :2407.591689825058
Epoch 23, val-method base, validation accuracy 84.5, best_prec 84.5
Epoch 24, l0 norm : 5309691, l1 norm : 2028238.7001953125
Epoch 24, min : 0.0, max : 0.757239043712616
This epoch duration :2406.284854412079
Epoch 24, val-method base, validation accuracy 83.97000122070312, best_prec 84.5
Epoch 25, l0 norm : 5309691, l1 norm : 2011112.6775512695
Epoch 25, min : 0.0, max : 0.7510285973548889
This epoch duration :2407.1392068862915
Epoch 25, val-method base, validation accuracy 84.18999481201172, best_prec 84.5
Epoch 26, l0 norm : 5309691, l1 norm : 1994666.5110473633
Epoch 26, min : 0.0, max : 0.7450751066207886
This epoch duration :2405.73104596138
Epoch 26, val-method base, validation accuracy 83.45999908447266, best_prec 84.5
Epoch 27, l0 norm : 5309691, l1 norm : 1978944.5469360352
Epoch 27, min : 0.0, max : 0.739375650882721
This epoch duration :2407.258040189743
Epoch 27, val-method base, validation accuracy 85.12999725341797, best_prec 85.12999725341797
Epoch 28, l0 norm : 5309691, l1 norm : 1963919.8506469727
Epoch 28, min : 0.0, max : 0.7339282631874084
This epoch duration :2406.3935475349426
Epoch 28, val-method base, validation accuracy 85.23999786376953, best_prec 85.23999786376953
Epoch 29, l0 norm : 5309691, l1 norm : 1949600.5899047852
Epoch 29, min : 0.0, max : 0.7287293076515198
This epoch duration :2416.8459367752075
Epoch 29, val-method base, validation accuracy 86.06999969482422, best_prec 86.06999969482422
Epoch 30, l0 norm : 5309691, l1 norm : 1935972.3165283203
Epoch 30, min : 0.0, max : 0.7237764000892639
This epoch duration :2439.38627076149
Epoch 30, val-method base, validation accuracy 85.8699951171875, best_prec 86.06999969482422
Epoch 31, l0 norm : 5309691, l1 norm : 1922977.8684082031
Epoch 31, min : 0.0, max : 0.7190676331520081
This epoch duration :2439.1772243976593
Epoch 31, val-method base, validation accuracy 86.50999450683594, best_prec 86.50999450683594
Epoch 32, l0 norm : 5309691, l1 norm : 1910668.0136108398
Epoch 32, min : 0.0, max : 0.7145993113517761
This epoch duration :2437.242556333542
Epoch 32, val-method base, validation accuracy 86.48999786376953, best_prec 86.50999450683594
Epoch 33, l0 norm : 5309691, l1 norm : 1899019.906829834
Epoch 33, min : 0.0, max : 0.7103691697120667
This epoch duration :2437.439266204834
Epoch 33, val-method base, validation accuracy 86.57999420166016, best_prec 86.57999420166016
Epoch 34, l0 norm : 5309691, l1 norm : 1888025.9328308105
Epoch 34, min : 0.0, max : 0.7063747048377991
This epoch duration :2436.952317714691
Epoch 34, val-method base, validation accuracy 86.55999755859375, best_prec 86.57999420166016
Epoch 35, l0 norm : 5309691, l1 norm : 1877599.5637817383
Epoch 35, min : 0.0, max : 0.7026122212409973
This epoch duration :2437.5868439674377
Epoch 35, val-method base, validation accuracy 87.33999633789062, best_prec 87.33999633789062
Epoch 36, l0 norm : 5309691, l1 norm : 1867786.0645751953
Epoch 36, min : 0.0, max : 0.6990800499916077
This epoch duration :2439.0629987716675
Epoch 36, val-method base, validation accuracy 87.23999786376953, best_prec 87.33999633789062
Epoch 37, l0 norm : 5309691, l1 norm : 1858590.0374450684
Epoch 37, min : 0.0, max : 0.6957751512527466
This epoch duration :2410.739469051361
Epoch 37, val-method base, validation accuracy 86.40999603271484, best_prec 87.33999633789062
Epoch 38, l0 norm : 5309691, l1 norm : 1850017.0603637695
Epoch 38, min : 0.0, max : 0.6926953792572021
This epoch duration :2406.0531933307648
Epoch 38, val-method base, validation accuracy 87.02999877929688, best_prec 87.33999633789062
Epoch 39, l0 norm : 5309691, l1 norm : 1842075.3492736816
Epoch 39, min : 0.0, max : 0.6898365020751953
This epoch duration :2405.862604856491
Epoch 39, val-method base, validation accuracy 87.50999450683594, best_prec 87.50999450683594
Epoch 40, l0 norm : 5309691, l1 norm : 1834695.767211914
Epoch 40, min : 0.0, max : 0.6871964931488037
This epoch duration :2408.4738385677338
Epoch 40, val-method base, validation accuracy 88.79000091552734, best_prec 88.79000091552734
Epoch 41, l0 norm : 5309691, l1 norm : 1827900.7180175781
Epoch 41, min : 0.0, max : 0.6847736239433289
This epoch duration :2406.301687479019
Epoch 41, val-method base, validation accuracy 88.47000122070312, best_prec 88.79000091552734
Epoch 42, l0 norm : 5309691, l1 norm : 1821715.6722717285
Epoch 42, min : 0.0, max : 0.6825636029243469
This epoch duration :2405.6794257164
Epoch 42, val-method base, validation accuracy 88.04000091552734, best_prec 88.79000091552734
Epoch 43, l0 norm : 5309691, l1 norm : 1816133.0574035645
Epoch 43, min : 0.0, max : 0.6805644631385803
This epoch duration :2406.4969868659973
Epoch 43, val-method base, validation accuracy 88.40999603271484, best_prec 88.79000091552734
Epoch 44, l0 norm : 5309691, l1 norm : 1811088.5438842773
Epoch 44, min : 0.0, max : 0.6787753701210022
This epoch duration :2406.4357800483704
Epoch 44, val-method base, validation accuracy 88.50999450683594, best_prec 88.79000091552734
Epoch 45, l0 norm : 5309691, l1 norm : 1806622.1626586914
Epoch 45, min : 0.0, max : 0.6771896481513977
This epoch duration :2407.9998078346252
Epoch 45, val-method base, validation accuracy 88.87999725341797, best_prec 88.87999725341797
Epoch 46, l0 norm : 5309691, l1 norm : 1802697.6254882812
Epoch 46, min : 0.0, max : 0.6758072972297668
This epoch duration :2407.4433586597443
Epoch 46, val-method base, validation accuracy 88.69999694824219, best_prec 88.87999725341797
Epoch 47, l0 norm : 5309691, l1 norm : 1799341.4705200195
Epoch 47, min : 0.0, max : 0.6746261715888977
This epoch duration :2407.2788977622986
Epoch 47, val-method base, validation accuracy 89.54000091552734, best_prec 89.54000091552734
Epoch 48, l0 norm : 5309691, l1 norm : 1796512.4146728516
Epoch 48, min : 0.0, max : 0.6736429929733276
This epoch duration :2408.7632081508636
Epoch 48, val-method base, validation accuracy 88.41999816894531, best_prec 89.54000091552734
Epoch 49, l0 norm : 5309691, l1 norm : 1794228.394165039
Epoch 49, min : 0.0, max : 0.6728583574295044
This epoch duration :2408.2738518714905
Epoch 49, val-method base, validation accuracy 89.61000061035156, best_prec 89.61000061035156
Epoch 50, l0 norm : 5309691, l1 norm : 1792473.7573547363
Epoch 50, min : 0.0, max : 0.6722628474235535
This epoch duration :2407.5941269397736
Epoch 50, val-method base, validation accuracy 88.61000061035156, best_prec 89.61000061035156
Epoch 51, l0 norm : 5309691, l1 norm : 1791228.2459716797
Epoch 51, min : 0.0, max : 0.6718539595603943
This epoch duration :2406.7728514671326
Epoch 51, val-method base, validation accuracy 89.29000091552734, best_prec 89.61000061035156
Epoch 52, l0 norm : 5309691, l1 norm : 1790476.489868164
Epoch 52, min : 0.0, max : 0.6716342568397522
This epoch duration :2407.166927099228
Epoch 52, val-method base, validation accuracy 89.15999603271484, best_prec 89.61000061035156
Epoch 53, l0 norm : 5309691, l1 norm : 1790234.71875
Epoch 53, min : 0.0, max : 0.6716037392616272
This epoch duration :2406.2888283729553
Epoch 53, val-method base, validation accuracy 89.47999572753906, best_prec 89.61000061035156
Epoch 54, l0 norm : 5309691, l1 norm : 1790528.2705688477
Epoch 54, min : 0.0, max : 0.6717644333839417
This epoch duration :2407.744614124298
Epoch 54, val-method base, validation accuracy 89.50999450683594, best_prec 89.61000061035156
Epoch 55, l0 norm : 5309691, l1 norm : 1791295.9132080078
Epoch 55, min : 0.0, max : 0.6720970273017883
This epoch duration :2406.5234389305115
Epoch 55, val-method base, validation accuracy 89.40999603271484, best_prec 89.61000061035156
Epoch 56, l0 norm : 5309691, l1 norm : 1792516.3204345703
Epoch 56, min : 0.0, max : 0.6726017594337463
This epoch duration :2408.438239812851
Epoch 56, val-method base, validation accuracy 89.88999938964844, best_prec 89.88999938964844
Epoch 57, l0 norm : 5309691, l1 norm : 1794194.4270629883
Epoch 57, min : 0.0, max : 0.6732814311981201
This epoch duration :2407.4836513996124
Epoch 57, val-method base, validation accuracy 90.2699966430664, best_prec 90.2699966430664
Epoch 58, l0 norm : 5309691, l1 norm : 1796356.1805419922
Epoch 58, min : 0.0, max : 0.6741353273391724
This epoch duration :2410.3257048130035
Epoch 58, val-method base, validation accuracy 89.95999908447266, best_prec 90.2699966430664
Epoch 59, l0 norm : 5309691, l1 norm : 1798949.1614990234
Epoch 59, min : 0.0, max : 0.675166130065918
This epoch duration :2409.3943910598755
Epoch 59, val-method base, validation accuracy 90.64999389648438, best_prec 90.64999389648438
Epoch 60, l0 norm : 5309691, l1 norm : 1802023.288696289
Epoch 60, min : 0.0, max : 0.6763581037521362
This epoch duration :2408.835290670395
Epoch 60, val-method base, validation accuracy 89.88999938964844, best_prec 90.64999389648438
Epoch 61, l0 norm : 5309691, l1 norm : 1805511.8581237793
Epoch 61, min : 0.0, max : 0.6777150630950928
This epoch duration :2408.7727105617523
Epoch 61, val-method base, validation accuracy 90.56999969482422, best_prec 90.64999389648438
Epoch 62, l0 norm : 5309691, l1 norm : 1809467.5666809082
Epoch 62, min : 0.0, max : 0.6792336702346802
This epoch duration :2404.98934674263
Epoch 62, val-method base, validation accuracy 90.48999786376953, best_prec 90.64999389648438
Epoch 63, l0 norm : 5309691, l1 norm : 1813804.3106079102
Epoch 63, min : 0.0, max : 0.680908739566803
This epoch duration :2404.406738758087
Epoch 63, val-method base, validation accuracy 89.93000030517578, best_prec 90.64999389648438
Epoch 64, l0 norm : 5309691, l1 norm : 1818569.084350586
Epoch 64, min : 0.0, max : 0.6827387809753418
This epoch duration :2403.441543340683
Epoch 64, val-method base, validation accuracy 90.55999755859375, best_prec 90.64999389648438
Epoch 65, l0 norm : 5309691, l1 norm : 1823709.6007080078
Epoch 65, min : 0.0, max : 0.6847202777862549
This epoch duration :2401.616009235382
Epoch 65, val-method base, validation accuracy 90.93999481201172, best_prec 90.93999481201172
Epoch 66, l0 norm : 5309691, l1 norm : 1829250.6907043457
Epoch 66, min : 0.0, max : 0.6868506073951721
This epoch duration :2404.3261318206787
Epoch 66, val-method base, validation accuracy 90.52999877929688, best_prec 90.93999481201172
Epoch 67, l0 norm : 5309691, l1 norm : 1835155.3639831543
Epoch 67, min : 0.0, max : 0.6891250610351562
This epoch duration :2422.3202340602875
Epoch 67, val-method base, validation accuracy 91.04000091552734, best_prec 91.04000091552734
Epoch 68, l0 norm : 5309691, l1 norm : 1841428.4206237793
Epoch 68, min : 0.0, max : 0.6915406584739685
This epoch duration :2437.1972694396973
Epoch 68, val-method base, validation accuracy 90.81999969482422, best_prec 91.04000091552734
Epoch 69, l0 norm : 5309691, l1 norm : 1848023.406463623
Epoch 69, min : 0.0, max : 0.6940919160842896
This epoch duration :2439.2397179603577
Epoch 69, val-method base, validation accuracy 91.08999633789062, best_prec 91.08999633789062
Epoch 70, l0 norm : 5309691, l1 norm : 1854988.2881469727
Epoch 70, min : 0.0, max : 0.6967814564704895
This epoch duration :2413.7900664806366
Epoch 70, val-method base, validation accuracy 91.30999755859375, best_prec 91.30999755859375
Epoch 71, l0 norm : 5309691, l1 norm : 1862309.2633666992
Epoch 71, min : 0.0, max : 0.6995996236801147
This epoch duration :2415.400422811508
Epoch 71, val-method base, validation accuracy 90.54999542236328, best_prec 91.30999755859375
Epoch 72, l0 norm : 5309691, l1 norm : 1869896.4218139648
Epoch 72, min : 0.0, max : 0.7025408148765564
This epoch duration :2436.2497034072876
Epoch 72, val-method base, validation accuracy 91.19999694824219, best_prec 91.30999755859375
Epoch 73, l0 norm : 5309691, l1 norm : 1877770.4758911133
Epoch 73, min : 0.0, max : 0.7056037783622742
This epoch duration :2437.5076258182526
Epoch 73, val-method base, validation accuracy 91.47999572753906, best_prec 91.47999572753906
Epoch 74, l0 norm : 5309691, l1 norm : 1885928.595123291
Epoch 74, min : 0.0, max : 0.7087807059288025
This epoch duration :2419.77894282341
Epoch 74, val-method base, validation accuracy 91.27999877929688, best_prec 91.47999572753906
Epoch 75, l0 norm : 5309691, l1 norm : 1894414.3972167969
Epoch 75, min : 0.0, max : 0.7120702266693115
This epoch duration :2408.5853428840637
Epoch 75, val-method base, validation accuracy 91.47000122070312, best_prec 91.47999572753906
Epoch 76, l0 norm : 5309691, l1 norm : 1903117.8635253906
Epoch 76, min : 0.0, max : 0.7154667973518372
This epoch duration :2408.399750471115
Epoch 76, val-method base, validation accuracy 91.83999633789062, best_prec 91.83999633789062
Epoch 77, l0 norm : 5309691, l1 norm : 1912060.2451782227
Epoch 77, min : 0.0, max : 0.7189657092094421
This epoch duration :2406.452420949936
Epoch 77, val-method base, validation accuracy 91.50999450683594, best_prec 91.83999633789062
Epoch 78, l0 norm : 5309691, l1 norm : 1921287.4938354492
Epoch 78, min : 0.0, max : 0.7225605249404907
This epoch duration :2404.44930100441
Epoch 78, val-method base, validation accuracy 91.39999389648438, best_prec 91.83999633789062
Epoch 79, l0 norm : 5309691, l1 norm : 1930718.8281860352
Epoch 79, min : 0.0, max : 0.7262445688247681
This epoch duration :2407.6134128570557
Epoch 79, val-method base, validation accuracy 91.47999572753906, best_prec 91.83999633789062
Epoch 80, l0 norm : 5309691, l1 norm : 1940347.0813293457
Epoch 80, min : 0.0, max : 0.7300154566764832
This epoch duration :2407.6801946163177
Epoch 80, val-method base, validation accuracy 91.47999572753906, best_prec 91.83999633789062
Epoch 81, l0 norm : 5309691, l1 norm : 1950159.8737182617
Epoch 81, min : 0.0, max : 0.7338649034500122
This epoch duration :2402.532948255539
Epoch 81, val-method base, validation accuracy 91.97000122070312, best_prec 91.97000122070312
Epoch 82, l0 norm : 5309691, l1 norm : 1960161.4329833984
Epoch 82, min : 0.0, max : 0.7377775311470032
This epoch duration :2402.98486995697
Epoch 82, val-method base, validation accuracy 91.72000122070312, best_prec 91.97000122070312
Epoch 83, l0 norm : 5309691, l1 norm : 1970270.1266784668
Epoch 83, min : 0.0, max : 0.7417574524879456
This epoch duration :2405.660523414612
Epoch 83, val-method base, validation accuracy 91.98999786376953, best_prec 91.98999786376953
Epoch 84, l0 norm : 5309691, l1 norm : 1980541.1856689453
Epoch 84, min : 0.0, max : 0.7457944750785828
This epoch duration :2407.0386781692505
Epoch 84, val-method base, validation accuracy 92.07999420166016, best_prec 92.07999420166016
Epoch 85, l0 norm : 5309691, l1 norm : 1990999.06640625
Epoch 85, min : 0.0, max : 0.7498816251754761
This epoch duration :2406.866399526596
Epoch 85, val-method base, validation accuracy 91.75999450683594, best_prec 92.07999420166016
Epoch 86, l0 norm : 5309691, l1 norm : 2001459.4969177246
Epoch 86, min : 0.0, max : 0.7540091872215271
This epoch duration :2406.1441102027893
Epoch 86, val-method base, validation accuracy 92.00999450683594, best_prec 92.07999420166016
Epoch 87, l0 norm : 5309691, l1 norm : 2011951.1900634766
Epoch 87, min : 0.0, max : 0.7581832408905029
This epoch duration :2405.8643300533295
Epoch 87, val-method base, validation accuracy 92.13999938964844, best_prec 92.13999938964844
Epoch 88, l0 norm : 5309691, l1 norm : 2022623.6827697754
Epoch 88, min : 0.0, max : 0.7623813152313232
This epoch duration :2403.8246278762817
Epoch 88, val-method base, validation accuracy 91.8699951171875, best_prec 92.13999938964844
Epoch 89, l0 norm : 5309691, l1 norm : 2033300.7702636719
Epoch 89, min : 0.0, max : 0.7665954828262329
This epoch duration :2403.9370810985565
Epoch 89, val-method base, validation accuracy 91.87999725341797, best_prec 92.13999938964844
Epoch 90, l0 norm : 5309691, l1 norm : 2044097.2891845703
Epoch 90, min : 0.0, max : 0.7708207964897156
This epoch duration :2403.4733214378357
Epoch 90, val-method base, validation accuracy 92.00999450683594, best_prec 92.13999938964844
Epoch 91, l0 norm : 5309691, l1 norm : 2054907.5657958984
Epoch 91, min : 0.0, max : 0.7750382423400879
This epoch duration :2405.059068918228
Epoch 91, val-method base, validation accuracy 92.15999603271484, best_prec 92.15999603271484
Epoch 92, l0 norm : 5309691, l1 norm : 2065764.2224731445
Epoch 92, min : 0.0, max : 0.7792506814002991
This epoch duration :2404.4442851543427
Epoch 92, val-method base, validation accuracy 92.04000091552734, best_prec 92.15999603271484
Epoch 93, l0 norm : 5309691, l1 norm : 2076602.3712158203
Epoch 93, min : 0.0, max : 0.783437967300415
This epoch duration :2402.3115305900574
Epoch 93, val-method base, validation accuracy 91.94999694824219, best_prec 92.15999603271484
Epoch 94, l0 norm : 5309691, l1 norm : 2087377.41796875
Epoch 94, min : 0.0, max : 0.7876038551330566
This epoch duration :2403.8385870456696
Epoch 94, val-method base, validation accuracy 91.79000091552734, best_prec 92.15999603271484
Epoch 95, l0 norm : 5309691, l1 norm : 2098106.2827148438
Epoch 95, min : 0.0, max : 0.7917290329933167
This epoch duration :2403.769460916519
Epoch 95, val-method base, validation accuracy 91.81999969482422, best_prec 92.15999603271484
Epoch 96, l0 norm : 5309691, l1 norm : 2108763.089477539
Epoch 96, min : 0.0, max : 0.7958168983459473
This epoch duration :2404.7356612682343
Epoch 96, val-method base, validation accuracy 91.77999877929688, best_prec 92.15999603271484
Epoch 97, l0 norm : 5309691, l1 norm : 2119314.298461914
Epoch 97, min : 0.0, max : 0.7998473048210144
This epoch duration :2405.5906796455383
Epoch 97, val-method base, validation accuracy 91.68999481201172, best_prec 92.15999603271484
Epoch 98, l0 norm : 5309691, l1 norm : 2129719.3294067383
Epoch 98, min : 0.0, max : 0.8038007616996765
This epoch duration :2250.1670005321503
Epoch 98, val-method base, validation accuracy 91.62999725341797, best_prec 92.15999603271484
Epoch 99, l0 norm : 5309691, l1 norm : 2139960.800720215
Epoch 99, min : 0.0, max : 0.8076822757720947
This epoch duration :1456.4739770889282
Epoch 99, val-method base, validation accuracy 91.68000030517578, best_prec 92.15999603271484
