Namespace(configs='configs/CIFAR10/pen_bip_3.yml', result_dir='./trained_models', exp_name='RC_pb3_l6k08', exp_mode='prune', arch='resnet18', num_classes=10, layer_type='unstructured', k=0.8, lambd=0.999999, alpha=1.0, scaled_score_init=True, scale_rand_init=False, freeze_bn=False, source_net='trained_models/CIFAR10_resnet18_Pretrain/pretrain/latest_exp/checkpoint/model_best.pth.tar', scores_init_type=None, dataset='CIFAR10', batch_size=128, num_workers=2, test_batch_size=128, normalize=True, data_dir='./data', image_dim=32, trainer='penalized_bilevel_3', epochs=100, optimizer='sgd', wd=0.0001, mask_lr=0.1, lr=0.1, mask_lr_schedule='step', lr_schedule='cosine', momentum=0.9, warmup_epochs=0, warmup_lr=0.1, save_dense=False, evaluate=False, val_method='base', resume='', seed=1234, print_freq=100, lr2=0.0001, accelerate=False)
=> loading source model from 'trained_models/CIFAR10_resnet18_Pretrain/pretrain/latest_exp/checkpoint/model_best.pth.tar'
=> loaded checkpoint 'trained_models/CIFAR10_resnet18_Pretrain/pretrain/latest_exp/checkpoint/model_best.pth.tar'
Epoch 0, l0 norm : 8038449, l1 norm : 4540553.776123047
Epoch 0, min : 0.0, max : 0.9871258735656738
This epoch duration :2120.9836893081665
Epoch 0, val-method base, validation accuracy 31.92999839782715, best_prec 31.92999839782715
Epoch 1, l0 norm : 8038449, l1 norm : 4439532.625
Epoch 1, min : 0.0, max : 0.9744598865509033
This epoch duration :2390.363662004471
Epoch 1, val-method base, validation accuracy 41.7599983215332, best_prec 41.7599983215332
Epoch 2, l0 norm : 8038449, l1 norm : 4339193.620544434
Epoch 2, min : 0.0, max : 0.9620466828346252
This epoch duration :2393.242070198059
Epoch 2, val-method base, validation accuracy 47.81999969482422, best_prec 47.81999969482422
Epoch 3, l0 norm : 8038449, l1 norm : 4237813.648742676
Epoch 3, min : 0.0, max : 0.9498899579048157
This epoch duration :2392.035096883774
Epoch 3, val-method base, validation accuracy 56.119998931884766, best_prec 56.119998931884766
Epoch 4, l0 norm : 8038449, l1 norm : 4136342.949951172
Epoch 4, min : 0.0, max : 0.9379942417144775
This epoch duration :2391.9799151420593
Epoch 4, val-method base, validation accuracy 56.849998474121094, best_prec 56.849998474121094
Epoch 5, l0 norm : 8038449, l1 norm : 4036476.3204956055
Epoch 5, min : 0.0, max : 0.926362931728363
This epoch duration :2391.3387904167175
Epoch 5, val-method base, validation accuracy 62.59000015258789, best_prec 62.59000015258789
Epoch 6, l0 norm : 8038449, l1 norm : 3939160.1463012695
Epoch 6, min : 0.0, max : 0.9149988889694214
This epoch duration :2391.2241768836975
Epoch 6, val-method base, validation accuracy 62.73999786376953, best_prec 62.73999786376953
Epoch 7, l0 norm : 8038449, l1 norm : 3844687.456237793
Epoch 7, min : 0.0, max : 0.9039047956466675
This epoch duration :2391.06059718132
Epoch 7, val-method base, validation accuracy 65.54999542236328, best_prec 65.54999542236328
Epoch 8, l0 norm : 8038449, l1 norm : 3753172.6751098633
Epoch 8, min : 0.0, max : 0.8930832147598267
This epoch duration :2391.0283024311066
Epoch 8, val-method base, validation accuracy 67.36000061035156, best_prec 67.36000061035156
Epoch 9, l0 norm : 8038449, l1 norm : 3665896.8506469727
Epoch 9, min : 0.0, max : 0.8825358152389526
This epoch duration :2392.893790960312
Epoch 9, val-method base, validation accuracy 67.1199951171875, best_prec 67.36000061035156
Epoch 10, l0 norm : 8038449, l1 norm : 3582152.4416503906
Epoch 10, min : 0.0, max : 0.8722634315490723
This epoch duration :2391.930594921112
Epoch 10, val-method base, validation accuracy 68.56999969482422, best_prec 68.56999969482422
Epoch 11, l0 norm : 8038449, l1 norm : 3501193.355407715
Epoch 11, min : 0.0, max : 0.8622668981552124
This epoch duration :2392.0765376091003
Epoch 11, val-method base, validation accuracy 70.97999572753906, best_prec 70.97999572753906
Epoch 12, l0 norm : 8038449, l1 norm : 3424774.713745117
Epoch 12, min : 0.0, max : 0.8525470495223999
This epoch duration :2392.1022551059723
Epoch 12, val-method base, validation accuracy 72.8699951171875, best_prec 72.8699951171875
Epoch 13, l0 norm : 8038449, l1 norm : 3352125.378112793
Epoch 13, min : 0.0, max : 0.8431037068367004
This epoch duration :2390.181189060211
Epoch 13, val-method base, validation accuracy 74.48999786376953, best_prec 74.48999786376953
Epoch 14, l0 norm : 8038449, l1 norm : 3282311.9665527344
Epoch 14, min : 0.0, max : 0.8339367508888245
This epoch duration :2391.788770675659
Epoch 14, val-method base, validation accuracy 73.79999542236328, best_prec 74.48999786376953
Epoch 15, l0 norm : 8038449, l1 norm : 3215686.845275879
Epoch 15, min : 0.0, max : 0.8250459432601929
This epoch duration :2391.611876487732
Epoch 15, val-method base, validation accuracy 75.73999786376953, best_prec 75.73999786376953
Epoch 16, l0 norm : 8038449, l1 norm : 3151591.770629883
Epoch 16, min : 0.0, max : 0.8164296746253967
This epoch duration :2390.088474035263
Epoch 16, val-method base, validation accuracy 76.8699951171875, best_prec 76.8699951171875
Epoch 17, l0 norm : 8038449, l1 norm : 3091253.2532958984
Epoch 17, min : 0.0, max : 0.8080877661705017
This epoch duration :2391.7612149715424
Epoch 17, val-method base, validation accuracy 79.61000061035156, best_prec 79.61000061035156
Epoch 18, l0 norm : 8038449, l1 norm : 3033475.8216552734
Epoch 18, min : 0.0, max : 0.8000186085700989
This epoch duration :2390.2569284439087
Epoch 18, val-method base, validation accuracy 80.43000030517578, best_prec 80.43000030517578
Epoch 19, l0 norm : 8038449, l1 norm : 2978400.887939453
Epoch 19, min : 0.0, max : 0.7922207713127136
This epoch duration :2391.531673192978
Epoch 19, val-method base, validation accuracy 81.36000061035156, best_prec 81.36000061035156
Epoch 20, l0 norm : 8038449, l1 norm : 2926385.1328125
Epoch 20, min : 0.0, max : 0.7846932411193848
This epoch duration :2390.9016711711884
Epoch 20, val-method base, validation accuracy 81.12999725341797, best_prec 81.36000061035156
Epoch 21, l0 norm : 8038449, l1 norm : 2876381.984069824
Epoch 21, min : 0.0, max : 0.7774331569671631
This epoch duration :2391.644915819168
Epoch 21, val-method base, validation accuracy 81.77999877929688, best_prec 81.77999877929688
Epoch 22, l0 norm : 8038449, l1 norm : 2828591.4970703125
Epoch 22, min : 0.0, max : 0.7704387307167053
This epoch duration :2391.6446759700775
Epoch 22, val-method base, validation accuracy 81.29000091552734, best_prec 81.77999877929688
Epoch 23, l0 norm : 8038449, l1 norm : 2782875.109375
Epoch 23, min : 0.0, max : 0.7637078762054443
This epoch duration :2391.6288797855377
Epoch 23, val-method base, validation accuracy 83.54999542236328, best_prec 83.54999542236328
Epoch 24, l0 norm : 8038449, l1 norm : 2739703.4630126953
Epoch 24, min : 0.0, max : 0.757239043712616
This epoch duration :2390.82492518425
Epoch 24, val-method base, validation accuracy 81.97999572753906, best_prec 83.54999542236328
Epoch 25, l0 norm : 8038449, l1 norm : 2697868.1393432617
Epoch 25, min : 0.0, max : 0.7510285973548889
This epoch duration :2390.16485786438
Epoch 25, val-method base, validation accuracy 84.23999786376953, best_prec 84.23999786376953
Epoch 26, l0 norm : 8038449, l1 norm : 2658459.83404541
Epoch 26, min : 0.0, max : 0.7450751066207886
This epoch duration :2391.863869667053
Epoch 26, val-method base, validation accuracy 82.9000015258789, best_prec 84.23999786376953
Epoch 27, l0 norm : 8038449, l1 norm : 2620598.1361083984
Epoch 27, min : 0.0, max : 0.739375650882721
This epoch duration :2391.0625932216644
Epoch 27, val-method base, validation accuracy 83.54999542236328, best_prec 84.23999786376953
Epoch 28, l0 norm : 8038449, l1 norm : 2585178.6397094727
Epoch 28, min : 0.0, max : 0.7339282631874084
This epoch duration :2392.4010231494904
Epoch 28, val-method base, validation accuracy 85.04000091552734, best_prec 85.04000091552734
Epoch 29, l0 norm : 8038449, l1 norm : 2551193.3731384277
Epoch 29, min : 0.0, max : 0.7287293076515198
This epoch duration :2392.753530740738
Epoch 29, val-method base, validation accuracy 85.20999908447266, best_prec 85.20999908447266
Epoch 30, l0 norm : 8038449, l1 norm : 2519334.970397949
Epoch 30, min : 0.0, max : 0.7237764000892639
This epoch duration :2423.7791657447815
Epoch 30, val-method base, validation accuracy 85.47000122070312, best_prec 85.47000122070312
Epoch 31, l0 norm : 8038449, l1 norm : 2488632.4270629883
Epoch 31, min : 0.0, max : 0.7190676331520081
This epoch duration :2423.4769299030304
Epoch 31, val-method base, validation accuracy 85.72000122070312, best_prec 85.72000122070312
Epoch 32, l0 norm : 8038449, l1 norm : 2459964.1525268555
Epoch 32, min : 0.0, max : 0.7145993113517761
This epoch duration :2424.162650823593
Epoch 32, val-method base, validation accuracy 86.32999420166016, best_prec 86.32999420166016
Epoch 33, l0 norm : 8038449, l1 norm : 2432239.625732422
Epoch 33, min : 0.0, max : 0.7103691697120667
This epoch duration :2424.5048134326935
Epoch 33, val-method base, validation accuracy 86.79000091552734, best_prec 86.79000091552734
Epoch 34, l0 norm : 8038449, l1 norm : 2406114.63772583
Epoch 34, min : 0.0, max : 0.7063747048377991
This epoch duration :2422.5039978027344
Epoch 34, val-method base, validation accuracy 86.72999572753906, best_prec 86.79000091552734
Epoch 35, l0 norm : 8038449, l1 norm : 2380989.7115478516
Epoch 35, min : 0.0, max : 0.7026122212409973
This epoch duration :2423.749259710312
Epoch 35, val-method base, validation accuracy 88.3699951171875, best_prec 88.3699951171875
Epoch 36, l0 norm : 8038449, l1 norm : 2357309.6256713867
Epoch 36, min : 0.0, max : 0.6990800499916077
This epoch duration :2425.388737678528
Epoch 36, val-method base, validation accuracy 87.19999694824219, best_prec 88.3699951171875
Epoch 37, l0 norm : 8038449, l1 norm : 2334946.7416381836
Epoch 37, min : 0.0, max : 0.6957751512527466
This epoch duration :2404.550879716873
Epoch 37, val-method base, validation accuracy 87.43000030517578, best_prec 88.3699951171875
Epoch 38, l0 norm : 8038449, l1 norm : 2313816.3052978516
Epoch 38, min : 0.0, max : 0.6926953792572021
This epoch duration :2391.4110009670258
Epoch 38, val-method base, validation accuracy 87.04000091552734, best_prec 88.3699951171875
Epoch 39, l0 norm : 8038449, l1 norm : 2294421.300842285
Epoch 39, min : 0.0, max : 0.6898365020751953
This epoch duration :2390.279229402542
Epoch 39, val-method base, validation accuracy 87.8699951171875, best_prec 88.3699951171875
Epoch 40, l0 norm : 8038449, l1 norm : 2275869.0208129883
Epoch 40, min : 0.0, max : 0.6871964931488037
This epoch duration :2391.915680885315
Epoch 40, val-method base, validation accuracy 88.5999984741211, best_prec 88.5999984741211
Epoch 41, l0 norm : 8038449, l1 norm : 2258533.787902832
Epoch 41, min : 0.0, max : 0.6847736239433289
This epoch duration :2391.9588780403137
Epoch 41, val-method base, validation accuracy 88.29999542236328, best_prec 88.5999984741211
Epoch 42, l0 norm : 8038449, l1 norm : 2241964.168762207
Epoch 42, min : 0.0, max : 0.6825636029243469
This epoch duration :2392.6902656555176
Epoch 42, val-method base, validation accuracy 88.94999694824219, best_prec 88.94999694824219
Epoch 43, l0 norm : 8038449, l1 norm : 2226876.374206543
Epoch 43, min : 0.0, max : 0.6805644631385803
This epoch duration :2390.6422834396362
Epoch 43, val-method base, validation accuracy 88.27999877929688, best_prec 88.94999694824219
Epoch 44, l0 norm : 8038449, l1 norm : 2212223.441345215
Epoch 44, min : 0.0, max : 0.6787753701210022
This epoch duration :2388.301916360855
Epoch 44, val-method base, validation accuracy 89.12999725341797, best_prec 89.12999725341797
Epoch 45, l0 norm : 8038449, l1 norm : 2198932.3312683105
Epoch 45, min : 0.0, max : 0.6771896481513977
This epoch duration :2388.5328800678253
Epoch 45, val-method base, validation accuracy 89.02999877929688, best_prec 89.12999725341797
Epoch 46, l0 norm : 8038449, l1 norm : 2186690.2507019043
Epoch 46, min : 0.0, max : 0.6758072972297668
This epoch duration :2391.39577460289
Epoch 46, val-method base, validation accuracy 89.23999786376953, best_prec 89.23999786376953
Epoch 47, l0 norm : 8038449, l1 norm : 2175721.2966918945
Epoch 47, min : 0.0, max : 0.6746261715888977
This epoch duration :2391.6686584949493
Epoch 47, val-method base, validation accuracy 89.62999725341797, best_prec 89.62999725341797
Epoch 48, l0 norm : 8038449, l1 norm : 2165368.586303711
Epoch 48, min : 0.0, max : 0.6736429929733276
This epoch duration :2391.5520799160004
Epoch 48, val-method base, validation accuracy 89.00999450683594, best_prec 89.62999725341797
Epoch 49, l0 norm : 8038449, l1 norm : 2156133.8217163086
Epoch 49, min : 0.0, max : 0.6728583574295044
This epoch duration :2390.734823703766
Epoch 49, val-method base, validation accuracy 89.32999420166016, best_prec 89.62999725341797
Epoch 50, l0 norm : 8038449, l1 norm : 2147864.540588379
Epoch 50, min : 0.0, max : 0.6722628474235535
This epoch duration :2390.4649319648743
Epoch 50, val-method base, validation accuracy 89.27999877929688, best_prec 89.62999725341797
Epoch 51, l0 norm : 8038449, l1 norm : 2140580.8052978516
Epoch 51, min : 0.0, max : 0.6718539595603943
This epoch duration :2390.2042424678802
Epoch 51, val-method base, validation accuracy 89.16999816894531, best_prec 89.62999725341797
Epoch 52, l0 norm : 8038449, l1 norm : 2133315.5437927246
Epoch 52, min : 0.0, max : 0.6716342568397522
This epoch duration :2391.061094760895
Epoch 52, val-method base, validation accuracy 89.3699951171875, best_prec 89.62999725341797
Epoch 53, l0 norm : 8038449, l1 norm : 2128031.9048461914
Epoch 53, min : 0.0, max : 0.6716037392616272
This epoch duration :2391.143981218338
Epoch 53, val-method base, validation accuracy 88.56999969482422, best_prec 89.62999725341797
Epoch 54, l0 norm : 8038449, l1 norm : 2123364.936706543
Epoch 54, min : 0.0, max : 0.6717644333839417
This epoch duration :2391.2569587230682
Epoch 54, val-method base, validation accuracy 89.75999450683594, best_prec 89.75999450683594
Epoch 55, l0 norm : 8038449, l1 norm : 2118597.598022461
Epoch 55, min : 0.0, max : 0.6720970273017883
This epoch duration :2391.503719329834
Epoch 55, val-method base, validation accuracy 90.48999786376953, best_prec 90.48999786376953
Epoch 56, l0 norm : 8038449, l1 norm : 2114722.1557006836
Epoch 56, min : 0.0, max : 0.6726017594337463
This epoch duration :2390.9214446544647
Epoch 56, val-method base, validation accuracy 89.68000030517578, best_prec 90.48999786376953
Epoch 57, l0 norm : 8038449, l1 norm : 2111771.5980529785
Epoch 57, min : 0.0, max : 0.6732814311981201
This epoch duration :2392.0181093215942
Epoch 57, val-method base, validation accuracy 88.43000030517578, best_prec 90.48999786376953
Epoch 58, l0 norm : 8038449, l1 norm : 2110166.284210205
Epoch 58, min : 0.0, max : 0.6741353273391724
This epoch duration :2390.6282951831818
Epoch 58, val-method base, validation accuracy 90.18000030517578, best_prec 90.48999786376953
Epoch 59, l0 norm : 8038449, l1 norm : 2108785.6278381348
Epoch 59, min : 0.0, max : 0.675166130065918
This epoch duration :2392.5738854408264
Epoch 59, val-method base, validation accuracy 90.2699966430664, best_prec 90.48999786376953
Epoch 60, l0 norm : 8038449, l1 norm : 2108249.6133117676
Epoch 60, min : 0.0, max : 0.6763581037521362
This epoch duration :2393.2775704860687
Epoch 60, val-method base, validation accuracy 90.70999908447266, best_prec 90.70999908447266
Epoch 61, l0 norm : 8038449, l1 norm : 2108165.7454833984
Epoch 61, min : 0.0, max : 0.6777150630950928
This epoch duration :2392.4444847106934
Epoch 61, val-method base, validation accuracy 90.75, best_prec 90.75
Epoch 62, l0 norm : 8038449, l1 norm : 2108591.9172973633
Epoch 62, min : 0.0, max : 0.6792336702346802
This epoch duration :2393.0881690979004
Epoch 62, val-method base, validation accuracy 90.79999542236328, best_prec 90.79999542236328
Epoch 63, l0 norm : 8038449, l1 norm : 2109794.347137451
Epoch 63, min : 0.0, max : 0.680908739566803
This epoch duration :2393.187770843506
Epoch 63, val-method base, validation accuracy 91.0, best_prec 91.0
Epoch 64, l0 norm : 8038449, l1 norm : 2111113.4449157715
Epoch 64, min : 0.0, max : 0.6827387809753418
This epoch duration :2393.535947561264
Epoch 64, val-method base, validation accuracy 91.58999633789062, best_prec 91.58999633789062
Epoch 65, l0 norm : 8038449, l1 norm : 2113097.0961608887
Epoch 65, min : 0.0, max : 0.6847202777862549
This epoch duration :2393.6231577396393
Epoch 65, val-method base, validation accuracy 90.97000122070312, best_prec 91.58999633789062
Epoch 66, l0 norm : 8038449, l1 norm : 2115741.1447753906
Epoch 66, min : 0.0, max : 0.6868506073951721
This epoch duration :2391.8149647712708
Epoch 66, val-method base, validation accuracy 90.81999969482422, best_prec 91.58999633789062
Epoch 67, l0 norm : 8038449, l1 norm : 2118535.579803467
Epoch 67, min : 0.0, max : 0.6891250610351562
This epoch duration :2393.9120774269104
Epoch 67, val-method base, validation accuracy 91.23999786376953, best_prec 91.58999633789062
Epoch 68, l0 norm : 8038449, l1 norm : 2121840.495452881
Epoch 68, min : 0.0, max : 0.6915406584739685
This epoch duration :2422.9208374023438
Epoch 68, val-method base, validation accuracy 91.05999755859375, best_prec 91.58999633789062
Epoch 69, l0 norm : 8038449, l1 norm : 2125406.1389160156
Epoch 69, min : 0.0, max : 0.6940919160842896
This epoch duration :2420.450364112854
Epoch 69, val-method base, validation accuracy 91.54999542236328, best_prec 91.58999633789062
Epoch 70, l0 norm : 8038449, l1 norm : 2128687.257232666
Epoch 70, min : 0.0, max : 0.6967814564704895
This epoch duration :2413.6077160835266
Epoch 70, val-method base, validation accuracy 91.18000030517578, best_prec 91.58999633789062
Epoch 71, l0 norm : 8038449, l1 norm : 2133140.1198425293
Epoch 71, min : 0.0, max : 0.6995996236801147
This epoch duration :2389.8820633888245
Epoch 71, val-method base, validation accuracy 91.20999908447266, best_prec 91.58999633789062
Epoch 72, l0 norm : 8038449, l1 norm : 2137409.209289551
Epoch 72, min : 0.0, max : 0.7025408148765564
This epoch duration :2415.442347049713
Epoch 72, val-method base, validation accuracy 91.75999450683594, best_prec 91.75999450683594
Epoch 73, l0 norm : 8038449, l1 norm : 2141938.2929382324
Epoch 73, min : 0.0, max : 0.7056037783622742
This epoch duration :2421.373180627823
Epoch 73, val-method base, validation accuracy 91.48999786376953, best_prec 91.75999450683594
Epoch 74, l0 norm : 8038449, l1 norm : 2147300.3455810547
Epoch 74, min : 0.0, max : 0.7087807059288025
This epoch duration :2421.7241671085358
Epoch 74, val-method base, validation accuracy 91.8699951171875, best_prec 91.8699951171875
Epoch 75, l0 norm : 8038449, l1 norm : 2152148.3447265625
Epoch 75, min : 0.0, max : 0.7120702266693115
This epoch duration :2390.0598952770233
Epoch 75, val-method base, validation accuracy 91.54000091552734, best_prec 91.8699951171875
Epoch 76, l0 norm : 8038449, l1 norm : 2157594.054260254
Epoch 76, min : 0.0, max : 0.7154667973518372
This epoch duration :2391.129738807678
Epoch 76, val-method base, validation accuracy 92.08999633789062, best_prec 92.08999633789062
Epoch 77, l0 norm : 8038449, l1 norm : 2163083.8061523438
Epoch 77, min : 0.0, max : 0.7189657092094421
This epoch duration :2387.857218980789
Epoch 77, val-method base, validation accuracy 91.55999755859375, best_prec 92.08999633789062
Epoch 78, l0 norm : 8038449, l1 norm : 2168553.1534729004
Epoch 78, min : 0.0, max : 0.7225605249404907
This epoch duration :2391.0118021965027
Epoch 78, val-method base, validation accuracy 92.14999389648438, best_prec 92.14999389648438
Epoch 79, l0 norm : 8038449, l1 norm : 2173789.1861572266
Epoch 79, min : 0.0, max : 0.7262445688247681
This epoch duration :2388.9529387950897
Epoch 79, val-method base, validation accuracy 92.0999984741211, best_prec 92.14999389648438
Epoch 80, l0 norm : 8038449, l1 norm : 2179780.9329833984
Epoch 80, min : 0.0, max : 0.7300154566764832
This epoch duration :2387.5945608615875
Epoch 80, val-method base, validation accuracy 92.14999389648438, best_prec 92.14999389648438
Epoch 81, l0 norm : 8038449, l1 norm : 2185053.639770508
Epoch 81, min : 0.0, max : 0.7338649034500122
This epoch duration :2388.090810060501
Epoch 81, val-method base, validation accuracy 92.07999420166016, best_prec 92.14999389648438
Epoch 82, l0 norm : 8038449, l1 norm : 2190942.8301086426
Epoch 82, min : 0.0, max : 0.7377775311470032
This epoch duration :2387.9305851459503
Epoch 82, val-method base, validation accuracy 92.14999389648438, best_prec 92.14999389648438
Epoch 83, l0 norm : 8038449, l1 norm : 2196011.735107422
Epoch 83, min : 0.0, max : 0.7417574524879456
This epoch duration :2391.368777513504
Epoch 83, val-method base, validation accuracy 92.32999420166016, best_prec 92.32999420166016
Epoch 84, l0 norm : 8038449, l1 norm : 2200984.421356201
Epoch 84, min : 0.0, max : 0.7457944750785828
This epoch duration :2389.787486076355
Epoch 84, val-method base, validation accuracy 92.23999786376953, best_prec 92.32999420166016
Epoch 85, l0 norm : 8038449, l1 norm : 2206501.8057250977
Epoch 85, min : 0.0, max : 0.7498816251754761
This epoch duration :2388.686937570572
Epoch 85, val-method base, validation accuracy 92.04999542236328, best_prec 92.32999420166016
Epoch 86, l0 norm : 8038449, l1 norm : 2211866.6135253906
Epoch 86, min : 0.0, max : 0.7540091872215271
This epoch duration :2391.664400100708
Epoch 86, val-method base, validation accuracy 92.25999450683594, best_prec 92.32999420166016
Epoch 87, l0 norm : 8038449, l1 norm : 2216861.334777832
Epoch 87, min : 0.0, max : 0.7581832408905029
This epoch duration :2390.975808620453
Epoch 87, val-method base, validation accuracy 92.37999725341797, best_prec 92.37999725341797
Epoch 88, l0 norm : 8038449, l1 norm : 2221857.017150879
Epoch 88, min : 0.0, max : 0.7623813152313232
This epoch duration :2389.856761455536
Epoch 88, val-method base, validation accuracy 92.36000061035156, best_prec 92.37999725341797
Epoch 89, l0 norm : 8038449, l1 norm : 2227427.7066955566
Epoch 89, min : 0.0, max : 0.7665954828262329
This epoch duration :2391.7043714523315
Epoch 89, val-method base, validation accuracy 92.31999969482422, best_prec 92.37999725341797
Epoch 90, l0 norm : 8038449, l1 norm : 2233727.939819336
Epoch 90, min : 0.0, max : 0.7708207964897156
This epoch duration :2390.0698161125183
Epoch 90, val-method base, validation accuracy 92.22000122070312, best_prec 92.37999725341797
Epoch 91, l0 norm : 8038449, l1 norm : 2240216.4498291016
Epoch 91, min : 0.0, max : 0.7750382423400879
This epoch duration :2390.2980573177338
Epoch 91, val-method base, validation accuracy 92.36000061035156, best_prec 92.37999725341797
Epoch 92, l0 norm : 8038449, l1 norm : 2247358.3724365234
Epoch 92, min : 0.0, max : 0.7792506814002991
This epoch duration :2390.205671072006
Epoch 92, val-method base, validation accuracy 92.13999938964844, best_prec 92.37999725341797
Epoch 93, l0 norm : 8038449, l1 norm : 2254643.8016967773
Epoch 93, min : 0.0, max : 0.783437967300415
This epoch duration :2393.1129970550537
Epoch 93, val-method base, validation accuracy 92.12999725341797, best_prec 92.37999725341797
Epoch 94, l0 norm : 8038449, l1 norm : 2262612.22467041
Epoch 94, min : 0.0, max : 0.7876038551330566
This epoch duration :2391.677771091461
Epoch 94, val-method base, validation accuracy 92.07999420166016, best_prec 92.37999725341797
Epoch 95, l0 norm : 8038449, l1 norm : 2270561.9523620605
Epoch 95, min : 0.0, max : 0.7917290329933167
This epoch duration :2392.8596794605255
Epoch 95, val-method base, validation accuracy 91.8499984741211, best_prec 92.37999725341797
Epoch 96, l0 norm : 8038449, l1 norm : 2278895.589324951
Epoch 96, min : 0.0, max : 0.7958168983459473
This epoch duration :2391.4427223205566
Epoch 96, val-method base, validation accuracy 92.11000061035156, best_prec 92.37999725341797
Epoch 97, l0 norm : 8038449, l1 norm : 2288151.665649414
Epoch 97, min : 0.0, max : 0.7998473048210144
This epoch duration :2390.531308412552
Epoch 97, val-method base, validation accuracy 92.0199966430664, best_prec 92.37999725341797
Epoch 98, l0 norm : 8038449, l1 norm : 2297686.672302246
Epoch 98, min : 0.0, max : 0.8038007616996765
This epoch duration :2390.8467547893524
Epoch 98, val-method base, validation accuracy 92.07999420166016, best_prec 92.37999725341797
Epoch 99, l0 norm : 8038449, l1 norm : 2307699.9838867188
Epoch 99, min : 0.0, max : 0.8076822757720947
This epoch duration :2081.2030477523804
Epoch 99, val-method base, validation accuracy 91.90999603271484, best_prec 92.37999725341797
