Namespace(configs='configs/CIFAR10/pen_bip_1.yml', result_dir='./trained_models', exp_name='RC_pb1_l8a1', exp_mode='prune', arch='resnet18', num_classes=10, layer_type='unstructured', k=None, lambd=0.99999999, alpha=1.0, scaled_score_init=True, scale_rand_init=False, freeze_bn=False, source_net='trained_models/CIFAR10_resnet18_Pretrain/pretrain/latest_exp/checkpoint/model_best.pth.tar', scores_init_type=None, dataset='CIFAR10', batch_size=128, num_workers=2, test_batch_size=128, normalize=True, data_dir='./data', image_dim=32, trainer='penalized_bilevel_1', epochs=100, optimizer='sgd', wd=0.0001, mask_lr=0.1, lr=0.1, mask_lr_schedule='step', lr_schedule='cosine', momentum=0.9, warmup_epochs=0, warmup_lr=0.1, save_dense=False, evaluate=False, val_method='base', resume='', seed=1234, print_freq=100, lr2=0.0001, accelerate=False)
=> loading source model from 'trained_models/CIFAR10_resnet18_Pretrain/pretrain/latest_exp/checkpoint/model_best.pth.tar'
=> loaded checkpoint 'trained_models/CIFAR10_resnet18_Pretrain/pretrain/latest_exp/checkpoint/model_best.pth.tar'
Epoch 0, l0 norm : 3572115, l1 norm : 1671448.0867004395
Epoch 0, min : 0.0, max : 0.8707391619682312
This epoch duration :1648.0133154392242
Epoch 0, val-method base, validation accuracy 32.65999984741211, best_prec 32.65999984741211
Epoch 1, l0 norm : 3572115, l1 norm : 1676398.0142974854
Epoch 1, min : 0.0, max : 0.7168963551521301
This epoch duration :2124.222147703171
Epoch 1, val-method base, validation accuracy 43.27000045776367, best_prec 43.27000045776367
Epoch 2, l0 norm : 3572115, l1 norm : 1667623.4707641602
Epoch 2, min : 0.0, max : 0.624245285987854
This epoch duration :2140.427730321884
Epoch 2, val-method base, validation accuracy 53.0, best_prec 53.0
Epoch 3, l0 norm : 3572115, l1 norm : 1650721.1615371704
Epoch 3, min : 0.0, max : 0.577523410320282
This epoch duration :2140.291697025299
Epoch 3, val-method base, validation accuracy 58.62999725341797, best_prec 58.62999725341797
Epoch 4, l0 norm : 3572115, l1 norm : 1631871.1645736694
Epoch 4, min : 0.0, max : 0.5656738877296448
This epoch duration :2139.2789809703827
Epoch 4, val-method base, validation accuracy 61.73999786376953, best_prec 61.73999786376953
Epoch 5, l0 norm : 3572115, l1 norm : 1612800.6306610107
Epoch 5, min : 0.0, max : 0.5514549016952515
This epoch duration :2140.8251814842224
Epoch 5, val-method base, validation accuracy 66.5999984741211, best_prec 66.5999984741211
Epoch 6, l0 norm : 3572115, l1 norm : 1593551.7092666626
Epoch 6, min : 0.0, max : 0.5225757956504822
This epoch duration :2141.122463464737
Epoch 6, val-method base, validation accuracy 65.22999572753906, best_prec 66.5999984741211
Epoch 7, l0 norm : 3572115, l1 norm : 1574478.8710021973
Epoch 7, min : 0.0, max : 0.5190804600715637
This epoch duration :2139.8085503578186
Epoch 7, val-method base, validation accuracy 66.08999633789062, best_prec 66.5999984741211
Epoch 8, l0 norm : 3572115, l1 norm : 1555798.1010894775
Epoch 8, min : 0.0, max : 0.5152907371520996
This epoch duration :2139.354402065277
Epoch 8, val-method base, validation accuracy 68.52999877929688, best_prec 68.52999877929688
Epoch 9, l0 norm : 3572115, l1 norm : 1537394.3582229614
Epoch 9, min : 0.0, max : 0.5039796829223633
This epoch duration :2140.300948858261
Epoch 9, val-method base, validation accuracy 75.02999877929688, best_prec 75.02999877929688
Epoch 10, l0 norm : 3572115, l1 norm : 1519492.803100586
Epoch 10, min : 0.0, max : 0.4945452809333801
This epoch duration :2140.6273126602173
Epoch 10, val-method base, validation accuracy 75.1500015258789, best_prec 75.1500015258789
Epoch 11, l0 norm : 3572115, l1 norm : 1502120.355003357
Epoch 11, min : 0.0, max : 0.4878864288330078
This epoch duration :2141.783178329468
Epoch 11, val-method base, validation accuracy 76.83999633789062, best_prec 76.83999633789062
Epoch 12, l0 norm : 3572115, l1 norm : 1485136.9233398438
Epoch 12, min : 0.0, max : 0.48562851548194885
This epoch duration :2141.7093317508698
Epoch 12, val-method base, validation accuracy 77.5, best_prec 77.5
Epoch 13, l0 norm : 3572115, l1 norm : 1468671.3610916138
Epoch 13, min : 0.0, max : 0.4833991229534149
This epoch duration :2142.3935685157776
Epoch 13, val-method base, validation accuracy 78.44999694824219, best_prec 78.44999694824219
Epoch 14, l0 norm : 3572115, l1 norm : 1452692.2411727905
Epoch 14, min : 0.0, max : 0.47842538356781006
This epoch duration :2141.6273159980774
Epoch 14, val-method base, validation accuracy 78.0199966430664, best_prec 78.44999694824219
Epoch 15, l0 norm : 3572115, l1 norm : 1437204.2273712158
Epoch 15, min : 0.0, max : 0.47148066759109497
This epoch duration :2142.520201921463
Epoch 15, val-method base, validation accuracy 80.40999603271484, best_prec 80.40999603271484
Epoch 16, l0 norm : 3572115, l1 norm : 1422111.3807296753
Epoch 16, min : 0.0, max : 0.4649752378463745
This epoch duration :2142.316474676132
Epoch 16, val-method base, validation accuracy 79.22000122070312, best_prec 80.40999603271484
Epoch 17, l0 norm : 3572115, l1 norm : 1407522.202041626
Epoch 17, min : 0.0, max : 0.45830652117729187
This epoch duration :2143.175375699997
Epoch 17, val-method base, validation accuracy 80.56999969482422, best_prec 80.56999969482422
Epoch 18, l0 norm : 3572115, l1 norm : 1393418.6371765137
Epoch 18, min : 0.0, max : 0.45442140102386475
This epoch duration :2142.855534553528
Epoch 18, val-method base, validation accuracy 83.0199966430664, best_prec 83.0199966430664
Epoch 19, l0 norm : 3572115, l1 norm : 1379780.7604522705
Epoch 19, min : 0.0, max : 0.4493761956691742
This epoch duration :2143.3368062973022
Epoch 19, val-method base, validation accuracy 82.11000061035156, best_prec 83.0199966430664
Epoch 20, l0 norm : 3572115, l1 norm : 1366623.2907028198
Epoch 20, min : 0.0, max : 0.4374713599681854
This epoch duration :2144.3566765785217
Epoch 20, val-method base, validation accuracy 83.15999603271484, best_prec 83.15999603271484
Epoch 21, l0 norm : 3572115, l1 norm : 1353961.473083496
Epoch 21, min : 0.0, max : 0.4325866997241974
This epoch duration :2143.3596620559692
Epoch 21, val-method base, validation accuracy 83.55999755859375, best_prec 83.55999755859375
Epoch 22, l0 norm : 3572115, l1 norm : 1341726.893371582
Epoch 22, min : 0.0, max : 0.42972084879875183
This epoch duration :2144.0939230918884
Epoch 22, val-method base, validation accuracy 83.3699951171875, best_prec 83.55999755859375
Epoch 23, l0 norm : 3572115, l1 norm : 1329959.5424346924
Epoch 23, min : 0.0, max : 0.43033453822135925
This epoch duration :2143.6578924655914
Epoch 23, val-method base, validation accuracy 85.15999603271484, best_prec 85.15999603271484
Epoch 24, l0 norm : 3572115, l1 norm : 1318662.7562713623
Epoch 24, min : 0.0, max : 0.430698037147522
This epoch duration :2143.1638762950897
Epoch 24, val-method base, validation accuracy 84.48999786376953, best_prec 85.15999603271484
Epoch 25, l0 norm : 3572115, l1 norm : 1307832.2987060547
Epoch 25, min : 0.0, max : 0.42985841631889343
This epoch duration :2142.8935272693634
Epoch 25, val-method base, validation accuracy 85.33999633789062, best_prec 85.33999633789062
Epoch 26, l0 norm : 3572115, l1 norm : 1297414.0736999512
Epoch 26, min : 0.0, max : 0.4290190637111664
This epoch duration :2142.414801836014
Epoch 26, val-method base, validation accuracy 85.40999603271484, best_prec 85.40999603271484
Epoch 27, l0 norm : 3572115, l1 norm : 1287452.1484069824
Epoch 27, min : 0.0, max : 0.4290573000907898
This epoch duration :2140.918356657028
Epoch 27, val-method base, validation accuracy 84.75, best_prec 85.40999603271484
Epoch 28, l0 norm : 3572115, l1 norm : 1277942.042022705
Epoch 28, min : 0.0, max : 0.4254658818244934
This epoch duration :2148.40701007843
Epoch 28, val-method base, validation accuracy 86.94999694824219, best_prec 86.94999694824219
Epoch 29, l0 norm : 3572115, l1 norm : 1268866.2484664917
Epoch 29, min : 0.0, max : 0.4226512610912323
This epoch duration :2150.925348520279
Epoch 29, val-method base, validation accuracy 86.5999984741211, best_prec 86.94999694824219
Epoch 30, l0 norm : 3572115, l1 norm : 1260244.7048873901
Epoch 30, min : 0.0, max : 0.42017608880996704
This epoch duration :2151.8920261859894
Epoch 30, val-method base, validation accuracy 86.48999786376953, best_prec 86.94999694824219
Epoch 31, l0 norm : 3572115, l1 norm : 1252046.64453125
Epoch 31, min : 0.0, max : 0.4166688323020935
This epoch duration :2148.999892473221
Epoch 31, val-method base, validation accuracy 85.94999694824219, best_prec 86.94999694824219
Epoch 32, l0 norm : 3572115, l1 norm : 1244283.2722625732
Epoch 32, min : 0.0, max : 0.41536080837249756
This epoch duration :2140.3381752967834
Epoch 32, val-method base, validation accuracy 86.88999938964844, best_prec 86.94999694824219
Epoch 33, l0 norm : 3572115, l1 norm : 1236919.4656982422
Epoch 33, min : 0.0, max : 0.4158307909965515
This epoch duration :2142.1260488033295
Epoch 33, val-method base, validation accuracy 87.20999908447266, best_prec 87.20999908447266
Epoch 34, l0 norm : 3572115, l1 norm : 1229972.1260375977
Epoch 34, min : 0.0, max : 0.4148051142692566
This epoch duration :2150.423411130905
Epoch 34, val-method base, validation accuracy 87.1199951171875, best_prec 87.20999908447266
Epoch 35, l0 norm : 3572115, l1 norm : 1223425.8956222534
Epoch 35, min : 0.0, max : 0.41365161538124084
This epoch duration :2152.4763128757477
Epoch 35, val-method base, validation accuracy 88.04000091552734, best_prec 88.04000091552734
Epoch 36, l0 norm : 3572115, l1 norm : 1217289.1436309814
Epoch 36, min : 0.0, max : 0.4125882089138031
This epoch duration :2151.3612163066864
Epoch 36, val-method base, validation accuracy 88.3499984741211, best_prec 88.3499984741211
Epoch 37, l0 norm : 3572115, l1 norm : 1211543.2491455078
Epoch 37, min : 0.0, max : 0.4105367660522461
This epoch duration :2147.9105162620544
Epoch 37, val-method base, validation accuracy 87.58999633789062, best_prec 88.3499984741211
Epoch 38, l0 norm : 3572115, l1 norm : 1206175.3982162476
Epoch 38, min : 0.0, max : 0.4113149046897888
This epoch duration :2146.6328723430634
Epoch 38, val-method base, validation accuracy 88.13999938964844, best_prec 88.3499984741211
Epoch 39, l0 norm : 3572115, l1 norm : 1201215.8347473145
Epoch 39, min : 0.0, max : 0.410986989736557
This epoch duration :2151.0645377635956
Epoch 39, val-method base, validation accuracy 87.77999877929688, best_prec 88.3499984741211
Epoch 40, l0 norm : 3572115, l1 norm : 1196621.5848083496
Epoch 40, min : 0.0, max : 0.410384863615036
This epoch duration :2151.1201045513153
Epoch 40, val-method base, validation accuracy 88.37999725341797, best_prec 88.37999725341797
Epoch 41, l0 norm : 3572115, l1 norm : 1192379.587173462
Epoch 41, min : 0.0, max : 0.4116213321685791
This epoch duration :2146.7896933555603
Epoch 41, val-method base, validation accuracy 88.54000091552734, best_prec 88.54000091552734
Epoch 42, l0 norm : 3572115, l1 norm : 1188539.276008606
Epoch 42, min : 0.0, max : 0.4112338125705719
This epoch duration :2140.4031372070312
Epoch 42, val-method base, validation accuracy 88.18999481201172, best_prec 88.54000091552734
Epoch 43, l0 norm : 3572115, l1 norm : 1185080.5689468384
Epoch 43, min : 0.0, max : 0.41270941495895386
This epoch duration :2138.835467815399
Epoch 43, val-method base, validation accuracy 88.5, best_prec 88.54000091552734
Epoch 44, l0 norm : 3572115, l1 norm : 1181940.291168213
Epoch 44, min : 0.0, max : 0.4131945073604584
This epoch duration :2139.420090675354
Epoch 44, val-method base, validation accuracy 88.93000030517578, best_prec 88.93000030517578
Epoch 45, l0 norm : 3572115, l1 norm : 1179194.530014038
Epoch 45, min : 0.0, max : 0.4136357605457306
This epoch duration :2140.248403787613
Epoch 45, val-method base, validation accuracy 88.2699966430664, best_prec 88.93000030517578
Epoch 46, l0 norm : 3572115, l1 norm : 1176788.7417297363
Epoch 46, min : 0.0, max : 0.41268420219421387
This epoch duration :2141.2489750385284
Epoch 46, val-method base, validation accuracy 89.20999908447266, best_prec 89.20999908447266
Epoch 47, l0 norm : 3572115, l1 norm : 1174728.1021270752
Epoch 47, min : 0.0, max : 0.4132229685783386
This epoch duration :2139.919293165207
Epoch 47, val-method base, validation accuracy 87.5, best_prec 89.20999908447266
Epoch 48, l0 norm : 3572115, l1 norm : 1173016.9442367554
Epoch 48, min : 0.0, max : 0.4120655953884125
This epoch duration :2139.201712369919
Epoch 48, val-method base, validation accuracy 88.94999694824219, best_prec 89.20999908447266
Epoch 49, l0 norm : 3572115, l1 norm : 1171644.2838287354
Epoch 49, min : 0.0, max : 0.4110693335533142
This epoch duration :2145.5426104068756
Epoch 49, val-method base, validation accuracy 89.0199966430664, best_prec 89.20999908447266
Epoch 50, l0 norm : 3572115, l1 norm : 1170601.7135238647
Epoch 50, min : 0.0, max : 0.41171595454216003
This epoch duration :2150.985992670059
Epoch 50, val-method base, validation accuracy 89.25999450683594, best_prec 89.25999450683594
Epoch 51, l0 norm : 3572115, l1 norm : 1169876.405532837
Epoch 51, min : 0.0, max : 0.4117264747619629
This epoch duration :2152.3240423202515
Epoch 51, val-method base, validation accuracy 89.87999725341797, best_prec 89.87999725341797
Epoch 52, l0 norm : 3572115, l1 norm : 1169481.0325775146
Epoch 52, min : 0.0, max : 0.4133433997631073
This epoch duration :2151.592601776123
Epoch 52, val-method base, validation accuracy 89.54999542236328, best_prec 89.87999725341797
Epoch 53, l0 norm : 3572115, l1 norm : 1169415.6036605835
Epoch 53, min : 0.0, max : 0.4150446951389313
This epoch duration :2140.4132936000824
Epoch 53, val-method base, validation accuracy 88.8499984741211, best_prec 89.87999725341797
Epoch 54, l0 norm : 3572115, l1 norm : 1169674.2630767822
Epoch 54, min : 0.0, max : 0.4150000512599945
This epoch duration :2140.4247517585754
Epoch 54, val-method base, validation accuracy 89.61000061035156, best_prec 89.87999725341797
Epoch 55, l0 norm : 3572115, l1 norm : 1170219.4639129639
Epoch 55, min : 0.0, max : 0.4155060648918152
This epoch duration :2140.155081987381
Epoch 55, val-method base, validation accuracy 89.88999938964844, best_prec 89.88999938964844
Epoch 56, l0 norm : 3572115, l1 norm : 1171098.223312378
Epoch 56, min : 0.0, max : 0.41628289222717285
This epoch duration :2139.8668913841248
Epoch 56, val-method base, validation accuracy 89.68000030517578, best_prec 89.88999938964844
Epoch 57, l0 norm : 3572115, l1 norm : 1172273.210609436
Epoch 57, min : 0.0, max : 0.41800153255462646
This epoch duration :2140.364333152771
Epoch 57, val-method base, validation accuracy 90.47000122070312, best_prec 90.47000122070312
Epoch 58, l0 norm : 3572115, l1 norm : 1173749.6881866455
Epoch 58, min : 0.0, max : 0.41948768496513367
This epoch duration :2140.123813867569
Epoch 58, val-method base, validation accuracy 90.5199966430664, best_prec 90.5199966430664
Epoch 59, l0 norm : 3572115, l1 norm : 1175502.1462860107
Epoch 59, min : 0.0, max : 0.4200200140476227
This epoch duration :2139.375912666321
Epoch 59, val-method base, validation accuracy 90.23999786376953, best_prec 90.5199966430664
Epoch 60, l0 norm : 3572115, l1 norm : 1177541.7180175781
Epoch 60, min : 0.0, max : 0.42140549421310425
This epoch duration :2139.855564594269
Epoch 60, val-method base, validation accuracy 90.65999603271484, best_prec 90.65999603271484
Epoch 61, l0 norm : 3572115, l1 norm : 1179869.91822052
Epoch 61, min : 0.0, max : 0.42301303148269653
This epoch duration :2140.0573534965515
Epoch 61, val-method base, validation accuracy 90.5, best_prec 90.65999603271484
Epoch 62, l0 norm : 3572115, l1 norm : 1182472.8536071777
Epoch 62, min : 0.0, max : 0.42291805148124695
This epoch duration :2140.4229397773743
Epoch 62, val-method base, validation accuracy 90.1500015258789, best_prec 90.65999603271484
Epoch 63, l0 norm : 3572115, l1 norm : 1185344.88772583
Epoch 63, min : 0.0, max : 0.4239218831062317
This epoch duration :2139.2646436691284
Epoch 63, val-method base, validation accuracy 89.8499984741211, best_prec 90.65999603271484
Epoch 64, l0 norm : 3572115, l1 norm : 1188491.4808044434
Epoch 64, min : 0.0, max : 0.4260331392288208
This epoch duration :2139.791310071945
Epoch 64, val-method base, validation accuracy 90.58999633789062, best_prec 90.65999603271484
Epoch 65, l0 norm : 3572115, l1 norm : 1191875.3786621094
Epoch 65, min : 0.0, max : 0.42848315834999084
This epoch duration :2140.423826932907
Epoch 65, val-method base, validation accuracy 90.63999938964844, best_prec 90.65999603271484
Epoch 66, l0 norm : 3572115, l1 norm : 1195523.7399139404
Epoch 66, min : 0.0, max : 0.430223673582077
This epoch duration :2140.5898067951202
Epoch 66, val-method base, validation accuracy 90.80999755859375, best_prec 90.80999755859375
Epoch 67, l0 norm : 3572115, l1 norm : 1199408.0967559814
Epoch 67, min : 0.0, max : 0.4327034652233124
This epoch duration :2141.2508687973022
Epoch 67, val-method base, validation accuracy 91.2699966430664, best_prec 91.2699966430664
Epoch 68, l0 norm : 3572115, l1 norm : 1203536.0909347534
Epoch 68, min : 0.0, max : 0.4360102713108063
This epoch duration :2150.5923154354095
Epoch 68, val-method base, validation accuracy 90.95999908447266, best_prec 91.2699966430664
Epoch 69, l0 norm : 3572115, l1 norm : 1207896.5614318848
Epoch 69, min : 0.0, max : 0.43874967098236084
This epoch duration :2151.5507822036743
Epoch 69, val-method base, validation accuracy 91.02999877929688, best_prec 91.2699966430664
Epoch 70, l0 norm : 3572115, l1 norm : 1212472.255279541
Epoch 70, min : 0.0, max : 0.44256412982940674
This epoch duration :2150.8008685112
Epoch 70, val-method base, validation accuracy 90.56999969482422, best_prec 91.2699966430664
Epoch 71, l0 norm : 3572115, l1 norm : 1217262.1850128174
Epoch 71, min : 0.0, max : 0.4455930292606354
This epoch duration :2145.7701346874237
Epoch 71, val-method base, validation accuracy 90.83999633789062, best_prec 91.2699966430664
Epoch 72, l0 norm : 3572115, l1 norm : 1222244.3675003052
Epoch 72, min : 0.0, max : 0.4470464587211609
This epoch duration :2141.1318168640137
Epoch 72, val-method base, validation accuracy 91.25, best_prec 91.2699966430664
Epoch 73, l0 norm : 3572115, l1 norm : 1227418.9368896484
Epoch 73, min : 0.0, max : 0.4490758180618286
This epoch duration :2143.9643211364746
Epoch 73, val-method base, validation accuracy 91.18000030517578, best_prec 91.2699966430664
Epoch 74, l0 norm : 3572115, l1 norm : 1232801.5892791748
Epoch 74, min : 0.0, max : 0.45103809237480164
This epoch duration :2144.0355756282806
Epoch 74, val-method base, validation accuracy 91.29999542236328, best_prec 91.29999542236328
Epoch 75, l0 norm : 3572115, l1 norm : 1238327.451675415
Epoch 75, min : 0.0, max : 0.4534135162830353
This epoch duration :2144.243275165558
Epoch 75, val-method base, validation accuracy 91.36000061035156, best_prec 91.36000061035156
Epoch 76, l0 norm : 3572115, l1 norm : 1244046.368461609
Epoch 76, min : 0.0, max : 0.4560953378677368
This epoch duration :2144.9861958026886
Epoch 76, val-method base, validation accuracy 92.06999969482422, best_prec 92.06999969482422
Epoch 77, l0 norm : 3572115, l1 norm : 1249909.1021270752
Epoch 77, min : 0.0, max : 0.45909345149993896
This epoch duration :2144.842018842697
Epoch 77, val-method base, validation accuracy 91.98999786376953, best_prec 92.06999969482422
Epoch 78, l0 norm : 3572115, l1 norm : 1255925.6734771729
Epoch 78, min : 0.0, max : 0.46056875586509705
This epoch duration :2147.9644129276276
Epoch 78, val-method base, validation accuracy 91.88999938964844, best_prec 92.06999969482422
Epoch 79, l0 norm : 3572115, l1 norm : 1262007.3835449219
Epoch 79, min : 0.0, max : 0.46308958530426025
This epoch duration :2144.109738111496
Epoch 79, val-method base, validation accuracy 91.77999877929688, best_prec 92.06999969482422
Epoch 80, l0 norm : 3572115, l1 norm : 1268300.3657226562
Epoch 80, min : 0.0, max : 0.46597257256507874
This epoch duration :2143.21661233902
Epoch 80, val-method base, validation accuracy 92.11000061035156, best_prec 92.11000061035156
Epoch 81, l0 norm : 3572115, l1 norm : 1274645.9728546143
Epoch 81, min : 0.0, max : 0.4691370129585266
This epoch duration :2144.5150611400604
Epoch 81, val-method base, validation accuracy 92.25999450683594, best_prec 92.25999450683594
Epoch 82, l0 norm : 3572115, l1 norm : 1281143.894241333
Epoch 82, min : 0.0, max : 0.47232088446617126
This epoch duration :2144.061135530472
Epoch 82, val-method base, validation accuracy 91.97999572753906, best_prec 92.25999450683594
Epoch 83, l0 norm : 3572115, l1 norm : 1287669.0719528198
Epoch 83, min : 0.0, max : 0.47436749935150146
This epoch duration :2143.183569908142
Epoch 83, val-method base, validation accuracy 92.16999816894531, best_prec 92.25999450683594
Epoch 84, l0 norm : 3572115, l1 norm : 1294327.1342544556
Epoch 84, min : 0.0, max : 0.47707200050354004
This epoch duration :2145.2262501716614
Epoch 84, val-method base, validation accuracy 92.2699966430664, best_prec 92.2699966430664
Epoch 85, l0 norm : 3572115, l1 norm : 1301010.5916900635
Epoch 85, min : 0.0, max : 0.4809221625328064
This epoch duration :2143.876501083374
Epoch 85, val-method base, validation accuracy 92.0, best_prec 92.2699966430664
Epoch 86, l0 norm : 3572115, l1 norm : 1307711.50390625
Epoch 86, min : 0.0, max : 0.4843481779098511
This epoch duration :2144.502217531204
Epoch 86, val-method base, validation accuracy 92.00999450683594, best_prec 92.2699966430664
Epoch 87, l0 norm : 3572115, l1 norm : 1314440.5578155518
Epoch 87, min : 0.0, max : 0.4873656630516052
This epoch duration :2143.4718124866486
Epoch 87, val-method base, validation accuracy 92.25999450683594, best_prec 92.2699966430664
Epoch 88, l0 norm : 3572115, l1 norm : 1321258.3473358154
Epoch 88, min : 0.0, max : 0.4907797873020172
This epoch duration :2143.3516569137573
Epoch 88, val-method base, validation accuracy 91.94999694824219, best_prec 92.2699966430664
Epoch 89, l0 norm : 3572115, l1 norm : 1328140.3694000244
Epoch 89, min : 0.0, max : 0.4943007230758667
This epoch duration :2144.2083373069763
Epoch 89, val-method base, validation accuracy 92.05999755859375, best_prec 92.2699966430664
Epoch 90, l0 norm : 3572115, l1 norm : 1335050.1431121826
Epoch 90, min : 0.0, max : 0.4981386661529541
This epoch duration :2143.326547384262
Epoch 90, val-method base, validation accuracy 92.04000091552734, best_prec 92.2699966430664
Epoch 91, l0 norm : 3572115, l1 norm : 1342027.0600585938
Epoch 91, min : 0.0, max : 0.5010477900505066
This epoch duration :2142.493803501129
Epoch 91, val-method base, validation accuracy 92.0999984741211, best_prec 92.2699966430664
Epoch 92, l0 norm : 3572115, l1 norm : 1348984.740737915
Epoch 92, min : 0.0, max : 0.5039429664611816
This epoch duration :2141.685410261154
Epoch 92, val-method base, validation accuracy 92.18999481201172, best_prec 92.2699966430664
Epoch 93, l0 norm : 3572115, l1 norm : 1355933.2413253784
Epoch 93, min : 0.0, max : 0.5059137940406799
This epoch duration :2142.4550881385803
Epoch 93, val-method base, validation accuracy 92.00999450683594, best_prec 92.2699966430664
Epoch 94, l0 norm : 3572115, l1 norm : 1362843.1170272827
Epoch 94, min : 0.0, max : 0.5084779858589172
This epoch duration :2142.9786245822906
Epoch 94, val-method base, validation accuracy 91.90999603271484, best_prec 92.2699966430664
Epoch 95, l0 norm : 3572115, l1 norm : 1369712.4350662231
Epoch 95, min : 0.0, max : 0.5105841159820557
This epoch duration :2143.2632205486298
Epoch 95, val-method base, validation accuracy 91.8699951171875, best_prec 92.2699966430664
Epoch 96, l0 norm : 3572115, l1 norm : 1376589.378540039
Epoch 96, min : 0.0, max : 0.513896644115448
This epoch duration :2143.1303539276123
Epoch 96, val-method base, validation accuracy 91.89999389648438, best_prec 92.2699966430664
Epoch 97, l0 norm : 3572115, l1 norm : 1383377.119255066
Epoch 97, min : 0.0, max : 0.5160136222839355
This epoch duration :2142.899915456772
Epoch 97, val-method base, validation accuracy 91.93000030517578, best_prec 92.2699966430664
Epoch 98, l0 norm : 3572115, l1 norm : 1390129.5786590576
Epoch 98, min : 0.0, max : 0.5181868672370911
This epoch duration :2143.8663969039917
Epoch 98, val-method base, validation accuracy 91.80999755859375, best_prec 92.2699966430664
Epoch 99, l0 norm : 3572115, l1 norm : 1396779.8030395508
Epoch 99, min : 0.0, max : 0.5208789110183716
This epoch duration :1933.4812252521515
Epoch 99, val-method base, validation accuracy 91.6199951171875, best_prec 92.2699966430664
