Namespace(configs='configs/CIFAR100/pen_bip_1.yml', result_dir='./trained_models', exp_name='RC100_pb1_m_2', exp_mode='prune', arch='resnet18', num_classes=100, layer_type='unstructured', k=None, lambd=0.99996, alpha=1.0, fw_momentum=0.9, scaled_score_init=True, scale_rand_init=False, freeze_bn=False, source_net='trained_models/Resnet18_Cifar100_Pretrain/pretrain/latest_exp/checkpoint/model_best.pth.tar', scores_init_type=None, dataset='CIFAR100', batch_size=128, num_workers=2, test_batch_size=128, normalize=True, data_dir='./data', image_dim=32, trainer='penalized_bilevel_1', epochs=100, optimizer='sgd', wd=0.0001, mask_lr=0.1, lr=0.1, mask_lr_schedule='step', lr_schedule='cosine', momentum=0.9, warmup_epochs=0, warmup_lr=0.1, save_dense=False, evaluate=False, val_method='base', resume='', seed=1234, print_freq=100, lr2=0.0001, accelerate=False)
=> loading source model from 'trained_models/Resnet18_Cifar100_Pretrain/pretrain/latest_exp/checkpoint/model_best.pth.tar'
=> loaded checkpoint 'trained_models/Resnet18_Cifar100_Pretrain/pretrain/latest_exp/checkpoint/model_best.pth.tar'
Epoch 0, l0 norm : 27295, l1 norm : 3479.8452625030186
Epoch 0, min : 0.0, max : 0.549102246761322
This epoch duration :1919.788406610489
Epoch 0, val-method base, validation accuracy 1.0, best_prec 1.0
Epoch 1, l0 norm : 27402, l1 norm : 3113.2632201562665
Epoch 1, min : 0.0, max : 0.5172804594039917
This epoch duration :1985.9674422740936
Epoch 1, val-method base, validation accuracy 1.0, best_prec 1.0
Epoch 2, l0 norm : 27457, l1 norm : 2812.7698224251144
Epoch 2, min : 0.0, max : 0.4828287363052368
This epoch duration :1985.8399872779846
Epoch 2, val-method base, validation accuracy 1.0, best_prec 1.0
Epoch 3, l0 norm : 27468, l1 norm : 2547.7377441601566
Epoch 3, min : 0.0, max : 0.49053603410720825
This epoch duration :1988.2403664588928
Epoch 3, val-method base, validation accuracy 1.0, best_prec 1.0
Epoch 4, l0 norm : 27473, l1 norm : 2315.654461343949
Epoch 4, min : 0.0, max : 0.4377193748950958
This epoch duration :1986.8004355430603
Epoch 4, val-method base, validation accuracy 1.0, best_prec 1.0
Epoch 5, l0 norm : 27474, l1 norm : 2121.1261723406587
Epoch 5, min : 0.0, max : 0.41053307056427
This epoch duration :1986.414602279663
Epoch 5, val-method base, validation accuracy 1.0, best_prec 1.0
Epoch 6, l0 norm : 27474, l1 norm : 1951.9066081801257
Epoch 6, min : 0.0, max : 0.3834647238254547
This epoch duration :1986.796659708023
Epoch 6, val-method base, validation accuracy 1.0, best_prec 1.0
Epoch 7, l0 norm : 27474, l1 norm : 1807.6625858401953
Epoch 7, min : 0.0, max : 0.38297075033187866
This epoch duration :1985.50919008255
Epoch 7, val-method base, validation accuracy 1.0, best_prec 1.0
Epoch 8, l0 norm : 27474, l1 norm : 1681.7284942663628
Epoch 8, min : 0.0, max : 0.37900620698928833
This epoch duration :1985.7413992881775
Epoch 8, val-method base, validation accuracy 1.0, best_prec 1.0
Epoch 9, l0 norm : 27474, l1 norm : 1570.3564866280499
Epoch 9, min : 0.0, max : 0.38020965456962585
This epoch duration :1986.1401753425598
Epoch 9, val-method base, validation accuracy 1.0, best_prec 1.0
Epoch 10, l0 norm : 27474, l1 norm : 1471.2165818503286
Epoch 10, min : 0.0, max : 0.3817591667175293
This epoch duration :1985.8965764045715
Epoch 10, val-method base, validation accuracy 1.0, best_prec 1.0
Epoch 11, l0 norm : 27474, l1 norm : 1381.0217775748838
Epoch 11, min : 0.0, max : 0.3803095817565918
This epoch duration :1986.5633299350739
Epoch 11, val-method base, validation accuracy 1.0, best_prec 1.0
Epoch 12, l0 norm : 27474, l1 norm : 1297.7834168442976
Epoch 12, min : 0.0, max : 0.38192692399024963
This epoch duration :1986.0445837974548
Epoch 12, val-method base, validation accuracy 1.0, best_prec 1.0
Epoch 13, l0 norm : 27474, l1 norm : 1220.0585002620878
Epoch 13, min : 0.0, max : 0.3804484009742737
This epoch duration :1986.3690774440765
Epoch 13, val-method base, validation accuracy 1.0, best_prec 1.0
Epoch 14, l0 norm : 27474, l1 norm : 1148.1463400072837
Epoch 14, min : 0.0, max : 0.3778857886791229
This epoch duration :1986.6756794452667
Epoch 14, val-method base, validation accuracy 1.0, best_prec 1.0
Epoch 15, l0 norm : 27474, l1 norm : 1080.380551294408
Epoch 15, min : 0.0, max : 0.3809477686882019
This epoch duration :1985.55979347229
Epoch 15, val-method base, validation accuracy 1.0, best_prec 1.0
Epoch 16, l0 norm : 27474, l1 norm : 1016.7591788909623
Epoch 16, min : 0.0, max : 0.37794357538223267
This epoch duration :1985.8590395450592
Epoch 16, val-method base, validation accuracy 1.0, best_prec 1.0
Epoch 17, l0 norm : 27474, l1 norm : 957.781366765254
Epoch 17, min : 0.0, max : 0.37740573287010193
This epoch duration :1987.134064912796
Epoch 17, val-method base, validation accuracy 1.0, best_prec 1.0
Epoch 18, l0 norm : 27474, l1 norm : 901.8067329127094
Epoch 18, min : 0.0, max : 0.37647074460983276
This epoch duration :1987.0058116912842
Epoch 18, val-method base, validation accuracy 1.0, best_prec 1.0
Epoch 19, l0 norm : 27474, l1 norm : 848.9754131858533
Epoch 19, min : 0.0, max : 0.37542644143104553
This epoch duration :1986.1229133605957
Epoch 19, val-method base, validation accuracy 1.0, best_prec 1.0
Epoch 20, l0 norm : 27474, l1 norm : 799.6174850444319
Epoch 20, min : 0.0, max : 0.3756393790245056
This epoch duration :1986.69482088089
Epoch 20, val-method base, validation accuracy 1.0, best_prec 1.0
Epoch 21, l0 norm : 27474, l1 norm : 752.976417209539
Epoch 21, min : 0.0, max : 0.374985933303833
This epoch duration :1986.708223581314
Epoch 21, val-method base, validation accuracy 1.0, best_prec 1.0
Epoch 22, l0 norm : 27474, l1 norm : 709.3471921836395
Epoch 22, min : 0.0, max : 0.3744867742061615
This epoch duration :1987.1915428638458
Epoch 22, val-method base, validation accuracy 1.0, best_prec 1.0
Epoch 23, l0 norm : 27474, l1 norm : 668.5648316149875
Epoch 23, min : 0.0, max : 0.37314677238464355
This epoch duration :1986.6154425144196
Epoch 23, val-method base, validation accuracy 1.0, best_prec 1.0
Epoch 24, l0 norm : 27474, l1 norm : 630.0686662973415
Epoch 24, min : 0.0, max : 0.37181422114372253
This epoch duration :1987.3409342765808
Epoch 24, val-method base, validation accuracy 1.0, best_prec 1.0
Epoch 25, l0 norm : 27474, l1 norm : 594.1628342027144
Epoch 25, min : 0.0, max : 0.36614033579826355
This epoch duration :1988.8346507549286
Epoch 25, val-method base, validation accuracy 1.0, best_prec 1.0
Epoch 26, l0 norm : 27474, l1 norm : 560.6442711929485
Epoch 26, min : 0.0, max : 0.36068055033683777
This epoch duration :1990.2787692546844
Epoch 26, val-method base, validation accuracy 1.0, best_prec 1.0
Epoch 27, l0 norm : 27474, l1 norm : 529.1889414805883
Epoch 27, min : 0.0, max : 0.35495880246162415
This epoch duration :1990.073977947235
Epoch 27, val-method base, validation accuracy 1.0, best_prec 1.0
Epoch 28, l0 norm : 27474, l1 norm : 499.8080143806742
Epoch 28, min : 0.0, max : 0.3438878655433655
This epoch duration :1989.9414818286896
Epoch 28, val-method base, validation accuracy 1.0, best_prec 1.0
Epoch 29, l0 norm : 27474, l1 norm : 472.1598760244842
Epoch 29, min : 0.0, max : 0.3342365026473999
This epoch duration :1989.5854134559631
Epoch 29, val-method base, validation accuracy 1.0, best_prec 1.0
Epoch 30, l0 norm : 27474, l1 norm : 446.4190563577404
Epoch 30, min : 0.0, max : 0.32341432571411133
This epoch duration :1989.4967103004456
Epoch 30, val-method base, validation accuracy 1.0, best_prec 1.0
Epoch 31, l0 norm : 27474, l1 norm : 422.41871571023967
Epoch 31, min : 0.0, max : 0.31340867280960083
This epoch duration :1991.4758348464966
Epoch 31, val-method base, validation accuracy 1.0, best_prec 1.0
Epoch 32, l0 norm : 27474, l1 norm : 399.9169411800425
Epoch 32, min : 0.0, max : 0.30325278639793396
This epoch duration :1991.222974538803
Epoch 32, val-method base, validation accuracy 1.0, best_prec 1.0
Epoch 33, l0 norm : 27474, l1 norm : 378.86868877050114
Epoch 33, min : 0.0, max : 0.2939922511577606
This epoch duration :1990.780960559845
Epoch 33, val-method base, validation accuracy 1.0, best_prec 1.0
Epoch 34, l0 norm : 27474, l1 norm : 359.1430685448162
Epoch 34, min : 0.0, max : 0.285367488861084
This epoch duration :1990.4810245037079
Epoch 34, val-method base, validation accuracy 1.0, best_prec 1.0
Epoch 35, l0 norm : 27474, l1 norm : 340.684813130917
Epoch 35, min : 0.0, max : 0.27688902616500854
This epoch duration :1990.8103682994843
Epoch 35, val-method base, validation accuracy 1.0, best_prec 1.0
Epoch 36, l0 norm : 27474, l1 norm : 323.541499400027
Epoch 36, min : 0.0, max : 0.26908618211746216
This epoch duration :1990.0487842559814
Epoch 36, val-method base, validation accuracy 1.0, best_prec 1.0
Epoch 37, l0 norm : 27474, l1 norm : 307.52886218671466
Epoch 37, min : 0.0, max : 0.26374152302742004
This epoch duration :1990.7045984268188
Epoch 37, val-method base, validation accuracy 1.0, best_prec 1.0
Epoch 38, l0 norm : 27474, l1 norm : 292.58214316507207
Epoch 38, min : 0.0, max : 0.25764375925064087
This epoch duration :1991.2153306007385
Epoch 38, val-method base, validation accuracy 1.0, best_prec 1.0
Epoch 39, l0 norm : 27474, l1 norm : 278.5901972935664
Epoch 39, min : 0.0, max : 0.2516029179096222
This epoch duration :1991.0162913799286
Epoch 39, val-method base, validation accuracy 1.0, best_prec 1.0
Epoch 40, l0 norm : 27474, l1 norm : 265.50022914267794
Epoch 40, min : 0.0, max : 0.24378244578838348
This epoch duration :1990.7949042320251
Epoch 40, val-method base, validation accuracy 1.0, best_prec 1.0
Epoch 41, l0 norm : 27474, l1 norm : 253.26182365627892
Epoch 41, min : 0.0, max : 0.2354445606470108
This epoch duration :1990.978209733963
Epoch 41, val-method base, validation accuracy 1.0, best_prec 1.0
Epoch 42, l0 norm : 27474, l1 norm : 241.80636204481678
Epoch 42, min : 0.0, max : 0.2272009551525116
This epoch duration :1990.620688676834
Epoch 42, val-method base, validation accuracy 1.0, best_prec 1.0
Epoch 43, l0 norm : 27474, l1 norm : 231.10022918257914
Epoch 43, min : 0.0, max : 0.21917708218097687
This epoch duration :1990.676181793213
Epoch 43, val-method base, validation accuracy 1.0, best_prec 1.0
Epoch 44, l0 norm : 27474, l1 norm : 221.0518570644384
Epoch 44, min : 0.0, max : 0.21156679093837738
This epoch duration :1991.1633174419403
Epoch 44, val-method base, validation accuracy 1.0, best_prec 1.0
Epoch 45, l0 norm : 27474, l1 norm : 211.6363433359765
Epoch 45, min : 0.0, max : 0.20378829538822174
This epoch duration :1990.5398681163788
Epoch 45, val-method base, validation accuracy 1.0, best_prec 1.0
Epoch 46, l0 norm : 27474, l1 norm : 202.78810571228166
Epoch 46, min : 0.0, max : 0.19671854376792908
This epoch duration :1990.7205362319946
Epoch 46, val-method base, validation accuracy 1.0, best_prec 1.0
Epoch 47, l0 norm : 27474, l1 norm : 194.46994325704406
Epoch 47, min : 0.0, max : 0.19050359725952148
This epoch duration :1990.5470876693726
Epoch 47, val-method base, validation accuracy 1.0, best_prec 1.0
Epoch 48, l0 norm : 27474, l1 norm : 186.64450244696786
Epoch 48, min : 0.0, max : 0.18373678624629974
This epoch duration :1990.8275022506714
Epoch 48, val-method base, validation accuracy 1.0, best_prec 1.0
Epoch 49, l0 norm : 27474, l1 norm : 179.27461286494534
Epoch 49, min : 0.0, max : 0.1773747354745865
This epoch duration :1990.9878771305084
Epoch 49, val-method base, validation accuracy 1.0, best_prec 1.0
Epoch 50, l0 norm : 27474, l1 norm : 172.33268661409963
Epoch 50, min : 0.0, max : 0.17068509757518768
This epoch duration :1991.8840436935425
Epoch 50, val-method base, validation accuracy 1.0, best_prec 1.0
Epoch 51, l0 norm : 27474, l1 norm : 165.78156853742536
Epoch 51, min : 0.0, max : 0.16457201540470123
This epoch duration :1990.5533893108368
Epoch 51, val-method base, validation accuracy 1.0, best_prec 1.0
Epoch 52, l0 norm : 27474, l1 norm : 159.5942658318844
Epoch 52, min : 0.0, max : 0.15870851278305054
This epoch duration :1992.9381804466248
Epoch 52, val-method base, validation accuracy 1.0, best_prec 1.0
Epoch 53, l0 norm : 27474, l1 norm : 153.74538786784143
Epoch 53, min : 0.0, max : 0.15297909080982208
This epoch duration :1992.3747675418854
Epoch 53, val-method base, validation accuracy 1.0, best_prec 1.0
Epoch 54, l0 norm : 27474, l1 norm : 148.21030695549769
Epoch 54, min : 0.0, max : 0.14765186607837677
This epoch duration :1991.5573055744171
Epoch 54, val-method base, validation accuracy 1.0, best_prec 1.0
Epoch 55, l0 norm : 27474, l1 norm : 142.96785915057046
Epoch 55, min : 0.0, max : 0.14260561764240265
This epoch duration :1993.7638952732086
Epoch 55, val-method base, validation accuracy 1.0, best_prec 1.0
Epoch 56, l0 norm : 27474, l1 norm : 137.99857423467546
Epoch 56, min : 0.0, max : 0.137911856174469
This epoch duration :1990.7208795547485
Epoch 56, val-method base, validation accuracy 1.0, best_prec 1.0
Epoch 57, l0 norm : 27474, l1 norm : 133.2832413891578
Epoch 57, min : 0.0, max : 0.1331973671913147
This epoch duration :1991.15785074234
Epoch 57, val-method base, validation accuracy 1.0, best_prec 1.0
Epoch 58, l0 norm : 27474, l1 norm : 128.80492335520074
Epoch 58, min : 0.0, max : 0.1288071572780609
This epoch duration :1992.1466131210327
Epoch 58, val-method base, validation accuracy 1.0, best_prec 1.0
Epoch 59, l0 norm : 27474, l1 norm : 124.54831556465686
Epoch 59, min : 0.0, max : 0.12454944849014282
This epoch duration :1992.2463409900665
Epoch 59, val-method base, validation accuracy 1.0, best_prec 1.0
Epoch 60, l0 norm : 27474, l1 norm : 120.49924259999551
Epoch 60, min : 0.0, max : 0.12049943208694458
This epoch duration :1991.6556978225708
Epoch 60, val-method base, validation accuracy 1.0, best_prec 1.0
Epoch 61, l0 norm : 27474, l1 norm : 116.64466582367155
Epoch 61, min : 0.0, max : 0.11680721491575241
This epoch duration :1991.4053902626038
Epoch 61, val-method base, validation accuracy 1.0, best_prec 1.0
Epoch 62, l0 norm : 27474, l1 norm : 112.97134823405338
Epoch 62, min : 0.0, max : 0.11320888251066208
This epoch duration :1990.3895053863525
Epoch 62, val-method base, validation accuracy 1.0, best_prec 1.0
Epoch 63, l0 norm : 27474, l1 norm : 109.46896725839832
Epoch 63, min : 0.0, max : 0.10969880223274231
This epoch duration :1990.6373727321625
Epoch 63, val-method base, validation accuracy 1.0, best_prec 1.0
Epoch 64, l0 norm : 27474, l1 norm : 106.12713928894414
Epoch 64, min : 0.0, max : 0.10634949058294296
This epoch duration :1990.7004668712616
Epoch 64, val-method base, validation accuracy 1.0, best_prec 1.0
Epoch 65, l0 norm : 27474, l1 norm : 102.93605292266281
Epoch 65, min : 0.0, max : 0.10315124690532684
This epoch duration :1990.3076555728912
Epoch 65, val-method base, validation accuracy 1.0, best_prec 1.0
Epoch 66, l0 norm : 27474, l1 norm : 99.88656814336483
Epoch 66, min : 0.0, max : 0.10009516030550003
This epoch duration :1991.2650706768036
Epoch 66, val-method base, validation accuracy 1.0, best_prec 1.0
Epoch 67, l0 norm : 27474, l1 norm : 96.97046046230895
Epoch 67, min : 0.0, max : 0.09717289358377457
This epoch duration :1991.3967666625977
Epoch 67, val-method base, validation accuracy 1.0, best_prec 1.0
Epoch 68, l0 norm : 27474, l1 norm : 94.18014626000567
Epoch 68, min : 0.0, max : 0.09437675029039383
This epoch duration :1989.982584953308
Epoch 68, val-method base, validation accuracy 1.0, best_prec 1.0
Epoch 69, l0 norm : 27474, l1 norm : 91.50857597468223
Epoch 69, min : 0.0, max : 0.09169960767030716
This epoch duration :1990.1599452495575
Epoch 69, val-method base, validation accuracy 1.0, best_prec 1.0
Epoch 70, l0 norm : 27474, l1 norm : 88.9490662555786
Epoch 70, min : 0.0, max : 0.08913476765155792
This epoch duration :1990.7247457504272
Epoch 70, val-method base, validation accuracy 1.0, best_prec 1.0
Epoch 71, l0 norm : 27474, l1 norm : 86.49546018024354
Epoch 71, min : 0.0, max : 0.08667602390050888
This epoch duration :1989.6262302398682
Epoch 71, val-method base, validation accuracy 1.0, best_prec 1.0
Epoch 72, l0 norm : 27474, l1 norm : 84.14198229602378
Epoch 72, min : 0.0, max : 0.08431760966777802
This epoch duration :1990.6922254562378
Epoch 72, val-method base, validation accuracy 1.0, best_prec 1.0
Epoch 73, l0 norm : 27474, l1 norm : 81.883421725521
Epoch 73, min : 0.0, max : 0.08205433934926987
This epoch duration :1991.1370375156403
Epoch 73, val-method base, validation accuracy 1.0, best_prec 1.0
Epoch 74, l0 norm : 27474, l1 norm : 79.71453707382994
Epoch 74, min : 0.0, max : 0.07988081872463226
This epoch duration :1990.5323932170868
Epoch 74, val-method base, validation accuracy 1.0, best_prec 1.0
Epoch 75, l0 norm : 27474, l1 norm : 77.63061337430223
Epoch 75, min : 0.0, max : 0.07779251039028168
This epoch duration :1989.6854794025421
Epoch 75, val-method base, validation accuracy 1.0, best_prec 1.0
Epoch 76, l0 norm : 27474, l1 norm : 75.62735527708404
Epoch 76, min : 0.0, max : 0.0757850781083107
This epoch duration :1989.8191275596619
Epoch 76, val-method base, validation accuracy 1.0, best_prec 1.0
Epoch 77, l0 norm : 27474, l1 norm : 73.70066579659779
Epoch 77, min : 0.0, max : 0.07385437935590744
This epoch duration :1990.9093532562256
Epoch 77, val-method base, validation accuracy 1.0, best_prec 1.0
Epoch 78, l0 norm : 27474, l1 norm : 71.84666157035701
Epoch 78, min : 0.0, max : 0.07199649512767792
This epoch duration :1989.5402100086212
Epoch 78, val-method base, validation accuracy 1.0, best_prec 1.0
Epoch 79, l0 norm : 27474, l1 norm : 70.06173389412191
Epoch 79, min : 0.0, max : 0.0702078565955162
This epoch duration :1990.5854182243347
Epoch 79, val-method base, validation accuracy 1.0, best_prec 1.0
Epoch 80, l0 norm : 27474, l1 norm : 68.34251820432138
Epoch 80, min : 0.0, max : 0.06848502159118652
This epoch duration :1990.7648735046387
Epoch 80, val-method base, validation accuracy 1.0, best_prec 1.0
Epoch 81, l0 norm : 27474, l1 norm : 66.68593985441625
Epoch 81, min : 0.0, max : 0.06682487577199936
This epoch duration :1990.6513757705688
Epoch 81, val-method base, validation accuracy 1.0, best_prec 1.0
Epoch 82, l0 norm : 27474, l1 norm : 65.08877161000358
Epoch 82, min : 0.0, max : 0.06522437185049057
This epoch duration :1990.4102983474731
Epoch 82, val-method base, validation accuracy 1.0, best_prec 1.0
Epoch 83, l0 norm : 27474, l1 norm : 63.54826688855705
Epoch 83, min : 0.0, max : 0.06368068605661392
This epoch duration :1990.7479331493378
Epoch 83, val-method base, validation accuracy 1.0, best_prec 1.0
Epoch 84, l0 norm : 27474, l1 norm : 62.061831695482574
Epoch 84, min : 0.0, max : 0.06219116970896721
This epoch duration :1990.8080418109894
Epoch 84, val-method base, validation accuracy 1.0, best_prec 1.0
Epoch 85, l0 norm : 27474, l1 norm : 60.626959774244995
Epoch 85, min : 0.0, max : 0.06075331196188927
This epoch duration :1990.186047554016
Epoch 85, val-method base, validation accuracy 1.0, best_prec 1.0
Epoch 86, l0 norm : 27474, l1 norm : 59.24125930924984
Epoch 86, min : 0.0, max : 0.05936471000313759
This epoch duration :1990.9033908843994
Epoch 86, val-method base, validation accuracy 1.0, best_prec 1.0
Epoch 87, l0 norm : 27474, l1 norm : 57.90254447858134
Epoch 87, min : 0.0, max : 0.058023206889629364
This epoch duration :1990.3065719604492
Epoch 87, val-method base, validation accuracy 1.0, best_prec 1.0
Epoch 88, l0 norm : 27474, l1 norm : 56.60869049550534
Epoch 88, min : 0.0, max : 0.05672666057944298
This epoch duration :1990.7920551300049
Epoch 88, val-method base, validation accuracy 1.0, best_prec 1.0
Epoch 89, l0 norm : 27474, l1 norm : 55.35771753179081
Epoch 89, min : 0.0, max : 0.055473074316978455
This epoch duration :1990.7859148979187
Epoch 89, val-method base, validation accuracy 1.0, best_prec 1.0
Epoch 90, l0 norm : 27474, l1 norm : 54.147783088340205
Epoch 90, min : 0.0, max : 0.054260607808828354
This epoch duration :1990.0259494781494
Epoch 90, val-method base, validation accuracy 1.0, best_prec 1.0
Epoch 91, l0 norm : 27474, l1 norm : 52.97705992485746
Epoch 91, min : 0.0, max : 0.05308743938803673
This epoch duration :1990.7974417209625
Epoch 91, val-method base, validation accuracy 1.0, best_prec 1.0
Epoch 92, l0 norm : 27474, l1 norm : 51.84391153591861
Epoch 92, min : 0.0, max : 0.05195193737745285
This epoch duration :1990.4479866027832
Epoch 92, val-method base, validation accuracy 1.0, best_prec 1.0
Epoch 93, l0 norm : 27474, l1 norm : 50.74673574840883
Epoch 93, min : 0.0, max : 0.050852466374635696
This epoch duration :1990.353758573532
Epoch 93, val-method base, validation accuracy 1.0, best_prec 1.0
Epoch 94, l0 norm : 27474, l1 norm : 49.68401431254702
Epoch 94, min : 0.0, max : 0.049787528812885284
This epoch duration :1990.261299610138
Epoch 94, val-method base, validation accuracy 1.0, best_prec 1.0
Epoch 95, l0 norm : 27474, l1 norm : 48.65433960479986
Epoch 95, min : 0.0, max : 0.0487557090818882
This epoch duration :1991.4939930438995
Epoch 95, val-method base, validation accuracy 1.0, best_prec 1.0
Epoch 96, l0 norm : 27474, l1 norm : 47.656334519217324
Epoch 96, min : 0.0, max : 0.04775562509894371
This epoch duration :1990.5193343162537
Epoch 96, val-method base, validation accuracy 1.0, best_prec 1.0
Epoch 97, l0 norm : 27474, l1 norm : 46.688728761391864
Epoch 97, min : 0.0, max : 0.04678600654006004
This epoch duration :1990.755116224289
Epoch 97, val-method base, validation accuracy 1.0, best_prec 1.0
Epoch 98, l0 norm : 27474, l1 norm : 45.75030544268769
Epoch 98, min : 0.0, max : 0.0458456315100193
This epoch duration :1990.0988008975983
Epoch 98, val-method base, validation accuracy 1.0, best_prec 1.0
Epoch 99, l0 norm : 27474, l1 norm : 44.839889636139866
Epoch 99, min : 0.0, max : 0.04493332281708717
This epoch duration :1991.0061225891113
Epoch 99, val-method base, validation accuracy 1.0, best_prec 1.0
