Namespace(configs='configs/CIFAR10/pen_bip_2.yml', result_dir='./trained_models', exp_name='RC_pb2_l10', exp_mode='prune', arch='resnet18', num_classes=10, layer_type='unstructured', k=None, lambd=0.9999999999, alpha=1.0, scaled_score_init=True, scale_rand_init=False, freeze_bn=False, source_net='trained_models/CIFAR10_resnet18_Pretrain/pretrain/latest_exp/checkpoint/model_best.pth.tar', scores_init_type=None, dataset='CIFAR10', batch_size=128, num_workers=2, test_batch_size=128, normalize=True, data_dir='./data', image_dim=32, trainer='penalized_bilevel_2', epochs=100, optimizer='sgd', wd=0.0001, mask_lr=0.1, lr=0.1, mask_lr_schedule='step', lr_schedule='cosine', momentum=0.9, warmup_epochs=0, warmup_lr=0.1, save_dense=False, evaluate=False, val_method='base', resume='', seed=1234, print_freq=100, lr2=0.0001, accelerate=False)
=> loading source model from 'trained_models/CIFAR10_resnet18_Pretrain/pretrain/latest_exp/checkpoint/model_best.pth.tar'
=> loaded checkpoint 'trained_models/CIFAR10_resnet18_Pretrain/pretrain/latest_exp/checkpoint/model_best.pth.tar'
Epoch 0, l0 norm : 5953320, l1 norm : 2928535.524963379
Epoch 0, min : 0.0, max : 0.9871258735656738
This epoch duration :1290.5920994281769
Epoch 0, val-method base, validation accuracy 30.53999900817871, best_prec 30.53999900817871
Epoch 1, l0 norm : 5953320, l1 norm : 2930877.354675293
Epoch 1, min : 0.0, max : 0.9744598865509033
This epoch duration :1266.0372021198273
Epoch 1, val-method base, validation accuracy 44.2599983215332, best_prec 44.2599983215332
Epoch 2, l0 norm : 5953320, l1 norm : 2907733.101928711
Epoch 2, min : 0.0, max : 0.9620466828346252
This epoch duration :1284.7384340763092
Epoch 2, val-method base, validation accuracy 48.779998779296875, best_prec 48.779998779296875
Epoch 3, l0 norm : 5953320, l1 norm : 2877437.6361083984
Epoch 3, min : 0.0, max : 0.9498899579048157
This epoch duration :1290.2563343048096
Epoch 3, val-method base, validation accuracy 58.18000030517578, best_prec 58.18000030517578
Epoch 4, l0 norm : 5953320, l1 norm : 2843787.864379883
Epoch 4, min : 0.0, max : 0.9379942417144775
This epoch duration :1289.595222711563
Epoch 4, val-method base, validation accuracy 59.709999084472656, best_prec 59.709999084472656
Epoch 5, l0 norm : 5953320, l1 norm : 2810248.630554199
Epoch 5, min : 0.0, max : 0.926362931728363
This epoch duration :1290.62770652771
Epoch 5, val-method base, validation accuracy 64.1500015258789, best_prec 64.1500015258789
Epoch 6, l0 norm : 5953320, l1 norm : 2776929.306274414
Epoch 6, min : 0.0, max : 0.9149988889694214
This epoch duration :1289.7877378463745
Epoch 6, val-method base, validation accuracy 66.22000122070312, best_prec 66.22000122070312
Epoch 7, l0 norm : 5953320, l1 norm : 2744012.4275512695
Epoch 7, min : 0.0, max : 0.9039047956466675
This epoch duration :1289.6331706047058
Epoch 7, val-method base, validation accuracy 66.40999603271484, best_prec 66.40999603271484
Epoch 8, l0 norm : 5953320, l1 norm : 2711744.005493164
Epoch 8, min : 0.0, max : 0.8930832147598267
This epoch duration :1276.0051782131195
Epoch 8, val-method base, validation accuracy 66.5, best_prec 66.5
Epoch 9, l0 norm : 5953320, l1 norm : 2679926.5322265625
Epoch 9, min : 0.0, max : 0.8825358152389526
This epoch duration :1285.6541249752045
Epoch 9, val-method base, validation accuracy 70.18000030517578, best_prec 70.18000030517578
Epoch 10, l0 norm : 5953320, l1 norm : 2648930.289428711
Epoch 10, min : 0.0, max : 0.8722634315490723
This epoch duration :1285.849377155304
Epoch 10, val-method base, validation accuracy 70.5199966430664, best_prec 70.5199966430664
Epoch 11, l0 norm : 5953320, l1 norm : 2618667.5737304688
Epoch 11, min : 0.0, max : 0.8622668981552124
This epoch duration :1287.217095375061
Epoch 11, val-method base, validation accuracy 73.72000122070312, best_prec 73.72000122070312
Epoch 12, l0 norm : 5953320, l1 norm : 2589299.8005371094
Epoch 12, min : 0.0, max : 0.8525470495223999
This epoch duration :1287.8146274089813
Epoch 12, val-method base, validation accuracy 72.54999542236328, best_prec 73.72000122070312
Epoch 13, l0 norm : 5953320, l1 norm : 2560495.321960449
Epoch 13, min : 0.0, max : 0.8431037068367004
This epoch duration :1288.2908544540405
Epoch 13, val-method base, validation accuracy 75.73999786376953, best_prec 75.73999786376953
Epoch 14, l0 norm : 5953320, l1 norm : 2532737.1108398438
Epoch 14, min : 0.0, max : 0.8339367508888245
This epoch duration :1287.5981159210205
Epoch 14, val-method base, validation accuracy 74.79999542236328, best_prec 75.73999786376953
Epoch 15, l0 norm : 5953320, l1 norm : 2505773.7900390625
Epoch 15, min : 0.0, max : 0.8250459432601929
This epoch duration :1274.7200934886932
Epoch 15, val-method base, validation accuracy 79.5199966430664, best_prec 79.5199966430664
Epoch 16, l0 norm : 5953320, l1 norm : 2479363.047180176
Epoch 16, min : 0.0, max : 0.8164296746253967
This epoch duration :1292.4236929416656
Epoch 16, val-method base, validation accuracy 77.97999572753906, best_prec 79.5199966430664
Epoch 17, l0 norm : 5953320, l1 norm : 2453636.49420166
Epoch 17, min : 0.0, max : 0.8080877661705017
This epoch duration :1298.9057750701904
Epoch 17, val-method base, validation accuracy 76.79000091552734, best_prec 79.5199966430664
Epoch 18, l0 norm : 5953320, l1 norm : 2428717.614135742
Epoch 18, min : 0.0, max : 0.8000186085700989
This epoch duration :1298.062096118927
Epoch 18, val-method base, validation accuracy 82.0999984741211, best_prec 82.0999984741211
Epoch 19, l0 norm : 5953320, l1 norm : 2404517.233642578
Epoch 19, min : 0.0, max : 0.7922207713127136
This epoch duration :1297.995790719986
Epoch 19, val-method base, validation accuracy 80.07999420166016, best_prec 82.0999984741211
Epoch 20, l0 norm : 5953320, l1 norm : 2381280.106323242
Epoch 20, min : 0.0, max : 0.7846932411193848
This epoch duration :1298.0619821548462
Epoch 20, val-method base, validation accuracy 81.93999481201172, best_prec 82.0999984741211
Epoch 21, l0 norm : 5953320, l1 norm : 2358815.278137207
Epoch 21, min : 0.0, max : 0.7774331569671631
This epoch duration :1298.4883685112
Epoch 21, val-method base, validation accuracy 83.0999984741211, best_prec 83.0999984741211
Epoch 22, l0 norm : 5953320, l1 norm : 2337287.2111816406
Epoch 22, min : 0.0, max : 0.7704387307167053
This epoch duration :1280.9567279815674
Epoch 22, val-method base, validation accuracy 83.07999420166016, best_prec 83.0999984741211
Epoch 23, l0 norm : 5953320, l1 norm : 2316644.2822265625
Epoch 23, min : 0.0, max : 0.7637078762054443
This epoch duration :1286.4369354248047
Epoch 23, val-method base, validation accuracy 84.41999816894531, best_prec 84.41999816894531
Epoch 24, l0 norm : 5953320, l1 norm : 2296723.333129883
Epoch 24, min : 0.0, max : 0.757239043712616
This epoch duration :1290.3744752407074
Epoch 24, val-method base, validation accuracy 84.54999542236328, best_prec 84.54999542236328
Epoch 25, l0 norm : 5953320, l1 norm : 2277711.9681396484
Epoch 25, min : 0.0, max : 0.7510285973548889
This epoch duration :1290.5359499454498
Epoch 25, val-method base, validation accuracy 84.95999908447266, best_prec 84.95999908447266
Epoch 26, l0 norm : 5953320, l1 norm : 2259339.5043945312
Epoch 26, min : 0.0, max : 0.7450751066207886
This epoch duration :1289.9161667823792
Epoch 26, val-method base, validation accuracy 85.02999877929688, best_prec 85.02999877929688
Epoch 27, l0 norm : 5953320, l1 norm : 2241800.6818847656
Epoch 27, min : 0.0, max : 0.739375650882721
This epoch duration :1290.635400056839
Epoch 27, val-method base, validation accuracy 85.73999786376953, best_prec 85.73999786376953
Epoch 28, l0 norm : 5953320, l1 norm : 2225078.4998168945
Epoch 28, min : 0.0, max : 0.7339282631874084
This epoch duration :1289.9018950462341
Epoch 28, val-method base, validation accuracy 85.75, best_prec 85.75
Epoch 29, l0 norm : 5953320, l1 norm : 2209106.5853271484
Epoch 29, min : 0.0, max : 0.7287293076515198
This epoch duration :1275.357112646103
Epoch 29, val-method base, validation accuracy 86.61000061035156, best_prec 86.61000061035156
Epoch 30, l0 norm : 5953320, l1 norm : 2193876.137817383
Epoch 30, min : 0.0, max : 0.7237764000892639
This epoch duration :1298.9595925807953
Epoch 30, val-method base, validation accuracy 85.72999572753906, best_prec 86.61000061035156
Epoch 31, l0 norm : 5953320, l1 norm : 2179351.9604492188
Epoch 31, min : 0.0, max : 0.7190676331520081
This epoch duration :1303.6978278160095
Epoch 31, val-method base, validation accuracy 85.65999603271484, best_prec 86.61000061035156
Epoch 32, l0 norm : 5953320, l1 norm : 2165657.647583008
Epoch 32, min : 0.0, max : 0.7145993113517761
This epoch duration :1302.2985117435455
Epoch 32, val-method base, validation accuracy 86.66999816894531, best_prec 86.66999816894531
Epoch 33, l0 norm : 5953320, l1 norm : 2152581.4325561523
Epoch 33, min : 0.0, max : 0.7103691697120667
This epoch duration :1303.6209089756012
Epoch 33, val-method base, validation accuracy 86.3699951171875, best_prec 86.66999816894531
Epoch 34, l0 norm : 5953320, l1 norm : 2140238.2174072266
Epoch 34, min : 0.0, max : 0.7063747048377991
This epoch duration :1304.0804164409637
Epoch 34, val-method base, validation accuracy 87.54999542236328, best_prec 87.54999542236328
Epoch 35, l0 norm : 5953320, l1 norm : 2128598.5369262695
Epoch 35, min : 0.0, max : 0.7026122212409973
This epoch duration :1305.1615753173828
Epoch 35, val-method base, validation accuracy 87.4000015258789, best_prec 87.54999542236328
Epoch 36, l0 norm : 5953320, l1 norm : 2117712.128326416
Epoch 36, min : 0.0, max : 0.6990800499916077
This epoch duration :1290.1792392730713
Epoch 36, val-method base, validation accuracy 87.81999969482422, best_prec 87.81999969482422
Epoch 37, l0 norm : 5953320, l1 norm : 2107494.290283203
Epoch 37, min : 0.0, max : 0.6957751512527466
This epoch duration :1296.1274075508118
Epoch 37, val-method base, validation accuracy 87.47000122070312, best_prec 87.81999969482422
Epoch 38, l0 norm : 5953320, l1 norm : 2098047.9994506836
Epoch 38, min : 0.0, max : 0.6926953792572021
This epoch duration :1299.8850111961365
Epoch 38, val-method base, validation accuracy 88.11000061035156, best_prec 88.11000061035156
Epoch 39, l0 norm : 5953320, l1 norm : 2089258.1613769531
Epoch 39, min : 0.0, max : 0.6898365020751953
This epoch duration :1298.680124282837
Epoch 39, val-method base, validation accuracy 87.07999420166016, best_prec 88.11000061035156
Epoch 40, l0 norm : 5953320, l1 norm : 2081108.9853515625
Epoch 40, min : 0.0, max : 0.6871964931488037
This epoch duration :1299.989086151123
Epoch 40, val-method base, validation accuracy 88.8699951171875, best_prec 88.8699951171875
Epoch 41, l0 norm : 5953320, l1 norm : 2073644.821105957
Epoch 41, min : 0.0, max : 0.6847736239433289
This epoch duration :1298.1730253696442
Epoch 41, val-method base, validation accuracy 89.37999725341797, best_prec 89.37999725341797
Epoch 42, l0 norm : 5953320, l1 norm : 2066826.8141479492
Epoch 42, min : 0.0, max : 0.6825636029243469
This epoch duration :1299.8936400413513
Epoch 42, val-method base, validation accuracy 89.44999694824219, best_prec 89.44999694824219
Epoch 43, l0 norm : 5953320, l1 norm : 2060668.8705444336
Epoch 43, min : 0.0, max : 0.6805644631385803
This epoch duration :1283.631273984909
Epoch 43, val-method base, validation accuracy 88.68000030517578, best_prec 89.44999694824219
Epoch 44, l0 norm : 5953320, l1 norm : 2055155.128479004
Epoch 44, min : 0.0, max : 0.6787753701210022
This epoch duration :1306.8134198188782
Epoch 44, val-method base, validation accuracy 89.27999877929688, best_prec 89.44999694824219
Epoch 45, l0 norm : 5953320, l1 norm : 2050251.8940734863
Epoch 45, min : 0.0, max : 0.6771896481513977
This epoch duration :1309.4783017635345
Epoch 45, val-method base, validation accuracy 88.5999984741211, best_prec 89.44999694824219
Epoch 46, l0 norm : 5953320, l1 norm : 2045984.653137207
Epoch 46, min : 0.0, max : 0.6758072972297668
This epoch duration :1309.753360748291
Epoch 46, val-method base, validation accuracy 89.47999572753906, best_prec 89.47999572753906
Epoch 47, l0 norm : 5953320, l1 norm : 2042358.6286010742
Epoch 47, min : 0.0, max : 0.6746261715888977
This epoch duration :1311.4936039447784
Epoch 47, val-method base, validation accuracy 89.38999938964844, best_prec 89.47999572753906
Epoch 48, l0 norm : 5953320, l1 norm : 2039312.3531188965
Epoch 48, min : 0.0, max : 0.6736429929733276
This epoch duration :1314.0245780944824
Epoch 48, val-method base, validation accuracy 89.47999572753906, best_prec 89.47999572753906
Epoch 49, l0 norm : 5953320, l1 norm : 2036883.145690918
Epoch 49, min : 0.0, max : 0.6728583574295044
This epoch duration :1314.647715330124
Epoch 49, val-method base, validation accuracy 89.3699951171875, best_prec 89.47999572753906
Epoch 50, l0 norm : 5953320, l1 norm : 2035021.133605957
Epoch 50, min : 0.0, max : 0.6722628474235535
This epoch duration :1299.5376751422882
Epoch 50, val-method base, validation accuracy 89.0, best_prec 89.47999572753906
Epoch 51, l0 norm : 5953320, l1 norm : 2033758.966003418
Epoch 51, min : 0.0, max : 0.6718539595603943
This epoch duration :1310.878569841385
Epoch 51, val-method base, validation accuracy 90.44999694824219, best_prec 90.44999694824219
Epoch 52, l0 norm : 5953320, l1 norm : 2033060.3972167969
Epoch 52, min : 0.0, max : 0.6716342568397522
This epoch duration :1309.6562087535858
Epoch 52, val-method base, validation accuracy 90.29000091552734, best_prec 90.44999694824219
Epoch 53, l0 norm : 5953320, l1 norm : 2032926.9634399414
Epoch 53, min : 0.0, max : 0.6716037392616272
This epoch duration :1309.9083971977234
Epoch 53, val-method base, validation accuracy 89.1500015258789, best_prec 90.44999694824219
Epoch 54, l0 norm : 5953320, l1 norm : 2033380.5454406738
Epoch 54, min : 0.0, max : 0.6717644333839417
This epoch duration :1310.0605132579803
Epoch 54, val-method base, validation accuracy 89.50999450683594, best_prec 90.44999694824219
Epoch 55, l0 norm : 5953320, l1 norm : 2034356.8931884766
Epoch 55, min : 0.0, max : 0.6720970273017883
This epoch duration :1310.9950625896454
Epoch 55, val-method base, validation accuracy 90.27999877929688, best_prec 90.44999694824219
Epoch 56, l0 norm : 5953320, l1 norm : 2035848.9916381836
Epoch 56, min : 0.0, max : 0.6726017594337463
This epoch duration :1309.9719908237457
Epoch 56, val-method base, validation accuracy 89.3699951171875, best_prec 90.44999694824219
Epoch 57, l0 norm : 5953320, l1 norm : 2037926.7260437012
Epoch 57, min : 0.0, max : 0.6732814311981201
This epoch duration :1030.0132005214691
Epoch 57, val-method base, validation accuracy 90.31999969482422, best_prec 90.44999694824219
Epoch 58, l0 norm : 5953320, l1 norm : 2040508.525756836
Epoch 58, min : 0.0, max : 0.6741353273391724
This epoch duration :1153.4987466335297
Epoch 58, val-method base, validation accuracy 90.30999755859375, best_prec 90.44999694824219
Epoch 59, l0 norm : 5953320, l1 norm : 2043605.0720825195
Epoch 59, min : 0.0, max : 0.675166130065918
This epoch duration :1154.1547100543976
Epoch 59, val-method base, validation accuracy 90.75999450683594, best_prec 90.75999450683594
Epoch 60, l0 norm : 5953320, l1 norm : 2047215.173461914
Epoch 60, min : 0.0, max : 0.6763581037521362
This epoch duration :1153.4150607585907
Epoch 60, val-method base, validation accuracy 90.5199966430664, best_prec 90.75999450683594
Epoch 61, l0 norm : 5953320, l1 norm : 2051318.773651123
Epoch 61, min : 0.0, max : 0.6777150630950928
This epoch duration :1153.7065029144287
Epoch 61, val-method base, validation accuracy 90.72000122070312, best_prec 90.75999450683594
Epoch 62, l0 norm : 5953320, l1 norm : 2055925.7723388672
Epoch 62, min : 0.0, max : 0.6792336702346802
This epoch duration :1154.1417980194092
Epoch 62, val-method base, validation accuracy 90.72000122070312, best_prec 90.75999450683594
Epoch 63, l0 norm : 5953320, l1 norm : 2060994.5811462402
Epoch 63, min : 0.0, max : 0.680908739566803
This epoch duration :1049.1246712207794
Epoch 63, val-method base, validation accuracy 90.90999603271484, best_prec 90.90999603271484
Epoch 64, l0 norm : 5953320, l1 norm : 2066531.3438415527
Epoch 64, min : 0.0, max : 0.6827387809753418
This epoch duration :899.8430032730103
Epoch 64, val-method base, validation accuracy 90.48999786376953, best_prec 90.90999603271484
Epoch 65, l0 norm : 5953320, l1 norm : 2072532.2687072754
Epoch 65, min : 0.0, max : 0.6847202777862549
This epoch duration :898.5578091144562
Epoch 65, val-method base, validation accuracy 91.48999786376953, best_prec 91.48999786376953
Epoch 66, l0 norm : 5953320, l1 norm : 2078984.7868041992
Epoch 66, min : 0.0, max : 0.6868506073951721
This epoch duration :900.451938867569
Epoch 66, val-method base, validation accuracy 90.77999877929688, best_prec 91.48999786376953
Epoch 67, l0 norm : 5953320, l1 norm : 2085880.291595459
Epoch 67, min : 0.0, max : 0.6891250610351562
This epoch duration :898.1455523967743
Epoch 67, val-method base, validation accuracy 91.19999694824219, best_prec 91.48999786376953
Epoch 68, l0 norm : 5953320, l1 norm : 2093197.4307861328
Epoch 68, min : 0.0, max : 0.6915406584739685
This epoch duration :899.7500026226044
Epoch 68, val-method base, validation accuracy 91.13999938964844, best_prec 91.48999786376953
Epoch 69, l0 norm : 5953320, l1 norm : 2100936.1060791016
Epoch 69, min : 0.0, max : 0.6940919160842896
This epoch duration :832.7165005207062
Epoch 69, val-method base, validation accuracy 91.65999603271484, best_prec 91.65999603271484
Epoch 70, l0 norm : 5953320, l1 norm : 2109080.5479125977
Epoch 70, min : 0.0, max : 0.6967814564704895
This epoch duration :774.2726666927338
Epoch 70, val-method base, validation accuracy 91.5999984741211, best_prec 91.65999603271484
Epoch 71, l0 norm : 5953320, l1 norm : 2117618.88180542
Epoch 71, min : 0.0, max : 0.6995996236801147
This epoch duration :774.0651814937592
Epoch 71, val-method base, validation accuracy 91.27999877929688, best_prec 91.65999603271484
Epoch 72, l0 norm : 5953320, l1 norm : 2126534.2919311523
Epoch 72, min : 0.0, max : 0.7025408148765564
This epoch duration :776.1380548477173
Epoch 72, val-method base, validation accuracy 91.86000061035156, best_prec 91.86000061035156
Epoch 73, l0 norm : 5953320, l1 norm : 2135832.335632324
Epoch 73, min : 0.0, max : 0.7056037783622742
This epoch duration :776.4492175579071
Epoch 73, val-method base, validation accuracy 91.73999786376953, best_prec 91.86000061035156
Epoch 74, l0 norm : 5953320, l1 norm : 2145493.4593200684
Epoch 74, min : 0.0, max : 0.7087807059288025
This epoch duration :774.074428319931
Epoch 74, val-method base, validation accuracy 91.83999633789062, best_prec 91.86000061035156
Epoch 75, l0 norm : 5953320, l1 norm : 2155486.302307129
Epoch 75, min : 0.0, max : 0.7120702266693115
This epoch duration :773.6004359722137
Epoch 75, val-method base, validation accuracy 91.87999725341797, best_prec 91.87999725341797
Epoch 76, l0 norm : 5953320, l1 norm : 2165804.1337280273
Epoch 76, min : 0.0, max : 0.7154667973518372
This epoch duration :776.8067712783813
Epoch 76, val-method base, validation accuracy 92.20999908447266, best_prec 92.20999908447266
Epoch 77, l0 norm : 5953320, l1 norm : 2176416.1968688965
Epoch 77, min : 0.0, max : 0.7189657092094421
This epoch duration :776.6694021224976
Epoch 77, val-method base, validation accuracy 91.97000122070312, best_prec 92.20999908447266
Epoch 78, l0 norm : 5953320, l1 norm : 2187291.676513672
Epoch 78, min : 0.0, max : 0.7225605249404907
This epoch duration :773.3205850124359
Epoch 78, val-method base, validation accuracy 92.20999908447266, best_prec 92.20999908447266
Epoch 79, l0 norm : 5953320, l1 norm : 2198456.630065918
Epoch 79, min : 0.0, max : 0.7262445688247681
This epoch duration :774.2751727104187
Epoch 79, val-method base, validation accuracy 92.19999694824219, best_prec 92.20999908447266
Epoch 80, l0 norm : 5953320, l1 norm : 2209905.3959350586
Epoch 80, min : 0.0, max : 0.7300154566764832
This epoch duration :775.8560831546783
Epoch 80, val-method base, validation accuracy 91.77999877929688, best_prec 92.20999908447266
Epoch 81, l0 norm : 5953320, l1 norm : 2221558.1908569336
Epoch 81, min : 0.0, max : 0.7338649034500122
This epoch duration :774.9590468406677
Epoch 81, val-method base, validation accuracy 92.32999420166016, best_prec 92.32999420166016
Epoch 82, l0 norm : 5953320, l1 norm : 2233430.24407959
Epoch 82, min : 0.0, max : 0.7377775311470032
This epoch duration :774.2562961578369
Epoch 82, val-method base, validation accuracy 92.31999969482422, best_prec 92.32999420166016
Epoch 83, l0 norm : 5953320, l1 norm : 2245504.690673828
Epoch 83, min : 0.0, max : 0.7417574524879456
This epoch duration :776.8875093460083
Epoch 83, val-method base, validation accuracy 92.47999572753906, best_prec 92.47999572753906
Epoch 84, l0 norm : 5953320, l1 norm : 2257739.9251708984
Epoch 84, min : 0.0, max : 0.7457944750785828
This epoch duration :775.4809973239899
Epoch 84, val-method base, validation accuracy 92.3699951171875, best_prec 92.47999572753906
Epoch 85, l0 norm : 5953320, l1 norm : 2270147.6118774414
Epoch 85, min : 0.0, max : 0.7498816251754761
This epoch duration :775.0685558319092
Epoch 85, val-method base, validation accuracy 92.54999542236328, best_prec 92.54999542236328
Epoch 86, l0 norm : 5953320, l1 norm : 2282691.367980957
Epoch 86, min : 0.0, max : 0.7540091872215271
This epoch duration :776.1887471675873
Epoch 86, val-method base, validation accuracy 92.30999755859375, best_prec 92.54999542236328
Epoch 87, l0 norm : 5953320, l1 norm : 2295331.302368164
Epoch 87, min : 0.0, max : 0.7581832408905029
This epoch duration :774.1987600326538
Epoch 87, val-method base, validation accuracy 92.64999389648438, best_prec 92.64999389648438
Epoch 88, l0 norm : 5953320, l1 norm : 2308045.6955566406
Epoch 88, min : 0.0, max : 0.7623813152313232
This epoch duration :776.3536319732666
Epoch 88, val-method base, validation accuracy 92.2699966430664, best_prec 92.64999389648438
Epoch 89, l0 norm : 5953320, l1 norm : 2320805.384033203
Epoch 89, min : 0.0, max : 0.7665954828262329
This epoch duration :774.9375169277191
Epoch 89, val-method base, validation accuracy 92.43999481201172, best_prec 92.64999389648438
Epoch 90, l0 norm : 5953320, l1 norm : 2333598.1365966797
Epoch 90, min : 0.0, max : 0.7708207964897156
This epoch duration :777.232412815094
Epoch 90, val-method base, validation accuracy 92.44999694824219, best_prec 92.64999389648438
Epoch 91, l0 norm : 5953320, l1 norm : 2346387.323120117
Epoch 91, min : 0.0, max : 0.7750382423400879
This epoch duration :776.8225245475769
Epoch 91, val-method base, validation accuracy 92.38999938964844, best_prec 92.64999389648438
Epoch 92, l0 norm : 5953320, l1 norm : 2359156.8302001953
Epoch 92, min : 0.0, max : 0.7792506814002991
This epoch duration :773.9430303573608
Epoch 92, val-method base, validation accuracy 92.3499984741211, best_prec 92.64999389648438
Epoch 93, l0 norm : 5953320, l1 norm : 2371877.296020508
Epoch 93, min : 0.0, max : 0.783437967300415
This epoch duration :774.5097205638885
Epoch 93, val-method base, validation accuracy 92.38999938964844, best_prec 92.64999389648438
Epoch 94, l0 norm : 5953320, l1 norm : 2384509.630493164
Epoch 94, min : 0.0, max : 0.7876038551330566
This epoch duration :776.0561830997467
Epoch 94, val-method base, validation accuracy 92.20999908447266, best_prec 92.64999389648438
Epoch 95, l0 norm : 5953320, l1 norm : 2397023.702270508
Epoch 95, min : 0.0, max : 0.7917290329933167
This epoch duration :777.0245716571808
Epoch 95, val-method base, validation accuracy 92.39999389648438, best_prec 92.64999389648438
Epoch 96, l0 norm : 5953320, l1 norm : 2409416.6009521484
Epoch 96, min : 0.0, max : 0.7958168983459473
This epoch duration :773.9255595207214
Epoch 96, val-method base, validation accuracy 92.25999450683594, best_prec 92.64999389648438
Epoch 97, l0 norm : 5953320, l1 norm : 2421624.3701171875
Epoch 97, min : 0.0, max : 0.7998473048210144
This epoch duration :775.7419636249542
Epoch 97, val-method base, validation accuracy 92.29000091552734, best_prec 92.64999389648438
Epoch 98, l0 norm : 5953320, l1 norm : 2433621.4904785156
Epoch 98, min : 0.0, max : 0.8038007616996765
This epoch duration :776.5276784896851
Epoch 98, val-method base, validation accuracy 92.20999908447266, best_prec 92.64999389648438
Epoch 99, l0 norm : 5953320, l1 norm : 2445388.4064941406
Epoch 99, min : 0.0, max : 0.8076822757720947
This epoch duration :774.0232770442963
Epoch 99, val-method base, validation accuracy 92.16999816894531, best_prec 92.64999389648438
