Namespace(configs='configs/CIFAR10/pen_bip_1.yml', result_dir='./trained_models', exp_name='RC_pb1_m_25', exp_mode='prune', arch='resnet18', num_classes=10, layer_type='unstructured', k=None, lambd=0.99999996, alpha=1.0, fw_momentum=0.9, scaled_score_init=True, scale_rand_init=False, freeze_bn=False, source_net='trained_models/CIFAR10_resnet18_Pretrain/pretrain/latest_exp/checkpoint/model_best.pth.tar', scores_init_type=None, dataset='CIFAR10', batch_size=128, num_workers=2, test_batch_size=128, normalize=True, data_dir='./data', image_dim=32, trainer='penalized_bilevel_1', epochs=100, optimizer='sgd', wd=0.0001, mask_lr=0.1, lr=0.1, mask_lr_schedule='step', lr_schedule='cosine', momentum=0.9, warmup_epochs=0, warmup_lr=0.1, save_dense=False, evaluate=False, val_method='base', resume='', seed=1234, print_freq=100, lr2=0.0001, accelerate=False)
=> loading source model from 'trained_models/CIFAR10_resnet18_Pretrain/pretrain/latest_exp/checkpoint/model_best.pth.tar'
=> loaded checkpoint 'trained_models/CIFAR10_resnet18_Pretrain/pretrain/latest_exp/checkpoint/model_best.pth.tar'
Epoch 0, l0 norm : 8417890, l1 norm : 2629485.598022461
Epoch 0, min : 0.0, max : 0.7044732570648193
This epoch duration :1092.9906632900238
Epoch 0, val-method base, validation accuracy 61.8599967956543, best_prec 61.8599967956543
Epoch 1, l0 norm : 8429949, l1 norm : 2693904.748779297
Epoch 1, min : 0.0, max : 0.7070286870002747
This epoch duration :1103.462319612503
Epoch 1, val-method base, validation accuracy 74.86000061035156, best_prec 74.86000061035156
Epoch 2, l0 norm : 8432700, l1 norm : 2712886.410217285
Epoch 2, min : 0.0, max : 0.7272399067878723
This epoch duration :1102.327159166336
Epoch 2, val-method base, validation accuracy 78.61000061035156, best_prec 78.61000061035156
Epoch 3, l0 norm : 8433899, l1 norm : 2721975.871398926
Epoch 3, min : 0.0, max : 0.7198709845542908
This epoch duration :1100.6982383728027
Epoch 3, val-method base, validation accuracy 81.48999786376953, best_prec 81.48999786376953
Epoch 4, l0 norm : 8434796, l1 norm : 2727411.753479004
Epoch 4, min : 0.0, max : 0.7214420437812805
This epoch duration :1101.3682534694672
Epoch 4, val-method base, validation accuracy 83.66999816894531, best_prec 83.66999816894531
Epoch 5, l0 norm : 8435385, l1 norm : 2731849.1731567383
Epoch 5, min : 0.0, max : 0.7369120121002197
This epoch duration :1101.1904318332672
Epoch 5, val-method base, validation accuracy 84.65999603271484, best_prec 84.65999603271484
Epoch 6, l0 norm : 8435815, l1 norm : 2734638.9005737305
Epoch 6, min : 0.0, max : 0.7431051135063171
This epoch duration :1100.7038333415985
Epoch 6, val-method base, validation accuracy 86.05999755859375, best_prec 86.05999755859375
Epoch 7, l0 norm : 8436110, l1 norm : 2736789.5140686035
Epoch 7, min : 0.0, max : 0.7441887855529785
This epoch duration :1101.0403084754944
Epoch 7, val-method base, validation accuracy 87.16999816894531, best_prec 87.16999816894531
Epoch 8, l0 norm : 8436356, l1 norm : 2738282.263244629
Epoch 8, min : 0.0, max : 0.7361048460006714
This epoch duration :1101.7175316810608
Epoch 8, val-method base, validation accuracy 88.22999572753906, best_prec 88.22999572753906
Epoch 9, l0 norm : 8436612, l1 norm : 2739453.6929626465
Epoch 9, min : 0.0, max : 0.7351256012916565
This epoch duration :1100.9165279865265
Epoch 9, val-method base, validation accuracy 88.5999984741211, best_prec 88.5999984741211
Epoch 10, l0 norm : 8436826, l1 norm : 2740936.056213379
Epoch 10, min : 0.0, max : 0.7278676629066467
This epoch duration :1100.9568059444427
Epoch 10, val-method base, validation accuracy 86.8499984741211, best_prec 88.5999984741211
Epoch 11, l0 norm : 8436983, l1 norm : 2741902.8547973633
Epoch 11, min : 0.0, max : 0.7227547764778137
This epoch duration :1101.0253925323486
Epoch 11, val-method base, validation accuracy 87.79000091552734, best_prec 88.5999984741211
Epoch 12, l0 norm : 8437106, l1 norm : 2742561.250213623
Epoch 12, min : 0.0, max : 0.7157098650932312
This epoch duration :1101.9779016971588
Epoch 12, val-method base, validation accuracy 89.72000122070312, best_prec 89.72000122070312
Epoch 13, l0 norm : 8437210, l1 norm : 2743036.4569091797
Epoch 13, min : 0.0, max : 0.7150411605834961
This epoch duration :1100.8092923164368
Epoch 13, val-method base, validation accuracy 88.70999908447266, best_prec 89.72000122070312
Epoch 14, l0 norm : 8437305, l1 norm : 2743848.216491699
Epoch 14, min : 0.0, max : 0.7119278311729431
This epoch duration :1101.1784448623657
Epoch 14, val-method base, validation accuracy 89.1199951171875, best_prec 89.72000122070312
Epoch 15, l0 norm : 8437402, l1 norm : 2744297.1759033203
Epoch 15, min : 0.0, max : 0.7090440988540649
This epoch duration :1101.3468542099
Epoch 15, val-method base, validation accuracy 89.00999450683594, best_prec 89.72000122070312
Epoch 16, l0 norm : 8437491, l1 norm : 2744802.030029297
Epoch 16, min : 0.0, max : 0.7110515832901001
This epoch duration :1102.61034989357
Epoch 16, val-method base, validation accuracy 89.79999542236328, best_prec 89.79999542236328
Epoch 17, l0 norm : 8437553, l1 norm : 2744845.008178711
Epoch 17, min : 0.0, max : 0.7083458304405212
This epoch duration :1101.9527242183685
Epoch 17, val-method base, validation accuracy 89.72000122070312, best_prec 89.79999542236328
Epoch 18, l0 norm : 8437611, l1 norm : 2744781.382232666
Epoch 18, min : 0.0, max : 0.7070292830467224
This epoch duration :1103.0894021987915
Epoch 18, val-method base, validation accuracy 89.43000030517578, best_prec 89.79999542236328
Epoch 19, l0 norm : 8437679, l1 norm : 2744959.095184326
Epoch 19, min : 0.0, max : 0.7044860124588013
This epoch duration :1102.2301576137543
Epoch 19, val-method base, validation accuracy 89.25, best_prec 89.79999542236328
Epoch 20, l0 norm : 8437714, l1 norm : 2744812.1424560547
Epoch 20, min : 0.0, max : 0.704292893409729
This epoch duration :1102.184710741043
Epoch 20, val-method base, validation accuracy 89.65999603271484, best_prec 89.79999542236328
Epoch 21, l0 norm : 8437762, l1 norm : 2744938.7499084473
Epoch 21, min : 0.0, max : 0.7052130103111267
This epoch duration :1101.741928100586
Epoch 21, val-method base, validation accuracy 89.87999725341797, best_prec 89.87999725341797
Epoch 22, l0 norm : 8437804, l1 norm : 2745220.6298828125
Epoch 22, min : 0.0, max : 0.7016173601150513
This epoch duration :1102.2027649879456
Epoch 22, val-method base, validation accuracy 89.81999969482422, best_prec 89.87999725341797
Epoch 23, l0 norm : 8437838, l1 norm : 2745365.2083740234
Epoch 23, min : 0.0, max : 0.7002884745597839
This epoch duration :1102.454496383667
Epoch 23, val-method base, validation accuracy 89.93000030517578, best_prec 89.93000030517578
Epoch 24, l0 norm : 8437883, l1 norm : 2745715.303161621
Epoch 24, min : 0.0, max : 0.69794762134552
This epoch duration :1101.2434406280518
Epoch 24, val-method base, validation accuracy 90.37999725341797, best_prec 90.37999725341797
Epoch 25, l0 norm : 8437914, l1 norm : 2745841.0459899902
Epoch 25, min : 0.0, max : 0.695836067199707
This epoch duration :1102.1884491443634
Epoch 25, val-method base, validation accuracy 89.83999633789062, best_prec 90.37999725341797
Epoch 26, l0 norm : 8437949, l1 norm : 2745859.4072265625
Epoch 26, min : 0.0, max : 0.6948685050010681
This epoch duration :1101.8255174160004
Epoch 26, val-method base, validation accuracy 89.23999786376953, best_prec 90.37999725341797
Epoch 27, l0 norm : 8437967, l1 norm : 2745960.359313965
Epoch 27, min : 0.0, max : 0.6955841779708862
This epoch duration :1102.3984110355377
Epoch 27, val-method base, validation accuracy 90.1500015258789, best_prec 90.37999725341797
Epoch 28, l0 norm : 8438002, l1 norm : 2745843.7636413574
Epoch 28, min : 0.0, max : 0.6935498118400574
This epoch duration :1102.5137858390808
Epoch 28, val-method base, validation accuracy 89.72999572753906, best_prec 90.37999725341797
Epoch 29, l0 norm : 8438015, l1 norm : 2745752.7568359375
Epoch 29, min : 0.0, max : 0.6947945356369019
This epoch duration :1102.2887041568756
Epoch 29, val-method base, validation accuracy 90.5999984741211, best_prec 90.5999984741211
Epoch 30, l0 norm : 8438046, l1 norm : 2745750.106994629
Epoch 30, min : 0.0, max : 0.6968021392822266
This epoch duration :1102.604791879654
Epoch 30, val-method base, validation accuracy 90.5, best_prec 90.5999984741211
Epoch 31, l0 norm : 8438067, l1 norm : 2745507.5114746094
Epoch 31, min : 0.0, max : 0.696790874004364
This epoch duration :1102.427563905716
Epoch 31, val-method base, validation accuracy 90.22000122070312, best_prec 90.5999984741211
Epoch 32, l0 norm : 8438082, l1 norm : 2745335.3196411133
Epoch 32, min : 0.0, max : 0.7012423872947693
This epoch duration :1103.1345777511597
Epoch 32, val-method base, validation accuracy 90.8699951171875, best_prec 90.8699951171875
Epoch 33, l0 norm : 8438103, l1 norm : 2745155.6076049805
Epoch 33, min : 0.0, max : 0.7016489505767822
This epoch duration :1103.166954755783
Epoch 33, val-method base, validation accuracy 91.20999908447266, best_prec 91.20999908447266
Epoch 34, l0 norm : 8438122, l1 norm : 2744819.2310791016
Epoch 34, min : 0.0, max : 0.7032222747802734
This epoch duration :1102.9461114406586
Epoch 34, val-method base, validation accuracy 91.32999420166016, best_prec 91.32999420166016
Epoch 35, l0 norm : 8438133, l1 norm : 2744476.6452941895
Epoch 35, min : 0.0, max : 0.7037639021873474
This epoch duration :1101.956284046173
Epoch 35, val-method base, validation accuracy 90.90999603271484, best_prec 91.32999420166016
Epoch 36, l0 norm : 8438151, l1 norm : 2744315.725189209
Epoch 36, min : 0.0, max : 0.7056398987770081
This epoch duration :1102.9617376327515
Epoch 36, val-method base, validation accuracy 91.04000091552734, best_prec 91.32999420166016
Epoch 37, l0 norm : 8438160, l1 norm : 2743769.935852051
Epoch 37, min : 0.0, max : 0.7048404216766357
This epoch duration :1102.233927488327
Epoch 37, val-method base, validation accuracy 90.63999938964844, best_prec 91.32999420166016
Epoch 38, l0 norm : 8438169, l1 norm : 2743384.7856445312
Epoch 38, min : 0.0, max : 0.7013784050941467
This epoch duration :1102.1576943397522
Epoch 38, val-method base, validation accuracy 91.07999420166016, best_prec 91.32999420166016
Epoch 39, l0 norm : 8438183, l1 norm : 2743137.530151367
Epoch 39, min : 0.0, max : 0.6999435424804688
This epoch duration :1101.9482073783875
Epoch 39, val-method base, validation accuracy 91.06999969482422, best_prec 91.32999420166016
Epoch 40, l0 norm : 8438198, l1 norm : 2742471.9306640625
Epoch 40, min : 0.0, max : 0.6988589763641357
This epoch duration :1102.0609982013702
Epoch 40, val-method base, validation accuracy 91.14999389648438, best_prec 91.32999420166016
Epoch 41, l0 norm : 8438204, l1 norm : 2741725.3528137207
Epoch 41, min : 0.0, max : 0.6977237462997437
This epoch duration :1102.295296907425
Epoch 41, val-method base, validation accuracy 91.40999603271484, best_prec 91.40999603271484
Epoch 42, l0 norm : 8438214, l1 norm : 2741084.3681640625
Epoch 42, min : 0.0, max : 0.6970590949058533
This epoch duration :1103.215698480606
Epoch 42, val-method base, validation accuracy 91.62999725341797, best_prec 91.62999725341797
Epoch 43, l0 norm : 8438225, l1 norm : 2740307.2111816406
Epoch 43, min : 0.0, max : 0.6981454491615295
This epoch duration :1102.5333433151245
Epoch 43, val-method base, validation accuracy 91.81999969482422, best_prec 91.81999969482422
Epoch 44, l0 norm : 8438235, l1 norm : 2739524.775085449
Epoch 44, min : 0.0, max : 0.6999394297599792
This epoch duration :1102.8237998485565
Epoch 44, val-method base, validation accuracy 91.81999969482422, best_prec 91.81999969482422
Epoch 45, l0 norm : 8438241, l1 norm : 2738662.864074707
Epoch 45, min : 0.0, max : 0.7007391452789307
This epoch duration :1102.6850821971893
Epoch 45, val-method base, validation accuracy 91.00999450683594, best_prec 91.81999969482422
Epoch 46, l0 norm : 8438250, l1 norm : 2737691.167907715
Epoch 46, min : 0.0, max : 0.7011879682540894
This epoch duration :1102.5296256542206
Epoch 46, val-method base, validation accuracy 91.5, best_prec 91.81999969482422
Epoch 47, l0 norm : 8438254, l1 norm : 2736785.636779785
Epoch 47, min : 0.0, max : 0.7019056081771851
This epoch duration :1103.3087718486786
Epoch 47, val-method base, validation accuracy 91.47000122070312, best_prec 91.81999969482422
Epoch 48, l0 norm : 8438258, l1 norm : 2735559.9458618164
Epoch 48, min : 0.0, max : 0.702010989189148
This epoch duration :1102.510792016983
Epoch 48, val-method base, validation accuracy 91.93000030517578, best_prec 91.93000030517578
Epoch 49, l0 norm : 8438261, l1 norm : 2734247.1427612305
Epoch 49, min : 0.0, max : 0.7058034539222717
This epoch duration :1101.9006011486053
Epoch 49, val-method base, validation accuracy 91.66999816894531, best_prec 91.93000030517578
Epoch 50, l0 norm : 8438264, l1 norm : 2732742.5933532715
Epoch 50, min : 0.0, max : 0.7078887224197388
This epoch duration :1102.3742439746857
Epoch 50, val-method base, validation accuracy 92.05999755859375, best_prec 92.05999755859375
Epoch 51, l0 norm : 8438269, l1 norm : 2731445.554107666
Epoch 51, min : 0.0, max : 0.7073256969451904
This epoch duration :1101.6669297218323
Epoch 51, val-method base, validation accuracy 91.81999969482422, best_prec 92.05999755859375
Epoch 52, l0 norm : 8438274, l1 norm : 2729974.881958008
Epoch 52, min : 0.0, max : 0.7086119055747986
This epoch duration :1103.968006849289
Epoch 52, val-method base, validation accuracy 91.86000061035156, best_prec 92.05999755859375
Epoch 53, l0 norm : 8438279, l1 norm : 2728630.30178833
Epoch 53, min : 0.0, max : 0.7088819146156311
This epoch duration :1101.8564693927765
Epoch 53, val-method base, validation accuracy 92.3699951171875, best_prec 92.3699951171875
Epoch 54, l0 norm : 8438284, l1 norm : 2726648.3753967285
Epoch 54, min : 0.0, max : 0.7093278765678406
This epoch duration :1102.0954122543335
Epoch 54, val-method base, validation accuracy 92.30999755859375, best_prec 92.3699951171875
Epoch 55, l0 norm : 8438286, l1 norm : 2724742.214538574
Epoch 55, min : 0.0, max : 0.7105696797370911
This epoch duration :1101.8196110725403
Epoch 55, val-method base, validation accuracy 92.0999984741211, best_prec 92.3699951171875
Epoch 56, l0 norm : 8438289, l1 norm : 2722636.1849975586
Epoch 56, min : 0.0, max : 0.7118340730667114
This epoch duration :1102.4582800865173
Epoch 56, val-method base, validation accuracy 91.83999633789062, best_prec 92.3699951171875
Epoch 57, l0 norm : 8438292, l1 norm : 2720025.7082824707
Epoch 57, min : 0.0, max : 0.7125067710876465
This epoch duration :1102.0899662971497
Epoch 57, val-method base, validation accuracy 92.02999877929688, best_prec 92.3699951171875
Epoch 58, l0 norm : 8438296, l1 norm : 2717243.0247192383
Epoch 58, min : 0.0, max : 0.7122451663017273
This epoch duration :1101.9620745182037
Epoch 58, val-method base, validation accuracy 92.32999420166016, best_prec 92.3699951171875
Epoch 59, l0 norm : 8438298, l1 norm : 2715095.8608398438
Epoch 59, min : 0.0, max : 0.7132197618484497
This epoch duration :1102.397512435913
Epoch 59, val-method base, validation accuracy 92.54999542236328, best_prec 92.54999542236328
Epoch 60, l0 norm : 8438300, l1 norm : 2712508.915161133
Epoch 60, min : 0.0, max : 0.7143245339393616
This epoch duration :1102.5584161281586
Epoch 60, val-method base, validation accuracy 92.43999481201172, best_prec 92.54999542236328
Epoch 61, l0 norm : 8438302, l1 norm : 2709382.0009765625
Epoch 61, min : 0.0, max : 0.7165068984031677
This epoch duration :1102.5514643192291
Epoch 61, val-method base, validation accuracy 92.79999542236328, best_prec 92.79999542236328
Epoch 62, l0 norm : 8438305, l1 norm : 2705768.867980957
Epoch 62, min : 0.0, max : 0.7163201570510864
This epoch duration :1102.7022564411163
Epoch 62, val-method base, validation accuracy 92.97000122070312, best_prec 92.97000122070312
Epoch 63, l0 norm : 8438308, l1 norm : 2702323.75579834
Epoch 63, min : 0.0, max : 0.717425525188446
This epoch duration :1107.8062162399292
Epoch 63, val-method base, validation accuracy 92.5, best_prec 92.97000122070312
Epoch 64, l0 norm : 8438313, l1 norm : 2698664.43560791
Epoch 64, min : 0.0, max : 0.7170771360397339
This epoch duration :1122.214856147766
Epoch 64, val-method base, validation accuracy 93.02999877929688, best_prec 93.02999877929688
Epoch 65, l0 norm : 8438314, l1 norm : 2693908.429382324
Epoch 65, min : 0.0, max : 0.7177324891090393
This epoch duration :1106.9694182872772
Epoch 65, val-method base, validation accuracy 93.48999786376953, best_prec 93.48999786376953
Epoch 66, l0 norm : 8438318, l1 norm : 2687931.582672119
Epoch 66, min : 0.0, max : 0.7193597555160522
This epoch duration :1101.8254041671753
Epoch 66, val-method base, validation accuracy 92.98999786376953, best_prec 93.48999786376953
Epoch 67, l0 norm : 8438322, l1 norm : 2682709.458984375
Epoch 67, min : 0.0, max : 0.7224744558334351
This epoch duration :1102.0813546180725
Epoch 67, val-method base, validation accuracy 93.52999877929688, best_prec 93.52999877929688
Epoch 68, l0 norm : 8438327, l1 norm : 2676266.6058654785
Epoch 68, min : 0.0, max : 0.7236912250518799
This epoch duration :1101.0248868465424
Epoch 68, val-method base, validation accuracy 93.50999450683594, best_prec 93.52999877929688
Epoch 69, l0 norm : 8438327, l1 norm : 2668896.1971740723
Epoch 69, min : 0.0, max : 0.7256544232368469
This epoch duration :1100.7848408222198
Epoch 69, val-method base, validation accuracy 93.29999542236328, best_prec 93.52999877929688
Epoch 70, l0 norm : 8438330, l1 norm : 2660827.969177246
Epoch 70, min : 0.0, max : 0.7286022305488586
This epoch duration :1101.6626045703888
Epoch 70, val-method base, validation accuracy 93.47000122070312, best_prec 93.52999877929688
Epoch 71, l0 norm : 8438337, l1 norm : 2652900.033996582
Epoch 71, min : 0.0, max : 0.730725884437561
This epoch duration :1101.0968763828278
Epoch 71, val-method base, validation accuracy 93.56999969482422, best_prec 93.56999969482422
Epoch 72, l0 norm : 8438337, l1 norm : 2643623.955657959
Epoch 72, min : 0.0, max : 0.7315813899040222
This epoch duration :1101.2915320396423
Epoch 72, val-method base, validation accuracy 93.89999389648438, best_prec 93.89999389648438
Epoch 73, l0 norm : 8438339, l1 norm : 2634512.6572875977
Epoch 73, min : 0.0, max : 0.7335711121559143
This epoch duration :1101.4352779388428
Epoch 73, val-method base, validation accuracy 93.91999816894531, best_prec 93.91999816894531
Epoch 74, l0 norm : 8438339, l1 norm : 2623853.8897094727
Epoch 74, min : 0.0, max : 0.7350068092346191
This epoch duration :1102.042650938034
Epoch 74, val-method base, validation accuracy 93.98999786376953, best_prec 93.98999786376953
Epoch 75, l0 norm : 8438342, l1 norm : 2612004.650817871
Epoch 75, min : 0.0, max : 0.7369197010993958
This epoch duration :1101.5861082077026
Epoch 75, val-method base, validation accuracy 93.89999389648438, best_prec 93.98999786376953
Epoch 76, l0 norm : 8438342, l1 norm : 2599912.496734619
Epoch 76, min : 0.0, max : 0.739549458026886
This epoch duration :1101.9914455413818
Epoch 76, val-method base, validation accuracy 94.13999938964844, best_prec 94.13999938964844
Epoch 77, l0 norm : 8438343, l1 norm : 2588466.4533691406
Epoch 77, min : 0.0, max : 0.7418836951255798
This epoch duration :1101.7781682014465
Epoch 77, val-method base, validation accuracy 93.97999572753906, best_prec 94.13999938964844
Epoch 78, l0 norm : 8438343, l1 norm : 2576332.208709717
Epoch 78, min : 0.0, max : 0.7458034157752991
This epoch duration :1103.1235835552216
Epoch 78, val-method base, validation accuracy 94.04000091552734, best_prec 94.13999938964844
Epoch 79, l0 norm : 8438343, l1 norm : 2563192.937438965
Epoch 79, min : 0.0, max : 0.7483081817626953
This epoch duration :1103.4174156188965
Epoch 79, val-method base, validation accuracy 94.11000061035156, best_prec 94.13999938964844
Epoch 80, l0 norm : 8438343, l1 norm : 2547657.777038574
Epoch 80, min : 0.0, max : 0.7517844438552856
This epoch duration :1103.5322473049164
Epoch 80, val-method base, validation accuracy 94.02999877929688, best_prec 94.13999938964844
Epoch 81, l0 norm : 8438343, l1 norm : 2533486.237060547
Epoch 81, min : 0.0, max : 0.7547025680541992
This epoch duration :1102.7097585201263
Epoch 81, val-method base, validation accuracy 94.07999420166016, best_prec 94.13999938964844
Epoch 82, l0 norm : 8438343, l1 norm : 2518656.004638672
Epoch 82, min : 0.0, max : 0.7578805088996887
This epoch duration :1102.7366564273834
Epoch 82, val-method base, validation accuracy 94.1199951171875, best_prec 94.13999938964844
Epoch 83, l0 norm : 8438343, l1 norm : 2502942.949584961
Epoch 83, min : 0.0, max : 0.7607030868530273
This epoch duration :1102.4432508945465
Epoch 83, val-method base, validation accuracy 94.0999984741211, best_prec 94.13999938964844
Epoch 84, l0 norm : 8438343, l1 norm : 2487002.146057129
Epoch 84, min : 0.0, max : 0.7628297805786133
This epoch duration :1102.560658454895
Epoch 84, val-method base, validation accuracy 94.18999481201172, best_prec 94.18999481201172
Epoch 85, l0 norm : 8438343, l1 norm : 2470999.7130126953
Epoch 85, min : 0.0, max : 0.7652990221977234
This epoch duration :1103.1304824352264
Epoch 85, val-method base, validation accuracy 94.25999450683594, best_prec 94.25999450683594
Epoch 86, l0 norm : 8438343, l1 norm : 2455456.331176758
Epoch 86, min : 0.0, max : 0.7679165601730347
This epoch duration :1104.483608007431
Epoch 86, val-method base, validation accuracy 94.16999816894531, best_prec 94.25999450683594
Epoch 87, l0 norm : 8438343, l1 norm : 2440521.4038085938
Epoch 87, min : 0.0, max : 0.7707374095916748
This epoch duration :1102.5678026676178
Epoch 87, val-method base, validation accuracy 94.29999542236328, best_prec 94.29999542236328
Epoch 88, l0 norm : 8438343, l1 norm : 2425872.525390625
Epoch 88, min : 0.0, max : 0.7730608582496643
This epoch duration :1102.2389719486237
Epoch 88, val-method base, validation accuracy 94.3499984741211, best_prec 94.3499984741211
Epoch 89, l0 norm : 8438343, l1 norm : 2410451.2852783203
Epoch 89, min : 0.0, max : 0.7758147120475769
This epoch duration :1102.4398682117462
Epoch 89, val-method base, validation accuracy 94.29999542236328, best_prec 94.3499984741211
Epoch 90, l0 norm : 8438343, l1 norm : 2395234.7760620117
Epoch 90, min : 0.0, max : 0.77791827917099
This epoch duration :1102.8427579402924
Epoch 90, val-method base, validation accuracy 94.43000030517578, best_prec 94.43000030517578
Epoch 91, l0 norm : 8438344, l1 norm : 2379933.655822754
Epoch 91, min : 0.0, max : 0.779569685459137
This epoch duration :1102.042771100998
Epoch 91, val-method base, validation accuracy 94.30999755859375, best_prec 94.43000030517578
Epoch 92, l0 norm : 8438344, l1 norm : 2365751.1815490723
Epoch 92, min : 0.0, max : 0.7816047668457031
This epoch duration :1101.8719463348389
Epoch 92, val-method base, validation accuracy 94.29000091552734, best_prec 94.43000030517578
Epoch 93, l0 norm : 8438344, l1 norm : 2351719.9263916016
Epoch 93, min : 0.0, max : 0.7842239737510681
This epoch duration :1101.3139190673828
Epoch 93, val-method base, validation accuracy 94.31999969482422, best_prec 94.43000030517578
Epoch 94, l0 norm : 8438344, l1 norm : 2338027.4248657227
Epoch 94, min : 0.0, max : 0.7867091298103333
This epoch duration :1102.006890296936
Epoch 94, val-method base, validation accuracy 94.33999633789062, best_prec 94.43000030517578
Epoch 95, l0 norm : 8438344, l1 norm : 2324583.5002441406
Epoch 95, min : 0.0, max : 0.7890092730522156
This epoch duration :1102.0343263149261
Epoch 95, val-method base, validation accuracy 94.20999908447266, best_prec 94.43000030517578
Epoch 96, l0 norm : 8438344, l1 norm : 2311386.3764648438
Epoch 96, min : 0.0, max : 0.7900312542915344
This epoch duration :1102.3155376911163
Epoch 96, val-method base, validation accuracy 94.25, best_prec 94.43000030517578
Epoch 97, l0 norm : 8438344, l1 norm : 2296902.9072875977
Epoch 97, min : 0.0, max : 0.7921658754348755
This epoch duration :1102.3429861068726
Epoch 97, val-method base, validation accuracy 94.29999542236328, best_prec 94.43000030517578
Epoch 98, l0 norm : 8438344, l1 norm : 2283891.9108276367
Epoch 98, min : 0.0, max : 0.7942852973937988
This epoch duration :1102.154242515564
Epoch 98, val-method base, validation accuracy 94.25999450683594, best_prec 94.43000030517578
Epoch 99, l0 norm : 8438344, l1 norm : 2270918.5500183105
Epoch 99, min : 0.0, max : 0.7957802414894104
This epoch duration :1014.8016679286957
Epoch 99, val-method base, validation accuracy 94.38999938964844, best_prec 94.43000030517578
