Namespace(configs='configs/CIFAR10/pen_bip_1.yml', result_dir='./trained_models', exp_name='RC_pb1_m_17', exp_mode='prune', arch='resnet18', num_classes=10, layer_type='unstructured', k=None, lambd=0.9999997, alpha=1.0, fw_momentum=0.9, scaled_score_init=True, scale_rand_init=False, freeze_bn=False, source_net='trained_models/CIFAR10_resnet18_Pretrain/pretrain/latest_exp/checkpoint/model_best.pth.tar', scores_init_type=None, dataset='CIFAR10', batch_size=128, num_workers=2, test_batch_size=128, normalize=True, data_dir='./data', image_dim=32, trainer='penalized_bilevel_1', epochs=100, optimizer='sgd', wd=0.0001, mask_lr=0.1, lr=0.1, mask_lr_schedule='step', lr_schedule='cosine', momentum=0.9, warmup_epochs=0, warmup_lr=0.1, save_dense=False, evaluate=False, val_method='base', resume='', seed=1234, print_freq=100, lr2=0.0001, accelerate=False)
=> loading source model from 'trained_models/CIFAR10_resnet18_Pretrain/pretrain/latest_exp/checkpoint/model_best.pth.tar'
=> loaded checkpoint 'trained_models/CIFAR10_resnet18_Pretrain/pretrain/latest_exp/checkpoint/model_best.pth.tar'
Epoch 0, l0 norm : 5384162, l1 norm : 1177351.9902648926
Epoch 0, min : 0.0, max : 0.7315363883972168
This epoch duration :1829.2365062236786
Epoch 0, val-method base, validation accuracy 64.68000030517578, best_prec 64.68000030517578
Epoch 1, l0 norm : 5396352, l1 norm : 1221416.189453125
Epoch 1, min : 0.0, max : 0.7451696395874023
This epoch duration :1485.2696979045868
Epoch 1, val-method base, validation accuracy 78.8499984741211, best_prec 78.8499984741211
Epoch 2, l0 norm : 5399377, l1 norm : 1233858.4673156738
Epoch 2, min : 0.0, max : 0.7375407218933105
This epoch duration :1478.7262148857117
Epoch 2, val-method base, validation accuracy 83.11000061035156, best_prec 83.11000061035156
Epoch 3, l0 norm : 5400818, l1 norm : 1239881.0563659668
Epoch 3, min : 0.0, max : 0.752119243144989
This epoch duration :1478.1699171066284
Epoch 3, val-method base, validation accuracy 84.25, best_prec 84.25
Epoch 4, l0 norm : 5401638, l1 norm : 1243481.4752197266
Epoch 4, min : 0.0, max : 0.7724945545196533
This epoch duration :1478.3895421028137
Epoch 4, val-method base, validation accuracy 84.86000061035156, best_prec 84.86000061035156
Epoch 5, l0 norm : 5402266, l1 norm : 1245967.37890625
Epoch 5, min : 0.0, max : 0.7776573896408081
This epoch duration :1478.03763961792
Epoch 5, val-method base, validation accuracy 87.29999542236328, best_prec 87.29999542236328
Epoch 6, l0 norm : 5402705, l1 norm : 1248063.1768951416
Epoch 6, min : 0.0, max : 0.790969967842102
This epoch duration :1474.8657302856445
Epoch 6, val-method base, validation accuracy 86.68000030517578, best_prec 87.29999542236328
Epoch 7, l0 norm : 5402975, l1 norm : 1249736.1356811523
Epoch 7, min : 0.0, max : 0.7903034090995789
This epoch duration :1475.722226858139
Epoch 7, val-method base, validation accuracy 88.40999603271484, best_prec 88.40999603271484
Epoch 8, l0 norm : 5403167, l1 norm : 1250759.648803711
Epoch 8, min : 0.0, max : 0.7790260314941406
This epoch duration :1475.9772365093231
Epoch 8, val-method base, validation accuracy 89.83999633789062, best_prec 89.83999633789062
Epoch 9, l0 norm : 5403374, l1 norm : 1252216.1017456055
Epoch 9, min : 0.0, max : 0.7788286209106445
This epoch duration :1476.8391604423523
Epoch 9, val-method base, validation accuracy 90.20999908447266, best_prec 90.20999908447266
Epoch 10, l0 norm : 5403567, l1 norm : 1253142.307647705
Epoch 10, min : 0.0, max : 0.753729522228241
This epoch duration :1480.3968856334686
Epoch 10, val-method base, validation accuracy 88.00999450683594, best_prec 90.20999908447266
Epoch 11, l0 norm : 5403683, l1 norm : 1253978.8470458984
Epoch 11, min : 0.0, max : 0.7508640289306641
This epoch duration :1481.048649072647
Epoch 11, val-method base, validation accuracy 89.9000015258789, best_prec 90.20999908447266
Epoch 12, l0 norm : 5403796, l1 norm : 1254472.6106872559
Epoch 12, min : 0.0, max : 0.7482563853263855
This epoch duration :1477.7177114486694
Epoch 12, val-method base, validation accuracy 90.19999694824219, best_prec 90.20999908447266
Epoch 13, l0 norm : 5403926, l1 norm : 1255070.3147277832
Epoch 13, min : 0.0, max : 0.7372251152992249
This epoch duration :1477.5791914463043
Epoch 13, val-method base, validation accuracy 89.75, best_prec 90.20999908447266
Epoch 14, l0 norm : 5404002, l1 norm : 1255406.357269287
Epoch 14, min : 0.0, max : 0.7375550270080566
This epoch duration :1476.0538256168365
Epoch 14, val-method base, validation accuracy 89.88999938964844, best_prec 90.20999908447266
Epoch 15, l0 norm : 5404071, l1 norm : 1255703.1010131836
Epoch 15, min : 0.0, max : 0.7370401620864868
This epoch duration :1480.3787388801575
Epoch 15, val-method base, validation accuracy 90.73999786376953, best_prec 90.73999786376953
Epoch 16, l0 norm : 5404131, l1 norm : 1256012.9311218262
Epoch 16, min : 0.0, max : 0.7349838018417358
This epoch duration :1480.7758901119232
Epoch 16, val-method base, validation accuracy 90.79999542236328, best_prec 90.79999542236328
Epoch 17, l0 norm : 5404185, l1 norm : 1256206.5597839355
Epoch 17, min : 0.0, max : 0.731606125831604
This epoch duration :1477.9636957645416
Epoch 17, val-method base, validation accuracy 90.43999481201172, best_prec 90.79999542236328
Epoch 18, l0 norm : 5404219, l1 norm : 1256282.6722106934
Epoch 18, min : 0.0, max : 0.7332010865211487
This epoch duration :1476.6196830272675
Epoch 18, val-method base, validation accuracy 90.91999816894531, best_prec 90.91999816894531
Epoch 19, l0 norm : 5404262, l1 norm : 1256381.2100524902
Epoch 19, min : 0.0, max : 0.7338407635688782
This epoch duration :1476.3225078582764
Epoch 19, val-method base, validation accuracy 91.33999633789062, best_prec 91.33999633789062
Epoch 20, l0 norm : 5404289, l1 norm : 1256187.4154968262
Epoch 20, min : 0.0, max : 0.7331624627113342
This epoch duration :1477.5416870117188
Epoch 20, val-method base, validation accuracy 90.88999938964844, best_prec 91.33999633789062
Epoch 21, l0 norm : 5404328, l1 norm : 1256241.6353912354
Epoch 21, min : 0.0, max : 0.7328798770904541
This epoch duration :1475.3798830509186
Epoch 21, val-method base, validation accuracy 90.88999938964844, best_prec 91.33999633789062
Epoch 22, l0 norm : 5404354, l1 norm : 1256304.845489502
Epoch 22, min : 0.0, max : 0.7320595383644104
This epoch duration :1476.9485654830933
Epoch 22, val-method base, validation accuracy 90.56999969482422, best_prec 91.33999633789062
Epoch 23, l0 norm : 5404380, l1 norm : 1256499.9148101807
Epoch 23, min : 0.0, max : 0.7356416583061218
This epoch duration :1473.6178715229034
Epoch 23, val-method base, validation accuracy 91.23999786376953, best_prec 91.33999633789062
Epoch 24, l0 norm : 5404395, l1 norm : 1256495.4573364258
Epoch 24, min : 0.0, max : 0.7361831068992615
This epoch duration :1475.9793000221252
Epoch 24, val-method base, validation accuracy 91.1199951171875, best_prec 91.33999633789062
Epoch 25, l0 norm : 5404413, l1 norm : 1256422.0372009277
Epoch 25, min : 0.0, max : 0.7375818490982056
This epoch duration :1476.2716183662415
Epoch 25, val-method base, validation accuracy 90.2699966430664, best_prec 91.33999633789062
Epoch 26, l0 norm : 5404426, l1 norm : 1256374.4327087402
Epoch 26, min : 0.0, max : 0.7406303882598877
This epoch duration :1477.1767783164978
Epoch 26, val-method base, validation accuracy 91.48999786376953, best_prec 91.48999786376953
Epoch 27, l0 norm : 5404448, l1 norm : 1256358.4623718262
Epoch 27, min : 0.0, max : 0.744671642780304
This epoch duration :1472.770611524582
Epoch 27, val-method base, validation accuracy 91.02999877929688, best_prec 91.48999786376953
Epoch 28, l0 norm : 5404460, l1 norm : 1256417.761566162
Epoch 28, min : 0.0, max : 0.7453548908233643
This epoch duration :1474.2342159748077
Epoch 28, val-method base, validation accuracy 91.25, best_prec 91.48999786376953
Epoch 29, l0 norm : 5404481, l1 norm : 1256454.3032531738
Epoch 29, min : 0.0, max : 0.7447927594184875
This epoch duration :1475.2749915122986
Epoch 29, val-method base, validation accuracy 90.87999725341797, best_prec 91.48999786376953
Epoch 30, l0 norm : 5404494, l1 norm : 1256371.7011871338
Epoch 30, min : 0.0, max : 0.7431771755218506
This epoch duration :1475.7711548805237
Epoch 30, val-method base, validation accuracy 91.7699966430664, best_prec 91.7699966430664
Epoch 31, l0 norm : 5404496, l1 norm : 1256080.2770996094
Epoch 31, min : 0.0, max : 0.7468611598014832
This epoch duration :1475.3491592407227
Epoch 31, val-method base, validation accuracy 91.38999938964844, best_prec 91.7699966430664
Epoch 32, l0 norm : 5404502, l1 norm : 1255731.8753051758
Epoch 32, min : 0.0, max : 0.7467325925827026
This epoch duration :1476.4604678153992
Epoch 32, val-method base, validation accuracy 91.38999938964844, best_prec 91.7699966430664
Epoch 33, l0 norm : 5404511, l1 norm : 1255326.4324493408
Epoch 33, min : 0.0, max : 0.7454014420509338
This epoch duration :1480.3999509811401
Epoch 33, val-method base, validation accuracy 90.70999908447266, best_prec 91.7699966430664
Epoch 34, l0 norm : 5404517, l1 norm : 1254966.4961090088
Epoch 34, min : 0.0, max : 0.7454643845558167
This epoch duration :1479.1289269924164
Epoch 34, val-method base, validation accuracy 91.58999633789062, best_prec 91.7699966430664
Epoch 35, l0 norm : 5404519, l1 norm : 1254695.8629455566
Epoch 35, min : 0.0, max : 0.7423052787780762
This epoch duration :1477.8577370643616
Epoch 35, val-method base, validation accuracy 91.58999633789062, best_prec 91.7699966430664
Epoch 36, l0 norm : 5404524, l1 norm : 1254286.0398101807
Epoch 36, min : 0.0, max : 0.744312047958374
This epoch duration :1475.4317364692688
Epoch 36, val-method base, validation accuracy 91.70999908447266, best_prec 91.7699966430664
Epoch 37, l0 norm : 5404529, l1 norm : 1253981.9998016357
Epoch 37, min : 0.0, max : 0.7417837381362915
This epoch duration :1474.7465274333954
Epoch 37, val-method base, validation accuracy 91.75999450683594, best_prec 91.7699966430664
Epoch 38, l0 norm : 5404535, l1 norm : 1253681.8557739258
Epoch 38, min : 0.0, max : 0.7430750727653503
This epoch duration :1477.2871870994568
Epoch 38, val-method base, validation accuracy 91.69999694824219, best_prec 91.7699966430664
Epoch 39, l0 norm : 5404542, l1 norm : 1253406.0068359375
Epoch 39, min : 0.0, max : 0.742630660533905
This epoch duration :1477.522692680359
Epoch 39, val-method base, validation accuracy 92.19999694824219, best_prec 92.19999694824219
Epoch 40, l0 norm : 5404553, l1 norm : 1253231.1492767334
Epoch 40, min : 0.0, max : 0.7391312718391418
This epoch duration :1476.0071337223053
Epoch 40, val-method base, validation accuracy 92.12999725341797, best_prec 92.19999694824219
Epoch 41, l0 norm : 5404554, l1 norm : 1252684.0105285645
Epoch 41, min : 0.0, max : 0.7381445169448853
This epoch duration :1475.082587480545
Epoch 41, val-method base, validation accuracy 92.08999633789062, best_prec 92.19999694824219
Epoch 42, l0 norm : 5404554, l1 norm : 1251960.847808838
Epoch 42, min : 0.0, max : 0.7365525960922241
This epoch duration :1477.5864322185516
Epoch 42, val-method base, validation accuracy 91.75, best_prec 92.19999694824219
Epoch 43, l0 norm : 5404555, l1 norm : 1251504.7037506104
Epoch 43, min : 0.0, max : 0.7342654466629028
This epoch duration :1478.6423165798187
Epoch 43, val-method base, validation accuracy 92.16999816894531, best_prec 92.19999694824219
Epoch 44, l0 norm : 5404557, l1 norm : 1250816.5839233398
Epoch 44, min : 0.0, max : 0.7335717082023621
This epoch duration :1481.2154650688171
Epoch 44, val-method base, validation accuracy 92.30999755859375, best_prec 92.30999755859375
Epoch 45, l0 norm : 5404563, l1 norm : 1250330.4097137451
Epoch 45, min : 0.0, max : 0.73215651512146
This epoch duration :1478.0703468322754
Epoch 45, val-method base, validation accuracy 92.32999420166016, best_prec 92.32999420166016
Epoch 46, l0 norm : 5404566, l1 norm : 1249607.515335083
Epoch 46, min : 0.0, max : 0.7301955223083496
This epoch duration :1476.8493270874023
Epoch 46, val-method base, validation accuracy 91.7699966430664, best_prec 92.32999420166016
Epoch 47, l0 norm : 5404570, l1 norm : 1248895.3160705566
Epoch 47, min : 0.0, max : 0.7316269874572754
This epoch duration :1475.357807636261
Epoch 47, val-method base, validation accuracy 92.27999877929688, best_prec 92.32999420166016
Epoch 48, l0 norm : 5404571, l1 norm : 1248318.196762085
Epoch 48, min : 0.0, max : 0.7305848002433777
This epoch duration :1477.1752135753632
Epoch 48, val-method base, validation accuracy 92.5, best_prec 92.5
Epoch 49, l0 norm : 5404573, l1 norm : 1247389.4609680176
Epoch 49, min : 0.0, max : 0.7304156422615051
This epoch duration :1474.7976126670837
Epoch 49, val-method base, validation accuracy 92.81999969482422, best_prec 92.81999969482422
Epoch 50, l0 norm : 5404575, l1 norm : 1246463.634765625
Epoch 50, min : 0.0, max : 0.7289679646492004
This epoch duration :1465.9403536319733
Epoch 50, val-method base, validation accuracy 92.18999481201172, best_prec 92.81999969482422
Epoch 51, l0 norm : 5404579, l1 norm : 1245542.5731811523
Epoch 51, min : 0.0, max : 0.7257413268089294
This epoch duration :1466.5296604633331
Epoch 51, val-method base, validation accuracy 92.25, best_prec 92.81999969482422
Epoch 52, l0 norm : 5404580, l1 norm : 1244611.7791748047
Epoch 52, min : 0.0, max : 0.7256149053573608
This epoch duration :1475.1385490894318
Epoch 52, val-method base, validation accuracy 92.94999694824219, best_prec 92.94999694824219
Epoch 53, l0 norm : 5404582, l1 norm : 1243298.0826721191
Epoch 53, min : 0.0, max : 0.7257313132286072
This epoch duration :1473.3776757717133
Epoch 53, val-method base, validation accuracy 93.22000122070312, best_prec 93.22000122070312
Epoch 54, l0 norm : 5404585, l1 norm : 1242078.5919036865
Epoch 54, min : 0.0, max : 0.7261128425598145
This epoch duration :1473.8382189273834
Epoch 54, val-method base, validation accuracy 92.79999542236328, best_prec 93.22000122070312
Epoch 55, l0 norm : 5404587, l1 norm : 1240655.4626159668
Epoch 55, min : 0.0, max : 0.7281190752983093
This epoch duration :1472.837994337082
Epoch 55, val-method base, validation accuracy 92.63999938964844, best_prec 93.22000122070312
Epoch 56, l0 norm : 5404590, l1 norm : 1239044.399383545
Epoch 56, min : 0.0, max : 0.7281464338302612
This epoch duration :1475.687673330307
Epoch 56, val-method base, validation accuracy 93.00999450683594, best_prec 93.22000122070312
Epoch 57, l0 norm : 5404592, l1 norm : 1237561.5954589844
Epoch 57, min : 0.0, max : 0.7300068140029907
This epoch duration :1468.8967366218567
Epoch 57, val-method base, validation accuracy 93.6199951171875, best_prec 93.6199951171875
Epoch 58, l0 norm : 5404592, l1 norm : 1235704.1292114258
Epoch 58, min : 0.0, max : 0.7308332324028015
This epoch duration :1477.210340499878
Epoch 58, val-method base, validation accuracy 93.16999816894531, best_prec 93.6199951171875
Epoch 59, l0 norm : 5404594, l1 norm : 1233432.545288086
Epoch 59, min : 0.0, max : 0.7293326258659363
This epoch duration :1475.775779724121
Epoch 59, val-method base, validation accuracy 93.47000122070312, best_prec 93.6199951171875
Epoch 60, l0 norm : 5404594, l1 norm : 1231028.841293335
Epoch 60, min : 0.0, max : 0.7294022440910339
This epoch duration :1478.252009153366
Epoch 60, val-method base, validation accuracy 93.3499984741211, best_prec 93.6199951171875
Epoch 61, l0 norm : 5404595, l1 norm : 1228651.6491699219
Epoch 61, min : 0.0, max : 0.7283542156219482
This epoch duration :1478.1908493041992
Epoch 61, val-method base, validation accuracy 93.32999420166016, best_prec 93.6199951171875
Epoch 62, l0 norm : 5404599, l1 norm : 1226261.3319702148
Epoch 62, min : 0.0, max : 0.729555070400238
This epoch duration :1475.1405787467957
Epoch 62, val-method base, validation accuracy 93.6199951171875, best_prec 93.6199951171875
Epoch 63, l0 norm : 5404601, l1 norm : 1223507.0507202148
Epoch 63, min : 0.0, max : 0.7312010526657104
This epoch duration :1480.071242570877
Epoch 63, val-method base, validation accuracy 93.39999389648438, best_prec 93.6199951171875
Epoch 64, l0 norm : 5404603, l1 norm : 1220232.222290039
Epoch 64, min : 0.0, max : 0.7296454906463623
This epoch duration :1467.8335947990417
Epoch 64, val-method base, validation accuracy 93.47000122070312, best_prec 93.6199951171875
Epoch 65, l0 norm : 5404605, l1 norm : 1216881.6788482666
Epoch 65, min : 0.0, max : 0.7306158542633057
This epoch duration :1476.3893773555756
Epoch 65, val-method base, validation accuracy 93.66999816894531, best_prec 93.66999816894531
Epoch 66, l0 norm : 5404606, l1 norm : 1213896.3221588135
Epoch 66, min : 0.0, max : 0.7303485870361328
This epoch duration :1481.9167606830597
Epoch 66, val-method base, validation accuracy 93.69999694824219, best_prec 93.69999694824219
Epoch 67, l0 norm : 5404608, l1 norm : 1210211.660369873
Epoch 67, min : 0.0, max : 0.7308730483055115
This epoch duration :1477.8440799713135
Epoch 67, val-method base, validation accuracy 93.68000030517578, best_prec 93.69999694824219
Epoch 68, l0 norm : 5404610, l1 norm : 1206031.3020324707
Epoch 68, min : 0.0, max : 0.7328083515167236
This epoch duration :1474.703296661377
Epoch 68, val-method base, validation accuracy 94.22999572753906, best_prec 94.22999572753906
Epoch 69, l0 norm : 5404612, l1 norm : 1201297.392425537
Epoch 69, min : 0.0, max : 0.7332727313041687
This epoch duration :1475.8942267894745
Epoch 69, val-method base, validation accuracy 94.08999633789062, best_prec 94.22999572753906
Epoch 70, l0 norm : 5404612, l1 norm : 1196085.9358825684
Epoch 70, min : 0.0, max : 0.7324399948120117
This epoch duration :1476.6331052780151
Epoch 70, val-method base, validation accuracy 94.16999816894531, best_prec 94.22999572753906
Epoch 71, l0 norm : 5404613, l1 norm : 1190199.862625122
Epoch 71, min : 0.0, max : 0.7323307394981384
This epoch duration :1479.8246462345123
Epoch 71, val-method base, validation accuracy 94.22999572753906, best_prec 94.22999572753906
Epoch 72, l0 norm : 5404613, l1 norm : 1183673.2093048096
Epoch 72, min : 0.0, max : 0.7343929409980774
This epoch duration :1472.658370256424
Epoch 72, val-method base, validation accuracy 94.02999877929688, best_prec 94.22999572753906
Epoch 73, l0 norm : 5404613, l1 norm : 1177421.7026672363
Epoch 73, min : 0.0, max : 0.737539529800415
This epoch duration :1477.8576624393463
Epoch 73, val-method base, validation accuracy 94.22000122070312, best_prec 94.22999572753906
Epoch 74, l0 norm : 5404613, l1 norm : 1170158.4698486328
Epoch 74, min : 0.0, max : 0.7398186922073364
This epoch duration :1477.5113878250122
Epoch 74, val-method base, validation accuracy 94.31999969482422, best_prec 94.31999969482422
Epoch 75, l0 norm : 5404613, l1 norm : 1162489.3885803223
Epoch 75, min : 0.0, max : 0.7430105805397034
This epoch duration :1478.0375571250916
Epoch 75, val-method base, validation accuracy 94.62999725341797, best_prec 94.62999725341797
Epoch 76, l0 norm : 5404613, l1 norm : 1153893.97555542
Epoch 76, min : 0.0, max : 0.7452821731567383
This epoch duration :1471.9962043762207
Epoch 76, val-method base, validation accuracy 94.62999725341797, best_prec 94.62999725341797
Epoch 77, l0 norm : 5404613, l1 norm : 1145310.2863769531
Epoch 77, min : 0.0, max : 0.7475455403327942
This epoch duration :1474.3009724617004
Epoch 77, val-method base, validation accuracy 94.77999877929688, best_prec 94.77999877929688
Epoch 78, l0 norm : 5404613, l1 norm : 1135984.4110717773
Epoch 78, min : 0.0, max : 0.7510666251182556
This epoch duration :1480.1068193912506
Epoch 78, val-method base, validation accuracy 94.54000091552734, best_prec 94.77999877929688
Epoch 79, l0 norm : 5404614, l1 norm : 1126524.6379089355
Epoch 79, min : 0.0, max : 0.7542001008987427
This epoch duration :1476.8335139751434
Epoch 79, val-method base, validation accuracy 94.62999725341797, best_prec 94.77999877929688
Epoch 80, l0 norm : 5404614, l1 norm : 1116859.7087554932
Epoch 80, min : 0.0, max : 0.7571545839309692
This epoch duration :1475.6605367660522
Epoch 80, val-method base, validation accuracy 94.73999786376953, best_prec 94.77999877929688
Epoch 81, l0 norm : 5404614, l1 norm : 1107231.0484466553
Epoch 81, min : 0.0, max : 0.7603153586387634
This epoch duration :1476.8936231136322
Epoch 81, val-method base, validation accuracy 94.64999389648438, best_prec 94.77999877929688
Epoch 82, l0 norm : 5404614, l1 norm : 1097866.1449737549
Epoch 82, min : 0.0, max : 0.7623241543769836
This epoch duration :1476.6704895496368
Epoch 82, val-method base, validation accuracy 94.72999572753906, best_prec 94.77999877929688
Epoch 83, l0 norm : 5404614, l1 norm : 1088535.6979370117
Epoch 83, min : 0.0, max : 0.7656500339508057
This epoch duration :1475.462664604187
Epoch 83, val-method base, validation accuracy 94.70999908447266, best_prec 94.77999877929688
Epoch 84, l0 norm : 5404614, l1 norm : 1077838.1910095215
Epoch 84, min : 0.0, max : 0.7679615616798401
This epoch duration :1469.2607431411743
Epoch 84, val-method base, validation accuracy 94.68999481201172, best_prec 94.77999877929688
Epoch 85, l0 norm : 5404615, l1 norm : 1067321.2472381592
Epoch 85, min : 0.0, max : 0.7704289555549622
This epoch duration :1473.0438599586487
Epoch 85, val-method base, validation accuracy 94.8699951171875, best_prec 94.8699951171875
Epoch 86, l0 norm : 5404616, l1 norm : 1057748.0806427002
Epoch 86, min : 0.0, max : 0.7735732197761536
This epoch duration :1471.6356081962585
Epoch 86, val-method base, validation accuracy 94.83999633789062, best_prec 94.8699951171875
Epoch 87, l0 norm : 5404616, l1 norm : 1047776.9197387695
Epoch 87, min : 0.0, max : 0.7762618660926819
This epoch duration :1470.2392399311066
Epoch 87, val-method base, validation accuracy 94.82999420166016, best_prec 94.8699951171875
Epoch 88, l0 norm : 5404616, l1 norm : 1038262.1427001953
Epoch 88, min : 0.0, max : 0.7786892652511597
This epoch duration :1478.062293767929
Epoch 88, val-method base, validation accuracy 94.88999938964844, best_prec 94.88999938964844
Epoch 89, l0 norm : 5404616, l1 norm : 1028706.6835327148
Epoch 89, min : 0.0, max : 0.7818260192871094
This epoch duration :1474.2968347072601
Epoch 89, val-method base, validation accuracy 94.87999725341797, best_prec 94.88999938964844
Epoch 90, l0 norm : 5404616, l1 norm : 1019287.8489074707
Epoch 90, min : 0.0, max : 0.7838543653488159
This epoch duration :1467.1105313301086
Epoch 90, val-method base, validation accuracy 94.8499984741211, best_prec 94.88999938964844
Epoch 91, l0 norm : 5404616, l1 norm : 1010545.0526428223
Epoch 91, min : 0.0, max : 0.7859950661659241
This epoch duration :1481.204312324524
Epoch 91, val-method base, validation accuracy 94.94999694824219, best_prec 94.94999694824219
Epoch 92, l0 norm : 5404616, l1 norm : 1001616.4354248047
Epoch 92, min : 0.0, max : 0.7884944677352905
This epoch duration :1471.848657131195
Epoch 92, val-method base, validation accuracy 94.91999816894531, best_prec 94.94999694824219
Epoch 93, l0 norm : 5404617, l1 norm : 992526.3726959229
Epoch 93, min : 0.0, max : 0.7912939786911011
This epoch duration :1478.2513854503632
Epoch 93, val-method base, validation accuracy 94.86000061035156, best_prec 94.94999694824219
Epoch 94, l0 norm : 5404617, l1 norm : 983587.2311096191
Epoch 94, min : 0.0, max : 0.7932007908821106
This epoch duration :1480.1431910991669
Epoch 94, val-method base, validation accuracy 94.73999786376953, best_prec 94.94999694824219
Epoch 95, l0 norm : 5404617, l1 norm : 975040.3522796631
Epoch 95, min : 0.0, max : 0.7954180836677551
This epoch duration :1477.794487953186
Epoch 95, val-method base, validation accuracy 94.89999389648438, best_prec 94.94999694824219
Epoch 96, l0 norm : 5404617, l1 norm : 967482.419128418
Epoch 96, min : 0.0, max : 0.7976707220077515
This epoch duration :1479.9957642555237
Epoch 96, val-method base, validation accuracy 94.79999542236328, best_prec 94.94999694824219
Epoch 97, l0 norm : 5404617, l1 norm : 959205.6039886475
Epoch 97, min : 0.0, max : 0.800014078617096
This epoch duration :1477.017073392868
Epoch 97, val-method base, validation accuracy 94.75, best_prec 94.94999694824219
Epoch 98, l0 norm : 5404617, l1 norm : 951854.66015625
Epoch 98, min : 0.0, max : 0.802390992641449
This epoch duration :1298.1234233379364
Epoch 98, val-method base, validation accuracy 94.90999603271484, best_prec 94.94999694824219
Epoch 99, l0 norm : 5404617, l1 norm : 944328.981628418
Epoch 99, min : 0.0, max : 0.804440975189209
This epoch duration :895.9353594779968
Epoch 99, val-method base, validation accuracy 94.91999816894531, best_prec 94.94999694824219
