Namespace(configs='configs/CIFAR10/pen_bip_1.yml', result_dir='./trained_models', exp_name='RC_pb1_18', exp_mode='prune', arch='resnet18', num_classes=10, layer_type='unstructured', k=None, lambd=0.9999998, alpha=1.0, scaled_score_init=True, scale_rand_init=False, freeze_bn=False, source_net='trained_models/CIFAR10_resnet18_Pretrain/pretrain/latest_exp/checkpoint/model_best.pth.tar', scores_init_type=None, dataset='CIFAR10', batch_size=128, num_workers=2, test_batch_size=128, normalize=True, data_dir='./data', image_dim=32, trainer='penalized_bilevel_1', epochs=100, optimizer='sgd', wd=0.0001, mask_lr=0.1, lr=0.1, mask_lr_schedule='step', lr_schedule='cosine', momentum=0.9, warmup_epochs=0, warmup_lr=0.1, save_dense=False, evaluate=False, val_method='base', resume='', seed=1234, print_freq=100, lr2=0.0001, accelerate=False)
=> loading source model from 'trained_models/CIFAR10_resnet18_Pretrain/pretrain/latest_exp/checkpoint/model_best.pth.tar'
=> loaded checkpoint 'trained_models/CIFAR10_resnet18_Pretrain/pretrain/latest_exp/checkpoint/model_best.pth.tar'
Epoch 0, l0 norm : 6404216, l1 norm : 1590983.393005371
Epoch 0, min : 0.0, max : 0.7559109926223755
This epoch duration :1912.644124507904
Epoch 0, val-method base, validation accuracy 57.72999954223633, best_prec 57.72999954223633
Epoch 1, l0 norm : 6416802, l1 norm : 1630978.439819336
Epoch 1, min : 0.0, max : 0.7823798656463623
This epoch duration :2039.080843925476
Epoch 1, val-method base, validation accuracy 76.40999603271484, best_prec 76.40999603271484
Epoch 2, l0 norm : 6420447, l1 norm : 1642870.8263549805
Epoch 2, min : 0.0, max : 0.785484254360199
This epoch duration :2035.7977259159088
Epoch 2, val-method base, validation accuracy 81.0199966430664, best_prec 81.0199966430664
Epoch 3, l0 norm : 6422004, l1 norm : 1649843.6674804688
Epoch 3, min : 0.0, max : 0.7827205061912537
This epoch duration :2031.6277101039886
Epoch 3, val-method base, validation accuracy 79.73999786376953, best_prec 81.0199966430664
Epoch 4, l0 norm : 6422990, l1 norm : 1653892.8400878906
Epoch 4, min : 0.0, max : 0.7955131530761719
This epoch duration :2036.473072528839
Epoch 4, val-method base, validation accuracy 84.97000122070312, best_prec 84.97000122070312
Epoch 5, l0 norm : 6423779, l1 norm : 1656901.1632080078
Epoch 5, min : 0.0, max : 0.794253408908844
This epoch duration :2032.6097407341003
Epoch 5, val-method base, validation accuracy 83.93999481201172, best_prec 84.97000122070312
Epoch 6, l0 norm : 6424315, l1 norm : 1659509.270690918
Epoch 6, min : 0.0, max : 0.7922963500022888
This epoch duration :2034.8285737037659
Epoch 6, val-method base, validation accuracy 86.80999755859375, best_prec 86.80999755859375
Epoch 7, l0 norm : 6424697, l1 norm : 1661347.2205200195
Epoch 7, min : 0.0, max : 0.7915672063827515
This epoch duration :2033.5123598575592
Epoch 7, val-method base, validation accuracy 88.05999755859375, best_prec 88.05999755859375
Epoch 8, l0 norm : 6425059, l1 norm : 1662902.0162963867
Epoch 8, min : 0.0, max : 0.7812178730964661
This epoch duration :2033.1932451725006
Epoch 8, val-method base, validation accuracy 87.93000030517578, best_prec 88.05999755859375
Epoch 9, l0 norm : 6425355, l1 norm : 1664439.8395385742
Epoch 9, min : 0.0, max : 0.7835779786109924
This epoch duration :2035.47851228714
Epoch 9, val-method base, validation accuracy 88.38999938964844, best_prec 88.38999938964844
Epoch 10, l0 norm : 6425618, l1 norm : 1665828.9364624023
Epoch 10, min : 0.0, max : 0.7776711583137512
This epoch duration :2034.3515141010284
Epoch 10, val-method base, validation accuracy 87.1500015258789, best_prec 88.38999938964844
Epoch 11, l0 norm : 6425787, l1 norm : 1667059.3565063477
Epoch 11, min : 0.0, max : 0.7747853994369507
This epoch duration :2035.2990860939026
Epoch 11, val-method base, validation accuracy 88.58999633789062, best_prec 88.58999633789062
Epoch 12, l0 norm : 6425939, l1 norm : 1667873.524383545
Epoch 12, min : 0.0, max : 0.7750799655914307
This epoch duration :2035.5646731853485
Epoch 12, val-method base, validation accuracy 89.5, best_prec 89.5
Epoch 13, l0 norm : 6426077, l1 norm : 1668740.9977416992
Epoch 13, min : 0.0, max : 0.7770005464553833
This epoch duration :2034.3827311992645
Epoch 13, val-method base, validation accuracy 89.11000061035156, best_prec 89.5
Epoch 14, l0 norm : 6426215, l1 norm : 1669704.6752319336
Epoch 14, min : 0.0, max : 0.7827552556991577
This epoch duration :2037.5421147346497
Epoch 14, val-method base, validation accuracy 89.75, best_prec 89.75
Epoch 15, l0 norm : 6426347, l1 norm : 1670415.2451782227
Epoch 15, min : 0.0, max : 0.7846016883850098
This epoch duration :2032.904554605484
Epoch 15, val-method base, validation accuracy 89.3499984741211, best_prec 89.75
Epoch 16, l0 norm : 6426431, l1 norm : 1671134.7692260742
Epoch 16, min : 0.0, max : 0.7849916815757751
This epoch duration :2033.9051790237427
Epoch 16, val-method base, validation accuracy 89.77999877929688, best_prec 89.77999877929688
Epoch 17, l0 norm : 6426520, l1 norm : 1671839.8619384766
Epoch 17, min : 0.0, max : 0.7908520102500916
This epoch duration :2036.347722530365
Epoch 17, val-method base, validation accuracy 90.07999420166016, best_prec 90.07999420166016
Epoch 18, l0 norm : 6426588, l1 norm : 1672526.9569702148
Epoch 18, min : 0.0, max : 0.7866071462631226
This epoch duration :2034.6889781951904
Epoch 18, val-method base, validation accuracy 89.68999481201172, best_prec 90.07999420166016
Epoch 19, l0 norm : 6426668, l1 norm : 1673288.9224243164
Epoch 19, min : 0.0, max : 0.7842645645141602
This epoch duration :2031.0214669704437
Epoch 19, val-method base, validation accuracy 90.05999755859375, best_prec 90.07999420166016
Epoch 20, l0 norm : 6426734, l1 norm : 1673944.0149536133
Epoch 20, min : 0.0, max : 0.7862417697906494
This epoch duration :2035.9894106388092
Epoch 20, val-method base, validation accuracy 89.95999908447266, best_prec 90.07999420166016
Epoch 21, l0 norm : 6426772, l1 norm : 1674438.2155151367
Epoch 21, min : 0.0, max : 0.7856926321983337
This epoch duration :2034.292661190033
Epoch 21, val-method base, validation accuracy 89.87999725341797, best_prec 90.07999420166016
Epoch 22, l0 norm : 6426814, l1 norm : 1674879.4541625977
Epoch 22, min : 0.0, max : 0.7825916409492493
This epoch duration :2037.552102804184
Epoch 22, val-method base, validation accuracy 89.75999450683594, best_prec 90.07999420166016
Epoch 23, l0 norm : 6426846, l1 norm : 1675604.0288085938
Epoch 23, min : 0.0, max : 0.7756890058517456
This epoch duration :2035.5409553050995
Epoch 23, val-method base, validation accuracy 90.29000091552734, best_prec 90.29000091552734
Epoch 24, l0 norm : 6426887, l1 norm : 1675890.174194336
Epoch 24, min : 0.0, max : 0.774032473564148
This epoch duration :2037.2881047725677
Epoch 24, val-method base, validation accuracy 90.40999603271484, best_prec 90.40999603271484
Epoch 25, l0 norm : 6426915, l1 norm : 1676228.642578125
Epoch 25, min : 0.0, max : 0.7715547680854797
This epoch duration :2037.7542843818665
Epoch 25, val-method base, validation accuracy 91.18000030517578, best_prec 91.18000030517578
Epoch 26, l0 norm : 6426938, l1 norm : 1676539.0712280273
Epoch 26, min : 0.0, max : 0.7684308886528015
This epoch duration :2034.7553329467773
Epoch 26, val-method base, validation accuracy 89.3499984741211, best_prec 91.18000030517578
Epoch 27, l0 norm : 6426955, l1 norm : 1676817.2440795898
Epoch 27, min : 0.0, max : 0.7692639827728271
This epoch duration :2035.735961675644
Epoch 27, val-method base, validation accuracy 89.75999450683594, best_prec 91.18000030517578
Epoch 28, l0 norm : 6426976, l1 norm : 1676979.0762329102
Epoch 28, min : 0.0, max : 0.7682568430900574
This epoch duration :2031.5953199863434
Epoch 28, val-method base, validation accuracy 91.16999816894531, best_prec 91.18000030517578
Epoch 29, l0 norm : 6426996, l1 norm : 1677286.2060546875
Epoch 29, min : 0.0, max : 0.7642123103141785
This epoch duration :2034.5278062820435
Epoch 29, val-method base, validation accuracy 90.29000091552734, best_prec 91.18000030517578
Epoch 30, l0 norm : 6427007, l1 norm : 1677240.7435913086
Epoch 30, min : 0.0, max : 0.7619385719299316
This epoch duration :2034.4555954933167
Epoch 30, val-method base, validation accuracy 90.87999725341797, best_prec 91.18000030517578
Epoch 31, l0 norm : 6427016, l1 norm : 1677116.5998535156
Epoch 31, min : 0.0, max : 0.7618032693862915
This epoch duration :2033.4541747570038
Epoch 31, val-method base, validation accuracy 90.1199951171875, best_prec 91.18000030517578
Epoch 32, l0 norm : 6427039, l1 norm : 1677018.5071105957
Epoch 32, min : 0.0, max : 0.7639495134353638
This epoch duration :2030.5580565929413
Epoch 32, val-method base, validation accuracy 91.08999633789062, best_prec 91.18000030517578
Epoch 33, l0 norm : 6427057, l1 norm : 1677019.5749511719
Epoch 33, min : 0.0, max : 0.7645875811576843
This epoch duration :2035.2246396541595
Epoch 33, val-method base, validation accuracy 89.48999786376953, best_prec 91.18000030517578
Epoch 34, l0 norm : 6427068, l1 norm : 1677030.660369873
Epoch 34, min : 0.0, max : 0.7644340395927429
This epoch duration :2035.8448703289032
Epoch 34, val-method base, validation accuracy 91.29000091552734, best_prec 91.29000091552734
Epoch 35, l0 norm : 6427079, l1 norm : 1676854.125793457
Epoch 35, min : 0.0, max : 0.7627739906311035
This epoch duration :2033.545439004898
Epoch 35, val-method base, validation accuracy 90.72000122070312, best_prec 91.29000091552734
Epoch 36, l0 norm : 6427096, l1 norm : 1676966.0030517578
Epoch 36, min : 0.0, max : 0.7643692493438721
This epoch duration :2036.367198228836
Epoch 36, val-method base, validation accuracy 91.47000122070312, best_prec 91.47000122070312
Epoch 37, l0 norm : 6427104, l1 norm : 1676820.5725708008
Epoch 37, min : 0.0, max : 0.7634686231613159
This epoch duration :2032.407645225525
Epoch 37, val-method base, validation accuracy 91.02999877929688, best_prec 91.47000122070312
Epoch 38, l0 norm : 6427110, l1 norm : 1676602.1612243652
Epoch 38, min : 0.0, max : 0.7619772553443909
This epoch duration :2034.4305896759033
Epoch 38, val-method base, validation accuracy 91.16999816894531, best_prec 91.47000122070312
Epoch 39, l0 norm : 6427123, l1 norm : 1676455.824432373
Epoch 39, min : 0.0, max : 0.7599599957466125
This epoch duration :2034.763331413269
Epoch 39, val-method base, validation accuracy 91.15999603271484, best_prec 91.47000122070312
Epoch 40, l0 norm : 6427129, l1 norm : 1676294.8274230957
Epoch 40, min : 0.0, max : 0.7587240934371948
This epoch duration :2036.223299741745
Epoch 40, val-method base, validation accuracy 91.25999450683594, best_prec 91.47000122070312
Epoch 41, l0 norm : 6427138, l1 norm : 1676235.135772705
Epoch 41, min : 0.0, max : 0.7551577091217041
This epoch duration :2034.229258298874
Epoch 41, val-method base, validation accuracy 92.05999755859375, best_prec 92.05999755859375
Epoch 42, l0 norm : 6427142, l1 norm : 1675910.857849121
Epoch 42, min : 0.0, max : 0.753352701663971
This epoch duration :2034.8503921031952
Epoch 42, val-method base, validation accuracy 90.50999450683594, best_prec 92.05999755859375
Epoch 43, l0 norm : 6427147, l1 norm : 1675575.8957519531
Epoch 43, min : 0.0, max : 0.7540716528892517
This epoch duration :2036.932522535324
Epoch 43, val-method base, validation accuracy 91.8699951171875, best_prec 92.05999755859375
Epoch 44, l0 norm : 6427155, l1 norm : 1674890.4596557617
Epoch 44, min : 0.0, max : 0.7545339465141296
This epoch duration :2036.317993402481
Epoch 44, val-method base, validation accuracy 91.23999786376953, best_prec 92.05999755859375
Epoch 45, l0 norm : 6427161, l1 norm : 1674569.3931884766
Epoch 45, min : 0.0, max : 0.7539769411087036
This epoch duration :2027.510683298111
Epoch 45, val-method base, validation accuracy 90.75, best_prec 92.05999755859375
Epoch 46, l0 norm : 6427165, l1 norm : 1674105.703125
Epoch 46, min : 0.0, max : 0.7534976005554199
This epoch duration :2041.2204911708832
Epoch 46, val-method base, validation accuracy 91.62999725341797, best_prec 92.05999755859375
Epoch 47, l0 norm : 6427171, l1 norm : 1673333.6900634766
Epoch 47, min : 0.0, max : 0.75459885597229
This epoch duration :2023.9594142436981
Epoch 47, val-method base, validation accuracy 91.64999389648438, best_prec 92.05999755859375
Epoch 48, l0 norm : 6427176, l1 norm : 1672740.2602844238
Epoch 48, min : 0.0, max : 0.7548012137413025
This epoch duration :2032.410878419876
Epoch 48, val-method base, validation accuracy 91.57999420166016, best_prec 92.05999755859375
Epoch 49, l0 norm : 6427182, l1 norm : 1671821.141204834
Epoch 49, min : 0.0, max : 0.7560053467750549
This epoch duration :2037.2423651218414
Epoch 49, val-method base, validation accuracy 92.04000091552734, best_prec 92.05999755859375
Epoch 50, l0 norm : 6427188, l1 norm : 1671097.6629333496
Epoch 50, min : 0.0, max : 0.7557415962219238
This epoch duration :2036.1750733852386
Epoch 50, val-method base, validation accuracy 92.04999542236328, best_prec 92.05999755859375
Epoch 51, l0 norm : 6427193, l1 norm : 1670054.3306274414
Epoch 51, min : 0.0, max : 0.7555953860282898
This epoch duration :2034.563878774643
Epoch 51, val-method base, validation accuracy 92.29999542236328, best_prec 92.29999542236328
Epoch 52, l0 norm : 6427199, l1 norm : 1669045.900817871
Epoch 52, min : 0.0, max : 0.7547867894172668
This epoch duration :2035.4276518821716
Epoch 52, val-method base, validation accuracy 92.11000061035156, best_prec 92.29999542236328
Epoch 53, l0 norm : 6427202, l1 norm : 1668001.6930541992
Epoch 53, min : 0.0, max : 0.7568174004554749
This epoch duration :2039.4536781311035
Epoch 53, val-method base, validation accuracy 91.97000122070312, best_prec 92.29999542236328
Epoch 54, l0 norm : 6427207, l1 norm : 1666836.177154541
Epoch 54, min : 0.0, max : 0.7576504945755005
This epoch duration :2037.5778160095215
Epoch 54, val-method base, validation accuracy 92.18000030517578, best_prec 92.29999542236328
Epoch 55, l0 norm : 6427211, l1 norm : 1665391.3447265625
Epoch 55, min : 0.0, max : 0.7587190866470337
This epoch duration :2037.6600773334503
Epoch 55, val-method base, validation accuracy 92.00999450683594, best_prec 92.29999542236328
Epoch 56, l0 norm : 6427214, l1 norm : 1663997.4018554688
Epoch 56, min : 0.0, max : 0.7599905133247375
This epoch duration :2037.7699353694916
Epoch 56, val-method base, validation accuracy 92.5, best_prec 92.5
Epoch 57, l0 norm : 6427220, l1 norm : 1661715.6707763672
Epoch 57, min : 0.0, max : 0.7601493000984192
This epoch duration :2036.2151474952698
Epoch 57, val-method base, validation accuracy 92.95999908447266, best_prec 92.95999908447266
Epoch 58, l0 norm : 6427223, l1 norm : 1659600.4092712402
Epoch 58, min : 0.0, max : 0.7613279223442078
This epoch duration :2036.154194355011
Epoch 58, val-method base, validation accuracy 92.38999938964844, best_prec 92.95999908447266
Epoch 59, l0 norm : 6427227, l1 norm : 1657512.1284179688
Epoch 59, min : 0.0, max : 0.7645548582077026
This epoch duration :2034.758911371231
Epoch 59, val-method base, validation accuracy 92.68000030517578, best_prec 92.95999908447266
Epoch 60, l0 norm : 6427229, l1 norm : 1654827.1412963867
Epoch 60, min : 0.0, max : 0.7663916349411011
This epoch duration :2032.4816646575928
Epoch 60, val-method base, validation accuracy 92.68999481201172, best_prec 92.95999908447266
Epoch 61, l0 norm : 6427230, l1 norm : 1651871.9555358887
Epoch 61, min : 0.0, max : 0.7678930163383484
This epoch duration :2031.1474668979645
Epoch 61, val-method base, validation accuracy 92.75999450683594, best_prec 92.95999908447266
Epoch 62, l0 norm : 6427232, l1 norm : 1648926.6313171387
Epoch 62, min : 0.0, max : 0.7682724595069885
This epoch duration :2038.865177154541
Epoch 62, val-method base, validation accuracy 92.63999938964844, best_prec 92.95999908447266
Epoch 63, l0 norm : 6427235, l1 norm : 1645910.1237792969
Epoch 63, min : 0.0, max : 0.7696691751480103
This epoch duration :2038.6268746852875
Epoch 63, val-method base, validation accuracy 92.87999725341797, best_prec 92.95999908447266
Epoch 64, l0 norm : 6427242, l1 norm : 1642433.6830444336
Epoch 64, min : 0.0, max : 0.7713978886604309
This epoch duration :2036.32151055336
Epoch 64, val-method base, validation accuracy 92.88999938964844, best_prec 92.95999908447266
Epoch 65, l0 norm : 6427245, l1 norm : 1638757.2276306152
Epoch 65, min : 0.0, max : 0.7719604969024658
This epoch duration :2038.5902349948883
Epoch 65, val-method base, validation accuracy 93.23999786376953, best_prec 93.23999786376953
Epoch 66, l0 norm : 6427247, l1 norm : 1634171.6952514648
Epoch 66, min : 0.0, max : 0.7742549777030945
This epoch duration :2036.5412139892578
Epoch 66, val-method base, validation accuracy 93.11000061035156, best_prec 93.23999786376953
Epoch 67, l0 norm : 6427249, l1 norm : 1629448.9528808594
Epoch 67, min : 0.0, max : 0.775470495223999
This epoch duration :2036.1243960857391
Epoch 67, val-method base, validation accuracy 93.5, best_prec 93.5
Epoch 68, l0 norm : 6427252, l1 norm : 1623756.9679870605
Epoch 68, min : 0.0, max : 0.7773697376251221
This epoch duration :2035.005686044693
Epoch 68, val-method base, validation accuracy 92.90999603271484, best_prec 93.5
Epoch 69, l0 norm : 6427255, l1 norm : 1617056.7937011719
Epoch 69, min : 0.0, max : 0.7798399329185486
This epoch duration :2029.9525079727173
Epoch 69, val-method base, validation accuracy 93.30999755859375, best_prec 93.5
Epoch 70, l0 norm : 6427258, l1 norm : 1610260.9512939453
Epoch 70, min : 0.0, max : 0.7799180746078491
This epoch duration :2037.3231103420258
Epoch 70, val-method base, validation accuracy 93.29000091552734, best_prec 93.5
Epoch 71, l0 norm : 6427259, l1 norm : 1602714.9191894531
Epoch 71, min : 0.0, max : 0.7818270921707153
This epoch duration :2034.0478203296661
Epoch 71, val-method base, validation accuracy 93.44999694824219, best_prec 93.5
Epoch 72, l0 norm : 6427259, l1 norm : 1594834.7527770996
Epoch 72, min : 0.0, max : 0.7835190296173096
This epoch duration :2025.8927512168884
Epoch 72, val-method base, validation accuracy 93.61000061035156, best_prec 93.61000061035156
Epoch 73, l0 norm : 6427261, l1 norm : 1585836.6964111328
Epoch 73, min : 0.0, max : 0.7855545878410339
This epoch duration :2036.6592948436737
Epoch 73, val-method base, validation accuracy 93.68999481201172, best_prec 93.68999481201172
Epoch 74, l0 norm : 6427262, l1 norm : 1576573.5162353516
Epoch 74, min : 0.0, max : 0.7867612838745117
This epoch duration :2038.1475570201874
Epoch 74, val-method base, validation accuracy 93.70999908447266, best_prec 93.70999908447266
Epoch 75, l0 norm : 6427264, l1 norm : 1566564.2959594727
Epoch 75, min : 0.0, max : 0.7884590029716492
This epoch duration :2039.4733452796936
Epoch 75, val-method base, validation accuracy 93.79999542236328, best_prec 93.79999542236328
Epoch 76, l0 norm : 6427266, l1 norm : 1556197.5042114258
Epoch 76, min : 0.0, max : 0.7888962030410767
This epoch duration :2036.8845000267029
Epoch 76, val-method base, validation accuracy 93.95999908447266, best_prec 93.95999908447266
Epoch 77, l0 norm : 6427266, l1 norm : 1545113.7017211914
Epoch 77, min : 0.0, max : 0.7886742353439331
This epoch duration :2032.6639440059662
Epoch 77, val-method base, validation accuracy 94.0199966430664, best_prec 94.0199966430664
Epoch 78, l0 norm : 6427266, l1 norm : 1533498.9820861816
Epoch 78, min : 0.0, max : 0.7885249257087708
This epoch duration :2032.6020045280457
Epoch 78, val-method base, validation accuracy 94.04000091552734, best_prec 94.04000091552734
Epoch 79, l0 norm : 6427267, l1 norm : 1521478.0456542969
Epoch 79, min : 0.0, max : 0.7903485894203186
This epoch duration :2033.6084315776825
Epoch 79, val-method base, validation accuracy 93.91999816894531, best_prec 94.04000091552734
Epoch 80, l0 norm : 6427267, l1 norm : 1509100.5128479004
Epoch 80, min : 0.0, max : 0.7924826741218567
This epoch duration :2039.5214698314667
Epoch 80, val-method base, validation accuracy 93.88999938964844, best_prec 94.04000091552734
Epoch 81, l0 norm : 6427267, l1 norm : 1496462.0947265625
Epoch 81, min : 0.0, max : 0.7940402626991272
This epoch duration :2039.3371596336365
Epoch 81, val-method base, validation accuracy 94.04000091552734, best_prec 94.04000091552734
Epoch 82, l0 norm : 6427267, l1 norm : 1484505.3759765625
Epoch 82, min : 0.0, max : 0.7951756715774536
This epoch duration :2031.8060848712921
Epoch 82, val-method base, validation accuracy 94.02999877929688, best_prec 94.04000091552734
Epoch 83, l0 norm : 6427268, l1 norm : 1472039.3585205078
Epoch 83, min : 0.0, max : 0.7960926294326782
This epoch duration :2038.4137151241302
Epoch 83, val-method base, validation accuracy 94.11000061035156, best_prec 94.11000061035156
Epoch 84, l0 norm : 6427268, l1 norm : 1459825.1166381836
Epoch 84, min : 0.0, max : 0.7977513670921326
This epoch duration :2041.1116058826447
Epoch 84, val-method base, validation accuracy 94.11000061035156, best_prec 94.11000061035156
Epoch 85, l0 norm : 6427270, l1 norm : 1446618.3463439941
Epoch 85, min : 0.0, max : 0.7986423969268799
This epoch duration :2038.6553452014923
Epoch 85, val-method base, validation accuracy 94.11000061035156, best_prec 94.11000061035156
Epoch 86, l0 norm : 6427270, l1 norm : 1433791.557434082
Epoch 86, min : 0.0, max : 0.8007916808128357
This epoch duration :2041.4739809036255
Epoch 86, val-method base, validation accuracy 94.1199951171875, best_prec 94.1199951171875
Epoch 87, l0 norm : 6427273, l1 norm : 1420751.4227294922
Epoch 87, min : 0.0, max : 0.8031534552574158
This epoch duration :2039.1520607471466
Epoch 87, val-method base, validation accuracy 94.12999725341797, best_prec 94.12999725341797
Epoch 88, l0 norm : 6427273, l1 norm : 1408048.6951293945
Epoch 88, min : 0.0, max : 0.8055521845817566
This epoch duration :2039.0651426315308
Epoch 88, val-method base, validation accuracy 94.18999481201172, best_prec 94.18999481201172
Epoch 89, l0 norm : 6427273, l1 norm : 1395769.0774230957
Epoch 89, min : 0.0, max : 0.8077026605606079
This epoch duration :2041.7088916301727
Epoch 89, val-method base, validation accuracy 94.18999481201172, best_prec 94.18999481201172
Epoch 90, l0 norm : 6427273, l1 norm : 1383135.205505371
Epoch 90, min : 0.0, max : 0.8096692562103271
This epoch duration :2040.3989176750183
Epoch 90, val-method base, validation accuracy 94.27999877929688, best_prec 94.27999877929688
Epoch 91, l0 norm : 6427274, l1 norm : 1371281.4864501953
Epoch 91, min : 0.0, max : 0.8113498687744141
This epoch duration :2039.0847263336182
Epoch 91, val-method base, validation accuracy 94.18000030517578, best_prec 94.27999877929688
Epoch 92, l0 norm : 6427274, l1 norm : 1359582.0859375
Epoch 92, min : 0.0, max : 0.8131974935531616
This epoch duration :2040.1957368850708
Epoch 92, val-method base, validation accuracy 94.25, best_prec 94.27999877929688
Epoch 93, l0 norm : 6427274, l1 norm : 1348101.8450622559
Epoch 93, min : 0.0, max : 0.8148779273033142
This epoch duration :2036.8848628997803
Epoch 93, val-method base, validation accuracy 94.27999877929688, best_prec 94.27999877929688
Epoch 94, l0 norm : 6427274, l1 norm : 1336468.3923339844
Epoch 94, min : 0.0, max : 0.8161832094192505
This epoch duration :2027.3241639137268
Epoch 94, val-method base, validation accuracy 94.30999755859375, best_prec 94.30999755859375
Epoch 95, l0 norm : 6427274, l1 norm : 1325263.8478393555
Epoch 95, min : 0.0, max : 0.8178173303604126
This epoch duration :2036.4232234954834
Epoch 95, val-method base, validation accuracy 94.22000122070312, best_prec 94.30999755859375
Epoch 96, l0 norm : 6427274, l1 norm : 1314425.099456787
Epoch 96, min : 0.0, max : 0.8199263215065002
This epoch duration :2029.2796034812927
Epoch 96, val-method base, validation accuracy 94.25999450683594, best_prec 94.30999755859375
Epoch 97, l0 norm : 6427274, l1 norm : 1303272.734588623
Epoch 97, min : 0.0, max : 0.8216609954833984
This epoch duration :2037.1047644615173
Epoch 97, val-method base, validation accuracy 94.30999755859375, best_prec 94.30999755859375
Epoch 98, l0 norm : 6427274, l1 norm : 1293413.6672363281
Epoch 98, min : 0.0, max : 0.8234468698501587
This epoch duration :2039.0093536376953
Epoch 98, val-method base, validation accuracy 94.29999542236328, best_prec 94.30999755859375
Epoch 99, l0 norm : 6427275, l1 norm : 1283750.0666503906
Epoch 99, min : 0.0, max : 0.8254336714744568
This epoch duration :1580.7785804271698
Epoch 99, val-method base, validation accuracy 94.3699951171875, best_prec 94.3699951171875
