Namespace(configs='configs/FASHION_MNIST/bip_corrected.yml', result_dir='./trained_models', exp_name='fm_bc_14', exp_mode='prune', arch='fmnist_model', num_classes=10, layer_type='unstructured', k=0.32095538645902183, lambd=0.0, alpha=1.0, fw_momentum=1.0, scaled_score_init=True, scale_rand_init=False, freeze_bn=False, source_net='trained_models/FMNIST_fmnist_model/pretrain/latest_exp/checkpoint/model_best.pth.tar', scores_init_type=None, dataset='FashionMNIST', batch_size=128, num_workers=2, test_batch_size=128, normalize=True, data_dir='./data', image_dim=32, trainer='bilevel_corrected', epochs=100, optimizer='sgd', wd=0.0001, mask_lr=0.1, lr=0.1, mask_lr_schedule='step', lr_schedule='cosine', momentum=0.9, warmup_epochs=0, warmup_lr=0.1, save_dense=False, evaluate=False, val_method='base', resume='', seed=1234, print_freq=100, lr2=0.0001, accelerate=False)
=> loading source model from 'trained_models/FMNIST_fmnist_model/pretrain/latest_exp/checkpoint/model_best.pth.tar'
=> loaded checkpoint 'trained_models/FMNIST_fmnist_model/pretrain/latest_exp/checkpoint/model_best.pth.tar'
This epoch duration :200.76170682907104
Epoch 0, val-method base, validation accuracy 88.1199951171875, best_prec 88.1199951171875
This epoch duration :222.76928853988647
Epoch 1, val-method base, validation accuracy 88.40999603271484, best_prec 88.40999603271484
This epoch duration :229.21666812896729
Epoch 2, val-method base, validation accuracy 89.45999908447266, best_prec 89.45999908447266
This epoch duration :227.86640071868896
Epoch 3, val-method base, validation accuracy 89.33999633789062, best_prec 89.45999908447266
This epoch duration :229.06641387939453
Epoch 4, val-method base, validation accuracy 88.08999633789062, best_prec 89.45999908447266
This epoch duration :230.12286925315857
Epoch 5, val-method base, validation accuracy 89.16999816894531, best_prec 89.45999908447266
This epoch duration :230.07081294059753
Epoch 6, val-method base, validation accuracy 89.00999450683594, best_prec 89.45999908447266
This epoch duration :229.5967149734497
Epoch 7, val-method base, validation accuracy 89.1199951171875, best_prec 89.45999908447266
This epoch duration :227.9404890537262
Epoch 8, val-method base, validation accuracy 89.00999450683594, best_prec 89.45999908447266
This epoch duration :228.56858944892883
Epoch 9, val-method base, validation accuracy 89.05999755859375, best_prec 89.45999908447266
This epoch duration :230.49153852462769
Epoch 10, val-method base, validation accuracy 88.66999816894531, best_prec 89.45999908447266
This epoch duration :226.44794178009033
Epoch 11, val-method base, validation accuracy 89.63999938964844, best_prec 89.63999938964844
This epoch duration :228.3109323978424
Epoch 12, val-method base, validation accuracy 89.48999786376953, best_prec 89.63999938964844
This epoch duration :223.9458863735199
Epoch 13, val-method base, validation accuracy 89.18999481201172, best_prec 89.63999938964844
This epoch duration :229.4275918006897
Epoch 14, val-method base, validation accuracy 89.31999969482422, best_prec 89.63999938964844
This epoch duration :229.6903591156006
Epoch 15, val-method base, validation accuracy 89.29000091552734, best_prec 89.63999938964844
This epoch duration :226.92438006401062
Epoch 16, val-method base, validation accuracy 89.5199966430664, best_prec 89.63999938964844
This epoch duration :229.25966048240662
Epoch 17, val-method base, validation accuracy 88.97999572753906, best_prec 89.63999938964844
This epoch duration :228.86868929862976
Epoch 18, val-method base, validation accuracy 89.4000015258789, best_prec 89.63999938964844
This epoch duration :229.9261758327484
Epoch 19, val-method base, validation accuracy 89.06999969482422, best_prec 89.63999938964844
This epoch duration :228.9998562335968
Epoch 20, val-method base, validation accuracy 89.66999816894531, best_prec 89.66999816894531
This epoch duration :226.85524129867554
Epoch 21, val-method base, validation accuracy 89.16999816894531, best_prec 89.66999816894531
This epoch duration :229.73459267616272
Epoch 22, val-method base, validation accuracy 88.75999450683594, best_prec 89.66999816894531
This epoch duration :228.143385887146
Epoch 23, val-method base, validation accuracy 88.93000030517578, best_prec 89.66999816894531
This epoch duration :225.6242380142212
Epoch 24, val-method base, validation accuracy 89.32999420166016, best_prec 89.66999816894531
This epoch duration :228.29424476623535
Epoch 25, val-method base, validation accuracy 88.6500015258789, best_prec 89.66999816894531
This epoch duration :226.98536801338196
Epoch 26, val-method base, validation accuracy 88.2699966430664, best_prec 89.66999816894531
This epoch duration :228.88687372207642
Epoch 27, val-method base, validation accuracy 88.9000015258789, best_prec 89.66999816894531
This epoch duration :228.77713131904602
Epoch 28, val-method base, validation accuracy 89.00999450683594, best_prec 89.66999816894531
This epoch duration :227.43433809280396
Epoch 29, val-method base, validation accuracy 88.9000015258789, best_prec 89.66999816894531
This epoch duration :229.0848662853241
Epoch 30, val-method base, validation accuracy 88.22999572753906, best_prec 89.66999816894531
This epoch duration :229.60554480552673
Epoch 31, val-method base, validation accuracy 89.50999450683594, best_prec 89.66999816894531
This epoch duration :228.70704340934753
Epoch 32, val-method base, validation accuracy 89.81999969482422, best_prec 89.81999969482422
This epoch duration :229.18246388435364
Epoch 33, val-method base, validation accuracy 89.63999938964844, best_prec 89.81999969482422
This epoch duration :229.4220530986786
Epoch 34, val-method base, validation accuracy 89.18999481201172, best_prec 89.81999969482422
This epoch duration :230.90218877792358
Epoch 35, val-method base, validation accuracy 89.73999786376953, best_prec 89.81999969482422
This epoch duration :228.2798411846161
Epoch 36, val-method base, validation accuracy 88.44999694824219, best_prec 89.81999969482422
This epoch duration :228.7762143611908
Epoch 37, val-method base, validation accuracy 88.73999786376953, best_prec 89.81999969482422
This epoch duration :227.30366611480713
Epoch 38, val-method base, validation accuracy 89.97000122070312, best_prec 89.97000122070312
This epoch duration :229.2555193901062
Epoch 39, val-method base, validation accuracy 89.72000122070312, best_prec 89.97000122070312
This epoch duration :230.5295011997223
Epoch 40, val-method base, validation accuracy 88.88999938964844, best_prec 89.97000122070312
This epoch duration :228.32563662528992
Epoch 41, val-method base, validation accuracy 89.54000091552734, best_prec 89.97000122070312
This epoch duration :229.1100869178772
Epoch 42, val-method base, validation accuracy 89.52999877929688, best_prec 89.97000122070312
This epoch duration :233.01766443252563
Epoch 43, val-method base, validation accuracy 89.19999694824219, best_prec 89.97000122070312
This epoch duration :230.48108220100403
Epoch 44, val-method base, validation accuracy 89.18000030517578, best_prec 89.97000122070312
This epoch duration :232.8055076599121
Epoch 45, val-method base, validation accuracy 88.81999969482422, best_prec 89.97000122070312
This epoch duration :228.6504626274109
Epoch 46, val-method base, validation accuracy 89.73999786376953, best_prec 89.97000122070312
This epoch duration :229.0734407901764
Epoch 47, val-method base, validation accuracy 89.82999420166016, best_prec 89.97000122070312
This epoch duration :228.88881707191467
Epoch 48, val-method base, validation accuracy 89.79999542236328, best_prec 89.97000122070312
This epoch duration :227.6082444190979
Epoch 49, val-method base, validation accuracy 89.04999542236328, best_prec 89.97000122070312
This epoch duration :228.91804337501526
Epoch 50, val-method base, validation accuracy 91.1199951171875, best_prec 91.1199951171875
This epoch duration :226.08154726028442
Epoch 51, val-method base, validation accuracy 91.02999877929688, best_prec 91.1199951171875
This epoch duration :227.79087591171265
Epoch 52, val-method base, validation accuracy 91.30999755859375, best_prec 91.30999755859375
This epoch duration :229.62236738204956
Epoch 53, val-method base, validation accuracy 90.95999908447266, best_prec 91.30999755859375
This epoch duration :228.58063578605652
Epoch 54, val-method base, validation accuracy 91.25999450683594, best_prec 91.30999755859375
This epoch duration :229.25051498413086
Epoch 55, val-method base, validation accuracy 91.20999908447266, best_prec 91.30999755859375
This epoch duration :230.7085576057434
Epoch 56, val-method base, validation accuracy 91.40999603271484, best_prec 91.40999603271484
This epoch duration :231.90576767921448
Epoch 57, val-method base, validation accuracy 91.27999877929688, best_prec 91.40999603271484
This epoch duration :232.9891357421875
Epoch 58, val-method base, validation accuracy 91.43000030517578, best_prec 91.43000030517578
This epoch duration :228.96922087669373
Epoch 59, val-method base, validation accuracy 91.5, best_prec 91.5
This epoch duration :230.37310433387756
Epoch 60, val-method base, validation accuracy 91.58999633789062, best_prec 91.58999633789062
This epoch duration :229.54165983200073
Epoch 61, val-method base, validation accuracy 91.54999542236328, best_prec 91.58999633789062
This epoch duration :208.65539836883545
Epoch 62, val-method base, validation accuracy 91.52999877929688, best_prec 91.58999633789062
This epoch duration :208.93517589569092
Epoch 63, val-method base, validation accuracy 91.64999389648438, best_prec 91.64999389648438
This epoch duration :205.06082463264465
Epoch 64, val-method base, validation accuracy 91.52999877929688, best_prec 91.64999389648438
This epoch duration :210.6499080657959
Epoch 65, val-method base, validation accuracy 91.3499984741211, best_prec 91.64999389648438
This epoch duration :209.72686529159546
Epoch 66, val-method base, validation accuracy 91.64999389648438, best_prec 91.64999389648438
This epoch duration :205.30366778373718
Epoch 67, val-method base, validation accuracy 91.47000122070312, best_prec 91.64999389648438
This epoch duration :208.88999104499817
Epoch 68, val-method base, validation accuracy 91.57999420166016, best_prec 91.64999389648438
This epoch duration :209.58205699920654
Epoch 69, val-method base, validation accuracy 91.54999542236328, best_prec 91.64999389648438
This epoch duration :208.77994012832642
Epoch 70, val-method base, validation accuracy 91.5, best_prec 91.64999389648438
This epoch duration :207.24764132499695
Epoch 71, val-method base, validation accuracy 91.63999938964844, best_prec 91.64999389648438
This epoch duration :197.40564513206482
Epoch 72, val-method base, validation accuracy 91.39999389648438, best_prec 91.64999389648438
This epoch duration :188.38804411888123
Epoch 73, val-method base, validation accuracy 91.47999572753906, best_prec 91.64999389648438
This epoch duration :188.06642651557922
Epoch 74, val-method base, validation accuracy 91.52999877929688, best_prec 91.64999389648438
This epoch duration :188.66789722442627
Epoch 75, val-method base, validation accuracy 91.54999542236328, best_prec 91.64999389648438
This epoch duration :188.29648208618164
Epoch 76, val-method base, validation accuracy 91.55999755859375, best_prec 91.64999389648438
This epoch duration :187.39335012435913
Epoch 77, val-method base, validation accuracy 91.48999786376953, best_prec 91.64999389648438
This epoch duration :189.27895545959473
Epoch 78, val-method base, validation accuracy 91.41999816894531, best_prec 91.64999389648438
This epoch duration :188.8934042453766
Epoch 79, val-method base, validation accuracy 91.48999786376953, best_prec 91.64999389648438
This epoch duration :176.04627919197083
Epoch 80, val-method base, validation accuracy 91.54000091552734, best_prec 91.64999389648438
This epoch duration :168.87083315849304
Epoch 81, val-method base, validation accuracy 91.52999877929688, best_prec 91.64999389648438
This epoch duration :169.09931826591492
Epoch 82, val-method base, validation accuracy 91.5199966430664, best_prec 91.64999389648438
This epoch duration :169.4126660823822
Epoch 83, val-method base, validation accuracy 91.50999450683594, best_prec 91.64999389648438
This epoch duration :167.30635476112366
Epoch 84, val-method base, validation accuracy 91.47000122070312, best_prec 91.64999389648438
This epoch duration :166.78113341331482
Epoch 85, val-method base, validation accuracy 91.5199966430664, best_prec 91.64999389648438
This epoch duration :167.94801783561707
Epoch 86, val-method base, validation accuracy 91.5, best_prec 91.64999389648438
This epoch duration :166.98878145217896
Epoch 87, val-method base, validation accuracy 91.47999572753906, best_prec 91.64999389648438
This epoch duration :164.66460824012756
Epoch 88, val-method base, validation accuracy 91.45999908447266, best_prec 91.64999389648438
This epoch duration :165.79481673240662
Epoch 89, val-method base, validation accuracy 91.54000091552734, best_prec 91.64999389648438
This epoch duration :168.67193722724915
Epoch 90, val-method base, validation accuracy 91.47000122070312, best_prec 91.64999389648438
This epoch duration :166.16476440429688
Epoch 91, val-method base, validation accuracy 91.47000122070312, best_prec 91.64999389648438
This epoch duration :167.87297224998474
Epoch 92, val-method base, validation accuracy 91.45999908447266, best_prec 91.64999389648438
This epoch duration :167.7926893234253
Epoch 93, val-method base, validation accuracy 91.45999908447266, best_prec 91.64999389648438
This epoch duration :167.7665512561798
Epoch 94, val-method base, validation accuracy 91.47999572753906, best_prec 91.64999389648438
This epoch duration :167.55588221549988
Epoch 95, val-method base, validation accuracy 91.47999572753906, best_prec 91.64999389648438
This epoch duration :168.194753408432
Epoch 96, val-method base, validation accuracy 91.48999786376953, best_prec 91.64999389648438
This epoch duration :167.52236080169678
Epoch 97, val-method base, validation accuracy 91.47999572753906, best_prec 91.64999389648438
This epoch duration :156.5032947063446
Epoch 98, val-method base, validation accuracy 91.47000122070312, best_prec 91.64999389648438
This epoch duration :139.0384533405304
Epoch 99, val-method base, validation accuracy 91.48999786376953, best_prec 91.64999389648438
