Namespace(configs='configs/CIFAR10/pen_bip_2.yml', result_dir='./trained_models', exp_name='RC_pb2_l8', exp_mode='prune', arch='resnet18', num_classes=10, layer_type='unstructured', k=None, lambd=0.99999999, alpha=1.0, scaled_score_init=True, scale_rand_init=False, freeze_bn=False, source_net='trained_models/CIFAR10_resnet18_Pretrain/pretrain/latest_exp/checkpoint/model_best.pth.tar', scores_init_type=None, dataset='CIFAR10', batch_size=128, num_workers=2, test_batch_size=128, normalize=True, data_dir='./data', image_dim=32, trainer='penalized_bilevel_2', epochs=100, optimizer='sgd', wd=0.0001, mask_lr=0.1, lr=0.1, mask_lr_schedule='step', lr_schedule='cosine', momentum=0.9, warmup_epochs=0, warmup_lr=0.1, save_dense=False, evaluate=False, val_method='base', resume='', seed=1234, print_freq=100, lr2=0.0001, accelerate=False)
=> loading source model from 'trained_models/CIFAR10_resnet18_Pretrain/pretrain/latest_exp/checkpoint/model_best.pth.tar'
=> loaded checkpoint 'trained_models/CIFAR10_resnet18_Pretrain/pretrain/latest_exp/checkpoint/model_best.pth.tar'
Epoch 0, l0 norm : 8442972, l1 norm : 4210953.99206543
Epoch 0, min : 0.0, max : 0.9871258735656738
This epoch duration :1246.259770154953
Epoch 0, val-method base, validation accuracy 28.479999542236328, best_prec 28.479999542236328
Epoch 1, l0 norm : 8442972, l1 norm : 4205232.354858398
Epoch 1, min : 0.0, max : 0.9744598865509033
This epoch duration :1276.9963586330414
Epoch 1, val-method base, validation accuracy 38.90999984741211, best_prec 38.90999984741211
Epoch 2, l0 norm : 8442972, l1 norm : 4163556.7888183594
Epoch 2, min : 0.0, max : 0.9620466828346252
This epoch duration :1285.9877133369446
Epoch 2, val-method base, validation accuracy 51.779998779296875, best_prec 51.779998779296875
Epoch 3, l0 norm : 8442972, l1 norm : 4114332.64654541
Epoch 3, min : 0.0, max : 0.9498899579048157
This epoch duration :1296.487788438797
Epoch 3, val-method base, validation accuracy 53.02000045776367, best_prec 53.02000045776367
Epoch 4, l0 norm : 8442972, l1 norm : 4063781.1951904297
Epoch 4, min : 0.0, max : 0.9379942417144775
This epoch duration :1295.7164249420166
Epoch 4, val-method base, validation accuracy 58.90999984741211, best_prec 58.90999984741211
Epoch 5, l0 norm : 8442972, l1 norm : 4012432.7403564453
Epoch 5, min : 0.0, max : 0.926362931728363
This epoch duration :1296.435251235962
Epoch 5, val-method base, validation accuracy 62.91999816894531, best_prec 62.91999816894531
Epoch 6, l0 norm : 8442972, l1 norm : 3961903.7603759766
Epoch 6, min : 0.0, max : 0.9149988889694214
This epoch duration :1295.391087770462
Epoch 6, val-method base, validation accuracy 62.69999694824219, best_prec 62.91999816894531
Epoch 7, l0 norm : 8442972, l1 norm : 3911509.109741211
Epoch 7, min : 0.0, max : 0.9039047956466675
This epoch duration :1296.4992792606354
Epoch 7, val-method base, validation accuracy 63.03999710083008, best_prec 63.03999710083008
Epoch 8, l0 norm : 8442972, l1 norm : 3862123.809020996
Epoch 8, min : 0.0, max : 0.8930832147598267
This epoch duration :1285.2067992687225
Epoch 8, val-method base, validation accuracy 66.26000213623047, best_prec 66.26000213623047
Epoch 9, l0 norm : 8442972, l1 norm : 3813665.2165527344
Epoch 9, min : 0.0, max : 0.8825358152389526
This epoch duration :1291.1502707004547
Epoch 9, val-method base, validation accuracy 68.38999938964844, best_prec 68.38999938964844
Epoch 10, l0 norm : 8442972, l1 norm : 3766678.430419922
Epoch 10, min : 0.0, max : 0.8722634315490723
This epoch duration :1294.2480127811432
Epoch 10, val-method base, validation accuracy 70.29999542236328, best_prec 70.29999542236328
Epoch 11, l0 norm : 8442972, l1 norm : 3721043.900024414
Epoch 11, min : 0.0, max : 0.8622668981552124
This epoch duration :1294.1243252754211
Epoch 11, val-method base, validation accuracy 71.40999603271484, best_prec 71.40999603271484
Epoch 12, l0 norm : 8442972, l1 norm : 3676520.4572753906
Epoch 12, min : 0.0, max : 0.8525470495223999
This epoch duration :1294.1845533847809
Epoch 12, val-method base, validation accuracy 72.73999786376953, best_prec 72.73999786376953
Epoch 13, l0 norm : 8442972, l1 norm : 3632776.873046875
Epoch 13, min : 0.0, max : 0.8431037068367004
This epoch duration :1294.1530222892761
Epoch 13, val-method base, validation accuracy 75.61000061035156, best_prec 75.61000061035156
Epoch 14, l0 norm : 8442972, l1 norm : 3590145.985900879
Epoch 14, min : 0.0, max : 0.8339367508888245
This epoch duration :1294.422464132309
Epoch 14, val-method base, validation accuracy 74.31999969482422, best_prec 75.61000061035156
Epoch 15, l0 norm : 8442972, l1 norm : 3549128.304992676
Epoch 15, min : 0.0, max : 0.8250459432601929
This epoch duration :1281.362555027008
Epoch 15, val-method base, validation accuracy 76.19999694824219, best_prec 76.19999694824219
Epoch 16, l0 norm : 8442972, l1 norm : 3509320.464477539
Epoch 16, min : 0.0, max : 0.8164296746253967
This epoch duration :1300.2869081497192
Epoch 16, val-method base, validation accuracy 78.97000122070312, best_prec 78.97000122070312
Epoch 17, l0 norm : 8442972, l1 norm : 3471105.8233032227
Epoch 17, min : 0.0, max : 0.8080877661705017
This epoch duration :1305.2362530231476
Epoch 17, val-method base, validation accuracy 76.5999984741211, best_prec 78.97000122070312
Epoch 18, l0 norm : 8442972, l1 norm : 3434173.809692383
Epoch 18, min : 0.0, max : 0.8000186085700989
This epoch duration :1303.9780337810516
Epoch 18, val-method base, validation accuracy 80.94999694824219, best_prec 80.94999694824219
Epoch 19, l0 norm : 8442972, l1 norm : 3398470.6936035156
Epoch 19, min : 0.0, max : 0.7922207713127136
This epoch duration :1303.2861659526825
Epoch 19, val-method base, validation accuracy 80.72000122070312, best_prec 80.94999694824219
Epoch 20, l0 norm : 8442972, l1 norm : 3364081.4963378906
Epoch 20, min : 0.0, max : 0.7846932411193848
This epoch duration :1304.743716955185
Epoch 20, val-method base, validation accuracy 80.90999603271484, best_prec 80.94999694824219
Epoch 21, l0 norm : 8442972, l1 norm : 3330742.906982422
Epoch 21, min : 0.0, max : 0.7774331569671631
This epoch duration :1304.8718447685242
Epoch 21, val-method base, validation accuracy 82.81999969482422, best_prec 82.81999969482422
Epoch 22, l0 norm : 8442972, l1 norm : 3298653.723510742
Epoch 22, min : 0.0, max : 0.7704387307167053
This epoch duration :1286.289790391922
Epoch 22, val-method base, validation accuracy 81.47999572753906, best_prec 82.81999969482422
Epoch 23, l0 norm : 8442972, l1 norm : 3267955.267944336
Epoch 23, min : 0.0, max : 0.7637078762054443
This epoch duration :1292.7951703071594
Epoch 23, val-method base, validation accuracy 84.50999450683594, best_prec 84.50999450683594
Epoch 24, l0 norm : 8442972, l1 norm : 3238458.848754883
Epoch 24, min : 0.0, max : 0.757239043712616
This epoch duration :1294.9111840724945
Epoch 24, val-method base, validation accuracy 82.66999816894531, best_prec 84.50999450683594
Epoch 25, l0 norm : 8442972, l1 norm : 3210290.275390625
Epoch 25, min : 0.0, max : 0.7510285973548889
This epoch duration :1294.9124088287354
Epoch 25, val-method base, validation accuracy 82.36000061035156, best_prec 84.50999450683594
Epoch 26, l0 norm : 8442972, l1 norm : 3183153.672241211
Epoch 26, min : 0.0, max : 0.7450751066207886
This epoch duration :1295.5307421684265
Epoch 26, val-method base, validation accuracy 83.80999755859375, best_prec 84.50999450683594
Epoch 27, l0 norm : 8442972, l1 norm : 3157226.466430664
Epoch 27, min : 0.0, max : 0.739375650882721
This epoch duration :1296.4439623355865
Epoch 27, val-method base, validation accuracy 84.57999420166016, best_prec 84.57999420166016
Epoch 28, l0 norm : 8442972, l1 norm : 3132425.4169921875
Epoch 28, min : 0.0, max : 0.7339282631874084
This epoch duration :1297.128664970398
Epoch 28, val-method base, validation accuracy 85.83999633789062, best_prec 85.83999633789062
Epoch 29, l0 norm : 8442972, l1 norm : 3108862.0876464844
Epoch 29, min : 0.0, max : 0.7287293076515198
This epoch duration :1282.1022264957428
Epoch 29, val-method base, validation accuracy 86.08999633789062, best_prec 86.08999633789062
Epoch 30, l0 norm : 8442972, l1 norm : 3086381.6049804688
Epoch 30, min : 0.0, max : 0.7237764000892639
This epoch duration :1305.2846682071686
Epoch 30, val-method base, validation accuracy 84.16999816894531, best_prec 86.08999633789062
Epoch 31, l0 norm : 8442972, l1 norm : 3065024.5939941406
Epoch 31, min : 0.0, max : 0.7190676331520081
This epoch duration :1309.4408829212189
Epoch 31, val-method base, validation accuracy 85.23999786376953, best_prec 86.08999633789062
Epoch 32, l0 norm : 8442972, l1 norm : 3044747.6865234375
Epoch 32, min : 0.0, max : 0.7145993113517761
This epoch duration :1309.5747828483582
Epoch 32, val-method base, validation accuracy 86.56999969482422, best_prec 86.56999969482422
Epoch 33, l0 norm : 8442972, l1 norm : 3025510.467224121
Epoch 33, min : 0.0, max : 0.7103691697120667
This epoch duration :1309.949838399887
Epoch 33, val-method base, validation accuracy 86.44999694824219, best_prec 86.56999969482422
Epoch 34, l0 norm : 8442972, l1 norm : 3007396.444458008
Epoch 34, min : 0.0, max : 0.7063747048377991
This epoch duration :1310.752337217331
Epoch 34, val-method base, validation accuracy 86.45999908447266, best_prec 86.56999969482422
Epoch 35, l0 norm : 8442972, l1 norm : 2990197.4107666016
Epoch 35, min : 0.0, max : 0.7026122212409973
This epoch duration :1312.9694752693176
Epoch 35, val-method base, validation accuracy 87.29999542236328, best_prec 87.29999542236328
Epoch 36, l0 norm : 8442972, l1 norm : 2974097.5724487305
Epoch 36, min : 0.0, max : 0.6990800499916077
This epoch duration :1295.4860730171204
Epoch 36, val-method base, validation accuracy 87.57999420166016, best_prec 87.57999420166016
Epoch 37, l0 norm : 8442972, l1 norm : 2959022.2415771484
Epoch 37, min : 0.0, max : 0.6957751512527466
This epoch duration :1301.5414338111877
Epoch 37, val-method base, validation accuracy 87.06999969482422, best_prec 87.57999420166016
Epoch 38, l0 norm : 8442972, l1 norm : 2944972.121459961
Epoch 38, min : 0.0, max : 0.6926953792572021
This epoch duration :1304.4587376117706
Epoch 38, val-method base, validation accuracy 86.95999908447266, best_prec 87.57999420166016
Epoch 39, l0 norm : 8442972, l1 norm : 2931961.874572754
Epoch 39, min : 0.0, max : 0.6898365020751953
This epoch duration :1305.3910241127014
Epoch 39, val-method base, validation accuracy 86.75999450683594, best_prec 87.57999420166016
Epoch 40, l0 norm : 8442972, l1 norm : 2919818.5428466797
Epoch 40, min : 0.0, max : 0.6871964931488037
This epoch duration :1305.0618116855621
Epoch 40, val-method base, validation accuracy 88.38999938964844, best_prec 88.38999938964844
Epoch 41, l0 norm : 8442972, l1 norm : 2908656.69329834
Epoch 41, min : 0.0, max : 0.6847736239433289
This epoch duration :1304.7118582725525
Epoch 41, val-method base, validation accuracy 87.12999725341797, best_prec 88.38999938964844
Epoch 42, l0 norm : 8442972, l1 norm : 2898400.39453125
Epoch 42, min : 0.0, max : 0.6825636029243469
This epoch duration :1305.2787289619446
Epoch 42, val-method base, validation accuracy 87.66999816894531, best_prec 88.38999938964844
Epoch 43, l0 norm : 8442972, l1 norm : 2889047.8244628906
Epoch 43, min : 0.0, max : 0.6805644631385803
This epoch duration :1289.2840359210968
Epoch 43, val-method base, validation accuracy 88.69999694824219, best_prec 88.69999694824219
Epoch 44, l0 norm : 8442972, l1 norm : 2880526.0205078125
Epoch 44, min : 0.0, max : 0.6787753701210022
This epoch duration :1314.53160738945
Epoch 44, val-method base, validation accuracy 88.95999908447266, best_prec 88.95999908447266
Epoch 45, l0 norm : 8442972, l1 norm : 2872948.4777526855
Epoch 45, min : 0.0, max : 0.6771896481513977
This epoch duration :1316.72451710701
Epoch 45, val-method base, validation accuracy 88.50999450683594, best_prec 88.95999908447266
Epoch 46, l0 norm : 8442972, l1 norm : 2866314.5720825195
Epoch 46, min : 0.0, max : 0.6758072972297668
This epoch duration :1316.476016998291
Epoch 46, val-method base, validation accuracy 88.68000030517578, best_prec 88.95999908447266
Epoch 47, l0 norm : 8442972, l1 norm : 2860536.256652832
Epoch 47, min : 0.0, max : 0.6746261715888977
This epoch duration :1318.61621260643
Epoch 47, val-method base, validation accuracy 88.75999450683594, best_prec 88.95999908447266
Epoch 48, l0 norm : 8442972, l1 norm : 2855663.2916870117
Epoch 48, min : 0.0, max : 0.6736429929733276
This epoch duration :1323.2172012329102
Epoch 48, val-method base, validation accuracy 88.77999877929688, best_prec 88.95999908447266
Epoch 49, l0 norm : 8442972, l1 norm : 2851622.121459961
Epoch 49, min : 0.0, max : 0.6728583574295044
This epoch duration :1323.6601693630219
Epoch 49, val-method base, validation accuracy 88.90999603271484, best_prec 88.95999908447266
Epoch 50, l0 norm : 8442972, l1 norm : 2848479.638885498
Epoch 50, min : 0.0, max : 0.6722628474235535
This epoch duration :1307.230373620987
Epoch 50, val-method base, validation accuracy 88.93999481201172, best_prec 88.95999908447266
Epoch 51, l0 norm : 8442972, l1 norm : 2846044.231781006
Epoch 51, min : 0.0, max : 0.6718539595603943
This epoch duration :1319.467836856842
Epoch 51, val-method base, validation accuracy 89.93999481201172, best_prec 89.93999481201172
Epoch 52, l0 norm : 8442972, l1 norm : 2844417.3793029785
Epoch 52, min : 0.0, max : 0.6716342568397522
This epoch duration :1319.3003013134003
Epoch 52, val-method base, validation accuracy 89.82999420166016, best_prec 89.93999481201172
Epoch 53, l0 norm : 8442972, l1 norm : 2843550.686706543
Epoch 53, min : 0.0, max : 0.6716037392616272
This epoch duration :1319.4280560016632
Epoch 53, val-method base, validation accuracy 88.7699966430664, best_prec 89.93999481201172
Epoch 54, l0 norm : 8442972, l1 norm : 2843693.719268799
Epoch 54, min : 0.0, max : 0.6717644333839417
This epoch duration :1318.8928182125092
Epoch 54, val-method base, validation accuracy 89.3699951171875, best_prec 89.93999481201172
Epoch 55, l0 norm : 8442972, l1 norm : 2844476.01373291
Epoch 55, min : 0.0, max : 0.6720970273017883
This epoch duration :1319.37247133255
Epoch 55, val-method base, validation accuracy 89.94999694824219, best_prec 89.94999694824219
Epoch 56, l0 norm : 8442972, l1 norm : 2845955.2467041016
Epoch 56, min : 0.0, max : 0.6726017594337463
This epoch duration :1317.1095373630524
Epoch 56, val-method base, validation accuracy 89.27999877929688, best_prec 89.94999694824219
Epoch 57, l0 norm : 8442972, l1 norm : 2848269.1616210938
Epoch 57, min : 0.0, max : 0.6732814311981201
This epoch duration :1021.2061879634857
Epoch 57, val-method base, validation accuracy 89.98999786376953, best_prec 89.98999786376953
Epoch 58, l0 norm : 8442972, l1 norm : 2851334.1325683594
Epoch 58, min : 0.0, max : 0.6741353273391724
This epoch duration :1161.2189404964447
Epoch 58, val-method base, validation accuracy 90.2699966430664, best_prec 90.2699966430664
Epoch 59, l0 norm : 8442972, l1 norm : 2855096.968109131
Epoch 59, min : 0.0, max : 0.675166130065918
This epoch duration :1160.9556803703308
Epoch 59, val-method base, validation accuracy 89.5199966430664, best_prec 90.2699966430664
Epoch 60, l0 norm : 8442972, l1 norm : 2859511.504425049
Epoch 60, min : 0.0, max : 0.6763581037521362
This epoch duration :1160.9414412975311
Epoch 60, val-method base, validation accuracy 90.23999786376953, best_prec 90.2699966430664
Epoch 61, l0 norm : 8442972, l1 norm : 2864709.5552368164
Epoch 61, min : 0.0, max : 0.6777150630950928
This epoch duration :1160.818237543106
Epoch 61, val-method base, validation accuracy 90.04999542236328, best_prec 90.2699966430664
Epoch 62, l0 norm : 8442972, l1 norm : 2870602.9010009766
Epoch 62, min : 0.0, max : 0.6792336702346802
This epoch duration :1161.213389158249
Epoch 62, val-method base, validation accuracy 90.75999450683594, best_prec 90.75999450683594
Epoch 63, l0 norm : 8442972, l1 norm : 2877087.593231201
Epoch 63, min : 0.0, max : 0.680908739566803
This epoch duration :1016.4046051502228
Epoch 63, val-method base, validation accuracy 90.4000015258789, best_prec 90.75999450683594
Epoch 64, l0 norm : 8442972, l1 norm : 2884147.0088806152
Epoch 64, min : 0.0, max : 0.6827387809753418
This epoch duration :902.726838350296
Epoch 64, val-method base, validation accuracy 90.47999572753906, best_prec 90.75999450683594
Epoch 65, l0 norm : 8442972, l1 norm : 2891898.581726074
Epoch 65, min : 0.0, max : 0.6847202777862549
This epoch duration :904.3608915805817
Epoch 65, val-method base, validation accuracy 90.2699966430664, best_prec 90.75999450683594
Epoch 66, l0 norm : 8442972, l1 norm : 2900246.9880371094
Epoch 66, min : 0.0, max : 0.6868506073951721
This epoch duration :903.6989085674286
Epoch 66, val-method base, validation accuracy 90.25, best_prec 90.75999450683594
Epoch 67, l0 norm : 8442972, l1 norm : 2909139.1835632324
Epoch 67, min : 0.0, max : 0.6891250610351562
This epoch duration :903.8088021278381
Epoch 67, val-method base, validation accuracy 90.30999755859375, best_prec 90.75999450683594
Epoch 68, l0 norm : 8442972, l1 norm : 2918665.1478881836
Epoch 68, min : 0.0, max : 0.6915406584739685
This epoch duration :903.1762309074402
Epoch 68, val-method base, validation accuracy 90.52999877929688, best_prec 90.75999450683594
Epoch 69, l0 norm : 8442972, l1 norm : 2928703.2920532227
Epoch 69, min : 0.0, max : 0.6940919160842896
This epoch duration :810.787859916687
Epoch 69, val-method base, validation accuracy 91.13999938964844, best_prec 91.13999938964844
Epoch 70, l0 norm : 8442972, l1 norm : 2939091.910217285
Epoch 70, min : 0.0, max : 0.6967814564704895
This epoch duration :775.6943466663361
Epoch 70, val-method base, validation accuracy 91.18999481201172, best_prec 91.18999481201172
Epoch 71, l0 norm : 8442972, l1 norm : 2950127.37689209
Epoch 71, min : 0.0, max : 0.6995996236801147
This epoch duration :773.4772248268127
Epoch 71, val-method base, validation accuracy 90.5199966430664, best_prec 91.18999481201172
Epoch 72, l0 norm : 8442972, l1 norm : 2961674.7805786133
Epoch 72, min : 0.0, max : 0.7025408148765564
This epoch duration :775.7206780910492
Epoch 72, val-method base, validation accuracy 90.89999389648438, best_prec 91.18999481201172
Epoch 73, l0 norm : 8442972, l1 norm : 2973545.375
Epoch 73, min : 0.0, max : 0.7056037783622742
This epoch duration :777.2743630409241
Epoch 73, val-method base, validation accuracy 90.86000061035156, best_prec 91.18999481201172
Epoch 74, l0 norm : 8442972, l1 norm : 2985980.3947143555
Epoch 74, min : 0.0, max : 0.7087807059288025
This epoch duration :776.0313668251038
Epoch 74, val-method base, validation accuracy 91.12999725341797, best_prec 91.18999481201172
Epoch 75, l0 norm : 8442972, l1 norm : 2998729.946899414
Epoch 75, min : 0.0, max : 0.7120702266693115
This epoch duration :772.7966568470001
Epoch 75, val-method base, validation accuracy 91.5199966430664, best_prec 91.5199966430664
Epoch 76, l0 norm : 8442972, l1 norm : 3011967.6694335938
Epoch 76, min : 0.0, max : 0.7154667973518372
This epoch duration :774.2979538440704
Epoch 76, val-method base, validation accuracy 91.29999542236328, best_prec 91.5199966430664
Epoch 77, l0 norm : 8442972, l1 norm : 3025360.8338012695
Epoch 77, min : 0.0, max : 0.7189657092094421
This epoch duration :777.9830710887909
Epoch 77, val-method base, validation accuracy 91.14999389648438, best_prec 91.5199966430664
Epoch 78, l0 norm : 8442972, l1 norm : 3039121.9553222656
Epoch 78, min : 0.0, max : 0.7225605249404907
This epoch duration :776.4369316101074
Epoch 78, val-method base, validation accuracy 91.57999420166016, best_prec 91.57999420166016
Epoch 79, l0 norm : 8442972, l1 norm : 3053213.355895996
Epoch 79, min : 0.0, max : 0.7262445688247681
This epoch duration :774.958916425705
Epoch 79, val-method base, validation accuracy 91.88999938964844, best_prec 91.88999938964844
Epoch 80, l0 norm : 8442972, l1 norm : 3067622.230407715
Epoch 80, min : 0.0, max : 0.7300154566764832
This epoch duration :775.933290719986
Epoch 80, val-method base, validation accuracy 91.65999603271484, best_prec 91.88999938964844
Epoch 81, l0 norm : 8442972, l1 norm : 3081910.442993164
Epoch 81, min : 0.0, max : 0.7338649034500122
This epoch duration :775.5042970180511
Epoch 81, val-method base, validation accuracy 91.69999694824219, best_prec 91.88999938964844
Epoch 82, l0 norm : 8442972, l1 norm : 3096432.2349243164
Epoch 82, min : 0.0, max : 0.7377775311470032
This epoch duration :776.7808830738068
Epoch 82, val-method base, validation accuracy 91.97000122070312, best_prec 91.97000122070312
Epoch 83, l0 norm : 8442972, l1 norm : 3111196.0450439453
Epoch 83, min : 0.0, max : 0.7417574524879456
This epoch duration :777.7783448696136
Epoch 83, val-method base, validation accuracy 91.79999542236328, best_prec 91.97000122070312
Epoch 84, l0 norm : 8442972, l1 norm : 3126126.6606445312
Epoch 84, min : 0.0, max : 0.7457944750785828
This epoch duration :777.8288283348083
Epoch 84, val-method base, validation accuracy 92.07999420166016, best_prec 92.07999420166016
Epoch 85, l0 norm : 8442972, l1 norm : 3141101.3853759766
Epoch 85, min : 0.0, max : 0.7498816251754761
This epoch duration :775.178496837616
Epoch 85, val-method base, validation accuracy 91.63999938964844, best_prec 92.07999420166016
Epoch 86, l0 norm : 8442972, l1 norm : 3156118.2950439453
Epoch 86, min : 0.0, max : 0.7540091872215271
This epoch duration :777.4124834537506
Epoch 86, val-method base, validation accuracy 92.0, best_prec 92.07999420166016
Epoch 87, l0 norm : 8442972, l1 norm : 3171267.2310791016
Epoch 87, min : 0.0, max : 0.7581832408905029
This epoch duration :775.6544699668884
Epoch 87, val-method base, validation accuracy 92.07999420166016, best_prec 92.07999420166016
Epoch 88, l0 norm : 8442972, l1 norm : 3186734.8431396484
Epoch 88, min : 0.0, max : 0.7623813152313232
This epoch duration :777.841855764389
Epoch 88, val-method base, validation accuracy 91.79999542236328, best_prec 92.07999420166016
Epoch 89, l0 norm : 8442972, l1 norm : 3202204.1955566406
Epoch 89, min : 0.0, max : 0.7665954828262329
This epoch duration :776.2966864109039
Epoch 89, val-method base, validation accuracy 91.8699951171875, best_prec 92.07999420166016
Epoch 90, l0 norm : 8442972, l1 norm : 3218032.512817383
Epoch 90, min : 0.0, max : 0.7708207964897156
This epoch duration :776.5814485549927
Epoch 90, val-method base, validation accuracy 92.02999877929688, best_prec 92.07999420166016
Epoch 91, l0 norm : 8442972, l1 norm : 3233792.9950561523
Epoch 91, min : 0.0, max : 0.7750382423400879
This epoch duration :777.2467036247253
Epoch 91, val-method base, validation accuracy 92.14999389648438, best_prec 92.14999389648438
Epoch 92, l0 norm : 8442972, l1 norm : 3249825.4858398438
Epoch 92, min : 0.0, max : 0.7792506814002991
This epoch duration :774.675183057785
Epoch 92, val-method base, validation accuracy 92.18999481201172, best_prec 92.18999481201172
Epoch 93, l0 norm : 8442972, l1 norm : 3265566.0643310547
Epoch 93, min : 0.0, max : 0.783437967300415
This epoch duration :776.1723148822784
Epoch 93, val-method base, validation accuracy 91.72000122070312, best_prec 92.18999481201172
Epoch 94, l0 norm : 8442972, l1 norm : 3281497.3049316406
Epoch 94, min : 0.0, max : 0.7876038551330566
This epoch duration :777.2726106643677
Epoch 94, val-method base, validation accuracy 91.80999755859375, best_prec 92.18999481201172
Epoch 95, l0 norm : 8442972, l1 norm : 3297397.477783203
Epoch 95, min : 0.0, max : 0.7917290329933167
This epoch duration :777.2086057662964
Epoch 95, val-method base, validation accuracy 91.94999694824219, best_prec 92.18999481201172
Epoch 96, l0 norm : 8442972, l1 norm : 3313442.324951172
Epoch 96, min : 0.0, max : 0.7958168983459473
This epoch duration :773.2037906646729
Epoch 96, val-method base, validation accuracy 91.90999603271484, best_prec 92.18999481201172
Epoch 97, l0 norm : 8442972, l1 norm : 3329461.1215820312
Epoch 97, min : 0.0, max : 0.7998473048210144
This epoch duration :777.5460271835327
Epoch 97, val-method base, validation accuracy 91.81999969482422, best_prec 92.18999481201172
Epoch 98, l0 norm : 8442972, l1 norm : 3345341.4036865234
Epoch 98, min : 0.0, max : 0.8038007616996765
This epoch duration :777.4598388671875
Epoch 98, val-method base, validation accuracy 91.87999725341797, best_prec 92.18999481201172
Epoch 99, l0 norm : 8442972, l1 norm : 3361193.261352539
Epoch 99, min : 0.0, max : 0.8076822757720947
This epoch duration :721.9336133003235
Epoch 99, val-method base, validation accuracy 91.72999572753906, best_prec 92.18999481201172
