Namespace(configs='configs/SVHN/pen_bip_1.yml', result_dir='./trained_models', exp_name='S_pb1_m_7', exp_mode='prune', arch='resnet18', num_classes=10, layer_type='unstructured', k=None, lambd=0.9999999, alpha=1.0, fw_momentum=0.9, scaled_score_init=True, scale_rand_init=False, freeze_bn=False, source_net='trained_models/Resnet18_SVHN_Pretrain/pretrain/latest_exp/checkpoint/model_best.pth.tar', scores_init_type=None, dataset='SVHN', batch_size=128, num_workers=2, test_batch_size=128, normalize=True, data_dir='./data', image_dim=32, trainer='penalized_bilevel_1', epochs=100, optimizer='sgd', wd=0.0001, mask_lr=0.1, lr=0.1, mask_lr_schedule='step', lr_schedule='cosine', momentum=0.9, warmup_epochs=0, warmup_lr=0.1, save_dense=False, evaluate=False, val_method='base', resume='', seed=1234, print_freq=100, lr2=0.0001, accelerate=False)
=> loading source model from 'trained_models/Resnet18_SVHN_Pretrain/pretrain/latest_exp/checkpoint/model_best.pth.tar'
=> loaded checkpoint 'trained_models/Resnet18_SVHN_Pretrain/pretrain/latest_exp/checkpoint/model_best.pth.tar'
Epoch 0, l0 norm : 783080, l1 norm : 183219.22866816074
Epoch 0, min : 0.0, max : 0.6799408793449402
This epoch duration :2465.2677884101868
Epoch 0, val-method base, validation accuracy 83.48954772949219, best_prec 83.48954772949219
Epoch 1, l0 norm : 785198, l1 norm : 185440.31015889766
Epoch 1, min : 0.0, max : 0.6752936840057373
This epoch duration :2479.7014751434326
Epoch 1, val-method base, validation accuracy 88.237548828125, best_prec 88.237548828125
Epoch 2, l0 norm : 786232, l1 norm : 186835.63462620787
Epoch 2, min : 0.0, max : 0.6808268427848816
This epoch duration :2482.0629942417145
Epoch 2, val-method base, validation accuracy 89.43607330322266, best_prec 89.43607330322266
Epoch 3, l0 norm : 787300, l1 norm : 188210.70679051592
Epoch 3, min : 0.0, max : 0.6864133477210999
This epoch duration :2478.1872596740723
Epoch 3, val-method base, validation accuracy 90.68070220947266, best_prec 90.68070220947266
Epoch 4, l0 norm : 787910, l1 norm : 189309.95868395746
Epoch 4, min : 0.0, max : 0.6794918775558472
This epoch duration :2473.153472661972
Epoch 4, val-method base, validation accuracy 90.12753295898438, best_prec 90.68070220947266
Epoch 5, l0 norm : 788401, l1 norm : 190224.34446653066
Epoch 5, min : 0.0, max : 0.6719151139259338
This epoch duration :2481.3811373710632
Epoch 5, val-method base, validation accuracy 91.2991714477539, best_prec 91.2991714477539
Epoch 6, l0 norm : 789015, l1 norm : 191112.54088130652
Epoch 6, min : 0.0, max : 0.6662647128105164
This epoch duration :2482.2756655216217
Epoch 6, val-method base, validation accuracy 92.0367202758789, best_prec 92.0367202758789
Epoch 7, l0 norm : 789349, l1 norm : 191901.0604236101
Epoch 7, min : 0.0, max : 0.6701468825340271
This epoch duration :2479.950721502304
Epoch 7, val-method base, validation accuracy 91.22234344482422, best_prec 92.0367202758789
Epoch 8, l0 norm : 789667, l1 norm : 192575.193716602
Epoch 8, min : 0.0, max : 0.6661889553070068
This epoch duration :2476.2099277973175
Epoch 8, val-method base, validation accuracy 91.69483184814453, best_prec 92.0367202758789
Epoch 9, l0 norm : 789895, l1 norm : 193224.2241661107
Epoch 9, min : 0.0, max : 0.6681764721870422
This epoch duration :2477.0362360477448
Epoch 9, val-method base, validation accuracy 91.2338638305664, best_prec 92.0367202758789
Epoch 10, l0 norm : 790166, l1 norm : 193817.77077390667
Epoch 10, min : 0.0, max : 0.6678240299224854
This epoch duration :2478.7919538021088
Epoch 10, val-method base, validation accuracy 92.0559310913086, best_prec 92.0559310913086
Epoch 11, l0 norm : 790377, l1 norm : 194399.02367629393
Epoch 11, min : 0.0, max : 0.6714046001434326
This epoch duration :2481.2380945682526
Epoch 11, val-method base, validation accuracy 91.60648345947266, best_prec 92.0559310913086
Epoch 12, l0 norm : 790585, l1 norm : 194950.58186786273
Epoch 12, min : 0.0, max : 0.6694456338882446
This epoch duration :2478.056506872177
Epoch 12, val-method base, validation accuracy 92.04824829101562, best_prec 92.0559310913086
Epoch 13, l0 norm : 790796, l1 norm : 195445.97956861326
Epoch 13, min : 0.0, max : 0.6687718033790588
This epoch duration :2479.929532289505
Epoch 13, val-method base, validation accuracy 92.68208312988281, best_prec 92.68208312988281
Epoch 14, l0 norm : 790905, l1 norm : 195910.49466811624
Epoch 14, min : 0.0, max : 0.6722710132598877
This epoch duration :2475.913599729538
Epoch 14, val-method base, validation accuracy 92.31330108642578, best_prec 92.68208312988281
Epoch 15, l0 norm : 791064, l1 norm : 196344.10643855738
Epoch 15, min : 0.0, max : 0.6741300821304321
This epoch duration :2477.2974977493286
Epoch 15, val-method base, validation accuracy 92.26720428466797, best_prec 92.68208312988281
Epoch 16, l0 norm : 791153, l1 norm : 196772.14513277792
Epoch 16, min : 0.0, max : 0.6772438287734985
This epoch duration :2476.7236547470093
Epoch 16, val-method base, validation accuracy 92.36324310302734, best_prec 92.68208312988281
Epoch 17, l0 norm : 791254, l1 norm : 197168.15870838822
Epoch 17, min : 0.0, max : 0.6790189146995544
This epoch duration :2469.60688662529
Epoch 17, val-method base, validation accuracy 92.16349029541016, best_prec 92.68208312988281
Epoch 18, l0 norm : 791346, l1 norm : 197532.8815937573
Epoch 18, min : 0.0, max : 0.679908037185669
This epoch duration :2480.272910118103
Epoch 18, val-method base, validation accuracy 92.80884552001953, best_prec 92.80884552001953
Epoch 19, l0 norm : 791398, l1 norm : 197891.85249272894
Epoch 19, min : 0.0, max : 0.6837188601493835
This epoch duration :2474.1030082702637
Epoch 19, val-method base, validation accuracy 92.38629150390625, best_prec 92.80884552001953
Epoch 20, l0 norm : 791443, l1 norm : 198224.0156147212
Epoch 20, min : 0.0, max : 0.6824518442153931
This epoch duration :2479.7046756744385
Epoch 20, val-method base, validation accuracy 92.58604431152344, best_prec 92.80884552001953
Epoch 21, l0 norm : 791471, l1 norm : 198528.73071464576
Epoch 21, min : 0.0, max : 0.6841443777084351
This epoch duration :2464.483366727829
Epoch 21, val-method base, validation accuracy 92.55147552490234, best_prec 92.80884552001953
Epoch 22, l0 norm : 791506, l1 norm : 198829.41655579896
Epoch 22, min : 0.0, max : 0.6847809553146362
This epoch duration :2476.7662427425385
Epoch 22, val-method base, validation accuracy 91.9330062866211, best_prec 92.80884552001953
Epoch 23, l0 norm : 791555, l1 norm : 199123.28518167872
Epoch 23, min : 0.0, max : 0.6848309636116028
This epoch duration :2479.0653471946716
Epoch 23, val-method base, validation accuracy 92.35940551757812, best_prec 92.80884552001953
Epoch 24, l0 norm : 791578, l1 norm : 199396.09063793308
Epoch 24, min : 0.0, max : 0.6831847429275513
This epoch duration :2480.880311727524
Epoch 24, val-method base, validation accuracy 92.28641510009766, best_prec 92.80884552001953
Epoch 25, l0 norm : 791602, l1 norm : 199656.23902437303
Epoch 25, min : 0.0, max : 0.6840416789054871
This epoch duration :2468.513584136963
Epoch 25, val-method base, validation accuracy 92.30561828613281, best_prec 92.80884552001953
Epoch 26, l0 norm : 791622, l1 norm : 199908.28963739992
Epoch 26, min : 0.0, max : 0.6852920055389404
This epoch duration :2473.316319465637
Epoch 26, val-method base, validation accuracy 92.04056549072266, best_prec 92.80884552001953
Epoch 27, l0 norm : 791630, l1 norm : 200148.8458657989
Epoch 27, min : 0.0, max : 0.6859254240989685
This epoch duration :2480.5450160503387
Epoch 27, val-method base, validation accuracy 92.9048843383789, best_prec 92.9048843383789
Epoch 28, l0 norm : 791652, l1 norm : 200379.46709216776
Epoch 28, min : 0.0, max : 0.6872196793556213
This epoch duration :2476.0214462280273
Epoch 28, val-method base, validation accuracy 92.8587875366211, best_prec 92.9048843383789
Epoch 29, l0 norm : 791658, l1 norm : 200592.28929263406
Epoch 29, min : 0.0, max : 0.6880583763122559
This epoch duration :2479.075623512268
Epoch 29, val-method base, validation accuracy 92.1365966796875, best_prec 92.9048843383789
Epoch 30, l0 norm : 791662, l1 norm : 200787.78205205774
Epoch 30, min : 0.0, max : 0.6883744597434998
This epoch duration :2478.298058986664
Epoch 30, val-method base, validation accuracy 92.58988952636719, best_prec 92.9048843383789
Epoch 31, l0 norm : 791691, l1 norm : 200980.09783769367
Epoch 31, min : 0.0, max : 0.6873550415039062
This epoch duration :2477.993718147278
Epoch 31, val-method base, validation accuracy 92.20574188232422, best_prec 92.9048843383789
Epoch 32, l0 norm : 791696, l1 norm : 201163.30505238372
Epoch 32, min : 0.0, max : 0.6886368989944458
This epoch duration :2480.4413588047028
Epoch 32, val-method base, validation accuracy 92.08281707763672, best_prec 92.9048843383789
Epoch 33, l0 norm : 791699, l1 norm : 201339.49059077323
Epoch 33, min : 0.0, max : 0.6876440048217773
This epoch duration :2473.366633415222
Epoch 33, val-method base, validation accuracy 92.65518951416016, best_prec 92.9048843383789
Epoch 34, l0 norm : 791710, l1 norm : 201506.41619801926
Epoch 34, min : 0.0, max : 0.6869263648986816
This epoch duration :2479.9573969841003
Epoch 34, val-method base, validation accuracy 92.65518951416016, best_prec 92.9048843383789
Epoch 35, l0 norm : 791714, l1 norm : 201665.4419450491
Epoch 35, min : 0.0, max : 0.6872497200965881
This epoch duration :2479.125445127487
Epoch 35, val-method base, validation accuracy 92.75122833251953, best_prec 92.9048843383789
Epoch 36, l0 norm : 791722, l1 norm : 201814.30861724028
Epoch 36, min : 0.0, max : 0.6863462924957275
This epoch duration :2477.1854870319366
Epoch 36, val-method base, validation accuracy 92.46311950683594, best_prec 92.9048843383789
Epoch 37, l0 norm : 791723, l1 norm : 201954.06877329925
Epoch 37, min : 0.0, max : 0.6867648363113403
This epoch duration :2480.4700858592987
Epoch 37, val-method base, validation accuracy 92.1365966796875, best_prec 92.9048843383789
Epoch 38, l0 norm : 791734, l1 norm : 202091.5520887328
Epoch 38, min : 0.0, max : 0.686275839805603
This epoch duration :2477.806619644165
Epoch 38, val-method base, validation accuracy 92.45928192138672, best_prec 92.9048843383789
Epoch 39, l0 norm : 791742, l1 norm : 202222.74685227292
Epoch 39, min : 0.0, max : 0.6861740946769714
This epoch duration :2475.987133026123
Epoch 39, val-method base, validation accuracy 92.82805633544922, best_prec 92.9048843383789
Epoch 40, l0 norm : 791758, l1 norm : 202348.80285550744
Epoch 40, min : 0.0, max : 0.6848971247673035
This epoch duration :2478.646847963333
Epoch 40, val-method base, validation accuracy 91.99446868896484, best_prec 92.9048843383789
Epoch 41, l0 norm : 791768, l1 norm : 202465.7093313391
Epoch 41, min : 0.0, max : 0.6851904392242432
This epoch duration :2476.6478843688965
Epoch 41, val-method base, validation accuracy 91.99446868896484, best_prec 92.9048843383789
Epoch 42, l0 norm : 791776, l1 norm : 202580.62526861942
Epoch 42, min : 0.0, max : 0.6843299865722656
This epoch duration :2476.3314728736877
Epoch 42, val-method base, validation accuracy 92.4900131225586, best_prec 92.9048843383789
Epoch 43, l0 norm : 791777, l1 norm : 202689.86388060698
Epoch 43, min : 0.0, max : 0.6842557787895203
This epoch duration :2471.421102285385
Epoch 43, val-method base, validation accuracy 92.32867431640625, best_prec 92.9048843383789
Epoch 44, l0 norm : 791783, l1 norm : 202798.06713118037
Epoch 44, min : 0.0, max : 0.6843374967575073
This epoch duration :2467.847378730774
Epoch 44, val-method base, validation accuracy 92.44775390625, best_prec 92.9048843383789
Epoch 45, l0 norm : 791787, l1 norm : 202884.62623273203
Epoch 45, min : 0.0, max : 0.6846966743469238
This epoch duration :2477.0996305942535
Epoch 45, val-method base, validation accuracy 92.3670883178711, best_prec 92.9048843383789
Epoch 46, l0 norm : 791795, l1 norm : 202966.22796421993
Epoch 46, min : 0.0, max : 0.6831977963447571
This epoch duration :2480.101621866226
Epoch 46, val-method base, validation accuracy 91.81391906738281, best_prec 92.9048843383789
Epoch 47, l0 norm : 791802, l1 norm : 203047.11995284524
Epoch 47, min : 0.0, max : 0.6828727126121521
This epoch duration :2471.1913850307465
Epoch 47, val-method base, validation accuracy 92.24031829833984, best_prec 92.9048843383789
Epoch 48, l0 norm : 791809, l1 norm : 203123.0083924805
Epoch 48, min : 0.0, max : 0.6829208135604858
This epoch duration :2479.004977941513
Epoch 48, val-method base, validation accuracy 92.12891387939453, best_prec 92.9048843383789
Epoch 49, l0 norm : 791815, l1 norm : 203190.23454208215
Epoch 49, min : 0.0, max : 0.68248051404953
This epoch duration :2479.7684981822968
Epoch 49, val-method base, validation accuracy 92.86262512207031, best_prec 92.9048843383789
Epoch 50, l0 norm : 791818, l1 norm : 203249.83372761187
Epoch 50, min : 0.0, max : 0.6831575036048889
This epoch duration :2476.7790846824646
Epoch 50, val-method base, validation accuracy 91.8561782836914, best_prec 92.9048843383789
Epoch 51, l0 norm : 791823, l1 norm : 203295.022356808
Epoch 51, min : 0.0, max : 0.6852535605430603
This epoch duration :2481.5976283550262
Epoch 51, val-method base, validation accuracy 92.38629150390625, best_prec 92.9048843383789
Epoch 52, l0 norm : 791825, l1 norm : 203350.87730913743
Epoch 52, min : 0.0, max : 0.6865106821060181
This epoch duration :2479.7601873874664
Epoch 52, val-method base, validation accuracy 92.23263549804688, best_prec 92.9048843383789
Epoch 53, l0 norm : 791834, l1 norm : 203404.5587217455
Epoch 53, min : 0.0, max : 0.68622225522995
This epoch duration :2480.187647819519
Epoch 53, val-method base, validation accuracy 92.34019470214844, best_prec 92.9048843383789
Epoch 54, l0 norm : 791838, l1 norm : 203445.38093519525
Epoch 54, min : 0.0, max : 0.6867769956588745
This epoch duration :2475.2304759025574
Epoch 54, val-method base, validation accuracy 92.1135482788086, best_prec 92.9048843383789
Epoch 55, l0 norm : 791840, l1 norm : 203476.85110201815
Epoch 55, min : 0.0, max : 0.6872314214706421
This epoch duration :2475.5829362869263
Epoch 55, val-method base, validation accuracy 91.59495544433594, best_prec 92.9048843383789
Epoch 56, l0 norm : 791855, l1 norm : 203496.3660784986
Epoch 56, min : 0.0, max : 0.6866984963417053
This epoch duration :2475.7309844493866
Epoch 56, val-method base, validation accuracy 92.18653869628906, best_prec 92.9048843383789
Epoch 57, l0 norm : 791865, l1 norm : 203510.92124120193
Epoch 57, min : 0.0, max : 0.6875042915344238
This epoch duration :2476.3805088996887
Epoch 57, val-method base, validation accuracy 92.24415588378906, best_prec 92.9048843383789
Epoch 58, l0 norm : 791871, l1 norm : 203522.05562971998
Epoch 58, min : 0.0, max : 0.6862770318984985
This epoch duration :2476.696750164032
Epoch 58, val-method base, validation accuracy 92.26336669921875, best_prec 92.9048843383789
Epoch 59, l0 norm : 791874, l1 norm : 203524.0774219828
Epoch 59, min : 0.0, max : 0.6857386827468872
This epoch duration :2480.7855639457703
Epoch 59, val-method base, validation accuracy 92.5130615234375, best_prec 92.9048843383789
Epoch 60, l0 norm : 791878, l1 norm : 203512.08351128417
Epoch 60, min : 0.0, max : 0.6856867074966431
This epoch duration :2479.0818078517914
Epoch 60, val-method base, validation accuracy 92.259521484375, best_prec 92.9048843383789
Epoch 61, l0 norm : 791884, l1 norm : 203492.26706052682
Epoch 61, min : 0.0, max : 0.6865298748016357
This epoch duration :2478.315984249115
Epoch 61, val-method base, validation accuracy 92.21726989746094, best_prec 92.9048843383789
Epoch 62, l0 norm : 791895, l1 norm : 203446.74731904053
Epoch 62, min : 0.0, max : 0.6871169805526733
This epoch duration :2471.981925010681
Epoch 62, val-method base, validation accuracy 92.18269348144531, best_prec 92.9048843383789
Epoch 63, l0 norm : 791898, l1 norm : 203388.7090879139
Epoch 63, min : 0.0, max : 0.6877295970916748
This epoch duration :2470.665229320526
Epoch 63, val-method base, validation accuracy 92.34403991699219, best_prec 92.9048843383789
Epoch 64, l0 norm : 791902, l1 norm : 203312.09995891646
Epoch 64, min : 0.0, max : 0.6875120997428894
This epoch duration :2468.9392211437225
Epoch 64, val-method base, validation accuracy 92.42855072021484, best_prec 92.9048843383789
Epoch 65, l0 norm : 791907, l1 norm : 203214.6172453459
Epoch 65, min : 0.0, max : 0.687519371509552
This epoch duration :2478.3164818286896
Epoch 65, val-method base, validation accuracy 92.1135482788086, best_prec 92.9048843383789
Epoch 66, l0 norm : 791909, l1 norm : 203076.06162735226
Epoch 66, min : 0.0, max : 0.688143253326416
This epoch duration :2475.364864587784
Epoch 66, val-method base, validation accuracy 92.49769592285156, best_prec 92.9048843383789
Epoch 67, l0 norm : 791918, l1 norm : 202884.9090856848
Epoch 67, min : 0.0, max : 0.6890442967414856
This epoch duration :2479.7829616069794
Epoch 67, val-method base, validation accuracy 92.34403991699219, best_prec 92.9048843383789
Epoch 68, l0 norm : 791924, l1 norm : 202680.6072483558
Epoch 68, min : 0.0, max : 0.6902552247047424
This epoch duration :2478.8621773719788
Epoch 68, val-method base, validation accuracy 92.6590347290039, best_prec 92.9048843383789
Epoch 69, l0 norm : 791925, l1 norm : 202406.58897668502
Epoch 69, min : 0.0, max : 0.6908717751502991
This epoch duration :2480.5167887210846
Epoch 69, val-method base, validation accuracy 92.57836151123047, best_prec 92.9048843383789
Epoch 70, l0 norm : 791954, l1 norm : 202103.48404475854
Epoch 70, min : 0.0, max : 0.6918075084686279
This epoch duration :2475.825274705887
Epoch 70, val-method base, validation accuracy 92.55531311035156, best_prec 92.9048843383789
Epoch 71, l0 norm : 791956, l1 norm : 201688.23073458235
Epoch 71, min : 0.0, max : 0.6918364763259888
This epoch duration :2477.2635905742645
Epoch 71, val-method base, validation accuracy 92.70513153076172, best_prec 92.9048843383789
Epoch 72, l0 norm : 791956, l1 norm : 201149.73163022564
Epoch 72, min : 0.0, max : 0.693336009979248
This epoch duration :2480.46959733963
Epoch 72, val-method base, validation accuracy 92.86262512207031, best_prec 92.9048843383789
Epoch 73, l0 norm : 791956, l1 norm : 200493.2141028978
Epoch 73, min : 0.0, max : 0.6946327090263367
This epoch duration :2480.481107234955
Epoch 73, val-method base, validation accuracy 92.88567352294922, best_prec 92.9048843383789
Epoch 74, l0 norm : 791956, l1 norm : 199805.82584813458
Epoch 74, min : 0.0, max : 0.6954212784767151
This epoch duration :2481.913965702057
Epoch 74, val-method base, validation accuracy 92.75506591796875, best_prec 92.9048843383789
Epoch 75, l0 norm : 791956, l1 norm : 199076.04303170193
Epoch 75, min : 0.0, max : 0.6967296600341797
This epoch duration :2477.8980050086975
Epoch 75, val-method base, validation accuracy 92.93561553955078, best_prec 92.93561553955078
Epoch 76, l0 norm : 791956, l1 norm : 198333.96718367003
Epoch 76, min : 0.0, max : 0.6986124515533447
This epoch duration :2480.6920850276947
Epoch 76, val-method base, validation accuracy 92.86262512207031, best_prec 92.93561553955078
Epoch 77, l0 norm : 791956, l1 norm : 197553.0068867214
Epoch 77, min : 0.0, max : 0.6989094018936157
This epoch duration :2481.3700609207153
Epoch 77, val-method base, validation accuracy 92.86647033691406, best_prec 92.93561553955078
Epoch 78, l0 norm : 791959, l1 norm : 196805.3222532326
Epoch 78, min : 0.0, max : 0.6999854445457458
This epoch duration :2480.2476971149445
Epoch 78, val-method base, validation accuracy 92.7358627319336, best_prec 92.93561553955078
Epoch 79, l0 norm : 791959, l1 norm : 196046.7180794183
Epoch 79, min : 0.0, max : 0.6995881199836731
This epoch duration :2476.733230829239
Epoch 79, val-method base, validation accuracy 92.8395767211914, best_prec 92.93561553955078
Epoch 80, l0 norm : 791959, l1 norm : 195280.06732059683
Epoch 80, min : 0.0, max : 0.6997242569923401
This epoch duration :2480.469916820526
Epoch 80, val-method base, validation accuracy 92.80884552001953, best_prec 92.93561553955078
Epoch 81, l0 norm : 791959, l1 norm : 194535.15329242314
Epoch 81, min : 0.0, max : 0.7009103894233704
This epoch duration :2482.4463210105896
Epoch 81, val-method base, validation accuracy 92.75506591796875, best_prec 92.93561553955078
Epoch 82, l0 norm : 791959, l1 norm : 193767.12219507378
Epoch 82, min : 0.0, max : 0.7022212147712708
This epoch duration :2476.990792274475
Epoch 82, val-method base, validation accuracy 92.7358627319336, best_prec 92.93561553955078
Epoch 83, l0 norm : 791959, l1 norm : 193014.31111617677
Epoch 83, min : 0.0, max : 0.7032822966575623
This epoch duration :2478.1001064777374
Epoch 83, val-method base, validation accuracy 92.7819595336914, best_prec 92.93561553955078
Epoch 84, l0 norm : 791959, l1 norm : 192274.69871440518
Epoch 84, min : 0.0, max : 0.7044215202331543
This epoch duration :2479.7600779533386
Epoch 84, val-method base, validation accuracy 92.77811431884766, best_prec 92.93561553955078
Epoch 85, l0 norm : 791959, l1 norm : 191548.40145627834
Epoch 85, min : 0.0, max : 0.7045544981956482
This epoch duration :2478.510082244873
Epoch 85, val-method base, validation accuracy 92.7934799194336, best_prec 92.93561553955078
Epoch 86, l0 norm : 791959, l1 norm : 190821.4696328549
Epoch 86, min : 0.0, max : 0.7056020498275757
This epoch duration :2478.9683871269226
Epoch 86, val-method base, validation accuracy 92.75506591796875, best_prec 92.93561553955078
Epoch 87, l0 norm : 791959, l1 norm : 190122.16444789813
Epoch 87, min : 0.0, max : 0.7064197659492493
This epoch duration :2477.599608898163
Epoch 87, val-method base, validation accuracy 92.86647033691406, best_prec 92.93561553955078
Epoch 88, l0 norm : 791959, l1 norm : 189415.9946256184
Epoch 88, min : 0.0, max : 0.7071272134780884
This epoch duration :2476.8490228652954
Epoch 88, val-method base, validation accuracy 92.76659393310547, best_prec 92.93561553955078
Epoch 89, l0 norm : 791965, l1 norm : 188741.58741096256
Epoch 89, min : 0.0, max : 0.7079307436943054
This epoch duration :2478.1214742660522
Epoch 89, val-method base, validation accuracy 92.693603515625, best_prec 92.93561553955078
Epoch 90, l0 norm : 791965, l1 norm : 188079.66480405067
Epoch 90, min : 0.0, max : 0.7088608741760254
This epoch duration :2481.0933084487915
Epoch 90, val-method base, validation accuracy 92.7934799194336, best_prec 92.93561553955078
Epoch 91, l0 norm : 791965, l1 norm : 187430.8654290719
Epoch 91, min : 0.0, max : 0.7094963788986206
This epoch duration :2476.151097536087
Epoch 91, val-method base, validation accuracy 92.84725952148438, best_prec 92.93561553955078
Epoch 92, l0 norm : 791965, l1 norm : 186821.54624441365
Epoch 92, min : 0.0, max : 0.7098486423492432
This epoch duration :2478.4091181755066
Epoch 92, val-method base, validation accuracy 92.82037353515625, best_prec 92.93561553955078
Epoch 93, l0 norm : 791965, l1 norm : 186217.2459120308
Epoch 93, min : 0.0, max : 0.7107061147689819
This epoch duration :2479.1109097003937
Epoch 93, val-method base, validation accuracy 92.80116271972656, best_prec 92.93561553955078
Epoch 94, l0 norm : 791968, l1 norm : 185614.25450150168
Epoch 94, min : 0.0, max : 0.7119380235671997
This epoch duration :2481.694004058838
Epoch 94, val-method base, validation accuracy 92.77043151855469, best_prec 92.93561553955078
Epoch 95, l0 norm : 791968, l1 norm : 185025.52288143133
Epoch 95, min : 0.0, max : 0.7126277685165405
This epoch duration :2481.211403131485
Epoch 95, val-method base, validation accuracy 92.78964233398438, best_prec 92.93561553955078
Epoch 96, l0 norm : 791968, l1 norm : 184462.6213223564
Epoch 96, min : 0.0, max : 0.7134717702865601
This epoch duration :2479.9449150562286
Epoch 96, val-method base, validation accuracy 92.80116271972656, best_prec 92.93561553955078
Epoch 97, l0 norm : 791968, l1 norm : 183924.47098592695
Epoch 97, min : 0.0, max : 0.7140113115310669
This epoch duration :2481.006116628647
Epoch 97, val-method base, validation accuracy 92.7166519165039, best_prec 92.93561553955078
Epoch 98, l0 norm : 791968, l1 norm : 183400.9538530379
Epoch 98, min : 0.0, max : 0.7147076725959778
This epoch duration :2481.6870896816254
Epoch 98, val-method base, validation accuracy 92.78964233398438, best_prec 92.93561553955078
Epoch 99, l0 norm : 791968, l1 norm : 182876.1063712127
Epoch 99, min : 0.0, max : 0.7157026529312134
This epoch duration :2006.4863204956055
Epoch 99, val-method base, validation accuracy 92.72817993164062, best_prec 92.93561553955078
