Namespace(configs='configs/FASHION_MNIST/pen_bip_1.yml', result_dir='./trained_models', exp_name='fm_m_11', exp_mode='prune', arch='fmnist_model', num_classes=10, layer_type='unstructured', k=None, lambd=0.99999993, alpha=1.0, fw_momentum=0.9, scaled_score_init=True, scale_rand_init=False, freeze_bn=False, source_net='trained_models/FMNIST_fmnist_model/pretrain/latest_exp/checkpoint/model_best.pth.tar', scores_init_type=None, dataset='FashionMNIST', batch_size=128, num_workers=2, test_batch_size=128, normalize=True, data_dir='./data', image_dim=32, trainer='penalized_bilevel_1', epochs=100, optimizer='sgd', wd=0.0001, mask_lr=0.1, lr=0.1, mask_lr_schedule='step', lr_schedule='cosine', momentum=0.9, warmup_epochs=0, warmup_lr=0.1, save_dense=False, evaluate=False, val_method='base', resume='', seed=1234, print_freq=100, lr2=0.0001, accelerate=False)
=> loading source model from 'trained_models/FMNIST_fmnist_model/pretrain/latest_exp/checkpoint/model_best.pth.tar'
=> loaded checkpoint 'trained_models/FMNIST_fmnist_model/pretrain/latest_exp/checkpoint/model_best.pth.tar'
Epoch 0, l0 norm : 385564, l1 norm : 16218.378845214844
Epoch 0, min : 0.0, max : 0.9611214995384216
This epoch duration :217.40147495269775
Epoch 0, val-method base, validation accuracy 84.91999816894531, best_prec 84.91999816894531
Epoch 1, l0 norm : 385620, l1 norm : 16327.775573730469
Epoch 1, min : 0.0, max : 0.9648154973983765
This epoch duration :209.1758074760437
Epoch 1, val-method base, validation accuracy 86.43999481201172, best_prec 86.43999481201172
Epoch 2, l0 norm : 385677, l1 norm : 16660.528900146484
Epoch 2, min : 0.0, max : 0.9756580591201782
This epoch duration :209.12491846084595
Epoch 2, val-method base, validation accuracy 87.04000091552734, best_prec 87.04000091552734
Epoch 3, l0 norm : 385723, l1 norm : 17114.33056640625
Epoch 3, min : 0.0, max : 0.9724177122116089
This epoch duration :209.2565562725067
Epoch 3, val-method base, validation accuracy 87.68999481201172, best_prec 87.68999481201172
Epoch 4, l0 norm : 385734, l1 norm : 17329.290283203125
Epoch 4, min : 0.0, max : 0.9763004183769226
This epoch duration :208.411461353302
Epoch 4, val-method base, validation accuracy 88.13999938964844, best_prec 88.13999938964844
Epoch 5, l0 norm : 385746, l1 norm : 17500.99884033203
Epoch 5, min : 0.0, max : 0.9784426093101501
This epoch duration :209.0273790359497
Epoch 5, val-method base, validation accuracy 88.54000091552734, best_prec 88.54000091552734
Epoch 6, l0 norm : 385755, l1 norm : 17679.224182128906
Epoch 6, min : 0.0, max : 0.9769803285598755
This epoch duration :209.4778835773468
Epoch 6, val-method base, validation accuracy 89.22999572753906, best_prec 89.22999572753906
Epoch 7, l0 norm : 385768, l1 norm : 17832.386993408203
Epoch 7, min : 0.0, max : 0.9758008718490601
This epoch duration :209.1598675251007
Epoch 7, val-method base, validation accuracy 89.29999542236328, best_prec 89.29999542236328
Epoch 8, l0 norm : 385779, l1 norm : 17996.919555664062
Epoch 8, min : 0.0, max : 0.975049614906311
This epoch duration :209.26052355766296
Epoch 8, val-method base, validation accuracy 89.31999969482422, best_prec 89.31999969482422
Epoch 9, l0 norm : 385789, l1 norm : 18111.71600341797
Epoch 9, min : 0.0, max : 0.9770114421844482
This epoch duration :209.051424741745
Epoch 9, val-method base, validation accuracy 88.79999542236328, best_prec 89.31999969482422
Epoch 10, l0 norm : 385802, l1 norm : 18236.653198242188
Epoch 10, min : 0.0, max : 0.9802755117416382
This epoch duration :209.4578926563263
Epoch 10, val-method base, validation accuracy 88.9000015258789, best_prec 89.31999969482422
Epoch 11, l0 norm : 385808, l1 norm : 18370.64468383789
Epoch 11, min : 0.0, max : 0.9790014624595642
This epoch duration :209.31914377212524
Epoch 11, val-method base, validation accuracy 89.77999877929688, best_prec 89.77999877929688
Epoch 12, l0 norm : 385822, l1 norm : 18497.68798828125
Epoch 12, min : 0.0, max : 0.9770129919052124
This epoch duration :207.50788044929504
Epoch 12, val-method base, validation accuracy 89.41999816894531, best_prec 89.77999877929688
Epoch 13, l0 norm : 385840, l1 norm : 18614.077392578125
Epoch 13, min : 0.0, max : 0.9733943343162537
This epoch duration :208.65010714530945
Epoch 13, val-method base, validation accuracy 89.52999877929688, best_prec 89.77999877929688
Epoch 14, l0 norm : 385852, l1 norm : 18716.397247314453
Epoch 14, min : 0.0, max : 0.9746540784835815
This epoch duration :207.8258399963379
Epoch 14, val-method base, validation accuracy 89.57999420166016, best_prec 89.77999877929688
Epoch 15, l0 norm : 385865, l1 norm : 18809.80844116211
Epoch 15, min : 0.0, max : 0.9689357876777649
This epoch duration :207.38434386253357
Epoch 15, val-method base, validation accuracy 89.87999725341797, best_prec 89.87999725341797
Epoch 16, l0 norm : 385873, l1 norm : 18901.885223388672
Epoch 16, min : 0.0, max : 0.9648782014846802
This epoch duration :207.40688705444336
Epoch 16, val-method base, validation accuracy 89.82999420166016, best_prec 89.87999725341797
Epoch 17, l0 norm : 385879, l1 norm : 18990.5576171875
Epoch 17, min : 0.0, max : 0.9574679732322693
This epoch duration :207.23442888259888
Epoch 17, val-method base, validation accuracy 89.70999908447266, best_prec 89.87999725341797
Epoch 18, l0 norm : 385883, l1 norm : 19062.579956054688
Epoch 18, min : 0.0, max : 0.9471851587295532
This epoch duration :207.62641763687134
Epoch 18, val-method base, validation accuracy 89.0, best_prec 89.87999725341797
Epoch 19, l0 norm : 385887, l1 norm : 19131.728912353516
Epoch 19, min : 0.0, max : 0.9436110854148865
This epoch duration :207.71615147590637
Epoch 19, val-method base, validation accuracy 89.29000091552734, best_prec 89.87999725341797
Epoch 20, l0 norm : 385887, l1 norm : 19203.897369384766
Epoch 20, min : 0.0, max : 0.9396337866783142
This epoch duration :207.79735851287842
Epoch 20, val-method base, validation accuracy 89.91999816894531, best_prec 89.91999816894531
Epoch 21, l0 norm : 385891, l1 norm : 19276.057250976562
Epoch 21, min : 0.0, max : 0.9415820837020874
This epoch duration :209.3146994113922
Epoch 21, val-method base, validation accuracy 89.81999969482422, best_prec 89.91999816894531
Epoch 22, l0 norm : 385895, l1 norm : 19335.00616455078
Epoch 22, min : 0.0, max : 0.9438669085502625
This epoch duration :210.90791988372803
Epoch 22, val-method base, validation accuracy 89.43000030517578, best_prec 89.91999816894531
Epoch 23, l0 norm : 385899, l1 norm : 19390.494873046875
Epoch 23, min : 0.0, max : 0.9465451836585999
This epoch duration :210.9397644996643
Epoch 23, val-method base, validation accuracy 89.66999816894531, best_prec 89.91999816894531
Epoch 24, l0 norm : 385900, l1 norm : 19449.05743408203
Epoch 24, min : 0.0, max : 0.9485686421394348
This epoch duration :209.6365430355072
Epoch 24, val-method base, validation accuracy 90.2699966430664, best_prec 90.2699966430664
Epoch 25, l0 norm : 385905, l1 norm : 19498.012237548828
Epoch 25, min : 0.0, max : 0.9511574506759644
This epoch duration :210.50748825073242
Epoch 25, val-method base, validation accuracy 89.02999877929688, best_prec 90.2699966430664
Epoch 26, l0 norm : 385908, l1 norm : 19548.198211669922
Epoch 26, min : 0.0, max : 0.9542355537414551
This epoch duration :211.05511808395386
Epoch 26, val-method base, validation accuracy 89.69999694824219, best_prec 90.2699966430664
Epoch 27, l0 norm : 385911, l1 norm : 19598.533447265625
Epoch 27, min : 0.0, max : 0.9563982486724854
This epoch duration :210.67706441879272
Epoch 27, val-method base, validation accuracy 89.95999908447266, best_prec 90.2699966430664
Epoch 28, l0 norm : 385916, l1 norm : 19644.129272460938
Epoch 28, min : 0.0, max : 0.958773136138916
This epoch duration :210.9226565361023
Epoch 28, val-method base, validation accuracy 89.47999572753906, best_prec 90.2699966430664
Epoch 29, l0 norm : 385916, l1 norm : 19685.100128173828
Epoch 29, min : 0.0, max : 0.9610568881034851
This epoch duration :210.77026343345642
Epoch 29, val-method base, validation accuracy 89.8699951171875, best_prec 90.2699966430664
Epoch 30, l0 norm : 385916, l1 norm : 19725.652862548828
Epoch 30, min : 0.0, max : 0.9631229043006897
This epoch duration :211.75253891944885
Epoch 30, val-method base, validation accuracy 89.83999633789062, best_prec 90.2699966430664
Epoch 31, l0 norm : 385920, l1 norm : 19764.692749023438
Epoch 31, min : 0.0, max : 0.9640820622444153
This epoch duration :209.91020250320435
Epoch 31, val-method base, validation accuracy 89.31999969482422, best_prec 90.2699966430664
Epoch 32, l0 norm : 385924, l1 norm : 19798.615142822266
Epoch 32, min : 0.0, max : 0.9641852378845215
This epoch duration :210.66539311408997
Epoch 32, val-method base, validation accuracy 89.75, best_prec 90.2699966430664
Epoch 33, l0 norm : 385928, l1 norm : 19832.147552490234
Epoch 33, min : 0.0, max : 0.963036298751831
This epoch duration :210.6280038356781
Epoch 33, val-method base, validation accuracy 89.61000061035156, best_prec 90.2699966430664
Epoch 34, l0 norm : 385930, l1 norm : 19861.299591064453
Epoch 34, min : 0.0, max : 0.9612684845924377
This epoch duration :208.03125286102295
Epoch 34, val-method base, validation accuracy 89.43000030517578, best_prec 90.2699966430664
Epoch 35, l0 norm : 385930, l1 norm : 19891.34588623047
Epoch 35, min : 0.0, max : 0.9607155919075012
This epoch duration :206.96874833106995
Epoch 35, val-method base, validation accuracy 89.8699951171875, best_prec 90.2699966430664
Epoch 36, l0 norm : 385930, l1 norm : 19918.455657958984
Epoch 36, min : 0.0, max : 0.9581479430198669
This epoch duration :207.4147207736969
Epoch 36, val-method base, validation accuracy 89.91999816894531, best_prec 90.2699966430664
Epoch 37, l0 norm : 385933, l1 norm : 19946.26446533203
Epoch 37, min : 0.0, max : 0.9564412236213684
This epoch duration :207.8226146697998
Epoch 37, val-method base, validation accuracy 89.11000061035156, best_prec 90.2699966430664
Epoch 38, l0 norm : 385936, l1 norm : 19971.9736328125
Epoch 38, min : 0.0, max : 0.9560635089874268
This epoch duration :207.54215717315674
Epoch 38, val-method base, validation accuracy 89.98999786376953, best_prec 90.2699966430664
Epoch 39, l0 norm : 385937, l1 norm : 19995.84375
Epoch 39, min : 0.0, max : 0.9549720883369446
This epoch duration :207.27393102645874
Epoch 39, val-method base, validation accuracy 89.41999816894531, best_prec 90.2699966430664
Epoch 40, l0 norm : 385937, l1 norm : 20018.908233642578
Epoch 40, min : 0.0, max : 0.9542557001113892
This epoch duration :207.9024691581726
Epoch 40, val-method base, validation accuracy 89.81999969482422, best_prec 90.2699966430664
Epoch 41, l0 norm : 385938, l1 norm : 20041.027923583984
Epoch 41, min : 0.0, max : 0.9527926445007324
This epoch duration :208.89602613449097
Epoch 41, val-method base, validation accuracy 89.86000061035156, best_prec 90.2699966430664
Epoch 42, l0 norm : 385938, l1 norm : 20065.013092041016
Epoch 42, min : 0.0, max : 0.9518207907676697
This epoch duration :210.81877493858337
Epoch 42, val-method base, validation accuracy 89.77999877929688, best_prec 90.2699966430664
Epoch 43, l0 norm : 385938, l1 norm : 20087.554626464844
Epoch 43, min : 0.0, max : 0.9513974785804749
This epoch duration :211.2919065952301
Epoch 43, val-method base, validation accuracy 90.16999816894531, best_prec 90.2699966430664
Epoch 44, l0 norm : 385938, l1 norm : 20110.477416992188
Epoch 44, min : 0.0, max : 0.9508047699928284
This epoch duration :209.80663990974426
Epoch 44, val-method base, validation accuracy 90.04000091552734, best_prec 90.2699966430664
Epoch 45, l0 norm : 385938, l1 norm : 20129.526336669922
Epoch 45, min : 0.0, max : 0.9485169649124146
This epoch duration :209.92633152008057
Epoch 45, val-method base, validation accuracy 89.65999603271484, best_prec 90.2699966430664
Epoch 46, l0 norm : 385938, l1 norm : 20147.234008789062
Epoch 46, min : 0.0, max : 0.9445769190788269
This epoch duration :210.38833212852478
Epoch 46, val-method base, validation accuracy 89.5, best_prec 90.2699966430664
Epoch 47, l0 norm : 385938, l1 norm : 20165.537536621094
Epoch 47, min : 0.0, max : 0.9417627453804016
This epoch duration :210.3083016872406
Epoch 47, val-method base, validation accuracy 89.68999481201172, best_prec 90.2699966430664
Epoch 48, l0 norm : 385939, l1 norm : 20184.08740234375
Epoch 48, min : 0.0, max : 0.9395468235015869
This epoch duration :210.59995317459106
Epoch 48, val-method base, validation accuracy 89.68000030517578, best_prec 90.2699966430664
Epoch 49, l0 norm : 385939, l1 norm : 20201.279174804688
Epoch 49, min : 0.0, max : 0.9368835687637329
This epoch duration :211.38693022727966
Epoch 49, val-method base, validation accuracy 89.93000030517578, best_prec 90.2699966430664
Epoch 50, l0 norm : 385940, l1 norm : 20217.731811523438
Epoch 50, min : 0.0, max : 0.9353771805763245
This epoch duration :210.51509547233582
Epoch 50, val-method base, validation accuracy 89.9000015258789, best_prec 90.2699966430664
Epoch 51, l0 norm : 385941, l1 norm : 20232.896514892578
Epoch 51, min : 0.0, max : 0.9350020885467529
This epoch duration :209.97179055213928
Epoch 51, val-method base, validation accuracy 89.69999694824219, best_prec 90.2699966430664
Epoch 52, l0 norm : 385941, l1 norm : 20246.55029296875
Epoch 52, min : 0.0, max : 0.9342491626739502
This epoch duration :210.65524792671204
Epoch 52, val-method base, validation accuracy 89.9000015258789, best_prec 90.2699966430664
Epoch 53, l0 norm : 385941, l1 norm : 20261.413116455078
Epoch 53, min : 0.0, max : 0.9326717853546143
This epoch duration :211.39802813529968
Epoch 53, val-method base, validation accuracy 89.87999725341797, best_prec 90.2699966430664
Epoch 54, l0 norm : 385941, l1 norm : 20274.854095458984
Epoch 54, min : 0.0, max : 0.9310331344604492
This epoch duration :207.81190252304077
Epoch 54, val-method base, validation accuracy 89.8699951171875, best_prec 90.2699966430664
Epoch 55, l0 norm : 385941, l1 norm : 20287.646270751953
Epoch 55, min : 0.0, max : 0.9303078055381775
This epoch duration :208.3067536354065
Epoch 55, val-method base, validation accuracy 89.72000122070312, best_prec 90.2699966430664
Epoch 56, l0 norm : 385941, l1 norm : 20299.76007080078
Epoch 56, min : 0.0, max : 0.9288111925125122
This epoch duration :207.32626008987427
Epoch 56, val-method base, validation accuracy 90.02999877929688, best_prec 90.2699966430664
Epoch 57, l0 norm : 385941, l1 norm : 20313.235107421875
Epoch 57, min : 0.0, max : 0.9271690845489502
This epoch duration :207.46363425254822
Epoch 57, val-method base, validation accuracy 90.08999633789062, best_prec 90.2699966430664
Epoch 58, l0 norm : 385941, l1 norm : 20325.76528930664
Epoch 58, min : 0.0, max : 0.9263870120048523
This epoch duration :207.37837624549866
Epoch 58, val-method base, validation accuracy 89.73999786376953, best_prec 90.2699966430664
Epoch 59, l0 norm : 385941, l1 norm : 20337.885803222656
Epoch 59, min : 0.0, max : 0.9251511693000793
This epoch duration :207.65740442276
Epoch 59, val-method base, validation accuracy 90.25999450683594, best_prec 90.2699966430664
Epoch 60, l0 norm : 385941, l1 norm : 20349.273651123047
Epoch 60, min : 0.0, max : 0.923904538154602
This epoch duration :207.4610471725464
Epoch 60, val-method base, validation accuracy 89.9000015258789, best_prec 90.2699966430664
Epoch 61, l0 norm : 385941, l1 norm : 20360.408203125
Epoch 61, min : 0.0, max : 0.9222510457038879
This epoch duration :207.45704245567322
Epoch 61, val-method base, validation accuracy 90.00999450683594, best_prec 90.2699966430664
Epoch 62, l0 norm : 385941, l1 norm : 20370.766479492188
Epoch 62, min : 0.0, max : 0.9190606474876404
This epoch duration :207.83817958831787
Epoch 62, val-method base, validation accuracy 90.18000030517578, best_prec 90.2699966430664
Epoch 63, l0 norm : 385941, l1 norm : 20381.270080566406
Epoch 63, min : 0.0, max : 0.9168742299079895
This epoch duration :207.96099162101746
Epoch 63, val-method base, validation accuracy 89.94999694824219, best_prec 90.2699966430664
Epoch 64, l0 norm : 385941, l1 norm : 20392.03564453125
Epoch 64, min : 0.0, max : 0.9157044291496277
This epoch duration :207.79450607299805
Epoch 64, val-method base, validation accuracy 90.1500015258789, best_prec 90.2699966430664
Epoch 65, l0 norm : 385941, l1 norm : 20401.733764648438
Epoch 65, min : 0.0, max : 0.9147433042526245
This epoch duration :208.48178935050964
Epoch 65, val-method base, validation accuracy 89.82999420166016, best_prec 90.2699966430664
Epoch 66, l0 norm : 385941, l1 norm : 20411.897857666016
Epoch 66, min : 0.0, max : 0.914554238319397
This epoch duration :207.7715880870819
Epoch 66, val-method base, validation accuracy 90.05999755859375, best_prec 90.2699966430664
Epoch 67, l0 norm : 385941, l1 norm : 20421.270385742188
Epoch 67, min : 0.0, max : 0.9143115878105164
This epoch duration :207.39168214797974
Epoch 67, val-method base, validation accuracy 89.8699951171875, best_prec 90.2699966430664
Epoch 68, l0 norm : 385941, l1 norm : 20430.570220947266
Epoch 68, min : 0.0, max : 0.9144498109817505
This epoch duration :207.73885345458984
Epoch 68, val-method base, validation accuracy 89.86000061035156, best_prec 90.2699966430664
Epoch 69, l0 norm : 385941, l1 norm : 20439.252960205078
Epoch 69, min : 0.0, max : 0.9146420955657959
This epoch duration :211.81074905395508
Epoch 69, val-method base, validation accuracy 90.07999420166016, best_prec 90.2699966430664
Epoch 70, l0 norm : 385941, l1 norm : 20448.192932128906
Epoch 70, min : 0.0, max : 0.9148829579353333
This epoch duration :210.92815375328064
Epoch 70, val-method base, validation accuracy 89.94999694824219, best_prec 90.2699966430664
Epoch 71, l0 norm : 385941, l1 norm : 20456.655853271484
Epoch 71, min : 0.0, max : 0.9155244827270508
This epoch duration :210.5006022453308
Epoch 71, val-method base, validation accuracy 90.00999450683594, best_prec 90.2699966430664
Epoch 72, l0 norm : 385941, l1 norm : 20464.80010986328
Epoch 72, min : 0.0, max : 0.9157925248146057
This epoch duration :209.31153011322021
Epoch 72, val-method base, validation accuracy 89.91999816894531, best_prec 90.2699966430664
Epoch 73, l0 norm : 385941, l1 norm : 20473.216369628906
Epoch 73, min : 0.0, max : 0.9155358076095581
This epoch duration :207.63710832595825
Epoch 73, val-method base, validation accuracy 89.97999572753906, best_prec 90.2699966430664
Epoch 74, l0 norm : 385941, l1 norm : 20481.09930419922
Epoch 74, min : 0.0, max : 0.9156298637390137
This epoch duration :208.98280310630798
Epoch 74, val-method base, validation accuracy 89.91999816894531, best_prec 90.2699966430664
Epoch 75, l0 norm : 385941, l1 norm : 20489.140686035156
Epoch 75, min : 0.0, max : 0.916051983833313
This epoch duration :209.4033658504486
Epoch 75, val-method base, validation accuracy 89.86000061035156, best_prec 90.2699966430664
Epoch 76, l0 norm : 385941, l1 norm : 20496.845581054688
Epoch 76, min : 0.0, max : 0.916458249092102
This epoch duration :210.7140600681305
Epoch 76, val-method base, validation accuracy 90.22000122070312, best_prec 90.2699966430664
Epoch 77, l0 norm : 385941, l1 norm : 20504.39044189453
Epoch 77, min : 0.0, max : 0.9164696335792542
This epoch duration :209.60194039344788
Epoch 77, val-method base, validation accuracy 90.33999633789062, best_prec 90.33999633789062
Epoch 78, l0 norm : 385941, l1 norm : 20511.800354003906
Epoch 78, min : 0.0, max : 0.9164813756942749
This epoch duration :206.90809202194214
Epoch 78, val-method base, validation accuracy 90.18000030517578, best_prec 90.33999633789062
Epoch 79, l0 norm : 385941, l1 norm : 20518.87969970703
Epoch 79, min : 0.0, max : 0.9167566299438477
This epoch duration :207.6262514591217
Epoch 79, val-method base, validation accuracy 90.04999542236328, best_prec 90.33999633789062
Epoch 80, l0 norm : 385941, l1 norm : 20525.87710571289
Epoch 80, min : 0.0, max : 0.9165504574775696
This epoch duration :211.4725694656372
Epoch 80, val-method base, validation accuracy 90.22000122070312, best_prec 90.33999633789062
Epoch 81, l0 norm : 385941, l1 norm : 20532.482666015625
Epoch 81, min : 0.0, max : 0.9161909818649292
This epoch duration :211.67281937599182
Epoch 81, val-method base, validation accuracy 90.0, best_prec 90.33999633789062
Epoch 82, l0 norm : 385941, l1 norm : 20539.124389648438
Epoch 82, min : 0.0, max : 0.9165104031562805
This epoch duration :209.65480637550354
Epoch 82, val-method base, validation accuracy 90.16999816894531, best_prec 90.33999633789062
Epoch 83, l0 norm : 385941, l1 norm : 20545.575622558594
Epoch 83, min : 0.0, max : 0.9167693853378296
This epoch duration :207.64370393753052
Epoch 83, val-method base, validation accuracy 90.23999786376953, best_prec 90.33999633789062
Epoch 84, l0 norm : 385941, l1 norm : 20551.879608154297
Epoch 84, min : 0.0, max : 0.916769802570343
This epoch duration :210.80183100700378
Epoch 84, val-method base, validation accuracy 90.08999633789062, best_prec 90.33999633789062
Epoch 85, l0 norm : 385941, l1 norm : 20557.988311767578
Epoch 85, min : 0.0, max : 0.9167748093605042
This epoch duration :211.32088017463684
Epoch 85, val-method base, validation accuracy 90.29000091552734, best_prec 90.33999633789062
Epoch 86, l0 norm : 385941, l1 norm : 20563.809448242188
Epoch 86, min : 0.0, max : 0.9168722629547119
This epoch duration :209.68970155715942
Epoch 86, val-method base, validation accuracy 90.16999816894531, best_prec 90.33999633789062
Epoch 87, l0 norm : 385941, l1 norm : 20569.25067138672
Epoch 87, min : 0.0, max : 0.9176880717277527
This epoch duration :210.4694001674652
Epoch 87, val-method base, validation accuracy 90.16999816894531, best_prec 90.33999633789062
Epoch 88, l0 norm : 385941, l1 norm : 20574.689453125
Epoch 88, min : 0.0, max : 0.918289065361023
This epoch duration :210.47136974334717
Epoch 88, val-method base, validation accuracy 90.20999908447266, best_prec 90.33999633789062
Epoch 89, l0 norm : 385941, l1 norm : 20579.95819091797
Epoch 89, min : 0.0, max : 0.9187754988670349
This epoch duration :211.46029257774353
Epoch 89, val-method base, validation accuracy 90.18999481201172, best_prec 90.33999633789062
Epoch 90, l0 norm : 385941, l1 norm : 20585.08447265625
Epoch 90, min : 0.0, max : 0.9189169406890869
This epoch duration :210.7072892189026
Epoch 90, val-method base, validation accuracy 90.18000030517578, best_prec 90.33999633789062
Epoch 91, l0 norm : 385941, l1 norm : 20589.906188964844
Epoch 91, min : 0.0, max : 0.9190594553947449
This epoch duration :210.63835835456848
Epoch 91, val-method base, validation accuracy 90.18000030517578, best_prec 90.33999633789062
Epoch 92, l0 norm : 385941, l1 norm : 20594.545623779297
Epoch 92, min : 0.0, max : 0.9188768267631531
This epoch duration :211.30451846122742
Epoch 92, val-method base, validation accuracy 90.22000122070312, best_prec 90.33999633789062
Epoch 93, l0 norm : 385941, l1 norm : 20599.146759033203
Epoch 93, min : 0.0, max : 0.9190582633018494
This epoch duration :210.84553933143616
Epoch 93, val-method base, validation accuracy 90.19999694824219, best_prec 90.33999633789062
Epoch 94, l0 norm : 385941, l1 norm : 20603.668395996094
Epoch 94, min : 0.0, max : 0.9190990924835205
This epoch duration :205.20647883415222
Epoch 94, val-method base, validation accuracy 90.16999816894531, best_prec 90.33999633789062
Epoch 95, l0 norm : 385941, l1 norm : 20607.883819580078
Epoch 95, min : 0.0, max : 0.9198035001754761
This epoch duration :196.93164110183716
Epoch 95, val-method base, validation accuracy 90.22000122070312, best_prec 90.33999633789062
Epoch 96, l0 norm : 385941, l1 norm : 20612.030670166016
Epoch 96, min : 0.0, max : 0.9200460314750671
This epoch duration :189.5463752746582
Epoch 96, val-method base, validation accuracy 90.18999481201172, best_prec 90.33999633789062
Epoch 97, l0 norm : 385941, l1 norm : 20615.961822509766
Epoch 97, min : 0.0, max : 0.9203214049339294
This epoch duration :174.3222222328186
Epoch 97, val-method base, validation accuracy 90.16999816894531, best_prec 90.33999633789062
Epoch 98, l0 norm : 385941, l1 norm : 20619.79071044922
Epoch 98, min : 0.0, max : 0.920598030090332
This epoch duration :104.82185220718384
Epoch 98, val-method base, validation accuracy 90.16999816894531, best_prec 90.33999633789062
Epoch 99, l0 norm : 385941, l1 norm : 20623.331512451172
Epoch 99, min : 0.0, max : 0.9207757115364075
This epoch duration :65.23535227775574
Epoch 99, val-method base, validation accuracy 90.18999481201172, best_prec 90.33999633789062
