Namespace(configs='configs/SVHN/pen_bip_1.yml', result_dir='./trained_models', exp_name='S_pb1_0', exp_mode='prune', arch='resnet18', num_classes=10, layer_type='unstructured', k=None, lambd=0.9999, alpha=1.0, fw_momentum=1.0, scaled_score_init=True, scale_rand_init=False, freeze_bn=False, source_net='trained_models/Resnet18_SVHN_Pretrain/pretrain/latest_exp/checkpoint/model_best.pth.tar', scores_init_type=None, dataset='SVHN', batch_size=128, num_workers=2, test_batch_size=128, normalize=True, data_dir='./data', image_dim=32, trainer='penalized_bilevel_1', epochs=100, optimizer='sgd', wd=0.0001, mask_lr=0.1, lr=0.1, mask_lr_schedule='step', lr_schedule='cosine', momentum=0.9, warmup_epochs=0, warmup_lr=0.1, save_dense=False, evaluate=False, val_method='base', resume='', seed=1234, print_freq=100, lr2=0.0001, accelerate=False)
=> loading source model from 'trained_models/Resnet18_SVHN_Pretrain/pretrain/latest_exp/checkpoint/model_best.pth.tar'
=> loaded checkpoint 'trained_models/Resnet18_SVHN_Pretrain/pretrain/latest_exp/checkpoint/model_best.pth.tar'
Epoch 0, l0 norm : 4335, l1 norm : 709.6890258789062
Epoch 0, min : 0.0, max : 0.48004576563835144
This epoch duration :479.40159940719604
Epoch 0, val-method base, validation accuracy 19.587430953979492, best_prec 19.587430953979492
Epoch 1, l0 norm : 4356, l1 norm : 616.037841796875
Epoch 1, min : 0.0, max : 0.46822044253349304
This epoch duration :1464.943156003952
Epoch 1, val-method base, validation accuracy 19.587430953979492, best_prec 19.587430953979492
Epoch 2, l0 norm : 4356, l1 norm : 520.930908203125
Epoch 2, min : 0.0, max : 0.46424436569213867
This epoch duration :2478.4317796230316
Epoch 2, val-method base, validation accuracy 19.587430953979492, best_prec 19.587430953979492
Epoch 3, l0 norm : 4356, l1 norm : 443.4425354003906
Epoch 3, min : 0.0, max : 0.4556942582130432
This epoch duration :2476.000501394272
Epoch 3, val-method base, validation accuracy 19.587430953979492, best_prec 19.587430953979492
Epoch 4, l0 norm : 4356, l1 norm : 378.114013671875
Epoch 4, min : 0.0, max : 0.45405280590057373
This epoch duration :2475.8177523612976
Epoch 4, val-method base, validation accuracy 19.587430953979492, best_prec 19.587430953979492
Epoch 5, l0 norm : 4356, l1 norm : 327.70208740234375
Epoch 5, min : 0.0, max : 0.45256203413009644
This epoch duration :2475.930680513382
Epoch 5, val-method base, validation accuracy 19.587430953979492, best_prec 19.587430953979492
Epoch 6, l0 norm : 4356, l1 norm : 286.33831787109375
Epoch 6, min : 0.0, max : 0.44706612825393677
This epoch duration :2475.9477829933167
Epoch 6, val-method base, validation accuracy 19.587430953979492, best_prec 19.587430953979492
Epoch 7, l0 norm : 4356, l1 norm : 250.68862915039062
Epoch 7, min : 0.0, max : 0.4382328689098358
This epoch duration :2475.5435857772827
Epoch 7, val-method base, validation accuracy 19.587430953979492, best_prec 19.587430953979492
Epoch 8, l0 norm : 4356, l1 norm : 220.66665649414062
Epoch 8, min : 0.0, max : 0.4295620322227478
This epoch duration :2475.427218914032
Epoch 8, val-method base, validation accuracy 19.587430953979492, best_prec 19.587430953979492
Epoch 9, l0 norm : 4356, l1 norm : 195.0777587890625
Epoch 9, min : 0.0, max : 0.4211571514606476
This epoch duration :2475.567155599594
Epoch 9, val-method base, validation accuracy 19.587430953979492, best_prec 19.587430953979492
Epoch 10, l0 norm : 4356, l1 norm : 172.47854614257812
Epoch 10, min : 0.0, max : 0.41220521926879883
This epoch duration :2475.657348871231
Epoch 10, val-method base, validation accuracy 19.587430953979492, best_prec 19.587430953979492
Epoch 11, l0 norm : 4356, l1 norm : 152.5199432373047
Epoch 11, min : 0.0, max : 0.39989033341407776
This epoch duration :2475.7901797294617
Epoch 11, val-method base, validation accuracy 19.587430953979492, best_prec 19.587430953979492
Epoch 12, l0 norm : 4356, l1 norm : 135.00518798828125
Epoch 12, min : 0.0, max : 0.3831326961517334
This epoch duration :2475.736140727997
Epoch 12, val-method base, validation accuracy 19.587430953979492, best_prec 19.587430953979492
Epoch 13, l0 norm : 4356, l1 norm : 119.8692398071289
Epoch 13, min : 0.0, max : 0.365707129240036
This epoch duration :2475.4801416397095
Epoch 13, val-method base, validation accuracy 19.587430953979492, best_prec 19.587430953979492
Epoch 14, l0 norm : 4356, l1 norm : 106.32119750976562
Epoch 14, min : 0.0, max : 0.34641218185424805
This epoch duration :2476.133315563202
Epoch 14, val-method base, validation accuracy 19.587430953979492, best_prec 19.587430953979492
Epoch 15, l0 norm : 4356, l1 norm : 94.45114135742188
Epoch 15, min : 0.0, max : 0.3272351622581482
This epoch duration :2475.8393659591675
Epoch 15, val-method base, validation accuracy 19.587430953979492, best_prec 19.587430953979492
Epoch 16, l0 norm : 4356, l1 norm : 84.23770141601562
Epoch 16, min : 0.0, max : 0.3059469163417816
This epoch duration :2475.396153450012
Epoch 16, val-method base, validation accuracy 19.587430953979492, best_prec 19.587430953979492
Epoch 17, l0 norm : 4356, l1 norm : 75.45077514648438
Epoch 17, min : 0.0, max : 0.2845973074436188
This epoch duration :2475.571697473526
Epoch 17, val-method base, validation accuracy 19.587430953979492, best_prec 19.587430953979492
Epoch 18, l0 norm : 4356, l1 norm : 67.85247802734375
Epoch 18, min : 0.0, max : 0.2631073594093323
This epoch duration :2475.737776517868
Epoch 18, val-method base, validation accuracy 19.587430953979492, best_prec 19.587430953979492
Epoch 19, l0 norm : 4356, l1 norm : 61.29148864746094
Epoch 19, min : 0.0, max : 0.24285925924777985
This epoch duration :2475.5299277305603
Epoch 19, val-method base, validation accuracy 19.587430953979492, best_prec 19.587430953979492
Epoch 20, l0 norm : 4356, l1 norm : 55.62644577026367
Epoch 20, min : 0.0, max : 0.22190837562084198
This epoch duration :2475.6848618984222
Epoch 20, val-method base, validation accuracy 19.587430953979492, best_prec 19.587430953979492
Epoch 21, l0 norm : 4356, l1 norm : 50.69280242919922
Epoch 21, min : 0.0, max : 0.20358474552631378
This epoch duration :2475.790595293045
Epoch 21, val-method base, validation accuracy 19.587430953979492, best_prec 19.587430953979492
Epoch 22, l0 norm : 4356, l1 norm : 46.38191604614258
Epoch 22, min : 0.0, max : 0.1865643411874771
This epoch duration :2475.5850236415863
Epoch 22, val-method base, validation accuracy 19.587430953979492, best_prec 19.587430953979492
Epoch 23, l0 norm : 4356, l1 norm : 42.597694396972656
Epoch 23, min : 0.0, max : 0.17162558436393738
This epoch duration :2475.5214853286743
Epoch 23, val-method base, validation accuracy 19.587430953979492, best_prec 19.587430953979492
Epoch 24, l0 norm : 4356, l1 norm : 39.25815200805664
Epoch 24, min : 0.0, max : 0.15817061066627502
This epoch duration :2475.7814428806305
Epoch 24, val-method base, validation accuracy 19.587430953979492, best_prec 19.587430953979492
Epoch 25, l0 norm : 4356, l1 norm : 36.296600341796875
Epoch 25, min : 0.0, max : 0.14623796939849854
This epoch duration :2475.197646856308
Epoch 25, val-method base, validation accuracy 19.587430953979492, best_prec 19.587430953979492
Epoch 26, l0 norm : 4356, l1 norm : 33.65782928466797
Epoch 26, min : 0.0, max : 0.13560648262500763
This epoch duration :2475.8313715457916
Epoch 26, val-method base, validation accuracy 19.587430953979492, best_prec 19.587430953979492
Epoch 27, l0 norm : 4356, l1 norm : 31.296703338623047
Epoch 27, min : 0.0, max : 0.12609361112117767
This epoch duration :2475.2776584625244
Epoch 27, val-method base, validation accuracy 19.587430953979492, best_prec 19.587430953979492
Epoch 28, l0 norm : 4356, l1 norm : 29.17557716369629
Epoch 28, min : 0.0, max : 0.1175476610660553
This epoch duration :2475.423725605011
Epoch 28, val-method base, validation accuracy 19.587430953979492, best_prec 19.587430953979492
Epoch 29, l0 norm : 4356, l1 norm : 27.263010025024414
Epoch 29, min : 0.0, max : 0.10984199494123459
This epoch duration :2475.8462126255035
Epoch 29, val-method base, validation accuracy 19.587430953979492, best_prec 19.587430953979492
Epoch 30, l0 norm : 4356, l1 norm : 25.532522201538086
Epoch 30, min : 0.0, max : 0.10286993533372879
This epoch duration :2475.848037481308
Epoch 30, val-method base, validation accuracy 19.587430953979492, best_prec 19.587430953979492
Epoch 31, l0 norm : 4356, l1 norm : 23.961719512939453
Epoch 31, min : 0.0, max : 0.09654122591018677
This epoch duration :2475.5940692424774
Epoch 31, val-method base, validation accuracy 19.587430953979492, best_prec 19.587430953979492
Epoch 32, l0 norm : 4356, l1 norm : 22.531532287597656
Epoch 32, min : 0.0, max : 0.09077901393175125
This epoch duration :2475.5882465839386
Epoch 32, val-method base, validation accuracy 19.587430953979492, best_prec 19.587430953979492
Epoch 33, l0 norm : 4356, l1 norm : 21.22567367553711
Epoch 33, min : 0.0, max : 0.08551772683858871
This epoch duration :2475.476894378662
Epoch 33, val-method base, validation accuracy 19.587430953979492, best_prec 19.587430953979492
Epoch 34, l0 norm : 4356, l1 norm : 20.030136108398438
Epoch 34, min : 0.0, max : 0.08070091903209686
This epoch duration :2477.795350551605
Epoch 34, val-method base, validation accuracy 19.587430953979492, best_prec 19.587430953979492
Epoch 35, l0 norm : 4356, l1 norm : 18.932830810546875
Epoch 35, min : 0.0, max : 0.07627991586923599
This epoch duration :2475.6595697402954
Epoch 35, val-method base, validation accuracy 19.587430953979492, best_prec 19.587430953979492
Epoch 36, l0 norm : 4356, l1 norm : 17.92329216003418
Epoch 36, min : 0.0, max : 0.07221251726150513
This epoch duration :2475.7374720573425
Epoch 36, val-method base, validation accuracy 19.587430953979492, best_prec 19.587430953979492
Epoch 37, l0 norm : 4356, l1 norm : 16.992389678955078
Epoch 37, min : 0.0, max : 0.06846193224191666
This epoch duration :2475.4950366020203
Epoch 37, val-method base, validation accuracy 19.587430953979492, best_prec 19.587430953979492
Epoch 38, l0 norm : 4356, l1 norm : 16.13217544555664
Epoch 38, min : 0.0, max : 0.06499610096216202
This epoch duration :2475.5205228328705
Epoch 38, val-method base, validation accuracy 19.587430953979492, best_prec 19.587430953979492
Epoch 39, l0 norm : 4356, l1 norm : 15.335667610168457
Epoch 39, min : 0.0, max : 0.061786994338035583
This epoch duration :2475.655627965927
Epoch 39, val-method base, validation accuracy 19.587430953979492, best_prec 19.587430953979492
Epoch 40, l0 norm : 4356, l1 norm : 14.596723556518555
Epoch 40, min : 0.0, max : 0.058809828013181686
This epoch duration :2475.469610452652
Epoch 40, val-method base, validation accuracy 19.587430953979492, best_prec 19.587430953979492
Epoch 41, l0 norm : 4356, l1 norm : 13.909932136535645
Epoch 41, min : 0.0, max : 0.056042760610580444
This epoch duration :2475.6518635749817
Epoch 41, val-method base, validation accuracy 19.587430953979492, best_prec 19.587430953979492
Epoch 42, l0 norm : 4356, l1 norm : 13.270492553710938
Epoch 42, min : 0.0, max : 0.05346647650003433
This epoch duration :2475.7596266269684
Epoch 42, val-method base, validation accuracy 19.587430953979492, best_prec 19.587430953979492
Epoch 43, l0 norm : 4356, l1 norm : 12.674156188964844
Epoch 43, min : 0.0, max : 0.051063843071460724
This epoch duration :2479.717934846878
Epoch 43, val-method base, validation accuracy 19.587430953979492, best_prec 19.587430953979492
Epoch 44, l0 norm : 4356, l1 norm : 12.117130279541016
Epoch 44, min : 0.0, max : 0.04881960153579712
This epoch duration :2480.563745737076
Epoch 44, val-method base, validation accuracy 19.587430953979492, best_prec 19.587430953979492
Epoch 45, l0 norm : 4356, l1 norm : 11.596036911010742
Epoch 45, min : 0.0, max : 0.04672013223171234
This epoch duration :2480.4148688316345
Epoch 45, val-method base, validation accuracy 19.587430953979492, best_prec 19.587430953979492
Epoch 46, l0 norm : 4356, l1 norm : 11.10784912109375
Epoch 46, min : 0.0, max : 0.044753242284059525
This epoch duration :2480.7129170894623
Epoch 46, val-method base, validation accuracy 19.587430953979492, best_prec 19.587430953979492
Epoch 47, l0 norm : 4356, l1 norm : 10.649852752685547
Epoch 47, min : 0.0, max : 0.04290797933936119
This epoch duration :2480.016308069229
Epoch 47, val-method base, validation accuracy 19.587430953979492, best_prec 19.587430953979492
Epoch 48, l0 norm : 4356, l1 norm : 10.21960735321045
Epoch 48, min : 0.0, max : 0.04117443040013313
This epoch duration :2480.8560304641724
Epoch 48, val-method base, validation accuracy 19.587430953979492, best_prec 19.587430953979492
Epoch 49, l0 norm : 4356, l1 norm : 9.814918518066406
Epoch 49, min : 0.0, max : 0.039543960243463516
This epoch duration :2480.485872030258
Epoch 49, val-method base, validation accuracy 19.587430953979492, best_prec 19.587430953979492
Epoch 50, l0 norm : 4356, l1 norm : 9.433799743652344
Epoch 50, min : 0.0, max : 0.03800845518708229
This epoch duration :2480.654512166977
Epoch 50, val-method base, validation accuracy 19.587430953979492, best_prec 19.587430953979492
Epoch 51, l0 norm : 4356, l1 norm : 9.074456214904785
Epoch 51, min : 0.0, max : 0.03656065836548805
This epoch duration :2480.8746201992035
Epoch 51, val-method base, validation accuracy 19.587430953979492, best_prec 19.587430953979492
Epoch 52, l0 norm : 4356, l1 norm : 8.735260009765625
Epoch 52, min : 0.0, max : 0.03519405052065849
This epoch duration :2480.3701107501984
Epoch 52, val-method base, validation accuracy 19.587430953979492, best_prec 19.587430953979492
Epoch 53, l0 norm : 4356, l1 norm : 8.414730072021484
Epoch 53, min : 0.0, max : 0.03390263020992279
This epoch duration :2480.561662912369
Epoch 53, val-method base, validation accuracy 19.587430953979492, best_prec 19.587430953979492
Epoch 54, l0 norm : 4356, l1 norm : 8.111527442932129
Epoch 54, min : 0.0, max : 0.03268104046583176
This epoch duration :2480.479385614395
Epoch 54, val-method base, validation accuracy 19.587430953979492, best_prec 19.587430953979492
Epoch 55, l0 norm : 4356, l1 norm : 7.824421405792236
Epoch 55, min : 0.0, max : 0.03152429312467575
This epoch duration :2480.4048521518707
Epoch 55, val-method base, validation accuracy 19.587430953979492, best_prec 19.587430953979492
Epoch 56, l0 norm : 4356, l1 norm : 7.552292823791504
Epoch 56, min : 0.0, max : 0.03042788803577423
This epoch duration :2480.545745372772
Epoch 56, val-method base, validation accuracy 19.587430953979492, best_prec 19.587430953979492
Epoch 57, l0 norm : 4356, l1 norm : 7.294116973876953
Epoch 57, min : 0.0, max : 0.029387708753347397
This epoch duration :2480.360406398773
Epoch 57, val-method base, validation accuracy 19.587430953979492, best_prec 19.587430953979492
Epoch 58, l0 norm : 4356, l1 norm : 7.048957824707031
Epoch 58, min : 0.0, max : 0.028399968519806862
This epoch duration :2480.4310534000397
Epoch 58, val-method base, validation accuracy 19.587430953979492, best_prec 19.587430953979492
Epoch 59, l0 norm : 4356, l1 norm : 6.815955638885498
Epoch 59, min : 0.0, max : 0.027461212128400803
This epoch duration :2480.3104939460754
Epoch 59, val-method base, validation accuracy 19.587430953979492, best_prec 19.587430953979492
Epoch 60, l0 norm : 4356, l1 norm : 6.594316005706787
Epoch 60, min : 0.0, max : 0.026568235829472542
This epoch duration :2480.40234041214
Epoch 60, val-method base, validation accuracy 19.587430953979492, best_prec 19.587430953979492
Epoch 61, l0 norm : 4356, l1 norm : 6.383313179016113
Epoch 61, min : 0.0, max : 0.025718118995428085
This epoch duration :2480.4503111839294
Epoch 61, val-method base, validation accuracy 19.587430953979492, best_prec 19.587430953979492
Epoch 62, l0 norm : 4356, l1 norm : 6.182279586791992
Epoch 62, min : 0.0, max : 0.0249081589281559
This epoch duration :2480.9659547805786
Epoch 62, val-method base, validation accuracy 19.587430953979492, best_prec 19.587430953979492
Epoch 63, l0 norm : 4356, l1 norm : 5.990596294403076
Epoch 63, min : 0.0, max : 0.024135878309607506
This epoch duration :2480.6678082942963
Epoch 63, val-method base, validation accuracy 19.587430953979492, best_prec 19.587430953979492
Epoch 64, l0 norm : 4356, l1 norm : 5.807690620422363
Epoch 64, min : 0.0, max : 0.023398954421281815
This epoch duration :2480.7230064868927
Epoch 64, val-method base, validation accuracy 19.587430953979492, best_prec 19.587430953979492
Epoch 65, l0 norm : 4356, l1 norm : 5.633035659790039
Epoch 65, min : 0.0, max : 0.022695273160934448
This epoch duration :2480.422245502472
Epoch 65, val-method base, validation accuracy 19.587430953979492, best_prec 19.587430953979492
Epoch 66, l0 norm : 4356, l1 norm : 5.466141700744629
Epoch 66, min : 0.0, max : 0.02202286198735237
This epoch duration :2480.420426130295
Epoch 66, val-method base, validation accuracy 19.587430953979492, best_prec 19.587430953979492
Epoch 67, l0 norm : 4356, l1 norm : 5.306557655334473
Epoch 67, min : 0.0, max : 0.021379897370934486
This epoch duration :2480.1232945919037
Epoch 67, val-method base, validation accuracy 19.587430953979492, best_prec 19.587430953979492
Epoch 68, l0 norm : 4356, l1 norm : 5.153860092163086
Epoch 68, min : 0.0, max : 0.020764730870723724
This epoch duration :2480.448614358902
Epoch 68, val-method base, validation accuracy 19.587430953979492, best_prec 19.587430953979492
Epoch 69, l0 norm : 4356, l1 norm : 5.007659912109375
Epoch 69, min : 0.0, max : 0.020175741985440254
This epoch duration :2480.9670872688293
Epoch 69, val-method base, validation accuracy 19.587430953979492, best_prec 19.587430953979492
Epoch 70, l0 norm : 4356, l1 norm : 4.867595195770264
Epoch 70, min : 0.0, max : 0.01961142010986805
This epoch duration :2480.320301055908
Epoch 70, val-method base, validation accuracy 19.587430953979492, best_prec 19.587430953979492
Epoch 71, l0 norm : 4356, l1 norm : 4.73332405090332
Epoch 71, min : 0.0, max : 0.01907043717801571
This epoch duration :2480.1913352012634
Epoch 71, val-method base, validation accuracy 19.587430953979492, best_prec 19.587430953979492
Epoch 72, l0 norm : 4356, l1 norm : 4.604534149169922
Epoch 72, min : 0.0, max : 0.018551552668213844
This epoch duration :2480.296340227127
Epoch 72, val-method base, validation accuracy 19.587430953979492, best_prec 19.587430953979492
Epoch 73, l0 norm : 4356, l1 norm : 4.480929374694824
Epoch 73, min : 0.0, max : 0.01805354282259941
This epoch duration :2480.26233625412
Epoch 73, val-method base, validation accuracy 19.587430953979492, best_prec 19.587430953979492
Epoch 74, l0 norm : 4356, l1 norm : 4.362236499786377
Epoch 74, min : 0.0, max : 0.017575329169631004
This epoch duration :2480.2524428367615
Epoch 74, val-method base, validation accuracy 19.587430953979492, best_prec 19.587430953979492
Epoch 75, l0 norm : 4356, l1 norm : 4.248196125030518
Epoch 75, min : 0.0, max : 0.017115870490670204
This epoch duration :2480.1607320308685
Epoch 75, val-method base, validation accuracy 19.587430953979492, best_prec 19.587430953979492
Epoch 76, l0 norm : 4356, l1 norm : 4.138570785522461
Epoch 76, min : 0.0, max : 0.016674188897013664
This epoch duration :2480.0993337631226
Epoch 76, val-method base, validation accuracy 19.587430953979492, best_prec 19.587430953979492
Epoch 77, l0 norm : 4356, l1 norm : 4.033136367797852
Epoch 77, min : 0.0, max : 0.016249394044280052
This epoch duration :2480.2989411354065
Epoch 77, val-method base, validation accuracy 19.587430953979492, best_prec 19.587430953979492
Epoch 78, l0 norm : 4356, l1 norm : 3.9316787719726562
Epoch 78, min : 0.0, max : 0.015840625390410423
This epoch duration :2480.1246461868286
Epoch 78, val-method base, validation accuracy 19.587430953979492, best_prec 19.587430953979492
Epoch 79, l0 norm : 4356, l1 norm : 3.8340024948120117
Epoch 79, min : 0.0, max : 0.015447103418409824
This epoch duration :2479.938798904419
Epoch 79, val-method base, validation accuracy 19.587430953979492, best_prec 19.587430953979492
Epoch 80, l0 norm : 4356, l1 norm : 3.7399215698242188
Epoch 80, min : 0.0, max : 0.01506805419921875
This epoch duration :2480.0598628520966
Epoch 80, val-method base, validation accuracy 19.587430953979492, best_prec 19.587430953979492
Epoch 81, l0 norm : 4356, l1 norm : 3.6492607593536377
Epoch 81, min : 0.0, max : 0.014702784828841686
This epoch duration :2480.241612434387
Epoch 81, val-method base, validation accuracy 19.587430953979492, best_prec 19.587430953979492
Epoch 82, l0 norm : 4356, l1 norm : 3.5618560314178467
Epoch 82, min : 0.0, max : 0.014350629411637783
This epoch duration :2480.1079988479614
Epoch 82, val-method base, validation accuracy 19.587430953979492, best_prec 19.587430953979492
Epoch 83, l0 norm : 4356, l1 norm : 3.4775571823120117
Epoch 83, min : 0.0, max : 0.01401099655777216
This epoch duration :2480.253892660141
Epoch 83, val-method base, validation accuracy 19.587430953979492, best_prec 19.587430953979492
Epoch 84, l0 norm : 4356, l1 norm : 3.396214008331299
Epoch 84, min : 0.0, max : 0.013683265075087547
This epoch duration :2480.0742588043213
Epoch 84, val-method base, validation accuracy 19.587430953979492, best_prec 19.587430953979492
Epoch 85, l0 norm : 4356, l1 norm : 3.317692279815674
Epoch 85, min : 0.0, max : 0.013366897590458393
This epoch duration :2479.7892916202545
Epoch 85, val-method base, validation accuracy 19.587430953979492, best_prec 19.587430953979492
Epoch 86, l0 norm : 4356, l1 norm : 3.2418627738952637
Epoch 86, min : 0.0, max : 0.013061384670436382
This epoch duration :2479.8064334392548
Epoch 86, val-method base, validation accuracy 19.587430953979492, best_prec 19.587430953979492
Epoch 87, l0 norm : 4356, l1 norm : 3.168602228164673
Epoch 87, min : 0.0, max : 0.012766222469508648
This epoch duration :2479.8679749965668
Epoch 87, val-method base, validation accuracy 19.587430953979492, best_prec 19.587430953979492
Epoch 88, l0 norm : 4356, l1 norm : 3.0978000164031982
Epoch 88, min : 0.0, max : 0.012480962090194225
This epoch duration :2480.431047439575
Epoch 88, val-method base, validation accuracy 19.587430953979492, best_prec 19.587430953979492
Epoch 89, l0 norm : 4356, l1 norm : 3.029341697692871
Epoch 89, min : 0.0, max : 0.01220514066517353
This epoch duration :2479.7093431949615
Epoch 89, val-method base, validation accuracy 19.587430953979492, best_prec 19.587430953979492
Epoch 90, l0 norm : 4356, l1 norm : 2.9631285667419434
Epoch 90, min : 0.0, max : 0.011938377283513546
This epoch duration :2479.969263315201
Epoch 90, val-method base, validation accuracy 19.587430953979492, best_prec 19.587430953979492
Epoch 91, l0 norm : 4356, l1 norm : 2.8990635871887207
Epoch 91, min : 0.0, max : 0.011680256575345993
This epoch duration :2479.682851791382
Epoch 91, val-method base, validation accuracy 19.587430953979492, best_prec 19.587430953979492
Epoch 92, l0 norm : 4356, l1 norm : 2.83705472946167
Epoch 92, min : 0.0, max : 0.011430430226027966
This epoch duration :2479.8630537986755
Epoch 92, val-method base, validation accuracy 19.587430953979492, best_prec 19.587430953979492
Epoch 93, l0 norm : 4356, l1 norm : 2.7770142555236816
Epoch 93, min : 0.0, max : 0.011188523843884468
This epoch duration :2480.276482820511
Epoch 93, val-method base, validation accuracy 19.587430953979492, best_prec 19.587430953979492
Epoch 94, l0 norm : 4356, l1 norm : 2.718857765197754
Epoch 94, min : 0.0, max : 0.010954217985272408
This epoch duration :2480.105750322342
Epoch 94, val-method base, validation accuracy 19.587430953979492, best_prec 19.587430953979492
Epoch 95, l0 norm : 4356, l1 norm : 2.6625113487243652
Epoch 95, min : 0.0, max : 0.010727197863161564
This epoch duration :2480.1566495895386
Epoch 95, val-method base, validation accuracy 19.587430953979492, best_prec 19.587430953979492
Epoch 96, l0 norm : 4356, l1 norm : 2.6078972816467285
Epoch 96, min : 0.0, max : 0.010507180355489254
This epoch duration :2479.953713417053
Epoch 96, val-method base, validation accuracy 19.587430953979492, best_prec 19.587430953979492
Epoch 97, l0 norm : 4356, l1 norm : 2.554945945739746
Epoch 97, min : 0.0, max : 0.010293851606547832
This epoch duration :2479.978986978531
Epoch 97, val-method base, validation accuracy 19.587430953979492, best_prec 19.587430953979492
Epoch 98, l0 norm : 4356, l1 norm : 2.503591775894165
Epoch 98, min : 0.0, max : 0.010086974129080772
This epoch duration :2479.9356122016907
Epoch 98, val-method base, validation accuracy 19.587430953979492, best_prec 19.587430953979492
Epoch 99, l0 norm : 4356, l1 norm : 2.4537711143493652
Epoch 99, min : 0.0, max : 0.009886236861348152
This epoch duration :2479.8521230220795
Epoch 99, val-method base, validation accuracy 19.587430953979492, best_prec 19.587430953979492
