Namespace(configs='configs/CIFAR10/pen_bip_1.yml', result_dir='./trained_models', exp_name='RC_pb1_l10a001', exp_mode='prune', arch='resnet18', num_classes=10, layer_type='unstructured', k=None, lambd=0.9999999999, alpha=0.01, scaled_score_init=True, scale_rand_init=False, freeze_bn=False, source_net='trained_models/CIFAR10_resnet18_Pretrain/pretrain/latest_exp/checkpoint/model_best.pth.tar', scores_init_type=None, dataset='CIFAR10', batch_size=128, num_workers=2, test_batch_size=128, normalize=True, data_dir='./data', image_dim=32, trainer='penalized_bilevel_1', epochs=100, optimizer='sgd', wd=0.0001, mask_lr=0.1, lr=0.1, mask_lr_schedule='step', lr_schedule='cosine', momentum=0.9, warmup_epochs=0, warmup_lr=0.1, save_dense=False, evaluate=False, val_method='base', resume='', seed=1234, print_freq=100, lr2=0.0001, accelerate=False)
=> loading source model from 'trained_models/CIFAR10_resnet18_Pretrain/pretrain/latest_exp/checkpoint/model_best.pth.tar'
=> loaded checkpoint 'trained_models/CIFAR10_resnet18_Pretrain/pretrain/latest_exp/checkpoint/model_best.pth.tar'
Epoch 0, l0 norm : 5612545, l1 norm : 2633808.848953247
Epoch 0, min : 0.0, max : 0.8396175503730774
This epoch duration :2892.9152731895447
Epoch 0, val-method base, validation accuracy 28.59000015258789, best_prec 28.59000015258789
Epoch 1, l0 norm : 5612545, l1 norm : 2640094.3950042725
Epoch 1, min : 0.0, max : 0.6865413784980774
This epoch duration :2877.779937505722
Epoch 1, val-method base, validation accuracy 39.279998779296875, best_prec 39.279998779296875
Epoch 2, l0 norm : 5612545, l1 norm : 2617287.8094940186
Epoch 2, min : 0.0, max : 0.6262288093566895
This epoch duration :2880.7483294010162
Epoch 2, val-method base, validation accuracy 52.72999954223633, best_prec 52.72999954223633
Epoch 3, l0 norm : 5612545, l1 norm : 2589222.7273483276
Epoch 3, min : 0.0, max : 0.5896809697151184
This epoch duration :2878.2091097831726
Epoch 3, val-method base, validation accuracy 58.54999923706055, best_prec 58.54999923706055
Epoch 4, l0 norm : 5612545, l1 norm : 2559450.729446411
Epoch 4, min : 0.0, max : 0.5663647055625916
This epoch duration :2881.7236716747284
Epoch 4, val-method base, validation accuracy 58.57999801635742, best_prec 58.57999801635742
Epoch 5, l0 norm : 5612545, l1 norm : 2529250.451538086
Epoch 5, min : 0.0, max : 0.5485747456550598
This epoch duration :2879.5599732398987
Epoch 5, val-method base, validation accuracy 65.93999481201172, best_prec 65.93999481201172
Epoch 6, l0 norm : 5612545, l1 norm : 2499021.5361175537
Epoch 6, min : 0.0, max : 0.5389384627342224
This epoch duration :2880.8796672821045
Epoch 6, val-method base, validation accuracy 66.04999542236328, best_prec 66.04999542236328
Epoch 7, l0 norm : 5612545, l1 norm : 2469399.978164673
Epoch 7, min : 0.0, max : 0.5313664674758911
This epoch duration :2878.2099974155426
Epoch 7, val-method base, validation accuracy 63.62999725341797, best_prec 66.04999542236328
Epoch 8, l0 norm : 5612545, l1 norm : 2440254.7679748535
Epoch 8, min : 0.0, max : 0.524919331073761
This epoch duration :2879.8434312343597
Epoch 8, val-method base, validation accuracy 66.40999603271484, best_prec 66.40999603271484
Epoch 9, l0 norm : 5612545, l1 norm : 2411422.419807434
Epoch 9, min : 0.0, max : 0.5074383616447449
This epoch duration :2877.562907218933
Epoch 9, val-method base, validation accuracy 72.91999816894531, best_prec 72.91999816894531
Epoch 10, l0 norm : 5612545, l1 norm : 2383474.719268799
Epoch 10, min : 0.0, max : 0.5004363059997559
This epoch duration :2874.8409807682037
Epoch 10, val-method base, validation accuracy 72.75, best_prec 72.91999816894531
Epoch 11, l0 norm : 5612545, l1 norm : 2356282.5069274902
Epoch 11, min : 0.0, max : 0.4876248836517334
This epoch duration :2875.794533252716
Epoch 11, val-method base, validation accuracy 76.29999542236328, best_prec 76.29999542236328
Epoch 12, l0 norm : 5612545, l1 norm : 2329700.0095672607
Epoch 12, min : 0.0, max : 0.48145791888237
This epoch duration :2877.1214294433594
Epoch 12, val-method base, validation accuracy 76.16999816894531, best_prec 76.29999542236328
Epoch 13, l0 norm : 5612545, l1 norm : 2303907.9886245728
Epoch 13, min : 0.0, max : 0.47516176104545593
This epoch duration :2874.518121957779
Epoch 13, val-method base, validation accuracy 79.43000030517578, best_prec 79.43000030517578
Epoch 14, l0 norm : 5612545, l1 norm : 2278893.382095337
Epoch 14, min : 0.0, max : 0.469133198261261
This epoch duration :2876.541531562805
Epoch 14, val-method base, validation accuracy 77.33999633789062, best_prec 79.43000030517578
Epoch 15, l0 norm : 5612545, l1 norm : 2254516.417160034
Epoch 15, min : 0.0, max : 0.46545305848121643
This epoch duration :2878.939973115921
Epoch 15, val-method base, validation accuracy 80.22999572753906, best_prec 80.22999572753906
Epoch 16, l0 norm : 5612545, l1 norm : 2230958.5272979736
Epoch 16, min : 0.0, max : 0.46016785502433777
This epoch duration :2876.7841198444366
Epoch 16, val-method base, validation accuracy 78.94999694824219, best_prec 80.22999572753906
Epoch 17, l0 norm : 5612545, l1 norm : 2208139.4155273438
Epoch 17, min : 0.0, max : 0.4540240466594696
This epoch duration :2878.137902021408
Epoch 17, val-method base, validation accuracy 79.79000091552734, best_prec 80.22999572753906
Epoch 18, l0 norm : 5612545, l1 norm : 2186130.868904114
Epoch 18, min : 0.0, max : 0.4475862383842468
This epoch duration :2880.6704421043396
Epoch 18, val-method base, validation accuracy 83.16999816894531, best_prec 83.16999816894531
Epoch 19, l0 norm : 5612545, l1 norm : 2164767.0095672607
Epoch 19, min : 0.0, max : 0.4451292157173157
This epoch duration :2881.0990991592407
Epoch 19, val-method base, validation accuracy 81.30999755859375, best_prec 83.16999816894531
Epoch 20, l0 norm : 5612545, l1 norm : 2144166.8071899414
Epoch 20, min : 0.0, max : 0.43894335627555847
This epoch duration :2879.6979942321777
Epoch 20, val-method base, validation accuracy 83.52999877929688, best_prec 83.52999877929688
Epoch 21, l0 norm : 5612545, l1 norm : 2124282.211265564
Epoch 21, min : 0.0, max : 0.4349004328250885
This epoch duration :2883.126629114151
Epoch 21, val-method base, validation accuracy 83.68000030517578, best_prec 83.68000030517578
Epoch 22, l0 norm : 5612545, l1 norm : 2105136.627960205
Epoch 22, min : 0.0, max : 0.4303392469882965
This epoch duration :2879.8643481731415
Epoch 22, val-method base, validation accuracy 83.43999481201172, best_prec 83.68000030517578
Epoch 23, l0 norm : 5612545, l1 norm : 2086720.9692993164
Epoch 23, min : 0.0, max : 0.42620259523391724
This epoch duration :2880.1173391342163
Epoch 23, val-method base, validation accuracy 83.72999572753906, best_prec 83.72999572753906
Epoch 24, l0 norm : 5612545, l1 norm : 2069058.0618896484
Epoch 24, min : 0.0, max : 0.4250847399234772
This epoch duration :2881.4780423641205
Epoch 24, val-method base, validation accuracy 84.27999877929688, best_prec 84.27999877929688
Epoch 25, l0 norm : 5612545, l1 norm : 2052036.3903045654
Epoch 25, min : 0.0, max : 0.4231957793235779
This epoch duration :2880.616003513336
Epoch 25, val-method base, validation accuracy 85.72999572753906, best_prec 85.72999572753906
Epoch 26, l0 norm : 5612545, l1 norm : 2035696.9755859375
Epoch 26, min : 0.0, max : 0.4211236834526062
This epoch duration :2879.813423395157
Epoch 26, val-method base, validation accuracy 84.8499984741211, best_prec 85.72999572753906
Epoch 27, l0 norm : 5612545, l1 norm : 2020066.776008606
Epoch 27, min : 0.0, max : 0.4199675917625427
This epoch duration :2877.4334769248962
Epoch 27, val-method base, validation accuracy 84.7699966430664, best_prec 85.72999572753906
Epoch 28, l0 norm : 5612545, l1 norm : 2005184.4961242676
Epoch 28, min : 0.0, max : 0.41751354932785034
This epoch duration :2877.7531955242157
Epoch 28, val-method base, validation accuracy 86.43000030517578, best_prec 86.43000030517578
Epoch 29, l0 norm : 5612545, l1 norm : 1990965.9972610474
Epoch 29, min : 0.0, max : 0.41719454526901245
This epoch duration :2878.3472299575806
Epoch 29, val-method base, validation accuracy 86.75, best_prec 86.75
Epoch 30, l0 norm : 5612545, l1 norm : 1977431.532623291
Epoch 30, min : 0.0, max : 0.4155241847038269
This epoch duration :2877.6107811927795
Epoch 30, val-method base, validation accuracy 87.15999603271484, best_prec 87.15999603271484
Epoch 31, l0 norm : 5612545, l1 norm : 1964577.3215637207
Epoch 31, min : 0.0, max : 0.4138287305831909
This epoch duration :2877.481002807617
Epoch 31, val-method base, validation accuracy 84.97000122070312, best_prec 87.15999603271484
Epoch 32, l0 norm : 5612545, l1 norm : 1952382.9239501953
Epoch 32, min : 0.0, max : 0.4119541645050049
This epoch duration :2878.3646264076233
Epoch 32, val-method base, validation accuracy 86.07999420166016, best_prec 87.15999603271484
Epoch 33, l0 norm : 5612545, l1 norm : 1940824.169746399
Epoch 33, min : 0.0, max : 0.41294124722480774
This epoch duration :2878.192622900009
Epoch 33, val-method base, validation accuracy 87.5199966430664, best_prec 87.5199966430664
Epoch 34, l0 norm : 5612545, l1 norm : 1929909.6797943115
Epoch 34, min : 0.0, max : 0.4128481149673462
This epoch duration :2879.6701204776764
Epoch 34, val-method base, validation accuracy 87.56999969482422, best_prec 87.56999969482422
Epoch 35, l0 norm : 5612545, l1 norm : 1919651.9090499878
Epoch 35, min : 0.0, max : 0.41280657052993774
This epoch duration :2877.2504303455353
Epoch 35, val-method base, validation accuracy 87.7699966430664, best_prec 87.7699966430664
Epoch 36, l0 norm : 5612545, l1 norm : 1910029.4205932617
Epoch 36, min : 0.0, max : 0.4107544720172882
This epoch duration :2878.2612636089325
Epoch 36, val-method base, validation accuracy 87.69999694824219, best_prec 87.7699966430664
Epoch 37, l0 norm : 5612545, l1 norm : 1901008.722770691
Epoch 37, min : 0.0, max : 0.40978342294692993
This epoch duration :2877.576268196106
Epoch 37, val-method base, validation accuracy 86.25, best_prec 87.7699966430664
Epoch 38, l0 norm : 5612545, l1 norm : 1892621.8499221802
Epoch 38, min : 0.0, max : 0.41078704595565796
This epoch duration :2877.0652887821198
Epoch 38, val-method base, validation accuracy 88.19999694824219, best_prec 88.19999694824219
Epoch 39, l0 norm : 5612545, l1 norm : 1884812.368774414
Epoch 39, min : 0.0, max : 0.40832099318504333
This epoch duration :2877.243445634842
Epoch 39, val-method base, validation accuracy 88.2699966430664, best_prec 88.2699966430664
Epoch 40, l0 norm : 5612545, l1 norm : 1877602.5221557617
Epoch 40, min : 0.0, max : 0.4081327021121979
This epoch duration :2877.9210228919983
Epoch 40, val-method base, validation accuracy 88.97999572753906, best_prec 88.97999572753906
Epoch 41, l0 norm : 5612545, l1 norm : 1871002.452156067
Epoch 41, min : 0.0, max : 0.40834930539131165
This epoch duration :2877.570691347122
Epoch 41, val-method base, validation accuracy 88.81999969482422, best_prec 88.97999572753906
Epoch 42, l0 norm : 5612545, l1 norm : 1864999.1708221436
Epoch 42, min : 0.0, max : 0.40713363885879517
This epoch duration :2878.2050347328186
Epoch 42, val-method base, validation accuracy 88.55999755859375, best_prec 88.97999572753906
Epoch 43, l0 norm : 5612545, l1 norm : 1859556.044670105
Epoch 43, min : 0.0, max : 0.40840837359428406
This epoch duration :2878.2147693634033
Epoch 43, val-method base, validation accuracy 88.63999938964844, best_prec 88.97999572753906
Epoch 44, l0 norm : 5612545, l1 norm : 1854697.8680725098
Epoch 44, min : 0.0, max : 0.40886232256889343
This epoch duration :2877.0900826454163
Epoch 44, val-method base, validation accuracy 89.18999481201172, best_prec 89.18999481201172
Epoch 45, l0 norm : 5612545, l1 norm : 1850363.8444900513
Epoch 45, min : 0.0, max : 0.40874049067497253
This epoch duration :2877.6136252880096
Epoch 45, val-method base, validation accuracy 88.38999938964844, best_prec 89.18999481201172
Epoch 46, l0 norm : 5612545, l1 norm : 1846575.2249679565
Epoch 46, min : 0.0, max : 0.4082050323486328
This epoch duration :2878.0542919635773
Epoch 46, val-method base, validation accuracy 89.38999938964844, best_prec 89.38999938964844
Epoch 47, l0 norm : 5612545, l1 norm : 1843358.3945159912
Epoch 47, min : 0.0, max : 0.4078792333602905
This epoch duration :2878.2552604675293
Epoch 47, val-method base, validation accuracy 88.25999450683594, best_prec 89.38999938964844
Epoch 48, l0 norm : 5612545, l1 norm : 1840698.790840149
Epoch 48, min : 0.0, max : 0.4083535373210907
This epoch duration :2878.2978909015656
Epoch 48, val-method base, validation accuracy 89.08999633789062, best_prec 89.38999938964844
Epoch 49, l0 norm : 5612545, l1 norm : 1838586.3901443481
Epoch 49, min : 0.0, max : 0.40779411792755127
This epoch duration :2880.6141250133514
Epoch 49, val-method base, validation accuracy 88.72000122070312, best_prec 89.38999938964844
Epoch 50, l0 norm : 5612545, l1 norm : 1837005.1336135864
Epoch 50, min : 0.0, max : 0.4082165062427521
This epoch duration :2879.264800786972
Epoch 50, val-method base, validation accuracy 89.41999816894531, best_prec 89.41999816894531
Epoch 51, l0 norm : 5612545, l1 norm : 1835925.3727645874
Epoch 51, min : 0.0, max : 0.40967556834220886
This epoch duration :2880.3152661323547
Epoch 51, val-method base, validation accuracy 89.38999938964844, best_prec 89.41999816894531
Epoch 52, l0 norm : 5612545, l1 norm : 1835370.863067627
Epoch 52, min : 0.0, max : 0.40981054306030273
This epoch duration :2877.710738658905
Epoch 52, val-method base, validation accuracy 90.13999938964844, best_prec 90.13999938964844
Epoch 53, l0 norm : 5612545, l1 norm : 1835297.9460601807
Epoch 53, min : 0.0, max : 0.40976232290267944
This epoch duration :2878.2638688087463
Epoch 53, val-method base, validation accuracy 89.18999481201172, best_prec 90.13999938964844
Epoch 54, l0 norm : 5612545, l1 norm : 1835734.258026123
Epoch 54, min : 0.0, max : 0.41117727756500244
This epoch duration :2879.090987443924
Epoch 54, val-method base, validation accuracy 89.0999984741211, best_prec 90.13999938964844
Epoch 55, l0 norm : 5612545, l1 norm : 1836657.7317276
Epoch 55, min : 0.0, max : 0.4126858115196228
This epoch duration :2881.1661586761475
Epoch 55, val-method base, validation accuracy 90.04000091552734, best_prec 90.13999938964844
Epoch 56, l0 norm : 5612545, l1 norm : 1838055.6694259644
Epoch 56, min : 0.0, max : 0.41343656182289124
This epoch duration :2881.9736201763153
Epoch 56, val-method base, validation accuracy 90.13999938964844, best_prec 90.13999938964844
Epoch 57, l0 norm : 5612545, l1 norm : 1839962.131729126
Epoch 57, min : 0.0, max : 0.413893461227417
This epoch duration :2880.0375394821167
Epoch 57, val-method base, validation accuracy 90.07999420166016, best_prec 90.13999938964844
Epoch 58, l0 norm : 5612545, l1 norm : 1842333.6228637695
Epoch 58, min : 0.0, max : 0.41507774591445923
This epoch duration :2881.039733171463
Epoch 58, val-method base, validation accuracy 90.40999603271484, best_prec 90.40999603271484
Epoch 59, l0 norm : 5612545, l1 norm : 1845176.343673706
Epoch 59, min : 0.0, max : 0.4143774211406708
This epoch duration :2878.623962163925
Epoch 59, val-method base, validation accuracy 90.68999481201172, best_prec 90.68999481201172
Epoch 60, l0 norm : 5612545, l1 norm : 1848466.922920227
Epoch 60, min : 0.0, max : 0.41709089279174805
This epoch duration :2875.970039844513
Epoch 60, val-method base, validation accuracy 89.73999786376953, best_prec 90.68999481201172
Epoch 61, l0 norm : 5612545, l1 norm : 1852220.3582458496
Epoch 61, min : 0.0, max : 0.4196474850177765
This epoch duration :2878.231934785843
Epoch 61, val-method base, validation accuracy 90.89999389648438, best_prec 90.89999389648438
Epoch 62, l0 norm : 5612545, l1 norm : 1856396.2545928955
Epoch 62, min : 0.0, max : 0.4198705852031708
This epoch duration :2876.7525506019592
Epoch 62, val-method base, validation accuracy 89.90999603271484, best_prec 90.89999389648438
Epoch 63, l0 norm : 5612545, l1 norm : 1861008.7509155273
Epoch 63, min : 0.0, max : 0.42265820503234863
This epoch duration :2880.921916246414
Epoch 63, val-method base, validation accuracy 90.43000030517578, best_prec 90.89999389648438
Epoch 64, l0 norm : 5612545, l1 norm : 1866022.2795639038
Epoch 64, min : 0.0, max : 0.42474842071533203
This epoch duration :2880.0635058879852
Epoch 64, val-method base, validation accuracy 90.83999633789062, best_prec 90.89999389648438
Epoch 65, l0 norm : 5612545, l1 norm : 1871465.8563995361
Epoch 65, min : 0.0, max : 0.4267195165157318
This epoch duration :2881.6666779518127
Epoch 65, val-method base, validation accuracy 90.72000122070312, best_prec 90.89999389648438
Epoch 66, l0 norm : 5612545, l1 norm : 1877318.7484893799
Epoch 66, min : 0.0, max : 0.42875537276268005
This epoch duration :2878.9666225910187
Epoch 66, val-method base, validation accuracy 90.38999938964844, best_prec 90.89999389648438
Epoch 67, l0 norm : 5612545, l1 norm : 1883575.3727798462
Epoch 67, min : 0.0, max : 0.431820273399353
This epoch duration :2882.264153242111
Epoch 67, val-method base, validation accuracy 91.13999938964844, best_prec 91.13999938964844
Epoch 68, l0 norm : 5612545, l1 norm : 1890216.250869751
Epoch 68, min : 0.0, max : 0.4344273507595062
This epoch duration :2881.5285358428955
Epoch 68, val-method base, validation accuracy 91.32999420166016, best_prec 91.32999420166016
Epoch 69, l0 norm : 5612545, l1 norm : 1897208.7902679443
Epoch 69, min : 0.0, max : 0.4370690584182739
This epoch duration :2880.581089735031
Epoch 69, val-method base, validation accuracy 91.29999542236328, best_prec 91.32999420166016
Epoch 70, l0 norm : 5612545, l1 norm : 1904589.7890319824
Epoch 70, min : 0.0, max : 0.43881744146347046
This epoch duration :2880.2978007793427
Epoch 70, val-method base, validation accuracy 90.8699951171875, best_prec 91.32999420166016
Epoch 71, l0 norm : 5612545, l1 norm : 1912329.4151306152
Epoch 71, min : 0.0, max : 0.44072020053863525
This epoch duration :2879.3396470546722
Epoch 71, val-method base, validation accuracy 91.00999450683594, best_prec 91.32999420166016
Epoch 72, l0 norm : 5612545, l1 norm : 1920402.8820343018
Epoch 72, min : 0.0, max : 0.4420706033706665
This epoch duration :2881.89302444458
Epoch 72, val-method base, validation accuracy 91.43000030517578, best_prec 91.43000030517578
Epoch 73, l0 norm : 5612545, l1 norm : 1928790.8783340454
Epoch 73, min : 0.0, max : 0.44550246000289917
This epoch duration :2878.991775035858
Epoch 73, val-method base, validation accuracy 91.20999908447266, best_prec 91.43000030517578
Epoch 74, l0 norm : 5612545, l1 norm : 1937507.5523834229
Epoch 74, min : 0.0, max : 0.4473173916339874
This epoch duration :2879.73840880394
Epoch 74, val-method base, validation accuracy 91.37999725341797, best_prec 91.43000030517578
Epoch 75, l0 norm : 5612545, l1 norm : 1946520.2209625244
Epoch 75, min : 0.0, max : 0.44967061281204224
This epoch duration :2880.595635652542
Epoch 75, val-method base, validation accuracy 91.72000122070312, best_prec 91.72000122070312
Epoch 76, l0 norm : 5612545, l1 norm : 1955842.0521392822
Epoch 76, min : 0.0, max : 0.452404648065567
This epoch duration :2880.5656089782715
Epoch 76, val-method base, validation accuracy 91.64999389648438, best_prec 91.72000122070312
Epoch 77, l0 norm : 5612545, l1 norm : 1965449.5304870605
Epoch 77, min : 0.0, max : 0.45477399230003357
This epoch duration :2881.8699898719788
Epoch 77, val-method base, validation accuracy 91.43999481201172, best_prec 91.72000122070312
Epoch 78, l0 norm : 5612545, l1 norm : 1975321.1504211426
Epoch 78, min : 0.0, max : 0.4583779573440552
This epoch duration :2881.0568640232086
Epoch 78, val-method base, validation accuracy 91.79000091552734, best_prec 91.79000091552734
Epoch 79, l0 norm : 5612545, l1 norm : 1985418.9121246338
Epoch 79, min : 0.0, max : 0.4610922336578369
This epoch duration :2880.9693038463593
Epoch 79, val-method base, validation accuracy 91.75999450683594, best_prec 91.79000091552734
Epoch 80, l0 norm : 5612545, l1 norm : 1995757.7849731445
Epoch 80, min : 0.0, max : 0.46434327960014343
This epoch duration :2882.425045490265
Epoch 80, val-method base, validation accuracy 91.86000061035156, best_prec 91.86000061035156
Epoch 81, l0 norm : 5612545, l1 norm : 2006302.289352417
Epoch 81, min : 0.0, max : 0.4673660695552826
This epoch duration :2879.220143556595
Epoch 81, val-method base, validation accuracy 91.82999420166016, best_prec 91.86000061035156
Epoch 82, l0 norm : 5612545, l1 norm : 2017049.4589614868
Epoch 82, min : 0.0, max : 0.4708244502544403
This epoch duration :2879.245028734207
Epoch 82, val-method base, validation accuracy 91.90999603271484, best_prec 91.90999603271484
Epoch 83, l0 norm : 5612545, l1 norm : 2027967.6619644165
Epoch 83, min : 0.0, max : 0.4738767445087433
This epoch duration :2880.057338953018
Epoch 83, val-method base, validation accuracy 92.1199951171875, best_prec 92.1199951171875
Epoch 84, l0 norm : 5612545, l1 norm : 2039034.412689209
Epoch 84, min : 0.0, max : 0.4785986840724945
This epoch duration :2880.73050904274
Epoch 84, val-method base, validation accuracy 92.00999450683594, best_prec 92.1199951171875
Epoch 85, l0 norm : 5612545, l1 norm : 2050252.3979187012
Epoch 85, min : 0.0, max : 0.4823493957519531
This epoch duration :2879.765008687973
Epoch 85, val-method base, validation accuracy 91.94999694824219, best_prec 92.1199951171875
Epoch 86, l0 norm : 5612545, l1 norm : 2061596.5388717651
Epoch 86, min : 0.0, max : 0.48509863018989563
This epoch duration :2879.8030207157135
Epoch 86, val-method base, validation accuracy 92.07999420166016, best_prec 92.1199951171875
Epoch 87, l0 norm : 5612545, l1 norm : 2073031.401298523
Epoch 87, min : 0.0, max : 0.4883231222629547
This epoch duration :2877.9050347805023
Epoch 87, val-method base, validation accuracy 92.27999877929688, best_prec 92.27999877929688
Epoch 88, l0 norm : 5612545, l1 norm : 2084518.982597351
Epoch 88, min : 0.0, max : 0.49251773953437805
This epoch duration :2880.766597509384
Epoch 88, val-method base, validation accuracy 92.29000091552734, best_prec 92.29000091552734
Epoch 89, l0 norm : 5612545, l1 norm : 2096072.9944763184
Epoch 89, min : 0.0, max : 0.49514907598495483
This epoch duration :2882.769959449768
Epoch 89, val-method base, validation accuracy 92.36000061035156, best_prec 92.36000061035156
Epoch 90, l0 norm : 5612545, l1 norm : 2107659.7961349487
Epoch 90, min : 0.0, max : 0.498746395111084
This epoch duration :2880.0954809188843
Epoch 90, val-method base, validation accuracy 92.13999938964844, best_prec 92.36000061035156
Epoch 91, l0 norm : 5612545, l1 norm : 2119237.329849243
Epoch 91, min : 0.0, max : 0.5029099583625793
This epoch duration :2880.4844229221344
Epoch 91, val-method base, validation accuracy 92.19999694824219, best_prec 92.36000061035156
Epoch 92, l0 norm : 5612545, l1 norm : 2130813.187347412
Epoch 92, min : 0.0, max : 0.5065857172012329
This epoch duration :2879.8925502300262
Epoch 92, val-method base, validation accuracy 92.07999420166016, best_prec 92.36000061035156
Epoch 93, l0 norm : 5612545, l1 norm : 2142324.7037506104
Epoch 93, min : 0.0, max : 0.5099106431007385
This epoch duration :2880.2278170585632
Epoch 93, val-method base, validation accuracy 92.00999450683594, best_prec 92.36000061035156
Epoch 94, l0 norm : 5612545, l1 norm : 2153740.0386505127
Epoch 94, min : 0.0, max : 0.5137836933135986
This epoch duration :2879.7964622974396
Epoch 94, val-method base, validation accuracy 92.11000061035156, best_prec 92.36000061035156
Epoch 95, l0 norm : 5612545, l1 norm : 2165056.286605835
Epoch 95, min : 0.0, max : 0.5166258215904236
This epoch duration :2878.9646134376526
Epoch 95, val-method base, validation accuracy 92.05999755859375, best_prec 92.36000061035156
Epoch 96, l0 norm : 5612545, l1 norm : 2176268.6269607544
Epoch 96, min : 0.0, max : 0.5194458365440369
This epoch duration :2880.137900829315
Epoch 96, val-method base, validation accuracy 92.08999633789062, best_prec 92.36000061035156
Epoch 97, l0 norm : 5612545, l1 norm : 2187314.7501831055
Epoch 97, min : 0.0, max : 0.5229549407958984
This epoch duration :2577.9967296123505
Epoch 97, val-method base, validation accuracy 91.93999481201172, best_prec 92.36000061035156
Epoch 98, l0 norm : 5612545, l1 norm : 2198148.84916687
Epoch 98, min : 0.0, max : 0.5258649587631226
This epoch duration :2314.085509300232
Epoch 98, val-method base, validation accuracy 92.07999420166016, best_prec 92.36000061035156
Epoch 99, l0 norm : 5612545, l1 norm : 2208795.101715088
Epoch 99, min : 0.0, max : 0.5285609364509583
This epoch duration :1836.9547581672668
Epoch 99, val-method base, validation accuracy 92.1199951171875, best_prec 92.36000061035156
