Namespace(configs='configs/CIFAR100/bip_corrected.yml', result_dir='./trained_models', exp_name='RC100_bc_1', exp_mode='prune', arch='resnet18', num_classes=100, layer_type='unstructured', k=0.0012787128173672776, lambd=0.0, alpha=1.0, fw_momentum=1.0, scaled_score_init=True, scale_rand_init=False, freeze_bn=False, source_net='trained_models/Resnet18_Cifar100_Pretrain/pretrain/latest_exp/checkpoint/model_best.pth.tar', scores_init_type=None, dataset='CIFAR100', batch_size=128, num_workers=2, test_batch_size=128, normalize=True, data_dir='./data', image_dim=32, trainer='bilevel_corrected', epochs=100, optimizer='sgd', wd=0.0001, mask_lr=0.1, lr=0.1, mask_lr_schedule='step', lr_schedule='cosine', momentum=0.9, warmup_epochs=0, warmup_lr=0.1, save_dense=False, evaluate=False, val_method='base', resume='', seed=1234, print_freq=100, lr2=0.0001, accelerate=False)
=> loading source model from 'trained_models/Resnet18_Cifar100_Pretrain/pretrain/latest_exp/checkpoint/model_best.pth.tar'
=> loaded checkpoint 'trained_models/Resnet18_Cifar100_Pretrain/pretrain/latest_exp/checkpoint/model_best.pth.tar'
This epoch duration :993.9774718284607
Epoch 0, val-method base, validation accuracy 7.489999771118164, best_prec 7.489999771118164
This epoch duration :961.2383365631104
Epoch 1, val-method base, validation accuracy 10.670000076293945, best_prec 10.670000076293945
This epoch duration :961.4963290691376
Epoch 2, val-method base, validation accuracy 12.199999809265137, best_prec 12.199999809265137
This epoch duration :960.0607948303223
Epoch 3, val-method base, validation accuracy 14.5, best_prec 14.5
This epoch duration :964.2596909999847
Epoch 4, val-method base, validation accuracy 15.539999961853027, best_prec 15.539999961853027
This epoch duration :958.4907011985779
Epoch 5, val-method base, validation accuracy 17.239999771118164, best_prec 17.239999771118164
This epoch duration :956.4464497566223
Epoch 6, val-method base, validation accuracy 17.520000457763672, best_prec 17.520000457763672
This epoch duration :959.3651802539825
Epoch 7, val-method base, validation accuracy 19.260000228881836, best_prec 19.260000228881836
This epoch duration :964.4424905776978
Epoch 8, val-method base, validation accuracy 17.170000076293945, best_prec 19.260000228881836
This epoch duration :961.6744174957275
Epoch 9, val-method base, validation accuracy 20.0, best_prec 20.0
This epoch duration :951.2559812068939
Epoch 10, val-method base, validation accuracy 19.420000076293945, best_prec 20.0
This epoch duration :958.4578850269318
Epoch 11, val-method base, validation accuracy 19.5, best_prec 20.0
This epoch duration :944.4388084411621
Epoch 12, val-method base, validation accuracy 23.739999771118164, best_prec 23.739999771118164
This epoch duration :954.1276280879974
Epoch 13, val-method base, validation accuracy 23.0, best_prec 23.739999771118164
This epoch duration :943.8031449317932
Epoch 14, val-method base, validation accuracy 24.279998779296875, best_prec 24.279998779296875
This epoch duration :956.7560260295868
Epoch 15, val-method base, validation accuracy 22.76999855041504, best_prec 24.279998779296875
This epoch duration :961.0142323970795
Epoch 16, val-method base, validation accuracy 23.189998626708984, best_prec 24.279998779296875
This epoch duration :959.9422173500061
Epoch 17, val-method base, validation accuracy 25.049999237060547, best_prec 25.049999237060547
This epoch duration :964.615261554718
Epoch 18, val-method base, validation accuracy 25.01999855041504, best_prec 25.049999237060547
This epoch duration :964.4578609466553
Epoch 19, val-method base, validation accuracy 27.239999771118164, best_prec 27.239999771118164
This epoch duration :964.1677012443542
Epoch 20, val-method base, validation accuracy 26.899999618530273, best_prec 27.239999771118164
This epoch duration :963.0531988143921
Epoch 21, val-method base, validation accuracy 27.51999855041504, best_prec 27.51999855041504
This epoch duration :962.284336566925
Epoch 22, val-method base, validation accuracy 27.92999839782715, best_prec 27.92999839782715
This epoch duration :950.8133084774017
Epoch 23, val-method base, validation accuracy 28.209999084472656, best_prec 28.209999084472656
This epoch duration :954.4953904151917
Epoch 24, val-method base, validation accuracy 26.529998779296875, best_prec 28.209999084472656
This epoch duration :950.6434180736542
Epoch 25, val-method base, validation accuracy 27.439998626708984, best_prec 28.209999084472656
This epoch duration :960.1866247653961
Epoch 26, val-method base, validation accuracy 30.579999923706055, best_prec 30.579999923706055
This epoch duration :954.4720976352692
Epoch 27, val-method base, validation accuracy 26.0, best_prec 30.579999923706055
This epoch duration :959.9531061649323
Epoch 28, val-method base, validation accuracy 29.219999313354492, best_prec 30.579999923706055
This epoch duration :947.0838267803192
Epoch 29, val-method base, validation accuracy 29.65999984741211, best_prec 30.579999923706055
This epoch duration :961.7940618991852
Epoch 30, val-method base, validation accuracy 32.71999740600586, best_prec 32.71999740600586
This epoch duration :958.534720659256
Epoch 31, val-method base, validation accuracy 31.51999855041504, best_prec 32.71999740600586
This epoch duration :956.1638460159302
Epoch 32, val-method base, validation accuracy 31.099998474121094, best_prec 32.71999740600586
This epoch duration :956.7572138309479
Epoch 33, val-method base, validation accuracy 32.0, best_prec 32.71999740600586
This epoch duration :959.5841822624207
Epoch 34, val-method base, validation accuracy 31.170000076293945, best_prec 32.71999740600586
This epoch duration :962.4539155960083
Epoch 35, val-method base, validation accuracy 31.34000015258789, best_prec 32.71999740600586
This epoch duration :962.4540390968323
Epoch 36, val-method base, validation accuracy 31.229999542236328, best_prec 32.71999740600586
This epoch duration :958.553055524826
Epoch 37, val-method base, validation accuracy 33.0099983215332, best_prec 33.0099983215332
This epoch duration :959.0604276657104
Epoch 38, val-method base, validation accuracy 32.5, best_prec 33.0099983215332
This epoch duration :958.1135330200195
Epoch 39, val-method base, validation accuracy 32.880001068115234, best_prec 33.0099983215332
This epoch duration :958.8206264972687
Epoch 40, val-method base, validation accuracy 30.67999839782715, best_prec 33.0099983215332
This epoch duration :961.0282142162323
Epoch 41, val-method base, validation accuracy 35.459999084472656, best_prec 35.459999084472656
This epoch duration :963.8841140270233
Epoch 42, val-method base, validation accuracy 30.3799991607666, best_prec 35.459999084472656
This epoch duration :959.0596001148224
Epoch 43, val-method base, validation accuracy 31.849998474121094, best_prec 35.459999084472656
This epoch duration :957.8844928741455
Epoch 44, val-method base, validation accuracy 32.38999938964844, best_prec 35.459999084472656
This epoch duration :954.1049118041992
Epoch 45, val-method base, validation accuracy 32.869998931884766, best_prec 35.459999084472656
This epoch duration :951.7953455448151
Epoch 46, val-method base, validation accuracy 32.63999938964844, best_prec 35.459999084472656
This epoch duration :944.4403653144836
Epoch 47, val-method base, validation accuracy 31.979999542236328, best_prec 35.459999084472656
This epoch duration :958.7640762329102
Epoch 48, val-method base, validation accuracy 32.43000030517578, best_prec 35.459999084472656
This epoch duration :955.7662456035614
Epoch 49, val-method base, validation accuracy 33.96999740600586, best_prec 35.459999084472656
This epoch duration :945.1835994720459
Epoch 50, val-method base, validation accuracy 38.709999084472656, best_prec 38.709999084472656
This epoch duration :961.4599380493164
Epoch 51, val-method base, validation accuracy 39.15999984741211, best_prec 39.15999984741211
This epoch duration :958.937581539154
Epoch 52, val-method base, validation accuracy 39.73999786376953, best_prec 39.73999786376953
This epoch duration :1387.0959203243256
Epoch 53, val-method base, validation accuracy 39.11000061035156, best_prec 39.73999786376953
This epoch duration :939.3519430160522
Epoch 54, val-method base, validation accuracy 40.70000076293945, best_prec 40.70000076293945
This epoch duration :927.1131074428558
Epoch 55, val-method base, validation accuracy 40.939998626708984, best_prec 40.939998626708984
This epoch duration :939.2215313911438
Epoch 56, val-method base, validation accuracy 39.5099983215332, best_prec 40.939998626708984
This epoch duration :947.1541512012482
Epoch 57, val-method base, validation accuracy 39.65999984741211, best_prec 40.939998626708984
This epoch duration :950.0983123779297
Epoch 58, val-method base, validation accuracy 39.369998931884766, best_prec 40.939998626708984
This epoch duration :948.7055833339691
Epoch 59, val-method base, validation accuracy 41.39999771118164, best_prec 41.39999771118164
This epoch duration :947.3502950668335
Epoch 60, val-method base, validation accuracy 40.90999984741211, best_prec 41.39999771118164
This epoch duration :954.2367005348206
Epoch 61, val-method base, validation accuracy 40.84000015258789, best_prec 41.39999771118164
This epoch duration :955.1521475315094
Epoch 62, val-method base, validation accuracy 41.87999725341797, best_prec 41.87999725341797
This epoch duration :938.6990749835968
Epoch 63, val-method base, validation accuracy 40.91999816894531, best_prec 41.87999725341797
This epoch duration :949.9704256057739
Epoch 64, val-method base, validation accuracy 41.31999969482422, best_prec 41.87999725341797
This epoch duration :960.5578513145447
Epoch 65, val-method base, validation accuracy 41.39999771118164, best_prec 41.87999725341797
This epoch duration :961.83336353302
Epoch 66, val-method base, validation accuracy 41.65999984741211, best_prec 41.87999725341797
This epoch duration :958.3580315113068
Epoch 67, val-method base, validation accuracy 41.90999984741211, best_prec 41.90999984741211
This epoch duration :960.4767832756042
Epoch 68, val-method base, validation accuracy 41.06999969482422, best_prec 41.90999984741211
This epoch duration :955.6284902095795
Epoch 69, val-method base, validation accuracy 42.23999786376953, best_prec 42.23999786376953
This epoch duration :958.7980017662048
Epoch 70, val-method base, validation accuracy 42.06999969482422, best_prec 42.23999786376953
This epoch duration :956.2308928966522
Epoch 71, val-method base, validation accuracy 43.189998626708984, best_prec 43.189998626708984
This epoch duration :960.5208415985107
Epoch 72, val-method base, validation accuracy 41.71999740600586, best_prec 43.189998626708984
This epoch duration :950.8897964954376
Epoch 73, val-method base, validation accuracy 41.959999084472656, best_prec 43.189998626708984
This epoch duration :961.1155214309692
Epoch 74, val-method base, validation accuracy 43.12999725341797, best_prec 43.189998626708984
This epoch duration :963.9331364631653
Epoch 75, val-method base, validation accuracy 42.869998931884766, best_prec 43.189998626708984
This epoch duration :954.182567358017
Epoch 76, val-method base, validation accuracy 42.48999786376953, best_prec 43.189998626708984
This epoch duration :949.628892660141
Epoch 77, val-method base, validation accuracy 43.46999740600586, best_prec 43.46999740600586
This epoch duration :949.0943348407745
Epoch 78, val-method base, validation accuracy 43.61000061035156, best_prec 43.61000061035156
This epoch duration :957.0592887401581
Epoch 79, val-method base, validation accuracy 43.529998779296875, best_prec 43.61000061035156
This epoch duration :959.6920568943024
Epoch 80, val-method base, validation accuracy 44.14999771118164, best_prec 44.14999771118164
This epoch duration :962.108065366745
Epoch 81, val-method base, validation accuracy 44.2599983215332, best_prec 44.2599983215332
This epoch duration :959.6482176780701
Epoch 82, val-method base, validation accuracy 43.98999786376953, best_prec 44.2599983215332
This epoch duration :962.4046792984009
Epoch 83, val-method base, validation accuracy 44.209999084472656, best_prec 44.2599983215332
This epoch duration :961.9315416812897
Epoch 84, val-method base, validation accuracy 44.64999771118164, best_prec 44.64999771118164
This epoch duration :962.8722202777863
Epoch 85, val-method base, validation accuracy 44.25, best_prec 44.64999771118164
This epoch duration :961.9244363307953
Epoch 86, val-method base, validation accuracy 44.21999740600586, best_prec 44.64999771118164
This epoch duration :960.3846518993378
Epoch 87, val-method base, validation accuracy 44.95000076293945, best_prec 44.95000076293945
This epoch duration :961.998051404953
Epoch 88, val-method base, validation accuracy 44.90999984741211, best_prec 44.95000076293945
This epoch duration :956.1019246578217
Epoch 89, val-method base, validation accuracy 44.78999710083008, best_prec 44.95000076293945
This epoch duration :956.2679815292358
Epoch 90, val-method base, validation accuracy 44.779998779296875, best_prec 44.95000076293945
This epoch duration :943.4902956485748
Epoch 91, val-method base, validation accuracy 45.05999755859375, best_prec 45.05999755859375
This epoch duration :949.9130146503448
Epoch 92, val-method base, validation accuracy 45.12999725341797, best_prec 45.12999725341797
This epoch duration :949.0382175445557
Epoch 93, val-method base, validation accuracy 45.119998931884766, best_prec 45.12999725341797
This epoch duration :947.4287605285645
Epoch 94, val-method base, validation accuracy 44.90999984741211, best_prec 45.12999725341797
This epoch duration :942.8007066249847
Epoch 95, val-method base, validation accuracy 45.09000015258789, best_prec 45.12999725341797
This epoch duration :943.8186445236206
Epoch 96, val-method base, validation accuracy 45.22999954223633, best_prec 45.22999954223633
This epoch duration :938.7911169528961
Epoch 97, val-method base, validation accuracy 45.11000061035156, best_prec 45.22999954223633
This epoch duration :945.4878919124603
Epoch 98, val-method base, validation accuracy 45.2599983215332, best_prec 45.2599983215332
This epoch duration :942.3231389522552
Epoch 99, val-method base, validation accuracy 45.119998931884766, best_prec 45.2599983215332
