Namespace(configs='configs/CIFAR10/pen_bip_1.yml', result_dir='./trained_models', exp_name='RC_pb1_l11a001', exp_mode='prune', arch='resnet18', num_classes=10, layer_type='unstructured', k=None, lambd=0.99999999999, alpha=0.01, scaled_score_init=True, scale_rand_init=False, freeze_bn=False, source_net='trained_models/CIFAR10_resnet18_Pretrain/pretrain/latest_exp/checkpoint/model_best.pth.tar', scores_init_type=None, dataset='CIFAR10', batch_size=128, num_workers=2, test_batch_size=128, normalize=True, data_dir='./data', image_dim=32, trainer='penalized_bilevel_1', epochs=100, optimizer='sgd', wd=0.0001, mask_lr=0.1, lr=0.1, mask_lr_schedule='step', lr_schedule='cosine', momentum=0.9, warmup_epochs=0, warmup_lr=0.1, save_dense=False, evaluate=False, val_method='base', resume='', seed=1234, print_freq=100, lr2=0.0001, accelerate=False)
=> loading source model from 'trained_models/CIFAR10_resnet18_Pretrain/pretrain/latest_exp/checkpoint/model_best.pth.tar'
=> loaded checkpoint 'trained_models/CIFAR10_resnet18_Pretrain/pretrain/latest_exp/checkpoint/model_best.pth.tar'
Epoch 0, l0 norm : 5618029, l1 norm : 2585382.5827331543
Epoch 0, min : 0.0, max : 0.8595678806304932
This epoch duration :1877.738210439682
Epoch 0, val-method base, validation accuracy 28.170000076293945, best_prec 28.170000076293945
Epoch 1, l0 norm : 5618029, l1 norm : 2625010.4567718506
Epoch 1, min : 0.0, max : 0.7143831253051758
This epoch duration :2203.2603788375854
Epoch 1, val-method base, validation accuracy 39.279998779296875, best_prec 39.279998779296875
Epoch 2, l0 norm : 5618029, l1 norm : 2611784.157180786
Epoch 2, min : 0.0, max : 0.6380533576011658
This epoch duration :2145.56795334816
Epoch 2, val-method base, validation accuracy 51.98999786376953, best_prec 51.98999786376953
Epoch 3, l0 norm : 5618029, l1 norm : 2586503.8149871826
Epoch 3, min : 0.0, max : 0.5965158343315125
This epoch duration :2147.9617516994476
Epoch 3, val-method base, validation accuracy 54.41999816894531, best_prec 54.41999816894531
Epoch 4, l0 norm : 5618029, l1 norm : 2558109.8980560303
Epoch 4, min : 0.0, max : 0.569545328617096
This epoch duration :2147.7565767765045
Epoch 4, val-method base, validation accuracy 59.209999084472656, best_prec 59.209999084472656
Epoch 5, l0 norm : 5618029, l1 norm : 2528765.838935852
Epoch 5, min : 0.0, max : 0.5524389147758484
This epoch duration :2143.38245511055
Epoch 5, val-method base, validation accuracy 64.33000183105469, best_prec 64.33000183105469
Epoch 6, l0 norm : 5618029, l1 norm : 2499066.0552597046
Epoch 6, min : 0.0, max : 0.5340540409088135
This epoch duration :2144.039887189865
Epoch 6, val-method base, validation accuracy 62.64999771118164, best_prec 64.33000183105469
Epoch 7, l0 norm : 5618029, l1 norm : 2469536.0670700073
Epoch 7, min : 0.0, max : 0.5240159034729004
This epoch duration :2144.47661280632
Epoch 7, val-method base, validation accuracy 64.02999877929688, best_prec 64.33000183105469
Epoch 8, l0 norm : 5618029, l1 norm : 2440669.210296631
Epoch 8, min : 0.0, max : 0.5097078084945679
This epoch duration :2145.303730249405
Epoch 8, val-method base, validation accuracy 66.52999877929688, best_prec 66.52999877929688
Epoch 9, l0 norm : 5618029, l1 norm : 2412202.700073242
Epoch 9, min : 0.0, max : 0.4984480142593384
This epoch duration :2143.7762956619263
Epoch 9, val-method base, validation accuracy 70.0999984741211, best_prec 70.0999984741211
Epoch 10, l0 norm : 5618029, l1 norm : 2384278.021759033
Epoch 10, min : 0.0, max : 0.49512338638305664
This epoch duration :2145.0788333415985
Epoch 10, val-method base, validation accuracy 74.08999633789062, best_prec 74.08999633789062
Epoch 11, l0 norm : 5618029, l1 norm : 2357041.153617859
Epoch 11, min : 0.0, max : 0.4841347634792328
This epoch duration :2148.0358970165253
Epoch 11, val-method base, validation accuracy 76.04000091552734, best_prec 76.04000091552734
Epoch 12, l0 norm : 5618029, l1 norm : 2330599.8231048584
Epoch 12, min : 0.0, max : 0.4777817726135254
This epoch duration :2144.759344816208
Epoch 12, val-method base, validation accuracy 77.61000061035156, best_prec 77.61000061035156
Epoch 13, l0 norm : 5618029, l1 norm : 2304777.586303711
Epoch 13, min : 0.0, max : 0.4706472158432007
This epoch duration :2144.6397755146027
Epoch 13, val-method base, validation accuracy 77.68999481201172, best_prec 77.68999481201172
Epoch 14, l0 norm : 5618029, l1 norm : 2279829.252456665
Epoch 14, min : 0.0, max : 0.46944472193717957
This epoch duration :2180.590871810913
Epoch 14, val-method base, validation accuracy 76.83999633789062, best_prec 77.68999481201172
Epoch 15, l0 norm : 5618029, l1 norm : 2255557.9686584473
Epoch 15, min : 0.0, max : 0.46059566736221313
This epoch duration :2180.131036758423
Epoch 15, val-method base, validation accuracy 79.12999725341797, best_prec 79.12999725341797
Epoch 16, l0 norm : 5618029, l1 norm : 2231811.1448669434
Epoch 16, min : 0.0, max : 0.46030616760253906
This epoch duration :2146.4603173732758
Epoch 16, val-method base, validation accuracy 78.6500015258789, best_prec 79.12999725341797
Epoch 17, l0 norm : 5618029, l1 norm : 2208954.7447509766
Epoch 17, min : 0.0, max : 0.4551914930343628
This epoch duration :2146.6558656692505
Epoch 17, val-method base, validation accuracy 80.22999572753906, best_prec 80.22999572753906
Epoch 18, l0 norm : 5618029, l1 norm : 2186979.9364318848
Epoch 18, min : 0.0, max : 0.4483988285064697
This epoch duration :2143.830849170685
Epoch 18, val-method base, validation accuracy 81.55999755859375, best_prec 81.55999755859375
Epoch 19, l0 norm : 5618029, l1 norm : 2165599.6008605957
Epoch 19, min : 0.0, max : 0.4449978470802307
This epoch duration :2145.4962158203125
Epoch 19, val-method base, validation accuracy 82.3499984741211, best_prec 82.3499984741211
Epoch 20, l0 norm : 5618029, l1 norm : 2144992.6805114746
Epoch 20, min : 0.0, max : 0.4373476207256317
This epoch duration :2145.170168876648
Epoch 20, val-method base, validation accuracy 82.27999877929688, best_prec 82.3499984741211
Epoch 21, l0 norm : 5618029, l1 norm : 2125069.9862823486
Epoch 21, min : 0.0, max : 0.4334212839603424
This epoch duration :2143.7671127319336
Epoch 21, val-method base, validation accuracy 83.58999633789062, best_prec 83.58999633789062
Epoch 22, l0 norm : 5618029, l1 norm : 2105946.7626342773
Epoch 22, min : 0.0, max : 0.43065470457077026
This epoch duration :2044.7332820892334
Epoch 22, val-method base, validation accuracy 83.79000091552734, best_prec 83.79000091552734
Epoch 23, l0 norm : 5618029, l1 norm : 2087557.89163208
Epoch 23, min : 0.0, max : 0.42762207984924316
This epoch duration :1644.6115832328796
Epoch 23, val-method base, validation accuracy 83.52999877929688, best_prec 83.79000091552734
Epoch 24, l0 norm : 5618029, l1 norm : 2069877.6676559448
Epoch 24, min : 0.0, max : 0.42628076672554016
This epoch duration :1647.6900799274445
Epoch 24, val-method base, validation accuracy 84.22000122070312, best_prec 84.22000122070312
Epoch 25, l0 norm : 5618029, l1 norm : 2052961.714515686
Epoch 25, min : 0.0, max : 0.4265556037425995
This epoch duration :1644.0108177661896
Epoch 25, val-method base, validation accuracy 83.75, best_prec 84.22000122070312
Epoch 26, l0 norm : 5618029, l1 norm : 2036586.7726745605
Epoch 26, min : 0.0, max : 0.42421042919158936
This epoch duration :1644.2797746658325
Epoch 26, val-method base, validation accuracy 85.52999877929688, best_prec 85.52999877929688
Epoch 27, l0 norm : 5618029, l1 norm : 2021010.0703659058
Epoch 27, min : 0.0, max : 0.4208495020866394
This epoch duration :1645.183883190155
Epoch 27, val-method base, validation accuracy 85.08999633789062, best_prec 85.52999877929688
Epoch 28, l0 norm : 5618029, l1 norm : 2006136.6206741333
Epoch 28, min : 0.0, max : 0.4167918562889099
This epoch duration :1650.9370801448822
Epoch 28, val-method base, validation accuracy 85.29999542236328, best_prec 85.52999877929688
Epoch 29, l0 norm : 5618029, l1 norm : 1991951.7620162964
Epoch 29, min : 0.0, max : 0.4146452844142914
This epoch duration :1644.4984896183014
Epoch 29, val-method base, validation accuracy 85.55999755859375, best_prec 85.55999755859375
Epoch 30, l0 norm : 5618029, l1 norm : 1978352.3564300537
Epoch 30, min : 0.0, max : 0.41387537121772766
This epoch duration :1644.0899906158447
Epoch 30, val-method base, validation accuracy 86.25, best_prec 86.25
Epoch 31, l0 norm : 5618029, l1 norm : 1965447.4092330933
Epoch 31, min : 0.0, max : 0.41179516911506653
This epoch duration :1644.3595113754272
Epoch 31, val-method base, validation accuracy 86.04000091552734, best_prec 86.25
Epoch 32, l0 norm : 5618029, l1 norm : 1953236.407119751
Epoch 32, min : 0.0, max : 0.4124324917793274
This epoch duration :1645.1768746376038
Epoch 32, val-method base, validation accuracy 85.68000030517578, best_prec 86.25
Epoch 33, l0 norm : 5618029, l1 norm : 1941684.0170593262
Epoch 33, min : 0.0, max : 0.4135179817676544
This epoch duration :1646.13423204422
Epoch 33, val-method base, validation accuracy 86.0199966430664, best_prec 86.25
Epoch 34, l0 norm : 5618029, l1 norm : 1930795.3726882935
Epoch 34, min : 0.0, max : 0.41380709409713745
This epoch duration :1644.4794471263885
Epoch 34, val-method base, validation accuracy 87.22999572753906, best_prec 87.22999572753906
Epoch 35, l0 norm : 5618029, l1 norm : 1920518.5395584106
Epoch 35, min : 0.0, max : 0.4144778847694397
This epoch duration :1644.5507912635803
Epoch 35, val-method base, validation accuracy 87.6500015258789, best_prec 87.6500015258789
Epoch 36, l0 norm : 5618029, l1 norm : 1910869.8074798584
Epoch 36, min : 0.0, max : 0.41350096464157104
This epoch duration :1644.8369369506836
Epoch 36, val-method base, validation accuracy 87.95999908447266, best_prec 87.95999908447266
Epoch 37, l0 norm : 5618029, l1 norm : 1901823.3337554932
Epoch 37, min : 0.0, max : 0.41216883063316345
This epoch duration :1643.7464518547058
Epoch 37, val-method base, validation accuracy 86.43999481201172, best_prec 87.95999908447266
Epoch 38, l0 norm : 5618029, l1 norm : 1893422.6842041016
Epoch 38, min : 0.0, max : 0.4107782244682312
This epoch duration :1646.6008744239807
Epoch 38, val-method base, validation accuracy 87.02999877929688, best_prec 87.95999908447266
Epoch 39, l0 norm : 5618029, l1 norm : 1885632.8682785034
Epoch 39, min : 0.0, max : 0.4098370373249054
This epoch duration :1644.6551430225372
Epoch 39, val-method base, validation accuracy 87.11000061035156, best_prec 87.95999908447266
Epoch 40, l0 norm : 5618029, l1 norm : 1878428.4176330566
Epoch 40, min : 0.0, max : 0.4108904302120209
This epoch duration :1645.7307586669922
Epoch 40, val-method base, validation accuracy 88.1199951171875, best_prec 88.1199951171875
Epoch 41, l0 norm : 5618029, l1 norm : 1871788.9069213867
Epoch 41, min : 0.0, max : 0.4114556610584259
This epoch duration :1644.7260580062866
Epoch 41, val-method base, validation accuracy 88.40999603271484, best_prec 88.40999603271484
Epoch 42, l0 norm : 5618029, l1 norm : 1865776.9445419312
Epoch 42, min : 0.0, max : 0.4101523458957672
This epoch duration :1645.730788230896
Epoch 42, val-method base, validation accuracy 88.6500015258789, best_prec 88.6500015258789
Epoch 43, l0 norm : 5618029, l1 norm : 1860363.9950256348
Epoch 43, min : 0.0, max : 0.41144904494285583
This epoch duration :1644.633689880371
Epoch 43, val-method base, validation accuracy 89.12999725341797, best_prec 89.12999725341797
Epoch 44, l0 norm : 5618029, l1 norm : 1855468.8610839844
Epoch 44, min : 0.0, max : 0.4104553759098053
This epoch duration :1645.1203367710114
Epoch 44, val-method base, validation accuracy 89.25, best_prec 89.25
Epoch 45, l0 norm : 5618029, l1 norm : 1851166.1778335571
Epoch 45, min : 0.0, max : 0.40837499499320984
This epoch duration :1643.6498696804047
Epoch 45, val-method base, validation accuracy 88.31999969482422, best_prec 89.25
Epoch 46, l0 norm : 5618029, l1 norm : 1847423.3484649658
Epoch 46, min : 0.0, max : 0.4085109829902649
This epoch duration :1644.6713392734528
Epoch 46, val-method base, validation accuracy 89.06999969482422, best_prec 89.25
Epoch 47, l0 norm : 5618029, l1 norm : 1844205.0463562012
Epoch 47, min : 0.0, max : 0.4094313681125641
This epoch duration :1646.3096933364868
Epoch 47, val-method base, validation accuracy 89.4000015258789, best_prec 89.4000015258789
Epoch 48, l0 norm : 5618029, l1 norm : 1841565.9260406494
Epoch 48, min : 0.0, max : 0.41075026988983154
This epoch duration :1643.2444400787354
Epoch 48, val-method base, validation accuracy 88.93000030517578, best_prec 89.4000015258789
Epoch 49, l0 norm : 5618029, l1 norm : 1839453.1094284058
Epoch 49, min : 0.0, max : 0.4104401469230652
This epoch duration :1643.9719955921173
Epoch 49, val-method base, validation accuracy 88.93999481201172, best_prec 89.4000015258789
Epoch 50, l0 norm : 5618029, l1 norm : 1837849.5850982666
Epoch 50, min : 0.0, max : 0.41001737117767334
This epoch duration :1644.0059645175934
Epoch 50, val-method base, validation accuracy 88.47000122070312, best_prec 89.4000015258789
Epoch 51, l0 norm : 5618029, l1 norm : 1836768.1669006348
Epoch 51, min : 0.0, max : 0.4096386432647705
This epoch duration :1644.2436373233795
Epoch 51, val-method base, validation accuracy 89.22999572753906, best_prec 89.4000015258789
Epoch 52, l0 norm : 5618029, l1 norm : 1836198.7062149048
Epoch 52, min : 0.0, max : 0.4107297360897064
This epoch duration :1645.362547159195
Epoch 52, val-method base, validation accuracy 89.47000122070312, best_prec 89.47000122070312
Epoch 53, l0 norm : 5618029, l1 norm : 1836147.3224334717
Epoch 53, min : 0.0, max : 0.4109663963317871
This epoch duration :1644.3849267959595
Epoch 53, val-method base, validation accuracy 89.30999755859375, best_prec 89.47000122070312
Epoch 54, l0 norm : 5618029, l1 norm : 1836587.0286560059
Epoch 54, min : 0.0, max : 0.4108511507511139
This epoch duration :1649.276320695877
Epoch 54, val-method base, validation accuracy 90.13999938964844, best_prec 90.13999938964844
Epoch 55, l0 norm : 5618029, l1 norm : 1837529.0180206299
Epoch 55, min : 0.0, max : 0.4113866984844208
This epoch duration :1647.8625037670135
Epoch 55, val-method base, validation accuracy 90.13999938964844, best_prec 90.13999938964844
Epoch 56, l0 norm : 5618029, l1 norm : 1838960.7904281616
Epoch 56, min : 0.0, max : 0.4132646918296814
This epoch duration :1644.664981842041
Epoch 56, val-method base, validation accuracy 89.77999877929688, best_prec 90.13999938964844
Epoch 57, l0 norm : 5618029, l1 norm : 1840882.4141540527
Epoch 57, min : 0.0, max : 0.41496363282203674
This epoch duration :1643.6694469451904
Epoch 57, val-method base, validation accuracy 89.38999938964844, best_prec 90.13999938964844
Epoch 58, l0 norm : 5618029, l1 norm : 1843272.8220443726
Epoch 58, min : 0.0, max : 0.4167812466621399
This epoch duration :1643.9380688667297
Epoch 58, val-method base, validation accuracy 90.58999633789062, best_prec 90.58999633789062
Epoch 59, l0 norm : 5618029, l1 norm : 1846123.0900039673
Epoch 59, min : 0.0, max : 0.41835999488830566
This epoch duration :1643.943641424179
Epoch 59, val-method base, validation accuracy 89.80999755859375, best_prec 90.58999633789062
Epoch 60, l0 norm : 5618029, l1 norm : 1849416.6138153076
Epoch 60, min : 0.0, max : 0.41949281096458435
This epoch duration :1645.2707583904266
Epoch 60, val-method base, validation accuracy 90.05999755859375, best_prec 90.58999633789062
Epoch 61, l0 norm : 5618029, l1 norm : 1853173.8964309692
Epoch 61, min : 0.0, max : 0.419630229473114
This epoch duration :1645.8372433185577
Epoch 61, val-method base, validation accuracy 90.22999572753906, best_prec 90.58999633789062
Epoch 62, l0 norm : 5618029, l1 norm : 1857360.3975982666
Epoch 62, min : 0.0, max : 0.42048880457878113
This epoch duration :1644.0628068447113
Epoch 62, val-method base, validation accuracy 90.29999542236328, best_prec 90.58999633789062
Epoch 63, l0 norm : 5618029, l1 norm : 1861974.0942993164
Epoch 63, min : 0.0, max : 0.4223056733608246
This epoch duration :1644.1082842350006
Epoch 63, val-method base, validation accuracy 89.82999420166016, best_prec 90.58999633789062
Epoch 64, l0 norm : 5618029, l1 norm : 1867011.4163970947
Epoch 64, min : 0.0, max : 0.4230979084968567
This epoch duration :1644.8157722949982
Epoch 64, val-method base, validation accuracy 90.72999572753906, best_prec 90.72999572753906
Epoch 65, l0 norm : 5618029, l1 norm : 1872470.54246521
Epoch 65, min : 0.0, max : 0.4246009290218353
This epoch duration :1643.6382682323456
Epoch 65, val-method base, validation accuracy 90.62999725341797, best_prec 90.72999572753906
Epoch 66, l0 norm : 5618029, l1 norm : 1878321.9462738037
Epoch 66, min : 0.0, max : 0.42565932869911194
This epoch duration :1644.4056248664856
Epoch 66, val-method base, validation accuracy 90.72000122070312, best_prec 90.72999572753906
Epoch 67, l0 norm : 5618029, l1 norm : 1884569.5382080078
Epoch 67, min : 0.0, max : 0.42721518874168396
This epoch duration :1647.0647184848785
Epoch 67, val-method base, validation accuracy 90.58999633789062, best_prec 90.72999572753906
Epoch 68, l0 norm : 5618029, l1 norm : 1891226.8825683594
Epoch 68, min : 0.0, max : 0.42876502871513367
This epoch duration :1645.2716023921967
Epoch 68, val-method base, validation accuracy 90.94999694824219, best_prec 90.94999694824219
Epoch 69, l0 norm : 5618029, l1 norm : 1898252.487121582
Epoch 69, min : 0.0, max : 0.43140554428100586
This epoch duration :1646.1796572208405
Epoch 69, val-method base, validation accuracy 90.54999542236328, best_prec 90.94999694824219
Epoch 70, l0 norm : 5618029, l1 norm : 1905634.3510284424
Epoch 70, min : 0.0, max : 0.43356478214263916
This epoch duration :1644.1804666519165
Epoch 70, val-method base, validation accuracy 90.91999816894531, best_prec 90.94999694824219
Epoch 71, l0 norm : 5618029, l1 norm : 1913378.5227508545
Epoch 71, min : 0.0, max : 0.43557488918304443
This epoch duration :1644.5922706127167
Epoch 71, val-method base, validation accuracy 91.25999450683594, best_prec 91.25999450683594
Epoch 72, l0 norm : 5618029, l1 norm : 1921468.9111557007
Epoch 72, min : 0.0, max : 0.4389669597148895
This epoch duration :1644.3809704780579
Epoch 72, val-method base, validation accuracy 91.18999481201172, best_prec 91.25999450683594
Epoch 73, l0 norm : 5618029, l1 norm : 1929880.4097595215
Epoch 73, min : 0.0, max : 0.4414168894290924
This epoch duration :1643.9724600315094
Epoch 73, val-method base, validation accuracy 91.30999755859375, best_prec 91.30999755859375
Epoch 74, l0 norm : 5618029, l1 norm : 1938631.7344360352
Epoch 74, min : 0.0, max : 0.4445125162601471
This epoch duration :1644.6867578029633
Epoch 74, val-method base, validation accuracy 91.37999725341797, best_prec 91.37999725341797
Epoch 75, l0 norm : 5618029, l1 norm : 1947661.789756775
Epoch 75, min : 0.0, max : 0.44702237844467163
This epoch duration :1645.057553768158
Epoch 75, val-method base, validation accuracy 91.61000061035156, best_prec 91.61000061035156
Epoch 76, l0 norm : 5618029, l1 norm : 1956994.4314041138
Epoch 76, min : 0.0, max : 0.44879093766212463
This epoch duration :1647.1741969585419
Epoch 76, val-method base, validation accuracy 91.68999481201172, best_prec 91.68999481201172
Epoch 77, l0 norm : 5618029, l1 norm : 1966585.2358856201
Epoch 77, min : 0.0, max : 0.45194849371910095
This epoch duration :1643.9749035835266
Epoch 77, val-method base, validation accuracy 91.30999755859375, best_prec 91.68999481201172
Epoch 78, l0 norm : 5618029, l1 norm : 1976444.6589355469
Epoch 78, min : 0.0, max : 0.45569708943367004
This epoch duration :1644.4490942955017
Epoch 78, val-method base, validation accuracy 91.83999633789062, best_prec 91.83999633789062
Epoch 79, l0 norm : 5618029, l1 norm : 1986561.810951233
Epoch 79, min : 0.0, max : 0.459367573261261
This epoch duration :1644.6491496562958
Epoch 79, val-method base, validation accuracy 92.04999542236328, best_prec 92.04999542236328
Epoch 80, l0 norm : 5618029, l1 norm : 1996915.3642120361
Epoch 80, min : 0.0, max : 0.4634227156639099
This epoch duration :1646.3394498825073
Epoch 80, val-method base, validation accuracy 91.3699951171875, best_prec 92.04999542236328
Epoch 81, l0 norm : 5618029, l1 norm : 2007484.9363098145
Epoch 81, min : 0.0, max : 0.4659740626811981
This epoch duration :1647.899353504181
Epoch 81, val-method base, validation accuracy 91.68000030517578, best_prec 92.04999542236328
Epoch 82, l0 norm : 5618029, l1 norm : 2018229.922164917
Epoch 82, min : 0.0, max : 0.4691201448440552
This epoch duration :1643.8681840896606
Epoch 82, val-method base, validation accuracy 91.98999786376953, best_prec 92.04999542236328
Epoch 83, l0 norm : 5618029, l1 norm : 2029174.0031967163
Epoch 83, min : 0.0, max : 0.4739706516265869
This epoch duration :1645.8264524936676
Epoch 83, val-method base, validation accuracy 92.06999969482422, best_prec 92.06999969482422
Epoch 84, l0 norm : 5618029, l1 norm : 2040257.39793396
Epoch 84, min : 0.0, max : 0.4770470857620239
This epoch duration :1646.7891063690186
Epoch 84, val-method base, validation accuracy 91.93999481201172, best_prec 92.06999969482422
Epoch 85, l0 norm : 5618029, l1 norm : 2051495.4830932617
Epoch 85, min : 0.0, max : 0.47877493500709534
This epoch duration :1643.7190544605255
Epoch 85, val-method base, validation accuracy 91.79999542236328, best_prec 92.06999969482422
Epoch 86, l0 norm : 5618029, l1 norm : 2062853.5008392334
Epoch 86, min : 0.0, max : 0.4813123643398285
This epoch duration :1644.2656106948853
Epoch 86, val-method base, validation accuracy 92.06999969482422, best_prec 92.06999969482422
Epoch 87, l0 norm : 5618029, l1 norm : 2074310.4783172607
Epoch 87, min : 0.0, max : 0.4840567111968994
This epoch duration :1645.162865638733
Epoch 87, val-method base, validation accuracy 92.0, best_prec 92.06999969482422
Epoch 88, l0 norm : 5618029, l1 norm : 2085836.9683380127
Epoch 88, min : 0.0, max : 0.4873836636543274
This epoch duration :1645.1658477783203
Epoch 88, val-method base, validation accuracy 91.97000122070312, best_prec 92.06999969482422
Epoch 89, l0 norm : 5618029, l1 norm : 2097413.5916137695
Epoch 89, min : 0.0, max : 0.4899615943431854
This epoch duration :1643.9987416267395
Epoch 89, val-method base, validation accuracy 91.93999481201172, best_prec 92.06999969482422
Epoch 90, l0 norm : 5618029, l1 norm : 2109008.1666793823
Epoch 90, min : 0.0, max : 0.4923810362815857
This epoch duration :1643.7749280929565
Epoch 90, val-method base, validation accuracy 92.00999450683594, best_prec 92.06999969482422
Epoch 91, l0 norm : 5618029, l1 norm : 2120592.9961853027
Epoch 91, min : 0.0, max : 0.49536699056625366
This epoch duration :1645.699889421463
Epoch 91, val-method base, validation accuracy 92.14999389648438, best_prec 92.14999389648438
Epoch 92, l0 norm : 5618029, l1 norm : 2132165.3709869385
Epoch 92, min : 0.0, max : 0.4988308250904083
This epoch duration :1649.630205631256
Epoch 92, val-method base, validation accuracy 92.12999725341797, best_prec 92.14999389648438
Epoch 93, l0 norm : 5618029, l1 norm : 2143682.8715667725
Epoch 93, min : 0.0, max : 0.5017731189727783
This epoch duration :1643.639198064804
Epoch 93, val-method base, validation accuracy 91.88999938964844, best_prec 92.14999389648438
Epoch 94, l0 norm : 5618029, l1 norm : 2155107.831756592
Epoch 94, min : 0.0, max : 0.504518985748291
This epoch duration :1644.0635566711426
Epoch 94, val-method base, validation accuracy 91.88999938964844, best_prec 92.14999389648438
Epoch 95, l0 norm : 5618029, l1 norm : 2166433.9685440063
Epoch 95, min : 0.0, max : 0.5077683329582214
This epoch duration :1644.69056391716
Epoch 95, val-method base, validation accuracy 91.82999420166016, best_prec 92.14999389648438
Epoch 96, l0 norm : 5618029, l1 norm : 2177647.331817627
Epoch 96, min : 0.0, max : 0.5104056000709534
This epoch duration :1644.5678939819336
Epoch 96, val-method base, validation accuracy 91.98999786376953, best_prec 92.14999389648438
Epoch 97, l0 norm : 5618029, l1 norm : 2188703.9306488037
Epoch 97, min : 0.0, max : 0.5132667422294617
This epoch duration :1645.6115412712097
Epoch 97, val-method base, validation accuracy 91.91999816894531, best_prec 92.14999389648438
Epoch 98, l0 norm : 5618029, l1 norm : 2199555.271636963
Epoch 98, min : 0.0, max : 0.5166798233985901
This epoch duration :1645.794111251831
Epoch 98, val-method base, validation accuracy 91.72999572753906, best_prec 92.14999389648438
Epoch 99, l0 norm : 5618029, l1 norm : 2210203.9992980957
Epoch 99, min : 0.0, max : 0.5195046663284302
This epoch duration :1645.1823053359985
Epoch 99, val-method base, validation accuracy 91.8699951171875, best_prec 92.14999389648438
