Namespace(configs='configs/KMNIST/pen_bip_1.yml', result_dir='./trained_models', exp_name='km_pb1_m_3', exp_mode='prune', arch='mnist_model', num_classes=10, layer_type='unstructured', k=None, lambd=0.9999, alpha=1.0, fw_momentum=0.9, scaled_score_init=False, scale_rand_init=False, freeze_bn=False, source_net='trained_models/KMNIST_mnist_model/pretrain/latest_exp/checkpoint/model_best.pth.tar', scores_init_type=None, dataset='KMNIST', batch_size=64, num_workers=2, test_batch_size=64, normalize=True, data_dir='./data', image_dim=28, trainer='penalized_bilevel_1', epochs=100, optimizer='sgd', wd=0.0001, mask_lr=0.1, lr=0.1, mask_lr_schedule='step', lr_schedule='cosine', momentum=0.9, warmup_epochs=0, warmup_lr=0.1, save_dense=False, evaluate=False, val_method='base', resume='', seed=1234, print_freq=100, lr2=0.0001, accelerate=False)
=> loading source model from 'trained_models/KMNIST_mnist_model/pretrain/latest_exp/checkpoint/model_best.pth.tar'
=> loaded checkpoint 'trained_models/KMNIST_mnist_model/pretrain/latest_exp/checkpoint/model_best.pth.tar'
Epoch 0, l0 norm : 17446, l1 norm : 3125.299545288086
Epoch 0, min : 0.0, max : 0.875156044960022
This epoch duration :304.4454758167267
Epoch 0, val-method base, validation accuracy 89.75999450683594, best_prec 89.75999450683594
Epoch 1, l0 norm : 17573, l1 norm : 2969.011474609375
Epoch 1, min : 0.0, max : 0.8113694787025452
This epoch duration :308.122353553772
Epoch 1, val-method base, validation accuracy 91.94999694824219, best_prec 91.94999694824219
Epoch 2, l0 norm : 17633, l1 norm : 2871.2422790527344
Epoch 2, min : 0.0, max : 0.7932048439979553
This epoch duration :308.5288031101227
Epoch 2, val-method base, validation accuracy 92.19999694824219, best_prec 92.19999694824219
Epoch 3, l0 norm : 17662, l1 norm : 2818.524284362793
Epoch 3, min : 0.0, max : 0.7616007328033447
This epoch duration :308.2152316570282
Epoch 3, val-method base, validation accuracy 91.63999938964844, best_prec 92.19999694824219
Epoch 4, l0 norm : 17675, l1 norm : 2771.2913970947266
Epoch 4, min : 0.0, max : 0.7569557428359985
This epoch duration :308.09648728370667
Epoch 4, val-method base, validation accuracy 91.54000091552734, best_prec 92.19999694824219
Epoch 5, l0 norm : 17691, l1 norm : 2729.2553329467773
Epoch 5, min : 0.0, max : 0.7414256930351257
This epoch duration :308.35712814331055
Epoch 5, val-method base, validation accuracy 92.32999420166016, best_prec 92.32999420166016
Epoch 6, l0 norm : 17695, l1 norm : 2696.2709884643555
Epoch 6, min : 0.0, max : 0.7461442947387695
This epoch duration :308.7171051502228
Epoch 6, val-method base, validation accuracy 91.97000122070312, best_prec 92.32999420166016
Epoch 7, l0 norm : 17703, l1 norm : 2670.000907897949
Epoch 7, min : 0.0, max : 0.7448809742927551
This epoch duration :308.011034488678
Epoch 7, val-method base, validation accuracy 92.89999389648438, best_prec 92.89999389648438
Epoch 8, l0 norm : 17706, l1 norm : 2641.557876586914
Epoch 8, min : 0.0, max : 0.7452728748321533
This epoch duration :308.8305411338806
Epoch 8, val-method base, validation accuracy 93.11000061035156, best_prec 93.11000061035156
Epoch 9, l0 norm : 17707, l1 norm : 2622.28604888916
Epoch 9, min : 0.0, max : 0.7524028420448303
This epoch duration :308.61592173576355
Epoch 9, val-method base, validation accuracy 93.06999969482422, best_prec 93.11000061035156
Epoch 10, l0 norm : 17707, l1 norm : 2605.449592590332
Epoch 10, min : 0.0, max : 0.7527865767478943
This epoch duration :307.9257502555847
Epoch 10, val-method base, validation accuracy 92.89999389648438, best_prec 93.11000061035156
Epoch 11, l0 norm : 17707, l1 norm : 2585.6288299560547
Epoch 11, min : 0.0, max : 0.747424304485321
This epoch duration :308.8270335197449
Epoch 11, val-method base, validation accuracy 92.72000122070312, best_prec 93.11000061035156
Epoch 12, l0 norm : 17708, l1 norm : 2576.9694213867188
Epoch 12, min : 0.0, max : 0.7438499927520752
This epoch duration :308.38900208473206
Epoch 12, val-method base, validation accuracy 92.45999908447266, best_prec 93.11000061035156
Epoch 13, l0 norm : 17708, l1 norm : 2566.5301666259766
Epoch 13, min : 0.0, max : 0.7422490119934082
This epoch duration :308.2184965610504
Epoch 13, val-method base, validation accuracy 92.75999450683594, best_prec 93.11000061035156
Epoch 14, l0 norm : 17708, l1 norm : 2556.1738662719727
Epoch 14, min : 0.0, max : 0.7380262017250061
This epoch duration :307.60206604003906
Epoch 14, val-method base, validation accuracy 93.54999542236328, best_prec 93.54999542236328
Epoch 15, l0 norm : 17708, l1 norm : 2543.840133666992
Epoch 15, min : 0.0, max : 0.7360230088233948
This epoch duration :308.29707407951355
Epoch 15, val-method base, validation accuracy 92.14999389648438, best_prec 93.54999542236328
Epoch 16, l0 norm : 17708, l1 norm : 2535.497627258301
Epoch 16, min : 0.0, max : 0.7335259914398193
This epoch duration :308.75200295448303
Epoch 16, val-method base, validation accuracy 92.97000122070312, best_prec 93.54999542236328
Epoch 17, l0 norm : 17709, l1 norm : 2528.119483947754
Epoch 17, min : 0.0, max : 0.7278308272361755
This epoch duration :308.59028339385986
Epoch 17, val-method base, validation accuracy 93.00999450683594, best_prec 93.54999542236328
Epoch 18, l0 norm : 17709, l1 norm : 2516.9559783935547
Epoch 18, min : 0.0, max : 0.7236877083778381
This epoch duration :308.6203873157501
Epoch 18, val-method base, validation accuracy 93.04000091552734, best_prec 93.54999542236328
Epoch 19, l0 norm : 17709, l1 norm : 2509.8341903686523
Epoch 19, min : 0.0, max : 0.7217267751693726
This epoch duration :307.76531052589417
Epoch 19, val-method base, validation accuracy 92.94999694824219, best_prec 93.54999542236328
Epoch 20, l0 norm : 17709, l1 norm : 2501.35897064209
Epoch 20, min : 0.0, max : 0.724533200263977
This epoch duration :308.8568880558014
Epoch 20, val-method base, validation accuracy 92.56999969482422, best_prec 93.54999542236328
Epoch 21, l0 norm : 17709, l1 norm : 2492.1772384643555
Epoch 21, min : 0.0, max : 0.7229703068733215
This epoch duration :308.0624907016754
Epoch 21, val-method base, validation accuracy 93.29999542236328, best_prec 93.54999542236328
Epoch 22, l0 norm : 17709, l1 norm : 2487.2412719726562
Epoch 22, min : 0.0, max : 0.7219545245170593
This epoch duration :308.27004051208496
Epoch 22, val-method base, validation accuracy 93.41999816894531, best_prec 93.54999542236328
Epoch 23, l0 norm : 17709, l1 norm : 2480.4618377685547
Epoch 23, min : 0.0, max : 0.7201849222183228
This epoch duration :308.7683780193329
Epoch 23, val-method base, validation accuracy 93.02999877929688, best_prec 93.54999542236328
Epoch 24, l0 norm : 17709, l1 norm : 2472.8693466186523
Epoch 24, min : 0.0, max : 0.7187221646308899
This epoch duration :308.3264174461365
Epoch 24, val-method base, validation accuracy 93.23999786376953, best_prec 93.54999542236328
Epoch 25, l0 norm : 17709, l1 norm : 2467.4979095458984
Epoch 25, min : 0.0, max : 0.7165271639823914
This epoch duration :307.85321259498596
Epoch 25, val-method base, validation accuracy 93.22999572753906, best_prec 93.54999542236328
Epoch 26, l0 norm : 17709, l1 norm : 2462.6316986083984
Epoch 26, min : 0.0, max : 0.713972270488739
This epoch duration :308.7585880756378
Epoch 26, val-method base, validation accuracy 92.54999542236328, best_prec 93.54999542236328
Epoch 27, l0 norm : 17709, l1 norm : 2457.495231628418
Epoch 27, min : 0.0, max : 0.7103528380393982
This epoch duration :308.6729574203491
Epoch 27, val-method base, validation accuracy 93.41999816894531, best_prec 93.54999542236328
Epoch 28, l0 norm : 17709, l1 norm : 2453.5818634033203
Epoch 28, min : 0.0, max : 0.7080099582672119
This epoch duration :308.4846992492676
Epoch 28, val-method base, validation accuracy 93.54000091552734, best_prec 93.54999542236328
Epoch 29, l0 norm : 17709, l1 norm : 2446.155792236328
Epoch 29, min : 0.0, max : 0.7063903212547302
This epoch duration :308.75218749046326
Epoch 29, val-method base, validation accuracy 92.89999389648438, best_prec 93.54999542236328
Epoch 30, l0 norm : 17709, l1 norm : 2440.4286346435547
Epoch 30, min : 0.0, max : 0.7067446708679199
This epoch duration :308.5045597553253
Epoch 30, val-method base, validation accuracy 93.93000030517578, best_prec 93.93000030517578
Epoch 31, l0 norm : 17709, l1 norm : 2435.2848587036133
Epoch 31, min : 0.0, max : 0.7049317955970764
This epoch duration :308.69300365448
Epoch 31, val-method base, validation accuracy 93.5, best_prec 93.93000030517578
Epoch 32, l0 norm : 17709, l1 norm : 2432.3525314331055
Epoch 32, min : 0.0, max : 0.703132152557373
This epoch duration :308.9501037597656
Epoch 32, val-method base, validation accuracy 93.16999816894531, best_prec 93.93000030517578
Epoch 33, l0 norm : 17709, l1 norm : 2427.8013610839844
Epoch 33, min : 0.0, max : 0.7027550935745239
This epoch duration :308.38029623031616
Epoch 33, val-method base, validation accuracy 93.56999969482422, best_prec 93.93000030517578
Epoch 34, l0 norm : 17709, l1 norm : 2420.938606262207
Epoch 34, min : 0.0, max : 0.7032788395881653
This epoch duration :308.3872983455658
Epoch 34, val-method base, validation accuracy 93.93000030517578, best_prec 93.93000030517578
Epoch 35, l0 norm : 17709, l1 norm : 2415.9798736572266
Epoch 35, min : 0.0, max : 0.7029727697372437
This epoch duration :308.94947600364685
Epoch 35, val-method base, validation accuracy 92.75, best_prec 93.93000030517578
Epoch 36, l0 norm : 17709, l1 norm : 2410.9025497436523
Epoch 36, min : 0.0, max : 0.7015627026557922
This epoch duration :307.8340346813202
Epoch 36, val-method base, validation accuracy 93.0, best_prec 93.93000030517578
Epoch 37, l0 norm : 17709, l1 norm : 2404.7353286743164
Epoch 37, min : 0.0, max : 0.7002891898155212
This epoch duration :308.1365599632263
Epoch 37, val-method base, validation accuracy 93.5, best_prec 93.93000030517578
Epoch 38, l0 norm : 17709, l1 norm : 2399.643753051758
Epoch 38, min : 0.0, max : 0.698604941368103
This epoch duration :309.108763217926
Epoch 38, val-method base, validation accuracy 93.25999450683594, best_prec 93.93000030517578
Epoch 39, l0 norm : 17709, l1 norm : 2395.595283508301
Epoch 39, min : 0.0, max : 0.6978481411933899
This epoch duration :308.3844814300537
Epoch 39, val-method base, validation accuracy 93.75999450683594, best_prec 93.93000030517578
Epoch 40, l0 norm : 17709, l1 norm : 2390.266975402832
Epoch 40, min : 0.0, max : 0.6971554160118103
This epoch duration :307.6798503398895
Epoch 40, val-method base, validation accuracy 93.29999542236328, best_prec 93.93000030517578
Epoch 41, l0 norm : 17709, l1 norm : 2384.649589538574
Epoch 41, min : 0.0, max : 0.6951438784599304
This epoch duration :308.63387513160706
Epoch 41, val-method base, validation accuracy 93.20999908447266, best_prec 93.93000030517578
Epoch 42, l0 norm : 17709, l1 norm : 2381.3424224853516
Epoch 42, min : 0.0, max : 0.6936125755310059
This epoch duration :308.109005689621
Epoch 42, val-method base, validation accuracy 93.43000030517578, best_prec 93.93000030517578
Epoch 43, l0 norm : 17709, l1 norm : 2375.495651245117
Epoch 43, min : 0.0, max : 0.6927642822265625
This epoch duration :308.06307768821716
Epoch 43, val-method base, validation accuracy 93.33999633789062, best_prec 93.93000030517578
Epoch 44, l0 norm : 17709, l1 norm : 2370.4881591796875
Epoch 44, min : 0.0, max : 0.6917547583580017
This epoch duration :309.02832102775574
Epoch 44, val-method base, validation accuracy 93.25999450683594, best_prec 93.93000030517578
Epoch 45, l0 norm : 17709, l1 norm : 2365.3317794799805
Epoch 45, min : 0.0, max : 0.6904791593551636
This epoch duration :308.63637685775757
Epoch 45, val-method base, validation accuracy 93.79999542236328, best_prec 93.93000030517578
Epoch 46, l0 norm : 17709, l1 norm : 2361.4712524414062
Epoch 46, min : 0.0, max : 0.6896418929100037
This epoch duration :307.8297212123871
Epoch 46, val-method base, validation accuracy 93.38999938964844, best_prec 93.93000030517578
Epoch 47, l0 norm : 17709, l1 norm : 2358.216957092285
Epoch 47, min : 0.0, max : 0.6888065338134766
This epoch duration :308.53440403938293
Epoch 47, val-method base, validation accuracy 93.63999938964844, best_prec 93.93000030517578
Epoch 48, l0 norm : 17709, l1 norm : 2353.117546081543
Epoch 48, min : 0.0, max : 0.6896620392799377
This epoch duration :308.2567970752716
Epoch 48, val-method base, validation accuracy 93.62999725341797, best_prec 93.93000030517578
Epoch 49, l0 norm : 17709, l1 norm : 2349.45613861084
Epoch 49, min : 0.0, max : 0.6876528859138489
This epoch duration :308.60841059684753
Epoch 49, val-method base, validation accuracy 93.47999572753906, best_prec 93.93000030517578
Epoch 50, l0 norm : 17709, l1 norm : 2345.328170776367
Epoch 50, min : 0.0, max : 0.687402606010437
This epoch duration :308.7875440120697
Epoch 50, val-method base, validation accuracy 93.39999389648438, best_prec 93.93000030517578
Epoch 51, l0 norm : 17709, l1 norm : 2341.084732055664
Epoch 51, min : 0.0, max : 0.6861588358879089
This epoch duration :307.9903392791748
Epoch 51, val-method base, validation accuracy 93.70999908447266, best_prec 93.93000030517578
Epoch 52, l0 norm : 17709, l1 norm : 2337.164390563965
Epoch 52, min : 0.0, max : 0.6853801012039185
This epoch duration :308.2744507789612
Epoch 52, val-method base, validation accuracy 93.32999420166016, best_prec 93.93000030517578
Epoch 53, l0 norm : 17709, l1 norm : 2332.9496307373047
Epoch 53, min : 0.0, max : 0.6848239302635193
This epoch duration :308.0575954914093
Epoch 53, val-method base, validation accuracy 93.66999816894531, best_prec 93.93000030517578
Epoch 54, l0 norm : 17709, l1 norm : 2329.433837890625
Epoch 54, min : 0.0, max : 0.6839225888252258
This epoch duration :308.2365393638611
Epoch 54, val-method base, validation accuracy 93.61000061035156, best_prec 93.93000030517578
Epoch 55, l0 norm : 17709, l1 norm : 2325.5754318237305
Epoch 55, min : 0.0, max : 0.6838567852973938
This epoch duration :308.6909325122833
Epoch 55, val-method base, validation accuracy 93.97999572753906, best_prec 93.97999572753906
Epoch 56, l0 norm : 17709, l1 norm : 2320.839370727539
Epoch 56, min : 0.0, max : 0.684506893157959
This epoch duration :307.9633991718292
Epoch 56, val-method base, validation accuracy 93.8699951171875, best_prec 93.97999572753906
Epoch 57, l0 norm : 17709, l1 norm : 2317.4127883911133
Epoch 57, min : 0.0, max : 0.6844742894172668
This epoch duration :308.55344319343567
Epoch 57, val-method base, validation accuracy 93.66999816894531, best_prec 93.97999572753906
Epoch 58, l0 norm : 17709, l1 norm : 2313.755790710449
Epoch 58, min : 0.0, max : 0.6841824054718018
This epoch duration :308.27354431152344
Epoch 58, val-method base, validation accuracy 93.88999938964844, best_prec 93.97999572753906
Epoch 59, l0 norm : 17709, l1 norm : 2309.681465148926
Epoch 59, min : 0.0, max : 0.6837649345397949
This epoch duration :307.9454321861267
Epoch 59, val-method base, validation accuracy 93.70999908447266, best_prec 93.97999572753906
Epoch 60, l0 norm : 17709, l1 norm : 2306.200996398926
Epoch 60, min : 0.0, max : 0.6816307306289673
This epoch duration :307.63538336753845
Epoch 60, val-method base, validation accuracy 93.89999389648438, best_prec 93.97999572753906
Epoch 61, l0 norm : 17709, l1 norm : 2302.3640365600586
Epoch 61, min : 0.0, max : 0.6804543137550354
This epoch duration :307.8699197769165
Epoch 61, val-method base, validation accuracy 93.70999908447266, best_prec 93.97999572753906
Epoch 62, l0 norm : 17709, l1 norm : 2298.883041381836
Epoch 62, min : 0.0, max : 0.6794381737709045
This epoch duration :307.9176285266876
Epoch 62, val-method base, validation accuracy 93.6199951171875, best_prec 93.97999572753906
Epoch 63, l0 norm : 17709, l1 norm : 2295.707832336426
Epoch 63, min : 0.0, max : 0.6787369847297668
This epoch duration :308.4654760360718
Epoch 63, val-method base, validation accuracy 93.77999877929688, best_prec 93.97999572753906
Epoch 64, l0 norm : 17709, l1 norm : 2292.60831451416
Epoch 64, min : 0.0, max : 0.6774426102638245
This epoch duration :308.68538427352905
Epoch 64, val-method base, validation accuracy 93.98999786376953, best_prec 93.98999786376953
Epoch 65, l0 norm : 17709, l1 norm : 2289.871795654297
Epoch 65, min : 0.0, max : 0.6766600608825684
This epoch duration :308.3457942008972
Epoch 65, val-method base, validation accuracy 93.79000091552734, best_prec 93.98999786376953
Epoch 66, l0 norm : 17709, l1 norm : 2286.011764526367
Epoch 66, min : 0.0, max : 0.6764534115791321
This epoch duration :308.03716349601746
Epoch 66, val-method base, validation accuracy 93.77999877929688, best_prec 93.98999786376953
Epoch 67, l0 norm : 17709, l1 norm : 2283.2894744873047
Epoch 67, min : 0.0, max : 0.6765031814575195
This epoch duration :308.3422327041626
Epoch 67, val-method base, validation accuracy 93.79000091552734, best_prec 93.98999786376953
Epoch 68, l0 norm : 17709, l1 norm : 2280.067337036133
Epoch 68, min : 0.0, max : 0.676081120967865
This epoch duration :308.05981254577637
Epoch 68, val-method base, validation accuracy 93.86000061035156, best_prec 93.98999786376953
Epoch 69, l0 norm : 17709, l1 norm : 2276.852584838867
Epoch 69, min : 0.0, max : 0.6755909323692322
This epoch duration :308.1314854621887
Epoch 69, val-method base, validation accuracy 94.14999389648438, best_prec 94.14999389648438
Epoch 70, l0 norm : 17709, l1 norm : 2273.8441848754883
Epoch 70, min : 0.0, max : 0.6746726632118225
This epoch duration :308.4967131614685
Epoch 70, val-method base, validation accuracy 93.90999603271484, best_prec 94.14999389648438
Epoch 71, l0 norm : 17709, l1 norm : 2271.064781188965
Epoch 71, min : 0.0, max : 0.6735297441482544
This epoch duration :308.38783144950867
Epoch 71, val-method base, validation accuracy 93.93999481201172, best_prec 94.14999389648438
Epoch 72, l0 norm : 17709, l1 norm : 2268.4952392578125
Epoch 72, min : 0.0, max : 0.673137903213501
This epoch duration :308.5826110839844
Epoch 72, val-method base, validation accuracy 93.91999816894531, best_prec 94.14999389648438
Epoch 73, l0 norm : 17709, l1 norm : 2266.134979248047
Epoch 73, min : 0.0, max : 0.6723046898841858
This epoch duration :308.3671877384186
Epoch 73, val-method base, validation accuracy 93.95999908447266, best_prec 94.14999389648438
Epoch 74, l0 norm : 17709, l1 norm : 2263.543487548828
Epoch 74, min : 0.0, max : 0.6722326874732971
This epoch duration :308.2117118835449
Epoch 74, val-method base, validation accuracy 94.02999877929688, best_prec 94.14999389648438
Epoch 75, l0 norm : 17709, l1 norm : 2261.0947265625
Epoch 75, min : 0.0, max : 0.6710735559463501
This epoch duration :308.14343094825745
Epoch 75, val-method base, validation accuracy 93.79000091552734, best_prec 94.14999389648438
Epoch 76, l0 norm : 17709, l1 norm : 2258.517723083496
Epoch 76, min : 0.0, max : 0.6708940267562866
This epoch duration :308.1520278453827
Epoch 76, val-method base, validation accuracy 93.83999633789062, best_prec 94.14999389648438
Epoch 77, l0 norm : 17709, l1 norm : 2256.5206451416016
Epoch 77, min : 0.0, max : 0.6708844304084778
This epoch duration :308.08450746536255
Epoch 77, val-method base, validation accuracy 93.94999694824219, best_prec 94.14999389648438
Epoch 78, l0 norm : 17709, l1 norm : 2254.0128326416016
Epoch 78, min : 0.0, max : 0.6703137755393982
This epoch duration :308.4626443386078
Epoch 78, val-method base, validation accuracy 93.8499984741211, best_prec 94.14999389648438
Epoch 79, l0 norm : 17709, l1 norm : 2252.033866882324
Epoch 79, min : 0.0, max : 0.670345664024353
This epoch duration :308.5621030330658
Epoch 79, val-method base, validation accuracy 94.00999450683594, best_prec 94.14999389648438
Epoch 80, l0 norm : 17709, l1 norm : 2250.0846405029297
Epoch 80, min : 0.0, max : 0.6694851517677307
This epoch duration :308.07722997665405
Epoch 80, val-method base, validation accuracy 93.88999938964844, best_prec 94.14999389648438
Epoch 81, l0 norm : 17709, l1 norm : 2248.2752990722656
Epoch 81, min : 0.0, max : 0.669361412525177
This epoch duration :308.1124665737152
Epoch 81, val-method base, validation accuracy 94.02999877929688, best_prec 94.14999389648438
Epoch 82, l0 norm : 17709, l1 norm : 2246.494483947754
Epoch 82, min : 0.0, max : 0.6689834594726562
This epoch duration :307.87527894973755
Epoch 82, val-method base, validation accuracy 94.0, best_prec 94.14999389648438
Epoch 83, l0 norm : 17709, l1 norm : 2244.61328125
Epoch 83, min : 0.0, max : 0.669122040271759
This epoch duration :308.0606138706207
Epoch 83, val-method base, validation accuracy 94.02999877929688, best_prec 94.14999389648438
Epoch 84, l0 norm : 17709, l1 norm : 2242.940460205078
Epoch 84, min : 0.0, max : 0.6688315868377686
This epoch duration :308.07875752449036
Epoch 84, val-method base, validation accuracy 94.02999877929688, best_prec 94.14999389648438
Epoch 85, l0 norm : 17709, l1 norm : 2241.3685455322266
Epoch 85, min : 0.0, max : 0.6689172387123108
This epoch duration :308.1191828250885
Epoch 85, val-method base, validation accuracy 94.06999969482422, best_prec 94.14999389648438
Epoch 86, l0 norm : 17709, l1 norm : 2239.8770599365234
Epoch 86, min : 0.0, max : 0.6686556935310364
This epoch duration :308.54408836364746
Epoch 86, val-method base, validation accuracy 93.97999572753906, best_prec 94.14999389648438
Epoch 87, l0 norm : 17709, l1 norm : 2238.249252319336
Epoch 87, min : 0.0, max : 0.6691135764122009
This epoch duration :308.09655022621155
Epoch 87, val-method base, validation accuracy 94.04999542236328, best_prec 94.14999389648438
Epoch 88, l0 norm : 17709, l1 norm : 2236.7005615234375
Epoch 88, min : 0.0, max : 0.6688780188560486
This epoch duration :307.5373558998108
Epoch 88, val-method base, validation accuracy 94.07999420166016, best_prec 94.14999389648438
Epoch 89, l0 norm : 17709, l1 norm : 2235.0977172851562
Epoch 89, min : 0.0, max : 0.6687320470809937
This epoch duration :308.5675926208496
Epoch 89, val-method base, validation accuracy 94.06999969482422, best_prec 94.14999389648438
Epoch 90, l0 norm : 17709, l1 norm : 2233.5663986206055
Epoch 90, min : 0.0, max : 0.6686095595359802
This epoch duration :308.78399991989136
Epoch 90, val-method base, validation accuracy 94.12999725341797, best_prec 94.14999389648438
Epoch 91, l0 norm : 17709, l1 norm : 2232.2222747802734
Epoch 91, min : 0.0, max : 0.6680279970169067
This epoch duration :308.22716546058655
Epoch 91, val-method base, validation accuracy 94.15999603271484, best_prec 94.15999603271484
Epoch 92, l0 norm : 17709, l1 norm : 2230.7003631591797
Epoch 92, min : 0.0, max : 0.6679008603096008
This epoch duration :308.11674451828003
Epoch 92, val-method base, validation accuracy 94.11000061035156, best_prec 94.15999603271484
Epoch 93, l0 norm : 17709, l1 norm : 2229.226890563965
Epoch 93, min : 0.0, max : 0.6677286624908447
This epoch duration :308.6757915019989
Epoch 93, val-method base, validation accuracy 94.05999755859375, best_prec 94.15999603271484
Epoch 94, l0 norm : 17709, l1 norm : 2227.911117553711
Epoch 94, min : 0.0, max : 0.6671598553657532
This epoch duration :308.0053343772888
Epoch 94, val-method base, validation accuracy 94.1199951171875, best_prec 94.15999603271484
Epoch 95, l0 norm : 17709, l1 norm : 2226.6958770751953
Epoch 95, min : 0.0, max : 0.6671406030654907
This epoch duration :308.7694466114044
Epoch 95, val-method base, validation accuracy 94.07999420166016, best_prec 94.15999603271484
Epoch 96, l0 norm : 17709, l1 norm : 2225.458564758301
Epoch 96, min : 0.0, max : 0.6669104099273682
This epoch duration :308.55992817878723
Epoch 96, val-method base, validation accuracy 94.08999633789062, best_prec 94.15999603271484
Epoch 97, l0 norm : 17709, l1 norm : 2224.3111877441406
Epoch 97, min : 0.0, max : 0.6671428084373474
This epoch duration :307.817590713501
Epoch 97, val-method base, validation accuracy 94.06999969482422, best_prec 94.15999603271484
Epoch 98, l0 norm : 17709, l1 norm : 2223.2229919433594
Epoch 98, min : 0.0, max : 0.6668667793273926
This epoch duration :280.5760381221771
Epoch 98, val-method base, validation accuracy 94.0999984741211, best_prec 94.15999603271484
Epoch 99, l0 norm : 17709, l1 norm : 2222.0605850219727
Epoch 99, min : 0.0, max : 0.6668119430541992
This epoch duration :186.65164279937744
Epoch 99, val-method base, validation accuracy 94.1199951171875, best_prec 94.15999603271484
