Namespace(configs='configs/KMNIST/pen_bip_1.yml', result_dir='./trained_models', exp_name='km_pb1_3', exp_mode='prune', arch='mnist_model', num_classes=10, layer_type='unstructured', k=None, lambd=0.9999, alpha=1.0, fw_momentum=1.0, scaled_score_init=False, scale_rand_init=False, freeze_bn=False, source_net='trained_models/KMNIST_mnist_model/pretrain/latest_exp/checkpoint/model_best.pth.tar', scores_init_type=None, dataset='KMNIST', batch_size=64, num_workers=2, test_batch_size=64, normalize=True, data_dir='./data', image_dim=28, trainer='penalized_bilevel_1', epochs=100, optimizer='sgd', wd=0.0001, mask_lr=0.1, lr=0.1, mask_lr_schedule='step', lr_schedule='cosine', momentum=0.9, warmup_epochs=0, warmup_lr=0.1, save_dense=False, evaluate=False, val_method='base', resume='', seed=1234, print_freq=100, lr2=0.0001, accelerate=False)
=> loading source model from 'trained_models/KMNIST_mnist_model/pretrain/latest_exp/checkpoint/model_best.pth.tar'
=> loaded checkpoint 'trained_models/KMNIST_mnist_model/pretrain/latest_exp/checkpoint/model_best.pth.tar'
Epoch 0, l0 norm : 17130, l1 norm : 3043.0607833862305
Epoch 0, min : 0.0, max : 0.8551858067512512
This epoch duration :83.51657891273499
Epoch 0, val-method base, validation accuracy 90.07999420166016, best_prec 90.07999420166016
Epoch 1, l0 norm : 17222, l1 norm : 2873.5252990722656
Epoch 1, min : 0.0, max : 0.810473620891571
This epoch duration :257.9477355480194
Epoch 1, val-method base, validation accuracy 90.68000030517578, best_prec 90.68000030517578
Epoch 2, l0 norm : 17276, l1 norm : 2777.059638977051
Epoch 2, min : 0.0, max : 0.8031467199325562
This epoch duration :308.2781071662903
Epoch 2, val-method base, validation accuracy 91.7699966430664, best_prec 91.7699966430664
Epoch 3, l0 norm : 17289, l1 norm : 2711.2359924316406
Epoch 3, min : 0.0, max : 0.7818199396133423
This epoch duration :308.70889806747437
Epoch 3, val-method base, validation accuracy 91.56999969482422, best_prec 91.7699966430664
Epoch 4, l0 norm : 17298, l1 norm : 2659.220901489258
Epoch 4, min : 0.0, max : 0.7597954273223877
This epoch duration :308.2358617782593
Epoch 4, val-method base, validation accuracy 92.20999908447266, best_prec 92.20999908447266
Epoch 5, l0 norm : 17308, l1 norm : 2633.281181335449
Epoch 5, min : 0.0, max : 0.7411056756973267
This epoch duration :308.01693201065063
Epoch 5, val-method base, validation accuracy 92.06999969482422, best_prec 92.20999908447266
Epoch 6, l0 norm : 17309, l1 norm : 2595.1445922851562
Epoch 6, min : 0.0, max : 0.7318781614303589
This epoch duration :308.69867396354675
Epoch 6, val-method base, validation accuracy 91.68999481201172, best_prec 92.20999908447266
Epoch 7, l0 norm : 17312, l1 norm : 2568.875877380371
Epoch 7, min : 0.0, max : 0.7241118550300598
This epoch duration :308.73567295074463
Epoch 7, val-method base, validation accuracy 92.54000091552734, best_prec 92.54000091552734
Epoch 8, l0 norm : 17314, l1 norm : 2549.194969177246
Epoch 8, min : 0.0, max : 0.7171249985694885
This epoch duration :308.14456701278687
Epoch 8, val-method base, validation accuracy 93.2699966430664, best_prec 93.2699966430664
Epoch 9, l0 norm : 17314, l1 norm : 2536.0421142578125
Epoch 9, min : 0.0, max : 0.7119777798652649
This epoch duration :309.0037066936493
Epoch 9, val-method base, validation accuracy 92.64999389648438, best_prec 93.2699966430664
Epoch 10, l0 norm : 17315, l1 norm : 2515.489212036133
Epoch 10, min : 0.0, max : 0.71181321144104
This epoch duration :308.5384886264801
Epoch 10, val-method base, validation accuracy 92.72000122070312, best_prec 93.2699966430664
Epoch 11, l0 norm : 17315, l1 norm : 2502.542007446289
Epoch 11, min : 0.0, max : 0.705752432346344
This epoch duration :308.0349872112274
Epoch 11, val-method base, validation accuracy 92.20999908447266, best_prec 93.2699966430664
Epoch 12, l0 norm : 17316, l1 norm : 2491.64208984375
Epoch 12, min : 0.0, max : 0.7029188871383667
This epoch duration :308.883624792099
Epoch 12, val-method base, validation accuracy 92.19999694824219, best_prec 93.2699966430664
Epoch 13, l0 norm : 17316, l1 norm : 2477.9794692993164
Epoch 13, min : 0.0, max : 0.7022182941436768
This epoch duration :308.1863021850586
Epoch 13, val-method base, validation accuracy 92.61000061035156, best_prec 93.2699966430664
Epoch 14, l0 norm : 17316, l1 norm : 2468.320671081543
Epoch 14, min : 0.0, max : 0.6997023224830627
This epoch duration :308.1400179862976
Epoch 14, val-method base, validation accuracy 92.95999908447266, best_prec 93.2699966430664
Epoch 15, l0 norm : 17316, l1 norm : 2462.5244369506836
Epoch 15, min : 0.0, max : 0.6996318101882935
This epoch duration :307.8890507221222
Epoch 15, val-method base, validation accuracy 91.90999603271484, best_prec 93.2699966430664
Epoch 16, l0 norm : 17316, l1 norm : 2456.2643814086914
Epoch 16, min : 0.0, max : 0.6966807246208191
This epoch duration :308.2561800479889
Epoch 16, val-method base, validation accuracy 92.72999572753906, best_prec 93.2699966430664
Epoch 17, l0 norm : 17316, l1 norm : 2452.7686614990234
Epoch 17, min : 0.0, max : 0.6914171576499939
This epoch duration :307.9898796081543
Epoch 17, val-method base, validation accuracy 92.66999816894531, best_prec 93.2699966430664
Epoch 18, l0 norm : 17316, l1 norm : 2444.606964111328
Epoch 18, min : 0.0, max : 0.6900569796562195
This epoch duration :308.9112505912781
Epoch 18, val-method base, validation accuracy 93.16999816894531, best_prec 93.2699966430664
Epoch 19, l0 norm : 17316, l1 norm : 2439.915840148926
Epoch 19, min : 0.0, max : 0.6859096884727478
This epoch duration :308.70121932029724
Epoch 19, val-method base, validation accuracy 92.43000030517578, best_prec 93.2699966430664
Epoch 20, l0 norm : 17316, l1 norm : 2435.1896438598633
Epoch 20, min : 0.0, max : 0.6799410581588745
This epoch duration :307.8900589942932
Epoch 20, val-method base, validation accuracy 93.45999908447266, best_prec 93.45999908447266
Epoch 21, l0 norm : 17316, l1 norm : 2429.901679992676
Epoch 21, min : 0.0, max : 0.6765255331993103
This epoch duration :308.5290641784668
Epoch 21, val-method base, validation accuracy 93.43000030517578, best_prec 93.45999908447266
Epoch 22, l0 norm : 17316, l1 norm : 2426.0831756591797
Epoch 22, min : 0.0, max : 0.6756892204284668
This epoch duration :307.8894200325012
Epoch 22, val-method base, validation accuracy 93.54999542236328, best_prec 93.54999542236328
Epoch 23, l0 norm : 17316, l1 norm : 2418.938934326172
Epoch 23, min : 0.0, max : 0.6729046702384949
This epoch duration :308.3527309894562
Epoch 23, val-method base, validation accuracy 93.14999389648438, best_prec 93.54999542236328
Epoch 24, l0 norm : 17316, l1 norm : 2411.1979446411133
Epoch 24, min : 0.0, max : 0.668398380279541
This epoch duration :309.03156304359436
Epoch 24, val-method base, validation accuracy 93.07999420166016, best_prec 93.54999542236328
Epoch 25, l0 norm : 17316, l1 norm : 2406.1478424072266
Epoch 25, min : 0.0, max : 0.6665630340576172
This epoch duration :308.1742489337921
Epoch 25, val-method base, validation accuracy 93.0, best_prec 93.54999542236328
Epoch 26, l0 norm : 17316, l1 norm : 2402.5716400146484
Epoch 26, min : 0.0, max : 0.662344753742218
This epoch duration :307.76570749282837
Epoch 26, val-method base, validation accuracy 93.58999633789062, best_prec 93.58999633789062
Epoch 27, l0 norm : 17316, l1 norm : 2395.5596618652344
Epoch 27, min : 0.0, max : 0.6600913405418396
This epoch duration :308.8200707435608
Epoch 27, val-method base, validation accuracy 93.0199966430664, best_prec 93.58999633789062
Epoch 28, l0 norm : 17316, l1 norm : 2392.8354263305664
Epoch 28, min : 0.0, max : 0.6594249606132507
This epoch duration :308.13995337486267
Epoch 28, val-method base, validation accuracy 93.04000091552734, best_prec 93.58999633789062
Epoch 29, l0 norm : 17316, l1 norm : 2388.309539794922
Epoch 29, min : 0.0, max : 0.658208966255188
This epoch duration :308.6385838985443
Epoch 29, val-method base, validation accuracy 93.48999786376953, best_prec 93.58999633789062
Epoch 30, l0 norm : 17316, l1 norm : 2383.9183807373047
Epoch 30, min : 0.0, max : 0.6579468250274658
This epoch duration :308.73986744880676
Epoch 30, val-method base, validation accuracy 93.52999877929688, best_prec 93.58999633789062
Epoch 31, l0 norm : 17316, l1 norm : 2378.868621826172
Epoch 31, min : 0.0, max : 0.6582016944885254
This epoch duration :308.6400148868561
Epoch 31, val-method base, validation accuracy 93.47999572753906, best_prec 93.58999633789062
Epoch 32, l0 norm : 17316, l1 norm : 2374.644187927246
Epoch 32, min : 0.0, max : 0.658123254776001
This epoch duration :308.7248167991638
Epoch 32, val-method base, validation accuracy 93.04999542236328, best_prec 93.58999633789062
Epoch 33, l0 norm : 17316, l1 norm : 2369.5108489990234
Epoch 33, min : 0.0, max : 0.6571660041809082
This epoch duration :308.51032280921936
Epoch 33, val-method base, validation accuracy 93.47000122070312, best_prec 93.58999633789062
Epoch 34, l0 norm : 17316, l1 norm : 2365.1081161499023
Epoch 34, min : 0.0, max : 0.6563525199890137
This epoch duration :308.3747320175171
Epoch 34, val-method base, validation accuracy 93.3699951171875, best_prec 93.58999633789062
Epoch 35, l0 norm : 17316, l1 norm : 2361.068893432617
Epoch 35, min : 0.0, max : 0.6548567414283752
This epoch duration :308.5880661010742
Epoch 35, val-method base, validation accuracy 92.73999786376953, best_prec 93.58999633789062
Epoch 36, l0 norm : 17316, l1 norm : 2358.195510864258
Epoch 36, min : 0.0, max : 0.652749240398407
This epoch duration :308.78673672676086
Epoch 36, val-method base, validation accuracy 92.72999572753906, best_prec 93.58999633789062
Epoch 37, l0 norm : 17316, l1 norm : 2353.9109802246094
Epoch 37, min : 0.0, max : 0.6494644284248352
This epoch duration :307.75259256362915
Epoch 37, val-method base, validation accuracy 92.93999481201172, best_prec 93.58999633789062
Epoch 38, l0 norm : 17316, l1 norm : 2351.7984161376953
Epoch 38, min : 0.0, max : 0.6478338837623596
This epoch duration :308.3400194644928
Epoch 38, val-method base, validation accuracy 93.38999938964844, best_prec 93.58999633789062
Epoch 39, l0 norm : 17316, l1 norm : 2348.122299194336
Epoch 39, min : 0.0, max : 0.6465893983840942
This epoch duration :308.66819977760315
Epoch 39, val-method base, validation accuracy 93.72999572753906, best_prec 93.72999572753906
Epoch 40, l0 norm : 17316, l1 norm : 2344.9284591674805
Epoch 40, min : 0.0, max : 0.6452730298042297
This epoch duration :308.3551187515259
Epoch 40, val-method base, validation accuracy 93.43999481201172, best_prec 93.72999572753906
Epoch 41, l0 norm : 17316, l1 norm : 2341.765350341797
Epoch 41, min : 0.0, max : 0.644104540348053
This epoch duration :308.31285786628723
Epoch 41, val-method base, validation accuracy 92.30999755859375, best_prec 93.72999572753906
Epoch 42, l0 norm : 17316, l1 norm : 2339.256004333496
Epoch 42, min : 0.0, max : 0.6413195133209229
This epoch duration :308.71674156188965
Epoch 42, val-method base, validation accuracy 93.40999603271484, best_prec 93.72999572753906
Epoch 43, l0 norm : 17316, l1 norm : 2334.7867431640625
Epoch 43, min : 0.0, max : 0.6393274068832397
This epoch duration :307.7112877368927
Epoch 43, val-method base, validation accuracy 93.20999908447266, best_prec 93.72999572753906
Epoch 44, l0 norm : 17316, l1 norm : 2331.39640045166
Epoch 44, min : 0.0, max : 0.6381292939186096
This epoch duration :308.5301411151886
Epoch 44, val-method base, validation accuracy 93.18000030517578, best_prec 93.72999572753906
Epoch 45, l0 norm : 17316, l1 norm : 2327.862335205078
Epoch 45, min : 0.0, max : 0.6371021866798401
This epoch duration :308.13947057724
Epoch 45, val-method base, validation accuracy 93.29000091552734, best_prec 93.72999572753906
Epoch 46, l0 norm : 17316, l1 norm : 2323.4960403442383
Epoch 46, min : 0.0, max : 0.635194718837738
This epoch duration :308.54601645469666
Epoch 46, val-method base, validation accuracy 93.39999389648438, best_prec 93.72999572753906
Epoch 47, l0 norm : 17316, l1 norm : 2320.7472915649414
Epoch 47, min : 0.0, max : 0.6354211568832397
This epoch duration :308.44140577316284
Epoch 47, val-method base, validation accuracy 93.82999420166016, best_prec 93.82999420166016
Epoch 48, l0 norm : 17316, l1 norm : 2317.27628326416
Epoch 48, min : 0.0, max : 0.6332655549049377
This epoch duration :308.0984959602356
Epoch 48, val-method base, validation accuracy 92.93999481201172, best_prec 93.82999420166016
Epoch 49, l0 norm : 17316, l1 norm : 2314.4579315185547
Epoch 49, min : 0.0, max : 0.6319500803947449
This epoch duration :308.0692858695984
Epoch 49, val-method base, validation accuracy 93.43000030517578, best_prec 93.82999420166016
Epoch 50, l0 norm : 17316, l1 norm : 2311.1680908203125
Epoch 50, min : 0.0, max : 0.630012035369873
This epoch duration :309.13131523132324
Epoch 50, val-method base, validation accuracy 93.1199951171875, best_prec 93.82999420166016
Epoch 51, l0 norm : 17316, l1 norm : 2308.04141998291
Epoch 51, min : 0.0, max : 0.6287097334861755
This epoch duration :308.5190808773041
Epoch 51, val-method base, validation accuracy 93.25999450683594, best_prec 93.82999420166016
Epoch 52, l0 norm : 17316, l1 norm : 2305.1248931884766
Epoch 52, min : 0.0, max : 0.6275608539581299
This epoch duration :308.0814485549927
Epoch 52, val-method base, validation accuracy 93.66999816894531, best_prec 93.82999420166016
Epoch 53, l0 norm : 17316, l1 norm : 2302.561019897461
Epoch 53, min : 0.0, max : 0.6263623833656311
This epoch duration :308.5207974910736
Epoch 53, val-method base, validation accuracy 93.25999450683594, best_prec 93.82999420166016
Epoch 54, l0 norm : 17316, l1 norm : 2299.6047286987305
Epoch 54, min : 0.0, max : 0.625810980796814
This epoch duration :308.1591703891754
Epoch 54, val-method base, validation accuracy 93.20999908447266, best_prec 93.82999420166016
Epoch 55, l0 norm : 17316, l1 norm : 2297.142120361328
Epoch 55, min : 0.0, max : 0.6241142749786377
This epoch duration :308.094468832016
Epoch 55, val-method base, validation accuracy 93.70999908447266, best_prec 93.82999420166016
Epoch 56, l0 norm : 17316, l1 norm : 2294.6302185058594
Epoch 56, min : 0.0, max : 0.623728334903717
This epoch duration :308.80207228660583
Epoch 56, val-method base, validation accuracy 93.61000061035156, best_prec 93.82999420166016
Epoch 57, l0 norm : 17316, l1 norm : 2291.731964111328
Epoch 57, min : 0.0, max : 0.622234046459198
This epoch duration :308.1792149543762
Epoch 57, val-method base, validation accuracy 93.57999420166016, best_prec 93.82999420166016
Epoch 58, l0 norm : 17316, l1 norm : 2288.8919525146484
Epoch 58, min : 0.0, max : 0.6211010217666626
This epoch duration :308.3725392818451
Epoch 58, val-method base, validation accuracy 93.90999603271484, best_prec 93.90999603271484
Epoch 59, l0 norm : 17316, l1 norm : 2285.8991928100586
Epoch 59, min : 0.0, max : 0.6194559335708618
This epoch duration :308.17372846603394
Epoch 59, val-method base, validation accuracy 93.66999816894531, best_prec 93.90999603271484
Epoch 60, l0 norm : 17316, l1 norm : 2284.303512573242
Epoch 60, min : 0.0, max : 0.6189720034599304
This epoch duration :307.65763759613037
Epoch 60, val-method base, validation accuracy 93.50999450683594, best_prec 93.90999603271484
Epoch 61, l0 norm : 17316, l1 norm : 2281.6628494262695
Epoch 61, min : 0.0, max : 0.618340253829956
This epoch duration :307.95039534568787
Epoch 61, val-method base, validation accuracy 93.69999694824219, best_prec 93.90999603271484
Epoch 62, l0 norm : 17316, l1 norm : 2279.2399368286133
Epoch 62, min : 0.0, max : 0.617368757724762
This epoch duration :307.99547123908997
Epoch 62, val-method base, validation accuracy 93.72000122070312, best_prec 93.90999603271484
Epoch 63, l0 norm : 17316, l1 norm : 2276.824592590332
Epoch 63, min : 0.0, max : 0.6168694496154785
This epoch duration :307.4180283546448
Epoch 63, val-method base, validation accuracy 93.54000091552734, best_prec 93.90999603271484
Epoch 64, l0 norm : 17316, l1 norm : 2274.2525939941406
Epoch 64, min : 0.0, max : 0.6160085797309875
This epoch duration :308.68725752830505
Epoch 64, val-method base, validation accuracy 93.77999877929688, best_prec 93.90999603271484
Epoch 65, l0 norm : 17316, l1 norm : 2272.0898971557617
Epoch 65, min : 0.0, max : 0.6150209903717041
This epoch duration :308.31679463386536
Epoch 65, val-method base, validation accuracy 93.70999908447266, best_prec 93.90999603271484
Epoch 66, l0 norm : 17316, l1 norm : 2269.775566101074
Epoch 66, min : 0.0, max : 0.6139143109321594
This epoch duration :308.3964819908142
Epoch 66, val-method base, validation accuracy 93.98999786376953, best_prec 93.98999786376953
Epoch 67, l0 norm : 17316, l1 norm : 2267.7540435791016
Epoch 67, min : 0.0, max : 0.6127004027366638
This epoch duration :308.52706813812256
Epoch 67, val-method base, validation accuracy 93.70999908447266, best_prec 93.98999786376953
Epoch 68, l0 norm : 17316, l1 norm : 2265.813087463379
Epoch 68, min : 0.0, max : 0.6117256879806519
This epoch duration :308.19130659103394
Epoch 68, val-method base, validation accuracy 93.68999481201172, best_prec 93.98999786376953
Epoch 69, l0 norm : 17316, l1 norm : 2263.617233276367
Epoch 69, min : 0.0, max : 0.6102812886238098
This epoch duration :308.0150353908539
Epoch 69, val-method base, validation accuracy 93.69999694824219, best_prec 93.98999786376953
Epoch 70, l0 norm : 17316, l1 norm : 2261.9573287963867
Epoch 70, min : 0.0, max : 0.6098255515098572
This epoch duration :308.47056913375854
Epoch 70, val-method base, validation accuracy 93.7699966430664, best_prec 93.98999786376953
Epoch 71, l0 norm : 17316, l1 norm : 2260.109573364258
Epoch 71, min : 0.0, max : 0.6095046997070312
This epoch duration :307.9889054298401
Epoch 71, val-method base, validation accuracy 93.73999786376953, best_prec 93.98999786376953
Epoch 72, l0 norm : 17316, l1 norm : 2258.3127670288086
Epoch 72, min : 0.0, max : 0.6086973547935486
This epoch duration :308.5066604614258
Epoch 72, val-method base, validation accuracy 93.54000091552734, best_prec 93.98999786376953
Epoch 73, l0 norm : 17316, l1 norm : 2256.996971130371
Epoch 73, min : 0.0, max : 0.6082137227058411
This epoch duration :308.833788394928
Epoch 73, val-method base, validation accuracy 93.68999481201172, best_prec 93.98999786376953
Epoch 74, l0 norm : 17316, l1 norm : 2255.292060852051
Epoch 74, min : 0.0, max : 0.6076556444168091
This epoch duration :308.24475741386414
Epoch 74, val-method base, validation accuracy 93.77999877929688, best_prec 93.98999786376953
Epoch 75, l0 norm : 17316, l1 norm : 2254.0708770751953
Epoch 75, min : 0.0, max : 0.6064891815185547
This epoch duration :308.37783217430115
Epoch 75, val-method base, validation accuracy 93.7699966430664, best_prec 93.98999786376953
Epoch 76, l0 norm : 17316, l1 norm : 2252.5089721679688
Epoch 76, min : 0.0, max : 0.6058481335639954
This epoch duration :308.5096399784088
Epoch 76, val-method base, validation accuracy 93.72000122070312, best_prec 93.98999786376953
Epoch 77, l0 norm : 17316, l1 norm : 2251.36727142334
Epoch 77, min : 0.0, max : 0.605097770690918
This epoch duration :308.13844299316406
Epoch 77, val-method base, validation accuracy 93.6199951171875, best_prec 93.98999786376953
Epoch 78, l0 norm : 17316, l1 norm : 2249.907325744629
Epoch 78, min : 0.0, max : 0.60414719581604
This epoch duration :308.26306438446045
Epoch 78, val-method base, validation accuracy 93.83999633789062, best_prec 93.98999786376953
Epoch 79, l0 norm : 17316, l1 norm : 2248.6742935180664
Epoch 79, min : 0.0, max : 0.6039965152740479
This epoch duration :308.38072443008423
Epoch 79, val-method base, validation accuracy 93.77999877929688, best_prec 93.98999786376953
Epoch 80, l0 norm : 17316, l1 norm : 2247.4259185791016
Epoch 80, min : 0.0, max : 0.603356122970581
This epoch duration :308.7709858417511
Epoch 80, val-method base, validation accuracy 93.81999969482422, best_prec 93.98999786376953
Epoch 81, l0 norm : 17316, l1 norm : 2246.42081451416
Epoch 81, min : 0.0, max : 0.6029499173164368
This epoch duration :308.38581800460815
Epoch 81, val-method base, validation accuracy 93.75, best_prec 93.98999786376953
Epoch 82, l0 norm : 17316, l1 norm : 2245.424774169922
Epoch 82, min : 0.0, max : 0.6022154688835144
This epoch duration :307.9723753929138
Epoch 82, val-method base, validation accuracy 93.8499984741211, best_prec 93.98999786376953
Epoch 83, l0 norm : 17316, l1 norm : 2244.226707458496
Epoch 83, min : 0.0, max : 0.6018643379211426
This epoch duration :307.9005947113037
Epoch 83, val-method base, validation accuracy 93.79000091552734, best_prec 93.98999786376953
Epoch 84, l0 norm : 17316, l1 norm : 2243.3055725097656
Epoch 84, min : 0.0, max : 0.6019802689552307
This epoch duration :307.9840703010559
Epoch 84, val-method base, validation accuracy 93.79000091552734, best_prec 93.98999786376953
Epoch 85, l0 norm : 17316, l1 norm : 2242.3565979003906
Epoch 85, min : 0.0, max : 0.6013221740722656
This epoch duration :307.871768951416
Epoch 85, val-method base, validation accuracy 93.81999969482422, best_prec 93.98999786376953
Epoch 86, l0 norm : 17316, l1 norm : 2241.352996826172
Epoch 86, min : 0.0, max : 0.6008797287940979
This epoch duration :308.1377055644989
Epoch 86, val-method base, validation accuracy 93.79999542236328, best_prec 93.98999786376953
Epoch 87, l0 norm : 17316, l1 norm : 2240.39306640625
Epoch 87, min : 0.0, max : 0.6005082130432129
This epoch duration :308.5621678829193
Epoch 87, val-method base, validation accuracy 93.8499984741211, best_prec 93.98999786376953
Epoch 88, l0 norm : 17316, l1 norm : 2239.5577850341797
Epoch 88, min : 0.0, max : 0.6008537411689758
This epoch duration :307.8746497631073
Epoch 88, val-method base, validation accuracy 93.79999542236328, best_prec 93.98999786376953
Epoch 89, l0 norm : 17316, l1 norm : 2238.7308349609375
Epoch 89, min : 0.0, max : 0.6008604168891907
This epoch duration :307.67955327033997
Epoch 89, val-method base, validation accuracy 93.79999542236328, best_prec 93.98999786376953
Epoch 90, l0 norm : 17316, l1 norm : 2237.852226257324
Epoch 90, min : 0.0, max : 0.6003785729408264
This epoch duration :308.65495705604553
Epoch 90, val-method base, validation accuracy 93.80999755859375, best_prec 93.98999786376953
Epoch 91, l0 norm : 17316, l1 norm : 2237.0650939941406
Epoch 91, min : 0.0, max : 0.6002352833747864
This epoch duration :308.4029276371002
Epoch 91, val-method base, validation accuracy 93.79000091552734, best_prec 93.98999786376953
Epoch 92, l0 norm : 17316, l1 norm : 2236.1827087402344
Epoch 92, min : 0.0, max : 0.5996416211128235
This epoch duration :308.46114778518677
Epoch 92, val-method base, validation accuracy 93.82999420166016, best_prec 93.98999786376953
Epoch 93, l0 norm : 17316, l1 norm : 2235.457176208496
Epoch 93, min : 0.0, max : 0.5990915298461914
This epoch duration :308.21913027763367
Epoch 93, val-method base, validation accuracy 93.79000091552734, best_prec 93.98999786376953
Epoch 94, l0 norm : 17316, l1 norm : 2234.5759506225586
Epoch 94, min : 0.0, max : 0.598912239074707
This epoch duration :308.63394379615784
Epoch 94, val-method base, validation accuracy 93.82999420166016, best_prec 93.98999786376953
Epoch 95, l0 norm : 17316, l1 norm : 2233.795753479004
Epoch 95, min : 0.0, max : 0.5984504222869873
This epoch duration :308.5198771953583
Epoch 95, val-method base, validation accuracy 93.82999420166016, best_prec 93.98999786376953
Epoch 96, l0 norm : 17316, l1 norm : 2232.8893432617188
Epoch 96, min : 0.0, max : 0.5987247824668884
This epoch duration :308.2887763977051
Epoch 96, val-method base, validation accuracy 93.83999633789062, best_prec 93.98999786376953
Epoch 97, l0 norm : 17316, l1 norm : 2232.2234420776367
Epoch 97, min : 0.0, max : 0.5984556674957275
This epoch duration :308.57001852989197
Epoch 97, val-method base, validation accuracy 93.83999633789062, best_prec 93.98999786376953
Epoch 98, l0 norm : 17316, l1 norm : 2231.3883361816406
Epoch 98, min : 0.0, max : 0.5983392596244812
This epoch duration :308.1794877052307
Epoch 98, val-method base, validation accuracy 93.83999633789062, best_prec 93.98999786376953
Epoch 99, l0 norm : 17316, l1 norm : 2230.6186447143555
Epoch 99, min : 0.0, max : 0.5982114672660828
This epoch duration :293.1244065761566
Epoch 99, val-method base, validation accuracy 93.8499984741211, best_prec 93.98999786376953
