Namespace(configs='configs/CIFAR10/pen_bip_1.yml', result_dir='./trained_models', exp_name='RC_pb1_13', exp_mode='prune', arch='resnet18', num_classes=10, layer_type='unstructured', k=None, lambd=0.9999993, alpha=1.0, scaled_score_init=True, scale_rand_init=False, freeze_bn=False, source_net='trained_models/CIFAR10_resnet18_Pretrain/pretrain/latest_exp/checkpoint/model_best.pth.tar', scores_init_type=None, dataset='CIFAR10', batch_size=128, num_workers=2, test_batch_size=128, normalize=True, data_dir='./data', image_dim=32, trainer='penalized_bilevel_1', epochs=100, optimizer='sgd', wd=0.0001, mask_lr=0.1, lr=0.1, mask_lr_schedule='step', lr_schedule='cosine', momentum=0.9, warmup_epochs=0, warmup_lr=0.1, save_dense=False, evaluate=False, val_method='base', resume='', seed=1234, print_freq=100, lr2=0.0001, accelerate=False)
=> loading source model from 'trained_models/CIFAR10_resnet18_Pretrain/pretrain/latest_exp/checkpoint/model_best.pth.tar'
=> loaded checkpoint 'trained_models/CIFAR10_resnet18_Pretrain/pretrain/latest_exp/checkpoint/model_best.pth.tar'
Epoch 0, l0 norm : 4520549, l1 norm : 1332692.1761169434
Epoch 0, min : 0.0, max : 0.7162169814109802
This epoch duration :1480.911615371704
Epoch 0, val-method base, validation accuracy 63.769996643066406, best_prec 63.769996643066406
Epoch 1, l0 norm : 4533804, l1 norm : 1367576.5672302246
Epoch 1, min : 0.0, max : 0.7528880834579468
This epoch duration :1497.5979392528534
Epoch 1, val-method base, validation accuracy 79.56999969482422, best_prec 79.56999969482422
Epoch 2, l0 norm : 4537310, l1 norm : 1377773.9935913086
Epoch 2, min : 0.0, max : 0.7804182767868042
This epoch duration :1502.4235785007477
Epoch 2, val-method base, validation accuracy 85.8499984741211, best_prec 85.8499984741211
Epoch 3, l0 norm : 4539126, l1 norm : 1384920.3811340332
Epoch 3, min : 0.0, max : 0.7975356578826904
This epoch duration :1501.4692771434784
Epoch 3, val-method base, validation accuracy 83.45999908447266, best_prec 85.8499984741211
Epoch 4, l0 norm : 4540487, l1 norm : 1389649.788116455
Epoch 4, min : 0.0, max : 0.7754316329956055
This epoch duration :1505.6636106967926
Epoch 4, val-method base, validation accuracy 88.81999969482422, best_prec 88.81999969482422
Epoch 5, l0 norm : 4541525, l1 norm : 1393005.1539459229
Epoch 5, min : 0.0, max : 0.7869795560836792
This epoch duration :1508.1312866210938
Epoch 5, val-method base, validation accuracy 88.79999542236328, best_prec 88.81999969482422
Epoch 6, l0 norm : 4542224, l1 norm : 1395288.1683654785
Epoch 6, min : 0.0, max : 0.7857910990715027
This epoch duration :1501.403657913208
Epoch 6, val-method base, validation accuracy 90.15999603271484, best_prec 90.15999603271484
Epoch 7, l0 norm : 4542728, l1 norm : 1396995.501083374
Epoch 7, min : 0.0, max : 0.7813048958778381
This epoch duration :1503.6794452667236
Epoch 7, val-method base, validation accuracy 89.13999938964844, best_prec 90.15999603271484
Epoch 8, l0 norm : 4543093, l1 norm : 1398476.9762115479
Epoch 8, min : 0.0, max : 0.7794548273086548
This epoch duration :1502.8762776851654
Epoch 8, val-method base, validation accuracy 90.50999450683594, best_prec 90.50999450683594
Epoch 9, l0 norm : 4543431, l1 norm : 1399751.5334777832
Epoch 9, min : 0.0, max : 0.7723786234855652
This epoch duration :1503.1843330860138
Epoch 9, val-method base, validation accuracy 90.77999877929688, best_prec 90.77999877929688
Epoch 10, l0 norm : 4543695, l1 norm : 1400844.7653961182
Epoch 10, min : 0.0, max : 0.7685419321060181
This epoch duration :1500.1621940135956
Epoch 10, val-method base, validation accuracy 91.25999450683594, best_prec 91.25999450683594
Epoch 11, l0 norm : 4543921, l1 norm : 1402430.299255371
Epoch 11, min : 0.0, max : 0.7603574395179749
This epoch duration :1506.9444541931152
Epoch 11, val-method base, validation accuracy 91.50999450683594, best_prec 91.50999450683594
Epoch 12, l0 norm : 4544146, l1 norm : 1403513.1497497559
Epoch 12, min : 0.0, max : 0.7539194822311401
This epoch duration :1494.626405954361
Epoch 12, val-method base, validation accuracy 91.07999420166016, best_prec 91.50999450683594
Epoch 13, l0 norm : 4544269, l1 norm : 1403670.8169250488
Epoch 13, min : 0.0, max : 0.7525519728660583
This epoch duration :1506.9478187561035
Epoch 13, val-method base, validation accuracy 91.5999984741211, best_prec 91.5999984741211
Epoch 14, l0 norm : 4544409, l1 norm : 1405074.8285675049
Epoch 14, min : 0.0, max : 0.7486055493354797
This epoch duration :1502.647587776184
Epoch 14, val-method base, validation accuracy 91.04999542236328, best_prec 91.5999984741211
Epoch 15, l0 norm : 4544529, l1 norm : 1406111.0390930176
Epoch 15, min : 0.0, max : 0.7424249053001404
This epoch duration :1508.5584728717804
Epoch 15, val-method base, validation accuracy 91.13999938964844, best_prec 91.5999984741211
Epoch 16, l0 norm : 4544614, l1 norm : 1406305.7831115723
Epoch 16, min : 0.0, max : 0.7423964738845825
This epoch duration :1503.4065024852753
Epoch 16, val-method base, validation accuracy 91.97999572753906, best_prec 91.97999572753906
Epoch 17, l0 norm : 4544690, l1 norm : 1406441.5560455322
Epoch 17, min : 0.0, max : 0.7392168641090393
This epoch duration :1500.114420890808
Epoch 17, val-method base, validation accuracy 91.6199951171875, best_prec 91.97999572753906
Epoch 18, l0 norm : 4544772, l1 norm : 1406769.9951019287
Epoch 18, min : 0.0, max : 0.7386806607246399
This epoch duration :1500.0055613517761
Epoch 18, val-method base, validation accuracy 90.90999603271484, best_prec 91.97999572753906
Epoch 19, l0 norm : 4544811, l1 norm : 1406222.4174194336
Epoch 19, min : 0.0, max : 0.7385318875312805
This epoch duration :1503.2954878807068
Epoch 19, val-method base, validation accuracy 91.91999816894531, best_prec 91.97999572753906
Epoch 20, l0 norm : 4544854, l1 norm : 1406392.019241333
Epoch 20, min : 0.0, max : 0.7410018444061279
This epoch duration :1506.1037936210632
Epoch 20, val-method base, validation accuracy 91.93000030517578, best_prec 91.97999572753906
Epoch 21, l0 norm : 4544899, l1 norm : 1406291.0630493164
Epoch 21, min : 0.0, max : 0.7414448261260986
This epoch duration :1497.7631583213806
Epoch 21, val-method base, validation accuracy 91.57999420166016, best_prec 91.97999572753906
Epoch 22, l0 norm : 4544937, l1 norm : 1406361.5668182373
Epoch 22, min : 0.0, max : 0.7408773303031921
This epoch duration :1502.7293684482574
Epoch 22, val-method base, validation accuracy 91.79999542236328, best_prec 91.97999572753906
Epoch 23, l0 norm : 4544959, l1 norm : 1406642.3581542969
Epoch 23, min : 0.0, max : 0.7417787909507751
This epoch duration :1496.8983130455017
Epoch 23, val-method base, validation accuracy 91.90999603271484, best_prec 91.97999572753906
Epoch 24, l0 norm : 4544981, l1 norm : 1406851.9904174805
Epoch 24, min : 0.0, max : 0.7443957924842834
This epoch duration :1492.4886333942413
Epoch 24, val-method base, validation accuracy 91.82999420166016, best_prec 91.97999572753906
Epoch 25, l0 norm : 4545006, l1 norm : 1406483.657989502
Epoch 25, min : 0.0, max : 0.7416762113571167
This epoch duration :1500.069087266922
Epoch 25, val-method base, validation accuracy 91.06999969482422, best_prec 91.97999572753906
Epoch 26, l0 norm : 4545018, l1 norm : 1406475.7349853516
Epoch 26, min : 0.0, max : 0.739840567111969
This epoch duration :1494.9451959133148
Epoch 26, val-method base, validation accuracy 91.75999450683594, best_prec 91.97999572753906
Epoch 27, l0 norm : 4545031, l1 norm : 1407000.9296569824
Epoch 27, min : 0.0, max : 0.7392688989639282
This epoch duration :1502.0268168449402
Epoch 27, val-method base, validation accuracy 91.95999908447266, best_prec 91.97999572753906
Epoch 28, l0 norm : 4545039, l1 norm : 1406675.1825714111
Epoch 28, min : 0.0, max : 0.7364771366119385
This epoch duration :1500.2308354377747
Epoch 28, val-method base, validation accuracy 91.86000061035156, best_prec 91.97999572753906
Epoch 29, l0 norm : 4545048, l1 norm : 1406038.3315734863
Epoch 29, min : 0.0, max : 0.7389872074127197
This epoch duration :1504.8045320510864
Epoch 29, val-method base, validation accuracy 91.47999572753906, best_prec 91.97999572753906
Epoch 30, l0 norm : 4545059, l1 norm : 1406123.663345337
Epoch 30, min : 0.0, max : 0.739662230014801
This epoch duration :1500.2621903419495
Epoch 30, val-method base, validation accuracy 92.47000122070312, best_prec 92.47000122070312
Epoch 31, l0 norm : 4545067, l1 norm : 1405741.8105773926
Epoch 31, min : 0.0, max : 0.7401264309883118
This epoch duration :1514.2681939601898
Epoch 31, val-method base, validation accuracy 90.02999877929688, best_prec 92.47000122070312
Epoch 32, l0 norm : 4545077, l1 norm : 1405253.7075195312
Epoch 32, min : 0.0, max : 0.7408488988876343
This epoch duration :1503.4000165462494
Epoch 32, val-method base, validation accuracy 92.23999786376953, best_prec 92.47000122070312
Epoch 33, l0 norm : 4545083, l1 norm : 1404943.5438842773
Epoch 33, min : 0.0, max : 0.7429021000862122
This epoch duration :1502.6855306625366
Epoch 33, val-method base, validation accuracy 92.3499984741211, best_prec 92.47000122070312
Epoch 34, l0 norm : 4545088, l1 norm : 1404103.1431274414
Epoch 34, min : 0.0, max : 0.7446547150611877
This epoch duration :1498.8545734882355
Epoch 34, val-method base, validation accuracy 92.6199951171875, best_prec 92.6199951171875
Epoch 35, l0 norm : 4545096, l1 norm : 1403065.122894287
Epoch 35, min : 0.0, max : 0.7453106641769409
This epoch duration :1498.6767065525055
Epoch 35, val-method base, validation accuracy 92.0999984741211, best_prec 92.6199951171875
Epoch 36, l0 norm : 4545106, l1 norm : 1402049.8307037354
Epoch 36, min : 0.0, max : 0.7474365830421448
This epoch duration :1501.6770453453064
Epoch 36, val-method base, validation accuracy 92.0, best_prec 92.6199951171875
Epoch 37, l0 norm : 4545116, l1 norm : 1401328.8335723877
Epoch 37, min : 0.0, max : 0.7479475736618042
This epoch duration :1502.2125861644745
Epoch 37, val-method base, validation accuracy 91.79999542236328, best_prec 92.6199951171875
Epoch 38, l0 norm : 4545121, l1 norm : 1400767.0108337402
Epoch 38, min : 0.0, max : 0.7499457597732544
This epoch duration :1500.416448354721
Epoch 38, val-method base, validation accuracy 92.50999450683594, best_prec 92.6199951171875
Epoch 39, l0 norm : 4545125, l1 norm : 1399932.6742095947
Epoch 39, min : 0.0, max : 0.7499154806137085
This epoch duration :1499.2154726982117
Epoch 39, val-method base, validation accuracy 92.30999755859375, best_prec 92.6199951171875
Epoch 40, l0 norm : 4545126, l1 norm : 1398651.9843902588
Epoch 40, min : 0.0, max : 0.7501478791236877
This epoch duration :1502.7571110725403
Epoch 40, val-method base, validation accuracy 92.75999450683594, best_prec 92.75999450683594
Epoch 41, l0 norm : 4545133, l1 norm : 1397701.800628662
Epoch 41, min : 0.0, max : 0.749984622001648
This epoch duration :1502.789924621582
Epoch 41, val-method base, validation accuracy 92.47000122070312, best_prec 92.75999450683594
Epoch 42, l0 norm : 4545136, l1 norm : 1396289.7719726562
Epoch 42, min : 0.0, max : 0.7477119565010071
This epoch duration :1500.5691542625427
Epoch 42, val-method base, validation accuracy 92.2699966430664, best_prec 92.75999450683594
Epoch 43, l0 norm : 4545140, l1 norm : 1394627.4479370117
Epoch 43, min : 0.0, max : 0.7470822334289551
This epoch duration :1500.5191659927368
Epoch 43, val-method base, validation accuracy 92.8499984741211, best_prec 92.8499984741211
Epoch 44, l0 norm : 4545143, l1 norm : 1392796.0229187012
Epoch 44, min : 0.0, max : 0.7479619979858398
This epoch duration :1499.801565170288
Epoch 44, val-method base, validation accuracy 92.81999969482422, best_prec 92.8499984741211
Epoch 45, l0 norm : 4545146, l1 norm : 1391768.4767913818
Epoch 45, min : 0.0, max : 0.7476842403411865
This epoch duration :1500.1356220245361
Epoch 45, val-method base, validation accuracy 92.68999481201172, best_prec 92.8499984741211
Epoch 46, l0 norm : 4545148, l1 norm : 1390394.8956298828
Epoch 46, min : 0.0, max : 0.7476133108139038
This epoch duration :1500.5250883102417
Epoch 46, val-method base, validation accuracy 92.73999786376953, best_prec 92.8499984741211
Epoch 47, l0 norm : 4545149, l1 norm : 1388724.8359069824
Epoch 47, min : 0.0, max : 0.7489493489265442
This epoch duration :1499.1663653850555
Epoch 47, val-method base, validation accuracy 92.75999450683594, best_prec 92.8499984741211
Epoch 48, l0 norm : 4545151, l1 norm : 1386766.5283660889
Epoch 48, min : 0.0, max : 0.749268651008606
This epoch duration :1504.612101316452
Epoch 48, val-method base, validation accuracy 92.81999969482422, best_prec 92.8499984741211
Epoch 49, l0 norm : 4545157, l1 norm : 1384770.450012207
Epoch 49, min : 0.0, max : 0.7513473629951477
This epoch duration :1502.2286479473114
Epoch 49, val-method base, validation accuracy 92.8699951171875, best_prec 92.8699951171875
Epoch 50, l0 norm : 4545160, l1 norm : 1383014.5430297852
Epoch 50, min : 0.0, max : 0.7531567811965942
This epoch duration :1504.4879879951477
Epoch 50, val-method base, validation accuracy 93.18000030517578, best_prec 93.18000030517578
Epoch 51, l0 norm : 4545163, l1 norm : 1380938.865447998
Epoch 51, min : 0.0, max : 0.7540774941444397
This epoch duration :1497.6273317337036
Epoch 51, val-method base, validation accuracy 92.81999969482422, best_prec 93.18000030517578
Epoch 52, l0 norm : 4545163, l1 norm : 1377228.1029968262
Epoch 52, min : 0.0, max : 0.7543708682060242
This epoch duration :1502.5647702217102
Epoch 52, val-method base, validation accuracy 92.94999694824219, best_prec 93.18000030517578
Epoch 53, l0 norm : 4545163, l1 norm : 1373824.4179992676
Epoch 53, min : 0.0, max : 0.754285454750061
This epoch duration :1504.906080007553
Epoch 53, val-method base, validation accuracy 93.37999725341797, best_prec 93.37999725341797
Epoch 54, l0 norm : 4545164, l1 norm : 1371320.8380737305
Epoch 54, min : 0.0, max : 0.7560354471206665
This epoch duration :1496.2143745422363
Epoch 54, val-method base, validation accuracy 93.22000122070312, best_prec 93.37999725341797
Epoch 55, l0 norm : 4545165, l1 norm : 1367360.8752593994
Epoch 55, min : 0.0, max : 0.7578886151313782
This epoch duration :1501.9072165489197
Epoch 55, val-method base, validation accuracy 93.07999420166016, best_prec 93.37999725341797
Epoch 56, l0 norm : 4545168, l1 norm : 1364122.0139770508
Epoch 56, min : 0.0, max : 0.7586514353752136
This epoch duration :1497.9541611671448
Epoch 56, val-method base, validation accuracy 93.66999816894531, best_prec 93.66999816894531
Epoch 57, l0 norm : 4545169, l1 norm : 1359867.4092407227
Epoch 57, min : 0.0, max : 0.7612171769142151
This epoch duration :1499.8942396640778
Epoch 57, val-method base, validation accuracy 93.22000122070312, best_prec 93.66999816894531
Epoch 58, l0 norm : 4545169, l1 norm : 1355488.5641937256
Epoch 58, min : 0.0, max : 0.7641701698303223
This epoch duration :1501.1687226295471
Epoch 58, val-method base, validation accuracy 93.23999786376953, best_prec 93.66999816894531
Epoch 59, l0 norm : 4545171, l1 norm : 1350936.713027954
Epoch 59, min : 0.0, max : 0.7648758292198181
This epoch duration :1493.3051569461823
Epoch 59, val-method base, validation accuracy 93.40999603271484, best_prec 93.66999816894531
Epoch 60, l0 norm : 4545172, l1 norm : 1344495.8970031738
Epoch 60, min : 0.0, max : 0.7688630819320679
This epoch duration :1505.2096598148346
Epoch 60, val-method base, validation accuracy 93.68999481201172, best_prec 93.68999481201172
Epoch 61, l0 norm : 4545173, l1 norm : 1338243.220855713
Epoch 61, min : 0.0, max : 0.7714298963546753
This epoch duration :1502.7610182762146
Epoch 61, val-method base, validation accuracy 93.86000061035156, best_prec 93.86000061035156
Epoch 62, l0 norm : 4545173, l1 norm : 1331550.7508544922
Epoch 62, min : 0.0, max : 0.7726722359657288
This epoch duration :1487.5152373313904
Epoch 62, val-method base, validation accuracy 93.6199951171875, best_prec 93.86000061035156
Epoch 63, l0 norm : 4545174, l1 norm : 1324500.142944336
Epoch 63, min : 0.0, max : 0.7764680981636047
This epoch duration :1505.0417313575745
Epoch 63, val-method base, validation accuracy 94.0199966430664, best_prec 94.0199966430664
Epoch 64, l0 norm : 4545176, l1 norm : 1317074.353149414
Epoch 64, min : 0.0, max : 0.7784573435783386
This epoch duration :1501.3109276294708
Epoch 64, val-method base, validation accuracy 93.98999786376953, best_prec 94.0199966430664
Epoch 65, l0 norm : 4545178, l1 norm : 1308388.6909179688
Epoch 65, min : 0.0, max : 0.7804308533668518
This epoch duration :1496.3529863357544
Epoch 65, val-method base, validation accuracy 94.33999633789062, best_prec 94.33999633789062
Epoch 66, l0 norm : 4545178, l1 norm : 1296342.4924316406
Epoch 66, min : 0.0, max : 0.78375643491745
This epoch duration :1500.3600931167603
Epoch 66, val-method base, validation accuracy 94.43000030517578, best_prec 94.43000030517578
Epoch 67, l0 norm : 4545178, l1 norm : 1283418.346496582
Epoch 67, min : 0.0, max : 0.7866361737251282
This epoch duration :1499.6511504650116
Epoch 67, val-method base, validation accuracy 94.3499984741211, best_prec 94.43000030517578
Epoch 68, l0 norm : 4545179, l1 norm : 1269712.0330810547
Epoch 68, min : 0.0, max : 0.7886554002761841
This epoch duration :1498.151858329773
Epoch 68, val-method base, validation accuracy 94.47999572753906, best_prec 94.47999572753906
Epoch 69, l0 norm : 4545179, l1 norm : 1257239.0292053223
Epoch 69, min : 0.0, max : 0.7911708354949951
This epoch duration :1496.0705177783966
Epoch 69, val-method base, validation accuracy 94.5999984741211, best_prec 94.5999984741211
Epoch 70, l0 norm : 4545179, l1 norm : 1242346.9012756348
Epoch 70, min : 0.0, max : 0.7936469316482544
This epoch duration :1504.4370374679565
Epoch 70, val-method base, validation accuracy 94.55999755859375, best_prec 94.5999984741211
Epoch 71, l0 norm : 4545179, l1 norm : 1228501.663986206
Epoch 71, min : 0.0, max : 0.7963733673095703
This epoch duration :1501.977637052536
Epoch 71, val-method base, validation accuracy 94.77999877929688, best_prec 94.77999877929688
Epoch 72, l0 norm : 4545179, l1 norm : 1212930.2019348145
Epoch 72, min : 0.0, max : 0.7989230155944824
This epoch duration :1502.2809329032898
Epoch 72, val-method base, validation accuracy 94.75, best_prec 94.77999877929688
Epoch 73, l0 norm : 4545179, l1 norm : 1196694.7588653564
Epoch 73, min : 0.0, max : 0.8007495403289795
This epoch duration :1508.2165117263794
Epoch 73, val-method base, validation accuracy 94.93000030517578, best_prec 94.93000030517578
Epoch 74, l0 norm : 4545179, l1 norm : 1181534.8882751465
Epoch 74, min : 0.0, max : 0.8038598895072937
This epoch duration :1508.3075153827667
Epoch 74, val-method base, validation accuracy 95.0, best_prec 95.0
Epoch 75, l0 norm : 4545179, l1 norm : 1165296.546295166
Epoch 75, min : 0.0, max : 0.806382954120636
This epoch duration :1494.7564432621002
Epoch 75, val-method base, validation accuracy 94.95999908447266, best_prec 95.0
Epoch 76, l0 norm : 4545179, l1 norm : 1150165.300994873
Epoch 76, min : 0.0, max : 0.808210015296936
This epoch duration :1495.9455153942108
Epoch 76, val-method base, validation accuracy 95.0, best_prec 95.0
Epoch 77, l0 norm : 4545179, l1 norm : 1134634.2281799316
Epoch 77, min : 0.0, max : 0.8108164072036743
This epoch duration :1500.3039140701294
Epoch 77, val-method base, validation accuracy 95.05999755859375, best_prec 95.05999755859375
Epoch 78, l0 norm : 4545179, l1 norm : 1118366.99710083
Epoch 78, min : 0.0, max : 0.8130009174346924
This epoch duration :1504.5905010700226
Epoch 78, val-method base, validation accuracy 95.00999450683594, best_prec 95.05999755859375
Epoch 79, l0 norm : 4545179, l1 norm : 1103056.9268798828
Epoch 79, min : 0.0, max : 0.8154227137565613
This epoch duration :1502.6940579414368
Epoch 79, val-method base, validation accuracy 94.93999481201172, best_prec 95.05999755859375
Epoch 80, l0 norm : 4545179, l1 norm : 1087733.9473571777
Epoch 80, min : 0.0, max : 0.8183211088180542
This epoch duration :1499.8358714580536
Epoch 80, val-method base, validation accuracy 95.11000061035156, best_prec 95.11000061035156
Epoch 81, l0 norm : 4545179, l1 norm : 1072165.56640625
Epoch 81, min : 0.0, max : 0.8213002681732178
This epoch duration :1503.1386559009552
Epoch 81, val-method base, validation accuracy 95.15999603271484, best_prec 95.15999603271484
Epoch 82, l0 norm : 4545179, l1 norm : 1056974.576828003
Epoch 82, min : 0.0, max : 0.8236200213432312
This epoch duration :1503.4663639068604
Epoch 82, val-method base, validation accuracy 95.1199951171875, best_prec 95.15999603271484
Epoch 83, l0 norm : 4545180, l1 norm : 1041967.0305175781
Epoch 83, min : 0.0, max : 0.8260988593101501
This epoch duration :1508.0360822677612
Epoch 83, val-method base, validation accuracy 95.1199951171875, best_prec 95.15999603271484
Epoch 84, l0 norm : 4545180, l1 norm : 1026648.2789611816
Epoch 84, min : 0.0, max : 0.8280127048492432
This epoch duration :1506.6186249256134
Epoch 84, val-method base, validation accuracy 95.0199966430664, best_prec 95.15999603271484
Epoch 85, l0 norm : 4545180, l1 norm : 1012697.2635192871
Epoch 85, min : 0.0, max : 0.8303319215774536
This epoch duration :1510.1923666000366
Epoch 85, val-method base, validation accuracy 95.0199966430664, best_prec 95.15999603271484
Epoch 86, l0 norm : 4545180, l1 norm : 998524.976272583
Epoch 86, min : 0.0, max : 0.8324564099311829
This epoch duration :1504.6191685199738
Epoch 86, val-method base, validation accuracy 95.19999694824219, best_prec 95.19999694824219
Epoch 87, l0 norm : 4545180, l1 norm : 985090.838973999
Epoch 87, min : 0.0, max : 0.8351442217826843
This epoch duration :1502.7942459583282
Epoch 87, val-method base, validation accuracy 95.15999603271484, best_prec 95.19999694824219
Epoch 88, l0 norm : 4545180, l1 norm : 971547.8191833496
Epoch 88, min : 0.0, max : 0.8373401761054993
This epoch duration :1503.3737618923187
Epoch 88, val-method base, validation accuracy 95.16999816894531, best_prec 95.19999694824219
Epoch 89, l0 norm : 4545180, l1 norm : 959208.3740539551
Epoch 89, min : 0.0, max : 0.8396912813186646
This epoch duration :1491.2894849777222
Epoch 89, val-method base, validation accuracy 95.1199951171875, best_prec 95.19999694824219
Epoch 90, l0 norm : 4545180, l1 norm : 946948.5139770508
Epoch 90, min : 0.0, max : 0.8414055705070496
This epoch duration :1505.479876756668
Epoch 90, val-method base, validation accuracy 95.05999755859375, best_prec 95.19999694824219
Epoch 91, l0 norm : 4545180, l1 norm : 934652.8931884766
Epoch 91, min : 0.0, max : 0.8434503078460693
This epoch duration :1495.1127853393555
Epoch 91, val-method base, validation accuracy 95.07999420166016, best_prec 95.19999694824219
Epoch 92, l0 norm : 4545180, l1 norm : 923160.6966094971
Epoch 92, min : 0.0, max : 0.8452675342559814
This epoch duration :1505.2671530246735
Epoch 92, val-method base, validation accuracy 95.04000091552734, best_prec 95.19999694824219
Epoch 93, l0 norm : 4545180, l1 norm : 911762.1217498779
Epoch 93, min : 0.0, max : 0.8470278978347778
This epoch duration :1504.3848850727081
Epoch 93, val-method base, validation accuracy 95.05999755859375, best_prec 95.19999694824219
Epoch 94, l0 norm : 4545181, l1 norm : 900816.5376281738
Epoch 94, min : 0.0, max : 0.8486770987510681
This epoch duration :1501.5610585212708
Epoch 94, val-method base, validation accuracy 95.04000091552734, best_prec 95.19999694824219
Epoch 95, l0 norm : 4545181, l1 norm : 889999.3067626953
Epoch 95, min : 0.0, max : 0.8500092625617981
This epoch duration :1488.6638190746307
Epoch 95, val-method base, validation accuracy 95.07999420166016, best_prec 95.19999694824219
Epoch 96, l0 norm : 4545181, l1 norm : 880035.1283721924
Epoch 96, min : 0.0, max : 0.8520889282226562
This epoch duration :1504.0204946994781
Epoch 96, val-method base, validation accuracy 95.05999755859375, best_prec 95.19999694824219
Epoch 97, l0 norm : 4545181, l1 norm : 869908.9789581299
Epoch 97, min : 0.0, max : 0.8538455367088318
This epoch duration :1315.06991314888
Epoch 97, val-method base, validation accuracy 95.07999420166016, best_prec 95.19999694824219
Epoch 98, l0 norm : 4545182, l1 norm : 860623.8171081543
Epoch 98, min : 0.0, max : 0.8551916480064392
This epoch duration :898.1930894851685
Epoch 98, val-method base, validation accuracy 95.05999755859375, best_prec 95.19999694824219
Epoch 99, l0 norm : 4545182, l1 norm : 851654.6736755371
Epoch 99, min : 0.0, max : 0.8571057319641113
This epoch duration :433.3685019016266
Epoch 99, val-method base, validation accuracy 95.06999969482422, best_prec 95.19999694824219
