Namespace(configs='configs/KMNIST/pen_bip_1.yml', result_dir='./trained_models', exp_name='km_pb1_m_13', exp_mode='prune', arch='mnist_model', num_classes=10, layer_type='unstructured', k=None, lambd=0.99999993, alpha=1.0, fw_momentum=0.9, scaled_score_init=False, scale_rand_init=False, freeze_bn=False, source_net='trained_models/KMNIST_mnist_model/pretrain/latest_exp/checkpoint/model_best.pth.tar', scores_init_type=None, dataset='KMNIST', batch_size=64, num_workers=2, test_batch_size=64, normalize=True, data_dir='./data', image_dim=28, trainer='penalized_bilevel_1', epochs=100, optimizer='sgd', wd=0.0001, mask_lr=0.1, lr=0.1, mask_lr_schedule='step', lr_schedule='cosine', momentum=0.9, warmup_epochs=0, warmup_lr=0.1, save_dense=False, evaluate=False, val_method='base', resume='', seed=1234, print_freq=100, lr2=0.0001, accelerate=False)
=> loading source model from 'trained_models/KMNIST_mnist_model/pretrain/latest_exp/checkpoint/model_best.pth.tar'
=> loaded checkpoint 'trained_models/KMNIST_mnist_model/pretrain/latest_exp/checkpoint/model_best.pth.tar'
Epoch 0, l0 norm : 47101, l1 norm : 7717.546203613281
Epoch 0, min : 0.0, max : 0.9497922658920288
This epoch duration :321.3917634487152
Epoch 0, val-method base, validation accuracy 89.79999542236328, best_prec 89.79999542236328
Epoch 1, l0 norm : 47101, l1 norm : 7534.626266479492
Epoch 1, min : 0.0, max : 0.9421911835670471
This epoch duration :308.30478262901306
Epoch 1, val-method base, validation accuracy 90.94999694824219, best_prec 90.94999694824219
Epoch 2, l0 norm : 47102, l1 norm : 7466.604835510254
Epoch 2, min : 0.0, max : 0.9377747774124146
This epoch duration :308.23610043525696
Epoch 2, val-method base, validation accuracy 92.45999908447266, best_prec 92.45999908447266
Epoch 3, l0 norm : 47102, l1 norm : 7429.385795593262
Epoch 3, min : 0.0, max : 0.9353182911872864
This epoch duration :308.77976751327515
Epoch 3, val-method base, validation accuracy 91.73999786376953, best_prec 92.45999908447266
Epoch 4, l0 norm : 47102, l1 norm : 7408.4045333862305
Epoch 4, min : 0.0, max : 0.9304420948028564
This epoch duration :307.913117647171
Epoch 4, val-method base, validation accuracy 92.11000061035156, best_prec 92.45999908447266
Epoch 5, l0 norm : 47102, l1 norm : 7401.510726928711
Epoch 5, min : 0.0, max : 0.9244233965873718
This epoch duration :308.37793374061584
Epoch 5, val-method base, validation accuracy 92.5, best_prec 92.5
Epoch 6, l0 norm : 47102, l1 norm : 7379.789993286133
Epoch 6, min : 0.0, max : 0.9219366908073425
This epoch duration :308.9399325847626
Epoch 6, val-method base, validation accuracy 92.90999603271484, best_prec 92.90999603271484
Epoch 7, l0 norm : 47102, l1 norm : 7360.16121673584
Epoch 7, min : 0.0, max : 0.9284034967422485
This epoch duration :307.9440104961395
Epoch 7, val-method base, validation accuracy 93.14999389648438, best_prec 93.14999389648438
Epoch 8, l0 norm : 47102, l1 norm : 7352.427383422852
Epoch 8, min : 0.0, max : 0.9314241409301758
This epoch duration :308.7800178527832
Epoch 8, val-method base, validation accuracy 92.55999755859375, best_prec 93.14999389648438
Epoch 9, l0 norm : 47102, l1 norm : 7336.70352935791
Epoch 9, min : 0.0, max : 0.9302793145179749
This epoch duration :308.7446548938751
Epoch 9, val-method base, validation accuracy 93.18999481201172, best_prec 93.18999481201172
Epoch 10, l0 norm : 47102, l1 norm : 7321.432098388672
Epoch 10, min : 0.0, max : 0.9340278506278992
This epoch duration :307.88247990608215
Epoch 10, val-method base, validation accuracy 92.54999542236328, best_prec 93.18999481201172
Epoch 11, l0 norm : 47102, l1 norm : 7307.823638916016
Epoch 11, min : 0.0, max : 0.9373664259910583
This epoch duration :308.73919558525085
Epoch 11, val-method base, validation accuracy 92.87999725341797, best_prec 93.18999481201172
Epoch 12, l0 norm : 47102, l1 norm : 7302.94059753418
Epoch 12, min : 0.0, max : 0.9407268166542053
This epoch duration :308.6106071472168
Epoch 12, val-method base, validation accuracy 93.98999786376953, best_prec 93.98999786376953
Epoch 13, l0 norm : 47102, l1 norm : 7296.866004943848
Epoch 13, min : 0.0, max : 0.9371216297149658
This epoch duration :308.3649866580963
Epoch 13, val-method base, validation accuracy 93.81999969482422, best_prec 93.98999786376953
Epoch 14, l0 norm : 47102, l1 norm : 7292.831924438477
Epoch 14, min : 0.0, max : 0.935652494430542
This epoch duration :307.391720533371
Epoch 14, val-method base, validation accuracy 92.79000091552734, best_prec 93.98999786376953
Epoch 15, l0 norm : 47102, l1 norm : 7281.680603027344
Epoch 15, min : 0.0, max : 0.9358352422714233
This epoch duration :308.8179597854614
Epoch 15, val-method base, validation accuracy 92.89999389648438, best_prec 93.98999786376953
Epoch 16, l0 norm : 47102, l1 norm : 7282.096481323242
Epoch 16, min : 0.0, max : 0.9352160692214966
This epoch duration :308.9815618991852
Epoch 16, val-method base, validation accuracy 92.88999938964844, best_prec 93.98999786376953
Epoch 17, l0 norm : 47102, l1 norm : 7286.153549194336
Epoch 17, min : 0.0, max : 0.9330673217773438
This epoch duration :308.4786832332611
Epoch 17, val-method base, validation accuracy 93.45999908447266, best_prec 93.98999786376953
Epoch 18, l0 norm : 47102, l1 norm : 7283.212341308594
Epoch 18, min : 0.0, max : 0.932157576084137
This epoch duration :308.8870210647583
Epoch 18, val-method base, validation accuracy 93.38999938964844, best_prec 93.98999786376953
Epoch 19, l0 norm : 47102, l1 norm : 7284.765983581543
Epoch 19, min : 0.0, max : 0.932274580001831
This epoch duration :308.05990386009216
Epoch 19, val-method base, validation accuracy 92.97999572753906, best_prec 93.98999786376953
Epoch 20, l0 norm : 47102, l1 norm : 7285.297340393066
Epoch 20, min : 0.0, max : 0.9313335418701172
This epoch duration :308.64372158050537
Epoch 20, val-method base, validation accuracy 93.32999420166016, best_prec 93.98999786376953
Epoch 21, l0 norm : 47102, l1 norm : 7282.356903076172
Epoch 21, min : 0.0, max : 0.9321267604827881
This epoch duration :308.6554708480835
Epoch 21, val-method base, validation accuracy 92.47999572753906, best_prec 93.98999786376953
Epoch 22, l0 norm : 47102, l1 norm : 7280.724914550781
Epoch 22, min : 0.0, max : 0.9304400682449341
This epoch duration :308.55453658103943
Epoch 22, val-method base, validation accuracy 93.73999786376953, best_prec 93.98999786376953
Epoch 23, l0 norm : 47102, l1 norm : 7278.729187011719
Epoch 23, min : 0.0, max : 0.9313285946846008
This epoch duration :308.52301716804504
Epoch 23, val-method base, validation accuracy 94.02999877929688, best_prec 94.02999877929688
Epoch 24, l0 norm : 47102, l1 norm : 7276.830307006836
Epoch 24, min : 0.0, max : 0.9295417070388794
This epoch duration :308.79687666893005
Epoch 24, val-method base, validation accuracy 92.69999694824219, best_prec 94.02999877929688
Epoch 25, l0 norm : 47102, l1 norm : 7277.283050537109
Epoch 25, min : 0.0, max : 0.9302406311035156
This epoch duration :308.1798779964447
Epoch 25, val-method base, validation accuracy 93.22999572753906, best_prec 94.02999877929688
Epoch 26, l0 norm : 47102, l1 norm : 7276.47053527832
Epoch 26, min : 0.0, max : 0.9296507835388184
This epoch duration :308.5644292831421
Epoch 26, val-method base, validation accuracy 92.30999755859375, best_prec 94.02999877929688
Epoch 27, l0 norm : 47102, l1 norm : 7278.125228881836
Epoch 27, min : 0.0, max : 0.9243243932723999
This epoch duration :308.76477336883545
Epoch 27, val-method base, validation accuracy 93.38999938964844, best_prec 94.02999877929688
Epoch 28, l0 norm : 47102, l1 norm : 7277.41780090332
Epoch 28, min : 0.0, max : 0.9231597185134888
This epoch duration :308.5759029388428
Epoch 28, val-method base, validation accuracy 93.22999572753906, best_prec 94.02999877929688
Epoch 29, l0 norm : 47102, l1 norm : 7277.454010009766
Epoch 29, min : 0.0, max : 0.9210682511329651
This epoch duration :308.6378960609436
Epoch 29, val-method base, validation accuracy 93.62999725341797, best_prec 94.02999877929688
Epoch 30, l0 norm : 47102, l1 norm : 7276.409042358398
Epoch 30, min : 0.0, max : 0.9209513664245605
This epoch duration :308.9937553405762
Epoch 30, val-method base, validation accuracy 93.69999694824219, best_prec 94.02999877929688
Epoch 31, l0 norm : 47102, l1 norm : 7277.778182983398
Epoch 31, min : 0.0, max : 0.9211684465408325
This epoch duration :308.5416009426117
Epoch 31, val-method base, validation accuracy 93.62999725341797, best_prec 94.02999877929688
Epoch 32, l0 norm : 47102, l1 norm : 7279.453277587891
Epoch 32, min : 0.0, max : 0.9226393103599548
This epoch duration :309.0613784790039
Epoch 32, val-method base, validation accuracy 93.66999816894531, best_prec 94.02999877929688
Epoch 33, l0 norm : 47102, l1 norm : 7279.729164123535
Epoch 33, min : 0.0, max : 0.9222403168678284
This epoch duration :308.66847014427185
Epoch 33, val-method base, validation accuracy 92.75999450683594, best_prec 94.02999877929688
Epoch 34, l0 norm : 47102, l1 norm : 7281.243614196777
Epoch 34, min : 0.0, max : 0.9220015406608582
This epoch duration :308.8457283973694
Epoch 34, val-method base, validation accuracy 93.05999755859375, best_prec 94.02999877929688
Epoch 35, l0 norm : 47102, l1 norm : 7281.215637207031
Epoch 35, min : 0.0, max : 0.9235197901725769
This epoch duration :308.71356773376465
Epoch 35, val-method base, validation accuracy 93.61000061035156, best_prec 94.02999877929688
Epoch 36, l0 norm : 47102, l1 norm : 7282.81510925293
Epoch 36, min : 0.0, max : 0.9227049946784973
This epoch duration :308.0105483531952
Epoch 36, val-method base, validation accuracy 93.11000061035156, best_prec 94.02999877929688
Epoch 37, l0 norm : 47102, l1 norm : 7284.028747558594
Epoch 37, min : 0.0, max : 0.9210838675498962
This epoch duration :308.5804135799408
Epoch 37, val-method base, validation accuracy 94.04999542236328, best_prec 94.04999542236328
Epoch 38, l0 norm : 47102, l1 norm : 7285.599349975586
Epoch 38, min : 0.0, max : 0.9202253818511963
This epoch duration :309.1829762458801
Epoch 38, val-method base, validation accuracy 93.91999816894531, best_prec 94.04999542236328
Epoch 39, l0 norm : 47102, l1 norm : 7287.681091308594
Epoch 39, min : 0.0, max : 0.9211170673370361
This epoch duration :308.6999788284302
Epoch 39, val-method base, validation accuracy 94.08999633789062, best_prec 94.08999633789062
Epoch 40, l0 norm : 47102, l1 norm : 7288.768218994141
Epoch 40, min : 0.0, max : 0.9205890893936157
This epoch duration :308.0775444507599
Epoch 40, val-method base, validation accuracy 93.90999603271484, best_prec 94.08999633789062
Epoch 41, l0 norm : 47102, l1 norm : 7291.073913574219
Epoch 41, min : 0.0, max : 0.9198974370956421
This epoch duration :308.38676595687866
Epoch 41, val-method base, validation accuracy 93.61000061035156, best_prec 94.08999633789062
Epoch 42, l0 norm : 47102, l1 norm : 7294.529754638672
Epoch 42, min : 0.0, max : 0.9210250973701477
This epoch duration :308.30421566963196
Epoch 42, val-method base, validation accuracy 94.05999755859375, best_prec 94.08999633789062
Epoch 43, l0 norm : 47102, l1 norm : 7296.441101074219
Epoch 43, min : 0.0, max : 0.921944797039032
This epoch duration :308.1189954280853
Epoch 43, val-method base, validation accuracy 93.8699951171875, best_prec 94.08999633789062
Epoch 44, l0 norm : 47102, l1 norm : 7298.107940673828
Epoch 44, min : 0.0, max : 0.9196749925613403
This epoch duration :308.64869141578674
Epoch 44, val-method base, validation accuracy 94.07999420166016, best_prec 94.08999633789062
Epoch 45, l0 norm : 47102, l1 norm : 7300.175872802734
Epoch 45, min : 0.0, max : 0.9187360405921936
This epoch duration :308.6515619754791
Epoch 45, val-method base, validation accuracy 94.97999572753906, best_prec 94.97999572753906
Epoch 46, l0 norm : 47102, l1 norm : 7303.181709289551
Epoch 46, min : 0.0, max : 0.9187003970146179
This epoch duration :308.17134833335876
Epoch 46, val-method base, validation accuracy 94.27999877929688, best_prec 94.97999572753906
Epoch 47, l0 norm : 47102, l1 norm : 7307.703514099121
Epoch 47, min : 0.0, max : 0.9191950559616089
This epoch duration :308.37407422065735
Epoch 47, val-method base, validation accuracy 94.5199966430664, best_prec 94.97999572753906
Epoch 48, l0 norm : 47102, l1 norm : 7312.990005493164
Epoch 48, min : 0.0, max : 0.9182862043380737
This epoch duration :309.0597040653229
Epoch 48, val-method base, validation accuracy 94.23999786376953, best_prec 94.97999572753906
Epoch 49, l0 norm : 47102, l1 norm : 7319.181945800781
Epoch 49, min : 0.0, max : 0.9185675978660583
This epoch duration :308.51917576789856
Epoch 49, val-method base, validation accuracy 94.36000061035156, best_prec 94.97999572753906
Epoch 50, l0 norm : 47102, l1 norm : 7323.552200317383
Epoch 50, min : 0.0, max : 0.9173488020896912
This epoch duration :308.79858469963074
Epoch 50, val-method base, validation accuracy 94.37999725341797, best_prec 94.97999572753906
Epoch 51, l0 norm : 47102, l1 norm : 7329.823348999023
Epoch 51, min : 0.0, max : 0.9167970418930054
This epoch duration :308.02484035491943
Epoch 51, val-method base, validation accuracy 94.19999694824219, best_prec 94.97999572753906
Epoch 52, l0 norm : 47102, l1 norm : 7336.2409591674805
Epoch 52, min : 0.0, max : 0.9164748787879944
This epoch duration :308.0024185180664
Epoch 52, val-method base, validation accuracy 94.12999725341797, best_prec 94.97999572753906
Epoch 53, l0 norm : 47102, l1 norm : 7341.262641906738
Epoch 53, min : 0.0, max : 0.9157856106758118
This epoch duration :308.5773091316223
Epoch 53, val-method base, validation accuracy 94.65999603271484, best_prec 94.97999572753906
Epoch 54, l0 norm : 47102, l1 norm : 7346.599472045898
Epoch 54, min : 0.0, max : 0.9152581691741943
This epoch duration :308.5939772129059
Epoch 54, val-method base, validation accuracy 94.47000122070312, best_prec 94.97999572753906
Epoch 55, l0 norm : 47102, l1 norm : 7352.2351150512695
Epoch 55, min : 0.0, max : 0.9141438603401184
This epoch duration :308.3961658477783
Epoch 55, val-method base, validation accuracy 94.7699966430664, best_prec 94.97999572753906
Epoch 56, l0 norm : 47102, l1 norm : 7358.475303649902
Epoch 56, min : 0.0, max : 0.9142735600471497
This epoch duration :308.58879923820496
Epoch 56, val-method base, validation accuracy 94.5, best_prec 94.97999572753906
Epoch 57, l0 norm : 47102, l1 norm : 7365.9500732421875
Epoch 57, min : 0.0, max : 0.9137740135192871
This epoch duration :308.53248262405396
Epoch 57, val-method base, validation accuracy 94.75999450683594, best_prec 94.97999572753906
Epoch 58, l0 norm : 47102, l1 norm : 7374.1785888671875
Epoch 58, min : 0.0, max : 0.9137704968452454
This epoch duration :307.8436932563782
Epoch 58, val-method base, validation accuracy 94.73999786376953, best_prec 94.97999572753906
Epoch 59, l0 norm : 47102, l1 norm : 7382.16633605957
Epoch 59, min : 0.0, max : 0.9136625528335571
This epoch duration :308.61096143722534
Epoch 59, val-method base, validation accuracy 94.70999908447266, best_prec 94.97999572753906
Epoch 60, l0 norm : 47102, l1 norm : 7390.206848144531
Epoch 60, min : 0.0, max : 0.9132707118988037
This epoch duration :307.51384234428406
Epoch 60, val-method base, validation accuracy 94.75999450683594, best_prec 94.97999572753906
Epoch 61, l0 norm : 47102, l1 norm : 7398.447723388672
Epoch 61, min : 0.0, max : 0.9126332402229309
This epoch duration :307.7399215698242
Epoch 61, val-method base, validation accuracy 94.43000030517578, best_prec 94.97999572753906
Epoch 62, l0 norm : 47102, l1 norm : 7407.150665283203
Epoch 62, min : 0.0, max : 0.9125304818153381
This epoch duration :308.074125289917
Epoch 62, val-method base, validation accuracy 94.47999572753906, best_prec 94.97999572753906
Epoch 63, l0 norm : 47102, l1 norm : 7416.09455871582
Epoch 63, min : 0.0, max : 0.9123256802558899
This epoch duration :308.2559094429016
Epoch 63, val-method base, validation accuracy 94.62999725341797, best_prec 94.97999572753906
Epoch 64, l0 norm : 47102, l1 norm : 7423.823104858398
Epoch 64, min : 0.0, max : 0.9120786190032959
This epoch duration :308.82824635505676
Epoch 64, val-method base, validation accuracy 94.58999633789062, best_prec 94.97999572753906
Epoch 65, l0 norm : 47102, l1 norm : 7431.361099243164
Epoch 65, min : 0.0, max : 0.9122864007949829
This epoch duration :308.5494124889374
Epoch 65, val-method base, validation accuracy 94.70999908447266, best_prec 94.97999572753906
Epoch 66, l0 norm : 47102, l1 norm : 7439.14803314209
Epoch 66, min : 0.0, max : 0.9117174744606018
This epoch duration :308.08563804626465
Epoch 66, val-method base, validation accuracy 94.68000030517578, best_prec 94.97999572753906
Epoch 67, l0 norm : 47102, l1 norm : 7447.034484863281
Epoch 67, min : 0.0, max : 0.9115340709686279
This epoch duration :308.108845949173
Epoch 67, val-method base, validation accuracy 94.50999450683594, best_prec 94.97999572753906
Epoch 68, l0 norm : 47102, l1 norm : 7454.963668823242
Epoch 68, min : 0.0, max : 0.9115579128265381
This epoch duration :308.33976435661316
Epoch 68, val-method base, validation accuracy 94.57999420166016, best_prec 94.97999572753906
Epoch 69, l0 norm : 47102, l1 norm : 7462.83918762207
Epoch 69, min : 0.0, max : 0.9115612506866455
This epoch duration :307.75392508506775
Epoch 69, val-method base, validation accuracy 94.54000091552734, best_prec 94.97999572753906
Epoch 70, l0 norm : 47102, l1 norm : 7470.757400512695
Epoch 70, min : 0.0, max : 0.9111464619636536
This epoch duration :308.6389720439911
Epoch 70, val-method base, validation accuracy 94.64999389648438, best_prec 94.97999572753906
Epoch 71, l0 norm : 47102, l1 norm : 7478.513000488281
Epoch 71, min : 0.0, max : 0.910658061504364
This epoch duration :308.49830317497253
Epoch 71, val-method base, validation accuracy 94.48999786376953, best_prec 94.97999572753906
Epoch 72, l0 norm : 47102, l1 norm : 7485.968711853027
Epoch 72, min : 0.0, max : 0.9105018973350525
This epoch duration :308.37923312187195
Epoch 72, val-method base, validation accuracy 94.68999481201172, best_prec 94.97999572753906
Epoch 73, l0 norm : 47102, l1 norm : 7493.350860595703
Epoch 73, min : 0.0, max : 0.9102224111557007
This epoch duration :308.40278005599976
Epoch 73, val-method base, validation accuracy 94.64999389648438, best_prec 94.97999572753906
Epoch 74, l0 norm : 47102, l1 norm : 7500.645660400391
Epoch 74, min : 0.0, max : 0.9097331166267395
This epoch duration :308.24469089508057
Epoch 74, val-method base, validation accuracy 94.68000030517578, best_prec 94.97999572753906
Epoch 75, l0 norm : 47102, l1 norm : 7508.032997131348
Epoch 75, min : 0.0, max : 0.9097314476966858
This epoch duration :308.15619826316833
Epoch 75, val-method base, validation accuracy 94.55999755859375, best_prec 94.97999572753906
Epoch 76, l0 norm : 47102, l1 norm : 7515.175216674805
Epoch 76, min : 0.0, max : 0.9091560244560242
This epoch duration :308.6820275783539
Epoch 76, val-method base, validation accuracy 94.6199951171875, best_prec 94.97999572753906
Epoch 77, l0 norm : 47102, l1 norm : 7522.242652893066
Epoch 77, min : 0.0, max : 0.9085318446159363
This epoch duration :308.13878107070923
Epoch 77, val-method base, validation accuracy 94.62999725341797, best_prec 94.97999572753906
Epoch 78, l0 norm : 47102, l1 norm : 7529.082626342773
Epoch 78, min : 0.0, max : 0.9082702398300171
This epoch duration :308.4257481098175
Epoch 78, val-method base, validation accuracy 94.70999908447266, best_prec 94.97999572753906
Epoch 79, l0 norm : 47102, l1 norm : 7535.637359619141
Epoch 79, min : 0.0, max : 0.9079093337059021
This epoch duration :308.80706119537354
Epoch 79, val-method base, validation accuracy 94.79999542236328, best_prec 94.97999572753906
Epoch 80, l0 norm : 47102, l1 norm : 7541.927490234375
Epoch 80, min : 0.0, max : 0.9077910780906677
This epoch duration :308.09131264686584
Epoch 80, val-method base, validation accuracy 94.72000122070312, best_prec 94.97999572753906
Epoch 81, l0 norm : 47102, l1 norm : 7548.298454284668
Epoch 81, min : 0.0, max : 0.907418429851532
This epoch duration :308.2159264087677
Epoch 81, val-method base, validation accuracy 94.72000122070312, best_prec 94.97999572753906
Epoch 82, l0 norm : 47102, l1 norm : 7554.506484985352
Epoch 82, min : 0.0, max : 0.907354474067688
This epoch duration :307.97887659072876
Epoch 82, val-method base, validation accuracy 94.75999450683594, best_prec 94.97999572753906
Epoch 83, l0 norm : 47102, l1 norm : 7560.488723754883
Epoch 83, min : 0.0, max : 0.9070888757705688
This epoch duration :307.69853353500366
Epoch 83, val-method base, validation accuracy 94.64999389648438, best_prec 94.97999572753906
Epoch 84, l0 norm : 47102, l1 norm : 7566.26106262207
Epoch 84, min : 0.0, max : 0.9066094756126404
This epoch duration :308.41076254844666
Epoch 84, val-method base, validation accuracy 94.70999908447266, best_prec 94.97999572753906
Epoch 85, l0 norm : 47102, l1 norm : 7571.869483947754
Epoch 85, min : 0.0, max : 0.9061230421066284
This epoch duration :308.06759238243103
Epoch 85, val-method base, validation accuracy 94.57999420166016, best_prec 94.97999572753906
Epoch 86, l0 norm : 47102, l1 norm : 7577.255081176758
Epoch 86, min : 0.0, max : 0.9057661890983582
This epoch duration :308.2712073326111
Epoch 86, val-method base, validation accuracy 94.6199951171875, best_prec 94.97999572753906
Epoch 87, l0 norm : 47102, l1 norm : 7582.442451477051
Epoch 87, min : 0.0, max : 0.9051913619041443
This epoch duration :308.168363571167
Epoch 87, val-method base, validation accuracy 94.75999450683594, best_prec 94.97999572753906
Epoch 88, l0 norm : 47102, l1 norm : 7587.641067504883
Epoch 88, min : 0.0, max : 0.904670774936676
This epoch duration :307.6861617565155
Epoch 88, val-method base, validation accuracy 94.68999481201172, best_prec 94.97999572753906
Epoch 89, l0 norm : 47102, l1 norm : 7592.458572387695
Epoch 89, min : 0.0, max : 0.9040073752403259
This epoch duration :308.70205187797546
Epoch 89, val-method base, validation accuracy 94.62999725341797, best_prec 94.97999572753906
Epoch 90, l0 norm : 47102, l1 norm : 7597.303024291992
Epoch 90, min : 0.0, max : 0.9037289619445801
This epoch duration :308.9997305870056
Epoch 90, val-method base, validation accuracy 94.65999603271484, best_prec 94.97999572753906
Epoch 91, l0 norm : 47102, l1 norm : 7602.081298828125
Epoch 91, min : 0.0, max : 0.903568685054779
This epoch duration :307.7643702030182
Epoch 91, val-method base, validation accuracy 94.75999450683594, best_prec 94.97999572753906
Epoch 92, l0 norm : 47102, l1 norm : 7606.601028442383
Epoch 92, min : 0.0, max : 0.9033570885658264
This epoch duration :308.2087171077728
Epoch 92, val-method base, validation accuracy 94.68999481201172, best_prec 94.97999572753906
Epoch 93, l0 norm : 47102, l1 norm : 7610.84334564209
Epoch 93, min : 0.0, max : 0.9032151103019714
This epoch duration :309.0316472053528
Epoch 93, val-method base, validation accuracy 94.65999603271484, best_prec 94.97999572753906
Epoch 94, l0 norm : 47102, l1 norm : 7615.030822753906
Epoch 94, min : 0.0, max : 0.9029601216316223
This epoch duration :308.0105228424072
Epoch 94, val-method base, validation accuracy 94.72999572753906, best_prec 94.97999572753906
Epoch 95, l0 norm : 47102, l1 norm : 7619.081848144531
Epoch 95, min : 0.0, max : 0.9025847315788269
This epoch duration :308.873628616333
Epoch 95, val-method base, validation accuracy 94.72999572753906, best_prec 94.97999572753906
Epoch 96, l0 norm : 47102, l1 norm : 7622.8038330078125
Epoch 96, min : 0.0, max : 0.9026098847389221
This epoch duration :308.6786892414093
Epoch 96, val-method base, validation accuracy 94.68000030517578, best_prec 94.97999572753906
Epoch 97, l0 norm : 47102, l1 norm : 7626.5306396484375
Epoch 97, min : 0.0, max : 0.9024790525436401
This epoch duration :304.837144613266
Epoch 97, val-method base, validation accuracy 94.70999908447266, best_prec 94.97999572753906
Epoch 98, l0 norm : 47102, l1 norm : 7630.062644958496
Epoch 98, min : 0.0, max : 0.9023156762123108
This epoch duration :265.7624092102051
Epoch 98, val-method base, validation accuracy 94.68999481201172, best_prec 94.97999572753906
Epoch 99, l0 norm : 47102, l1 norm : 7633.375289916992
Epoch 99, min : 0.0, max : 0.9020653367042542
This epoch duration :145.4192409515381
Epoch 99, val-method base, validation accuracy 94.72999572753906, best_prec 94.97999572753906
