Namespace(configs='configs/FASHION_MNIST/bip_corrected.yml', result_dir='./trained_models', exp_name='fm_bc_8', exp_mode='prune', arch='fmnist_model', num_classes=10, layer_type='unstructured', k=0.18904061003724065, lambd=0.0, alpha=1.0, fw_momentum=1.0, scaled_score_init=True, scale_rand_init=False, freeze_bn=False, source_net='trained_models/FMNIST_fmnist_model/pretrain/latest_exp/checkpoint/model_best.pth.tar', scores_init_type=None, dataset='FashionMNIST', batch_size=128, num_workers=2, test_batch_size=128, normalize=True, data_dir='./data', image_dim=32, trainer='bilevel_corrected', epochs=100, optimizer='sgd', wd=0.0001, mask_lr=0.1, lr=0.1, mask_lr_schedule='step', lr_schedule='cosine', momentum=0.9, warmup_epochs=0, warmup_lr=0.1, save_dense=False, evaluate=False, val_method='base', resume='', seed=1234, print_freq=100, lr2=0.0001, accelerate=False)
=> loading source model from 'trained_models/FMNIST_fmnist_model/pretrain/latest_exp/checkpoint/model_best.pth.tar'
=> loaded checkpoint 'trained_models/FMNIST_fmnist_model/pretrain/latest_exp/checkpoint/model_best.pth.tar'
This epoch duration :184.39114141464233
Epoch 0, val-method base, validation accuracy 88.75999450683594, best_prec 88.75999450683594
This epoch duration :212.1925868988037
Epoch 1, val-method base, validation accuracy 87.94999694824219, best_prec 88.75999450683594
This epoch duration :229.20702075958252
Epoch 2, val-method base, validation accuracy 88.8699951171875, best_prec 88.8699951171875
This epoch duration :228.44286131858826
Epoch 3, val-method base, validation accuracy 89.62999725341797, best_prec 89.62999725341797
This epoch duration :229.58078479766846
Epoch 4, val-method base, validation accuracy 89.22999572753906, best_prec 89.62999725341797
This epoch duration :229.42674112319946
Epoch 5, val-method base, validation accuracy 89.07999420166016, best_prec 89.62999725341797
This epoch duration :229.83154845237732
Epoch 6, val-method base, validation accuracy 89.90999603271484, best_prec 89.90999603271484
This epoch duration :230.84865522384644
Epoch 7, val-method base, validation accuracy 89.88999938964844, best_prec 89.90999603271484
This epoch duration :227.46845030784607
Epoch 8, val-method base, validation accuracy 89.2699966430664, best_prec 89.90999603271484
This epoch duration :229.5187542438507
Epoch 9, val-method base, validation accuracy 89.33999633789062, best_prec 89.90999603271484
This epoch duration :231.7229871749878
Epoch 10, val-method base, validation accuracy 89.48999786376953, best_prec 89.90999603271484
This epoch duration :226.8361358642578
Epoch 11, val-method base, validation accuracy 89.23999786376953, best_prec 89.90999603271484
This epoch duration :227.8921344280243
Epoch 12, val-method base, validation accuracy 89.07999420166016, best_prec 89.90999603271484
This epoch duration :226.51809525489807
Epoch 13, val-method base, validation accuracy 88.9000015258789, best_prec 89.90999603271484
This epoch duration :227.47185969352722
Epoch 14, val-method base, validation accuracy 89.50999450683594, best_prec 89.90999603271484
This epoch duration :229.16419553756714
Epoch 15, val-method base, validation accuracy 89.63999938964844, best_prec 89.90999603271484
This epoch duration :228.2083830833435
Epoch 16, val-method base, validation accuracy 89.75999450683594, best_prec 89.90999603271484
This epoch duration :228.44865012168884
Epoch 17, val-method base, validation accuracy 88.94999694824219, best_prec 89.90999603271484
This epoch duration :231.03609895706177
Epoch 18, val-method base, validation accuracy 88.97999572753906, best_prec 89.90999603271484
This epoch duration :229.3131775856018
Epoch 19, val-method base, validation accuracy 89.40999603271484, best_prec 89.90999603271484
This epoch duration :229.94752192497253
Epoch 20, val-method base, validation accuracy 90.30999755859375, best_prec 90.30999755859375
This epoch duration :227.4087188243866
Epoch 21, val-method base, validation accuracy 89.18999481201172, best_prec 90.30999755859375
This epoch duration :228.13108611106873
Epoch 22, val-method base, validation accuracy 89.29000091552734, best_prec 90.30999755859375
This epoch duration :228.46637058258057
Epoch 23, val-method base, validation accuracy 89.3699951171875, best_prec 90.30999755859375
This epoch duration :226.9482901096344
Epoch 24, val-method base, validation accuracy 89.29999542236328, best_prec 90.30999755859375
This epoch duration :228.47013306617737
Epoch 25, val-method base, validation accuracy 89.56999969482422, best_prec 90.30999755859375
This epoch duration :225.21155667304993
Epoch 26, val-method base, validation accuracy 88.6500015258789, best_prec 90.30999755859375
This epoch duration :229.30699133872986
Epoch 27, val-method base, validation accuracy 88.8499984741211, best_prec 90.30999755859375
This epoch duration :229.45541620254517
Epoch 28, val-method base, validation accuracy 89.0999984741211, best_prec 90.30999755859375
This epoch duration :226.84519147872925
Epoch 29, val-method base, validation accuracy 89.11000061035156, best_prec 90.30999755859375
This epoch duration :229.55699801445007
Epoch 30, val-method base, validation accuracy 89.43999481201172, best_prec 90.30999755859375
This epoch duration :229.98724842071533
Epoch 31, val-method base, validation accuracy 88.94999694824219, best_prec 90.30999755859375
This epoch duration :230.49619698524475
Epoch 32, val-method base, validation accuracy 89.69999694824219, best_prec 90.30999755859375
This epoch duration :230.188218832016
Epoch 33, val-method base, validation accuracy 88.97999572753906, best_prec 90.30999755859375
This epoch duration :228.18537664413452
Epoch 34, val-method base, validation accuracy 90.0999984741211, best_prec 90.30999755859375
This epoch duration :230.37619256973267
Epoch 35, val-method base, validation accuracy 89.73999786376953, best_prec 90.30999755859375
This epoch duration :229.156320810318
Epoch 36, val-method base, validation accuracy 89.98999786376953, best_prec 90.30999755859375
This epoch duration :227.02954244613647
Epoch 37, val-method base, validation accuracy 90.19999694824219, best_prec 90.30999755859375
This epoch duration :229.73145198822021
Epoch 38, val-method base, validation accuracy 89.91999816894531, best_prec 90.30999755859375
This epoch duration :226.6813895702362
Epoch 39, val-method base, validation accuracy 89.87999725341797, best_prec 90.30999755859375
This epoch duration :230.6927056312561
Epoch 40, val-method base, validation accuracy 89.19999694824219, best_prec 90.30999755859375
This epoch duration :229.69980192184448
Epoch 41, val-method base, validation accuracy 89.5999984741211, best_prec 90.30999755859375
This epoch duration :228.80303955078125
Epoch 42, val-method base, validation accuracy 89.88999938964844, best_prec 90.30999755859375
This epoch duration :230.85813856124878
Epoch 43, val-method base, validation accuracy 88.93000030517578, best_prec 90.30999755859375
This epoch duration :230.79301738739014
Epoch 44, val-method base, validation accuracy 89.62999725341797, best_prec 90.30999755859375
This epoch duration :230.2351520061493
Epoch 45, val-method base, validation accuracy 90.0, best_prec 90.30999755859375
This epoch duration :230.29454135894775
Epoch 46, val-method base, validation accuracy 90.1199951171875, best_prec 90.30999755859375
This epoch duration :229.36575436592102
Epoch 47, val-method base, validation accuracy 88.80999755859375, best_prec 90.30999755859375
This epoch duration :230.38510465621948
Epoch 48, val-method base, validation accuracy 89.56999969482422, best_prec 90.30999755859375
This epoch duration :225.96995377540588
Epoch 49, val-method base, validation accuracy 88.61000061035156, best_prec 90.30999755859375
This epoch duration :227.7650101184845
Epoch 50, val-method base, validation accuracy 91.14999389648438, best_prec 91.14999389648438
This epoch duration :228.29393768310547
Epoch 51, val-method base, validation accuracy 91.18999481201172, best_prec 91.18999481201172
This epoch duration :227.725337266922
Epoch 52, val-method base, validation accuracy 91.0199966430664, best_prec 91.18999481201172
This epoch duration :229.78222608566284
Epoch 53, val-method base, validation accuracy 91.18999481201172, best_prec 91.18999481201172
This epoch duration :229.0493381023407
Epoch 54, val-method base, validation accuracy 91.23999786376953, best_prec 91.23999786376953
This epoch duration :230.25045776367188
Epoch 55, val-method base, validation accuracy 91.40999603271484, best_prec 91.40999603271484
This epoch duration :232.353901386261
Epoch 56, val-method base, validation accuracy 91.22999572753906, best_prec 91.40999603271484
This epoch duration :230.71529459953308
Epoch 57, val-method base, validation accuracy 91.30999755859375, best_prec 91.40999603271484
This epoch duration :231.1363024711609
Epoch 58, val-method base, validation accuracy 91.13999938964844, best_prec 91.40999603271484
This epoch duration :230.11564230918884
Epoch 59, val-method base, validation accuracy 91.3499984741211, best_prec 91.40999603271484
This epoch duration :230.1564426422119
Epoch 60, val-method base, validation accuracy 91.25999450683594, best_prec 91.40999603271484
This epoch duration :229.76211547851562
Epoch 61, val-method base, validation accuracy 91.47000122070312, best_prec 91.47000122070312
This epoch duration :215.20803022384644
Epoch 62, val-method base, validation accuracy 91.43000030517578, best_prec 91.47000122070312
This epoch duration :209.3972930908203
Epoch 63, val-method base, validation accuracy 91.2699966430664, best_prec 91.47000122070312
This epoch duration :205.88987255096436
Epoch 64, val-method base, validation accuracy 91.3499984741211, best_prec 91.47000122070312
This epoch duration :211.97095561027527
Epoch 65, val-method base, validation accuracy 91.32999420166016, best_prec 91.47000122070312
This epoch duration :210.44307351112366
Epoch 66, val-method base, validation accuracy 91.63999938964844, best_prec 91.63999938964844
This epoch duration :207.47429490089417
Epoch 67, val-method base, validation accuracy 91.40999603271484, best_prec 91.63999938964844
This epoch duration :207.97966694831848
Epoch 68, val-method base, validation accuracy 91.3699951171875, best_prec 91.63999938964844
This epoch duration :209.68377375602722
Epoch 69, val-method base, validation accuracy 91.56999969482422, best_prec 91.63999938964844
This epoch duration :209.66400170326233
Epoch 70, val-method base, validation accuracy 91.39999389648438, best_prec 91.63999938964844
This epoch duration :209.40164399147034
Epoch 71, val-method base, validation accuracy 91.48999786376953, best_prec 91.63999938964844
This epoch duration :199.40326571464539
Epoch 72, val-method base, validation accuracy 91.38999938964844, best_prec 91.63999938964844
This epoch duration :189.14692163467407
Epoch 73, val-method base, validation accuracy 91.54999542236328, best_prec 91.63999938964844
This epoch duration :186.67181539535522
Epoch 74, val-method base, validation accuracy 91.5, best_prec 91.63999938964844
This epoch duration :186.85028553009033
Epoch 75, val-method base, validation accuracy 91.5, best_prec 91.63999938964844
This epoch duration :187.1471221446991
Epoch 76, val-method base, validation accuracy 91.47000122070312, best_prec 91.63999938964844
This epoch duration :186.64317440986633
Epoch 77, val-method base, validation accuracy 91.5, best_prec 91.63999938964844
This epoch duration :190.25653314590454
Epoch 78, val-method base, validation accuracy 91.54999542236328, best_prec 91.63999938964844
This epoch duration :189.12295722961426
Epoch 79, val-method base, validation accuracy 91.5, best_prec 91.63999938964844
This epoch duration :179.97544503211975
Epoch 80, val-method base, validation accuracy 91.5199966430664, best_prec 91.63999938964844
This epoch duration :167.94461035728455
Epoch 81, val-method base, validation accuracy 91.47999572753906, best_prec 91.63999938964844
This epoch duration :167.0186631679535
Epoch 82, val-method base, validation accuracy 91.50999450683594, best_prec 91.63999938964844
This epoch duration :167.04671549797058
Epoch 83, val-method base, validation accuracy 91.52999877929688, best_prec 91.63999938964844
This epoch duration :167.74778842926025
Epoch 84, val-method base, validation accuracy 91.5, best_prec 91.63999938964844
This epoch duration :167.52663588523865
Epoch 85, val-method base, validation accuracy 91.47999572753906, best_prec 91.63999938964844
This epoch duration :169.20274782180786
Epoch 86, val-method base, validation accuracy 91.50999450683594, best_prec 91.63999938964844
This epoch duration :165.13277983665466
Epoch 87, val-method base, validation accuracy 91.47999572753906, best_prec 91.63999938964844
This epoch duration :164.10275268554688
Epoch 88, val-method base, validation accuracy 91.43999481201172, best_prec 91.63999938964844
This epoch duration :164.48942637443542
Epoch 89, val-method base, validation accuracy 91.43999481201172, best_prec 91.63999938964844
This epoch duration :167.3967661857605
Epoch 90, val-method base, validation accuracy 91.45999908447266, best_prec 91.63999938964844
This epoch duration :166.1427619457245
Epoch 91, val-method base, validation accuracy 91.47000122070312, best_prec 91.63999938964844
This epoch duration :167.24111485481262
Epoch 92, val-method base, validation accuracy 91.47999572753906, best_prec 91.63999938964844
This epoch duration :168.79778504371643
Epoch 93, val-method base, validation accuracy 91.5, best_prec 91.63999938964844
This epoch duration :168.0017957687378
Epoch 94, val-method base, validation accuracy 91.40999603271484, best_prec 91.63999938964844
This epoch duration :167.60854983329773
Epoch 95, val-method base, validation accuracy 91.40999603271484, best_prec 91.63999938964844
This epoch duration :166.03121995925903
Epoch 96, val-method base, validation accuracy 91.43999481201172, best_prec 91.63999938964844
This epoch duration :167.58102679252625
Epoch 97, val-method base, validation accuracy 91.39999389648438, best_prec 91.63999938964844
This epoch duration :161.76374197006226
Epoch 98, val-method base, validation accuracy 91.39999389648438, best_prec 91.63999938964844
This epoch duration :152.4162368774414
Epoch 99, val-method base, validation accuracy 91.41999816894531, best_prec 91.63999938964844
