Namespace(configs='configs/CIFAR10/pen_bip_1.yml', result_dir='./trained_models', exp_name='RC_pb1_m_24', exp_mode='prune', arch='resnet18', num_classes=10, layer_type='unstructured', k=None, lambd=0.99999995, alpha=1.0, fw_momentum=0.9, scaled_score_init=True, scale_rand_init=False, freeze_bn=False, source_net='trained_models/CIFAR10_resnet18_Pretrain/pretrain/latest_exp/checkpoint/model_best.pth.tar', scores_init_type=None, dataset='CIFAR10', batch_size=128, num_workers=2, test_batch_size=128, normalize=True, data_dir='./data', image_dim=32, trainer='penalized_bilevel_1', epochs=100, optimizer='sgd', wd=0.0001, mask_lr=0.1, lr=0.1, mask_lr_schedule='step', lr_schedule='cosine', momentum=0.9, warmup_epochs=0, warmup_lr=0.1, save_dense=False, evaluate=False, val_method='base', resume='', seed=1234, print_freq=100, lr2=0.0001, accelerate=False)
=> loading source model from 'trained_models/CIFAR10_resnet18_Pretrain/pretrain/latest_exp/checkpoint/model_best.pth.tar'
=> loaded checkpoint 'trained_models/CIFAR10_resnet18_Pretrain/pretrain/latest_exp/checkpoint/model_best.pth.tar'
Epoch 0, l0 norm : 7598823, l1 norm : 2145711.5618286133
Epoch 0, min : 0.0, max : 0.7360378503799438
This epoch duration :1087.3794016838074
Epoch 0, val-method base, validation accuracy 73.86000061035156, best_prec 73.86000061035156
Epoch 1, l0 norm : 7602274, l1 norm : 2168331.7326660156
Epoch 1, min : 0.0, max : 0.7652513384819031
This epoch duration :1115.685123205185
Epoch 1, val-method base, validation accuracy 82.08999633789062, best_prec 82.08999633789062
Epoch 2, l0 norm : 7603402, l1 norm : 2172413.910675049
Epoch 2, min : 0.0, max : 0.77552729845047
This epoch duration :1112.9160649776459
Epoch 2, val-method base, validation accuracy 85.87999725341797, best_prec 85.87999725341797
Epoch 3, l0 norm : 7604088, l1 norm : 2174698.313018799
Epoch 3, min : 0.0, max : 0.7486007809638977
This epoch duration :1114.0905225276947
Epoch 3, val-method base, validation accuracy 82.22999572753906, best_prec 85.87999725341797
Epoch 4, l0 norm : 7604482, l1 norm : 2175446.005065918
Epoch 4, min : 0.0, max : 0.7626489996910095
This epoch duration :1114.9046585559845
Epoch 4, val-method base, validation accuracy 88.73999786376953, best_prec 88.73999786376953
Epoch 5, l0 norm : 7604741, l1 norm : 2175748.552154541
Epoch 5, min : 0.0, max : 0.7776355743408203
This epoch duration :1115.6250402927399
Epoch 5, val-method base, validation accuracy 88.79000091552734, best_prec 88.79000091552734
Epoch 6, l0 norm : 7604904, l1 norm : 2175592.163635254
Epoch 6, min : 0.0, max : 0.791892945766449
This epoch duration :1115.4947865009308
Epoch 6, val-method base, validation accuracy 88.6199951171875, best_prec 88.79000091552734
Epoch 7, l0 norm : 7605070, l1 norm : 2174410.7354125977
Epoch 7, min : 0.0, max : 0.7673903703689575
This epoch duration :1115.4809336662292
Epoch 7, val-method base, validation accuracy 90.3499984741211, best_prec 90.3499984741211
Epoch 8, l0 norm : 7605188, l1 norm : 2173753.1079101562
Epoch 8, min : 0.0, max : 0.7522412538528442
This epoch duration :1114.6674122810364
Epoch 8, val-method base, validation accuracy 90.31999969482422, best_prec 90.3499984741211
Epoch 9, l0 norm : 7605269, l1 norm : 2173281.987976074
Epoch 9, min : 0.0, max : 0.7535239458084106
This epoch duration :1115.4897291660309
Epoch 9, val-method base, validation accuracy 90.63999938964844, best_prec 90.63999938964844
Epoch 10, l0 norm : 7605332, l1 norm : 2172619.074645996
Epoch 10, min : 0.0, max : 0.7403771281242371
This epoch duration :1115.857295036316
Epoch 10, val-method base, validation accuracy 90.38999938964844, best_prec 90.63999938964844
Epoch 11, l0 norm : 7605423, l1 norm : 2171928.4940185547
Epoch 11, min : 0.0, max : 0.7409287691116333
This epoch duration :1115.651914358139
Epoch 11, val-method base, validation accuracy 90.50999450683594, best_prec 90.63999938964844
Epoch 12, l0 norm : 7605482, l1 norm : 2171462.5551757812
Epoch 12, min : 0.0, max : 0.7338382601737976
This epoch duration :1115.421445608139
Epoch 12, val-method base, validation accuracy 91.44999694824219, best_prec 91.44999694824219
Epoch 13, l0 norm : 7605525, l1 norm : 2170709.1732788086
Epoch 13, min : 0.0, max : 0.736693799495697
This epoch duration :1115.2400631904602
Epoch 13, val-method base, validation accuracy 90.81999969482422, best_prec 91.44999694824219
Epoch 14, l0 norm : 7605558, l1 norm : 2170080.637084961
Epoch 14, min : 0.0, max : 0.7384159564971924
This epoch duration :1115.9469349384308
Epoch 14, val-method base, validation accuracy 90.69999694824219, best_prec 91.44999694824219
Epoch 15, l0 norm : 7605602, l1 norm : 2169288.6663513184
Epoch 15, min : 0.0, max : 0.738740086555481
This epoch duration :1116.770013332367
Epoch 15, val-method base, validation accuracy 91.5999984741211, best_prec 91.5999984741211
Epoch 16, l0 norm : 7605629, l1 norm : 2168447.4182128906
Epoch 16, min : 0.0, max : 0.7396746873855591
This epoch duration :1115.688200712204
Epoch 16, val-method base, validation accuracy 91.12999725341797, best_prec 91.5999984741211
Epoch 17, l0 norm : 7605649, l1 norm : 2167917.402557373
Epoch 17, min : 0.0, max : 0.7302960753440857
This epoch duration :1116.2299766540527
Epoch 17, val-method base, validation accuracy 90.38999938964844, best_prec 91.5999984741211
Epoch 18, l0 norm : 7605656, l1 norm : 2167167.4950561523
Epoch 18, min : 0.0, max : 0.7356885075569153
This epoch duration :1114.7669324874878
Epoch 18, val-method base, validation accuracy 91.6199951171875, best_prec 91.6199951171875
Epoch 19, l0 norm : 7605677, l1 norm : 2166945.3689575195
Epoch 19, min : 0.0, max : 0.737546443939209
This epoch duration :1115.7237706184387
Epoch 19, val-method base, validation accuracy 91.7699966430664, best_prec 91.7699966430664
Epoch 20, l0 norm : 7605691, l1 norm : 2166358.7016601562
Epoch 20, min : 0.0, max : 0.7402948141098022
This epoch duration :1115.6892025470734
Epoch 20, val-method base, validation accuracy 91.55999755859375, best_prec 91.7699966430664
Epoch 21, l0 norm : 7605706, l1 norm : 2165853.277038574
Epoch 21, min : 0.0, max : 0.7411304116249084
This epoch duration :1116.2185776233673
Epoch 21, val-method base, validation accuracy 92.1199951171875, best_prec 92.1199951171875
Epoch 22, l0 norm : 7605714, l1 norm : 2165285.771911621
Epoch 22, min : 0.0, max : 0.7378715872764587
This epoch duration :1115.4541532993317
Epoch 22, val-method base, validation accuracy 91.22999572753906, best_prec 92.1199951171875
Epoch 23, l0 norm : 7605728, l1 norm : 2164833.894958496
Epoch 23, min : 0.0, max : 0.7346653938293457
This epoch duration :1115.759549856186
Epoch 23, val-method base, validation accuracy 91.04999542236328, best_prec 92.1199951171875
Epoch 24, l0 norm : 7605738, l1 norm : 2164383.769317627
Epoch 24, min : 0.0, max : 0.7356014251708984
This epoch duration :1115.5275530815125
Epoch 24, val-method base, validation accuracy 92.04000091552734, best_prec 92.1199951171875
Epoch 25, l0 norm : 7605741, l1 norm : 2163453.678894043
Epoch 25, min : 0.0, max : 0.7333585023880005
This epoch duration :1116.2130756378174
Epoch 25, val-method base, validation accuracy 91.04999542236328, best_prec 92.1199951171875
Epoch 26, l0 norm : 7605743, l1 norm : 2163100.5512390137
Epoch 26, min : 0.0, max : 0.7350837588310242
This epoch duration :1116.1756999492645
Epoch 26, val-method base, validation accuracy 91.68000030517578, best_prec 92.1199951171875
Epoch 27, l0 norm : 7605747, l1 norm : 2162701.171569824
Epoch 27, min : 0.0, max : 0.7351879477500916
This epoch duration :1115.8547639846802
Epoch 27, val-method base, validation accuracy 91.94999694824219, best_prec 92.1199951171875
Epoch 28, l0 norm : 7605751, l1 norm : 2161981.3260803223
Epoch 28, min : 0.0, max : 0.7306103706359863
This epoch duration :1116.3823652267456
Epoch 28, val-method base, validation accuracy 92.55999755859375, best_prec 92.55999755859375
Epoch 29, l0 norm : 7605754, l1 norm : 2161525.469482422
Epoch 29, min : 0.0, max : 0.7266525626182556
This epoch duration :1115.4949975013733
Epoch 29, val-method base, validation accuracy 91.75, best_prec 92.55999755859375
Epoch 30, l0 norm : 7605765, l1 norm : 2160774.234008789
Epoch 30, min : 0.0, max : 0.7256144881248474
This epoch duration :1115.970062494278
Epoch 30, val-method base, validation accuracy 92.00999450683594, best_prec 92.55999755859375
Epoch 31, l0 norm : 7605771, l1 norm : 2160147.7727661133
Epoch 31, min : 0.0, max : 0.7241950631141663
This epoch duration :1115.7254328727722
Epoch 31, val-method base, validation accuracy 92.08999633789062, best_prec 92.55999755859375
Epoch 32, l0 norm : 7605775, l1 norm : 2159522.4267578125
Epoch 32, min : 0.0, max : 0.7221848368644714
This epoch duration :1116.1689026355743
Epoch 32, val-method base, validation accuracy 92.08999633789062, best_prec 92.55999755859375
Epoch 33, l0 norm : 7605781, l1 norm : 2158635.5925598145
Epoch 33, min : 0.0, max : 0.7257013916969299
This epoch duration :1115.4228343963623
Epoch 33, val-method base, validation accuracy 92.25, best_prec 92.55999755859375
Epoch 34, l0 norm : 7605787, l1 norm : 2157972.030395508
Epoch 34, min : 0.0, max : 0.7255979180335999
This epoch duration :1116.0684883594513
Epoch 34, val-method base, validation accuracy 91.83999633789062, best_prec 92.55999755859375
Epoch 35, l0 norm : 7605788, l1 norm : 2157453.4995422363
Epoch 35, min : 0.0, max : 0.7260515689849854
This epoch duration :1116.2465147972107
Epoch 35, val-method base, validation accuracy 91.90999603271484, best_prec 92.55999755859375
Epoch 36, l0 norm : 7605790, l1 norm : 2156836.982269287
Epoch 36, min : 0.0, max : 0.7274313569068909
This epoch duration :1115.7135503292084
Epoch 36, val-method base, validation accuracy 92.48999786376953, best_prec 92.55999755859375
Epoch 37, l0 norm : 7605795, l1 norm : 2156059.2135620117
Epoch 37, min : 0.0, max : 0.7272648811340332
This epoch duration :1116.216108083725
Epoch 37, val-method base, validation accuracy 92.40999603271484, best_prec 92.55999755859375
Epoch 38, l0 norm : 7605796, l1 norm : 2155178.2470092773
Epoch 38, min : 0.0, max : 0.7287687659263611
This epoch duration :1115.9283368587494
Epoch 38, val-method base, validation accuracy 91.5199966430664, best_prec 92.55999755859375
Epoch 39, l0 norm : 7605797, l1 norm : 2154541.6617126465
Epoch 39, min : 0.0, max : 0.7283867001533508
This epoch duration :1115.7025225162506
Epoch 39, val-method base, validation accuracy 91.8699951171875, best_prec 92.55999755859375
Epoch 40, l0 norm : 7605798, l1 norm : 2153647.642944336
Epoch 40, min : 0.0, max : 0.7280403971672058
This epoch duration :1116.008365869522
Epoch 40, val-method base, validation accuracy 92.56999969482422, best_prec 92.56999969482422
Epoch 41, l0 norm : 7605801, l1 norm : 2152701.5357666016
Epoch 41, min : 0.0, max : 0.7269904017448425
This epoch duration :1115.922069311142
Epoch 41, val-method base, validation accuracy 92.50999450683594, best_prec 92.56999969482422
Epoch 42, l0 norm : 7605802, l1 norm : 2151658.4603271484
Epoch 42, min : 0.0, max : 0.7281332612037659
This epoch duration :1115.9972622394562
Epoch 42, val-method base, validation accuracy 92.29000091552734, best_prec 92.56999969482422
Epoch 43, l0 norm : 7605802, l1 norm : 2150528.656616211
Epoch 43, min : 0.0, max : 0.729313313961029
This epoch duration :1116.289665222168
Epoch 43, val-method base, validation accuracy 92.66999816894531, best_prec 92.66999816894531
Epoch 44, l0 norm : 7605803, l1 norm : 2149342.4669799805
Epoch 44, min : 0.0, max : 0.7266094088554382
This epoch duration :1116.012758731842
Epoch 44, val-method base, validation accuracy 92.77999877929688, best_prec 92.77999877929688
Epoch 45, l0 norm : 7605803, l1 norm : 2148044.4496154785
Epoch 45, min : 0.0, max : 0.7293434143066406
This epoch duration :1116.2145397663116
Epoch 45, val-method base, validation accuracy 92.05999755859375, best_prec 92.77999877929688
Epoch 46, l0 norm : 7605803, l1 norm : 2147029.643737793
Epoch 46, min : 0.0, max : 0.7307131290435791
This epoch duration :1115.5685517787933
Epoch 46, val-method base, validation accuracy 92.48999786376953, best_prec 92.77999877929688
Epoch 47, l0 norm : 7605806, l1 norm : 2145926.25390625
Epoch 47, min : 0.0, max : 0.73085618019104
This epoch duration :1116.412104845047
Epoch 47, val-method base, validation accuracy 92.93999481201172, best_prec 92.93999481201172
Epoch 48, l0 norm : 7605806, l1 norm : 2144552.1092834473
Epoch 48, min : 0.0, max : 0.734602153301239
This epoch duration :1115.8624744415283
Epoch 48, val-method base, validation accuracy 93.20999908447266, best_prec 93.20999908447266
Epoch 49, l0 norm : 7605806, l1 norm : 2142590.7151794434
Epoch 49, min : 0.0, max : 0.7371079921722412
This epoch duration :1116.1971867084503
Epoch 49, val-method base, validation accuracy 92.72999572753906, best_prec 93.20999908447266
Epoch 50, l0 norm : 7605807, l1 norm : 2140886.4596557617
Epoch 50, min : 0.0, max : 0.7380732893943787
This epoch duration :1115.659854888916
Epoch 50, val-method base, validation accuracy 93.31999969482422, best_prec 93.31999969482422
Epoch 51, l0 norm : 7605810, l1 norm : 2139257.4212646484
Epoch 51, min : 0.0, max : 0.7397689819335938
This epoch duration :1116.8059163093567
Epoch 51, val-method base, validation accuracy 93.11000061035156, best_prec 93.31999969482422
Epoch 52, l0 norm : 7605812, l1 norm : 2137538.3596191406
Epoch 52, min : 0.0, max : 0.7402132749557495
This epoch duration :1116.3053858280182
Epoch 52, val-method base, validation accuracy 93.54000091552734, best_prec 93.54000091552734
Epoch 53, l0 norm : 7605815, l1 norm : 2135543.52532959
Epoch 53, min : 0.0, max : 0.7413091659545898
This epoch duration :1116.3153340816498
Epoch 53, val-method base, validation accuracy 92.72999572753906, best_prec 93.54000091552734
Epoch 54, l0 norm : 7605817, l1 norm : 2134111.924194336
Epoch 54, min : 0.0, max : 0.7433533668518066
This epoch duration :1115.6227560043335
Epoch 54, val-method base, validation accuracy 93.45999908447266, best_prec 93.54000091552734
Epoch 55, l0 norm : 7605818, l1 norm : 2132128.15045166
Epoch 55, min : 0.0, max : 0.7442919015884399
This epoch duration :1115.8081595897675
Epoch 55, val-method base, validation accuracy 93.11000061035156, best_prec 93.54000091552734
Epoch 56, l0 norm : 7605818, l1 norm : 2129857.167236328
Epoch 56, min : 0.0, max : 0.7451814413070679
This epoch duration :1116.2019956111908
Epoch 56, val-method base, validation accuracy 93.04999542236328, best_prec 93.54000091552734
Epoch 57, l0 norm : 7605818, l1 norm : 2127249.6646118164
Epoch 57, min : 0.0, max : 0.7426159977912903
This epoch duration :1115.493797302246
Epoch 57, val-method base, validation accuracy 93.25, best_prec 93.54000091552734
Epoch 58, l0 norm : 7605819, l1 norm : 2124439.509338379
Epoch 58, min : 0.0, max : 0.7421548366546631
This epoch duration :1115.829535484314
Epoch 58, val-method base, validation accuracy 93.31999969482422, best_prec 93.54000091552734
Epoch 59, l0 norm : 7605819, l1 norm : 2121218.1208496094
Epoch 59, min : 0.0, max : 0.7400301694869995
This epoch duration :1115.8656086921692
Epoch 59, val-method base, validation accuracy 93.61000061035156, best_prec 93.61000061035156
Epoch 60, l0 norm : 7605821, l1 norm : 2117404.721801758
Epoch 60, min : 0.0, max : 0.7403445839881897
This epoch duration :1115.7024312019348
Epoch 60, val-method base, validation accuracy 93.50999450683594, best_prec 93.61000061035156
Epoch 61, l0 norm : 7605821, l1 norm : 2113097.9996032715
Epoch 61, min : 0.0, max : 0.7405627965927124
This epoch duration :1116.569816827774
Epoch 61, val-method base, validation accuracy 93.63999938964844, best_prec 93.63999938964844
Epoch 62, l0 norm : 7605821, l1 norm : 2109046.84564209
Epoch 62, min : 0.0, max : 0.741542398929596
This epoch duration :1118.7643496990204
Epoch 62, val-method base, validation accuracy 93.69999694824219, best_prec 93.69999694824219
Epoch 63, l0 norm : 7605821, l1 norm : 2105182.595123291
Epoch 63, min : 0.0, max : 0.7422323226928711
This epoch duration :1133.2811133861542
Epoch 63, val-method base, validation accuracy 93.8699951171875, best_prec 93.8699951171875
Epoch 64, l0 norm : 7605823, l1 norm : 2100990.1486206055
Epoch 64, min : 0.0, max : 0.7444315552711487
This epoch duration :1124.635828256607
Epoch 64, val-method base, validation accuracy 93.79000091552734, best_prec 93.8699951171875
Epoch 65, l0 norm : 7605823, l1 norm : 2095652.2226257324
Epoch 65, min : 0.0, max : 0.7471930384635925
This epoch duration :1118.2394461631775
Epoch 65, val-method base, validation accuracy 93.80999755859375, best_prec 93.8699951171875
Epoch 66, l0 norm : 7605823, l1 norm : 2089439.9777832031
Epoch 66, min : 0.0, max : 0.7481658458709717
This epoch duration :1116.5612313747406
Epoch 66, val-method base, validation accuracy 94.11000061035156, best_prec 94.11000061035156
Epoch 67, l0 norm : 7605823, l1 norm : 2083677.0341186523
Epoch 67, min : 0.0, max : 0.7487956881523132
This epoch duration :1116.2597274780273
Epoch 67, val-method base, validation accuracy 94.19999694824219, best_prec 94.19999694824219
Epoch 68, l0 norm : 7605824, l1 norm : 2076214.0001220703
Epoch 68, min : 0.0, max : 0.7511078119277954
This epoch duration :1116.1535623073578
Epoch 68, val-method base, validation accuracy 94.23999786376953, best_prec 94.23999786376953
Epoch 69, l0 norm : 7605825, l1 norm : 2068470.8328857422
Epoch 69, min : 0.0, max : 0.7531654834747314
This epoch duration :1115.7120923995972
Epoch 69, val-method base, validation accuracy 94.5199966430664, best_prec 94.5199966430664
Epoch 70, l0 norm : 7605825, l1 norm : 2058386.5479125977
Epoch 70, min : 0.0, max : 0.7544127702713013
This epoch duration :1115.607370376587
Epoch 70, val-method base, validation accuracy 94.18999481201172, best_prec 94.5199966430664
Epoch 71, l0 norm : 7605826, l1 norm : 2047725.1754760742
Epoch 71, min : 0.0, max : 0.7569552659988403
This epoch duration :1116.2242393493652
Epoch 71, val-method base, validation accuracy 94.45999908447266, best_prec 94.5199966430664
Epoch 72, l0 norm : 7605826, l1 norm : 2036183.6177368164
Epoch 72, min : 0.0, max : 0.7591841220855713
This epoch duration :1115.5758538246155
Epoch 72, val-method base, validation accuracy 94.40999603271484, best_prec 94.5199966430664
Epoch 73, l0 norm : 7605826, l1 norm : 2024862.9703674316
Epoch 73, min : 0.0, max : 0.7622515559196472
This epoch duration :1116.3227751255035
Epoch 73, val-method base, validation accuracy 94.7699966430664, best_prec 94.7699966430664
Epoch 74, l0 norm : 7605826, l1 norm : 2013180.6373291016
Epoch 74, min : 0.0, max : 0.7638121843338013
This epoch duration :1116.106273651123
Epoch 74, val-method base, validation accuracy 94.61000061035156, best_prec 94.7699966430664
Epoch 75, l0 norm : 7605826, l1 norm : 2000971.2375183105
Epoch 75, min : 0.0, max : 0.7669560313224792
This epoch duration :1114.9024500846863
Epoch 75, val-method base, validation accuracy 94.82999420166016, best_prec 94.82999420166016
Epoch 76, l0 norm : 7605826, l1 norm : 1986720.2825317383
Epoch 76, min : 0.0, max : 0.7693464159965515
This epoch duration :1115.8038976192474
Epoch 76, val-method base, validation accuracy 94.81999969482422, best_prec 94.82999420166016
Epoch 77, l0 norm : 7605826, l1 norm : 1974050.8566894531
Epoch 77, min : 0.0, max : 0.771446943283081
This epoch duration :1116.4843575954437
Epoch 77, val-method base, validation accuracy 94.7699966430664, best_prec 94.82999420166016
Epoch 78, l0 norm : 7605826, l1 norm : 1960391.1119384766
Epoch 78, min : 0.0, max : 0.7748797535896301
This epoch duration :1117.1735906600952
Epoch 78, val-method base, validation accuracy 94.90999603271484, best_prec 94.90999603271484
Epoch 79, l0 norm : 7605826, l1 norm : 1947916.6497192383
Epoch 79, min : 0.0, max : 0.7776446342468262
This epoch duration :1116.1589868068695
Epoch 79, val-method base, validation accuracy 95.04000091552734, best_prec 95.04000091552734
Epoch 80, l0 norm : 7605826, l1 norm : 1933150.6770019531
Epoch 80, min : 0.0, max : 0.7813448309898376
This epoch duration :1115.8870162963867
Epoch 80, val-method base, validation accuracy 94.97000122070312, best_prec 95.04000091552734
Epoch 81, l0 norm : 7605826, l1 norm : 1919269.370666504
Epoch 81, min : 0.0, max : 0.7853423357009888
This epoch duration :1116.366630077362
Epoch 81, val-method base, validation accuracy 95.1199951171875, best_prec 95.1199951171875
Epoch 82, l0 norm : 7605826, l1 norm : 1904832.3859863281
Epoch 82, min : 0.0, max : 0.7886446714401245
This epoch duration :1115.0815637111664
Epoch 82, val-method base, validation accuracy 95.02999877929688, best_prec 95.1199951171875
Epoch 83, l0 norm : 7605826, l1 norm : 1890711.0691833496
Epoch 83, min : 0.0, max : 0.7910447120666504
This epoch duration :1115.3719670772552
Epoch 83, val-method base, validation accuracy 95.00999450683594, best_prec 95.1199951171875
Epoch 84, l0 norm : 7605826, l1 norm : 1876232.5891723633
Epoch 84, min : 0.0, max : 0.7940776944160461
This epoch duration :1116.8048985004425
Epoch 84, val-method base, validation accuracy 95.07999420166016, best_prec 95.1199951171875
Epoch 85, l0 norm : 7605826, l1 norm : 1861111.0127563477
Epoch 85, min : 0.0, max : 0.7965908050537109
This epoch duration :1117.6941502094269
Epoch 85, val-method base, validation accuracy 95.12999725341797, best_prec 95.12999725341797
Epoch 86, l0 norm : 7605826, l1 norm : 1846136.6857299805
Epoch 86, min : 0.0, max : 0.7993125319480896
This epoch duration :1115.9993920326233
Epoch 86, val-method base, validation accuracy 95.22000122070312, best_prec 95.22000122070312
Epoch 87, l0 norm : 7605826, l1 norm : 1831059.2641601562
Epoch 87, min : 0.0, max : 0.8012487292289734
This epoch duration :1115.699948310852
Epoch 87, val-method base, validation accuracy 95.1199951171875, best_prec 95.22000122070312
Epoch 88, l0 norm : 7605826, l1 norm : 1816747.7137145996
Epoch 88, min : 0.0, max : 0.8027757406234741
This epoch duration :1115.7890965938568
Epoch 88, val-method base, validation accuracy 95.08999633789062, best_prec 95.22000122070312
Epoch 89, l0 norm : 7605826, l1 norm : 1802402.928527832
Epoch 89, min : 0.0, max : 0.8056091666221619
This epoch duration :1115.9742193222046
Epoch 89, val-method base, validation accuracy 95.12999725341797, best_prec 95.22000122070312
Epoch 90, l0 norm : 7605826, l1 norm : 1787987.8085327148
Epoch 90, min : 0.0, max : 0.8074530363082886
This epoch duration :1115.8416299819946
Epoch 90, val-method base, validation accuracy 95.22000122070312, best_prec 95.22000122070312
Epoch 91, l0 norm : 7605826, l1 norm : 1774798.572692871
Epoch 91, min : 0.0, max : 0.8093493580818176
This epoch duration :1115.9700391292572
Epoch 91, val-method base, validation accuracy 95.27999877929688, best_prec 95.27999877929688
Epoch 92, l0 norm : 7605826, l1 norm : 1760999.496520996
Epoch 92, min : 0.0, max : 0.8115108609199524
This epoch duration :1116.718446969986
Epoch 92, val-method base, validation accuracy 95.11000061035156, best_prec 95.27999877929688
Epoch 93, l0 norm : 7605826, l1 norm : 1748471.6769104004
Epoch 93, min : 0.0, max : 0.8136597871780396
This epoch duration :1115.85560297966
Epoch 93, val-method base, validation accuracy 95.07999420166016, best_prec 95.27999877929688
Epoch 94, l0 norm : 7605826, l1 norm : 1736061.0737304688
Epoch 94, min : 0.0, max : 0.8152580857276917
This epoch duration :1116.220520734787
Epoch 94, val-method base, validation accuracy 95.1199951171875, best_prec 95.27999877929688
Epoch 95, l0 norm : 7605826, l1 norm : 1722648.416809082
Epoch 95, min : 0.0, max : 0.8172838687896729
This epoch duration :1115.122900724411
Epoch 95, val-method base, validation accuracy 95.11000061035156, best_prec 95.27999877929688
Epoch 96, l0 norm : 7605826, l1 norm : 1710059.370666504
Epoch 96, min : 0.0, max : 0.8188263773918152
This epoch duration :1116.627959728241
Epoch 96, val-method base, validation accuracy 95.16999816894531, best_prec 95.27999877929688
Epoch 97, l0 norm : 7605826, l1 norm : 1697661.4307250977
Epoch 97, min : 0.0, max : 0.8211043477058411
This epoch duration :1116.205313205719
Epoch 97, val-method base, validation accuracy 95.22999572753906, best_prec 95.27999877929688
Epoch 98, l0 norm : 7605826, l1 norm : 1685996.278930664
Epoch 98, min : 0.0, max : 0.8231566548347473
This epoch duration :934.0987889766693
Epoch 98, val-method base, validation accuracy 95.14999389648438, best_prec 95.27999877929688
Epoch 99, l0 norm : 7605826, l1 norm : 1675021.2485046387
Epoch 99, min : 0.0, max : 0.8240289688110352
This epoch duration :344.4971067905426
Epoch 99, val-method base, validation accuracy 95.14999389648438, best_prec 95.27999877929688
