Namespace(configs='configs/CIFAR10/pen_bip_3.yml', result_dir='./trained_models', exp_name='RC_pb3_l10k01', exp_mode='prune', arch='resnet18', num_classes=10, layer_type='unstructured', k=0.1, lambd=0.9999999999, alpha=1.0, scaled_score_init=True, scale_rand_init=False, freeze_bn=False, source_net='trained_models/CIFAR10_resnet18_Pretrain/pretrain/latest_exp/checkpoint/model_best.pth.tar', scores_init_type=None, dataset='CIFAR10', batch_size=128, num_workers=2, test_batch_size=128, normalize=True, data_dir='./data', image_dim=32, trainer='penalized_bilevel_3', epochs=100, optimizer='sgd', wd=0.0001, mask_lr=0.1, lr=0.1, mask_lr_schedule='step', lr_schedule='cosine', momentum=0.9, warmup_epochs=0, warmup_lr=0.1, save_dense=False, evaluate=False, val_method='base', resume='', seed=1234, print_freq=100, lr2=0.0001, accelerate=False)
=> loading source model from 'trained_models/CIFAR10_resnet18_Pretrain/pretrain/latest_exp/checkpoint/model_best.pth.tar'
=> loaded checkpoint 'trained_models/CIFAR10_resnet18_Pretrain/pretrain/latest_exp/checkpoint/model_best.pth.tar'
Epoch 0, l0 norm : 631336, l1 norm : 317855.2809906006
Epoch 0, min : 0.0, max : 0.9871258735656738
This epoch duration :2253.113541126251
Epoch 0, val-method base, validation accuracy 33.689998626708984, best_prec 33.689998626708984
Epoch 1, l0 norm : 631336, l1 norm : 313878.13146209717
Epoch 1, min : 0.0, max : 0.9744598865509033
This epoch duration :2305.8630554676056
Epoch 1, val-method base, validation accuracy 48.23999786376953, best_prec 48.23999786376953
Epoch 2, l0 norm : 631336, l1 norm : 309848.3883666992
Epoch 2, min : 0.0, max : 0.9620466828346252
This epoch duration :2245.9456820487976
Epoch 2, val-method base, validation accuracy 56.0, best_prec 56.0
Epoch 3, l0 norm : 631336, l1 norm : 305844.5510864258
Epoch 3, min : 0.0, max : 0.9498899579048157
This epoch duration :2246.4806668758392
Epoch 3, val-method base, validation accuracy 61.5099983215332, best_prec 61.5099983215332
Epoch 4, l0 norm : 631336, l1 norm : 301976.9831237793
Epoch 4, min : 0.0, max : 0.9379942417144775
This epoch duration :2245.988171339035
Epoch 4, val-method base, validation accuracy 63.599998474121094, best_prec 63.599998474121094
Epoch 5, l0 norm : 631336, l1 norm : 298213.21419525146
Epoch 5, min : 0.0, max : 0.926362931728363
This epoch duration :2247.4739594459534
Epoch 5, val-method base, validation accuracy 69.05999755859375, best_prec 69.05999755859375
Epoch 6, l0 norm : 631336, l1 norm : 294549.5144729614
Epoch 6, min : 0.0, max : 0.9149988889694214
This epoch duration :2246.6578044891357
Epoch 6, val-method base, validation accuracy 70.04999542236328, best_prec 70.04999542236328
Epoch 7, l0 norm : 631336, l1 norm : 290972.5072555542
Epoch 7, min : 0.0, max : 0.9039047956466675
This epoch duration :2246.0032296180725
Epoch 7, val-method base, validation accuracy 68.86000061035156, best_prec 70.04999542236328
Epoch 8, l0 norm : 631336, l1 norm : 287471.5899505615
Epoch 8, min : 0.0, max : 0.8930832147598267
This epoch duration :2245.354359149933
Epoch 8, val-method base, validation accuracy 71.98999786376953, best_prec 71.98999786376953
Epoch 9, l0 norm : 631336, l1 norm : 284060.6519470215
Epoch 9, min : 0.0, max : 0.8825358152389526
This epoch duration :2245.7287662029266
Epoch 9, val-method base, validation accuracy 74.7699966430664, best_prec 74.7699966430664
Epoch 10, l0 norm : 631336, l1 norm : 280743.7537994385
Epoch 10, min : 0.0, max : 0.8722634315490723
This epoch duration :2247.560886621475
Epoch 10, val-method base, validation accuracy 75.87999725341797, best_prec 75.87999725341797
Epoch 11, l0 norm : 631336, l1 norm : 277516.3050842285
Epoch 11, min : 0.0, max : 0.8622668981552124
This epoch duration :2246.0234563350677
Epoch 11, val-method base, validation accuracy 76.90999603271484, best_prec 76.90999603271484
Epoch 12, l0 norm : 631336, l1 norm : 274384.9341583252
Epoch 12, min : 0.0, max : 0.8525470495223999
This epoch duration :2247.4126601219177
Epoch 12, val-method base, validation accuracy 75.93000030517578, best_prec 76.90999603271484
Epoch 13, l0 norm : 631336, l1 norm : 271325.0267791748
Epoch 13, min : 0.0, max : 0.8431037068367004
This epoch duration :2297.2516214847565
Epoch 13, val-method base, validation accuracy 78.40999603271484, best_prec 78.40999603271484
Epoch 14, l0 norm : 631336, l1 norm : 268352.8261795044
Epoch 14, min : 0.0, max : 0.8339367508888245
This epoch duration :2262.90958571434
Epoch 14, val-method base, validation accuracy 78.97000122070312, best_prec 78.97000122070312
Epoch 15, l0 norm : 631336, l1 norm : 265475.9076385498
Epoch 15, min : 0.0, max : 0.8250459432601929
This epoch duration :2246.001491546631
Epoch 15, val-method base, validation accuracy 78.95999908447266, best_prec 78.97000122070312
Epoch 16, l0 norm : 631336, l1 norm : 262690.6716156006
Epoch 16, min : 0.0, max : 0.8164296746253967
This epoch duration :2246.4621245861053
Epoch 16, val-method base, validation accuracy 79.23999786376953, best_prec 79.23999786376953
Epoch 17, l0 norm : 631336, l1 norm : 259995.78440856934
Epoch 17, min : 0.0, max : 0.8080877661705017
This epoch duration :2246.0573811531067
Epoch 17, val-method base, validation accuracy 79.73999786376953, best_prec 79.73999786376953
Epoch 18, l0 norm : 631336, l1 norm : 257390.33931732178
Epoch 18, min : 0.0, max : 0.8000186085700989
This epoch duration :2246.326192855835
Epoch 18, val-method base, validation accuracy 81.70999908447266, best_prec 81.70999908447266
Epoch 19, l0 norm : 631336, l1 norm : 254874.7532196045
Epoch 19, min : 0.0, max : 0.7922207713127136
This epoch duration :2246.112317085266
Epoch 19, val-method base, validation accuracy 80.7699966430664, best_prec 81.70999908447266
Epoch 20, l0 norm : 631336, l1 norm : 252451.62162780762
Epoch 20, min : 0.0, max : 0.7846932411193848
This epoch duration :2246.2118475437164
Epoch 20, val-method base, validation accuracy 82.19999694824219, best_prec 82.19999694824219
Epoch 21, l0 norm : 631336, l1 norm : 250107.28087615967
Epoch 21, min : 0.0, max : 0.7774331569671631
This epoch duration :1865.6180262565613
Epoch 21, val-method base, validation accuracy 83.31999969482422, best_prec 83.31999969482422
Epoch 22, l0 norm : 631336, l1 norm : 247855.93309020996
Epoch 22, min : 0.0, max : 0.7704387307167053
This epoch duration :1725.2571685314178
Epoch 22, val-method base, validation accuracy 82.16999816894531, best_prec 83.31999969482422
Epoch 23, l0 norm : 631336, l1 norm : 245683.79287719727
Epoch 23, min : 0.0, max : 0.7637078762054443
This epoch duration :1725.2820250988007
Epoch 23, val-method base, validation accuracy 83.43999481201172, best_prec 83.43999481201172
Epoch 24, l0 norm : 631336, l1 norm : 243591.40655517578
Epoch 24, min : 0.0, max : 0.757239043712616
This epoch duration :1725.2154207229614
Epoch 24, val-method base, validation accuracy 83.0, best_prec 83.43999481201172
Epoch 25, l0 norm : 631336, l1 norm : 241577.64756393433
Epoch 25, min : 0.0, max : 0.7510285973548889
This epoch duration :1725.203016281128
Epoch 25, val-method base, validation accuracy 82.55999755859375, best_prec 83.43999481201172
Epoch 26, l0 norm : 631336, l1 norm : 239649.01587295532
Epoch 26, min : 0.0, max : 0.7450751066207886
This epoch duration :1725.477042913437
Epoch 26, val-method base, validation accuracy 84.22999572753906, best_prec 84.22999572753906
Epoch 27, l0 norm : 631336, l1 norm : 237803.4971961975
Epoch 27, min : 0.0, max : 0.739375650882721
This epoch duration :1725.2307436466217
Epoch 27, val-method base, validation accuracy 82.87999725341797, best_prec 84.22999572753906
Epoch 28, l0 norm : 631336, l1 norm : 236040.8842010498
Epoch 28, min : 0.0, max : 0.7339282631874084
This epoch duration :1725.0011525154114
Epoch 28, val-method base, validation accuracy 82.93999481201172, best_prec 84.22999572753906
Epoch 29, l0 norm : 631336, l1 norm : 234361.0023612976
Epoch 29, min : 0.0, max : 0.7287293076515198
This epoch duration :1725.3128621578217
Epoch 29, val-method base, validation accuracy 83.65999603271484, best_prec 84.22999572753906
Epoch 30, l0 norm : 631336, l1 norm : 232760.82768249512
Epoch 30, min : 0.0, max : 0.7237764000892639
This epoch duration :1723.4302997589111
Epoch 30, val-method base, validation accuracy 84.04999542236328, best_prec 84.22999572753906
Epoch 31, l0 norm : 631336, l1 norm : 231239.56023025513
Epoch 31, min : 0.0, max : 0.7190676331520081
This epoch duration :1725.489499092102
Epoch 31, val-method base, validation accuracy 84.6500015258789, best_prec 84.6500015258789
Epoch 32, l0 norm : 631336, l1 norm : 229797.96228790283
Epoch 32, min : 0.0, max : 0.7145993113517761
This epoch duration :1725.4045655727386
Epoch 32, val-method base, validation accuracy 85.23999786376953, best_prec 85.23999786376953
Epoch 33, l0 norm : 631336, l1 norm : 228432.3480911255
Epoch 33, min : 0.0, max : 0.7103691697120667
This epoch duration :1725.2651629447937
Epoch 33, val-method base, validation accuracy 84.23999786376953, best_prec 85.23999786376953
Epoch 34, l0 norm : 631336, l1 norm : 227146.82666778564
Epoch 34, min : 0.0, max : 0.7063747048377991
This epoch duration :1725.4855086803436
Epoch 34, val-method base, validation accuracy 84.41999816894531, best_prec 85.23999786376953
Epoch 35, l0 norm : 631336, l1 norm : 225933.59201812744
Epoch 35, min : 0.0, max : 0.7026122212409973
This epoch duration :1725.22052693367
Epoch 35, val-method base, validation accuracy 85.44999694824219, best_prec 85.44999694824219
Epoch 36, l0 norm : 631336, l1 norm : 224794.7380065918
Epoch 36, min : 0.0, max : 0.6990800499916077
This epoch duration :1725.79953789711
Epoch 36, val-method base, validation accuracy 85.7699966430664, best_prec 85.7699966430664
Epoch 37, l0 norm : 631336, l1 norm : 223729.31802368164
Epoch 37, min : 0.0, max : 0.6957751512527466
This epoch duration :1725.284964799881
Epoch 37, val-method base, validation accuracy 84.8699951171875, best_prec 85.7699966430664
Epoch 38, l0 norm : 631336, l1 norm : 222737.18978118896
Epoch 38, min : 0.0, max : 0.6926953792572021
This epoch duration :1725.3800203800201
Epoch 38, val-method base, validation accuracy 85.48999786376953, best_prec 85.7699966430664
Epoch 39, l0 norm : 631336, l1 norm : 221814.58362960815
Epoch 39, min : 0.0, max : 0.6898365020751953
This epoch duration :1725.1909437179565
Epoch 39, val-method base, validation accuracy 85.12999725341797, best_prec 85.7699966430664
Epoch 40, l0 norm : 631336, l1 norm : 220963.86869812012
Epoch 40, min : 0.0, max : 0.6871964931488037
This epoch duration :1725.1338241100311
Epoch 40, val-method base, validation accuracy 86.15999603271484, best_prec 86.15999603271484
Epoch 41, l0 norm : 631336, l1 norm : 220182.04292297363
Epoch 41, min : 0.0, max : 0.6847736239433289
This epoch duration :1725.5209050178528
Epoch 41, val-method base, validation accuracy 86.50999450683594, best_prec 86.50999450683594
Epoch 42, l0 norm : 631336, l1 norm : 219470.95691299438
Epoch 42, min : 0.0, max : 0.6825636029243469
This epoch duration :1725.0690133571625
Epoch 42, val-method base, validation accuracy 85.61000061035156, best_prec 86.50999450683594
Epoch 43, l0 norm : 631336, l1 norm : 218827.763130188
Epoch 43, min : 0.0, max : 0.6805644631385803
This epoch duration :1725.3956582546234
Epoch 43, val-method base, validation accuracy 85.75, best_prec 86.50999450683594
Epoch 44, l0 norm : 631336, l1 norm : 218249.45793151855
Epoch 44, min : 0.0, max : 0.6787753701210022
This epoch duration :1725.0153937339783
Epoch 44, val-method base, validation accuracy 86.86000061035156, best_prec 86.86000061035156
Epoch 45, l0 norm : 631336, l1 norm : 217738.22595214844
Epoch 45, min : 0.0, max : 0.6771896481513977
This epoch duration :1724.4216561317444
Epoch 45, val-method base, validation accuracy 85.72999572753906, best_prec 86.86000061035156
Epoch 46, l0 norm : 631336, l1 norm : 217291.9216156006
Epoch 46, min : 0.0, max : 0.6758072972297668
This epoch duration :1724.4622058868408
Epoch 46, val-method base, validation accuracy 86.75999450683594, best_prec 86.86000061035156
Epoch 47, l0 norm : 631336, l1 norm : 216911.7558555603
Epoch 47, min : 0.0, max : 0.6746261715888977
This epoch duration :1724.9735057353973
Epoch 47, val-method base, validation accuracy 86.79000091552734, best_prec 86.86000061035156
Epoch 48, l0 norm : 631336, l1 norm : 216593.6473236084
Epoch 48, min : 0.0, max : 0.6736429929733276
This epoch duration :1724.2415454387665
Epoch 48, val-method base, validation accuracy 86.80999755859375, best_prec 86.86000061035156
Epoch 49, l0 norm : 631336, l1 norm : 216339.61297607422
Epoch 49, min : 0.0, max : 0.6728583574295044
This epoch duration :1724.6429047584534
Epoch 49, val-method base, validation accuracy 85.7699966430664, best_prec 86.86000061035156
Epoch 50, l0 norm : 631336, l1 norm : 216146.6963043213
Epoch 50, min : 0.0, max : 0.6722628474235535
This epoch duration :1723.4766819477081
Epoch 50, val-method base, validation accuracy 85.7699966430664, best_prec 86.86000061035156
Epoch 51, l0 norm : 631336, l1 norm : 216016.27069854736
Epoch 51, min : 0.0, max : 0.6718539595603943
This epoch duration :1723.2605893611908
Epoch 51, val-method base, validation accuracy 86.54999542236328, best_prec 86.86000061035156
Epoch 52, l0 norm : 631336, l1 norm : 215946.54458618164
Epoch 52, min : 0.0, max : 0.6716342568397522
This epoch duration :1725.4867668151855
Epoch 52, val-method base, validation accuracy 87.15999603271484, best_prec 87.15999603271484
Epoch 53, l0 norm : 631336, l1 norm : 215936.35983276367
Epoch 53, min : 0.0, max : 0.6716037392616272
This epoch duration :1724.3845994472504
Epoch 53, val-method base, validation accuracy 86.11000061035156, best_prec 87.15999603271484
Epoch 54, l0 norm : 631336, l1 norm : 215985.43034362793
Epoch 54, min : 0.0, max : 0.6717644333839417
This epoch duration :1725.360345840454
Epoch 54, val-method base, validation accuracy 86.70999908447266, best_prec 87.15999603271484
Epoch 55, l0 norm : 631336, l1 norm : 216090.96271514893
Epoch 55, min : 0.0, max : 0.6720970273017883
This epoch duration :1724.7834322452545
Epoch 55, val-method base, validation accuracy 87.07999420166016, best_prec 87.15999603271484
Epoch 56, l0 norm : 631336, l1 norm : 216253.60312652588
Epoch 56, min : 0.0, max : 0.6726017594337463
This epoch duration :1725.6981916427612
Epoch 56, val-method base, validation accuracy 86.8699951171875, best_prec 87.15999603271484
Epoch 57, l0 norm : 631336, l1 norm : 216472.98957061768
Epoch 57, min : 0.0, max : 0.6732814311981201
This epoch duration :1724.553962945938
Epoch 57, val-method base, validation accuracy 87.04999542236328, best_prec 87.15999603271484
Epoch 58, l0 norm : 631336, l1 norm : 216747.20589447021
Epoch 58, min : 0.0, max : 0.6741353273391724
This epoch duration :1725.4732587337494
Epoch 58, val-method base, validation accuracy 87.38999938964844, best_prec 87.38999938964844
Epoch 59, l0 norm : 631336, l1 norm : 217077.539894104
Epoch 59, min : 0.0, max : 0.675166130065918
This epoch duration :1725.7708179950714
Epoch 59, val-method base, validation accuracy 87.5199966430664, best_prec 87.5199966430664
Epoch 60, l0 norm : 631336, l1 norm : 217460.18766784668
Epoch 60, min : 0.0, max : 0.6763581037521362
This epoch duration :1725.3198211193085
Epoch 60, val-method base, validation accuracy 87.43999481201172, best_prec 87.5199966430664
Epoch 61, l0 norm : 631336, l1 norm : 217896.23110198975
Epoch 61, min : 0.0, max : 0.6777150630950928
This epoch duration :1725.4572277069092
Epoch 61, val-method base, validation accuracy 87.72000122070312, best_prec 87.72000122070312
Epoch 62, l0 norm : 631336, l1 norm : 218382.54732131958
Epoch 62, min : 0.0, max : 0.6792336702346802
This epoch duration :1725.8655347824097
Epoch 62, val-method base, validation accuracy 87.87999725341797, best_prec 87.87999725341797
Epoch 63, l0 norm : 631336, l1 norm : 218919.06576919556
Epoch 63, min : 0.0, max : 0.680908739566803
This epoch duration :1725.9501481056213
Epoch 63, val-method base, validation accuracy 87.98999786376953, best_prec 87.98999786376953
Epoch 64, l0 norm : 631336, l1 norm : 219506.7497177124
Epoch 64, min : 0.0, max : 0.6827387809753418
This epoch duration :1725.516086101532
Epoch 64, val-method base, validation accuracy 88.02999877929688, best_prec 88.02999877929688
Epoch 65, l0 norm : 631336, l1 norm : 220143.1018295288
Epoch 65, min : 0.0, max : 0.6847202777862549
This epoch duration :1724.5189633369446
Epoch 65, val-method base, validation accuracy 87.93000030517578, best_prec 88.02999877929688
Epoch 66, l0 norm : 631336, l1 norm : 220826.68278121948
Epoch 66, min : 0.0, max : 0.6868506073951721
This epoch duration :1725.2769021987915
Epoch 66, val-method base, validation accuracy 88.1500015258789, best_prec 88.1500015258789
Epoch 67, l0 norm : 631336, l1 norm : 221557.28648376465
Epoch 67, min : 0.0, max : 0.6891250610351562
This epoch duration :1725.6047625541687
Epoch 67, val-method base, validation accuracy 88.38999938964844, best_prec 88.38999938964844
Epoch 68, l0 norm : 631336, l1 norm : 222332.7260246277
Epoch 68, min : 0.0, max : 0.6915406584739685
This epoch duration :1725.4860672950745
Epoch 68, val-method base, validation accuracy 88.66999816894531, best_prec 88.66999816894531
Epoch 69, l0 norm : 631336, l1 norm : 223152.59701538086
Epoch 69, min : 0.0, max : 0.6940919160842896
This epoch duration :1725.5778229236603
Epoch 69, val-method base, validation accuracy 88.72999572753906, best_prec 88.72999572753906
Epoch 70, l0 norm : 631336, l1 norm : 224016.6743774414
Epoch 70, min : 0.0, max : 0.6967814564704895
This epoch duration :1725.577054977417
Epoch 70, val-method base, validation accuracy 88.40999603271484, best_prec 88.72999572753906
Epoch 71, l0 norm : 631336, l1 norm : 224921.60167694092
Epoch 71, min : 0.0, max : 0.6995996236801147
This epoch duration :1723.5351250171661
Epoch 71, val-method base, validation accuracy 88.18999481201172, best_prec 88.72999572753906
Epoch 72, l0 norm : 631336, l1 norm : 225866.66596984863
Epoch 72, min : 0.0, max : 0.7025408148765564
This epoch duration :1725.4401185512543
Epoch 72, val-method base, validation accuracy 88.5999984741211, best_prec 88.72999572753906
Epoch 73, l0 norm : 631336, l1 norm : 226850.4860305786
Epoch 73, min : 0.0, max : 0.7056037783622742
This epoch duration :1725.698602437973
Epoch 73, val-method base, validation accuracy 89.27999877929688, best_prec 89.27999877929688
Epoch 74, l0 norm : 631336, l1 norm : 227872.86435699463
Epoch 74, min : 0.0, max : 0.7087807059288025
This epoch duration :1725.6236922740936
Epoch 74, val-method base, validation accuracy 88.48999786376953, best_prec 89.27999877929688
Epoch 75, l0 norm : 631336, l1 norm : 228929.6733894348
Epoch 75, min : 0.0, max : 0.7120702266693115
This epoch duration :1725.4696943759918
Epoch 75, val-method base, validation accuracy 88.95999908447266, best_prec 89.27999877929688
Epoch 76, l0 norm : 631336, l1 norm : 230019.7331237793
Epoch 76, min : 0.0, max : 0.7154667973518372
This epoch duration :1724.8742187023163
Epoch 76, val-method base, validation accuracy 89.20999908447266, best_prec 89.27999877929688
Epoch 77, l0 norm : 631336, l1 norm : 231144.27410507202
Epoch 77, min : 0.0, max : 0.7189657092094421
This epoch duration :1724.8602907657623
Epoch 77, val-method base, validation accuracy 88.81999969482422, best_prec 89.27999877929688
Epoch 78, l0 norm : 631336, l1 norm : 232299.13376235962
Epoch 78, min : 0.0, max : 0.7225605249404907
This epoch duration :1725.8086578845978
Epoch 78, val-method base, validation accuracy 89.45999908447266, best_prec 89.45999908447266
Epoch 79, l0 norm : 631336, l1 norm : 233482.88837051392
Epoch 79, min : 0.0, max : 0.7262445688247681
This epoch duration :1725.2466025352478
Epoch 79, val-method base, validation accuracy 89.16999816894531, best_prec 89.45999908447266
Epoch 80, l0 norm : 631336, l1 norm : 234694.44900131226
Epoch 80, min : 0.0, max : 0.7300154566764832
This epoch duration :1724.9871361255646
Epoch 80, val-method base, validation accuracy 89.29000091552734, best_prec 89.45999908447266
Epoch 81, l0 norm : 631336, l1 norm : 235930.69341278076
Epoch 81, min : 0.0, max : 0.7338649034500122
This epoch duration :1725.5906355381012
Epoch 81, val-method base, validation accuracy 89.45999908447266, best_prec 89.45999908447266
Epoch 82, l0 norm : 631336, l1 norm : 237189.961479187
Epoch 82, min : 0.0, max : 0.7377775311470032
This epoch duration :1725.116845369339
Epoch 82, val-method base, validation accuracy 89.25999450683594, best_prec 89.45999908447266
Epoch 83, l0 norm : 631336, l1 norm : 238469.2860107422
Epoch 83, min : 0.0, max : 0.7417574524879456
This epoch duration :1724.9488289356232
Epoch 83, val-method base, validation accuracy 89.37999725341797, best_prec 89.45999908447266
Epoch 84, l0 norm : 631336, l1 norm : 239767.2646331787
Epoch 84, min : 0.0, max : 0.7457944750785828
This epoch duration :1724.6594886779785
Epoch 84, val-method base, validation accuracy 88.98999786376953, best_prec 89.45999908447266
Epoch 85, l0 norm : 631336, l1 norm : 241082.30115509033
Epoch 85, min : 0.0, max : 0.7498816251754761
This epoch duration :1724.8757681846619
Epoch 85, val-method base, validation accuracy 89.33999633789062, best_prec 89.45999908447266
Epoch 86, l0 norm : 631336, l1 norm : 242411.20134735107
Epoch 86, min : 0.0, max : 0.7540091872215271
This epoch duration :1725.1729936599731
Epoch 86, val-method base, validation accuracy 89.1500015258789, best_prec 89.45999908447266
Epoch 87, l0 norm : 631336, l1 norm : 243751.89741897583
Epoch 87, min : 0.0, max : 0.7581832408905029
This epoch duration :1725.2484195232391
Epoch 87, val-method base, validation accuracy 89.5999984741211, best_prec 89.5999984741211
Epoch 88, l0 norm : 631336, l1 norm : 245099.90825653076
Epoch 88, min : 0.0, max : 0.7623813152313232
This epoch duration :1725.0965917110443
Epoch 88, val-method base, validation accuracy 89.52999877929688, best_prec 89.5999984741211
Epoch 89, l0 norm : 631336, l1 norm : 246453.974899292
Epoch 89, min : 0.0, max : 0.7665954828262329
This epoch duration :1725.8284621238708
Epoch 89, val-method base, validation accuracy 89.38999938964844, best_prec 89.5999984741211
Epoch 90, l0 norm : 631336, l1 norm : 247811.4282913208
Epoch 90, min : 0.0, max : 0.7708207964897156
This epoch duration :1725.2380466461182
Epoch 90, val-method base, validation accuracy 89.43999481201172, best_prec 89.5999984741211
Epoch 91, l0 norm : 631336, l1 norm : 249168.3854751587
Epoch 91, min : 0.0, max : 0.7750382423400879
This epoch duration :1725.488664150238
Epoch 91, val-method base, validation accuracy 89.52999877929688, best_prec 89.5999984741211
Epoch 92, l0 norm : 631336, l1 norm : 250523.12224578857
Epoch 92, min : 0.0, max : 0.7792506814002991
This epoch duration :1723.1652381420135
Epoch 92, val-method base, validation accuracy 89.38999938964844, best_prec 89.5999984741211
Epoch 93, l0 norm : 631336, l1 norm : 251871.43936157227
Epoch 93, min : 0.0, max : 0.783437967300415
This epoch duration :1725.1598999500275
Epoch 93, val-method base, validation accuracy 89.32999420166016, best_prec 89.5999984741211
Epoch 94, l0 norm : 631336, l1 norm : 253210.9414215088
Epoch 94, min : 0.0, max : 0.7876038551330566
This epoch duration :1696.7857248783112
Epoch 94, val-method base, validation accuracy 89.50999450683594, best_prec 89.5999984741211
Epoch 95, l0 norm : 631336, l1 norm : 254536.9147720337
Epoch 95, min : 0.0, max : 0.7917290329933167
This epoch duration :1473.4687542915344
Epoch 95, val-method base, validation accuracy 89.65999603271484, best_prec 89.65999603271484
Epoch 96, l0 norm : 631336, l1 norm : 255850.75540161133
Epoch 96, min : 0.0, max : 0.7958168983459473
This epoch duration :1473.3731091022491
Epoch 96, val-method base, validation accuracy 89.45999908447266, best_prec 89.65999603271484
Epoch 97, l0 norm : 631336, l1 norm : 257146.3055343628
Epoch 97, min : 0.0, max : 0.7998473048210144
This epoch duration :1473.889544248581
Epoch 97, val-method base, validation accuracy 89.63999938964844, best_prec 89.65999603271484
Epoch 98, l0 norm : 631336, l1 norm : 258415.91592407227
Epoch 98, min : 0.0, max : 0.8038007616996765
This epoch duration :1272.288536310196
Epoch 98, val-method base, validation accuracy 89.55999755859375, best_prec 89.65999603271484
Epoch 99, l0 norm : 631336, l1 norm : 259663.47552490234
Epoch 99, min : 0.0, max : 0.8076822757720947
This epoch duration :495.9818823337555
Epoch 99, val-method base, validation accuracy 89.4000015258789, best_prec 89.65999603271484
