Namespace(configs='configs/CIFAR10/pen_bip_1.yml', result_dir='./trained_models', exp_name='RC_pb1_l10a01', exp_mode='prune', arch='resnet18', num_classes=10, layer_type='unstructured', k=None, lambd=0.9999999999, alpha=0.1, scaled_score_init=True, scale_rand_init=False, freeze_bn=False, source_net='trained_models/CIFAR10_resnet18_Pretrain/pretrain/latest_exp/checkpoint/model_best.pth.tar', scores_init_type=None, dataset='CIFAR10', batch_size=128, num_workers=2, test_batch_size=128, normalize=True, data_dir='./data', image_dim=32, trainer='penalized_bilevel_1', epochs=100, optimizer='sgd', wd=0.0001, mask_lr=0.1, lr=0.1, mask_lr_schedule='step', lr_schedule='cosine', momentum=0.9, warmup_epochs=0, warmup_lr=0.1, save_dense=False, evaluate=False, val_method='base', resume='', seed=1234, print_freq=100, lr2=0.0001, accelerate=False)
=> loading source model from 'trained_models/CIFAR10_resnet18_Pretrain/pretrain/latest_exp/checkpoint/model_best.pth.tar'
=> loaded checkpoint 'trained_models/CIFAR10_resnet18_Pretrain/pretrain/latest_exp/checkpoint/model_best.pth.tar'
Epoch 0, l0 norm : 5577421, l1 norm : 2605753.324569702
Epoch 0, min : 0.0, max : 0.8422985672950745
This epoch duration :2780.940435409546
Epoch 0, val-method base, validation accuracy 22.869998931884766, best_prec 22.869998931884766
Epoch 1, l0 norm : 5577421, l1 norm : 2622652.380126953
Epoch 1, min : 0.0, max : 0.7313252091407776
This epoch duration :2882.2782011032104
Epoch 1, val-method base, validation accuracy 42.03999710083008, best_prec 42.03999710083008
Epoch 2, l0 norm : 5577421, l1 norm : 2605408.020904541
Epoch 2, min : 0.0, max : 0.6376967430114746
This epoch duration :2881.185031414032
Epoch 2, val-method base, validation accuracy 51.21999740600586, best_prec 51.21999740600586
Epoch 3, l0 norm : 5577421, l1 norm : 2578933.885871887
Epoch 3, min : 0.0, max : 0.6000622510910034
This epoch duration :2884.21111702919
Epoch 3, val-method base, validation accuracy 55.94999694824219, best_prec 55.94999694824219
Epoch 4, l0 norm : 5577421, l1 norm : 2549602.2638397217
Epoch 4, min : 0.0, max : 0.5785976648330688
This epoch duration :2878.509073972702
Epoch 4, val-method base, validation accuracy 61.84000015258789, best_prec 61.84000015258789
Epoch 5, l0 norm : 5577421, l1 norm : 2520065.124786377
Epoch 5, min : 0.0, max : 0.5491925477981567
This epoch duration :2879.6560094356537
Epoch 5, val-method base, validation accuracy 63.21999740600586, best_prec 63.21999740600586
Epoch 6, l0 norm : 5577421, l1 norm : 2490126.668624878
Epoch 6, min : 0.0, max : 0.5399027466773987
This epoch duration :2878.853683948517
Epoch 6, val-method base, validation accuracy 63.55999755859375, best_prec 63.55999755859375
Epoch 7, l0 norm : 5577421, l1 norm : 2460581.7766723633
Epoch 7, min : 0.0, max : 0.5260334610939026
This epoch duration :2879.776499271393
Epoch 7, val-method base, validation accuracy 64.58000183105469, best_prec 64.58000183105469
Epoch 8, l0 norm : 5577421, l1 norm : 2431633.132080078
Epoch 8, min : 0.0, max : 0.5106692314147949
This epoch duration :2877.0433990955353
Epoch 8, val-method base, validation accuracy 67.15999603271484, best_prec 67.15999603271484
Epoch 9, l0 norm : 5577421, l1 norm : 2403029.9252319336
Epoch 9, min : 0.0, max : 0.5014827251434326
This epoch duration :2880.3903274536133
Epoch 9, val-method base, validation accuracy 71.8499984741211, best_prec 71.8499984741211
Epoch 10, l0 norm : 5577421, l1 norm : 2375223.796508789
Epoch 10, min : 0.0, max : 0.4956015646457672
This epoch duration :2881.498261451721
Epoch 10, val-method base, validation accuracy 72.79999542236328, best_prec 72.79999542236328
Epoch 11, l0 norm : 5577421, l1 norm : 2348045.088760376
Epoch 11, min : 0.0, max : 0.49073776602745056
This epoch duration :2882.4195470809937
Epoch 11, val-method base, validation accuracy 75.1500015258789, best_prec 75.1500015258789
Epoch 12, l0 norm : 5577421, l1 norm : 2321550.277900696
Epoch 12, min : 0.0, max : 0.4864445626735687
This epoch duration :2879.1181135177612
Epoch 12, val-method base, validation accuracy 76.11000061035156, best_prec 76.11000061035156
Epoch 13, l0 norm : 5577421, l1 norm : 2295761.6437911987
Epoch 13, min : 0.0, max : 0.48042821884155273
This epoch duration :2884.0507249832153
Epoch 13, val-method base, validation accuracy 78.31999969482422, best_prec 78.31999969482422
Epoch 14, l0 norm : 5577421, l1 norm : 2270903.6510162354
Epoch 14, min : 0.0, max : 0.4702472686767578
This epoch duration :2881.816500902176
Epoch 14, val-method base, validation accuracy 75.30999755859375, best_prec 78.31999969482422
Epoch 15, l0 norm : 5577421, l1 norm : 2246691.527206421
Epoch 15, min : 0.0, max : 0.4666803181171417
This epoch duration :2880.25159573555
Epoch 15, val-method base, validation accuracy 79.97999572753906, best_prec 79.97999572753906
Epoch 16, l0 norm : 5577421, l1 norm : 2223140.784713745
Epoch 16, min : 0.0, max : 0.4593692421913147
This epoch duration :2882.0085260868073
Epoch 16, val-method base, validation accuracy 78.91999816894531, best_prec 79.97999572753906
Epoch 17, l0 norm : 5577421, l1 norm : 2200422.2089767456
Epoch 17, min : 0.0, max : 0.4546879231929779
This epoch duration :2880.6493225097656
Epoch 17, val-method base, validation accuracy 79.20999908447266, best_prec 79.97999572753906
Epoch 18, l0 norm : 5577421, l1 norm : 2178480.1251068115
Epoch 18, min : 0.0, max : 0.449351042509079
This epoch duration :2882.538772583008
Epoch 18, val-method base, validation accuracy 81.8499984741211, best_prec 81.8499984741211
Epoch 19, l0 norm : 5577421, l1 norm : 2157240.613052368
Epoch 19, min : 0.0, max : 0.44261717796325684
This epoch duration :2881.355572462082
Epoch 19, val-method base, validation accuracy 81.95999908447266, best_prec 81.95999908447266
Epoch 20, l0 norm : 5577421, l1 norm : 2136777.2828216553
Epoch 20, min : 0.0, max : 0.43956249952316284
This epoch duration :2881.8323442935944
Epoch 20, val-method base, validation accuracy 81.47999572753906, best_prec 81.95999908447266
Epoch 21, l0 norm : 5577421, l1 norm : 2116985.487724304
Epoch 21, min : 0.0, max : 0.436821848154068
This epoch duration :2881.4047861099243
Epoch 21, val-method base, validation accuracy 84.15999603271484, best_prec 84.15999603271484
Epoch 22, l0 norm : 5577421, l1 norm : 2097897.95854187
Epoch 22, min : 0.0, max : 0.43627089262008667
This epoch duration :2880.5204412937164
Epoch 22, val-method base, validation accuracy 81.95999908447266, best_prec 84.15999603271484
Epoch 23, l0 norm : 5577421, l1 norm : 2079510.456604004
Epoch 23, min : 0.0, max : 0.4354792535305023
This epoch duration :2885.3965644836426
Epoch 23, val-method base, validation accuracy 84.54999542236328, best_prec 84.54999542236328
Epoch 24, l0 norm : 5577421, l1 norm : 2061889.2305145264
Epoch 24, min : 0.0, max : 0.43566176295280457
This epoch duration :2881.5357723236084
Epoch 24, val-method base, validation accuracy 84.40999603271484, best_prec 84.54999542236328
Epoch 25, l0 norm : 5577421, l1 norm : 2045025.1445465088
Epoch 25, min : 0.0, max : 0.43494683504104614
This epoch duration :2881.570003271103
Epoch 25, val-method base, validation accuracy 85.05999755859375, best_prec 85.05999755859375
Epoch 26, l0 norm : 5577421, l1 norm : 2028764.758216858
Epoch 26, min : 0.0, max : 0.43308818340301514
This epoch duration :2880.637348651886
Epoch 26, val-method base, validation accuracy 84.25999450683594, best_prec 85.05999755859375
Epoch 27, l0 norm : 5577421, l1 norm : 2013226.4720458984
Epoch 27, min : 0.0, max : 0.43274667859077454
This epoch duration :2879.617151737213
Epoch 27, val-method base, validation accuracy 84.65999603271484, best_prec 85.05999755859375
Epoch 28, l0 norm : 5577421, l1 norm : 1998328.7915802002
Epoch 28, min : 0.0, max : 0.42973271012306213
This epoch duration :2879.4045565128326
Epoch 28, val-method base, validation accuracy 85.58999633789062, best_prec 85.58999633789062
Epoch 29, l0 norm : 5577421, l1 norm : 1984154.3185806274
Epoch 29, min : 0.0, max : 0.42831701040267944
This epoch duration :2879.0094468593597
Epoch 29, val-method base, validation accuracy 86.68999481201172, best_prec 86.68999481201172
Epoch 30, l0 norm : 5577421, l1 norm : 1970646.2694091797
Epoch 30, min : 0.0, max : 0.4276713728904724
This epoch duration :2879.222484588623
Epoch 30, val-method base, validation accuracy 87.0, best_prec 87.0
Epoch 31, l0 norm : 5577421, l1 norm : 1957852.7167892456
Epoch 31, min : 0.0, max : 0.42597344517707825
This epoch duration :2879.188591003418
Epoch 31, val-method base, validation accuracy 85.62999725341797, best_prec 87.0
Epoch 32, l0 norm : 5577421, l1 norm : 1945687.390258789
Epoch 32, min : 0.0, max : 0.42543432116508484
This epoch duration :2878.02547621727
Epoch 32, val-method base, validation accuracy 86.95999908447266, best_prec 87.0
Epoch 33, l0 norm : 5577421, l1 norm : 1934158.0061035156
Epoch 33, min : 0.0, max : 0.42386049032211304
This epoch duration :2878.8361780643463
Epoch 33, val-method base, validation accuracy 87.0, best_prec 87.0
Epoch 34, l0 norm : 5577421, l1 norm : 1923310.3376464844
Epoch 34, min : 0.0, max : 0.4228745102882385
This epoch duration :2878.856338262558
Epoch 34, val-method base, validation accuracy 87.36000061035156, best_prec 87.36000061035156
Epoch 35, l0 norm : 5577421, l1 norm : 1913068.3468933105
Epoch 35, min : 0.0, max : 0.42063185572624207
This epoch duration :2878.165592432022
Epoch 35, val-method base, validation accuracy 87.63999938964844, best_prec 87.63999938964844
Epoch 36, l0 norm : 5577421, l1 norm : 1903467.913017273
Epoch 36, min : 0.0, max : 0.4167221784591675
This epoch duration :2878.8850390911102
Epoch 36, val-method base, validation accuracy 87.77999877929688, best_prec 87.77999877929688
Epoch 37, l0 norm : 5577421, l1 norm : 1894501.9353179932
Epoch 37, min : 0.0, max : 0.417032927274704
This epoch duration :2881.1353602409363
Epoch 37, val-method base, validation accuracy 86.97000122070312, best_prec 87.77999877929688
Epoch 38, l0 norm : 5577421, l1 norm : 1886144.40750885
Epoch 38, min : 0.0, max : 0.41770070791244507
This epoch duration :2877.721678495407
Epoch 38, val-method base, validation accuracy 88.0, best_prec 88.0
Epoch 39, l0 norm : 5577421, l1 norm : 1878355.0052490234
Epoch 39, min : 0.0, max : 0.4156418740749359
This epoch duration :2878.414983034134
Epoch 39, val-method base, validation accuracy 88.08999633789062, best_prec 88.08999633789062
Epoch 40, l0 norm : 5577421, l1 norm : 1871197.474533081
Epoch 40, min : 0.0, max : 0.4146813154220581
This epoch duration :2879.4002408981323
Epoch 40, val-method base, validation accuracy 88.13999938964844, best_prec 88.13999938964844
Epoch 41, l0 norm : 5577421, l1 norm : 1864580.576034546
Epoch 41, min : 0.0, max : 0.4158654808998108
This epoch duration :2878.385334968567
Epoch 41, val-method base, validation accuracy 88.73999786376953, best_prec 88.73999786376953
Epoch 42, l0 norm : 5577421, l1 norm : 1858554.643081665
Epoch 42, min : 0.0, max : 0.4146992564201355
This epoch duration :2879.9574975967407
Epoch 42, val-method base, validation accuracy 88.75, best_prec 88.75
Epoch 43, l0 norm : 5577421, l1 norm : 1853121.0936965942
Epoch 43, min : 0.0, max : 0.4146651327610016
This epoch duration :2878.193811893463
Epoch 43, val-method base, validation accuracy 89.12999725341797, best_prec 89.12999725341797
Epoch 44, l0 norm : 5577421, l1 norm : 1848240.4370803833
Epoch 44, min : 0.0, max : 0.41378188133239746
This epoch duration :2878.884374856949
Epoch 44, val-method base, validation accuracy 88.47999572753906, best_prec 89.12999725341797
Epoch 45, l0 norm : 5577421, l1 norm : 1843968.6260681152
Epoch 45, min : 0.0, max : 0.41376298666000366
This epoch duration :2878.069212913513
Epoch 45, val-method base, validation accuracy 88.72999572753906, best_prec 89.12999725341797
Epoch 46, l0 norm : 5577421, l1 norm : 1840221.3534622192
Epoch 46, min : 0.0, max : 0.413017213344574
This epoch duration :2878.655154943466
Epoch 46, val-method base, validation accuracy 88.58999633789062, best_prec 89.12999725341797
Epoch 47, l0 norm : 5577421, l1 norm : 1837021.8433990479
Epoch 47, min : 0.0, max : 0.41301172971725464
This epoch duration :2877.7439539432526
Epoch 47, val-method base, validation accuracy 89.36000061035156, best_prec 89.36000061035156
Epoch 48, l0 norm : 5577421, l1 norm : 1834368.5252075195
Epoch 48, min : 0.0, max : 0.41410961747169495
This epoch duration :2877.2005500793457
Epoch 48, val-method base, validation accuracy 89.63999938964844, best_prec 89.63999938964844
Epoch 49, l0 norm : 5577421, l1 norm : 1832261.2103729248
Epoch 49, min : 0.0, max : 0.4128810465335846
This epoch duration :2877.740814447403
Epoch 49, val-method base, validation accuracy 88.88999938964844, best_prec 89.63999938964844
Epoch 50, l0 norm : 5577421, l1 norm : 1830679.1174621582
Epoch 50, min : 0.0, max : 0.4130201041698456
This epoch duration :2879.013727903366
Epoch 50, val-method base, validation accuracy 88.50999450683594, best_prec 89.63999938964844
Epoch 51, l0 norm : 5577421, l1 norm : 1829594.7036437988
Epoch 51, min : 0.0, max : 0.4142995774745941
This epoch duration :2877.749738931656
Epoch 51, val-method base, validation accuracy 89.27999877929688, best_prec 89.63999938964844
Epoch 52, l0 norm : 5577421, l1 norm : 1829043.1446533203
Epoch 52, min : 0.0, max : 0.41455796360969543
This epoch duration :2879.9220793247223
Epoch 52, val-method base, validation accuracy 89.40999603271484, best_prec 89.63999938964844
Epoch 53, l0 norm : 5577421, l1 norm : 1829004.6528320312
Epoch 53, min : 0.0, max : 0.41489529609680176
This epoch duration :2881.9808099269867
Epoch 53, val-method base, validation accuracy 88.91999816894531, best_prec 89.63999938964844
Epoch 54, l0 norm : 5577421, l1 norm : 1829415.3142623901
Epoch 54, min : 0.0, max : 0.41412365436553955
This epoch duration :2881.9480073451996
Epoch 54, val-method base, validation accuracy 89.9000015258789, best_prec 89.9000015258789
Epoch 55, l0 norm : 5577421, l1 norm : 1830341.1520309448
Epoch 55, min : 0.0, max : 0.4157554805278778
This epoch duration :2884.9988811016083
Epoch 55, val-method base, validation accuracy 90.16999816894531, best_prec 90.16999816894531
Epoch 56, l0 norm : 5577421, l1 norm : 1831735.990989685
Epoch 56, min : 0.0, max : 0.4158160090446472
This epoch duration :2882.319582462311
Epoch 56, val-method base, validation accuracy 89.79999542236328, best_prec 90.16999816894531
Epoch 57, l0 norm : 5577421, l1 norm : 1833617.2940979004
Epoch 57, min : 0.0, max : 0.4166000187397003
This epoch duration :2882.0293476581573
Epoch 57, val-method base, validation accuracy 90.29000091552734, best_prec 90.29000091552734
Epoch 58, l0 norm : 5577421, l1 norm : 1835987.501876831
Epoch 58, min : 0.0, max : 0.4176509380340576
This epoch duration :2880.511803627014
Epoch 58, val-method base, validation accuracy 90.27999877929688, best_prec 90.29000091552734
Epoch 59, l0 norm : 5577421, l1 norm : 1838816.0300292969
Epoch 59, min : 0.0, max : 0.4190177321434021
This epoch duration :2878.601063489914
Epoch 59, val-method base, validation accuracy 90.25999450683594, best_prec 90.29000091552734
Epoch 60, l0 norm : 5577421, l1 norm : 1842095.3990783691
Epoch 60, min : 0.0, max : 0.42011258006095886
This epoch duration :2879.1078436374664
Epoch 60, val-method base, validation accuracy 90.57999420166016, best_prec 90.57999420166016
Epoch 61, l0 norm : 5577421, l1 norm : 1845824.1440811157
Epoch 61, min : 0.0, max : 0.42065295577049255
This epoch duration :2879.3780517578125
Epoch 61, val-method base, validation accuracy 90.98999786376953, best_prec 90.98999786376953
Epoch 62, l0 norm : 5577421, l1 norm : 1849982.1083450317
Epoch 62, min : 0.0, max : 0.4207465946674347
This epoch duration :2880.1741206645966
Epoch 62, val-method base, validation accuracy 90.29000091552734, best_prec 90.98999786376953
Epoch 63, l0 norm : 5577421, l1 norm : 1854583.5149841309
Epoch 63, min : 0.0, max : 0.4226439297199249
This epoch duration :2880.844959974289
Epoch 63, val-method base, validation accuracy 90.63999938964844, best_prec 90.98999786376953
Epoch 64, l0 norm : 5577421, l1 norm : 1859580.0527877808
Epoch 64, min : 0.0, max : 0.4250466525554657
This epoch duration :2882.32918715477
Epoch 64, val-method base, validation accuracy 91.0, best_prec 91.0
Epoch 65, l0 norm : 5577421, l1 norm : 1864992.330215454
Epoch 65, min : 0.0, max : 0.4267832338809967
This epoch duration :2881.1549422740936
Epoch 65, val-method base, validation accuracy 91.0, best_prec 91.0
Epoch 66, l0 norm : 5577421, l1 norm : 1870822.281173706
Epoch 66, min : 0.0, max : 0.4277612268924713
This epoch duration :2879.75736951828
Epoch 66, val-method base, validation accuracy 89.6500015258789, best_prec 91.0
Epoch 67, l0 norm : 5577421, l1 norm : 1877043.444267273
Epoch 67, min : 0.0, max : 0.42974036931991577
This epoch duration :2885.6987614631653
Epoch 67, val-method base, validation accuracy 90.75999450683594, best_prec 91.0
Epoch 68, l0 norm : 5577421, l1 norm : 1883650.9371566772
Epoch 68, min : 0.0, max : 0.43154922127723694
This epoch duration :2885.9018034934998
Epoch 68, val-method base, validation accuracy 90.93999481201172, best_prec 91.0
Epoch 69, l0 norm : 5577421, l1 norm : 1890622.8472442627
Epoch 69, min : 0.0, max : 0.43322330713272095
This epoch duration :2884.243197441101
Epoch 69, val-method base, validation accuracy 91.00999450683594, best_prec 91.00999450683594
Epoch 70, l0 norm : 5577421, l1 norm : 1897962.8716049194
Epoch 70, min : 0.0, max : 0.43489235639572144
This epoch duration :2884.92089343071
Epoch 70, val-method base, validation accuracy 90.69999694824219, best_prec 91.00999450683594
Epoch 71, l0 norm : 5577421, l1 norm : 1905653.0772323608
Epoch 71, min : 0.0, max : 0.4369274973869324
This epoch duration :2887.045226097107
Epoch 71, val-method base, validation accuracy 91.23999786376953, best_prec 91.23999786376953
Epoch 72, l0 norm : 5577421, l1 norm : 1913686.1340789795
Epoch 72, min : 0.0, max : 0.4386199712753296
This epoch duration :2885.939021587372
Epoch 72, val-method base, validation accuracy 91.22000122070312, best_prec 91.23999786376953
Epoch 73, l0 norm : 5577421, l1 norm : 1922062.7717132568
Epoch 73, min : 0.0, max : 0.4414823353290558
This epoch duration :2886.0269384384155
Epoch 73, val-method base, validation accuracy 91.08999633789062, best_prec 91.23999786376953
Epoch 74, l0 norm : 5577421, l1 norm : 1930746.8917922974
Epoch 74, min : 0.0, max : 0.4430289566516876
This epoch duration :2886.306890964508
Epoch 74, val-method base, validation accuracy 91.19999694824219, best_prec 91.23999786376953
Epoch 75, l0 norm : 5577421, l1 norm : 1939742.702178955
Epoch 75, min : 0.0, max : 0.445194810628891
This epoch duration :2887.08513212204
Epoch 75, val-method base, validation accuracy 91.90999603271484, best_prec 91.90999603271484
Epoch 76, l0 norm : 5577421, l1 norm : 1949031.341140747
Epoch 76, min : 0.0, max : 0.4480714499950409
This epoch duration :2884.761801481247
Epoch 76, val-method base, validation accuracy 91.89999389648438, best_prec 91.90999603271484
Epoch 77, l0 norm : 5577421, l1 norm : 1958587.3415298462
Epoch 77, min : 0.0, max : 0.45059821009635925
This epoch duration :2886.207242012024
Epoch 77, val-method base, validation accuracy 91.57999420166016, best_prec 91.90999603271484
Epoch 78, l0 norm : 5577421, l1 norm : 1968416.8593139648
Epoch 78, min : 0.0, max : 0.45367515087127686
This epoch duration :2884.7268075942993
Epoch 78, val-method base, validation accuracy 91.57999420166016, best_prec 91.90999603271484
Epoch 79, l0 norm : 5577421, l1 norm : 1978488.2815093994
Epoch 79, min : 0.0, max : 0.4576614499092102
This epoch duration :2885.6864943504333
Epoch 79, val-method base, validation accuracy 91.73999786376953, best_prec 91.90999603271484
Epoch 80, l0 norm : 5577421, l1 norm : 1988800.4301681519
Epoch 80, min : 0.0, max : 0.45964059233665466
This epoch duration :2885.473904132843
Epoch 80, val-method base, validation accuracy 92.0, best_prec 92.0
Epoch 81, l0 norm : 5577421, l1 norm : 1999307.6148223877
Epoch 81, min : 0.0, max : 0.4632873833179474
This epoch duration :2884.457208633423
Epoch 81, val-method base, validation accuracy 92.04999542236328, best_prec 92.04999542236328
Epoch 82, l0 norm : 5577421, l1 norm : 2010001.321609497
Epoch 82, min : 0.0, max : 0.4676670432090759
This epoch duration :2885.1117463111877
Epoch 82, val-method base, validation accuracy 92.06999969482422, best_prec 92.06999969482422
Epoch 83, l0 norm : 5577421, l1 norm : 2020885.934890747
Epoch 83, min : 0.0, max : 0.4691174030303955
This epoch duration :2886.660003185272
Epoch 83, val-method base, validation accuracy 92.16999816894531, best_prec 92.16999816894531
Epoch 84, l0 norm : 5577421, l1 norm : 2031924.8613739014
Epoch 84, min : 0.0, max : 0.4721907675266266
This epoch duration :2886.065817594528
Epoch 84, val-method base, validation accuracy 92.14999389648438, best_prec 92.16999816894531
Epoch 85, l0 norm : 5577421, l1 norm : 2043116.858139038
Epoch 85, min : 0.0, max : 0.4757304787635803
This epoch duration :2884.497456550598
Epoch 85, val-method base, validation accuracy 92.11000061035156, best_prec 92.16999816894531
Epoch 86, l0 norm : 5577421, l1 norm : 2054422.5496368408
Epoch 86, min : 0.0, max : 0.4798129200935364
This epoch duration :2884.9071519374847
Epoch 86, val-method base, validation accuracy 91.8499984741211, best_prec 92.16999816894531
Epoch 87, l0 norm : 5577421, l1 norm : 2065813.183959961
Epoch 87, min : 0.0, max : 0.48507532477378845
This epoch duration :2883.825467824936
Epoch 87, val-method base, validation accuracy 92.18000030517578, best_prec 92.18000030517578
Epoch 88, l0 norm : 5577421, l1 norm : 2077256.9035110474
Epoch 88, min : 0.0, max : 0.4899228811264038
This epoch duration :2882.333833694458
Epoch 88, val-method base, validation accuracy 92.33999633789062, best_prec 92.33999633789062
Epoch 89, l0 norm : 5577421, l1 norm : 2088759.7521820068
Epoch 89, min : 0.0, max : 0.49283742904663086
This epoch duration :2882.5331394672394
Epoch 89, val-method base, validation accuracy 92.1199951171875, best_prec 92.33999633789062
Epoch 90, l0 norm : 5577421, l1 norm : 2100302.993484497
Epoch 90, min : 0.0, max : 0.49653786420822144
This epoch duration :2883.236970424652
Epoch 90, val-method base, validation accuracy 92.08999633789062, best_prec 92.33999633789062
Epoch 91, l0 norm : 5577421, l1 norm : 2111841.99848938
Epoch 91, min : 0.0, max : 0.5006975531578064
This epoch duration :2884.447226047516
Epoch 91, val-method base, validation accuracy 92.18999481201172, best_prec 92.33999633789062
Epoch 92, l0 norm : 5577421, l1 norm : 2123347.609359741
Epoch 92, min : 0.0, max : 0.5040934681892395
This epoch duration :2885.6934151649475
Epoch 92, val-method base, validation accuracy 92.0999984741211, best_prec 92.33999633789062
Epoch 93, l0 norm : 5577421, l1 norm : 2134820.6811065674
Epoch 93, min : 0.0, max : 0.5080658793449402
This epoch duration :2883.1549170017242
Epoch 93, val-method base, validation accuracy 92.13999938964844, best_prec 92.33999633789062
Epoch 94, l0 norm : 5577421, l1 norm : 2146206.1171188354
Epoch 94, min : 0.0, max : 0.5118703842163086
This epoch duration :2884.453586101532
Epoch 94, val-method base, validation accuracy 91.98999786376953, best_prec 92.33999633789062
Epoch 95, l0 norm : 5577421, l1 norm : 2157470.2646636963
Epoch 95, min : 0.0, max : 0.5145423412322998
This epoch duration :2885.622403860092
Epoch 95, val-method base, validation accuracy 91.82999420166016, best_prec 92.33999633789062
Epoch 96, l0 norm : 5577421, l1 norm : 2168646.2410964966
Epoch 96, min : 0.0, max : 0.5174098610877991
This epoch duration :2885.0062193870544
Epoch 96, val-method base, validation accuracy 92.02999877929688, best_prec 92.33999633789062
Epoch 97, l0 norm : 5577421, l1 norm : 2179640.8024749756
Epoch 97, min : 0.0, max : 0.52096027135849
This epoch duration :2599.162649869919
Epoch 97, val-method base, validation accuracy 91.89999389648438, best_prec 92.33999633789062
Epoch 98, l0 norm : 5577421, l1 norm : 2190436.0282669067
Epoch 98, min : 0.0, max : 0.5244259834289551
This epoch duration :2325.1008903980255
Epoch 98, val-method base, validation accuracy 91.87999725341797, best_prec 92.33999633789062
Epoch 99, l0 norm : 5577421, l1 norm : 2201040.3822021484
Epoch 99, min : 0.0, max : 0.5273032188415527
This epoch duration :1876.7049250602722
Epoch 99, val-method base, validation accuracy 91.68999481201172, best_prec 92.33999633789062
