Namespace(configs='configs/CIFAR10/pen_bip_3.yml', result_dir='./trained_models', exp_name='RC_pb3_l9k01', exp_mode='prune', arch='resnet18', num_classes=10, layer_type='unstructured', k=0.1, lambd=0.999999999, alpha=1.0, scaled_score_init=True, scale_rand_init=False, freeze_bn=False, source_net='trained_models/CIFAR10_resnet18_Pretrain/pretrain/latest_exp/checkpoint/model_best.pth.tar', scores_init_type=None, dataset='CIFAR10', batch_size=128, num_workers=2, test_batch_size=128, normalize=True, data_dir='./data', image_dim=32, trainer='penalized_bilevel_3', epochs=100, optimizer='sgd', wd=0.0001, mask_lr=0.1, lr=0.1, mask_lr_schedule='step', lr_schedule='cosine', momentum=0.9, warmup_epochs=0, warmup_lr=0.1, save_dense=False, evaluate=False, val_method='base', resume='', seed=1234, print_freq=100, lr2=0.0001, accelerate=False)
=> loading source model from 'trained_models/CIFAR10_resnet18_Pretrain/pretrain/latest_exp/checkpoint/model_best.pth.tar'
=> loaded checkpoint 'trained_models/CIFAR10_resnet18_Pretrain/pretrain/latest_exp/checkpoint/model_best.pth.tar'
Epoch 0, l0 norm : 657952, l1 norm : 331159.9661102295
Epoch 0, min : 0.0, max : 0.9871258735656738
This epoch duration :982.9236476421356
Epoch 0, val-method base, validation accuracy 35.55999755859375, best_prec 35.55999755859375
Epoch 1, l0 norm : 657952, l1 norm : 326952.8945083618
Epoch 1, min : 0.0, max : 0.9744598865509033
This epoch duration :980.328426361084
Epoch 1, val-method base, validation accuracy 50.11000061035156, best_prec 50.11000061035156
Epoch 2, l0 norm : 657952, l1 norm : 322755.516494751
Epoch 2, min : 0.0, max : 0.9620466828346252
This epoch duration :979.7744867801666
Epoch 2, val-method base, validation accuracy 53.0099983215332, best_prec 53.0099983215332
Epoch 3, l0 norm : 657952, l1 norm : 318644.10862731934
Epoch 3, min : 0.0, max : 0.9498899579048157
This epoch duration :1041.713217973709
Epoch 3, val-method base, validation accuracy 59.03999710083008, best_prec 59.03999710083008
Epoch 4, l0 norm : 657952, l1 norm : 314615.60751342773
Epoch 4, min : 0.0, max : 0.9379942417144775
This epoch duration :977.6112627983093
Epoch 4, val-method base, validation accuracy 62.16999816894531, best_prec 62.16999816894531
Epoch 5, l0 norm : 657952, l1 norm : 310711.34128570557
Epoch 5, min : 0.0, max : 0.926362931728363
This epoch duration :1028.9500136375427
Epoch 5, val-method base, validation accuracy 68.06999969482422, best_prec 68.06999969482422
Epoch 6, l0 norm : 657952, l1 norm : 306896.7972564697
Epoch 6, min : 0.0, max : 0.9149988889694214
This epoch duration :1024.8514561653137
Epoch 6, val-method base, validation accuracy 66.88999938964844, best_prec 68.06999969482422
Epoch 7, l0 norm : 657952, l1 norm : 303171.8740615845
Epoch 7, min : 0.0, max : 0.9039047956466675
This epoch duration :1014.8838863372803
Epoch 7, val-method base, validation accuracy 69.81999969482422, best_prec 69.81999969482422
Epoch 8, l0 norm : 657952, l1 norm : 299535.40003967285
Epoch 8, min : 0.0, max : 0.8930832147598267
This epoch duration :992.3997123241425
Epoch 8, val-method base, validation accuracy 72.91999816894531, best_prec 72.91999816894531
Epoch 9, l0 norm : 657952, l1 norm : 295993.6964492798
Epoch 9, min : 0.0, max : 0.8825358152389526
This epoch duration :980.7298340797424
Epoch 9, val-method base, validation accuracy 74.41999816894531, best_prec 74.41999816894531
Epoch 10, l0 norm : 657952, l1 norm : 292518.6456222534
Epoch 10, min : 0.0, max : 0.8722634315490723
This epoch duration :980.2404527664185
Epoch 10, val-method base, validation accuracy 75.66999816894531, best_prec 75.66999816894531
Epoch 11, l0 norm : 657952, l1 norm : 289126.0747680664
Epoch 11, min : 0.0, max : 0.8622668981552124
This epoch duration :979.6125180721283
Epoch 11, val-method base, validation accuracy 75.08999633789062, best_prec 75.66999816894531
Epoch 12, l0 norm : 657952, l1 norm : 285832.59048461914
Epoch 12, min : 0.0, max : 0.8525470495223999
This epoch duration :980.3233811855316
Epoch 12, val-method base, validation accuracy 77.50999450683594, best_prec 77.50999450683594
Epoch 13, l0 norm : 657952, l1 norm : 282625.6382522583
Epoch 13, min : 0.0, max : 0.8431037068367004
This epoch duration :979.4153437614441
Epoch 13, val-method base, validation accuracy 78.43000030517578, best_prec 78.43000030517578
Epoch 14, l0 norm : 657952, l1 norm : 279521.44021606445
Epoch 14, min : 0.0, max : 0.8339367508888245
This epoch duration :980.8779163360596
Epoch 14, val-method base, validation accuracy 79.25999450683594, best_prec 79.25999450683594
Epoch 15, l0 norm : 657952, l1 norm : 276508.28399658203
Epoch 15, min : 0.0, max : 0.8250459432601929
This epoch duration :980.7395012378693
Epoch 15, val-method base, validation accuracy 77.0199966430664, best_prec 79.25999450683594
Epoch 16, l0 norm : 657952, l1 norm : 273593.1559524536
Epoch 16, min : 0.0, max : 0.8164296746253967
This epoch duration :980.6524381637573
Epoch 16, val-method base, validation accuracy 79.15999603271484, best_prec 79.25999450683594
Epoch 17, l0 norm : 657952, l1 norm : 270779.0847015381
Epoch 17, min : 0.0, max : 0.8080877661705017
This epoch duration :980.3222453594208
Epoch 17, val-method base, validation accuracy 80.5, best_prec 80.5
Epoch 18, l0 norm : 657952, l1 norm : 268059.4387779236
Epoch 18, min : 0.0, max : 0.8000186085700989
This epoch duration :981.1270668506622
Epoch 18, val-method base, validation accuracy 82.79000091552734, best_prec 82.79000091552734
Epoch 19, l0 norm : 657952, l1 norm : 265422.98902130127
Epoch 19, min : 0.0, max : 0.7922207713127136
This epoch duration :980.7836105823517
Epoch 19, val-method base, validation accuracy 80.79999542236328, best_prec 82.79000091552734
Epoch 20, l0 norm : 657952, l1 norm : 262880.1067314148
Epoch 20, min : 0.0, max : 0.7846932411193848
This epoch duration :980.7929713726044
Epoch 20, val-method base, validation accuracy 81.30999755859375, best_prec 82.79000091552734
Epoch 21, l0 norm : 657952, l1 norm : 260437.20666503906
Epoch 21, min : 0.0, max : 0.7774331569671631
This epoch duration :980.2024343013763
Epoch 21, val-method base, validation accuracy 83.29000091552734, best_prec 83.29000091552734
Epoch 22, l0 norm : 657952, l1 norm : 258083.6815185547
Epoch 22, min : 0.0, max : 0.7704387307167053
This epoch duration :980.1338720321655
Epoch 22, val-method base, validation accuracy 81.90999603271484, best_prec 83.29000091552734
Epoch 23, l0 norm : 657952, l1 norm : 255818.47078323364
Epoch 23, min : 0.0, max : 0.7637078762054443
This epoch duration :980.2732126712799
Epoch 23, val-method base, validation accuracy 83.0199966430664, best_prec 83.29000091552734
Epoch 24, l0 norm : 657952, l1 norm : 253638.207321167
Epoch 24, min : 0.0, max : 0.757239043712616
This epoch duration :980.0745627880096
Epoch 24, val-method base, validation accuracy 83.54000091552734, best_prec 83.54000091552734
Epoch 25, l0 norm : 657952, l1 norm : 251548.1549758911
Epoch 25, min : 0.0, max : 0.7510285973548889
This epoch duration :980.1893906593323
Epoch 25, val-method base, validation accuracy 81.20999908447266, best_prec 83.54000091552734
Epoch 26, l0 norm : 657952, l1 norm : 249543.38579940796
Epoch 26, min : 0.0, max : 0.7450751066207886
This epoch duration :979.7599232196808
Epoch 26, val-method base, validation accuracy 83.4000015258789, best_prec 83.54000091552734
Epoch 27, l0 norm : 657952, l1 norm : 247624.26139450073
Epoch 27, min : 0.0, max : 0.739375650882721
This epoch duration :980.1636312007904
Epoch 27, val-method base, validation accuracy 83.88999938964844, best_prec 83.88999938964844
Epoch 28, l0 norm : 657952, l1 norm : 245792.4886894226
Epoch 28, min : 0.0, max : 0.7339282631874084
This epoch duration :979.6556816101074
Epoch 28, val-method base, validation accuracy 84.08999633789062, best_prec 84.08999633789062
Epoch 29, l0 norm : 657952, l1 norm : 244045.5691795349
Epoch 29, min : 0.0, max : 0.7287293076515198
This epoch duration :994.4395697116852
Epoch 29, val-method base, validation accuracy 84.8499984741211, best_prec 84.8499984741211
Epoch 30, l0 norm : 657952, l1 norm : 242380.0456123352
Epoch 30, min : 0.0, max : 0.7237764000892639
This epoch duration :1004.2705385684967
Epoch 30, val-method base, validation accuracy 83.56999969482422, best_prec 84.8499984741211
Epoch 31, l0 norm : 657952, l1 norm : 240796.05647277832
Epoch 31, min : 0.0, max : 0.7190676331520081
This epoch duration :996.86385846138
Epoch 31, val-method base, validation accuracy 84.33999633789062, best_prec 84.8499984741211
Epoch 32, l0 norm : 657952, l1 norm : 239295.9430961609
Epoch 32, min : 0.0, max : 0.7145993113517761
This epoch duration :997.2056419849396
Epoch 32, val-method base, validation accuracy 85.32999420166016, best_prec 85.32999420166016
Epoch 33, l0 norm : 657952, l1 norm : 237873.44577026367
Epoch 33, min : 0.0, max : 0.7103691697120667
This epoch duration :988.9965958595276
Epoch 33, val-method base, validation accuracy 84.61000061035156, best_prec 85.32999420166016
Epoch 34, l0 norm : 657952, l1 norm : 236530.00232696533
Epoch 34, min : 0.0, max : 0.7063747048377991
This epoch duration :990.8290479183197
Epoch 34, val-method base, validation accuracy 85.05999755859375, best_prec 85.32999420166016
Epoch 35, l0 norm : 657952, l1 norm : 235267.24242401123
Epoch 35, min : 0.0, max : 0.7026122212409973
This epoch duration :982.0531105995178
Epoch 35, val-method base, validation accuracy 85.72999572753906, best_prec 85.72999572753906
Epoch 36, l0 norm : 657952, l1 norm : 234079.41397094727
Epoch 36, min : 0.0, max : 0.6990800499916077
This epoch duration :979.6731233596802
Epoch 36, val-method base, validation accuracy 85.73999786376953, best_prec 85.73999786376953
Epoch 37, l0 norm : 657952, l1 norm : 232968.66608810425
Epoch 37, min : 0.0, max : 0.6957751512527466
This epoch duration :988.4303810596466
Epoch 37, val-method base, validation accuracy 85.36000061035156, best_prec 85.73999786376953
Epoch 38, l0 norm : 657952, l1 norm : 231933.97465896606
Epoch 38, min : 0.0, max : 0.6926953792572021
This epoch duration :1005.9748623371124
Epoch 38, val-method base, validation accuracy 85.9000015258789, best_prec 85.9000015258789
Epoch 39, l0 norm : 657952, l1 norm : 230971.60329437256
Epoch 39, min : 0.0, max : 0.6898365020751953
This epoch duration :1032.4525315761566
Epoch 39, val-method base, validation accuracy 84.93999481201172, best_prec 85.9000015258789
Epoch 40, l0 norm : 657952, l1 norm : 230084.4545059204
Epoch 40, min : 0.0, max : 0.6871964931488037
This epoch duration :1044.7415294647217
Epoch 40, val-method base, validation accuracy 85.37999725341797, best_prec 85.9000015258789
Epoch 41, l0 norm : 657952, l1 norm : 229269.67684936523
Epoch 41, min : 0.0, max : 0.6847736239433289
This epoch duration :1024.5321888923645
Epoch 41, val-method base, validation accuracy 85.45999908447266, best_prec 85.9000015258789
Epoch 42, l0 norm : 657952, l1 norm : 228524.58876037598
Epoch 42, min : 0.0, max : 0.6825636029243469
This epoch duration :1046.434608221054
Epoch 42, val-method base, validation accuracy 85.29000091552734, best_prec 85.9000015258789
Epoch 43, l0 norm : 657952, l1 norm : 227851.99446105957
Epoch 43, min : 0.0, max : 0.6805644631385803
This epoch duration :1046.486068725586
Epoch 43, val-method base, validation accuracy 85.97000122070312, best_prec 85.97000122070312
Epoch 44, l0 norm : 657952, l1 norm : 227247.6620941162
Epoch 44, min : 0.0, max : 0.6787753701210022
This epoch duration :1047.2393834590912
Epoch 44, val-method base, validation accuracy 86.63999938964844, best_prec 86.63999938964844
Epoch 45, l0 norm : 657952, l1 norm : 226714.83312606812
Epoch 45, min : 0.0, max : 0.6771896481513977
This epoch duration :1044.754306793213
Epoch 45, val-method base, validation accuracy 85.97000122070312, best_prec 86.63999938964844
Epoch 46, l0 norm : 657952, l1 norm : 226249.5514678955
Epoch 46, min : 0.0, max : 0.6758072972297668
This epoch duration :980.1049704551697
Epoch 46, val-method base, validation accuracy 86.7699966430664, best_prec 86.7699966430664
Epoch 47, l0 norm : 657952, l1 norm : 225849.44358825684
Epoch 47, min : 0.0, max : 0.6746261715888977
This epoch duration :980.0122017860413
Epoch 47, val-method base, validation accuracy 86.7699966430664, best_prec 86.7699966430664
Epoch 48, l0 norm : 657952, l1 norm : 225517.6127281189
Epoch 48, min : 0.0, max : 0.6736429929733276
This epoch duration :978.0759696960449
Epoch 48, val-method base, validation accuracy 86.6199951171875, best_prec 86.7699966430664
Epoch 49, l0 norm : 657952, l1 norm : 225252.3828315735
Epoch 49, min : 0.0, max : 0.6728583574295044
This epoch duration :977.7264330387115
Epoch 49, val-method base, validation accuracy 86.27999877929688, best_prec 86.7699966430664
Epoch 50, l0 norm : 657952, l1 norm : 225052.32362365723
Epoch 50, min : 0.0, max : 0.6722628474235535
This epoch duration :976.6202354431152
Epoch 50, val-method base, validation accuracy 85.79000091552734, best_prec 86.7699966430664
Epoch 51, l0 norm : 657952, l1 norm : 224913.63594055176
Epoch 51, min : 0.0, max : 0.6718539595603943
This epoch duration :977.4002137184143
Epoch 51, val-method base, validation accuracy 87.25, best_prec 87.25
Epoch 52, l0 norm : 657952, l1 norm : 224839.2712211609
Epoch 52, min : 0.0, max : 0.6716342568397522
This epoch duration :977.304057598114
Epoch 52, val-method base, validation accuracy 86.11000061035156, best_prec 87.25
Epoch 53, l0 norm : 657952, l1 norm : 224826.00242614746
Epoch 53, min : 0.0, max : 0.6716037392616272
This epoch duration :977.6096684932709
Epoch 53, val-method base, validation accuracy 86.33999633789062, best_prec 87.25
Epoch 54, l0 norm : 657952, l1 norm : 224875.97814559937
Epoch 54, min : 0.0, max : 0.6717644333839417
This epoch duration :977.47243475914
Epoch 54, val-method base, validation accuracy 87.02999877929688, best_prec 87.25
Epoch 55, l0 norm : 657952, l1 norm : 224985.68943023682
Epoch 55, min : 0.0, max : 0.6720970273017883
This epoch duration :980.0309674739838
Epoch 55, val-method base, validation accuracy 87.18000030517578, best_prec 87.25
Epoch 56, l0 norm : 657952, l1 norm : 225155.00119018555
Epoch 56, min : 0.0, max : 0.6726017594337463
This epoch duration :992.3669238090515
Epoch 56, val-method base, validation accuracy 87.6500015258789, best_prec 87.6500015258789
Epoch 57, l0 norm : 657952, l1 norm : 225383.38731765747
Epoch 57, min : 0.0, max : 0.6732814311981201
This epoch duration :998.3663556575775
Epoch 57, val-method base, validation accuracy 87.38999938964844, best_prec 87.6500015258789
Epoch 58, l0 norm : 657952, l1 norm : 225667.3598022461
Epoch 58, min : 0.0, max : 0.6741353273391724
This epoch duration :990.6801252365112
Epoch 58, val-method base, validation accuracy 87.66999816894531, best_prec 87.66999816894531
Epoch 59, l0 norm : 657952, l1 norm : 226007.99810791016
Epoch 59, min : 0.0, max : 0.675166130065918
This epoch duration :983.7845396995544
Epoch 59, val-method base, validation accuracy 88.23999786376953, best_prec 88.23999786376953
Epoch 60, l0 norm : 657952, l1 norm : 226405.44324874878
Epoch 60, min : 0.0, max : 0.6763581037521362
This epoch duration :984.3634414672852
Epoch 60, val-method base, validation accuracy 87.72999572753906, best_prec 88.23999786376953
Epoch 61, l0 norm : 657952, l1 norm : 226856.2543411255
Epoch 61, min : 0.0, max : 0.6777150630950928
This epoch duration :976.7811787128448
Epoch 61, val-method base, validation accuracy 87.43000030517578, best_prec 88.23999786376953
Epoch 62, l0 norm : 657952, l1 norm : 227361.90673065186
Epoch 62, min : 0.0, max : 0.6792336702346802
This epoch duration :977.5321369171143
Epoch 62, val-method base, validation accuracy 88.22999572753906, best_prec 88.23999786376953
Epoch 63, l0 norm : 657952, l1 norm : 227920.56954956055
Epoch 63, min : 0.0, max : 0.680908739566803
This epoch duration :976.970974445343
Epoch 63, val-method base, validation accuracy 87.55999755859375, best_prec 88.23999786376953
Epoch 64, l0 norm : 657952, l1 norm : 228531.61734771729
Epoch 64, min : 0.0, max : 0.6827387809753418
This epoch duration :977.8543665409088
Epoch 64, val-method base, validation accuracy 88.55999755859375, best_prec 88.55999755859375
Epoch 65, l0 norm : 657952, l1 norm : 229192.60494995117
Epoch 65, min : 0.0, max : 0.6847202777862549
This epoch duration :977.8732099533081
Epoch 65, val-method base, validation accuracy 88.00999450683594, best_prec 88.55999755859375
Epoch 66, l0 norm : 657952, l1 norm : 229902.9687614441
Epoch 66, min : 0.0, max : 0.6868506073951721
This epoch duration :977.8095617294312
Epoch 66, val-method base, validation accuracy 88.0199966430664, best_prec 88.55999755859375
Epoch 67, l0 norm : 657952, l1 norm : 230662.61742401123
Epoch 67, min : 0.0, max : 0.6891250610351562
This epoch duration :979.2543334960938
Epoch 67, val-method base, validation accuracy 88.6199951171875, best_prec 88.6199951171875
Epoch 68, l0 norm : 657952, l1 norm : 231469.98062896729
Epoch 68, min : 0.0, max : 0.6915406584739685
This epoch duration :977.7099850177765
Epoch 68, val-method base, validation accuracy 87.6199951171875, best_prec 88.6199951171875
Epoch 69, l0 norm : 657952, l1 norm : 232324.64888000488
Epoch 69, min : 0.0, max : 0.6940919160842896
This epoch duration :977.8226017951965
Epoch 69, val-method base, validation accuracy 88.93000030517578, best_prec 88.93000030517578
Epoch 70, l0 norm : 657952, l1 norm : 233224.02630996704
Epoch 70, min : 0.0, max : 0.6967814564704895
This epoch duration :977.72829246521
Epoch 70, val-method base, validation accuracy 88.62999725341797, best_prec 88.93000030517578
Epoch 71, l0 norm : 657952, l1 norm : 234164.9276046753
Epoch 71, min : 0.0, max : 0.6995996236801147
This epoch duration :977.689596414566
Epoch 71, val-method base, validation accuracy 88.07999420166016, best_prec 88.93000030517578
Epoch 72, l0 norm : 657952, l1 norm : 235148.1789932251
Epoch 72, min : 0.0, max : 0.7025408148765564
This epoch duration :978.1464130878448
Epoch 72, val-method base, validation accuracy 88.81999969482422, best_prec 88.93000030517578
Epoch 73, l0 norm : 657952, l1 norm : 236172.70096969604
Epoch 73, min : 0.0, max : 0.7056037783622742
This epoch duration :977.0361187458038
Epoch 73, val-method base, validation accuracy 88.57999420166016, best_prec 88.93000030517578
Epoch 74, l0 norm : 657952, l1 norm : 237234.17351913452
Epoch 74, min : 0.0, max : 0.7087807059288025
This epoch duration :977.4985735416412
Epoch 74, val-method base, validation accuracy 88.86000061035156, best_prec 88.93000030517578
Epoch 75, l0 norm : 657952, l1 norm : 238334.52408599854
Epoch 75, min : 0.0, max : 0.7120702266693115
This epoch duration :978.3609118461609
Epoch 75, val-method base, validation accuracy 88.90999603271484, best_prec 88.93000030517578
Epoch 76, l0 norm : 657952, l1 norm : 239470.2747039795
Epoch 76, min : 0.0, max : 0.7154667973518372
This epoch duration :978.4496648311615
Epoch 76, val-method base, validation accuracy 89.2699966430664, best_prec 89.2699966430664
Epoch 77, l0 norm : 657952, l1 norm : 240639.69077682495
Epoch 77, min : 0.0, max : 0.7189657092094421
This epoch duration :977.7150211334229
Epoch 77, val-method base, validation accuracy 88.97999572753906, best_prec 89.2699966430664
Epoch 78, l0 norm : 657952, l1 norm : 241842.24075317383
Epoch 78, min : 0.0, max : 0.7225605249404907
This epoch duration :977.9735686779022
Epoch 78, val-method base, validation accuracy 89.36000061035156, best_prec 89.36000061035156
Epoch 79, l0 norm : 657952, l1 norm : 243074.8151397705
Epoch 79, min : 0.0, max : 0.7262445688247681
This epoch duration :977.474791765213
Epoch 79, val-method base, validation accuracy 89.16999816894531, best_prec 89.36000061035156
Epoch 80, l0 norm : 657952, l1 norm : 244335.82192993164
Epoch 80, min : 0.0, max : 0.7300154566764832
This epoch duration :973.8059515953064
Epoch 80, val-method base, validation accuracy 89.40999603271484, best_prec 89.40999603271484
Epoch 81, l0 norm : 657952, l1 norm : 245621.87435150146
Epoch 81, min : 0.0, max : 0.7338649034500122
This epoch duration :977.4922711849213
Epoch 81, val-method base, validation accuracy 89.31999969482422, best_prec 89.40999603271484
Epoch 82, l0 norm : 657952, l1 norm : 246931.81928253174
Epoch 82, min : 0.0, max : 0.7377775311470032
This epoch duration :977.5385835170746
Epoch 82, val-method base, validation accuracy 89.13999938964844, best_prec 89.40999603271484
Epoch 83, l0 norm : 657952, l1 norm : 248264.15308761597
Epoch 83, min : 0.0, max : 0.7417574524879456
This epoch duration :976.8907308578491
Epoch 83, val-method base, validation accuracy 89.18000030517578, best_prec 89.40999603271484
Epoch 84, l0 norm : 657952, l1 norm : 249615.7883834839
Epoch 84, min : 0.0, max : 0.7457944750785828
This epoch duration :977.9252779483795
Epoch 84, val-method base, validation accuracy 89.18999481201172, best_prec 89.40999603271484
Epoch 85, l0 norm : 657952, l1 norm : 250983.784198761
Epoch 85, min : 0.0, max : 0.7498816251754761
This epoch duration :977.1873550415039
Epoch 85, val-method base, validation accuracy 89.2699966430664, best_prec 89.40999603271484
Epoch 86, l0 norm : 657952, l1 norm : 252366.68672943115
Epoch 86, min : 0.0, max : 0.7540091872215271
This epoch duration :978.0767896175385
Epoch 86, val-method base, validation accuracy 89.44999694824219, best_prec 89.44999694824219
Epoch 87, l0 norm : 657952, l1 norm : 253761.63970184326
Epoch 87, min : 0.0, max : 0.7581832408905029
This epoch duration :977.8982985019684
Epoch 87, val-method base, validation accuracy 89.43000030517578, best_prec 89.44999694824219
Epoch 88, l0 norm : 657952, l1 norm : 255165.74014282227
Epoch 88, min : 0.0, max : 0.7623813152313232
This epoch duration :978.2132749557495
Epoch 88, val-method base, validation accuracy 89.63999938964844, best_prec 89.63999938964844
Epoch 89, l0 norm : 657952, l1 norm : 256575.96005630493
Epoch 89, min : 0.0, max : 0.7665954828262329
This epoch duration :977.6420207023621
Epoch 89, val-method base, validation accuracy 89.63999938964844, best_prec 89.63999938964844
Epoch 90, l0 norm : 657952, l1 norm : 257989.670211792
Epoch 90, min : 0.0, max : 0.7708207964897156
This epoch duration :978.4857199192047
Epoch 90, val-method base, validation accuracy 89.6199951171875, best_prec 89.63999938964844
Epoch 91, l0 norm : 657952, l1 norm : 259402.7469329834
Epoch 91, min : 0.0, max : 0.7750382423400879
This epoch duration :977.4920971393585
Epoch 91, val-method base, validation accuracy 89.62999725341797, best_prec 89.63999938964844
Epoch 92, l0 norm : 657952, l1 norm : 260813.2470741272
Epoch 92, min : 0.0, max : 0.7792506814002991
This epoch duration :976.5134932994843
Epoch 92, val-method base, validation accuracy 89.55999755859375, best_prec 89.63999938964844
Epoch 93, l0 norm : 657952, l1 norm : 262216.47508239746
Epoch 93, min : 0.0, max : 0.783437967300415
This epoch duration :977.0660920143127
Epoch 93, val-method base, validation accuracy 89.23999786376953, best_prec 89.63999938964844
Epoch 94, l0 norm : 657952, l1 norm : 263611.4309234619
Epoch 94, min : 0.0, max : 0.7876038551330566
This epoch duration :978.3695936203003
Epoch 94, val-method base, validation accuracy 89.47999572753906, best_prec 89.63999938964844
Epoch 95, l0 norm : 657952, l1 norm : 264992.10430526733
Epoch 95, min : 0.0, max : 0.7917290329933167
This epoch duration :977.9117391109467
Epoch 95, val-method base, validation accuracy 89.50999450683594, best_prec 89.63999938964844
Epoch 96, l0 norm : 657952, l1 norm : 266360.28034973145
Epoch 96, min : 0.0, max : 0.7958168983459473
This epoch duration :978.2406785488129
Epoch 96, val-method base, validation accuracy 89.37999725341797, best_prec 89.63999938964844
Epoch 97, l0 norm : 657952, l1 norm : 267709.66024017334
Epoch 97, min : 0.0, max : 0.7998473048210144
This epoch duration :977.9719467163086
Epoch 97, val-method base, validation accuracy 89.27999877929688, best_prec 89.63999938964844
Epoch 98, l0 norm : 657952, l1 norm : 269032.3494338989
Epoch 98, min : 0.0, max : 0.8038007616996765
This epoch duration :976.5874326229095
Epoch 98, val-method base, validation accuracy 89.25, best_prec 89.63999938964844
Epoch 99, l0 norm : 657952, l1 norm : 270331.62076568604
Epoch 99, min : 0.0, max : 0.8076822757720947
This epoch duration :902.4999461174011
Epoch 99, val-method base, validation accuracy 89.18000030517578, best_prec 89.63999938964844
