Namespace(configs='configs/CIFAR10/pen_bip_1.yml', result_dir='./trained_models', exp_name='RC_pb1_m_28', exp_mode='prune', arch='resnet18', num_classes=10, layer_type='unstructured', k=None, lambd=0.99999999, alpha=1.0, fw_momentum=0.9, scaled_score_init=True, scale_rand_init=False, freeze_bn=False, source_net='trained_models/CIFAR10_resnet18_Pretrain/pretrain/latest_exp/checkpoint/model_best.pth.tar', scores_init_type=None, dataset='CIFAR10', batch_size=128, num_workers=2, test_batch_size=128, normalize=True, data_dir='./data', image_dim=32, trainer='penalized_bilevel_1', epochs=100, optimizer='sgd', wd=0.0001, mask_lr=0.1, lr=0.1, mask_lr_schedule='step', lr_schedule='cosine', momentum=0.9, warmup_epochs=0, warmup_lr=0.1, save_dense=False, evaluate=False, val_method='base', resume='', seed=1234, print_freq=100, lr2=0.0001, accelerate=False)
=> loading source model from 'trained_models/CIFAR10_resnet18_Pretrain/pretrain/latest_exp/checkpoint/model_best.pth.tar'
=> loaded checkpoint 'trained_models/CIFAR10_resnet18_Pretrain/pretrain/latest_exp/checkpoint/model_best.pth.tar'
Epoch 0, l0 norm : 7676787, l1 norm : 1688117.6194915771
Epoch 0, min : 0.0, max : 0.6934858560562134
This epoch duration :1104.9112758636475
Epoch 0, val-method base, validation accuracy 50.099998474121094, best_prec 50.099998474121094
Epoch 1, l0 norm : 7680850, l1 norm : 1721593.4265136719
Epoch 1, min : 0.0, max : 0.6965667605400085
This epoch duration :1097.3777360916138
Epoch 1, val-method base, validation accuracy 66.62999725341797, best_prec 66.62999725341797
Epoch 2, l0 norm : 7682317, l1 norm : 1735209.3831634521
Epoch 2, min : 0.0, max : 0.6887997984886169
This epoch duration :1095.760729789734
Epoch 2, val-method base, validation accuracy 73.36000061035156, best_prec 73.36000061035156
Epoch 3, l0 norm : 7682916, l1 norm : 1741830.5948944092
Epoch 3, min : 0.0, max : 0.6731495261192322
This epoch duration :1097.002254486084
Epoch 3, val-method base, validation accuracy 71.83999633789062, best_prec 73.36000061035156
Epoch 4, l0 norm : 7683175, l1 norm : 1745260.3677368164
Epoch 4, min : 0.0, max : 0.6828288435935974
This epoch duration :1098.1759059429169
Epoch 4, val-method base, validation accuracy 79.41999816894531, best_prec 79.41999816894531
Epoch 5, l0 norm : 7683380, l1 norm : 1747770.0375823975
Epoch 5, min : 0.0, max : 0.6964387893676758
This epoch duration :1097.73428940773
Epoch 5, val-method base, validation accuracy 81.4000015258789, best_prec 81.4000015258789
Epoch 6, l0 norm : 7683540, l1 norm : 1749664.0035705566
Epoch 6, min : 0.0, max : 0.7086650729179382
This epoch duration :1096.6153721809387
Epoch 6, val-method base, validation accuracy 83.8699951171875, best_prec 83.8699951171875
Epoch 7, l0 norm : 7683709, l1 norm : 1751294.122756958
Epoch 7, min : 0.0, max : 0.7178312540054321
This epoch duration :1096.6322793960571
Epoch 7, val-method base, validation accuracy 84.11000061035156, best_prec 84.11000061035156
Epoch 8, l0 norm : 7683823, l1 norm : 1752463.033065796
Epoch 8, min : 0.0, max : 0.7301218509674072
This epoch duration :1095.5908319950104
Epoch 8, val-method base, validation accuracy 83.43999481201172, best_prec 84.11000061035156
Epoch 9, l0 norm : 7683900, l1 norm : 1753358.8773498535
Epoch 9, min : 0.0, max : 0.7334651947021484
This epoch duration :1096.6532716751099
Epoch 9, val-method base, validation accuracy 86.0, best_prec 86.0
Epoch 10, l0 norm : 7683986, l1 norm : 1754234.7960205078
Epoch 10, min : 0.0, max : 0.7362896800041199
This epoch duration :1096.0797107219696
Epoch 10, val-method base, validation accuracy 85.75, best_prec 86.0
Epoch 11, l0 norm : 7684045, l1 norm : 1754930.6278686523
Epoch 11, min : 0.0, max : 0.7354903817176819
This epoch duration :1096.407191991806
Epoch 11, val-method base, validation accuracy 86.5999984741211, best_prec 86.5999984741211
Epoch 12, l0 norm : 7684089, l1 norm : 1755324.3475494385
Epoch 12, min : 0.0, max : 0.7363178730010986
This epoch duration :1096.4372382164001
Epoch 12, val-method base, validation accuracy 86.5999984741211, best_prec 86.5999984741211
Epoch 13, l0 norm : 7684121, l1 norm : 1755635.3371887207
Epoch 13, min : 0.0, max : 0.7373621463775635
This epoch duration :1095.971291065216
Epoch 13, val-method base, validation accuracy 86.02999877929688, best_prec 86.5999984741211
Epoch 14, l0 norm : 7684158, l1 norm : 1756052.1348571777
Epoch 14, min : 0.0, max : 0.7366158366203308
This epoch duration :1096.3966455459595
Epoch 14, val-method base, validation accuracy 87.4000015258789, best_prec 87.4000015258789
Epoch 15, l0 norm : 7684198, l1 norm : 1756554.7540130615
Epoch 15, min : 0.0, max : 0.7341509461402893
This epoch duration :1097.3115208148956
Epoch 15, val-method base, validation accuracy 87.7699966430664, best_prec 87.7699966430664
Epoch 16, l0 norm : 7684221, l1 norm : 1756990.1817626953
Epoch 16, min : 0.0, max : 0.7350185513496399
This epoch duration :1098.0321271419525
Epoch 16, val-method base, validation accuracy 88.5999984741211, best_prec 88.5999984741211
Epoch 17, l0 norm : 7684266, l1 norm : 1757452.585647583
Epoch 17, min : 0.0, max : 0.7352406978607178
This epoch duration :1097.0197253227234
Epoch 17, val-method base, validation accuracy 87.91999816894531, best_prec 88.5999984741211
Epoch 18, l0 norm : 7684295, l1 norm : 1757813.3865509033
Epoch 18, min : 0.0, max : 0.7369581460952759
This epoch duration :1095.921495437622
Epoch 18, val-method base, validation accuracy 88.15999603271484, best_prec 88.5999984741211
Epoch 19, l0 norm : 7684320, l1 norm : 1758208.4591674805
Epoch 19, min : 0.0, max : 0.7377071380615234
This epoch duration :1096.1933798789978
Epoch 19, val-method base, validation accuracy 88.07999420166016, best_prec 88.5999984741211
Epoch 20, l0 norm : 7684340, l1 norm : 1758481.076889038
Epoch 20, min : 0.0, max : 0.7350007891654968
This epoch duration :1096.1213335990906
Epoch 20, val-method base, validation accuracy 88.32999420166016, best_prec 88.5999984741211
Epoch 21, l0 norm : 7684371, l1 norm : 1758864.0713348389
Epoch 21, min : 0.0, max : 0.7349488735198975
This epoch duration :1096.5040397644043
Epoch 21, val-method base, validation accuracy 88.83999633789062, best_prec 88.83999633789062
Epoch 22, l0 norm : 7684387, l1 norm : 1759231.9329528809
Epoch 22, min : 0.0, max : 0.7331036329269409
This epoch duration :1096.698318719864
Epoch 22, val-method base, validation accuracy 87.41999816894531, best_prec 88.83999633789062
Epoch 23, l0 norm : 7684403, l1 norm : 1759469.2015686035
Epoch 23, min : 0.0, max : 0.73337721824646
This epoch duration :1097.0638091564178
Epoch 23, val-method base, validation accuracy 88.29999542236328, best_prec 88.83999633789062
Epoch 24, l0 norm : 7684423, l1 norm : 1759748.3225860596
Epoch 24, min : 0.0, max : 0.7286198139190674
This epoch duration :1096.8497033119202
Epoch 24, val-method base, validation accuracy 88.95999908447266, best_prec 88.95999908447266
Epoch 25, l0 norm : 7684435, l1 norm : 1759944.253250122
Epoch 25, min : 0.0, max : 0.7290176153182983
This epoch duration :1096.333748102188
Epoch 25, val-method base, validation accuracy 88.77999877929688, best_prec 88.95999908447266
Epoch 26, l0 norm : 7684445, l1 norm : 1760098.7609863281
Epoch 26, min : 0.0, max : 0.7293774485588074
This epoch duration :1096.6151914596558
Epoch 26, val-method base, validation accuracy 88.8499984741211, best_prec 88.95999908447266
Epoch 27, l0 norm : 7684449, l1 norm : 1760266.733718872
Epoch 27, min : 0.0, max : 0.7275477051734924
This epoch duration :1096.4333555698395
Epoch 27, val-method base, validation accuracy 89.61000061035156, best_prec 89.61000061035156
Epoch 28, l0 norm : 7684460, l1 norm : 1760410.1595153809
Epoch 28, min : 0.0, max : 0.7267878651618958
This epoch duration :1096.3530855178833
Epoch 28, val-method base, validation accuracy 89.54000091552734, best_prec 89.61000061035156
Epoch 29, l0 norm : 7684470, l1 norm : 1760520.284500122
Epoch 29, min : 0.0, max : 0.7252370715141296
This epoch duration :1097.2382292747498
Epoch 29, val-method base, validation accuracy 89.83999633789062, best_prec 89.83999633789062
Epoch 30, l0 norm : 7684478, l1 norm : 1760654.1046142578
Epoch 30, min : 0.0, max : 0.7228606939315796
This epoch duration :1096.3341927528381
Epoch 30, val-method base, validation accuracy 89.61000061035156, best_prec 89.83999633789062
Epoch 31, l0 norm : 7684486, l1 norm : 1760681.3481445312
Epoch 31, min : 0.0, max : 0.7234082221984863
This epoch duration :1096.040073633194
Epoch 31, val-method base, validation accuracy 88.3499984741211, best_prec 89.83999633789062
Epoch 32, l0 norm : 7684492, l1 norm : 1760685.0937957764
Epoch 32, min : 0.0, max : 0.7225208282470703
This epoch duration :1096.2766580581665
Epoch 32, val-method base, validation accuracy 89.95999908447266, best_prec 89.95999908447266
Epoch 33, l0 norm : 7684502, l1 norm : 1760673.4960632324
Epoch 33, min : 0.0, max : 0.7224568724632263
This epoch duration :1096.243302822113
Epoch 33, val-method base, validation accuracy 89.73999786376953, best_prec 89.95999908447266
Epoch 34, l0 norm : 7684511, l1 norm : 1760723.9375152588
Epoch 34, min : 0.0, max : 0.7199371457099915
This epoch duration :1096.0684394836426
Epoch 34, val-method base, validation accuracy 89.69999694824219, best_prec 89.95999908447266
Epoch 35, l0 norm : 7684517, l1 norm : 1760747.579788208
Epoch 35, min : 0.0, max : 0.718321681022644
This epoch duration :1095.9770867824554
Epoch 35, val-method base, validation accuracy 89.1500015258789, best_prec 89.95999908447266
Epoch 36, l0 norm : 7684523, l1 norm : 1760778.8289489746
Epoch 36, min : 0.0, max : 0.716974675655365
This epoch duration :1096.4924354553223
Epoch 36, val-method base, validation accuracy 89.97999572753906, best_prec 89.97999572753906
Epoch 37, l0 norm : 7684528, l1 norm : 1760773.6011047363
Epoch 37, min : 0.0, max : 0.7158899307250977
This epoch duration :1096.2155997753143
Epoch 37, val-method base, validation accuracy 90.43000030517578, best_prec 90.43000030517578
Epoch 38, l0 norm : 7684533, l1 norm : 1760785.8303833008
Epoch 38, min : 0.0, max : 0.7147400379180908
This epoch duration :1096.5196821689606
Epoch 38, val-method base, validation accuracy 90.64999389648438, best_prec 90.64999389648438
Epoch 39, l0 norm : 7684535, l1 norm : 1760756.9578857422
Epoch 39, min : 0.0, max : 0.7141753435134888
This epoch duration :1096.5594942569733
Epoch 39, val-method base, validation accuracy 90.1199951171875, best_prec 90.64999389648438
Epoch 40, l0 norm : 7684545, l1 norm : 1760698.6448059082
Epoch 40, min : 0.0, max : 0.715396523475647
This epoch duration :1096.537355184555
Epoch 40, val-method base, validation accuracy 90.29999542236328, best_prec 90.64999389648438
Epoch 41, l0 norm : 7684549, l1 norm : 1760609.6949310303
Epoch 41, min : 0.0, max : 0.7151722311973572
This epoch duration :1096.216715335846
Epoch 41, val-method base, validation accuracy 91.2699966430664, best_prec 91.2699966430664
Epoch 42, l0 norm : 7684553, l1 norm : 1760526.790008545
Epoch 42, min : 0.0, max : 0.7151970267295837
This epoch duration :1096.5194156169891
Epoch 42, val-method base, validation accuracy 90.25, best_prec 91.2699966430664
Epoch 43, l0 norm : 7684557, l1 norm : 1760466.6847229004
Epoch 43, min : 0.0, max : 0.7135000824928284
This epoch duration :1096.105479001999
Epoch 43, val-method base, validation accuracy 90.68999481201172, best_prec 91.2699966430664
Epoch 44, l0 norm : 7684559, l1 norm : 1760449.2191009521
Epoch 44, min : 0.0, max : 0.7128354907035828
This epoch duration :1096.5123631954193
Epoch 44, val-method base, validation accuracy 90.89999389648438, best_prec 91.2699966430664
Epoch 45, l0 norm : 7684563, l1 norm : 1760341.7889709473
Epoch 45, min : 0.0, max : 0.7150477766990662
This epoch duration :1096.3066730499268
Epoch 45, val-method base, validation accuracy 90.5199966430664, best_prec 91.2699966430664
Epoch 46, l0 norm : 7684570, l1 norm : 1760227.5755310059
Epoch 46, min : 0.0, max : 0.715749979019165
This epoch duration :1096.5086209774017
Epoch 46, val-method base, validation accuracy 90.54000091552734, best_prec 91.2699966430664
Epoch 47, l0 norm : 7684574, l1 norm : 1760101.682434082
Epoch 47, min : 0.0, max : 0.7165014743804932
This epoch duration :1096.2302536964417
Epoch 47, val-method base, validation accuracy 89.91999816894531, best_prec 91.2699966430664
Epoch 48, l0 norm : 7684577, l1 norm : 1760016.9250793457
Epoch 48, min : 0.0, max : 0.7166901230812073
This epoch duration :1096.2749559879303
Epoch 48, val-method base, validation accuracy 90.54999542236328, best_prec 91.2699966430664
Epoch 49, l0 norm : 7684580, l1 norm : 1759805.0138702393
Epoch 49, min : 0.0, max : 0.7173618674278259
This epoch duration :1096.742561340332
Epoch 49, val-method base, validation accuracy 91.0199966430664, best_prec 91.2699966430664
Epoch 50, l0 norm : 7684583, l1 norm : 1759630.5986785889
Epoch 50, min : 0.0, max : 0.7182044982910156
This epoch duration :1096.9953916072845
Epoch 50, val-method base, validation accuracy 91.39999389648438, best_prec 91.39999389648438
Epoch 51, l0 norm : 7684585, l1 norm : 1759415.0195465088
Epoch 51, min : 0.0, max : 0.717254102230072
This epoch duration :1095.712699174881
Epoch 51, val-method base, validation accuracy 90.41999816894531, best_prec 91.39999389648438
Epoch 52, l0 norm : 7684591, l1 norm : 1759286.7854614258
Epoch 52, min : 0.0, max : 0.7195970416069031
This epoch duration :1096.3992915153503
Epoch 52, val-method base, validation accuracy 91.15999603271484, best_prec 91.39999389648438
Epoch 53, l0 norm : 7684596, l1 norm : 1759040.7129364014
Epoch 53, min : 0.0, max : 0.7192812561988831
This epoch duration :1096.1363706588745
Epoch 53, val-method base, validation accuracy 91.07999420166016, best_prec 91.39999389648438
Epoch 54, l0 norm : 7684601, l1 norm : 1758811.1287231445
Epoch 54, min : 0.0, max : 0.7183422446250916
This epoch duration :1096.3014180660248
Epoch 54, val-method base, validation accuracy 91.18000030517578, best_prec 91.39999389648438
Epoch 55, l0 norm : 7684605, l1 norm : 1758533.4230194092
Epoch 55, min : 0.0, max : 0.7154179215431213
This epoch duration :1096.507866859436
Epoch 55, val-method base, validation accuracy 91.47000122070312, best_prec 91.47000122070312
Epoch 56, l0 norm : 7684606, l1 norm : 1758295.4625854492
Epoch 56, min : 0.0, max : 0.7155029773712158
This epoch duration :1097.0588355064392
Epoch 56, val-method base, validation accuracy 91.52999877929688, best_prec 91.52999877929688
Epoch 57, l0 norm : 7684606, l1 norm : 1757966.0790100098
Epoch 57, min : 0.0, max : 0.7163949608802795
This epoch duration :1096.2054243087769
Epoch 57, val-method base, validation accuracy 91.63999938964844, best_prec 91.63999938964844
Epoch 58, l0 norm : 7684610, l1 norm : 1757604.908065796
Epoch 58, min : 0.0, max : 0.7179345488548279
This epoch duration :1096.6707224845886
Epoch 58, val-method base, validation accuracy 91.66999816894531, best_prec 91.66999816894531
Epoch 59, l0 norm : 7684611, l1 norm : 1757205.5007629395
Epoch 59, min : 0.0, max : 0.718041718006134
This epoch duration :1096.5464038848877
Epoch 59, val-method base, validation accuracy 91.22000122070312, best_prec 91.66999816894531
Epoch 60, l0 norm : 7684612, l1 norm : 1756720.4680175781
Epoch 60, min : 0.0, max : 0.7193943858146667
This epoch duration :1096.6514265537262
Epoch 60, val-method base, validation accuracy 91.77999877929688, best_prec 91.77999877929688
Epoch 61, l0 norm : 7684614, l1 norm : 1756143.9942321777
Epoch 61, min : 0.0, max : 0.7188745141029358
This epoch duration :1097.882883310318
Epoch 61, val-method base, validation accuracy 92.12999725341797, best_prec 92.12999725341797
Epoch 62, l0 norm : 7684615, l1 norm : 1755588.5278015137
Epoch 62, min : 0.0, max : 0.7176628708839417
This epoch duration :1096.5895166397095
Epoch 62, val-method base, validation accuracy 91.94999694824219, best_prec 92.12999725341797
Epoch 63, l0 norm : 7684619, l1 norm : 1754929.6051330566
Epoch 63, min : 0.0, max : 0.7183268070220947
This epoch duration :1098.661537885666
Epoch 63, val-method base, validation accuracy 92.04999542236328, best_prec 92.12999725341797
Epoch 64, l0 norm : 7684621, l1 norm : 1754052.9665985107
Epoch 64, min : 0.0, max : 0.7201382517814636
This epoch duration :1110.8891079425812
Epoch 64, val-method base, validation accuracy 92.07999420166016, best_prec 92.12999725341797
Epoch 65, l0 norm : 7684625, l1 norm : 1753240.0122070312
Epoch 65, min : 0.0, max : 0.7228549718856812
This epoch duration :1104.7603602409363
Epoch 65, val-method base, validation accuracy 92.18000030517578, best_prec 92.18000030517578
Epoch 66, l0 norm : 7684626, l1 norm : 1752212.7471923828
Epoch 66, min : 0.0, max : 0.7202342748641968
This epoch duration :1097.7265403270721
Epoch 66, val-method base, validation accuracy 92.29000091552734, best_prec 92.29000091552734
Epoch 67, l0 norm : 7684629, l1 norm : 1751218.090713501
Epoch 67, min : 0.0, max : 0.7204256057739258
This epoch duration :1096.284057855606
Epoch 67, val-method base, validation accuracy 92.65999603271484, best_prec 92.65999603271484
Epoch 68, l0 norm : 7684630, l1 norm : 1749951.0980682373
Epoch 68, min : 0.0, max : 0.7209641337394714
This epoch duration :1095.9906210899353
Epoch 68, val-method base, validation accuracy 92.75, best_prec 92.75
Epoch 69, l0 norm : 7684637, l1 norm : 1748559.6130828857
Epoch 69, min : 0.0, max : 0.7211920022964478
This epoch duration :1095.60768532753
Epoch 69, val-method base, validation accuracy 92.47000122070312, best_prec 92.75
Epoch 70, l0 norm : 7684638, l1 norm : 1747030.237197876
Epoch 70, min : 0.0, max : 0.7239850163459778
This epoch duration :1095.160164117813
Epoch 70, val-method base, validation accuracy 92.6199951171875, best_prec 92.75
Epoch 71, l0 norm : 7684639, l1 norm : 1745444.1852111816
Epoch 71, min : 0.0, max : 0.7253195643424988
This epoch duration :1095.5696430206299
Epoch 71, val-method base, validation accuracy 92.93000030517578, best_prec 92.93000030517578
Epoch 72, l0 norm : 7684643, l1 norm : 1743363.1076812744
Epoch 72, min : 0.0, max : 0.7279268503189087
This epoch duration :1096.193955898285
Epoch 72, val-method base, validation accuracy 92.97999572753906, best_prec 92.97999572753906
Epoch 73, l0 norm : 7684643, l1 norm : 1741141.4019470215
Epoch 73, min : 0.0, max : 0.7303524613380432
This epoch duration :1096.1740403175354
Epoch 73, val-method base, validation accuracy 93.04999542236328, best_prec 93.04999542236328
Epoch 74, l0 norm : 7684644, l1 norm : 1738989.2799224854
Epoch 74, min : 0.0, max : 0.7315378785133362
This epoch duration :1096.9258947372437
Epoch 74, val-method base, validation accuracy 92.91999816894531, best_prec 93.04999542236328
Epoch 75, l0 norm : 7684644, l1 norm : 1736277.0466918945
Epoch 75, min : 0.0, max : 0.7330067753791809
This epoch duration :1097.3437247276306
Epoch 75, val-method base, validation accuracy 93.31999969482422, best_prec 93.31999969482422
Epoch 76, l0 norm : 7684646, l1 norm : 1733317.1931762695
Epoch 76, min : 0.0, max : 0.7336839437484741
This epoch duration :1095.768654346466
Epoch 76, val-method base, validation accuracy 92.89999389648438, best_prec 93.31999969482422
Epoch 77, l0 norm : 7684647, l1 norm : 1730159.85256958
Epoch 77, min : 0.0, max : 0.7347988486289978
This epoch duration :1096.3005175590515
Epoch 77, val-method base, validation accuracy 93.22000122070312, best_prec 93.31999969482422
Epoch 78, l0 norm : 7684647, l1 norm : 1726850.1629943848
Epoch 78, min : 0.0, max : 0.7361923456192017
This epoch duration :1096.745185136795
Epoch 78, val-method base, validation accuracy 93.30999755859375, best_prec 93.31999969482422
Epoch 79, l0 norm : 7684647, l1 norm : 1723601.1450958252
Epoch 79, min : 0.0, max : 0.7380452156066895
This epoch duration :1097.179033756256
Epoch 79, val-method base, validation accuracy 93.31999969482422, best_prec 93.31999969482422
Epoch 80, l0 norm : 7684648, l1 norm : 1720161.4809570312
Epoch 80, min : 0.0, max : 0.7400819659233093
This epoch duration :1097.2531960010529
Epoch 80, val-method base, validation accuracy 93.3499984741211, best_prec 93.3499984741211
Epoch 81, l0 norm : 7684648, l1 norm : 1716473.346130371
Epoch 81, min : 0.0, max : 0.7412979006767273
This epoch duration :1096.4919037818909
Epoch 81, val-method base, validation accuracy 93.22000122070312, best_prec 93.3499984741211
Epoch 82, l0 norm : 7684649, l1 norm : 1712929.3771972656
Epoch 82, min : 0.0, max : 0.7440645098686218
This epoch duration :1096.3701243400574
Epoch 82, val-method base, validation accuracy 93.18000030517578, best_prec 93.3499984741211
Epoch 83, l0 norm : 7684650, l1 norm : 1708779.3079833984
Epoch 83, min : 0.0, max : 0.7465471029281616
This epoch duration :1096.418836593628
Epoch 83, val-method base, validation accuracy 93.47999572753906, best_prec 93.47999572753906
Epoch 84, l0 norm : 7684650, l1 norm : 1704453.4884490967
Epoch 84, min : 0.0, max : 0.7487634420394897
This epoch duration :1096.879493713379
Epoch 84, val-method base, validation accuracy 93.5, best_prec 93.5
Epoch 85, l0 norm : 7684650, l1 norm : 1700362.6239318848
Epoch 85, min : 0.0, max : 0.7510844469070435
This epoch duration :1096.836877822876
Epoch 85, val-method base, validation accuracy 93.36000061035156, best_prec 93.5
Epoch 86, l0 norm : 7684650, l1 norm : 1696354.2030639648
Epoch 86, min : 0.0, max : 0.7534990906715393
This epoch duration :1096.4659430980682
Epoch 86, val-method base, validation accuracy 93.61000061035156, best_prec 93.61000061035156
Epoch 87, l0 norm : 7684650, l1 norm : 1692238.753479004
Epoch 87, min : 0.0, max : 0.7556605339050293
This epoch duration :1096.3505022525787
Epoch 87, val-method base, validation accuracy 93.54000091552734, best_prec 93.61000061035156
Epoch 88, l0 norm : 7684651, l1 norm : 1687945.3907470703
Epoch 88, min : 0.0, max : 0.7582620978355408
This epoch duration :1096.8937623500824
Epoch 88, val-method base, validation accuracy 93.69999694824219, best_prec 93.69999694824219
Epoch 89, l0 norm : 7684651, l1 norm : 1683620.5649261475
Epoch 89, min : 0.0, max : 0.7610602974891663
This epoch duration :1096.7970123291016
Epoch 89, val-method base, validation accuracy 93.63999938964844, best_prec 93.69999694824219
Epoch 90, l0 norm : 7684651, l1 norm : 1679235.8127288818
Epoch 90, min : 0.0, max : 0.7630391120910645
This epoch duration :1096.4318504333496
Epoch 90, val-method base, validation accuracy 93.57999420166016, best_prec 93.69999694824219
Epoch 91, l0 norm : 7684651, l1 norm : 1674946.6820983887
Epoch 91, min : 0.0, max : 0.7650677561759949
This epoch duration :1095.9870421886444
Epoch 91, val-method base, validation accuracy 93.57999420166016, best_prec 93.69999694824219
Epoch 92, l0 norm : 7684651, l1 norm : 1670759.9800720215
Epoch 92, min : 0.0, max : 0.7673044204711914
This epoch duration :1096.4338302612305
Epoch 92, val-method base, validation accuracy 93.6199951171875, best_prec 93.69999694824219
Epoch 93, l0 norm : 7684651, l1 norm : 1666600.6268310547
Epoch 93, min : 0.0, max : 0.7690920233726501
This epoch duration :1096.0650703907013
Epoch 93, val-method base, validation accuracy 93.6199951171875, best_prec 93.69999694824219
Epoch 94, l0 norm : 7684651, l1 norm : 1662425.625869751
Epoch 94, min : 0.0, max : 0.7700181007385254
This epoch duration :1096.2240097522736
Epoch 94, val-method base, validation accuracy 93.57999420166016, best_prec 93.69999694824219
Epoch 95, l0 norm : 7684651, l1 norm : 1658541.1003570557
Epoch 95, min : 0.0, max : 0.7712336778640747
This epoch duration :1096.9508256912231
Epoch 95, val-method base, validation accuracy 93.58999633789062, best_prec 93.69999694824219
Epoch 96, l0 norm : 7684651, l1 norm : 1654689.5098266602
Epoch 96, min : 0.0, max : 0.7720975875854492
This epoch duration :1096.4026124477386
Epoch 96, val-method base, validation accuracy 93.62999725341797, best_prec 93.69999694824219
Epoch 97, l0 norm : 7684651, l1 norm : 1650701.8898773193
Epoch 97, min : 0.0, max : 0.7737135887145996
This epoch duration :1096.5983548164368
Epoch 97, val-method base, validation accuracy 93.54000091552734, best_prec 93.69999694824219
Epoch 98, l0 norm : 7684651, l1 norm : 1647027.1334838867
Epoch 98, min : 0.0, max : 0.7753328084945679
This epoch duration :1096.9287757873535
Epoch 98, val-method base, validation accuracy 93.65999603271484, best_prec 93.69999694824219
Epoch 99, l0 norm : 7684651, l1 norm : 1643199.9243469238
Epoch 99, min : 0.0, max : 0.7765974998474121
This epoch duration :1096.3984792232513
Epoch 99, val-method base, validation accuracy 93.6199951171875, best_prec 93.69999694824219
