Namespace(configs='configs/SVHN/pen_bip_1.yml', result_dir='./trained_models', exp_name='S_pb1_2', exp_mode='prune', arch='resnet18', num_classes=10, layer_type='unstructured', k=None, lambd=0.99999, alpha=1.0, fw_momentum=1.0, scaled_score_init=True, scale_rand_init=False, freeze_bn=False, source_net='trained_models/Resnet18_SVHN_Pretrain/pretrain/latest_exp/checkpoint/model_best.pth.tar', scores_init_type=None, dataset='SVHN', batch_size=128, num_workers=2, test_batch_size=128, normalize=True, data_dir='./data', image_dim=32, trainer='penalized_bilevel_1', epochs=100, optimizer='sgd', wd=0.0001, mask_lr=0.1, lr=0.1, mask_lr_schedule='step', lr_schedule='cosine', momentum=0.9, warmup_epochs=0, warmup_lr=0.1, save_dense=False, evaluate=False, val_method='base', resume='', seed=1234, print_freq=100, lr2=0.0001, accelerate=False)
=> loading source model from 'trained_models/Resnet18_SVHN_Pretrain/pretrain/latest_exp/checkpoint/model_best.pth.tar'
=> loaded checkpoint 'trained_models/Resnet18_SVHN_Pretrain/pretrain/latest_exp/checkpoint/model_best.pth.tar'
Epoch 0, l0 norm : 5154, l1 norm : 2103.9983083509173
Epoch 0, min : 0.0, max : 0.5363297462463379
This epoch duration :2431.3588497638702
Epoch 0, val-method base, validation accuracy 19.587430953979492, best_prec 19.587430953979492
Epoch 1, l0 norm : 5154, l1 norm : 1974.1055341759943
Epoch 1, min : 0.0, max : 0.5159706473350525
This epoch duration :2484.8408348560333
Epoch 1, val-method base, validation accuracy 19.587430953979492, best_prec 19.587430953979492
Epoch 2, l0 norm : 5154, l1 norm : 1754.043730258541
Epoch 2, min : 0.0, max : 0.5056256651878357
This epoch duration :2483.925601243973
Epoch 2, val-method base, validation accuracy 19.587430953979492, best_prec 19.587430953979492
Epoch 3, l0 norm : 5154, l1 norm : 1546.4716960511278
Epoch 3, min : 0.0, max : 0.49866947531700134
This epoch duration :2482.5714757442474
Epoch 3, val-method base, validation accuracy 19.587430953979492, best_prec 19.587430953979492
Epoch 4, l0 norm : 5154, l1 norm : 1351.2450055908294
Epoch 4, min : 0.0, max : 0.488895982503891
This epoch duration :2482.388619661331
Epoch 4, val-method base, validation accuracy 19.587430953979492, best_prec 19.587430953979492
Epoch 5, l0 norm : 5154, l1 norm : 1175.948493601906
Epoch 5, min : 0.0, max : 0.48282086849212646
This epoch duration :2482.7170572280884
Epoch 5, val-method base, validation accuracy 19.587430953979492, best_prec 19.587430953979492
Epoch 6, l0 norm : 5154, l1 norm : 1019.6890922582871
Epoch 6, min : 0.0, max : 0.47940391302108765
This epoch duration :2482.8765630722046
Epoch 6, val-method base, validation accuracy 19.587430953979492, best_prec 19.587430953979492
Epoch 7, l0 norm : 5154, l1 norm : 885.1666300683637
Epoch 7, min : 0.0, max : 0.4772278070449829
This epoch duration :2483.6990978717804
Epoch 7, val-method base, validation accuracy 19.587430953979492, best_prec 19.587430953979492
Epoch 8, l0 norm : 5154, l1 norm : 769.6652864362311
Epoch 8, min : 0.0, max : 0.46924030780792236
This epoch duration :2483.19975399971
Epoch 8, val-method base, validation accuracy 19.587430953979492, best_prec 19.587430953979492
Epoch 9, l0 norm : 5154, l1 norm : 671.7812526188724
Epoch 9, min : 0.0, max : 0.465514600276947
This epoch duration :2483.0041296482086
Epoch 9, val-method base, validation accuracy 19.587430953979492, best_prec 19.587430953979492
Epoch 10, l0 norm : 5154, l1 norm : 589.2514670081435
Epoch 10, min : 0.0, max : 0.45920804142951965
This epoch duration :2482.2358593940735
Epoch 10, val-method base, validation accuracy 19.587430953979492, best_prec 19.587430953979492
Epoch 11, l0 norm : 5154, l1 norm : 519.5129412718411
Epoch 11, min : 0.0, max : 0.4527720510959625
This epoch duration :2483.48912191391
Epoch 11, val-method base, validation accuracy 19.587430953979492, best_prec 19.587430953979492
Epoch 12, l0 norm : 5154, l1 norm : 461.12027132508126
Epoch 12, min : 0.0, max : 0.44598904252052307
This epoch duration :2482.7718102931976
Epoch 12, val-method base, validation accuracy 19.587430953979492, best_prec 19.587430953979492
Epoch 13, l0 norm : 5154, l1 norm : 411.85876598466206
Epoch 13, min : 0.0, max : 0.4388679265975952
This epoch duration :2482.548852920532
Epoch 13, val-method base, validation accuracy 19.587430953979492, best_prec 19.587430953979492
Epoch 14, l0 norm : 5154, l1 norm : 368.80645868353895
Epoch 14, min : 0.0, max : 0.43104761838912964
This epoch duration :2482.5924303531647
Epoch 14, val-method base, validation accuracy 19.587430953979492, best_prec 19.587430953979492
Epoch 15, l0 norm : 5154, l1 norm : 331.4579478004047
Epoch 15, min : 0.0, max : 0.42108142375946045
This epoch duration :2482.864337682724
Epoch 15, val-method base, validation accuracy 19.587430953979492, best_prec 19.587430953979492
Epoch 16, l0 norm : 5154, l1 norm : 298.7633676054652
Epoch 16, min : 0.0, max : 0.40817758440971375
This epoch duration :2482.0142188072205
Epoch 16, val-method base, validation accuracy 19.587430953979492, best_prec 19.587430953979492
Epoch 17, l0 norm : 5154, l1 norm : 270.09835896265133
Epoch 17, min : 0.0, max : 0.3953559398651123
This epoch duration :2482.573000431061
Epoch 17, val-method base, validation accuracy 19.587430953979492, best_prec 19.587430953979492
Epoch 18, l0 norm : 5154, l1 norm : 245.0770270926947
Epoch 18, min : 0.0, max : 0.38108113408088684
This epoch duration :2482.740144968033
Epoch 18, val-method base, validation accuracy 19.587430953979492, best_prec 19.587430953979492
Epoch 19, l0 norm : 5154, l1 norm : 223.0129095903197
Epoch 19, min : 0.0, max : 0.36734387278556824
This epoch duration :2482.891072511673
Epoch 19, val-method base, validation accuracy 19.587430953979492, best_prec 19.587430953979492
Epoch 20, l0 norm : 5154, l1 norm : 203.3558660724167
Epoch 20, min : 0.0, max : 0.35006022453308105
This epoch duration :2482.826250076294
Epoch 20, val-method base, validation accuracy 19.587430953979492, best_prec 19.587430953979492
Epoch 21, l0 norm : 5154, l1 norm : 186.03768975012335
Epoch 21, min : 0.0, max : 0.33445262908935547
This epoch duration :2482.835732460022
Epoch 21, val-method base, validation accuracy 19.587430953979492, best_prec 19.587430953979492
Epoch 22, l0 norm : 5154, l1 norm : 170.64035083690504
Epoch 22, min : 0.0, max : 0.3196675181388855
This epoch duration :2482.6036627292633
Epoch 22, val-method base, validation accuracy 19.587430953979492, best_prec 19.587430953979492
Epoch 23, l0 norm : 5154, l1 norm : 156.95373580627265
Epoch 23, min : 0.0, max : 0.30354970693588257
This epoch duration :2482.5598986148834
Epoch 23, val-method base, validation accuracy 19.587430953979492, best_prec 19.587430953979492
Epoch 24, l0 norm : 5154, l1 norm : 144.7665867227729
Epoch 24, min : 0.0, max : 0.28755873441696167
This epoch duration :2482.6922812461853
Epoch 24, val-method base, validation accuracy 19.587430953979492, best_prec 19.587430953979492
Epoch 25, l0 norm : 5154, l1 norm : 133.9491733610802
Epoch 25, min : 0.0, max : 0.27203598618507385
This epoch duration :2482.8475048542023
Epoch 25, val-method base, validation accuracy 19.587430953979492, best_prec 19.587430953979492
Epoch 26, l0 norm : 5154, l1 norm : 124.24913060830316
Epoch 26, min : 0.0, max : 0.2560625374317169
This epoch duration :2482.887835741043
Epoch 26, val-method base, validation accuracy 19.587430953979492, best_prec 19.587430953979492
Epoch 27, l0 norm : 5154, l1 norm : 115.5602420332946
Epoch 27, min : 0.0, max : 0.24126771092414856
This epoch duration :2482.6704676151276
Epoch 27, val-method base, validation accuracy 19.587430953979492, best_prec 19.587430953979492
Epoch 28, l0 norm : 5154, l1 norm : 107.73767120987154
Epoch 28, min : 0.0, max : 0.2273952066898346
This epoch duration :2482.9077191352844
Epoch 28, val-method base, validation accuracy 19.587430953979492, best_prec 19.587430953979492
Epoch 29, l0 norm : 5154, l1 norm : 100.68508177295197
Epoch 29, min : 0.0, max : 0.21328656375408173
This epoch duration :2482.8244671821594
Epoch 29, val-method base, validation accuracy 19.587430953979492, best_prec 19.587430953979492
Epoch 30, l0 norm : 5154, l1 norm : 94.29564694002683
Epoch 30, min : 0.0, max : 0.20041146874427795
This epoch duration :2482.5712852478027
Epoch 30, val-method base, validation accuracy 19.587430953979492, best_prec 19.587430953979492
Epoch 31, l0 norm : 5154, l1 norm : 88.49548365421624
Epoch 31, min : 0.0, max : 0.1884007602930069
This epoch duration :2482.42755651474
Epoch 31, val-method base, validation accuracy 19.587430953979492, best_prec 19.587430953979492
Epoch 32, l0 norm : 5154, l1 norm : 83.21414208621536
Epoch 32, min : 0.0, max : 0.17757511138916016
This epoch duration :2485.0079712867737
Epoch 32, val-method base, validation accuracy 19.587430953979492, best_prec 19.587430953979492
Epoch 33, l0 norm : 5154, l1 norm : 78.39151023633859
Epoch 33, min : 0.0, max : 0.1673850119113922
This epoch duration :2485.1972455978394
Epoch 33, val-method base, validation accuracy 19.587430953979492, best_prec 19.587430953979492
Epoch 34, l0 norm : 5154, l1 norm : 73.97610495013942
Epoch 34, min : 0.0, max : 0.15795724093914032
This epoch duration :2482.4577836990356
Epoch 34, val-method base, validation accuracy 19.587430953979492, best_prec 19.587430953979492
Epoch 35, l0 norm : 5154, l1 norm : 69.9234926337389
Epoch 35, min : 0.0, max : 0.14930389821529388
This epoch duration :2482.670574426651
Epoch 35, val-method base, validation accuracy 19.587430953979492, best_prec 19.587430953979492
Epoch 36, l0 norm : 5154, l1 norm : 66.19501514493525
Epoch 36, min : 0.0, max : 0.14134269952774048
This epoch duration :2483.138915538788
Epoch 36, val-method base, validation accuracy 19.587430953979492, best_prec 19.587430953979492
Epoch 37, l0 norm : 5154, l1 norm : 62.75697726268391
Epoch 37, min : 0.0, max : 0.13400167226791382
This epoch duration :2483.20943069458
Epoch 37, val-method base, validation accuracy 19.587430953979492, best_prec 19.587430953979492
Epoch 38, l0 norm : 5154, l1 norm : 59.579990559165665
Epoch 38, min : 0.0, max : 0.12721800804138184
This epoch duration :2482.761189699173
Epoch 38, val-method base, validation accuracy 19.587430953979492, best_prec 19.587430953979492
Epoch 39, l0 norm : 5154, l1 norm : 56.638298198368446
Epoch 39, min : 0.0, max : 0.1209367886185646
This epoch duration :2483.300384759903
Epoch 39, val-method base, validation accuracy 19.587430953979492, best_prec 19.587430953979492
Epoch 40, l0 norm : 5154, l1 norm : 53.909202731496244
Epoch 40, min : 0.0, max : 0.11510949581861496
This epoch duration :2482.690413236618
Epoch 40, val-method base, validation accuracy 19.587430953979492, best_prec 19.587430953979492
Epoch 41, l0 norm : 5154, l1 norm : 51.372718959516625
Epoch 41, min : 0.0, max : 0.10969344526529312
This epoch duration :2486.3663482666016
Epoch 41, val-method base, validation accuracy 19.587430953979492, best_prec 19.587430953979492
Epoch 42, l0 norm : 5154, l1 norm : 49.011112354790555
Epoch 42, min : 0.0, max : 0.1046508252620697
This epoch duration :2491.578737974167
Epoch 42, val-method base, validation accuracy 19.587430953979492, best_prec 19.587430953979492
Epoch 43, l0 norm : 5154, l1 norm : 46.80870069681365
Epoch 43, min : 0.0, max : 0.09994813799858093
This epoch duration :2491.48597240448
Epoch 43, val-method base, validation accuracy 19.587430953979492, best_prec 19.587430953979492
Epoch 44, l0 norm : 5154, l1 norm : 44.75146878779146
Epoch 44, min : 0.0, max : 0.09555543214082718
This epoch duration :2491.460667848587
Epoch 44, val-method base, validation accuracy 19.587430953979492, best_prec 19.587430953979492
Epoch 45, l0 norm : 5154, l1 norm : 42.82694256762949
Epoch 45, min : 0.0, max : 0.09144610166549683
This epoch duration :2491.1820425987244
Epoch 45, val-method base, validation accuracy 19.587430953979492, best_prec 19.587430953979492
Epoch 46, l0 norm : 5154, l1 norm : 41.02394878800425
Epoch 46, min : 0.0, max : 0.08759626746177673
This epoch duration :2490.897664308548
Epoch 46, val-method base, validation accuracy 19.587430953979492, best_prec 19.587430953979492
Epoch 47, l0 norm : 5154, l1 norm : 39.33245860977549
Epoch 47, min : 0.0, max : 0.08398453146219254
This epoch duration :2492.1221961975098
Epoch 47, val-method base, validation accuracy 19.587430953979492, best_prec 19.587430953979492
Epoch 48, l0 norm : 5154, l1 norm : 37.74346171797585
Epoch 48, min : 0.0, max : 0.08059173077344894
This epoch duration :2491.986242055893
Epoch 48, val-method base, validation accuracy 19.587430953979492, best_prec 19.587430953979492
Epoch 49, l0 norm : 5154, l1 norm : 36.24884806619519
Epoch 49, min : 0.0, max : 0.07740042358636856
This epoch duration :2491.702990293503
Epoch 49, val-method base, validation accuracy 19.587430953979492, best_prec 19.587430953979492
Epoch 50, l0 norm : 5154, l1 norm : 34.84128580626753
Epoch 50, min : 0.0, max : 0.07439492642879486
This epoch duration :2492.277868270874
Epoch 50, val-method base, validation accuracy 19.587430953979492, best_prec 19.587430953979492
Epoch 51, l0 norm : 5154, l1 norm : 33.51414499432626
Epoch 51, min : 0.0, max : 0.07156112790107727
This epoch duration :2492.0920746326447
Epoch 51, val-method base, validation accuracy 19.587430953979492, best_prec 19.587430953979492
Epoch 52, l0 norm : 5154, l1 norm : 32.26140985276603
Epoch 52, min : 0.0, max : 0.06888625770807266
This epoch duration :2492.2069761753082
Epoch 52, val-method base, validation accuracy 19.587430953979492, best_prec 19.587430953979492
Epoch 53, l0 norm : 5154, l1 norm : 31.077621549784027
Epoch 53, min : 0.0, max : 0.06635855883359909
This epoch duration :2491.8551919460297
Epoch 53, val-method base, validation accuracy 19.587430953979492, best_prec 19.587430953979492
Epoch 54, l0 norm : 5154, l1 norm : 29.957817164223254
Epoch 54, min : 0.0, max : 0.0639675110578537
This epoch duration :2491.5334978103638
Epoch 54, val-method base, validation accuracy 19.587430953979492, best_prec 19.587430953979492
Epoch 55, l0 norm : 5154, l1 norm : 28.89746483571906
Epoch 55, min : 0.0, max : 0.0617033950984478
This epoch duration :2492.357951402664
Epoch 55, val-method base, validation accuracy 19.587430953979492, best_prec 19.587430953979492
Epoch 56, l0 norm : 5154, l1 norm : 27.892429432423608
Epoch 56, min : 0.0, max : 0.05955738201737404
This epoch duration :2491.871522426605
Epoch 56, val-method base, validation accuracy 19.587430953979492, best_prec 19.587430953979492
Epoch 57, l0 norm : 5154, l1 norm : 26.93892295994119
Epoch 57, min : 0.0, max : 0.057521410286426544
This epoch duration :2492.127081632614
Epoch 57, val-method base, validation accuracy 19.587430953979492, best_prec 19.587430953979492
Epoch 58, l0 norm : 5154, l1 norm : 26.033489302539078
Epoch 58, min : 0.0, max : 0.055588096380233765
This epoch duration :2492.4658601284027
Epoch 58, val-method base, validation accuracy 19.587430953979492, best_prec 19.587430953979492
Epoch 59, l0 norm : 5154, l1 norm : 25.172958446780374
Epoch 59, min : 0.0, max : 0.05375063419342041
This epoch duration :2491.5055561065674
Epoch 59, val-method base, validation accuracy 19.587430953979492, best_prec 19.587430953979492
Epoch 60, l0 norm : 5154, l1 norm : 24.35438926106489
Epoch 60, min : 0.0, max : 0.05200278013944626
This epoch duration :2491.39688706398
Epoch 60, val-method base, validation accuracy 19.587430953979492, best_prec 19.587430953979492
Epoch 61, l0 norm : 5154, l1 norm : 23.57510764260161
Epoch 61, min : 0.0, max : 0.050338808447122574
This epoch duration :2492.3217527866364
Epoch 61, val-method base, validation accuracy 19.587430953979492, best_prec 19.587430953979492
Epoch 62, l0 norm : 5154, l1 norm : 22.832641667555297
Epoch 62, min : 0.0, max : 0.048753444105386734
This epoch duration :2491.6965022087097
Epoch 62, val-method base, validation accuracy 19.587430953979492, best_prec 19.587430953979492
Epoch 63, l0 norm : 5154, l1 norm : 22.12471014695449
Epoch 63, min : 0.0, max : 0.04724183678627014
This epoch duration :2491.9603979587555
Epoch 63, val-method base, validation accuracy 19.587430953979492, best_prec 19.587430953979492
Epoch 64, l0 norm : 5154, l1 norm : 21.44919592381065
Epoch 64, min : 0.0, max : 0.04579944908618927
This epoch duration :2491.3911979198456
Epoch 64, val-method base, validation accuracy 19.587430953979492, best_prec 19.587430953979492
Epoch 65, l0 norm : 5154, l1 norm : 20.804151595164083
Epoch 65, min : 0.0, max : 0.04442208632826805
This epoch duration :2491.58455657959
Epoch 65, val-method base, validation accuracy 19.587430953979492, best_prec 19.587430953979492
Epoch 66, l0 norm : 5154, l1 norm : 20.18777471655151
Epoch 66, min : 0.0, max : 0.04310597479343414
This epoch duration :2491.563383579254
Epoch 66, val-method base, validation accuracy 19.587430953979492, best_prec 19.587430953979492
Epoch 67, l0 norm : 5154, l1 norm : 19.598390635868533
Epoch 67, min : 0.0, max : 0.041847486048936844
This epoch duration :2492.0298442840576
Epoch 67, val-method base, validation accuracy 19.587430953979492, best_prec 19.587430953979492
Epoch 68, l0 norm : 5154, l1 norm : 19.034439141929003
Epoch 68, min : 0.0, max : 0.040643274784088135
This epoch duration :2491.460128068924
Epoch 68, val-method base, validation accuracy 19.587430953979492, best_prec 19.587430953979492
Epoch 69, l0 norm : 5154, l1 norm : 18.494487815905405
Epoch 69, min : 0.0, max : 0.03949035704135895
This epoch duration :2492.1444189548492
Epoch 69, val-method base, validation accuracy 19.587430953979492, best_prec 19.587430953979492
Epoch 70, l0 norm : 5154, l1 norm : 17.977195791705093
Epoch 70, min : 0.0, max : 0.03838583454489708
This epoch duration :2491.1645238399506
Epoch 70, val-method base, validation accuracy 19.587430953979492, best_prec 19.587430953979492
Epoch 71, l0 norm : 5154, l1 norm : 17.481300404529662
Epoch 71, min : 0.0, max : 0.037326958030462265
This epoch duration :2491.5297124385834
Epoch 71, val-method base, validation accuracy 19.587430953979492, best_prec 19.587430953979492
Epoch 72, l0 norm : 5154, l1 norm : 17.00564770845279
Epoch 72, min : 0.0, max : 0.03631133586168289
This epoch duration :2491.1203203201294
Epoch 72, val-method base, validation accuracy 19.587430953979492, best_prec 19.587430953979492
Epoch 73, l0 norm : 5154, l1 norm : 16.549146700053278
Epoch 73, min : 0.0, max : 0.03533658757805824
This epoch duration :2491.0836741924286
Epoch 73, val-method base, validation accuracy 19.587430953979492, best_prec 19.587430953979492
Epoch 74, l0 norm : 5154, l1 norm : 16.110786484552893
Epoch 74, min : 0.0, max : 0.0344005711376667
This epoch duration :2491.7653765678406
Epoch 74, val-method base, validation accuracy 19.587430953979492, best_prec 19.587430953979492
Epoch 75, l0 norm : 5154, l1 norm : 15.68960671191223
Epoch 75, min : 0.0, max : 0.033501237630844116
This epoch duration :2491.9047272205353
Epoch 75, val-method base, validation accuracy 19.587430953979492, best_prec 19.587430953979492
Epoch 76, l0 norm : 5154, l1 norm : 15.284733816454935
Epoch 76, min : 0.0, max : 0.03263673186302185
This epoch duration :2491.3798248767853
Epoch 76, val-method base, validation accuracy 19.587430953979492, best_prec 19.587430953979492
Epoch 77, l0 norm : 5154, l1 norm : 14.89533905519765
Epoch 77, min : 0.0, max : 0.03180527314543724
This epoch duration :2491.665636777878
Epoch 77, val-method base, validation accuracy 19.587430953979492, best_prec 19.587430953979492
Epoch 78, l0 norm : 5154, l1 norm : 14.520632785804109
Epoch 78, min : 0.0, max : 0.03100520186126232
This epoch duration :2491.1033294200897
Epoch 78, val-method base, validation accuracy 19.587430953979492, best_prec 19.587430953979492
Epoch 79, l0 norm : 5154, l1 norm : 14.159891169466057
Epoch 79, min : 0.0, max : 0.03023492731153965
This epoch duration :2491.4144711494446
Epoch 79, val-method base, validation accuracy 19.587430953979492, best_prec 19.587430953979492
Epoch 80, l0 norm : 5154, l1 norm : 13.812425653325079
Epoch 80, min : 0.0, max : 0.029493004083633423
This epoch duration :2491.4534397125244
Epoch 80, val-method base, validation accuracy 19.587430953979492, best_prec 19.587430953979492
Epoch 81, l0 norm : 5154, l1 norm : 13.477594414564345
Epoch 81, min : 0.0, max : 0.02877805009484291
This epoch duration :2491.609212398529
Epoch 81, val-method base, validation accuracy 19.587430953979492, best_prec 19.587430953979492
Epoch 82, l0 norm : 5154, l1 norm : 13.154789008968265
Epoch 82, min : 0.0, max : 0.028088785707950592
This epoch duration :2491.301780462265
Epoch 82, val-method base, validation accuracy 19.587430953979492, best_prec 19.587430953979492
Epoch 83, l0 norm : 5154, l1 norm : 12.843452490734434
Epoch 83, min : 0.0, max : 0.027424003928899765
This epoch duration :2491.3274784088135
Epoch 83, val-method base, validation accuracy 19.587430953979492, best_prec 19.587430953979492
Epoch 84, l0 norm : 5154, l1 norm : 12.543033636106378
Epoch 84, min : 0.0, max : 0.026782529428601265
This epoch duration :2491.4427835941315
Epoch 84, val-method base, validation accuracy 19.587430953979492, best_prec 19.587430953979492
Epoch 85, l0 norm : 5154, l1 norm : 12.253032719740855
Epoch 85, min : 0.0, max : 0.026163311675190926
This epoch duration :2490.7589395046234
Epoch 85, val-method base, validation accuracy 19.587430953979492, best_prec 19.587430953979492
Epoch 86, l0 norm : 5154, l1 norm : 11.972974811826912
Epoch 86, min : 0.0, max : 0.02556529827415943
This epoch duration :2490.6295194625854
Epoch 86, val-method base, validation accuracy 19.587430953979492, best_prec 19.587430953979492
Epoch 87, l0 norm : 5154, l1 norm : 11.702405963388646
Epoch 87, min : 0.0, max : 0.024987567216157913
This epoch duration :2490.730426311493
Epoch 87, val-method base, validation accuracy 19.587430953979492, best_prec 19.587430953979492
Epoch 88, l0 norm : 5154, l1 norm : 11.4409160944688
Epoch 88, min : 0.0, max : 0.02442922070622444
This epoch duration :2490.897254705429
Epoch 88, val-method base, validation accuracy 19.587430953979492, best_prec 19.587430953979492
Epoch 89, l0 norm : 5154, l1 norm : 11.188083681018322
Epoch 89, min : 0.0, max : 0.023889364674687386
This epoch duration :2491.374227285385
Epoch 89, val-method base, validation accuracy 19.587430953979492, best_prec 19.587430953979492
Epoch 90, l0 norm : 5154, l1 norm : 10.94354251209864
Epoch 90, min : 0.0, max : 0.023367205634713173
This epoch duration :2491.5830607414246
Epoch 90, val-method base, validation accuracy 19.587430953979492, best_prec 19.587430953979492
Epoch 91, l0 norm : 5154, l1 norm : 10.706935913514387
Epoch 91, min : 0.0, max : 0.02286200039088726
This epoch duration :2490.3127093315125
Epoch 91, val-method base, validation accuracy 19.587430953979492, best_prec 19.587430953979492
Epoch 92, l0 norm : 5154, l1 norm : 10.477921516184981
Epoch 92, min : 0.0, max : 0.022373003885149956
This epoch duration :2491.3966574668884
Epoch 92, val-method base, validation accuracy 19.587430953979492, best_prec 19.587430953979492
Epoch 93, l0 norm : 5154, l1 norm : 10.256177931864897
Epoch 93, min : 0.0, max : 0.021899515762925148
This epoch duration :2491.422520160675
Epoch 93, val-method base, validation accuracy 19.587430953979492, best_prec 19.587430953979492
Epoch 94, l0 norm : 5154, l1 norm : 10.041391401703072
Epoch 94, min : 0.0, max : 0.021440863609313965
This epoch duration :2490.955937385559
Epoch 94, val-method base, validation accuracy 19.587430953979492, best_prec 19.587430953979492
Epoch 95, l0 norm : 5154, l1 norm : 9.83329203586723
Epoch 95, min : 0.0, max : 0.02099653333425522
This epoch duration :2491.537148475647
Epoch 95, val-method base, validation accuracy 19.587430953979492, best_prec 19.587430953979492
Epoch 96, l0 norm : 5154, l1 norm : 9.63158801001572
Epoch 96, min : 0.0, max : 0.02056588977575302
This epoch duration :2491.4382951259613
Epoch 96, val-method base, validation accuracy 19.587430953979492, best_prec 19.587430953979492
Epoch 97, l0 norm : 5154, l1 norm : 9.436026600453873
Epoch 97, min : 0.0, max : 0.02014830708503723
This epoch duration :2491.9121305942535
Epoch 97, val-method base, validation accuracy 19.587430953979492, best_prec 19.587430953979492
Epoch 98, l0 norm : 5154, l1 norm : 9.246364620230503
Epoch 98, min : 0.0, max : 0.019743314012885094
This epoch duration :2278.479619026184
Epoch 98, val-method base, validation accuracy 19.587430953979492, best_prec 19.587430953979492
Epoch 99, l0 norm : 5154, l1 norm : 9.062364604439992
Epoch 99, min : 0.0, max : 0.019350426271557808
This epoch duration :1825.070222377777
Epoch 99, val-method base, validation accuracy 19.587430953979492, best_prec 19.587430953979492
