Namespace(configs='configs/CIFAR10/pen_bip_1.yml', result_dir='./trained_models', exp_name='RC_pb1_22', exp_mode='prune', arch='resnet18', num_classes=10, layer_type='unstructured', k=None, lambd=0.99999993, alpha=1.0, scaled_score_init=True, scale_rand_init=False, freeze_bn=False, source_net='trained_models/CIFAR10_resnet18_Pretrain/pretrain/latest_exp/checkpoint/model_best.pth.tar', scores_init_type=None, dataset='CIFAR10', batch_size=128, num_workers=2, test_batch_size=128, normalize=True, data_dir='./data', image_dim=32, trainer='penalized_bilevel_1', epochs=100, optimizer='sgd', wd=0.0001, mask_lr=0.1, lr=0.1, mask_lr_schedule='step', lr_schedule='cosine', momentum=0.9, warmup_epochs=0, warmup_lr=0.1, save_dense=False, evaluate=False, val_method='base', resume='', seed=1234, print_freq=100, lr2=0.0001, accelerate=False)
=> loading source model from 'trained_models/CIFAR10_resnet18_Pretrain/pretrain/latest_exp/checkpoint/model_best.pth.tar'
=> loaded checkpoint 'trained_models/CIFAR10_resnet18_Pretrain/pretrain/latest_exp/checkpoint/model_best.pth.tar'
Epoch 0, l0 norm : 7437118, l1 norm : 2170244.4044189453
Epoch 0, min : 0.0, max : 0.7115191221237183
This epoch duration :1994.7350859642029
Epoch 0, val-method base, validation accuracy 65.4000015258789, best_prec 65.4000015258789
Epoch 1, l0 norm : 7444387, l1 norm : 2215887.760620117
Epoch 1, min : 0.0, max : 0.731160581111908
This epoch duration :2026.468825340271
Epoch 1, val-method base, validation accuracy 80.32999420166016, best_prec 80.32999420166016
Epoch 2, l0 norm : 7445983, l1 norm : 2225969.606689453
Epoch 2, min : 0.0, max : 0.7630882859230042
This epoch duration :2031.764316558838
Epoch 2, val-method base, validation accuracy 83.23999786376953, best_prec 83.23999786376953
Epoch 3, l0 norm : 7446865, l1 norm : 2230679.420196533
Epoch 3, min : 0.0, max : 0.7727156281471252
This epoch duration :2029.4352295398712
Epoch 3, val-method base, validation accuracy 84.43999481201172, best_prec 84.43999481201172
Epoch 4, l0 norm : 7447321, l1 norm : 2232577.6905212402
Epoch 4, min : 0.0, max : 0.7829154133796692
This epoch duration :2032.0492594242096
Epoch 4, val-method base, validation accuracy 88.1199951171875, best_prec 88.1199951171875
Epoch 5, l0 norm : 7447701, l1 norm : 2234445.3870391846
Epoch 5, min : 0.0, max : 0.7887519598007202
This epoch duration :2031.413762331009
Epoch 5, val-method base, validation accuracy 87.79000091552734, best_prec 88.1199951171875
Epoch 6, l0 norm : 7447987, l1 norm : 2235261.867767334
Epoch 6, min : 0.0, max : 0.7904689908027649
This epoch duration :2031.3358700275421
Epoch 6, val-method base, validation accuracy 90.04000091552734, best_prec 90.04000091552734
Epoch 7, l0 norm : 7448139, l1 norm : 2234429.3541870117
Epoch 7, min : 0.0, max : 0.7772393226623535
This epoch duration :2030.0792655944824
Epoch 7, val-method base, validation accuracy 90.0, best_prec 90.04000091552734
Epoch 8, l0 norm : 7448341, l1 norm : 2234671.1254882812
Epoch 8, min : 0.0, max : 0.7688019871711731
This epoch duration :2031.3971648216248
Epoch 8, val-method base, validation accuracy 89.56999969482422, best_prec 90.04000091552734
Epoch 9, l0 norm : 7448517, l1 norm : 2234918.326171875
Epoch 9, min : 0.0, max : 0.7627248167991638
This epoch duration :2030.0563912391663
Epoch 9, val-method base, validation accuracy 90.62999725341797, best_prec 90.62999725341797
Epoch 10, l0 norm : 7448618, l1 norm : 2235047.2924804688
Epoch 10, min : 0.0, max : 0.7552564740180969
This epoch duration :2027.5839009284973
Epoch 10, val-method base, validation accuracy 90.57999420166016, best_prec 90.62999725341797
Epoch 11, l0 norm : 7448697, l1 norm : 2235069.5700683594
Epoch 11, min : 0.0, max : 0.7515987157821655
This epoch duration :2029.2476155757904
Epoch 11, val-method base, validation accuracy 90.08999633789062, best_prec 90.62999725341797
Epoch 12, l0 norm : 7448793, l1 norm : 2234990.1973114014
Epoch 12, min : 0.0, max : 0.7542464733123779
This epoch duration :2029.793729543686
Epoch 12, val-method base, validation accuracy 91.13999938964844, best_prec 91.13999938964844
Epoch 13, l0 norm : 7448858, l1 norm : 2234698.9369506836
Epoch 13, min : 0.0, max : 0.7493626475334167
This epoch duration :2026.8332126140594
Epoch 13, val-method base, validation accuracy 90.87999725341797, best_prec 91.13999938964844
Epoch 14, l0 norm : 7448942, l1 norm : 2234455.344055176
Epoch 14, min : 0.0, max : 0.7484884858131409
This epoch duration :2028.1712555885315
Epoch 14, val-method base, validation accuracy 90.93999481201172, best_prec 91.13999938964844
Epoch 15, l0 norm : 7448994, l1 norm : 2233949.6820526123
Epoch 15, min : 0.0, max : 0.7464450597763062
This epoch duration :2028.7030234336853
Epoch 15, val-method base, validation accuracy 90.54999542236328, best_prec 91.13999938964844
Epoch 16, l0 norm : 7449057, l1 norm : 2233820.5319366455
Epoch 16, min : 0.0, max : 0.7494478821754456
This epoch duration :2030.2887964248657
Epoch 16, val-method base, validation accuracy 91.54999542236328, best_prec 91.54999542236328
Epoch 17, l0 norm : 7449105, l1 norm : 2233370.955718994
Epoch 17, min : 0.0, max : 0.7483282089233398
This epoch duration :2028.6709740161896
Epoch 17, val-method base, validation accuracy 91.25, best_prec 91.54999542236328
Epoch 18, l0 norm : 7449147, l1 norm : 2233228.6957855225
Epoch 18, min : 0.0, max : 0.7508344054222107
This epoch duration :2030.5556640625
Epoch 18, val-method base, validation accuracy 90.83999633789062, best_prec 91.54999542236328
Epoch 19, l0 norm : 7449181, l1 norm : 2233008.9452209473
Epoch 19, min : 0.0, max : 0.7490231990814209
This epoch duration :2029.7182207107544
Epoch 19, val-method base, validation accuracy 91.45999908447266, best_prec 91.54999542236328
Epoch 20, l0 norm : 7449207, l1 norm : 2232668.061920166
Epoch 20, min : 0.0, max : 0.7535378336906433
This epoch duration :2029.0507326126099
Epoch 20, val-method base, validation accuracy 91.45999908447266, best_prec 91.54999542236328
Epoch 21, l0 norm : 7449242, l1 norm : 2232450.734588623
Epoch 21, min : 0.0, max : 0.7540597319602966
This epoch duration :2029.426024198532
Epoch 21, val-method base, validation accuracy 90.83999633789062, best_prec 91.54999542236328
Epoch 22, l0 norm : 7449258, l1 norm : 2231977.4816589355
Epoch 22, min : 0.0, max : 0.7564989924430847
This epoch duration :2029.728012561798
Epoch 22, val-method base, validation accuracy 91.54000091552734, best_prec 91.54999542236328
Epoch 23, l0 norm : 7449269, l1 norm : 2231659.6999053955
Epoch 23, min : 0.0, max : 0.7590489387512207
This epoch duration :2031.7527885437012
Epoch 23, val-method base, validation accuracy 92.04000091552734, best_prec 92.04000091552734
Epoch 24, l0 norm : 7449281, l1 norm : 2231156.6750946045
Epoch 24, min : 0.0, max : 0.7577160000801086
This epoch duration :2030.8098118305206
Epoch 24, val-method base, validation accuracy 91.5199966430664, best_prec 92.04000091552734
Epoch 25, l0 norm : 7449291, l1 norm : 2230596.4035339355
Epoch 25, min : 0.0, max : 0.7618890404701233
This epoch duration :2028.7633941173553
Epoch 25, val-method base, validation accuracy 91.19999694824219, best_prec 92.04000091552734
Epoch 26, l0 norm : 7449301, l1 norm : 2230186.0312957764
Epoch 26, min : 0.0, max : 0.7609771490097046
This epoch duration :2032.8517360687256
Epoch 26, val-method base, validation accuracy 91.6199951171875, best_prec 92.04000091552734
Epoch 27, l0 norm : 7449310, l1 norm : 2229922.940750122
Epoch 27, min : 0.0, max : 0.7623305916786194
This epoch duration :2031.1243410110474
Epoch 27, val-method base, validation accuracy 91.79999542236328, best_prec 92.04000091552734
Epoch 28, l0 norm : 7449322, l1 norm : 2229406.7168273926
Epoch 28, min : 0.0, max : 0.7627984285354614
This epoch duration :2036.0738067626953
Epoch 28, val-method base, validation accuracy 92.05999755859375, best_prec 92.05999755859375
Epoch 29, l0 norm : 7449337, l1 norm : 2229160.8192749023
Epoch 29, min : 0.0, max : 0.7560638785362244
This epoch duration :2033.3659763336182
Epoch 29, val-method base, validation accuracy 91.90999603271484, best_prec 92.05999755859375
Epoch 30, l0 norm : 7449342, l1 norm : 2228600.256866455
Epoch 30, min : 0.0, max : 0.7528755068778992
This epoch duration :2032.2813456058502
Epoch 30, val-method base, validation accuracy 91.82999420166016, best_prec 92.05999755859375
Epoch 31, l0 norm : 7449354, l1 norm : 2228252.139190674
Epoch 31, min : 0.0, max : 0.7545528411865234
This epoch duration :2033.164298772812
Epoch 31, val-method base, validation accuracy 90.66999816894531, best_prec 92.05999755859375
Epoch 32, l0 norm : 7449367, l1 norm : 2227637.8516845703
Epoch 32, min : 0.0, max : 0.7530019879341125
This epoch duration :2032.8044016361237
Epoch 32, val-method base, validation accuracy 92.69999694824219, best_prec 92.69999694824219
Epoch 33, l0 norm : 7449371, l1 norm : 2227001.8199310303
Epoch 33, min : 0.0, max : 0.7551822066307068
This epoch duration :2035.6014597415924
Epoch 33, val-method base, validation accuracy 92.15999603271484, best_prec 92.69999694824219
Epoch 34, l0 norm : 7449377, l1 norm : 2226233.939605713
Epoch 34, min : 0.0, max : 0.7554270029067993
This epoch duration :2032.3529069423676
Epoch 34, val-method base, validation accuracy 91.98999786376953, best_prec 92.69999694824219
Epoch 35, l0 norm : 7449381, l1 norm : 2225798.8230285645
Epoch 35, min : 0.0, max : 0.7560692429542542
This epoch duration :2030.5098345279694
Epoch 35, val-method base, validation accuracy 91.97999572753906, best_prec 92.69999694824219
Epoch 36, l0 norm : 7449386, l1 norm : 2225107.19241333
Epoch 36, min : 0.0, max : 0.7551719546318054
This epoch duration :2031.3646318912506
Epoch 36, val-method base, validation accuracy 92.06999969482422, best_prec 92.69999694824219
Epoch 37, l0 norm : 7449393, l1 norm : 2224438.4715881348
Epoch 37, min : 0.0, max : 0.7515708208084106
This epoch duration :2032.4605717658997
Epoch 37, val-method base, validation accuracy 91.82999420166016, best_prec 92.69999694824219
Epoch 38, l0 norm : 7449395, l1 norm : 2223755.5088500977
Epoch 38, min : 0.0, max : 0.74990314245224
This epoch duration :2031.687551021576
Epoch 38, val-method base, validation accuracy 91.66999816894531, best_prec 92.69999694824219
Epoch 39, l0 norm : 7449395, l1 norm : 2222944.806655884
Epoch 39, min : 0.0, max : 0.7517650723457336
This epoch duration :2030.6374385356903
Epoch 39, val-method base, validation accuracy 92.23999786376953, best_prec 92.69999694824219
Epoch 40, l0 norm : 7449402, l1 norm : 2222557.69329834
Epoch 40, min : 0.0, max : 0.7520108222961426
This epoch duration :2024.0889511108398
Epoch 40, val-method base, validation accuracy 92.3499984741211, best_prec 92.69999694824219
Epoch 41, l0 norm : 7449404, l1 norm : 2221401.9613952637
Epoch 41, min : 0.0, max : 0.7539162635803223
This epoch duration :2026.2880084514618
Epoch 41, val-method base, validation accuracy 92.47999572753906, best_prec 92.69999694824219
Epoch 42, l0 norm : 7449405, l1 norm : 2220644.6857299805
Epoch 42, min : 0.0, max : 0.7539254426956177
This epoch duration :2029.1277797222137
Epoch 42, val-method base, validation accuracy 92.66999816894531, best_prec 92.69999694824219
Epoch 43, l0 norm : 7449406, l1 norm : 2219892.820037842
Epoch 43, min : 0.0, max : 0.755545437335968
This epoch duration :2028.957935810089
Epoch 43, val-method base, validation accuracy 92.97999572753906, best_prec 92.97999572753906
Epoch 44, l0 norm : 7449407, l1 norm : 2218885.734100342
Epoch 44, min : 0.0, max : 0.7560595273971558
This epoch duration :2030.1148617267609
Epoch 44, val-method base, validation accuracy 92.75, best_prec 92.97999572753906
Epoch 45, l0 norm : 7449409, l1 norm : 2217853.616607666
Epoch 45, min : 0.0, max : 0.7577510476112366
This epoch duration :2014.9021332263947
Epoch 45, val-method base, validation accuracy 92.5999984741211, best_prec 92.97999572753906
Epoch 46, l0 norm : 7449410, l1 norm : 2216921.960632324
Epoch 46, min : 0.0, max : 0.7587944865226746
This epoch duration :2018.1618392467499
Epoch 46, val-method base, validation accuracy 93.18000030517578, best_prec 93.18000030517578
Epoch 47, l0 norm : 7449411, l1 norm : 2215287.177001953
Epoch 47, min : 0.0, max : 0.7585166692733765
This epoch duration :2031.1458253860474
Epoch 47, val-method base, validation accuracy 92.83999633789062, best_prec 93.18000030517578
Epoch 48, l0 norm : 7449411, l1 norm : 2213731.1814575195
Epoch 48, min : 0.0, max : 0.7562761306762695
This epoch duration :2031.0836684703827
Epoch 48, val-method base, validation accuracy 93.0199966430664, best_prec 93.18000030517578
Epoch 49, l0 norm : 7449413, l1 norm : 2212511.3260040283
Epoch 49, min : 0.0, max : 0.7566214203834534
This epoch duration :2031.2801172733307
Epoch 49, val-method base, validation accuracy 92.77999877929688, best_prec 93.18000030517578
Epoch 50, l0 norm : 7449414, l1 norm : 2210807.3694610596
Epoch 50, min : 0.0, max : 0.7592140436172485
This epoch duration :2029.258465051651
Epoch 50, val-method base, validation accuracy 92.61000061035156, best_prec 93.18000030517578
Epoch 51, l0 norm : 7449418, l1 norm : 2209268.355545044
Epoch 51, min : 0.0, max : 0.7591336369514465
This epoch duration :2025.9302122592926
Epoch 51, val-method base, validation accuracy 92.97000122070312, best_prec 93.18000030517578
Epoch 52, l0 norm : 7449420, l1 norm : 2207371.158065796
Epoch 52, min : 0.0, max : 0.7606801986694336
This epoch duration :2033.7451930046082
Epoch 52, val-method base, validation accuracy 93.22999572753906, best_prec 93.22999572753906
Epoch 53, l0 norm : 7449422, l1 norm : 2205283.2185516357
Epoch 53, min : 0.0, max : 0.7606370449066162
This epoch duration :2029.7713599205017
Epoch 53, val-method base, validation accuracy 93.0, best_prec 93.22999572753906
Epoch 54, l0 norm : 7449422, l1 norm : 2203097.0759887695
Epoch 54, min : 0.0, max : 0.7627168893814087
This epoch duration :2029.3835995197296
Epoch 54, val-method base, validation accuracy 93.20999908447266, best_prec 93.22999572753906
Epoch 55, l0 norm : 7449423, l1 norm : 2200647.5816345215
Epoch 55, min : 0.0, max : 0.7638739943504333
This epoch duration :2022.549423456192
Epoch 55, val-method base, validation accuracy 93.39999389648438, best_prec 93.39999389648438
Epoch 56, l0 norm : 7449424, l1 norm : 2198487.9687042236
Epoch 56, min : 0.0, max : 0.7627636790275574
This epoch duration :2030.0764827728271
Epoch 56, val-method base, validation accuracy 93.27999877929688, best_prec 93.39999389648438
Epoch 57, l0 norm : 7449425, l1 norm : 2195345.7726745605
Epoch 57, min : 0.0, max : 0.7664068341255188
This epoch duration :2028.3385171890259
Epoch 57, val-method base, validation accuracy 93.36000061035156, best_prec 93.39999389648438
Epoch 58, l0 norm : 7449425, l1 norm : 2192197.0833587646
Epoch 58, min : 0.0, max : 0.7683286666870117
This epoch duration :2032.0765409469604
Epoch 58, val-method base, validation accuracy 93.36000061035156, best_prec 93.39999389648438
Epoch 59, l0 norm : 7449426, l1 norm : 2188800.2822418213
Epoch 59, min : 0.0, max : 0.7673640847206116
This epoch duration :2032.8682434558868
Epoch 59, val-method base, validation accuracy 93.43999481201172, best_prec 93.43999481201172
Epoch 60, l0 norm : 7449426, l1 norm : 2185255.703186035
Epoch 60, min : 0.0, max : 0.7681864500045776
This epoch duration :2032.1125211715698
Epoch 60, val-method base, validation accuracy 93.44999694824219, best_prec 93.44999694824219
Epoch 61, l0 norm : 7449426, l1 norm : 2181397.408340454
Epoch 61, min : 0.0, max : 0.7669249176979065
This epoch duration :2031.4101150035858
Epoch 61, val-method base, validation accuracy 93.47000122070312, best_prec 93.47000122070312
Epoch 62, l0 norm : 7449426, l1 norm : 2176435.578643799
Epoch 62, min : 0.0, max : 0.76573246717453
This epoch duration :2034.2669916152954
Epoch 62, val-method base, validation accuracy 93.8699951171875, best_prec 93.8699951171875
Epoch 63, l0 norm : 7449427, l1 norm : 2171726.7748413086
Epoch 63, min : 0.0, max : 0.7665229439735413
This epoch duration :2034.9461901187897
Epoch 63, val-method base, validation accuracy 94.15999603271484, best_prec 94.15999603271484
Epoch 64, l0 norm : 7449427, l1 norm : 2166443.0932922363
Epoch 64, min : 0.0, max : 0.7686567306518555
This epoch duration :2027.437881231308
Epoch 64, val-method base, validation accuracy 93.90999603271484, best_prec 94.15999603271484
Epoch 65, l0 norm : 7449427, l1 norm : 2159485.9422302246
Epoch 65, min : 0.0, max : 0.7711541056632996
This epoch duration :2032.174554347992
Epoch 65, val-method base, validation accuracy 93.97999572753906, best_prec 94.15999603271484
Epoch 66, l0 norm : 7449429, l1 norm : 2152768.149887085
Epoch 66, min : 0.0, max : 0.7742183804512024
This epoch duration :2028.2721564769745
Epoch 66, val-method base, validation accuracy 93.89999389648438, best_prec 94.15999603271484
Epoch 67, l0 norm : 7449429, l1 norm : 2145559.3442993164
Epoch 67, min : 0.0, max : 0.7764711380004883
This epoch duration :2026.2120492458344
Epoch 67, val-method base, validation accuracy 94.20999908447266, best_prec 94.20999908447266
Epoch 68, l0 norm : 7449429, l1 norm : 2136049.1616363525
Epoch 68, min : 0.0, max : 0.777459979057312
This epoch duration :2020.9763503074646
Epoch 68, val-method base, validation accuracy 94.3499984741211, best_prec 94.3499984741211
Epoch 69, l0 norm : 7449429, l1 norm : 2127705.025238037
Epoch 69, min : 0.0, max : 0.7792759537696838
This epoch duration :2028.0231184959412
Epoch 69, val-method base, validation accuracy 94.22999572753906, best_prec 94.3499984741211
Epoch 70, l0 norm : 7449429, l1 norm : 2118301.4612731934
Epoch 70, min : 0.0, max : 0.7818742990493774
This epoch duration :2032.9985427856445
Epoch 70, val-method base, validation accuracy 94.20999908447266, best_prec 94.3499984741211
Epoch 71, l0 norm : 7449430, l1 norm : 2106221.3711853027
Epoch 71, min : 0.0, max : 0.7836562395095825
This epoch duration :2024.9083347320557
Epoch 71, val-method base, validation accuracy 94.3499984741211, best_prec 94.3499984741211
Epoch 72, l0 norm : 7449430, l1 norm : 2093882.6684570312
Epoch 72, min : 0.0, max : 0.7857839465141296
This epoch duration :2034.619698047638
Epoch 72, val-method base, validation accuracy 94.47000122070312, best_prec 94.47000122070312
Epoch 73, l0 norm : 7449430, l1 norm : 2080517.7270507812
Epoch 73, min : 0.0, max : 0.7878280878067017
This epoch duration :2029.4250717163086
Epoch 73, val-method base, validation accuracy 94.68000030517578, best_prec 94.68000030517578
Epoch 74, l0 norm : 7449430, l1 norm : 2067015.490661621
Epoch 74, min : 0.0, max : 0.7904652953147888
This epoch duration :2028.2438673973083
Epoch 74, val-method base, validation accuracy 94.72000122070312, best_prec 94.72000122070312
Epoch 75, l0 norm : 7449430, l1 norm : 2052750.2404327393
Epoch 75, min : 0.0, max : 0.7932693362236023
This epoch duration :2027.8776438236237
Epoch 75, val-method base, validation accuracy 94.41999816894531, best_prec 94.72000122070312
Epoch 76, l0 norm : 7449430, l1 norm : 2038200.288269043
Epoch 76, min : 0.0, max : 0.7949700951576233
This epoch duration :2035.0265653133392
Epoch 76, val-method base, validation accuracy 94.5999984741211, best_prec 94.72000122070312
Epoch 77, l0 norm : 7449430, l1 norm : 2023365.5894470215
Epoch 77, min : 0.0, max : 0.7968711853027344
This epoch duration :2031.3595249652863
Epoch 77, val-method base, validation accuracy 94.58999633789062, best_prec 94.72000122070312
Epoch 78, l0 norm : 7449431, l1 norm : 2007710.7981567383
Epoch 78, min : 0.0, max : 0.7996003031730652
This epoch duration :2023.4335894584656
Epoch 78, val-method base, validation accuracy 94.81999969482422, best_prec 94.81999969482422
Epoch 79, l0 norm : 7449431, l1 norm : 1992735.9968566895
Epoch 79, min : 0.0, max : 0.8015941977500916
This epoch duration :2031.8183495998383
Epoch 79, val-method base, validation accuracy 94.72000122070312, best_prec 94.81999969482422
Epoch 80, l0 norm : 7449431, l1 norm : 1975546.65574646
Epoch 80, min : 0.0, max : 0.803952693939209
This epoch duration :2025.747188091278
Epoch 80, val-method base, validation accuracy 94.81999969482422, best_prec 94.81999969482422
Epoch 81, l0 norm : 7449431, l1 norm : 1958659.0046691895
Epoch 81, min : 0.0, max : 0.8068444728851318
This epoch duration :2027.1618547439575
Epoch 81, val-method base, validation accuracy 94.77999877929688, best_prec 94.81999969482422
Epoch 82, l0 norm : 7449431, l1 norm : 1940747.5140075684
Epoch 82, min : 0.0, max : 0.8088389039039612
This epoch duration :2032.4457840919495
Epoch 82, val-method base, validation accuracy 94.79000091552734, best_prec 94.81999969482422
Epoch 83, l0 norm : 7449431, l1 norm : 1924152.3940429688
Epoch 83, min : 0.0, max : 0.8103960752487183
This epoch duration :2032.1961643695831
Epoch 83, val-method base, validation accuracy 94.82999420166016, best_prec 94.82999420166016
Epoch 84, l0 norm : 7449431, l1 norm : 1907208.8388061523
Epoch 84, min : 0.0, max : 0.8121391534805298
This epoch duration :2018.1294100284576
Epoch 84, val-method base, validation accuracy 94.90999603271484, best_prec 94.90999603271484
Epoch 85, l0 norm : 7449432, l1 norm : 1890836.8380889893
Epoch 85, min : 0.0, max : 0.813703715801239
This epoch duration :2031.3855557441711
Epoch 85, val-method base, validation accuracy 94.88999938964844, best_prec 94.90999603271484
Epoch 86, l0 norm : 7449432, l1 norm : 1874614.4243011475
Epoch 86, min : 0.0, max : 0.8155646324157715
This epoch duration :2033.2259774208069
Epoch 86, val-method base, validation accuracy 94.86000061035156, best_prec 94.90999603271484
Epoch 87, l0 norm : 7449432, l1 norm : 1858084.9019622803
Epoch 87, min : 0.0, max : 0.8174211978912354
This epoch duration :2030.327223777771
Epoch 87, val-method base, validation accuracy 94.8499984741211, best_prec 94.90999603271484
Epoch 88, l0 norm : 7449432, l1 norm : 1841905.671005249
Epoch 88, min : 0.0, max : 0.8197285532951355
This epoch duration :2032.4796562194824
Epoch 88, val-method base, validation accuracy 95.02999877929688, best_prec 95.02999877929688
Epoch 89, l0 norm : 7449432, l1 norm : 1825715.3356933594
Epoch 89, min : 0.0, max : 0.8218451738357544
This epoch duration :2033.000324010849
Epoch 89, val-method base, validation accuracy 94.98999786376953, best_prec 95.02999877929688
Epoch 90, l0 norm : 7449432, l1 norm : 1809771.694366455
Epoch 90, min : 0.0, max : 0.8231682181358337
This epoch duration :2032.3001773357391
Epoch 90, val-method base, validation accuracy 94.91999816894531, best_prec 95.02999877929688
Epoch 91, l0 norm : 7449432, l1 norm : 1794103.745941162
Epoch 91, min : 0.0, max : 0.8242830038070679
This epoch duration :2032.6488239765167
Epoch 91, val-method base, validation accuracy 95.0199966430664, best_prec 95.02999877929688
Epoch 92, l0 norm : 7449432, l1 norm : 1779999.338546753
Epoch 92, min : 0.0, max : 0.8265087008476257
This epoch duration :2032.8256771564484
Epoch 92, val-method base, validation accuracy 94.97000122070312, best_prec 95.02999877929688
Epoch 93, l0 norm : 7449432, l1 norm : 1764885.792251587
Epoch 93, min : 0.0, max : 0.8286119103431702
This epoch duration :2031.1852397918701
Epoch 93, val-method base, validation accuracy 94.93000030517578, best_prec 95.02999877929688
Epoch 94, l0 norm : 7449432, l1 norm : 1750195.1594238281
Epoch 94, min : 0.0, max : 0.8301141262054443
This epoch duration :2030.5156445503235
Epoch 94, val-method base, validation accuracy 94.83999633789062, best_prec 95.02999877929688
Epoch 95, l0 norm : 7449432, l1 norm : 1736653.1170043945
Epoch 95, min : 0.0, max : 0.8313543200492859
This epoch duration :2029.210462808609
Epoch 95, val-method base, validation accuracy 94.8699951171875, best_prec 95.02999877929688
Epoch 96, l0 norm : 7449432, l1 norm : 1723531.603729248
Epoch 96, min : 0.0, max : 0.8327667117118835
This epoch duration :2032.9892308712006
Epoch 96, val-method base, validation accuracy 94.95999908447266, best_prec 95.02999877929688
Epoch 97, l0 norm : 7449432, l1 norm : 1709583.5932769775
Epoch 97, min : 0.0, max : 0.8339822888374329
This epoch duration :2016.7895121574402
Epoch 97, val-method base, validation accuracy 94.91999816894531, best_prec 95.02999877929688
Epoch 98, l0 norm : 7449432, l1 norm : 1697228.280090332
Epoch 98, min : 0.0, max : 0.8349559307098389
This epoch duration :2014.4003114700317
Epoch 98, val-method base, validation accuracy 94.97999572753906, best_prec 95.02999877929688
Epoch 99, l0 norm : 7449432, l1 norm : 1683787.688217163
Epoch 99, min : 0.0, max : 0.8363049626350403
This epoch duration :1740.4999325275421
Epoch 99, val-method base, validation accuracy 94.94999694824219, best_prec 95.02999877929688
