Namespace(configs='configs/CIFAR10/pen_bip_1.yml', result_dir='./trained_models', exp_name='RC_pb1_20', exp_mode='prune', arch='resnet18', num_classes=10, layer_type='unstructured', k=None, lambd=0.99999991, alpha=1.0, scaled_score_init=True, scale_rand_init=False, freeze_bn=False, source_net='trained_models/CIFAR10_resnet18_Pretrain/pretrain/latest_exp/checkpoint/model_best.pth.tar', scores_init_type=None, dataset='CIFAR10', batch_size=128, num_workers=2, test_batch_size=128, normalize=True, data_dir='./data', image_dim=32, trainer='penalized_bilevel_1', epochs=100, optimizer='sgd', wd=0.0001, mask_lr=0.1, lr=0.1, mask_lr_schedule='step', lr_schedule='cosine', momentum=0.9, warmup_epochs=0, warmup_lr=0.1, save_dense=False, evaluate=False, val_method='base', resume='', seed=1234, print_freq=100, lr2=0.0001, accelerate=False)
=> loading source model from 'trained_models/CIFAR10_resnet18_Pretrain/pretrain/latest_exp/checkpoint/model_best.pth.tar'
=> loaded checkpoint 'trained_models/CIFAR10_resnet18_Pretrain/pretrain/latest_exp/checkpoint/model_best.pth.tar'
Epoch 0, l0 norm : 7359038, l1 norm : 2034314.3520202637
Epoch 0, min : 0.0, max : 0.7542538642883301
This epoch duration :1950.0891134738922
Epoch 0, val-method base, validation accuracy 66.66999816894531, best_prec 66.66999816894531
Epoch 1, l0 norm : 7364134, l1 norm : 2067826.5339050293
Epoch 1, min : 0.0, max : 0.7817656993865967
This epoch duration :2021.2795615196228
Epoch 1, val-method base, validation accuracy 82.54999542236328, best_prec 82.54999542236328
Epoch 2, l0 norm : 7365484, l1 norm : 2073124.6580200195
Epoch 2, min : 0.0, max : 0.7940091490745544
This epoch duration :2023.3058891296387
Epoch 2, val-method base, validation accuracy 84.90999603271484, best_prec 84.90999603271484
Epoch 3, l0 norm : 7366148, l1 norm : 2075028.2556762695
Epoch 3, min : 0.0, max : 0.7934514284133911
This epoch duration :2019.5838861465454
Epoch 3, val-method base, validation accuracy 85.87999725341797, best_prec 85.87999725341797
Epoch 4, l0 norm : 7366534, l1 norm : 2076141.9690551758
Epoch 4, min : 0.0, max : 0.7946226000785828
This epoch duration :2017.1886477470398
Epoch 4, val-method base, validation accuracy 88.36000061035156, best_prec 88.36000061035156
Epoch 5, l0 norm : 7366870, l1 norm : 2076854.7061157227
Epoch 5, min : 0.0, max : 0.78496253490448
This epoch duration :2022.2266867160797
Epoch 5, val-method base, validation accuracy 89.93000030517578, best_prec 89.93000030517578
Epoch 6, l0 norm : 7367092, l1 norm : 2077229.4499816895
Epoch 6, min : 0.0, max : 0.7959270477294922
This epoch duration :2019.3257999420166
Epoch 6, val-method base, validation accuracy 89.77999877929688, best_prec 89.93000030517578
Epoch 7, l0 norm : 7367280, l1 norm : 2076772.1260681152
Epoch 7, min : 0.0, max : 0.8002963662147522
This epoch duration :2018.2904086112976
Epoch 7, val-method base, validation accuracy 88.6500015258789, best_prec 89.93000030517578
Epoch 8, l0 norm : 7367426, l1 norm : 2076627.3013305664
Epoch 8, min : 0.0, max : 0.7939432859420776
This epoch duration :2020.3259978294373
Epoch 8, val-method base, validation accuracy 91.07999420166016, best_prec 91.07999420166016
Epoch 9, l0 norm : 7367560, l1 norm : 2076293.9729309082
Epoch 9, min : 0.0, max : 0.7951100468635559
This epoch duration :2019.8698160648346
Epoch 9, val-method base, validation accuracy 89.73999786376953, best_prec 91.07999420166016
Epoch 10, l0 norm : 7367705, l1 norm : 2076285.2155456543
Epoch 10, min : 0.0, max : 0.7960799336433411
This epoch duration :2015.630996465683
Epoch 10, val-method base, validation accuracy 90.68000030517578, best_prec 91.07999420166016
Epoch 11, l0 norm : 7367789, l1 norm : 2076044.2783203125
Epoch 11, min : 0.0, max : 0.7934750318527222
This epoch duration :2018.7158436775208
Epoch 11, val-method base, validation accuracy 90.94999694824219, best_prec 91.07999420166016
Epoch 12, l0 norm : 7367853, l1 norm : 2075786.6997070312
Epoch 12, min : 0.0, max : 0.7903477549552917
This epoch duration :2017.731556892395
Epoch 12, val-method base, validation accuracy 90.43999481201172, best_prec 91.07999420166016
Epoch 13, l0 norm : 7367913, l1 norm : 2075226.445739746
Epoch 13, min : 0.0, max : 0.7942637205123901
This epoch duration :2019.7385568618774
Epoch 13, val-method base, validation accuracy 90.68999481201172, best_prec 91.07999420166016
Epoch 14, l0 norm : 7367954, l1 norm : 2074873.799407959
Epoch 14, min : 0.0, max : 0.7977374196052551
This epoch duration :2017.6015901565552
Epoch 14, val-method base, validation accuracy 91.18999481201172, best_prec 91.18999481201172
Epoch 15, l0 norm : 7368001, l1 norm : 2074564.9258422852
Epoch 15, min : 0.0, max : 0.7952274680137634
This epoch duration :2016.7713642120361
Epoch 15, val-method base, validation accuracy 90.75, best_prec 91.18999481201172
Epoch 16, l0 norm : 7368051, l1 norm : 2074093.5165405273
Epoch 16, min : 0.0, max : 0.7954943776130676
This epoch duration :2016.9834370613098
Epoch 16, val-method base, validation accuracy 90.98999786376953, best_prec 91.18999481201172
Epoch 17, l0 norm : 7368081, l1 norm : 2073462.349761963
Epoch 17, min : 0.0, max : 0.7924801707267761
This epoch duration :2017.3912451267242
Epoch 17, val-method base, validation accuracy 91.81999969482422, best_prec 91.81999969482422
Epoch 18, l0 norm : 7368109, l1 norm : 2072910.5975646973
Epoch 18, min : 0.0, max : 0.7888491153717041
This epoch duration :2017.0285267829895
Epoch 18, val-method base, validation accuracy 90.89999389648438, best_prec 91.81999969482422
Epoch 19, l0 norm : 7368139, l1 norm : 2072751.6219482422
Epoch 19, min : 0.0, max : 0.7814048528671265
This epoch duration :2016.9408631324768
Epoch 19, val-method base, validation accuracy 91.6199951171875, best_prec 91.81999969482422
Epoch 20, l0 norm : 7368167, l1 norm : 2072076.7158813477
Epoch 20, min : 0.0, max : 0.7771430611610413
This epoch duration :2018.4555022716522
Epoch 20, val-method base, validation accuracy 91.19999694824219, best_prec 91.81999969482422
Epoch 21, l0 norm : 7368196, l1 norm : 2071420.7961425781
Epoch 21, min : 0.0, max : 0.7762981653213501
This epoch duration :2018.4168817996979
Epoch 21, val-method base, validation accuracy 92.1199951171875, best_prec 92.1199951171875
Epoch 22, l0 norm : 7368213, l1 norm : 2070816.677368164
Epoch 22, min : 0.0, max : 0.7778828740119934
This epoch duration :2019.4164609909058
Epoch 22, val-method base, validation accuracy 91.54999542236328, best_prec 92.1199951171875
Epoch 23, l0 norm : 7368235, l1 norm : 2070466.902770996
Epoch 23, min : 0.0, max : 0.775602400302887
This epoch duration :2019.7003841400146
Epoch 23, val-method base, validation accuracy 91.93000030517578, best_prec 92.1199951171875
Epoch 24, l0 norm : 7368244, l1 norm : 2069686.0102539062
Epoch 24, min : 0.0, max : 0.7777407765388489
This epoch duration :2021.0931208133698
Epoch 24, val-method base, validation accuracy 91.69999694824219, best_prec 92.1199951171875
Epoch 25, l0 norm : 7368258, l1 norm : 2068937.4176940918
Epoch 25, min : 0.0, max : 0.7809668183326721
This epoch duration :2020.9553215503693
Epoch 25, val-method base, validation accuracy 91.52999877929688, best_prec 92.1199951171875
Epoch 26, l0 norm : 7368272, l1 norm : 2068285.1838378906
Epoch 26, min : 0.0, max : 0.7805145382881165
This epoch duration :2022.0908539295197
Epoch 26, val-method base, validation accuracy 92.02999877929688, best_prec 92.1199951171875
Epoch 27, l0 norm : 7368284, l1 norm : 2067616.4630126953
Epoch 27, min : 0.0, max : 0.7800830006599426
This epoch duration :2025.674145936966
Epoch 27, val-method base, validation accuracy 92.36000061035156, best_prec 92.36000061035156
Epoch 28, l0 norm : 7368296, l1 norm : 2067173.7237548828
Epoch 28, min : 0.0, max : 0.7774516940116882
This epoch duration :2020.2622525691986
Epoch 28, val-method base, validation accuracy 92.70999908447266, best_prec 92.70999908447266
Epoch 29, l0 norm : 7368302, l1 norm : 2066957.208984375
Epoch 29, min : 0.0, max : 0.7757508158683777
This epoch duration :2023.241599559784
Epoch 29, val-method base, validation accuracy 92.33999633789062, best_prec 92.70999908447266
Epoch 30, l0 norm : 7368314, l1 norm : 2066490.5501708984
Epoch 30, min : 0.0, max : 0.7725362777709961
This epoch duration :2022.1265850067139
Epoch 30, val-method base, validation accuracy 91.89999389648438, best_prec 92.70999908447266
Epoch 31, l0 norm : 7368322, l1 norm : 2066135.421081543
Epoch 31, min : 0.0, max : 0.7726918458938599
This epoch duration :2021.382001399994
Epoch 31, val-method base, validation accuracy 91.57999420166016, best_prec 92.70999908447266
Epoch 32, l0 norm : 7368326, l1 norm : 2065426.737121582
Epoch 32, min : 0.0, max : 0.7743550539016724
This epoch duration :2019.9187605381012
Epoch 32, val-method base, validation accuracy 92.31999969482422, best_prec 92.70999908447266
Epoch 33, l0 norm : 7368327, l1 norm : 2064768.0116577148
Epoch 33, min : 0.0, max : 0.7730551958084106
This epoch duration :2021.8282577991486
Epoch 33, val-method base, validation accuracy 91.48999786376953, best_prec 92.70999908447266
Epoch 34, l0 norm : 7368334, l1 norm : 2064282.5582580566
Epoch 34, min : 0.0, max : 0.7730502486228943
This epoch duration :2022.1169152259827
Epoch 34, val-method base, validation accuracy 92.08999633789062, best_prec 92.70999908447266
Epoch 35, l0 norm : 7368338, l1 norm : 2063559.521697998
Epoch 35, min : 0.0, max : 0.7739790678024292
This epoch duration :2019.1733815670013
Epoch 35, val-method base, validation accuracy 91.75, best_prec 92.70999908447266
Epoch 36, l0 norm : 7368339, l1 norm : 2062935.6829528809
Epoch 36, min : 0.0, max : 0.7767552733421326
This epoch duration :2022.8330264091492
Epoch 36, val-method base, validation accuracy 92.27999877929688, best_prec 92.70999908447266
Epoch 37, l0 norm : 7368340, l1 norm : 2062331.0576782227
Epoch 37, min : 0.0, max : 0.7774584293365479
This epoch duration :2020.0855898857117
Epoch 37, val-method base, validation accuracy 92.43999481201172, best_prec 92.70999908447266
Epoch 38, l0 norm : 7368343, l1 norm : 2061314.9606323242
Epoch 38, min : 0.0, max : 0.7762897610664368
This epoch duration :2019.4503195285797
Epoch 38, val-method base, validation accuracy 92.07999420166016, best_prec 92.70999908447266
Epoch 39, l0 norm : 7368346, l1 norm : 2060623.3422851562
Epoch 39, min : 0.0, max : 0.7767300605773926
This epoch duration :2015.5952372550964
Epoch 39, val-method base, validation accuracy 91.88999938964844, best_prec 92.70999908447266
Epoch 40, l0 norm : 7368353, l1 norm : 2059945.6760253906
Epoch 40, min : 0.0, max : 0.7759099006652832
This epoch duration :2017.300809621811
Epoch 40, val-method base, validation accuracy 92.44999694824219, best_prec 92.70999908447266
Epoch 41, l0 norm : 7368354, l1 norm : 2059057.0012207031
Epoch 41, min : 0.0, max : 0.774043619632721
This epoch duration :2015.0819623470306
Epoch 41, val-method base, validation accuracy 92.98999786376953, best_prec 92.98999786376953
Epoch 42, l0 norm : 7368356, l1 norm : 2058282.8385925293
Epoch 42, min : 0.0, max : 0.7697221636772156
This epoch duration :2016.7123153209686
Epoch 42, val-method base, validation accuracy 92.52999877929688, best_prec 92.98999786376953
Epoch 43, l0 norm : 7368357, l1 norm : 2057166.6769714355
Epoch 43, min : 0.0, max : 0.7683472633361816
This epoch duration :2013.708915233612
Epoch 43, val-method base, validation accuracy 92.18000030517578, best_prec 92.98999786376953
Epoch 44, l0 norm : 7368357, l1 norm : 2055712.067565918
Epoch 44, min : 0.0, max : 0.7709912061691284
This epoch duration :2015.4265928268433
Epoch 44, val-method base, validation accuracy 93.0199966430664, best_prec 93.0199966430664
Epoch 45, l0 norm : 7368360, l1 norm : 2054505.6405944824
Epoch 45, min : 0.0, max : 0.7711749076843262
This epoch duration :2024.2429230213165
Epoch 45, val-method base, validation accuracy 93.1199951171875, best_prec 93.1199951171875
Epoch 46, l0 norm : 7368360, l1 norm : 2053297.086364746
Epoch 46, min : 0.0, max : 0.7724050283432007
This epoch duration :2018.5417618751526
Epoch 46, val-method base, validation accuracy 92.70999908447266, best_prec 93.1199951171875
Epoch 47, l0 norm : 7368364, l1 norm : 2052059.8270263672
Epoch 47, min : 0.0, max : 0.772510290145874
This epoch duration :2021.8289065361023
Epoch 47, val-method base, validation accuracy 92.72000122070312, best_prec 93.1199951171875
Epoch 48, l0 norm : 7368364, l1 norm : 2050735.2353515625
Epoch 48, min : 0.0, max : 0.7722959518432617
This epoch duration :2012.7099254131317
Epoch 48, val-method base, validation accuracy 93.08999633789062, best_prec 93.1199951171875
Epoch 49, l0 norm : 7368365, l1 norm : 2049316.3424377441
Epoch 49, min : 0.0, max : 0.7730996012687683
This epoch duration :2010.5736191272736
Epoch 49, val-method base, validation accuracy 92.29000091552734, best_prec 93.1199951171875
Epoch 50, l0 norm : 7368365, l1 norm : 2047970.487335205
Epoch 50, min : 0.0, max : 0.7734661102294922
This epoch duration :2018.9772727489471
Epoch 50, val-method base, validation accuracy 92.87999725341797, best_prec 93.1199951171875
Epoch 51, l0 norm : 7368365, l1 norm : 2046050.0903625488
Epoch 51, min : 0.0, max : 0.7748839259147644
This epoch duration :2022.1378479003906
Epoch 51, val-method base, validation accuracy 92.91999816894531, best_prec 93.1199951171875
Epoch 52, l0 norm : 7368365, l1 norm : 2044505.312927246
Epoch 52, min : 0.0, max : 0.7754626870155334
This epoch duration :2015.2235977649689
Epoch 52, val-method base, validation accuracy 92.93000030517578, best_prec 93.1199951171875
Epoch 53, l0 norm : 7368366, l1 norm : 2041950.6409301758
Epoch 53, min : 0.0, max : 0.7774083614349365
This epoch duration :2019.3913187980652
Epoch 53, val-method base, validation accuracy 93.19999694824219, best_prec 93.19999694824219
Epoch 54, l0 norm : 7368369, l1 norm : 2039755.7366638184
Epoch 54, min : 0.0, max : 0.7764816880226135
This epoch duration :2019.1172833442688
Epoch 54, val-method base, validation accuracy 93.40999603271484, best_prec 93.40999603271484
Epoch 55, l0 norm : 7368369, l1 norm : 2037158.561126709
Epoch 55, min : 0.0, max : 0.7765174508094788
This epoch duration :2019.2591814994812
Epoch 55, val-method base, validation accuracy 93.25999450683594, best_prec 93.40999603271484
Epoch 56, l0 norm : 7368370, l1 norm : 2034473.4252624512
Epoch 56, min : 0.0, max : 0.7771692872047424
This epoch duration :2022.84459233284
Epoch 56, val-method base, validation accuracy 93.62999725341797, best_prec 93.62999725341797
Epoch 57, l0 norm : 7368372, l1 norm : 2032260.7708740234
Epoch 57, min : 0.0, max : 0.7765657305717468
This epoch duration :2019.5726246833801
Epoch 57, val-method base, validation accuracy 93.5999984741211, best_prec 93.62999725341797
Epoch 58, l0 norm : 7368372, l1 norm : 2029411.8323364258
Epoch 58, min : 0.0, max : 0.7778003811836243
This epoch duration :2010.2844693660736
Epoch 58, val-method base, validation accuracy 93.15999603271484, best_prec 93.62999725341797
Epoch 59, l0 norm : 7368372, l1 norm : 2026653.7360839844
Epoch 59, min : 0.0, max : 0.7786388993263245
This epoch duration :2021.0358667373657
Epoch 59, val-method base, validation accuracy 93.2699966430664, best_prec 93.62999725341797
Epoch 60, l0 norm : 7368372, l1 norm : 2022332.596069336
Epoch 60, min : 0.0, max : 0.7797762751579285
This epoch duration :2012.308937549591
Epoch 60, val-method base, validation accuracy 93.54999542236328, best_prec 93.62999725341797
Epoch 61, l0 norm : 7368372, l1 norm : 2018130.469543457
Epoch 61, min : 0.0, max : 0.7806018590927124
This epoch duration :2017.792971611023
Epoch 61, val-method base, validation accuracy 93.87999725341797, best_prec 93.87999725341797
Epoch 62, l0 norm : 7368373, l1 norm : 2013736.403137207
Epoch 62, min : 0.0, max : 0.78211909532547
This epoch duration :2020.4183537960052
Epoch 62, val-method base, validation accuracy 93.54000091552734, best_prec 93.87999725341797
Epoch 63, l0 norm : 7368373, l1 norm : 2008010.4059143066
Epoch 63, min : 0.0, max : 0.7838805317878723
This epoch duration :2011.6239833831787
Epoch 63, val-method base, validation accuracy 93.80999755859375, best_prec 93.87999725341797
Epoch 64, l0 norm : 7368374, l1 norm : 2002677.4864501953
Epoch 64, min : 0.0, max : 0.7867286205291748
This epoch duration :2019.19637799263
Epoch 64, val-method base, validation accuracy 93.55999755859375, best_prec 93.87999725341797
Epoch 65, l0 norm : 7368374, l1 norm : 1996572.2155761719
Epoch 65, min : 0.0, max : 0.7889859080314636
This epoch duration :2018.6386497020721
Epoch 65, val-method base, validation accuracy 93.83999633789062, best_prec 93.87999725341797
Epoch 66, l0 norm : 7368374, l1 norm : 1989562.0397949219
Epoch 66, min : 0.0, max : 0.7903187274932861
This epoch duration :2020.4750425815582
Epoch 66, val-method base, validation accuracy 93.98999786376953, best_prec 93.98999786376953
Epoch 67, l0 norm : 7368374, l1 norm : 1982331.7167663574
Epoch 67, min : 0.0, max : 0.7924835085868835
This epoch duration :2019.9618933200836
Epoch 67, val-method base, validation accuracy 94.02999877929688, best_prec 94.02999877929688
Epoch 68, l0 norm : 7368374, l1 norm : 1973495.6482543945
Epoch 68, min : 0.0, max : 0.7944105267524719
This epoch duration :2021.7720289230347
Epoch 68, val-method base, validation accuracy 94.40999603271484, best_prec 94.40999603271484
Epoch 69, l0 norm : 7368374, l1 norm : 1962706.552368164
Epoch 69, min : 0.0, max : 0.795890212059021
This epoch duration :2016.6768925189972
Epoch 69, val-method base, validation accuracy 94.48999786376953, best_prec 94.48999786376953
Epoch 70, l0 norm : 7368374, l1 norm : 1951060.8399658203
Epoch 70, min : 0.0, max : 0.7975946664810181
This epoch duration :2017.5536108016968
Epoch 70, val-method base, validation accuracy 94.29999542236328, best_prec 94.48999786376953
Epoch 71, l0 norm : 7368374, l1 norm : 1939884.2742614746
Epoch 71, min : 0.0, max : 0.7992953062057495
This epoch duration :2022.4808142185211
Epoch 71, val-method base, validation accuracy 94.44999694824219, best_prec 94.48999786376953
Epoch 72, l0 norm : 7368374, l1 norm : 1927570.5275878906
Epoch 72, min : 0.0, max : 0.8014857172966003
This epoch duration :2020.746109008789
Epoch 72, val-method base, validation accuracy 94.6199951171875, best_prec 94.6199951171875
Epoch 73, l0 norm : 7368375, l1 norm : 1915770.8506469727
Epoch 73, min : 0.0, max : 0.8032446503639221
This epoch duration :2022.993533372879
Epoch 73, val-method base, validation accuracy 94.70999908447266, best_prec 94.70999908447266
Epoch 74, l0 norm : 7368375, l1 norm : 1903817.3743896484
Epoch 74, min : 0.0, max : 0.8044611811637878
This epoch duration :2019.7593982219696
Epoch 74, val-method base, validation accuracy 94.80999755859375, best_prec 94.80999755859375
Epoch 75, l0 norm : 7368375, l1 norm : 1889790.9710998535
Epoch 75, min : 0.0, max : 0.8055588603019714
This epoch duration :2012.5634400844574
Epoch 75, val-method base, validation accuracy 94.95999908447266, best_prec 94.95999908447266
Epoch 76, l0 norm : 7368375, l1 norm : 1875080.8215942383
Epoch 76, min : 0.0, max : 0.8068126440048218
This epoch duration :2015.6890497207642
Epoch 76, val-method base, validation accuracy 95.0, best_prec 95.0
Epoch 77, l0 norm : 7368375, l1 norm : 1860043.3123168945
Epoch 77, min : 0.0, max : 0.8093291521072388
This epoch duration :2021.5833010673523
Epoch 77, val-method base, validation accuracy 94.93000030517578, best_prec 95.0
Epoch 78, l0 norm : 7368375, l1 norm : 1843479.0539245605
Epoch 78, min : 0.0, max : 0.8113567233085632
This epoch duration :2019.6172232627869
Epoch 78, val-method base, validation accuracy 94.97999572753906, best_prec 95.0
Epoch 79, l0 norm : 7368375, l1 norm : 1827308.750427246
Epoch 79, min : 0.0, max : 0.8128682374954224
This epoch duration :2019.8098919391632
Epoch 79, val-method base, validation accuracy 94.95999908447266, best_prec 95.0
Epoch 80, l0 norm : 7368375, l1 norm : 1810311.460723877
Epoch 80, min : 0.0, max : 0.8147628307342529
This epoch duration :2019.7505490779877
Epoch 80, val-method base, validation accuracy 94.97999572753906, best_prec 95.0
Epoch 81, l0 norm : 7368375, l1 norm : 1793813.7789916992
Epoch 81, min : 0.0, max : 0.8157204389572144
This epoch duration :2015.7732954025269
Epoch 81, val-method base, validation accuracy 95.08999633789062, best_prec 95.08999633789062
Epoch 82, l0 norm : 7368375, l1 norm : 1777760.1460876465
Epoch 82, min : 0.0, max : 0.8169482350349426
This epoch duration :2011.207671880722
Epoch 82, val-method base, validation accuracy 95.00999450683594, best_prec 95.08999633789062
Epoch 83, l0 norm : 7368375, l1 norm : 1760928.7153930664
Epoch 83, min : 0.0, max : 0.8184999823570251
This epoch duration :2015.459393978119
Epoch 83, val-method base, validation accuracy 95.16999816894531, best_prec 95.16999816894531
Epoch 84, l0 norm : 7368375, l1 norm : 1745027.8456420898
Epoch 84, min : 0.0, max : 0.8205929398536682
This epoch duration :2012.7343044281006
Epoch 84, val-method base, validation accuracy 95.04000091552734, best_prec 95.16999816894531
Epoch 85, l0 norm : 7368375, l1 norm : 1728643.5552062988
Epoch 85, min : 0.0, max : 0.8221372365951538
This epoch duration :2019.5364787578583
Epoch 85, val-method base, validation accuracy 95.15999603271484, best_prec 95.16999816894531
Epoch 86, l0 norm : 7368375, l1 norm : 1711838.01461792
Epoch 86, min : 0.0, max : 0.8229280710220337
This epoch duration :2015.7835066318512
Epoch 86, val-method base, validation accuracy 95.15999603271484, best_prec 95.16999816894531
Epoch 87, l0 norm : 7368375, l1 norm : 1695791.0631103516
Epoch 87, min : 0.0, max : 0.8237490057945251
This epoch duration :2021.8904893398285
Epoch 87, val-method base, validation accuracy 95.18999481201172, best_prec 95.18999481201172
Epoch 88, l0 norm : 7368375, l1 norm : 1680671.6425170898
Epoch 88, min : 0.0, max : 0.8250010013580322
This epoch duration :2019.1971204280853
Epoch 88, val-method base, validation accuracy 95.18999481201172, best_prec 95.18999481201172
Epoch 89, l0 norm : 7368375, l1 norm : 1664901.8831481934
Epoch 89, min : 0.0, max : 0.8265532851219177
This epoch duration :2023.269244670868
Epoch 89, val-method base, validation accuracy 95.25, best_prec 95.25
Epoch 90, l0 norm : 7368375, l1 norm : 1649233.6497802734
Epoch 90, min : 0.0, max : 0.8268765807151794
This epoch duration :2023.0920858383179
Epoch 90, val-method base, validation accuracy 95.27999877929688, best_prec 95.27999877929688
Epoch 91, l0 norm : 7368376, l1 norm : 1633960.775390625
Epoch 91, min : 0.0, max : 0.8279096484184265
This epoch duration :2022.5357863903046
Epoch 91, val-method base, validation accuracy 95.18999481201172, best_prec 95.27999877929688
Epoch 92, l0 norm : 7368376, l1 norm : 1619161.0468139648
Epoch 92, min : 0.0, max : 0.8290749192237854
This epoch duration :2021.9605028629303
Epoch 92, val-method base, validation accuracy 95.18999481201172, best_prec 95.27999877929688
Epoch 93, l0 norm : 7368376, l1 norm : 1604066.699432373
Epoch 93, min : 0.0, max : 0.8299858570098877
This epoch duration :2019.272418498993
Epoch 93, val-method base, validation accuracy 95.11000061035156, best_prec 95.27999877929688
Epoch 94, l0 norm : 7368376, l1 norm : 1589698.3486938477
Epoch 94, min : 0.0, max : 0.8311354517936707
This epoch duration :2022.4245390892029
Epoch 94, val-method base, validation accuracy 95.13999938964844, best_prec 95.27999877929688
Epoch 95, l0 norm : 7368376, l1 norm : 1576107.5752563477
Epoch 95, min : 0.0, max : 0.8317869901657104
This epoch duration :2021.7542715072632
Epoch 95, val-method base, validation accuracy 95.12999725341797, best_prec 95.27999877929688
Epoch 96, l0 norm : 7368376, l1 norm : 1563955.8561706543
Epoch 96, min : 0.0, max : 0.8332973718643188
This epoch duration :2019.9527287483215
Epoch 96, val-method base, validation accuracy 95.12999725341797, best_prec 95.27999877929688
Epoch 97, l0 norm : 7368376, l1 norm : 1550942.634979248
Epoch 97, min : 0.0, max : 0.8350218534469604
This epoch duration :2023.6876754760742
Epoch 97, val-method base, validation accuracy 95.14999389648438, best_prec 95.27999877929688
Epoch 98, l0 norm : 7368376, l1 norm : 1538881.9326171875
Epoch 98, min : 0.0, max : 0.8367969393730164
This epoch duration :2025.293865442276
Epoch 98, val-method base, validation accuracy 95.14999389648438, best_prec 95.27999877929688
Epoch 99, l0 norm : 7368376, l1 norm : 1526202.3238830566
Epoch 99, min : 0.0, max : 0.8383127450942993
This epoch duration :2012.9186186790466
Epoch 99, val-method base, validation accuracy 95.18000030517578, best_prec 95.27999877929688
