Namespace(configs='configs/CIFAR10/pen_bip_1.yml', result_dir='./trained_models', exp_name='RC_pb1_m_23', exp_mode='prune', arch='resnet18', num_classes=10, layer_type='unstructured', k=None, lambd=0.99999994, alpha=1.0, fw_momentum=0.9, scaled_score_init=True, scale_rand_init=False, freeze_bn=False, source_net='trained_models/CIFAR10_resnet18_Pretrain/pretrain/latest_exp/checkpoint/model_best.pth.tar', scores_init_type=None, dataset='CIFAR10', batch_size=128, num_workers=2, test_batch_size=128, normalize=True, data_dir='./data', image_dim=32, trainer='penalized_bilevel_1', epochs=100, optimizer='sgd', wd=0.0001, mask_lr=0.1, lr=0.1, mask_lr_schedule='step', lr_schedule='cosine', momentum=0.9, warmup_epochs=0, warmup_lr=0.1, save_dense=False, evaluate=False, val_method='base', resume='', seed=1234, print_freq=100, lr2=0.0001, accelerate=False)
=> loading source model from 'trained_models/CIFAR10_resnet18_Pretrain/pretrain/latest_exp/checkpoint/model_best.pth.tar'
=> loaded checkpoint 'trained_models/CIFAR10_resnet18_Pretrain/pretrain/latest_exp/checkpoint/model_best.pth.tar'
Epoch 0, l0 norm : 7238419, l1 norm : 1779259.4846801758
Epoch 0, min : 0.0, max : 0.7388695478439331
This epoch duration :1075.2120797634125
Epoch 0, val-method base, validation accuracy 61.209999084472656, best_prec 61.209999084472656
Epoch 1, l0 norm : 7247046, l1 norm : 1817198.38571167
Epoch 1, min : 0.0, max : 0.732323169708252
This epoch duration :1102.9413549900055
Epoch 1, val-method base, validation accuracy 73.93000030517578, best_prec 73.93000030517578
Epoch 2, l0 norm : 7249017, l1 norm : 1827728.7118530273
Epoch 2, min : 0.0, max : 0.7436688542366028
This epoch duration :1103.946207523346
Epoch 2, val-method base, validation accuracy 77.43000030517578, best_prec 77.43000030517578
Epoch 3, l0 norm : 7250021, l1 norm : 1832592.0003051758
Epoch 3, min : 0.0, max : 0.741338849067688
This epoch duration :1102.6313314437866
Epoch 3, val-method base, validation accuracy 80.88999938964844, best_prec 80.88999938964844
Epoch 4, l0 norm : 7250527, l1 norm : 1834924.9573059082
Epoch 4, min : 0.0, max : 0.7436273694038391
This epoch duration :1102.567920923233
Epoch 4, val-method base, validation accuracy 82.45999908447266, best_prec 82.45999908447266
Epoch 5, l0 norm : 7250917, l1 norm : 1837123.995300293
Epoch 5, min : 0.0, max : 0.742017388343811
This epoch duration :1102.8566355705261
Epoch 5, val-method base, validation accuracy 83.72999572753906, best_prec 83.72999572753906
Epoch 6, l0 norm : 7251278, l1 norm : 1839078.120513916
Epoch 6, min : 0.0, max : 0.7513751983642578
This epoch duration :1101.4713456630707
Epoch 6, val-method base, validation accuracy 85.75999450683594, best_prec 85.75999450683594
Epoch 7, l0 norm : 7251545, l1 norm : 1840485.489440918
Epoch 7, min : 0.0, max : 0.7613239884376526
This epoch duration :1102.9619793891907
Epoch 7, val-method base, validation accuracy 86.38999938964844, best_prec 86.38999938964844
Epoch 8, l0 norm : 7251754, l1 norm : 1841564.555114746
Epoch 8, min : 0.0, max : 0.7622037529945374
This epoch duration :1103.229459285736
Epoch 8, val-method base, validation accuracy 85.54000091552734, best_prec 86.38999938964844
Epoch 9, l0 norm : 7251891, l1 norm : 1842731.5363769531
Epoch 9, min : 0.0, max : 0.7601317763328552
This epoch duration :1103.1030361652374
Epoch 9, val-method base, validation accuracy 86.54000091552734, best_prec 86.54000091552734
Epoch 10, l0 norm : 7252050, l1 norm : 1843872.0187988281
Epoch 10, min : 0.0, max : 0.7586657404899597
This epoch duration :1102.0041918754578
Epoch 10, val-method base, validation accuracy 87.18000030517578, best_prec 87.18000030517578
Epoch 11, l0 norm : 7252151, l1 norm : 1844912.0560913086
Epoch 11, min : 0.0, max : 0.7561537027359009
This epoch duration :1102.322018623352
Epoch 11, val-method base, validation accuracy 88.31999969482422, best_prec 88.31999969482422
Epoch 12, l0 norm : 7252270, l1 norm : 1845906.0063476562
Epoch 12, min : 0.0, max : 0.7580859661102295
This epoch duration :1103.1226270198822
Epoch 12, val-method base, validation accuracy 88.30999755859375, best_prec 88.31999969482422
Epoch 13, l0 norm : 7252370, l1 norm : 1846690.738494873
Epoch 13, min : 0.0, max : 0.7576169371604919
This epoch duration :1102.5258491039276
Epoch 13, val-method base, validation accuracy 87.0, best_prec 88.31999969482422
Epoch 14, l0 norm : 7252473, l1 norm : 1847485.698791504
Epoch 14, min : 0.0, max : 0.7601467967033386
This epoch duration :1103.463950395584
Epoch 14, val-method base, validation accuracy 88.43999481201172, best_prec 88.43999481201172
Epoch 15, l0 norm : 7252551, l1 norm : 1848135.6488342285
Epoch 15, min : 0.0, max : 0.7587817907333374
This epoch duration :1103.8499054908752
Epoch 15, val-method base, validation accuracy 88.82999420166016, best_prec 88.82999420166016
Epoch 16, l0 norm : 7252614, l1 norm : 1849009.184539795
Epoch 16, min : 0.0, max : 0.754994809627533
This epoch duration :1103.9477319717407
Epoch 16, val-method base, validation accuracy 88.38999938964844, best_prec 88.82999420166016
Epoch 17, l0 norm : 7252683, l1 norm : 1849866.2487792969
Epoch 17, min : 0.0, max : 0.7523922324180603
This epoch duration :1103.591554403305
Epoch 17, val-method base, validation accuracy 89.08999633789062, best_prec 89.08999633789062
Epoch 18, l0 norm : 7252743, l1 norm : 1850397.5684509277
Epoch 18, min : 0.0, max : 0.7510076761245728
This epoch duration :1104.6198534965515
Epoch 18, val-method base, validation accuracy 88.43000030517578, best_prec 89.08999633789062
Epoch 19, l0 norm : 7252798, l1 norm : 1851062.6879882812
Epoch 19, min : 0.0, max : 0.7515435814857483
This epoch duration :1104.63232254982
Epoch 19, val-method base, validation accuracy 89.37999725341797, best_prec 89.37999725341797
Epoch 20, l0 norm : 7252839, l1 norm : 1851433.0670471191
Epoch 20, min : 0.0, max : 0.7525251507759094
This epoch duration :1103.972205877304
Epoch 20, val-method base, validation accuracy 89.93000030517578, best_prec 89.93000030517578
Epoch 21, l0 norm : 7252884, l1 norm : 1852008.3859863281
Epoch 21, min : 0.0, max : 0.7493189573287964
This epoch duration :1103.3776013851166
Epoch 21, val-method base, validation accuracy 89.73999786376953, best_prec 89.93000030517578
Epoch 22, l0 norm : 7252926, l1 norm : 1852380.2467651367
Epoch 22, min : 0.0, max : 0.7497670650482178
This epoch duration :1103.6927847862244
Epoch 22, val-method base, validation accuracy 89.4000015258789, best_prec 89.93000030517578
Epoch 23, l0 norm : 7252958, l1 norm : 1852629.1905517578
Epoch 23, min : 0.0, max : 0.7505906224250793
This epoch duration :1104.1409924030304
Epoch 23, val-method base, validation accuracy 90.22000122070312, best_prec 90.22000122070312
Epoch 24, l0 norm : 7253000, l1 norm : 1852871.019744873
Epoch 24, min : 0.0, max : 0.7478947043418884
This epoch duration :1103.5036532878876
Epoch 24, val-method base, validation accuracy 89.97999572753906, best_prec 90.22000122070312
Epoch 25, l0 norm : 7253021, l1 norm : 1853217.8449401855
Epoch 25, min : 0.0, max : 0.7466562986373901
This epoch duration :1103.2892663478851
Epoch 25, val-method base, validation accuracy 89.3699951171875, best_prec 90.22000122070312
Epoch 26, l0 norm : 7253046, l1 norm : 1853486.2232055664
Epoch 26, min : 0.0, max : 0.7437151670455933
This epoch duration :1103.2858934402466
Epoch 26, val-method base, validation accuracy 90.22999572753906, best_prec 90.22999572753906
Epoch 27, l0 norm : 7253066, l1 norm : 1853725.75
Epoch 27, min : 0.0, max : 0.744465172290802
This epoch duration :1103.6840133666992
Epoch 27, val-method base, validation accuracy 90.1500015258789, best_prec 90.22999572753906
Epoch 28, l0 norm : 7253085, l1 norm : 1853949.6617736816
Epoch 28, min : 0.0, max : 0.7416746616363525
This epoch duration :1104.105422258377
Epoch 28, val-method base, validation accuracy 90.81999969482422, best_prec 90.81999969482422
Epoch 29, l0 norm : 7253105, l1 norm : 1854150.058166504
Epoch 29, min : 0.0, max : 0.7366692423820496
This epoch duration :1103.3610391616821
Epoch 29, val-method base, validation accuracy 91.0999984741211, best_prec 91.0999984741211
Epoch 30, l0 norm : 7253124, l1 norm : 1854323.0299072266
Epoch 30, min : 0.0, max : 0.733070969581604
This epoch duration :1104.047231912613
Epoch 30, val-method base, validation accuracy 90.75, best_prec 91.0999984741211
Epoch 31, l0 norm : 7253141, l1 norm : 1854455.2302246094
Epoch 31, min : 0.0, max : 0.7309167981147766
This epoch duration :1104.5898842811584
Epoch 31, val-method base, validation accuracy 89.66999816894531, best_prec 91.0999984741211
Epoch 32, l0 norm : 7253170, l1 norm : 1854565.1541748047
Epoch 32, min : 0.0, max : 0.7280414700508118
This epoch duration :1102.5828785896301
Epoch 32, val-method base, validation accuracy 90.68000030517578, best_prec 91.0999984741211
Epoch 33, l0 norm : 7253188, l1 norm : 1854674.601196289
Epoch 33, min : 0.0, max : 0.7239173054695129
This epoch duration :1103.8355872631073
Epoch 33, val-method base, validation accuracy 90.58999633789062, best_prec 91.0999984741211
Epoch 34, l0 norm : 7253204, l1 norm : 1854915.9198608398
Epoch 34, min : 0.0, max : 0.7260864973068237
This epoch duration :1104.0360820293427
Epoch 34, val-method base, validation accuracy 89.9000015258789, best_prec 91.0999984741211
Epoch 35, l0 norm : 7253215, l1 norm : 1854991.9890136719
Epoch 35, min : 0.0, max : 0.7263575196266174
This epoch duration :1103.5531644821167
Epoch 35, val-method base, validation accuracy 90.22999572753906, best_prec 91.0999984741211
Epoch 36, l0 norm : 7253218, l1 norm : 1855009.0498046875
Epoch 36, min : 0.0, max : 0.7266295552253723
This epoch duration :1104.151225566864
Epoch 36, val-method base, validation accuracy 91.30999755859375, best_prec 91.30999755859375
Epoch 37, l0 norm : 7253226, l1 norm : 1854993.1267089844
Epoch 37, min : 0.0, max : 0.7238625884056091
This epoch duration :1103.0917627811432
Epoch 37, val-method base, validation accuracy 90.45999908447266, best_prec 91.30999755859375
Epoch 38, l0 norm : 7253231, l1 norm : 1855060.3454589844
Epoch 38, min : 0.0, max : 0.7219021320343018
This epoch duration :1103.9245927333832
Epoch 38, val-method base, validation accuracy 90.97999572753906, best_prec 91.30999755859375
Epoch 39, l0 norm : 7253236, l1 norm : 1855021.3419189453
Epoch 39, min : 0.0, max : 0.7211164236068726
This epoch duration :1103.6645436286926
Epoch 39, val-method base, validation accuracy 91.43000030517578, best_prec 91.43000030517578
Epoch 40, l0 norm : 7253243, l1 norm : 1855105.2833862305
Epoch 40, min : 0.0, max : 0.7169397473335266
This epoch duration :1103.8802425861359
Epoch 40, val-method base, validation accuracy 90.32999420166016, best_prec 91.43000030517578
Epoch 41, l0 norm : 7253251, l1 norm : 1855078.0117797852
Epoch 41, min : 0.0, max : 0.7162868976593018
This epoch duration :1103.352397441864
Epoch 41, val-method base, validation accuracy 91.39999389648438, best_prec 91.43000030517578
Epoch 42, l0 norm : 7253260, l1 norm : 1854997.8288574219
Epoch 42, min : 0.0, max : 0.717094361782074
This epoch duration :1103.9423942565918
Epoch 42, val-method base, validation accuracy 91.20999908447266, best_prec 91.43000030517578
Epoch 43, l0 norm : 7253270, l1 norm : 1854837.5455322266
Epoch 43, min : 0.0, max : 0.716467022895813
This epoch duration :1103.6208899021149
Epoch 43, val-method base, validation accuracy 91.57999420166016, best_prec 91.57999420166016
Epoch 44, l0 norm : 7253273, l1 norm : 1854575.7114868164
Epoch 44, min : 0.0, max : 0.7161264419555664
This epoch duration :1103.5688145160675
Epoch 44, val-method base, validation accuracy 90.5999984741211, best_prec 91.57999420166016
Epoch 45, l0 norm : 7253284, l1 norm : 1854399.2028808594
Epoch 45, min : 0.0, max : 0.7186514139175415
This epoch duration :1103.6833038330078
Epoch 45, val-method base, validation accuracy 91.41999816894531, best_prec 91.57999420166016
Epoch 46, l0 norm : 7253293, l1 norm : 1854131.4145507812
Epoch 46, min : 0.0, max : 0.718347430229187
This epoch duration :1103.6682555675507
Epoch 46, val-method base, validation accuracy 91.57999420166016, best_prec 91.57999420166016
Epoch 47, l0 norm : 7253302, l1 norm : 1853822.5892333984
Epoch 47, min : 0.0, max : 0.7193013429641724
This epoch duration :1104.137820482254
Epoch 47, val-method base, validation accuracy 90.86000061035156, best_prec 91.57999420166016
Epoch 48, l0 norm : 7253315, l1 norm : 1853599.949645996
Epoch 48, min : 0.0, max : 0.7228271961212158
This epoch duration :1104.146785736084
Epoch 48, val-method base, validation accuracy 91.62999725341797, best_prec 91.62999725341797
Epoch 49, l0 norm : 7253319, l1 norm : 1853221.1484375
Epoch 49, min : 0.0, max : 0.7238789200782776
This epoch duration :1104.1745793819427
Epoch 49, val-method base, validation accuracy 91.55999755859375, best_prec 91.62999725341797
Epoch 50, l0 norm : 7253323, l1 norm : 1852782.2814941406
Epoch 50, min : 0.0, max : 0.7239733934402466
This epoch duration :1104.10098361969
Epoch 50, val-method base, validation accuracy 92.33999633789062, best_prec 92.33999633789062
Epoch 51, l0 norm : 7253327, l1 norm : 1852190.5249328613
Epoch 51, min : 0.0, max : 0.7227070331573486
This epoch duration :1103.0994672775269
Epoch 51, val-method base, validation accuracy 92.11000061035156, best_prec 92.33999633789062
Epoch 52, l0 norm : 7253331, l1 norm : 1851558.7927246094
Epoch 52, min : 0.0, max : 0.7231314778327942
This epoch duration :1104.330977678299
Epoch 52, val-method base, validation accuracy 91.98999786376953, best_prec 92.33999633789062
Epoch 53, l0 norm : 7253338, l1 norm : 1850920.4624938965
Epoch 53, min : 0.0, max : 0.7243868112564087
This epoch duration :1103.2843799591064
Epoch 53, val-method base, validation accuracy 91.75, best_prec 92.33999633789062
Epoch 54, l0 norm : 7253346, l1 norm : 1850430.4720458984
Epoch 54, min : 0.0, max : 0.7237074971199036
This epoch duration :1103.8031539916992
Epoch 54, val-method base, validation accuracy 91.64999389648438, best_prec 92.33999633789062
Epoch 55, l0 norm : 7253351, l1 norm : 1849766.4141235352
Epoch 55, min : 0.0, max : 0.7248800992965698
This epoch duration :1103.0227401256561
Epoch 55, val-method base, validation accuracy 92.25999450683594, best_prec 92.33999633789062
Epoch 56, l0 norm : 7253354, l1 norm : 1848806.307006836
Epoch 56, min : 0.0, max : 0.7263510227203369
This epoch duration :1103.7939455509186
Epoch 56, val-method base, validation accuracy 92.38999938964844, best_prec 92.38999938964844
Epoch 57, l0 norm : 7253358, l1 norm : 1847799.5126953125
Epoch 57, min : 0.0, max : 0.7273065447807312
This epoch duration :1103.2722051143646
Epoch 57, val-method base, validation accuracy 92.47000122070312, best_prec 92.47000122070312
Epoch 58, l0 norm : 7253364, l1 norm : 1846570.8318481445
Epoch 58, min : 0.0, max : 0.7295960187911987
This epoch duration :1104.562561750412
Epoch 58, val-method base, validation accuracy 92.05999755859375, best_prec 92.47000122070312
Epoch 59, l0 norm : 7253368, l1 norm : 1845098.321838379
Epoch 59, min : 0.0, max : 0.7299973964691162
This epoch duration :1103.1244399547577
Epoch 59, val-method base, validation accuracy 92.63999938964844, best_prec 92.63999938964844
Epoch 60, l0 norm : 7253373, l1 norm : 1843772.5299377441
Epoch 60, min : 0.0, max : 0.7313698530197144
This epoch duration :1104.100855588913
Epoch 60, val-method base, validation accuracy 92.83999633789062, best_prec 92.83999633789062
Epoch 61, l0 norm : 7253377, l1 norm : 1842237.7493896484
Epoch 61, min : 0.0, max : 0.7309669256210327
This epoch duration :1103.247040271759
Epoch 61, val-method base, validation accuracy 92.54000091552734, best_prec 92.83999633789062
Epoch 62, l0 norm : 7253379, l1 norm : 1840502.412536621
Epoch 62, min : 0.0, max : 0.730988085269928
This epoch duration :1102.9479925632477
Epoch 62, val-method base, validation accuracy 92.79000091552734, best_prec 92.83999633789062
Epoch 63, l0 norm : 7253381, l1 norm : 1838729.8384399414
Epoch 63, min : 0.0, max : 0.7306837439537048
This epoch duration :1110.173743724823
Epoch 63, val-method base, validation accuracy 92.94999694824219, best_prec 92.94999694824219
Epoch 64, l0 norm : 7253385, l1 norm : 1836673.1388549805
Epoch 64, min : 0.0, max : 0.7310217022895813
This epoch duration :1125.2806997299194
Epoch 64, val-method base, validation accuracy 92.91999816894531, best_prec 92.94999694824219
Epoch 65, l0 norm : 7253386, l1 norm : 1834778.4996948242
Epoch 65, min : 0.0, max : 0.7301924824714661
This epoch duration :1106.9082243442535
Epoch 65, val-method base, validation accuracy 92.69999694824219, best_prec 92.94999694824219
Epoch 66, l0 norm : 7253392, l1 norm : 1832163.607849121
Epoch 66, min : 0.0, max : 0.7303044199943542
This epoch duration :1103.8179295063019
Epoch 66, val-method base, validation accuracy 92.94999694824219, best_prec 92.94999694824219
Epoch 67, l0 norm : 7253398, l1 norm : 1829326.6565246582
Epoch 67, min : 0.0, max : 0.7324231863021851
This epoch duration :1103.8946912288666
Epoch 67, val-method base, validation accuracy 92.98999786376953, best_prec 92.98999786376953
Epoch 68, l0 norm : 7253401, l1 norm : 1825792.0628051758
Epoch 68, min : 0.0, max : 0.7340177297592163
This epoch duration :1103.07803606987
Epoch 68, val-method base, validation accuracy 92.95999908447266, best_prec 92.98999786376953
Epoch 69, l0 norm : 7253401, l1 norm : 1822355.6264038086
Epoch 69, min : 0.0, max : 0.7361904382705688
This epoch duration :1104.1570234298706
Epoch 69, val-method base, validation accuracy 93.22999572753906, best_prec 93.22999572753906
Epoch 70, l0 norm : 7253403, l1 norm : 1818237.8671264648
Epoch 70, min : 0.0, max : 0.7384265661239624
This epoch duration :1103.4260656833649
Epoch 70, val-method base, validation accuracy 93.38999938964844, best_prec 93.38999938964844
Epoch 71, l0 norm : 7253406, l1 norm : 1814010.0505981445
Epoch 71, min : 0.0, max : 0.7380223870277405
This epoch duration :1103.1724820137024
Epoch 71, val-method base, validation accuracy 93.39999389648438, best_prec 93.39999389648438
Epoch 72, l0 norm : 7253407, l1 norm : 1809263.412536621
Epoch 72, min : 0.0, max : 0.7390229105949402
This epoch duration :1103.264526128769
Epoch 72, val-method base, validation accuracy 93.54999542236328, best_prec 93.54999542236328
Epoch 73, l0 norm : 7253408, l1 norm : 1803670.1223449707
Epoch 73, min : 0.0, max : 0.740398645401001
This epoch duration :1102.4766037464142
Epoch 73, val-method base, validation accuracy 93.79000091552734, best_prec 93.79000091552734
Epoch 74, l0 norm : 7253409, l1 norm : 1797594.3417358398
Epoch 74, min : 0.0, max : 0.741721510887146
This epoch duration :1104.0816133022308
Epoch 74, val-method base, validation accuracy 93.93999481201172, best_prec 93.93999481201172
Epoch 75, l0 norm : 7253411, l1 norm : 1791092.015411377
Epoch 75, min : 0.0, max : 0.7439951300621033
This epoch duration :1102.7423870563507
Epoch 75, val-method base, validation accuracy 93.79999542236328, best_prec 93.93999481201172
Epoch 76, l0 norm : 7253411, l1 norm : 1784797.7198791504
Epoch 76, min : 0.0, max : 0.7459825873374939
This epoch duration :1103.0467112064362
Epoch 76, val-method base, validation accuracy 93.54999542236328, best_prec 93.93999481201172
Epoch 77, l0 norm : 7253411, l1 norm : 1777601.8083496094
Epoch 77, min : 0.0, max : 0.7467201948165894
This epoch duration :1102.6910691261292
Epoch 77, val-method base, validation accuracy 94.04000091552734, best_prec 94.04000091552734
Epoch 78, l0 norm : 7253411, l1 norm : 1770473.3966064453
Epoch 78, min : 0.0, max : 0.7487807869911194
This epoch duration :1104.2575194835663
Epoch 78, val-method base, validation accuracy 93.93999481201172, best_prec 94.04000091552734
Epoch 79, l0 norm : 7253411, l1 norm : 1762730.8652954102
Epoch 79, min : 0.0, max : 0.75152987241745
This epoch duration :1105.4635529518127
Epoch 79, val-method base, validation accuracy 94.0999984741211, best_prec 94.0999984741211
Epoch 80, l0 norm : 7253411, l1 norm : 1754128.1330566406
Epoch 80, min : 0.0, max : 0.7527136206626892
This epoch duration :1105.3354711532593
Epoch 80, val-method base, validation accuracy 94.12999725341797, best_prec 94.12999725341797
Epoch 81, l0 norm : 7253411, l1 norm : 1745996.763671875
Epoch 81, min : 0.0, max : 0.7541164755821228
This epoch duration :1103.0929443836212
Epoch 81, val-method base, validation accuracy 94.06999969482422, best_prec 94.12999725341797
Epoch 82, l0 norm : 7253411, l1 norm : 1736721.8475646973
Epoch 82, min : 0.0, max : 0.7563929557800293
This epoch duration :1103.2263374328613
Epoch 82, val-method base, validation accuracy 94.12999725341797, best_prec 94.12999725341797
Epoch 83, l0 norm : 7253411, l1 norm : 1727820.5461425781
Epoch 83, min : 0.0, max : 0.7585258483886719
This epoch duration :1103.997225522995
Epoch 83, val-method base, validation accuracy 94.12999725341797, best_prec 94.12999725341797
Epoch 84, l0 norm : 7253411, l1 norm : 1718301.6127319336
Epoch 84, min : 0.0, max : 0.7601616382598877
This epoch duration :1103.0434217453003
Epoch 84, val-method base, validation accuracy 94.0999984741211, best_prec 94.12999725341797
Epoch 85, l0 norm : 7253411, l1 norm : 1709187.5065307617
Epoch 85, min : 0.0, max : 0.7621586918830872
This epoch duration :1104.7956004142761
Epoch 85, val-method base, validation accuracy 94.16999816894531, best_prec 94.16999816894531
Epoch 86, l0 norm : 7253411, l1 norm : 1700069.2290039062
Epoch 86, min : 0.0, max : 0.76432204246521
This epoch duration :1103.94810628891
Epoch 86, val-method base, validation accuracy 94.16999816894531, best_prec 94.16999816894531
Epoch 87, l0 norm : 7253411, l1 norm : 1690811.6400756836
Epoch 87, min : 0.0, max : 0.7668135166168213
This epoch duration :1104.4008204936981
Epoch 87, val-method base, validation accuracy 94.0999984741211, best_prec 94.16999816894531
Epoch 88, l0 norm : 7253411, l1 norm : 1682334.3142089844
Epoch 88, min : 0.0, max : 0.768879771232605
This epoch duration :1103.6449797153473
Epoch 88, val-method base, validation accuracy 94.22000122070312, best_prec 94.22000122070312
Epoch 89, l0 norm : 7253411, l1 norm : 1673277.1654663086
Epoch 89, min : 0.0, max : 0.7711048722267151
This epoch duration :1104.184345960617
Epoch 89, val-method base, validation accuracy 94.0999984741211, best_prec 94.22000122070312
Epoch 90, l0 norm : 7253411, l1 norm : 1664438.8108520508
Epoch 90, min : 0.0, max : 0.7733688950538635
This epoch duration :1104.8890099525452
Epoch 90, val-method base, validation accuracy 94.19999694824219, best_prec 94.22000122070312
Epoch 91, l0 norm : 7253411, l1 norm : 1655945.6641845703
Epoch 91, min : 0.0, max : 0.7756145596504211
This epoch duration :1104.1362931728363
Epoch 91, val-method base, validation accuracy 94.22999572753906, best_prec 94.22999572753906
Epoch 92, l0 norm : 7253411, l1 norm : 1647344.2996826172
Epoch 92, min : 0.0, max : 0.7783343195915222
This epoch duration :1104.0925216674805
Epoch 92, val-method base, validation accuracy 94.25, best_prec 94.25
Epoch 93, l0 norm : 7253412, l1 norm : 1638580.5860595703
Epoch 93, min : 0.0, max : 0.7804820537567139
This epoch duration :1104.1166648864746
Epoch 93, val-method base, validation accuracy 94.23999786376953, best_prec 94.25
Epoch 94, l0 norm : 7253412, l1 norm : 1630138.0168457031
Epoch 94, min : 0.0, max : 0.7821876406669617
This epoch duration :1103.734471321106
Epoch 94, val-method base, validation accuracy 94.25, best_prec 94.25
Epoch 95, l0 norm : 7253412, l1 norm : 1622388.0470581055
Epoch 95, min : 0.0, max : 0.7842637300491333
This epoch duration :1103.060189962387
Epoch 95, val-method base, validation accuracy 94.14999389648438, best_prec 94.25
Epoch 96, l0 norm : 7253412, l1 norm : 1614183.5236816406
Epoch 96, min : 0.0, max : 0.7868008613586426
This epoch duration :1103.9047555923462
Epoch 96, val-method base, validation accuracy 94.18000030517578, best_prec 94.25
Epoch 97, l0 norm : 7253412, l1 norm : 1605863.2630615234
Epoch 97, min : 0.0, max : 0.7888414859771729
This epoch duration :1103.2355527877808
Epoch 97, val-method base, validation accuracy 94.15999603271484, best_prec 94.25
Epoch 98, l0 norm : 7253412, l1 norm : 1598354.2231445312
Epoch 98, min : 0.0, max : 0.7906186580657959
This epoch duration :1103.2077889442444
Epoch 98, val-method base, validation accuracy 94.13999938964844, best_prec 94.25
Epoch 99, l0 norm : 7253412, l1 norm : 1590789.150543213
Epoch 99, min : 0.0, max : 0.7919871211051941
This epoch duration :977.308247089386
Epoch 99, val-method base, validation accuracy 94.16999816894531, best_prec 94.25
