Namespace(configs='configs/CIFAR10/pen_bip_1.yml', result_dir='./trained_models', exp_name='RC_pb1_24', exp_mode='prune', arch='resnet18', num_classes=10, layer_type='unstructured', k=None, lambd=0.99999995, alpha=1.0, scaled_score_init=True, scale_rand_init=False, freeze_bn=False, source_net='trained_models/CIFAR10_resnet18_Pretrain/pretrain/latest_exp/checkpoint/model_best.pth.tar', scores_init_type=None, dataset='CIFAR10', batch_size=128, num_workers=2, test_batch_size=128, normalize=True, data_dir='./data', image_dim=32, trainer='penalized_bilevel_1', epochs=100, optimizer='sgd', wd=0.0001, mask_lr=0.1, lr=0.1, mask_lr_schedule='step', lr_schedule='cosine', momentum=0.9, warmup_epochs=0, warmup_lr=0.1, save_dense=False, evaluate=False, val_method='base', resume='', seed=1234, print_freq=100, lr2=0.0001, accelerate=False)
=> loading source model from 'trained_models/CIFAR10_resnet18_Pretrain/pretrain/latest_exp/checkpoint/model_best.pth.tar'
=> loaded checkpoint 'trained_models/CIFAR10_resnet18_Pretrain/pretrain/latest_exp/checkpoint/model_best.pth.tar'
Epoch 0, l0 norm : 7763247, l1 norm : 2160860.8829956055
Epoch 0, min : 0.0, max : 0.6974660158157349
This epoch duration :2048.3957085609436
Epoch 0, val-method base, validation accuracy 64.08999633789062, best_prec 64.08999633789062
Epoch 1, l0 norm : 7769881, l1 norm : 2204398.867034912
Epoch 1, min : 0.0, max : 0.748841404914856
This epoch duration :2038.6471588611603
Epoch 1, val-method base, validation accuracy 77.29000091552734, best_prec 77.29000091552734
Epoch 2, l0 norm : 7771691, l1 norm : 2216266.675567627
Epoch 2, min : 0.0, max : 0.7571871280670166
This epoch duration :2037.570675611496
Epoch 2, val-method base, validation accuracy 82.72000122070312, best_prec 82.72000122070312
Epoch 3, l0 norm : 7772647, l1 norm : 2221913.2124938965
Epoch 3, min : 0.0, max : 0.7541506290435791
This epoch duration :2054.041428565979
Epoch 3, val-method base, validation accuracy 83.19999694824219, best_prec 83.19999694824219
Epoch 4, l0 norm : 7773302, l1 norm : 2224193.3443603516
Epoch 4, min : 0.0, max : 0.7561266422271729
This epoch duration :2048.3016192913055
Epoch 4, val-method base, validation accuracy 85.88999938964844, best_prec 85.88999938964844
Epoch 5, l0 norm : 7773728, l1 norm : 2225458.9079589844
Epoch 5, min : 0.0, max : 0.7623399496078491
This epoch duration :2052.201930999756
Epoch 5, val-method base, validation accuracy 86.75999450683594, best_prec 86.75999450683594
Epoch 6, l0 norm : 7774041, l1 norm : 2226753.386993408
Epoch 6, min : 0.0, max : 0.7648475170135498
This epoch duration :2054.4094285964966
Epoch 6, val-method base, validation accuracy 89.19999694824219, best_prec 89.19999694824219
Epoch 7, l0 norm : 7774264, l1 norm : 2227254.2587890625
Epoch 7, min : 0.0, max : 0.7644588351249695
This epoch duration :2053.8823137283325
Epoch 7, val-method base, validation accuracy 88.97999572753906, best_prec 89.19999694824219
Epoch 8, l0 norm : 7774458, l1 norm : 2227722.065551758
Epoch 8, min : 0.0, max : 0.7563969492912292
This epoch duration :2051.3127007484436
Epoch 8, val-method base, validation accuracy 89.38999938964844, best_prec 89.38999938964844
Epoch 9, l0 norm : 7774623, l1 norm : 2228219.850463867
Epoch 9, min : 0.0, max : 0.7455011010169983
This epoch duration :2052.0735754966736
Epoch 9, val-method base, validation accuracy 90.52999877929688, best_prec 90.52999877929688
Epoch 10, l0 norm : 7774758, l1 norm : 2228407.674560547
Epoch 10, min : 0.0, max : 0.7405923008918762
This epoch duration :2056.493208885193
Epoch 10, val-method base, validation accuracy 89.75, best_prec 90.52999877929688
Epoch 11, l0 norm : 7774851, l1 norm : 2228431.9157714844
Epoch 11, min : 0.0, max : 0.7456213235855103
This epoch duration :2055.1983025074005
Epoch 11, val-method base, validation accuracy 89.45999908447266, best_prec 90.52999877929688
Epoch 12, l0 norm : 7774950, l1 norm : 2228535.487335205
Epoch 12, min : 0.0, max : 0.7489643692970276
This epoch duration :2055.0619328022003
Epoch 12, val-method base, validation accuracy 90.32999420166016, best_prec 90.52999877929688
Epoch 13, l0 norm : 7775001, l1 norm : 2228459.491821289
Epoch 13, min : 0.0, max : 0.7515623569488525
This epoch duration :2053.0991673469543
Epoch 13, val-method base, validation accuracy 90.8499984741211, best_prec 90.8499984741211
Epoch 14, l0 norm : 7775069, l1 norm : 2228570.581451416
Epoch 14, min : 0.0, max : 0.7527215480804443
This epoch duration :2052.7089009284973
Epoch 14, val-method base, validation accuracy 90.5199966430664, best_prec 90.8499984741211
Epoch 15, l0 norm : 7775131, l1 norm : 2228696.7311401367
Epoch 15, min : 0.0, max : 0.7523985505104065
This epoch duration :2053.7827491760254
Epoch 15, val-method base, validation accuracy 90.94999694824219, best_prec 90.94999694824219
Epoch 16, l0 norm : 7775193, l1 norm : 2228929.332092285
Epoch 16, min : 0.0, max : 0.751458466053009
This epoch duration :2051.5719752311707
Epoch 16, val-method base, validation accuracy 90.44999694824219, best_prec 90.94999694824219
Epoch 17, l0 norm : 7775235, l1 norm : 2229162.8698120117
Epoch 17, min : 0.0, max : 0.7515130639076233
This epoch duration :2052.4367616176605
Epoch 17, val-method base, validation accuracy 90.97999572753906, best_prec 90.97999572753906
Epoch 18, l0 norm : 7775275, l1 norm : 2229187.6004943848
Epoch 18, min : 0.0, max : 0.7533251047134399
This epoch duration :2053.6064636707306
Epoch 18, val-method base, validation accuracy 90.00999450683594, best_prec 90.97999572753906
Epoch 19, l0 norm : 7775334, l1 norm : 2229399.0271606445
Epoch 19, min : 0.0, max : 0.7544550895690918
This epoch duration :2054.0797431468964
Epoch 19, val-method base, validation accuracy 91.68000030517578, best_prec 91.68000030517578
Epoch 20, l0 norm : 7775362, l1 norm : 2229419.189880371
Epoch 20, min : 0.0, max : 0.7560427188873291
This epoch duration :2051.7857525348663
Epoch 20, val-method base, validation accuracy 90.87999725341797, best_prec 91.68000030517578
Epoch 21, l0 norm : 7775394, l1 norm : 2229103.831451416
Epoch 21, min : 0.0, max : 0.7588147521018982
This epoch duration :2052.2529516220093
Epoch 21, val-method base, validation accuracy 91.32999420166016, best_prec 91.68000030517578
Epoch 22, l0 norm : 7775413, l1 norm : 2229024.0131225586
Epoch 22, min : 0.0, max : 0.7548655867576599
This epoch duration :2055.146828651428
Epoch 22, val-method base, validation accuracy 91.32999420166016, best_prec 91.68000030517578
Epoch 23, l0 norm : 7775435, l1 norm : 2228791.4549560547
Epoch 23, min : 0.0, max : 0.755194902420044
This epoch duration :2054.2780525684357
Epoch 23, val-method base, validation accuracy 91.37999725341797, best_prec 91.68000030517578
Epoch 24, l0 norm : 7775459, l1 norm : 2228548.48248291
Epoch 24, min : 0.0, max : 0.7551652193069458
This epoch duration :2056.813524246216
Epoch 24, val-method base, validation accuracy 91.50999450683594, best_prec 91.68000030517578
Epoch 25, l0 norm : 7775472, l1 norm : 2228112.0275268555
Epoch 25, min : 0.0, max : 0.7543468475341797
This epoch duration :2050.7339713573456
Epoch 25, val-method base, validation accuracy 91.44999694824219, best_prec 91.68000030517578
Epoch 26, l0 norm : 7775483, l1 norm : 2227696.079223633
Epoch 26, min : 0.0, max : 0.7549007534980774
This epoch duration :2057.5076961517334
Epoch 26, val-method base, validation accuracy 91.00999450683594, best_prec 91.68000030517578
Epoch 27, l0 norm : 7775492, l1 norm : 2227392.4210510254
Epoch 27, min : 0.0, max : 0.7545017004013062
This epoch duration :2056.9930667877197
Epoch 27, val-method base, validation accuracy 91.25, best_prec 91.68000030517578
Epoch 28, l0 norm : 7775504, l1 norm : 2227205.5932617188
Epoch 28, min : 0.0, max : 0.757741391658783
This epoch duration :2058.853376865387
Epoch 28, val-method base, validation accuracy 92.20999908447266, best_prec 92.20999908447266
Epoch 29, l0 norm : 7775509, l1 norm : 2227108.1415100098
Epoch 29, min : 0.0, max : 0.7556222677230835
This epoch duration :2057.5517661571503
Epoch 29, val-method base, validation accuracy 90.2699966430664, best_prec 92.20999908447266
Epoch 30, l0 norm : 7775515, l1 norm : 2227056.8670654297
Epoch 30, min : 0.0, max : 0.756873369216919
This epoch duration :2056.954362154007
Epoch 30, val-method base, validation accuracy 91.8499984741211, best_prec 92.20999908447266
Epoch 31, l0 norm : 7775521, l1 norm : 2226652.078277588
Epoch 31, min : 0.0, max : 0.7577716112136841
This epoch duration :2056.8764984607697
Epoch 31, val-method base, validation accuracy 91.15999603271484, best_prec 92.20999908447266
Epoch 32, l0 norm : 7775526, l1 norm : 2226443.0993652344
Epoch 32, min : 0.0, max : 0.7597162127494812
This epoch duration :2054.4219555854797
Epoch 32, val-method base, validation accuracy 91.83999633789062, best_prec 92.20999908447266
Epoch 33, l0 norm : 7775536, l1 norm : 2226136.0035095215
Epoch 33, min : 0.0, max : 0.7629539370536804
This epoch duration :2059.809267282486
Epoch 33, val-method base, validation accuracy 91.08999633789062, best_prec 92.20999908447266
Epoch 34, l0 norm : 7775540, l1 norm : 2225673.209350586
Epoch 34, min : 0.0, max : 0.7640597224235535
This epoch duration :2056.5063207149506
Epoch 34, val-method base, validation accuracy 91.30999755859375, best_prec 92.20999908447266
Epoch 35, l0 norm : 7775544, l1 norm : 2225257.7001953125
Epoch 35, min : 0.0, max : 0.7664828300476074
This epoch duration :2058.847224712372
Epoch 35, val-method base, validation accuracy 91.86000061035156, best_prec 92.20999908447266
Epoch 36, l0 norm : 7775550, l1 norm : 2224909.305480957
Epoch 36, min : 0.0, max : 0.7665239572525024
This epoch duration :2057.703187942505
Epoch 36, val-method base, validation accuracy 91.15999603271484, best_prec 92.20999908447266
Epoch 37, l0 norm : 7775553, l1 norm : 2224401.078491211
Epoch 37, min : 0.0, max : 0.7637704014778137
This epoch duration :2053.7240555286407
Epoch 37, val-method base, validation accuracy 92.04000091552734, best_prec 92.20999908447266
Epoch 38, l0 norm : 7775557, l1 norm : 2223701.72756958
Epoch 38, min : 0.0, max : 0.7637062668800354
This epoch duration :2051.742261171341
Epoch 38, val-method base, validation accuracy 91.63999938964844, best_prec 92.20999908447266
Epoch 39, l0 norm : 7775559, l1 norm : 2223285.652770996
Epoch 39, min : 0.0, max : 0.7630159854888916
This epoch duration :2049.971093416214
Epoch 39, val-method base, validation accuracy 91.68999481201172, best_prec 92.20999908447266
Epoch 40, l0 norm : 7775563, l1 norm : 2222597.4588012695
Epoch 40, min : 0.0, max : 0.7638310194015503
This epoch duration :2053.1519062519073
Epoch 40, val-method base, validation accuracy 91.94999694824219, best_prec 92.20999908447266
Epoch 41, l0 norm : 7775566, l1 norm : 2221843.4716186523
Epoch 41, min : 0.0, max : 0.7615979909896851
This epoch duration :2049.8530728816986
Epoch 41, val-method base, validation accuracy 92.06999969482422, best_prec 92.20999908447266
Epoch 42, l0 norm : 7775566, l1 norm : 2221183.8578186035
Epoch 42, min : 0.0, max : 0.7619770765304565
This epoch duration :2051.803018808365
Epoch 42, val-method base, validation accuracy 91.7699966430664, best_prec 92.20999908447266
Epoch 43, l0 norm : 7775568, l1 norm : 2220361.014190674
Epoch 43, min : 0.0, max : 0.762224018573761
This epoch duration :2050.013134241104
Epoch 43, val-method base, validation accuracy 92.05999755859375, best_prec 92.20999908447266
Epoch 44, l0 norm : 7775574, l1 norm : 2219853.863128662
Epoch 44, min : 0.0, max : 0.7627825140953064
This epoch duration :2057.81600022316
Epoch 44, val-method base, validation accuracy 91.94999694824219, best_prec 92.20999908447266
Epoch 45, l0 norm : 7775575, l1 norm : 2219064.15435791
Epoch 45, min : 0.0, max : 0.7626487612724304
This epoch duration :2062.5005490779877
Epoch 45, val-method base, validation accuracy 92.47999572753906, best_prec 92.47999572753906
Epoch 46, l0 norm : 7775583, l1 norm : 2218274.7716064453
Epoch 46, min : 0.0, max : 0.7629534602165222
This epoch duration :2059.7461364269257
Epoch 46, val-method base, validation accuracy 91.89999389648438, best_prec 92.47999572753906
Epoch 47, l0 norm : 7775586, l1 norm : 2217183.202026367
Epoch 47, min : 0.0, max : 0.7628155946731567
This epoch duration :2049.9668140411377
Epoch 47, val-method base, validation accuracy 92.68000030517578, best_prec 92.68000030517578
Epoch 48, l0 norm : 7775587, l1 norm : 2216090.4368896484
Epoch 48, min : 0.0, max : 0.7639344334602356
This epoch duration :2055.323419570923
Epoch 48, val-method base, validation accuracy 92.69999694824219, best_prec 92.69999694824219
Epoch 49, l0 norm : 7775588, l1 norm : 2215251.9279174805
Epoch 49, min : 0.0, max : 0.7643624544143677
This epoch duration :2051.50035071373
Epoch 49, val-method base, validation accuracy 91.82999420166016, best_prec 92.69999694824219
Epoch 50, l0 norm : 7775589, l1 norm : 2214159.1801757812
Epoch 50, min : 0.0, max : 0.7618790864944458
This epoch duration :2056.744905233383
Epoch 50, val-method base, validation accuracy 92.5199966430664, best_prec 92.69999694824219
Epoch 51, l0 norm : 7775591, l1 norm : 2213123.4809265137
Epoch 51, min : 0.0, max : 0.7617033123970032
This epoch duration :2046.9303269386292
Epoch 51, val-method base, validation accuracy 91.95999908447266, best_prec 92.69999694824219
Epoch 52, l0 norm : 7775593, l1 norm : 2211836.4567871094
Epoch 52, min : 0.0, max : 0.7606641054153442
This epoch duration :2057.478301525116
Epoch 52, val-method base, validation accuracy 92.89999389648438, best_prec 92.89999389648438
Epoch 53, l0 norm : 7775600, l1 norm : 2210397.859802246
Epoch 53, min : 0.0, max : 0.7606098651885986
This epoch duration :2045.280103445053
Epoch 53, val-method base, validation accuracy 92.55999755859375, best_prec 92.89999389648438
Epoch 54, l0 norm : 7775604, l1 norm : 2209108.8167419434
Epoch 54, min : 0.0, max : 0.7612825036048889
This epoch duration :2054.549069404602
Epoch 54, val-method base, validation accuracy 92.55999755859375, best_prec 92.89999389648438
Epoch 55, l0 norm : 7775605, l1 norm : 2207328.703430176
Epoch 55, min : 0.0, max : 0.7611418962478638
This epoch duration :2049.856876850128
Epoch 55, val-method base, validation accuracy 93.29000091552734, best_prec 93.29000091552734
Epoch 56, l0 norm : 7775605, l1 norm : 2205268.473236084
Epoch 56, min : 0.0, max : 0.7640225291252136
This epoch duration :2049.731556892395
Epoch 56, val-method base, validation accuracy 93.18999481201172, best_prec 93.29000091552734
Epoch 57, l0 norm : 7775607, l1 norm : 2203250.0692749023
Epoch 57, min : 0.0, max : 0.7652730941772461
This epoch duration :2057.939084291458
Epoch 57, val-method base, validation accuracy 93.18999481201172, best_prec 93.29000091552734
Epoch 58, l0 norm : 7775608, l1 norm : 2200751.4643554688
Epoch 58, min : 0.0, max : 0.7644785642623901
This epoch duration :2046.9992399215698
Epoch 58, val-method base, validation accuracy 93.29000091552734, best_prec 93.29000091552734
Epoch 59, l0 norm : 7775609, l1 norm : 2198406.8601989746
Epoch 59, min : 0.0, max : 0.7660093903541565
This epoch duration :2056.1469337940216
Epoch 59, val-method base, validation accuracy 93.15999603271484, best_prec 93.29000091552734
Epoch 60, l0 norm : 7775610, l1 norm : 2196088.9992980957
Epoch 60, min : 0.0, max : 0.7676353454589844
This epoch duration :2054.91108584404
Epoch 60, val-method base, validation accuracy 93.3699951171875, best_prec 93.3699951171875
Epoch 61, l0 norm : 7775612, l1 norm : 2192817.664794922
Epoch 61, min : 0.0, max : 0.7690126299858093
This epoch duration :2045.6745765209198
Epoch 61, val-method base, validation accuracy 93.36000061035156, best_prec 93.3699951171875
Epoch 62, l0 norm : 7775612, l1 norm : 2189541.1736450195
Epoch 62, min : 0.0, max : 0.7696821689605713
This epoch duration :2041.512670993805
Epoch 62, val-method base, validation accuracy 93.52999877929688, best_prec 93.52999877929688
Epoch 63, l0 norm : 7775612, l1 norm : 2185021.177001953
Epoch 63, min : 0.0, max : 0.771193265914917
This epoch duration :2049.928651332855
Epoch 63, val-method base, validation accuracy 93.31999969482422, best_prec 93.52999877929688
Epoch 64, l0 norm : 7775613, l1 norm : 2180376.9161987305
Epoch 64, min : 0.0, max : 0.7722457051277161
This epoch duration :2050.9040791988373
Epoch 64, val-method base, validation accuracy 93.8699951171875, best_prec 93.8699951171875
Epoch 65, l0 norm : 7775613, l1 norm : 2174793.177886963
Epoch 65, min : 0.0, max : 0.7753244638442993
This epoch duration :2055.312343120575
Epoch 65, val-method base, validation accuracy 93.61000061035156, best_prec 93.8699951171875
Epoch 66, l0 norm : 7775615, l1 norm : 2169976.9771728516
Epoch 66, min : 0.0, max : 0.7768285870552063
This epoch duration :2057.4498744010925
Epoch 66, val-method base, validation accuracy 93.68000030517578, best_prec 93.8699951171875
Epoch 67, l0 norm : 7775615, l1 norm : 2164233.538696289
Epoch 67, min : 0.0, max : 0.7774465084075928
This epoch duration :2054.877613544464
Epoch 67, val-method base, validation accuracy 94.18000030517578, best_prec 94.18000030517578
Epoch 68, l0 norm : 7775616, l1 norm : 2156867.378967285
Epoch 68, min : 0.0, max : 0.7790697813034058
This epoch duration :2058.0380969047546
Epoch 68, val-method base, validation accuracy 93.47999572753906, best_prec 94.18000030517578
Epoch 69, l0 norm : 7775616, l1 norm : 2150185.0901794434
Epoch 69, min : 0.0, max : 0.7804020047187805
This epoch duration :2057.3704159259796
Epoch 69, val-method base, validation accuracy 93.54999542236328, best_prec 94.18000030517578
Epoch 70, l0 norm : 7775617, l1 norm : 2142024.026489258
Epoch 70, min : 0.0, max : 0.7820376753807068
This epoch duration :2059.7800431251526
Epoch 70, val-method base, validation accuracy 93.95999908447266, best_prec 94.18000030517578
Epoch 71, l0 norm : 7775617, l1 norm : 2133628.5928649902
Epoch 71, min : 0.0, max : 0.784311830997467
This epoch duration :2055.9543318748474
Epoch 71, val-method base, validation accuracy 94.27999877929688, best_prec 94.27999877929688
Epoch 72, l0 norm : 7775617, l1 norm : 2124507.4623413086
Epoch 72, min : 0.0, max : 0.7859375476837158
This epoch duration :2041.7447273731232
Epoch 72, val-method base, validation accuracy 94.00999450683594, best_prec 94.27999877929688
Epoch 73, l0 norm : 7775617, l1 norm : 2114734.2174987793
Epoch 73, min : 0.0, max : 0.7875605821609497
This epoch duration :2047.6467423439026
Epoch 73, val-method base, validation accuracy 93.93000030517578, best_prec 94.27999877929688
Epoch 74, l0 norm : 7775617, l1 norm : 2104659.6646118164
Epoch 74, min : 0.0, max : 0.7888539433479309
This epoch duration :2054.9240052700043
Epoch 74, val-method base, validation accuracy 94.29999542236328, best_prec 94.29999542236328
Epoch 75, l0 norm : 7775618, l1 norm : 2093768.4792175293
Epoch 75, min : 0.0, max : 0.7905675172805786
This epoch duration :2050.842311859131
Epoch 75, val-method base, validation accuracy 94.14999389648438, best_prec 94.29999542236328
Epoch 76, l0 norm : 7775618, l1 norm : 2081778.7735595703
Epoch 76, min : 0.0, max : 0.7924707531929016
This epoch duration :2057.6017866134644
Epoch 76, val-method base, validation accuracy 94.48999786376953, best_prec 94.48999786376953
Epoch 77, l0 norm : 7775618, l1 norm : 2070189.210144043
Epoch 77, min : 0.0, max : 0.7944368124008179
This epoch duration :2054.664972782135
Epoch 77, val-method base, validation accuracy 94.54000091552734, best_prec 94.54000091552734
Epoch 78, l0 norm : 7775618, l1 norm : 2057392.369506836
Epoch 78, min : 0.0, max : 0.7949109077453613
This epoch duration :2054.6811711788177
Epoch 78, val-method base, validation accuracy 94.5, best_prec 94.54000091552734
Epoch 79, l0 norm : 7775618, l1 norm : 2045336.8493041992
Epoch 79, min : 0.0, max : 0.7965750694274902
This epoch duration :2052.107909679413
Epoch 79, val-method base, validation accuracy 94.54000091552734, best_prec 94.54000091552734
Epoch 80, l0 norm : 7775618, l1 norm : 2031088.8585205078
Epoch 80, min : 0.0, max : 0.7986170649528503
This epoch duration :2055.7033109664917
Epoch 80, val-method base, validation accuracy 94.39999389648438, best_prec 94.54000091552734
Epoch 81, l0 norm : 7775618, l1 norm : 2017288.0202636719
Epoch 81, min : 0.0, max : 0.7999029755592346
This epoch duration :2053.134905576706
Epoch 81, val-method base, validation accuracy 94.62999725341797, best_prec 94.62999725341797
Epoch 82, l0 norm : 7775619, l1 norm : 2003380.5617675781
Epoch 82, min : 0.0, max : 0.8021196126937866
This epoch duration :2054.9029195308685
Epoch 82, val-method base, validation accuracy 94.61000061035156, best_prec 94.62999725341797
Epoch 83, l0 norm : 7775620, l1 norm : 1988773.9118347168
Epoch 83, min : 0.0, max : 0.8034124970436096
This epoch duration :2056.2620055675507
Epoch 83, val-method base, validation accuracy 94.62999725341797, best_prec 94.62999725341797
Epoch 84, l0 norm : 7775620, l1 norm : 1973557.0293121338
Epoch 84, min : 0.0, max : 0.8051375150680542
This epoch duration :2052.035404443741
Epoch 84, val-method base, validation accuracy 94.6199951171875, best_prec 94.62999725341797
Epoch 85, l0 norm : 7775620, l1 norm : 1958672.680847168
Epoch 85, min : 0.0, max : 0.8075493574142456
This epoch duration :2044.6509001255035
Epoch 85, val-method base, validation accuracy 94.55999755859375, best_prec 94.62999725341797
Epoch 86, l0 norm : 7775620, l1 norm : 1945089.619567871
Epoch 86, min : 0.0, max : 0.8099586367607117
This epoch duration :2058.6506276130676
Epoch 86, val-method base, validation accuracy 94.63999938964844, best_prec 94.63999938964844
Epoch 87, l0 norm : 7775620, l1 norm : 1931009.349029541
Epoch 87, min : 0.0, max : 0.811420202255249
This epoch duration :2049.3581013679504
Epoch 87, val-method base, validation accuracy 94.45999908447266, best_prec 94.63999938964844
Epoch 88, l0 norm : 7775620, l1 norm : 1917577.5334320068
Epoch 88, min : 0.0, max : 0.8130597472190857
This epoch duration :2051.77788233757
Epoch 88, val-method base, validation accuracy 94.58999633789062, best_prec 94.63999938964844
Epoch 89, l0 norm : 7775620, l1 norm : 1904015.8547363281
Epoch 89, min : 0.0, max : 0.8152675628662109
This epoch duration :2049.156209230423
Epoch 89, val-method base, validation accuracy 94.5999984741211, best_prec 94.63999938964844
Epoch 90, l0 norm : 7775620, l1 norm : 1890278.035308838
Epoch 90, min : 0.0, max : 0.8167352080345154
This epoch duration :2049.4312222003937
Epoch 90, val-method base, validation accuracy 94.5, best_prec 94.63999938964844
Epoch 91, l0 norm : 7775620, l1 norm : 1876742.6899414062
Epoch 91, min : 0.0, max : 0.8185400366783142
This epoch duration :2051.4524352550507
Epoch 91, val-method base, validation accuracy 94.66999816894531, best_prec 94.66999816894531
Epoch 92, l0 norm : 7775620, l1 norm : 1863964.534362793
Epoch 92, min : 0.0, max : 0.8203429579734802
This epoch duration :2052.438533306122
Epoch 92, val-method base, validation accuracy 94.65999603271484, best_prec 94.66999816894531
Epoch 93, l0 norm : 7775620, l1 norm : 1850634.392791748
Epoch 93, min : 0.0, max : 0.8223581910133362
This epoch duration :2052.869264125824
Epoch 93, val-method base, validation accuracy 94.68999481201172, best_prec 94.68999481201172
Epoch 94, l0 norm : 7775620, l1 norm : 1837015.0644378662
Epoch 94, min : 0.0, max : 0.824150562286377
This epoch duration :2051.3395445346832
Epoch 94, val-method base, validation accuracy 94.63999938964844, best_prec 94.68999481201172
Epoch 95, l0 norm : 7775620, l1 norm : 1824476.6638641357
Epoch 95, min : 0.0, max : 0.8260453939437866
This epoch duration :2057.910795688629
Epoch 95, val-method base, validation accuracy 94.5999984741211, best_prec 94.68999481201172
Epoch 96, l0 norm : 7775620, l1 norm : 1812322.5946044922
Epoch 96, min : 0.0, max : 0.8276200294494629
This epoch duration :2061.004313468933
Epoch 96, val-method base, validation accuracy 94.73999786376953, best_prec 94.73999786376953
Epoch 97, l0 norm : 7775620, l1 norm : 1799731.0893249512
Epoch 97, min : 0.0, max : 0.8293560147285461
This epoch duration :2044.3545973300934
Epoch 97, val-method base, validation accuracy 94.69999694824219, best_prec 94.73999786376953
Epoch 98, l0 norm : 7775620, l1 norm : 1787805.6999969482
Epoch 98, min : 0.0, max : 0.8306226134300232
This epoch duration :1650.1196167469025
Epoch 98, val-method base, validation accuracy 94.70999908447266, best_prec 94.73999786376953
Epoch 99, l0 norm : 7775620, l1 norm : 1776281.7820892334
Epoch 99, min : 0.0, max : 0.832414448261261
This epoch duration :650.1531949043274
Epoch 99, val-method base, validation accuracy 94.75999450683594, best_prec 94.75999450683594
