Namespace(configs='configs/KMNIST/bip_corrected.yml', result_dir='./trained_models', exp_name='km_bc_11', exp_mode='prune', arch='mnist_model', num_classes=10, layer_type='unstructured', k=0.29130576006929404, lambd=0.0, alpha=1.0, fw_momentum=1.0, scaled_score_init=True, scale_rand_init=False, freeze_bn=False, source_net='trained_models/KMNIST_mnist_model/pretrain/latest_exp/checkpoint/model_best.pth.tar', scores_init_type=None, dataset='KMNIST', batch_size=64, num_workers=2, test_batch_size=64, normalize=True, data_dir='./data', image_dim=28, trainer='bilevel_corrected', epochs=100, optimizer='sgd', wd=0.0001, mask_lr=0.1, lr=0.1, mask_lr_schedule='step', lr_schedule='cosine', momentum=0.9, warmup_epochs=0, warmup_lr=0.1, save_dense=False, evaluate=False, val_method='base', resume='', seed=1234, print_freq=100, lr2=0.0001, accelerate=False)
=> loading source model from 'trained_models/KMNIST_mnist_model/pretrain/latest_exp/checkpoint/model_best.pth.tar'
=> loaded checkpoint 'trained_models/KMNIST_mnist_model/pretrain/latest_exp/checkpoint/model_best.pth.tar'
This epoch duration :295.4111270904541
Epoch 0, val-method base, validation accuracy 10.0, best_prec 10.0
This epoch duration :286.5862045288086
Epoch 1, val-method base, validation accuracy 10.0, best_prec 10.0
This epoch duration :283.69263100624084
Epoch 2, val-method base, validation accuracy 10.0, best_prec 10.0
This epoch duration :285.1742467880249
Epoch 3, val-method base, validation accuracy 10.0, best_prec 10.0
This epoch duration :286.52015590667725
Epoch 4, val-method base, validation accuracy 10.0, best_prec 10.0
This epoch duration :284.96291065216064
Epoch 5, val-method base, validation accuracy 10.0, best_prec 10.0
This epoch duration :284.35854029655457
Epoch 6, val-method base, validation accuracy 10.0, best_prec 10.0
This epoch duration :286.0899705886841
Epoch 7, val-method base, validation accuracy 10.0, best_prec 10.0
This epoch duration :286.28288674354553
Epoch 8, val-method base, validation accuracy 10.0, best_prec 10.0
This epoch duration :283.48739647865295
Epoch 9, val-method base, validation accuracy 10.0, best_prec 10.0
This epoch duration :285.340434551239
Epoch 10, val-method base, validation accuracy 10.0, best_prec 10.0
This epoch duration :286.80834698677063
Epoch 11, val-method base, validation accuracy 10.0, best_prec 10.0
This epoch duration :284.0992524623871
Epoch 12, val-method base, validation accuracy 10.0, best_prec 10.0
This epoch duration :284.5174345970154
Epoch 13, val-method base, validation accuracy 10.0, best_prec 10.0
This epoch duration :286.4430105686188
Epoch 14, val-method base, validation accuracy 10.0, best_prec 10.0
This epoch duration :285.26908254623413
Epoch 15, val-method base, validation accuracy 10.0, best_prec 10.0
This epoch duration :283.686639547348
Epoch 16, val-method base, validation accuracy 10.0, best_prec 10.0
This epoch duration :285.79834270477295
Epoch 17, val-method base, validation accuracy 10.0, best_prec 10.0
This epoch duration :286.0731589794159
Epoch 18, val-method base, validation accuracy 10.0, best_prec 10.0
This epoch duration :283.703093290329
Epoch 19, val-method base, validation accuracy 10.0, best_prec 10.0
This epoch duration :285.0410306453705
Epoch 20, val-method base, validation accuracy 10.0, best_prec 10.0
This epoch duration :286.45405101776123
Epoch 21, val-method base, validation accuracy 10.0, best_prec 10.0
This epoch duration :284.6078197956085
Epoch 22, val-method base, validation accuracy 10.0, best_prec 10.0
This epoch duration :283.7881426811218
Epoch 23, val-method base, validation accuracy 10.0, best_prec 10.0
This epoch duration :286.96177673339844
Epoch 24, val-method base, validation accuracy 10.0, best_prec 10.0
This epoch duration :285.5465176105499
Epoch 25, val-method base, validation accuracy 10.0, best_prec 10.0
This epoch duration :284.0823621749878
Epoch 26, val-method base, validation accuracy 10.0, best_prec 10.0
This epoch duration :285.82917070388794
Epoch 27, val-method base, validation accuracy 10.0, best_prec 10.0
This epoch duration :286.5732173919678
Epoch 28, val-method base, validation accuracy 10.0, best_prec 10.0
This epoch duration :284.08688378334045
Epoch 29, val-method base, validation accuracy 10.0, best_prec 10.0
This epoch duration :285.11354804039
Epoch 30, val-method base, validation accuracy 10.0, best_prec 10.0
This epoch duration :286.83298444747925
Epoch 31, val-method base, validation accuracy 10.0, best_prec 10.0
This epoch duration :284.7612488269806
Epoch 32, val-method base, validation accuracy 10.0, best_prec 10.0
This epoch duration :284.32108521461487
Epoch 33, val-method base, validation accuracy 10.0, best_prec 10.0
This epoch duration :286.20208168029785
Epoch 34, val-method base, validation accuracy 10.0, best_prec 10.0
This epoch duration :285.6950693130493
Epoch 35, val-method base, validation accuracy 10.0, best_prec 10.0
This epoch duration :283.9888548851013
Epoch 36, val-method base, validation accuracy 10.0, best_prec 10.0
This epoch duration :285.2123839855194
Epoch 37, val-method base, validation accuracy 10.0, best_prec 10.0
This epoch duration :286.85481238365173
Epoch 38, val-method base, validation accuracy 10.0, best_prec 10.0
This epoch duration :283.880179643631
Epoch 39, val-method base, validation accuracy 10.0, best_prec 10.0
This epoch duration :284.937673330307
Epoch 40, val-method base, validation accuracy 10.0, best_prec 10.0
This epoch duration :286.58609080314636
Epoch 41, val-method base, validation accuracy 10.0, best_prec 10.0
This epoch duration :284.9005947113037
Epoch 42, val-method base, validation accuracy 10.0, best_prec 10.0
This epoch duration :284.0938515663147
Epoch 43, val-method base, validation accuracy 10.0, best_prec 10.0
This epoch duration :285.7375817298889
Epoch 44, val-method base, validation accuracy 10.0, best_prec 10.0
This epoch duration :286.31994676589966
Epoch 45, val-method base, validation accuracy 10.0, best_prec 10.0
This epoch duration :283.55205249786377
Epoch 46, val-method base, validation accuracy 10.0, best_prec 10.0
This epoch duration :285.1916506290436
Epoch 47, val-method base, validation accuracy 10.0, best_prec 10.0
This epoch duration :286.6232702732086
Epoch 48, val-method base, validation accuracy 10.0, best_prec 10.0
This epoch duration :284.4387547969818
Epoch 49, val-method base, validation accuracy 10.0, best_prec 10.0
This epoch duration :284.1952106952667
Epoch 50, val-method base, validation accuracy 10.0, best_prec 10.0
This epoch duration :286.81983065605164
Epoch 51, val-method base, validation accuracy 10.0, best_prec 10.0
This epoch duration :285.29834604263306
Epoch 52, val-method base, validation accuracy 10.0, best_prec 10.0
This epoch duration :283.41271352767944
Epoch 53, val-method base, validation accuracy 10.0, best_prec 10.0
This epoch duration :285.7878270149231
Epoch 54, val-method base, validation accuracy 10.0, best_prec 10.0
This epoch duration :286.0491898059845
Epoch 55, val-method base, validation accuracy 10.0, best_prec 10.0
This epoch duration :283.95150113105774
Epoch 56, val-method base, validation accuracy 10.0, best_prec 10.0
This epoch duration :284.9377267360687
Epoch 57, val-method base, validation accuracy 10.0, best_prec 10.0
This epoch duration :286.75044560432434
Epoch 58, val-method base, validation accuracy 10.0, best_prec 10.0
This epoch duration :284.7247223854065
Epoch 59, val-method base, validation accuracy 10.0, best_prec 10.0
This epoch duration :283.8933689594269
Epoch 60, val-method base, validation accuracy 10.0, best_prec 10.0
This epoch duration :286.78364157676697
Epoch 61, val-method base, validation accuracy 10.0, best_prec 10.0
This epoch duration :285.2488811016083
Epoch 62, val-method base, validation accuracy 10.0, best_prec 10.0
This epoch duration :283.84416007995605
Epoch 63, val-method base, validation accuracy 10.0, best_prec 10.0
This epoch duration :285.360324382782
Epoch 64, val-method base, validation accuracy 10.0, best_prec 10.0
This epoch duration :286.43142890930176
Epoch 65, val-method base, validation accuracy 10.0, best_prec 10.0
This epoch duration :284.0168797969818
Epoch 66, val-method base, validation accuracy 10.0, best_prec 10.0
This epoch duration :284.66483879089355
Epoch 67, val-method base, validation accuracy 10.0, best_prec 10.0
This epoch duration :286.7422378063202
Epoch 68, val-method base, validation accuracy 10.0, best_prec 10.0
This epoch duration :284.64539551734924
Epoch 69, val-method base, validation accuracy 10.0, best_prec 10.0
This epoch duration :284.38925337791443
Epoch 70, val-method base, validation accuracy 10.0, best_prec 10.0
This epoch duration :286.0728120803833
Epoch 71, val-method base, validation accuracy 10.0, best_prec 10.0
This epoch duration :286.03892707824707
Epoch 72, val-method base, validation accuracy 10.0, best_prec 10.0
This epoch duration :283.80607986450195
Epoch 73, val-method base, validation accuracy 10.0, best_prec 10.0
This epoch duration :284.96841835975647
Epoch 74, val-method base, validation accuracy 10.0, best_prec 10.0
This epoch duration :286.58345794677734
Epoch 75, val-method base, validation accuracy 10.0, best_prec 10.0
This epoch duration :283.9281167984009
Epoch 76, val-method base, validation accuracy 10.0, best_prec 10.0
This epoch duration :284.6742548942566
Epoch 77, val-method base, validation accuracy 10.0, best_prec 10.0
This epoch duration :286.6167688369751
Epoch 78, val-method base, validation accuracy 10.0, best_prec 10.0
This epoch duration :284.9636113643646
Epoch 79, val-method base, validation accuracy 10.0, best_prec 10.0
This epoch duration :283.79194712638855
Epoch 80, val-method base, validation accuracy 10.0, best_prec 10.0
This epoch duration :285.6739902496338
Epoch 81, val-method base, validation accuracy 10.0, best_prec 10.0
This epoch duration :286.2537863254547
Epoch 82, val-method base, validation accuracy 10.0, best_prec 10.0
This epoch duration :283.4579453468323
Epoch 83, val-method base, validation accuracy 10.0, best_prec 10.0
This epoch duration :285.13442516326904
Epoch 84, val-method base, validation accuracy 10.0, best_prec 10.0
This epoch duration :286.3863158226013
Epoch 85, val-method base, validation accuracy 10.0, best_prec 10.0
This epoch duration :284.59978914260864
Epoch 86, val-method base, validation accuracy 10.0, best_prec 10.0
This epoch duration :283.8916983604431
Epoch 87, val-method base, validation accuracy 10.0, best_prec 10.0
This epoch duration :286.86059379577637
Epoch 88, val-method base, validation accuracy 10.0, best_prec 10.0
This epoch duration :285.3053340911865
Epoch 89, val-method base, validation accuracy 10.0, best_prec 10.0
This epoch duration :283.6080873012543
Epoch 90, val-method base, validation accuracy 10.0, best_prec 10.0
This epoch duration :285.6549003124237
Epoch 91, val-method base, validation accuracy 10.0, best_prec 10.0
This epoch duration :285.9630172252655
Epoch 92, val-method base, validation accuracy 10.0, best_prec 10.0
This epoch duration :284.09010338783264
Epoch 93, val-method base, validation accuracy 10.0, best_prec 10.0
This epoch duration :284.6593134403229
Epoch 94, val-method base, validation accuracy 10.0, best_prec 10.0
This epoch duration :286.9650595188141
Epoch 95, val-method base, validation accuracy 10.0, best_prec 10.0
This epoch duration :284.6096656322479
Epoch 96, val-method base, validation accuracy 10.0, best_prec 10.0
This epoch duration :284.1059114933014
Epoch 97, val-method base, validation accuracy 10.0, best_prec 10.0
This epoch duration :286.22082471847534
Epoch 98, val-method base, validation accuracy 10.0, best_prec 10.0
This epoch duration :271.9586842060089
Epoch 99, val-method base, validation accuracy 10.0, best_prec 10.0
