Namespace(configs='configs/CIFAR10/pen_bip_3.yml', result_dir='./trained_models', exp_name='RC_pb3_l6k01', exp_mode='prune', arch='resnet18', num_classes=10, layer_type='unstructured', k=0.1, lambd=0.999999, alpha=1.0, scaled_score_init=True, scale_rand_init=False, freeze_bn=False, source_net='trained_models/CIFAR10_resnet18_Pretrain/pretrain/latest_exp/checkpoint/model_best.pth.tar', scores_init_type=None, dataset='CIFAR10', batch_size=128, num_workers=2, test_batch_size=128, normalize=True, data_dir='./data', image_dim=32, trainer='penalized_bilevel_3', epochs=100, optimizer='sgd', wd=0.0001, mask_lr=0.1, lr=0.1, mask_lr_schedule='step', lr_schedule='cosine', momentum=0.9, warmup_epochs=0, warmup_lr=0.1, save_dense=False, evaluate=False, val_method='base', resume='', seed=1234, print_freq=100, lr2=0.0001, accelerate=False)
=> loading source model from 'trained_models/CIFAR10_resnet18_Pretrain/pretrain/latest_exp/checkpoint/model_best.pth.tar'
=> loaded checkpoint 'trained_models/CIFAR10_resnet18_Pretrain/pretrain/latest_exp/checkpoint/model_best.pth.tar'
Epoch 0, l0 norm : 970178, l1 norm : 500565.06019592285
Epoch 0, min : 0.0, max : 0.9871258735656738
This epoch duration :900.8556752204895
Epoch 0, val-method base, validation accuracy 37.0099983215332, best_prec 37.0099983215332
Epoch 1, l0 norm : 970178, l1 norm : 490911.4296569824
Epoch 1, min : 0.0, max : 0.9744598865509033
This epoch duration :980.0151228904724
Epoch 1, val-method base, validation accuracy 50.689998626708984, best_prec 50.689998626708984
Epoch 2, l0 norm : 970178, l1 norm : 481862.6393890381
Epoch 2, min : 0.0, max : 0.9620466828346252
This epoch duration :980.1806437969208
Epoch 2, val-method base, validation accuracy 53.599998474121094, best_prec 53.599998474121094
Epoch 3, l0 norm : 970178, l1 norm : 473164.27180480957
Epoch 3, min : 0.0, max : 0.9498899579048157
This epoch duration :1042.8714740276337
Epoch 3, val-method base, validation accuracy 59.03999710083008, best_prec 59.03999710083008
Epoch 4, l0 norm : 970178, l1 norm : 464912.3941040039
Epoch 4, min : 0.0, max : 0.9379942417144775
This epoch duration :981.1797006130219
Epoch 4, val-method base, validation accuracy 62.40999984741211, best_prec 62.40999984741211
Epoch 5, l0 norm : 970178, l1 norm : 457071.77183532715
Epoch 5, min : 0.0, max : 0.926362931728363
This epoch duration :1021.4412837028503
Epoch 5, val-method base, validation accuracy 68.23999786376953, best_prec 68.23999786376953
Epoch 6, l0 norm : 970178, l1 norm : 449683.3987045288
Epoch 6, min : 0.0, max : 0.9149988889694214
This epoch duration :1030.2730700969696
Epoch 6, val-method base, validation accuracy 68.56999969482422, best_prec 68.56999969482422
Epoch 7, l0 norm : 970178, l1 norm : 442620.5845794678
Epoch 7, min : 0.0, max : 0.9039047956466675
This epoch duration :1016.2400953769684
Epoch 7, val-method base, validation accuracy 69.87999725341797, best_prec 69.87999725341797
Epoch 8, l0 norm : 970178, l1 norm : 435884.3356399536
Epoch 8, min : 0.0, max : 0.8930832147598267
This epoch duration :998.199964761734
Epoch 8, val-method base, validation accuracy 73.19999694824219, best_prec 73.19999694824219
Epoch 9, l0 norm : 970178, l1 norm : 429372.70404815674
Epoch 9, min : 0.0, max : 0.8825358152389526
This epoch duration :980.9503457546234
Epoch 9, val-method base, validation accuracy 73.25999450683594, best_prec 73.25999450683594
Epoch 10, l0 norm : 970178, l1 norm : 423089.96490478516
Epoch 10, min : 0.0, max : 0.8722634315490723
This epoch duration :980.8234024047852
Epoch 10, val-method base, validation accuracy 76.12999725341797, best_prec 76.12999725341797
Epoch 11, l0 norm : 970178, l1 norm : 417035.1033630371
Epoch 11, min : 0.0, max : 0.8622668981552124
This epoch duration :980.7953956127167
Epoch 11, val-method base, validation accuracy 77.06999969482422, best_prec 77.06999969482422
Epoch 12, l0 norm : 970178, l1 norm : 411242.66580963135
Epoch 12, min : 0.0, max : 0.8525470495223999
This epoch duration :979.8071389198303
Epoch 12, val-method base, validation accuracy 76.6500015258789, best_prec 77.06999969482422
Epoch 13, l0 norm : 970178, l1 norm : 405684.63468933105
Epoch 13, min : 0.0, max : 0.8431037068367004
This epoch duration :980.4335932731628
Epoch 13, val-method base, validation accuracy 79.0999984741211, best_prec 79.0999984741211
Epoch 14, l0 norm : 970178, l1 norm : 400307.13888549805
Epoch 14, min : 0.0, max : 0.8339367508888245
This epoch duration :981.1997289657593
Epoch 14, val-method base, validation accuracy 79.97999572753906, best_prec 79.97999572753906
Epoch 15, l0 norm : 970178, l1 norm : 395121.6103820801
Epoch 15, min : 0.0, max : 0.8250459432601929
This epoch duration :980.2335736751556
Epoch 15, val-method base, validation accuracy 79.31999969482422, best_prec 79.97999572753906
Epoch 16, l0 norm : 970178, l1 norm : 390120.40466308594
Epoch 16, min : 0.0, max : 0.8164296746253967
This epoch duration :980.5469303131104
Epoch 16, val-method base, validation accuracy 79.8699951171875, best_prec 79.97999572753906
Epoch 17, l0 norm : 970178, l1 norm : 385312.2589187622
Epoch 17, min : 0.0, max : 0.8080877661705017
This epoch duration :980.8038411140442
Epoch 17, val-method base, validation accuracy 80.5199966430664, best_prec 80.5199966430664
Epoch 18, l0 norm : 970178, l1 norm : 380712.8871231079
Epoch 18, min : 0.0, max : 0.8000186085700989
This epoch duration :980.9301762580872
Epoch 18, val-method base, validation accuracy 81.98999786376953, best_prec 81.98999786376953
Epoch 19, l0 norm : 970178, l1 norm : 376264.2589263916
Epoch 19, min : 0.0, max : 0.7922207713127136
This epoch duration :981.0848453044891
Epoch 19, val-method base, validation accuracy 82.3699951171875, best_prec 82.3699951171875
Epoch 20, l0 norm : 970178, l1 norm : 371993.32068634033
Epoch 20, min : 0.0, max : 0.7846932411193848
This epoch duration :980.8891615867615
Epoch 20, val-method base, validation accuracy 82.95999908447266, best_prec 82.95999908447266
Epoch 21, l0 norm : 970178, l1 norm : 367884.8301010132
Epoch 21, min : 0.0, max : 0.7774331569671631
This epoch duration :981.4887499809265
Epoch 21, val-method base, validation accuracy 83.1199951171875, best_prec 83.1199951171875
Epoch 22, l0 norm : 970178, l1 norm : 363926.2607574463
Epoch 22, min : 0.0, max : 0.7704387307167053
This epoch duration :979.7399492263794
Epoch 22, val-method base, validation accuracy 81.38999938964844, best_prec 83.1199951171875
Epoch 23, l0 norm : 970178, l1 norm : 360129.7497253418
Epoch 23, min : 0.0, max : 0.7637078762054443
This epoch duration :981.2986907958984
Epoch 23, val-method base, validation accuracy 83.5, best_prec 83.5
Epoch 24, l0 norm : 970178, l1 norm : 356494.33013153076
Epoch 24, min : 0.0, max : 0.757239043712616
This epoch duration :980.1195163726807
Epoch 24, val-method base, validation accuracy 83.43000030517578, best_prec 83.5
Epoch 25, l0 norm : 970178, l1 norm : 353014.97777175903
Epoch 25, min : 0.0, max : 0.7510285973548889
This epoch duration :980.8182623386383
Epoch 25, val-method base, validation accuracy 83.97000122070312, best_prec 83.97000122070312
Epoch 26, l0 norm : 970178, l1 norm : 349694.2571105957
Epoch 26, min : 0.0, max : 0.7450751066207886
This epoch duration :980.6788115501404
Epoch 26, val-method base, validation accuracy 83.54999542236328, best_prec 83.97000122070312
Epoch 27, l0 norm : 970178, l1 norm : 346529.2635307312
Epoch 27, min : 0.0, max : 0.739375650882721
This epoch duration :981.6938688755035
Epoch 27, val-method base, validation accuracy 84.5, best_prec 84.5
Epoch 28, l0 norm : 970178, l1 norm : 343531.89962768555
Epoch 28, min : 0.0, max : 0.7339282631874084
This epoch duration :981.8527948856354
Epoch 28, val-method base, validation accuracy 84.44999694824219, best_prec 84.5
Epoch 29, l0 norm : 970178, l1 norm : 340668.7303237915
Epoch 29, min : 0.0, max : 0.7287293076515198
This epoch duration :989.7226867675781
Epoch 29, val-method base, validation accuracy 84.8499984741211, best_prec 84.8499984741211
Epoch 30, l0 norm : 970178, l1 norm : 337944.7763977051
Epoch 30, min : 0.0, max : 0.7237764000892639
This epoch duration :1004.2591524124146
Epoch 30, val-method base, validation accuracy 84.52999877929688, best_prec 84.8499984741211
Epoch 31, l0 norm : 970178, l1 norm : 335377.1310043335
Epoch 31, min : 0.0, max : 0.7190676331520081
This epoch duration :997.1177227497101
Epoch 31, val-method base, validation accuracy 83.41999816894531, best_prec 84.8499984741211
Epoch 32, l0 norm : 970178, l1 norm : 332932.0821533203
Epoch 32, min : 0.0, max : 0.7145993113517761
This epoch duration :997.3688368797302
Epoch 32, val-method base, validation accuracy 85.00999450683594, best_prec 85.00999450683594
Epoch 33, l0 norm : 970178, l1 norm : 330606.3759498596
Epoch 33, min : 0.0, max : 0.7103691697120667
This epoch duration :985.2133219242096
Epoch 33, val-method base, validation accuracy 85.43999481201172, best_prec 85.43999481201172
Epoch 34, l0 norm : 970178, l1 norm : 328428.43589782715
Epoch 34, min : 0.0, max : 0.7063747048377991
This epoch duration :990.1681532859802
Epoch 34, val-method base, validation accuracy 85.47999572753906, best_prec 85.47999572753906
Epoch 35, l0 norm : 970178, l1 norm : 326360.34717559814
Epoch 35, min : 0.0, max : 0.7026122212409973
This epoch duration :988.850403547287
Epoch 35, val-method base, validation accuracy 86.27999877929688, best_prec 86.27999877929688
Epoch 36, l0 norm : 970178, l1 norm : 324422.9803314209
Epoch 36, min : 0.0, max : 0.6990800499916077
This epoch duration :981.096097946167
Epoch 36, val-method base, validation accuracy 86.08999633789062, best_prec 86.27999877929688
Epoch 37, l0 norm : 970178, l1 norm : 322615.4708633423
Epoch 37, min : 0.0, max : 0.6957751512527466
This epoch duration :988.2839374542236
Epoch 37, val-method base, validation accuracy 85.11000061035156, best_prec 86.27999877929688
Epoch 38, l0 norm : 970178, l1 norm : 320921.56640625
Epoch 38, min : 0.0, max : 0.6926953792572021
This epoch duration :998.735408782959
Epoch 38, val-method base, validation accuracy 86.52999877929688, best_prec 86.52999877929688
Epoch 39, l0 norm : 970178, l1 norm : 319370.5730819702
Epoch 39, min : 0.0, max : 0.6898365020751953
This epoch duration :1033.5309994220734
Epoch 39, val-method base, validation accuracy 85.5199966430664, best_prec 86.52999877929688
Epoch 40, l0 norm : 970178, l1 norm : 317925.1237335205
Epoch 40, min : 0.0, max : 0.6871964931488037
This epoch duration :1048.470491886139
Epoch 40, val-method base, validation accuracy 86.62999725341797, best_prec 86.62999725341797
Epoch 41, l0 norm : 970178, l1 norm : 316600.89684295654
Epoch 41, min : 0.0, max : 0.6847736239433289
This epoch duration :1025.781970500946
Epoch 41, val-method base, validation accuracy 86.62999725341797, best_prec 86.62999725341797
Epoch 42, l0 norm : 970178, l1 norm : 315388.3387680054
Epoch 42, min : 0.0, max : 0.6825636029243469
This epoch duration :1047.3836262226105
Epoch 42, val-method base, validation accuracy 86.97000122070312, best_prec 86.97000122070312
Epoch 43, l0 norm : 970178, l1 norm : 314287.32361984253
Epoch 43, min : 0.0, max : 0.6805644631385803
This epoch duration :1048.2417969703674
Epoch 43, val-method base, validation accuracy 87.05999755859375, best_prec 87.05999755859375
Epoch 44, l0 norm : 970178, l1 norm : 313273.1174430847
Epoch 44, min : 0.0, max : 0.6787753701210022
This epoch duration :1048.2983000278473
Epoch 44, val-method base, validation accuracy 87.30999755859375, best_prec 87.30999755859375
Epoch 45, l0 norm : 970178, l1 norm : 312384.61808013916
Epoch 45, min : 0.0, max : 0.6771896481513977
This epoch duration :1047.6290605068207
Epoch 45, val-method base, validation accuracy 87.29999542236328, best_prec 87.30999755859375
Epoch 46, l0 norm : 970178, l1 norm : 311608.9811401367
Epoch 46, min : 0.0, max : 0.6758072972297668
This epoch duration :988.0511507987976
Epoch 46, val-method base, validation accuracy 87.4000015258789, best_prec 87.4000015258789
Epoch 47, l0 norm : 970178, l1 norm : 310955.9436340332
Epoch 47, min : 0.0, max : 0.6746261715888977
This epoch duration :980.7884981632233
Epoch 47, val-method base, validation accuracy 87.5, best_prec 87.5
Epoch 48, l0 norm : 970178, l1 norm : 310382.274269104
Epoch 48, min : 0.0, max : 0.6736429929733276
This epoch duration :979.7699377536774
Epoch 48, val-method base, validation accuracy 87.57999420166016, best_prec 87.57999420166016
Epoch 49, l0 norm : 970178, l1 norm : 309925.13523483276
Epoch 49, min : 0.0, max : 0.6728583574295044
This epoch duration :978.514972448349
Epoch 49, val-method base, validation accuracy 87.37999725341797, best_prec 87.57999420166016
Epoch 50, l0 norm : 970178, l1 norm : 309556.65798568726
Epoch 50, min : 0.0, max : 0.6722628474235535
This epoch duration :978.3846352100372
Epoch 50, val-method base, validation accuracy 85.50999450683594, best_prec 87.57999420166016
Epoch 51, l0 norm : 970178, l1 norm : 309291.71113586426
Epoch 51, min : 0.0, max : 0.6718539595603943
This epoch duration :979.360235452652
Epoch 51, val-method base, validation accuracy 87.3499984741211, best_prec 87.57999420166016
Epoch 52, l0 norm : 970178, l1 norm : 309110.21464920044
Epoch 52, min : 0.0, max : 0.6716342568397522
This epoch duration :978.1168732643127
Epoch 52, val-method base, validation accuracy 88.20999908447266, best_prec 88.20999908447266
Epoch 53, l0 norm : 970178, l1 norm : 309043.05419158936
Epoch 53, min : 0.0, max : 0.6716037392616272
This epoch duration :978.8158867359161
Epoch 53, val-method base, validation accuracy 86.95999908447266, best_prec 88.20999908447266
Epoch 54, l0 norm : 970178, l1 norm : 309073.3905220032
Epoch 54, min : 0.0, max : 0.6717644333839417
This epoch duration :978.0766954421997
Epoch 54, val-method base, validation accuracy 87.81999969482422, best_prec 88.20999908447266
Epoch 55, l0 norm : 970178, l1 norm : 309182.1548538208
Epoch 55, min : 0.0, max : 0.6720970273017883
This epoch duration :978.4320538043976
Epoch 55, val-method base, validation accuracy 88.43999481201172, best_prec 88.43999481201172
Epoch 56, l0 norm : 970178, l1 norm : 309386.9994735718
Epoch 56, min : 0.0, max : 0.6726017594337463
This epoch duration :993.6780078411102
Epoch 56, val-method base, validation accuracy 87.37999725341797, best_prec 88.43999481201172
Epoch 57, l0 norm : 970178, l1 norm : 309670.16468048096
Epoch 57, min : 0.0, max : 0.6732814311981201
This epoch duration :998.1530039310455
Epoch 57, val-method base, validation accuracy 87.91999816894531, best_prec 88.43999481201172
Epoch 58, l0 norm : 970178, l1 norm : 310026.7854232788
Epoch 58, min : 0.0, max : 0.6741353273391724
This epoch duration :991.9919993877411
Epoch 58, val-method base, validation accuracy 88.29999542236328, best_prec 88.43999481201172
Epoch 59, l0 norm : 970178, l1 norm : 310462.71600723267
Epoch 59, min : 0.0, max : 0.675166130065918
This epoch duration :983.783087015152
Epoch 59, val-method base, validation accuracy 88.56999969482422, best_prec 88.56999969482422
Epoch 60, l0 norm : 970178, l1 norm : 311002.37310791016
Epoch 60, min : 0.0, max : 0.6763581037521362
This epoch duration :985.6661660671234
Epoch 60, val-method base, validation accuracy 88.81999969482422, best_prec 88.81999969482422
Epoch 61, l0 norm : 970178, l1 norm : 311613.32537841797
Epoch 61, min : 0.0, max : 0.6777150630950928
This epoch duration :978.6191160678864
Epoch 61, val-method base, validation accuracy 88.52999877929688, best_prec 88.81999969482422
Epoch 62, l0 norm : 970178, l1 norm : 312305.0863418579
Epoch 62, min : 0.0, max : 0.6792336702346802
This epoch duration :977.8153228759766
Epoch 62, val-method base, validation accuracy 87.9000015258789, best_prec 88.81999969482422
Epoch 63, l0 norm : 970178, l1 norm : 313062.46211242676
Epoch 63, min : 0.0, max : 0.680908739566803
This epoch duration :977.902181148529
Epoch 63, val-method base, validation accuracy 88.3499984741211, best_prec 88.81999969482422
Epoch 64, l0 norm : 970178, l1 norm : 313894.3288040161
Epoch 64, min : 0.0, max : 0.6827387809753418
This epoch duration :978.4458346366882
Epoch 64, val-method base, validation accuracy 88.38999938964844, best_prec 88.81999969482422
Epoch 65, l0 norm : 970178, l1 norm : 314799.9761505127
Epoch 65, min : 0.0, max : 0.6847202777862549
This epoch duration :977.6800417900085
Epoch 65, val-method base, validation accuracy 88.91999816894531, best_prec 88.91999816894531
Epoch 66, l0 norm : 970178, l1 norm : 315777.84185791016
Epoch 66, min : 0.0, max : 0.6868506073951721
This epoch duration :978.1922128200531
Epoch 66, val-method base, validation accuracy 89.0, best_prec 89.0
Epoch 67, l0 norm : 970178, l1 norm : 316814.692276001
Epoch 67, min : 0.0, max : 0.6891250610351562
This epoch duration :975.142327785492
Epoch 67, val-method base, validation accuracy 89.33999633789062, best_prec 89.33999633789062
Epoch 68, l0 norm : 970178, l1 norm : 317936.5138435364
Epoch 68, min : 0.0, max : 0.6915406584739685
This epoch duration :977.5227146148682
Epoch 68, val-method base, validation accuracy 89.05999755859375, best_prec 89.33999633789062
Epoch 69, l0 norm : 970178, l1 norm : 319116.93185424805
Epoch 69, min : 0.0, max : 0.6940919160842896
This epoch duration :978.7886221408844
Epoch 69, val-method base, validation accuracy 89.54000091552734, best_prec 89.54000091552734
Epoch 70, l0 norm : 970178, l1 norm : 320343.54442596436
Epoch 70, min : 0.0, max : 0.6967814564704895
This epoch duration :978.4656672477722
Epoch 70, val-method base, validation accuracy 89.05999755859375, best_prec 89.54000091552734
Epoch 71, l0 norm : 970178, l1 norm : 321650.95679473877
Epoch 71, min : 0.0, max : 0.6995996236801147
This epoch duration :978.0682590007782
Epoch 71, val-method base, validation accuracy 88.69999694824219, best_prec 89.54000091552734
Epoch 72, l0 norm : 970178, l1 norm : 323006.9453239441
Epoch 72, min : 0.0, max : 0.7025408148765564
This epoch duration :978.6275050640106
Epoch 72, val-method base, validation accuracy 89.19999694824219, best_prec 89.54000091552734
Epoch 73, l0 norm : 970178, l1 norm : 324416.73962402344
Epoch 73, min : 0.0, max : 0.7056037783622742
This epoch duration :979.1770570278168
Epoch 73, val-method base, validation accuracy 89.61000061035156, best_prec 89.61000061035156
Epoch 74, l0 norm : 970178, l1 norm : 325881.07835388184
Epoch 74, min : 0.0, max : 0.7087807059288025
This epoch duration :979.5338003635406
Epoch 74, val-method base, validation accuracy 89.93000030517578, best_prec 89.93000030517578
Epoch 75, l0 norm : 970178, l1 norm : 327379.8877296448
Epoch 75, min : 0.0, max : 0.7120702266693115
This epoch duration :977.7152380943298
Epoch 75, val-method base, validation accuracy 89.70999908447266, best_prec 89.93000030517578
Epoch 76, l0 norm : 970178, l1 norm : 328944.5330924988
Epoch 76, min : 0.0, max : 0.7154667973518372
This epoch duration :978.1394875049591
Epoch 76, val-method base, validation accuracy 89.65999603271484, best_prec 89.93000030517578
Epoch 77, l0 norm : 970178, l1 norm : 330544.48945236206
Epoch 77, min : 0.0, max : 0.7189657092094421
This epoch duration :978.7331440448761
Epoch 77, val-method base, validation accuracy 89.63999938964844, best_prec 89.93000030517578
Epoch 78, l0 norm : 970178, l1 norm : 332184.2039604187
Epoch 78, min : 0.0, max : 0.7225605249404907
This epoch duration :978.7422697544098
Epoch 78, val-method base, validation accuracy 90.00999450683594, best_prec 90.00999450683594
Epoch 79, l0 norm : 970178, l1 norm : 333876.16693878174
Epoch 79, min : 0.0, max : 0.7262445688247681
This epoch duration :978.9796838760376
Epoch 79, val-method base, validation accuracy 89.97000122070312, best_prec 90.00999450683594
Epoch 80, l0 norm : 970178, l1 norm : 335607.8784980774
Epoch 80, min : 0.0, max : 0.7300154566764832
This epoch duration :978.2483804225922
Epoch 80, val-method base, validation accuracy 90.0, best_prec 90.00999450683594
Epoch 81, l0 norm : 970178, l1 norm : 337350.3568611145
Epoch 81, min : 0.0, max : 0.7338649034500122
This epoch duration :980.9296905994415
Epoch 81, val-method base, validation accuracy 90.25999450683594, best_prec 90.25999450683594
Epoch 82, l0 norm : 970178, l1 norm : 339133.5085144043
Epoch 82, min : 0.0, max : 0.7377775311470032
This epoch duration :978.5926876068115
Epoch 82, val-method base, validation accuracy 90.50999450683594, best_prec 90.50999450683594
Epoch 83, l0 norm : 970178, l1 norm : 340943.18184661865
Epoch 83, min : 0.0, max : 0.7417574524879456
This epoch duration :978.1064088344574
Epoch 83, val-method base, validation accuracy 90.45999908447266, best_prec 90.50999450683594
Epoch 84, l0 norm : 970178, l1 norm : 342782.5164375305
Epoch 84, min : 0.0, max : 0.7457944750785828
This epoch duration :977.9388785362244
Epoch 84, val-method base, validation accuracy 90.18999481201172, best_prec 90.50999450683594
Epoch 85, l0 norm : 970178, l1 norm : 344646.18226242065
Epoch 85, min : 0.0, max : 0.7498816251754761
This epoch duration :977.9170863628387
Epoch 85, val-method base, validation accuracy 90.29000091552734, best_prec 90.50999450683594
Epoch 86, l0 norm : 970178, l1 norm : 346530.47496032715
Epoch 86, min : 0.0, max : 0.7540091872215271
This epoch duration :977.2458415031433
Epoch 86, val-method base, validation accuracy 90.18000030517578, best_prec 90.50999450683594
Epoch 87, l0 norm : 970178, l1 norm : 348419.0407714844
Epoch 87, min : 0.0, max : 0.7581832408905029
This epoch duration :978.385683298111
Epoch 87, val-method base, validation accuracy 90.1199951171875, best_prec 90.50999450683594
Epoch 88, l0 norm : 970178, l1 norm : 350326.56580352783
Epoch 88, min : 0.0, max : 0.7623813152313232
This epoch duration :978.2083971500397
Epoch 88, val-method base, validation accuracy 90.41999816894531, best_prec 90.50999450683594
Epoch 89, l0 norm : 970178, l1 norm : 352245.4182357788
Epoch 89, min : 0.0, max : 0.7665954828262329
This epoch duration :977.720422744751
Epoch 89, val-method base, validation accuracy 90.18999481201172, best_prec 90.50999450683594
Epoch 90, l0 norm : 970178, l1 norm : 354175.1953125
Epoch 90, min : 0.0, max : 0.7708207964897156
This epoch duration :978.3541679382324
Epoch 90, val-method base, validation accuracy 90.1500015258789, best_prec 90.50999450683594
Epoch 91, l0 norm : 970178, l1 norm : 356099.243473053
Epoch 91, min : 0.0, max : 0.7750382423400879
This epoch duration :978.0944085121155
Epoch 91, val-method base, validation accuracy 90.44999694824219, best_prec 90.50999450683594
Epoch 92, l0 norm : 970178, l1 norm : 358054.64248657227
Epoch 92, min : 0.0, max : 0.7792506814002991
This epoch duration :978.4448192119598
Epoch 92, val-method base, validation accuracy 90.48999786376953, best_prec 90.50999450683594
Epoch 93, l0 norm : 970178, l1 norm : 360001.8868637085
Epoch 93, min : 0.0, max : 0.783437967300415
This epoch duration :978.8601388931274
Epoch 93, val-method base, validation accuracy 90.47999572753906, best_prec 90.50999450683594
Epoch 94, l0 norm : 970178, l1 norm : 361940.7714920044
Epoch 94, min : 0.0, max : 0.7876038551330566
This epoch duration :978.3478982448578
Epoch 94, val-method base, validation accuracy 90.41999816894531, best_prec 90.50999450683594
Epoch 95, l0 norm : 970178, l1 norm : 363877.0587730408
Epoch 95, min : 0.0, max : 0.7917290329933167
This epoch duration :977.8175714015961
Epoch 95, val-method base, validation accuracy 90.30999755859375, best_prec 90.50999450683594
Epoch 96, l0 norm : 970178, l1 norm : 365820.86963653564
Epoch 96, min : 0.0, max : 0.7958168983459473
This epoch duration :978.6119029521942
Epoch 96, val-method base, validation accuracy 90.63999938964844, best_prec 90.63999938964844
Epoch 97, l0 norm : 970178, l1 norm : 367735.63984680176
Epoch 97, min : 0.0, max : 0.7998473048210144
This epoch duration :979.137369632721
Epoch 97, val-method base, validation accuracy 90.30999755859375, best_prec 90.63999938964844
Epoch 98, l0 norm : 970178, l1 norm : 369629.1664276123
Epoch 98, min : 0.0, max : 0.8038007616996765
This epoch duration :978.4687995910645
Epoch 98, val-method base, validation accuracy 90.29000091552734, best_prec 90.63999938964844
Epoch 99, l0 norm : 970178, l1 norm : 371498.50093078613
Epoch 99, min : 0.0, max : 0.8076822757720947
This epoch duration :951.5514419078827
Epoch 99, val-method base, validation accuracy 90.31999969482422, best_prec 90.63999938964844
