Namespace(configs='configs/CIFAR10/pen_bip_3.yml', result_dir='./trained_models', exp_name='RC_pb3_l7k02', exp_mode='prune', arch='resnet18', num_classes=10, layer_type='unstructured', k=0.2, lambd=0.9999999, alpha=1.0, scaled_score_init=True, scale_rand_init=False, freeze_bn=False, source_net='trained_models/CIFAR10_resnet18_Pretrain/pretrain/latest_exp/checkpoint/model_best.pth.tar', scores_init_type=None, dataset='CIFAR10', batch_size=128, num_workers=2, test_batch_size=128, normalize=True, data_dir='./data', image_dim=32, trainer='penalized_bilevel_3', epochs=100, optimizer='sgd', wd=0.0001, mask_lr=0.1, lr=0.1, mask_lr_schedule='step', lr_schedule='cosine', momentum=0.9, warmup_epochs=0, warmup_lr=0.1, save_dense=False, evaluate=False, val_method='base', resume='', seed=1234, print_freq=100, lr2=0.0001, accelerate=False)
=> loading source model from 'trained_models/CIFAR10_resnet18_Pretrain/pretrain/latest_exp/checkpoint/model_best.pth.tar'
=> loaded checkpoint 'trained_models/CIFAR10_resnet18_Pretrain/pretrain/latest_exp/checkpoint/model_best.pth.tar'
Epoch 0, l0 norm : 1325070, l1 norm : 666571.5932006836
Epoch 0, min : 0.0, max : 0.9871258735656738
This epoch duration :2403.3401782512665
Epoch 0, val-method base, validation accuracy 35.849998474121094, best_prec 35.849998474121094
Epoch 1, l0 norm : 1325070, l1 norm : 656851.0050964355
Epoch 1, min : 0.0, max : 0.9744598865509033
This epoch duration :2389.4127390384674
Epoch 1, val-method base, validation accuracy 40.73999786376953, best_prec 40.73999786376953
Epoch 2, l0 norm : 1325070, l1 norm : 647270.1183929443
Epoch 2, min : 0.0, max : 0.9620466828346252
This epoch duration :2389.691164970398
Epoch 2, val-method base, validation accuracy 47.73999786376953, best_prec 47.73999786376953
Epoch 3, l0 norm : 1325070, l1 norm : 637858.4461364746
Epoch 3, min : 0.0, max : 0.9498899579048157
This epoch duration :2389.797086238861
Epoch 3, val-method base, validation accuracy 51.44999694824219, best_prec 51.44999694824219
Epoch 4, l0 norm : 1325070, l1 norm : 628762.6992492676
Epoch 4, min : 0.0, max : 0.9379942417144775
This epoch duration :2389.5495312213898
Epoch 4, val-method base, validation accuracy 54.04999923706055, best_prec 54.04999923706055
Epoch 5, l0 norm : 1325070, l1 norm : 620050.4817810059
Epoch 5, min : 0.0, max : 0.926362931728363
This epoch duration :2388.823666572571
Epoch 5, val-method base, validation accuracy 60.72999954223633, best_prec 60.72999954223633
Epoch 6, l0 norm : 1325070, l1 norm : 611606.8066558838
Epoch 6, min : 0.0, max : 0.9149988889694214
This epoch duration :2389.8520612716675
Epoch 6, val-method base, validation accuracy 63.75, best_prec 63.75
Epoch 7, l0 norm : 1325070, l1 norm : 603432.9131469727
Epoch 7, min : 0.0, max : 0.9039047956466675
This epoch duration :2391.7416381835938
Epoch 7, val-method base, validation accuracy 64.48999786376953, best_prec 64.48999786376953
Epoch 8, l0 norm : 1325070, l1 norm : 595543.0626983643
Epoch 8, min : 0.0, max : 0.8930832147598267
This epoch duration :2390.552282810211
Epoch 8, val-method base, validation accuracy 68.25, best_prec 68.25
Epoch 9, l0 norm : 1325070, l1 norm : 587879.2577896118
Epoch 9, min : 0.0, max : 0.8825358152389526
This epoch duration :2390.0550417900085
Epoch 9, val-method base, validation accuracy 69.7699966430664, best_prec 69.7699966430664
Epoch 10, l0 norm : 1325070, l1 norm : 580449.6295928955
Epoch 10, min : 0.0, max : 0.8722634315490723
This epoch duration :2389.6433482170105
Epoch 10, val-method base, validation accuracy 72.93999481201172, best_prec 72.93999481201172
Epoch 11, l0 norm : 1325070, l1 norm : 573228.3491210938
Epoch 11, min : 0.0, max : 0.8622668981552124
This epoch duration :2393.151708841324
Epoch 11, val-method base, validation accuracy 74.94999694824219, best_prec 74.94999694824219
Epoch 12, l0 norm : 1325070, l1 norm : 566250.813659668
Epoch 12, min : 0.0, max : 0.8525470495223999
This epoch duration :2395.7112822532654
Epoch 12, val-method base, validation accuracy 75.16999816894531, best_prec 75.16999816894531
Epoch 13, l0 norm : 1325070, l1 norm : 559499.266998291
Epoch 13, min : 0.0, max : 0.8431037068367004
This epoch duration :2395.6997032165527
Epoch 13, val-method base, validation accuracy 77.43999481201172, best_prec 77.43999481201172
Epoch 14, l0 norm : 1325070, l1 norm : 552965.2402572632
Epoch 14, min : 0.0, max : 0.8339367508888245
This epoch duration :2393.1008756160736
Epoch 14, val-method base, validation accuracy 76.13999938964844, best_prec 77.43999481201172
Epoch 15, l0 norm : 1325070, l1 norm : 546635.2289428711
Epoch 15, min : 0.0, max : 0.8250459432601929
This epoch duration :2394.5231425762177
Epoch 15, val-method base, validation accuracy 78.16999816894531, best_prec 78.16999816894531
Epoch 16, l0 norm : 1325070, l1 norm : 540519.3629302979
Epoch 16, min : 0.0, max : 0.8164296746253967
This epoch duration :2393.879281759262
Epoch 16, val-method base, validation accuracy 79.33999633789062, best_prec 79.33999633789062
Epoch 17, l0 norm : 1325070, l1 norm : 534599.1591949463
Epoch 17, min : 0.0, max : 0.8080877661705017
This epoch duration :2394.8237187862396
Epoch 17, val-method base, validation accuracy 78.88999938964844, best_prec 79.33999633789062
Epoch 18, l0 norm : 1325070, l1 norm : 528923.682723999
Epoch 18, min : 0.0, max : 0.8000186085700989
This epoch duration :2391.6028847694397
Epoch 18, val-method base, validation accuracy 81.47000122070312, best_prec 81.47000122070312
Epoch 19, l0 norm : 1325070, l1 norm : 523404.78312683105
Epoch 19, min : 0.0, max : 0.7922207713127136
This epoch duration :2389.3527052402496
Epoch 19, val-method base, validation accuracy 81.87999725341797, best_prec 81.87999725341797
Epoch 20, l0 norm : 1325070, l1 norm : 518104.6830596924
Epoch 20, min : 0.0, max : 0.7846932411193848
This epoch duration :2389.1717195510864
Epoch 20, val-method base, validation accuracy 81.80999755859375, best_prec 81.87999725341797
Epoch 21, l0 norm : 1325070, l1 norm : 513005.3831176758
Epoch 21, min : 0.0, max : 0.7774331569671631
This epoch duration :2389.799271583557
Epoch 21, val-method base, validation accuracy 82.00999450683594, best_prec 82.00999450683594
Epoch 22, l0 norm : 1325070, l1 norm : 508088.9810409546
Epoch 22, min : 0.0, max : 0.7704387307167053
This epoch duration :2388.518476486206
Epoch 22, val-method base, validation accuracy 81.08999633789062, best_prec 82.00999450683594
Epoch 23, l0 norm : 1325070, l1 norm : 503354.5450668335
Epoch 23, min : 0.0, max : 0.7637078762054443
This epoch duration :2389.693919658661
Epoch 23, val-method base, validation accuracy 83.75999450683594, best_prec 83.75999450683594
Epoch 24, l0 norm : 1325070, l1 norm : 498816.49967956543
Epoch 24, min : 0.0, max : 0.757239043712616
This epoch duration :2388.9904561042786
Epoch 24, val-method base, validation accuracy 83.75999450683594, best_prec 83.75999450683594
Epoch 25, l0 norm : 1325070, l1 norm : 494467.5607910156
Epoch 25, min : 0.0, max : 0.7510285973548889
This epoch duration :2388.99245095253
Epoch 25, val-method base, validation accuracy 83.52999877929688, best_prec 83.75999450683594
Epoch 26, l0 norm : 1325070, l1 norm : 490315.0792694092
Epoch 26, min : 0.0, max : 0.7450751066207886
This epoch duration :2389.5386250019073
Epoch 26, val-method base, validation accuracy 84.07999420166016, best_prec 84.07999420166016
Epoch 27, l0 norm : 1325070, l1 norm : 486329.50981903076
Epoch 27, min : 0.0, max : 0.739375650882721
This epoch duration :2390.3218128681183
Epoch 27, val-method base, validation accuracy 83.58999633789062, best_prec 84.07999420166016
Epoch 28, l0 norm : 1325070, l1 norm : 482530.6266937256
Epoch 28, min : 0.0, max : 0.7339282631874084
This epoch duration :2391.018317461014
Epoch 28, val-method base, validation accuracy 83.80999755859375, best_prec 84.07999420166016
Epoch 29, l0 norm : 1325070, l1 norm : 478894.0016784668
Epoch 29, min : 0.0, max : 0.7287293076515198
This epoch duration :2392.104391813278
Epoch 29, val-method base, validation accuracy 85.30999755859375, best_prec 85.30999755859375
Epoch 30, l0 norm : 1325070, l1 norm : 475447.73907470703
Epoch 30, min : 0.0, max : 0.7237764000892639
This epoch duration :2389.4467599391937
Epoch 30, val-method base, validation accuracy 84.95999908447266, best_prec 85.30999755859375
Epoch 31, l0 norm : 1325070, l1 norm : 472173.3581237793
Epoch 31, min : 0.0, max : 0.7190676331520081
This epoch duration :2392.662794113159
Epoch 31, val-method base, validation accuracy 83.66999816894531, best_prec 85.30999755859375
Epoch 32, l0 norm : 1325070, l1 norm : 469058.13262939453
Epoch 32, min : 0.0, max : 0.7145993113517761
This epoch duration :2394.809407234192
Epoch 32, val-method base, validation accuracy 85.06999969482422, best_prec 85.30999755859375
Epoch 33, l0 norm : 1325070, l1 norm : 466114.5138397217
Epoch 33, min : 0.0, max : 0.7103691697120667
This epoch duration :2392.8960678577423
Epoch 33, val-method base, validation accuracy 85.0999984741211, best_prec 85.30999755859375
Epoch 34, l0 norm : 1325070, l1 norm : 463346.09479522705
Epoch 34, min : 0.0, max : 0.7063747048377991
This epoch duration :2392.0940930843353
Epoch 34, val-method base, validation accuracy 84.82999420166016, best_prec 85.30999755859375
Epoch 35, l0 norm : 1325070, l1 norm : 460731.6184310913
Epoch 35, min : 0.0, max : 0.7026122212409973
This epoch duration :2390.8033576011658
Epoch 35, val-method base, validation accuracy 86.62999725341797, best_prec 86.62999725341797
Epoch 36, l0 norm : 1325070, l1 norm : 458274.6222305298
Epoch 36, min : 0.0, max : 0.6990800499916077
This epoch duration :2388.268398284912
Epoch 36, val-method base, validation accuracy 86.2699966430664, best_prec 86.62999725341797
Epoch 37, l0 norm : 1325070, l1 norm : 455973.51373291016
Epoch 37, min : 0.0, max : 0.6957751512527466
This epoch duration :2397.282247543335
Epoch 37, val-method base, validation accuracy 84.62999725341797, best_prec 86.62999725341797
Epoch 38, l0 norm : 1325070, l1 norm : 453825.8276672363
Epoch 38, min : 0.0, max : 0.6926953792572021
This epoch duration :2405.0452303886414
Epoch 38, val-method base, validation accuracy 86.1199951171875, best_prec 86.62999725341797
Epoch 39, l0 norm : 1325070, l1 norm : 451854.2520904541
Epoch 39, min : 0.0, max : 0.6898365020751953
This epoch duration :2393.255851984024
Epoch 39, val-method base, validation accuracy 85.18999481201172, best_prec 86.62999725341797
Epoch 40, l0 norm : 1325070, l1 norm : 450026.1051940918
Epoch 40, min : 0.0, max : 0.6871964931488037
This epoch duration :2394.097836256027
Epoch 40, val-method base, validation accuracy 87.0199966430664, best_prec 87.0199966430664
Epoch 41, l0 norm : 1325070, l1 norm : 448335.1287460327
Epoch 41, min : 0.0, max : 0.6847736239433289
This epoch duration :2393.1912887096405
Epoch 41, val-method base, validation accuracy 86.5999984741211, best_prec 87.0199966430664
Epoch 42, l0 norm : 1325070, l1 norm : 446789.75595092773
Epoch 42, min : 0.0, max : 0.6825636029243469
This epoch duration :2393.0612058639526
Epoch 42, val-method base, validation accuracy 86.08999633789062, best_prec 87.0199966430664
Epoch 43, l0 norm : 1325070, l1 norm : 445412.3527984619
Epoch 43, min : 0.0, max : 0.6805644631385803
This epoch duration :2392.8947179317474
Epoch 43, val-method base, validation accuracy 86.58999633789062, best_prec 87.0199966430664
Epoch 44, l0 norm : 1325070, l1 norm : 444156.4761047363
Epoch 44, min : 0.0, max : 0.6787753701210022
This epoch duration :2393.1295008659363
Epoch 44, val-method base, validation accuracy 86.48999786376953, best_prec 87.0199966430664
Epoch 45, l0 norm : 1325070, l1 norm : 443047.5651550293
Epoch 45, min : 0.0, max : 0.6771896481513977
This epoch duration :2393.5180563926697
Epoch 45, val-method base, validation accuracy 87.6500015258789, best_prec 87.6500015258789
Epoch 46, l0 norm : 1325070, l1 norm : 442071.9902648926
Epoch 46, min : 0.0, max : 0.6758072972297668
This epoch duration :2389.333902359009
Epoch 46, val-method base, validation accuracy 87.2699966430664, best_prec 87.6500015258789
Epoch 47, l0 norm : 1325070, l1 norm : 441228.9277267456
Epoch 47, min : 0.0, max : 0.6746261715888977
This epoch duration :2389.9786579608917
Epoch 47, val-method base, validation accuracy 88.43000030517578, best_prec 88.43000030517578
Epoch 48, l0 norm : 1325070, l1 norm : 440525.06648254395
Epoch 48, min : 0.0, max : 0.6736429929733276
This epoch duration :2393.1265194416046
Epoch 48, val-method base, validation accuracy 88.3699951171875, best_prec 88.43000030517578
Epoch 49, l0 norm : 1325070, l1 norm : 439957.2528915405
Epoch 49, min : 0.0, max : 0.6728583574295044
This epoch duration :2391.901123523712
Epoch 49, val-method base, validation accuracy 86.88999938964844, best_prec 88.43000030517578
Epoch 50, l0 norm : 1325070, l1 norm : 439523.95683288574
Epoch 50, min : 0.0, max : 0.6722628474235535
This epoch duration :2392.4203402996063
Epoch 50, val-method base, validation accuracy 87.48999786376953, best_prec 88.43000030517578
Epoch 51, l0 norm : 1325070, l1 norm : 439225.4703216553
Epoch 51, min : 0.0, max : 0.6718539595603943
This epoch duration :2391.5916163921356
Epoch 51, val-method base, validation accuracy 87.66999816894531, best_prec 88.43000030517578
Epoch 52, l0 norm : 1325070, l1 norm : 439044.0941619873
Epoch 52, min : 0.0, max : 0.6716342568397522
This epoch duration :2390.9663248062134
Epoch 52, val-method base, validation accuracy 87.65999603271484, best_prec 88.43000030517578
Epoch 53, l0 norm : 1325070, l1 norm : 438991.3880004883
Epoch 53, min : 0.0, max : 0.6716037392616272
This epoch duration :2391.9934067726135
Epoch 53, val-method base, validation accuracy 87.58999633789062, best_prec 88.43000030517578
Epoch 54, l0 norm : 1325070, l1 norm : 439055.21963500977
Epoch 54, min : 0.0, max : 0.6717644333839417
This epoch duration :2391.7433211803436
Epoch 54, val-method base, validation accuracy 87.97000122070312, best_prec 88.43000030517578
Epoch 55, l0 norm : 1325070, l1 norm : 439244.5636520386
Epoch 55, min : 0.0, max : 0.6720970273017883
This epoch duration :2391.732073068619
Epoch 55, val-method base, validation accuracy 88.55999755859375, best_prec 88.55999755859375
Epoch 56, l0 norm : 1325070, l1 norm : 439549.0640563965
Epoch 56, min : 0.0, max : 0.6726017594337463
This epoch duration :2391.7895526885986
Epoch 56, val-method base, validation accuracy 88.83999633789062, best_prec 88.83999633789062
Epoch 57, l0 norm : 1325070, l1 norm : 439972.01974487305
Epoch 57, min : 0.0, max : 0.6732814311981201
This epoch duration :2391.6952114105225
Epoch 57, val-method base, validation accuracy 88.04000091552734, best_prec 88.83999633789062
Epoch 58, l0 norm : 1325070, l1 norm : 440516.18087005615
Epoch 58, min : 0.0, max : 0.6741353273391724
This epoch duration :2391.2982642650604
Epoch 58, val-method base, validation accuracy 88.91999816894531, best_prec 88.91999816894531
Epoch 59, l0 norm : 1325070, l1 norm : 441172.3278808594
Epoch 59, min : 0.0, max : 0.675166130065918
This epoch duration :2391.212732076645
Epoch 59, val-method base, validation accuracy 88.79999542236328, best_prec 88.91999816894531
Epoch 60, l0 norm : 1325070, l1 norm : 441944.1396713257
Epoch 60, min : 0.0, max : 0.6763581037521362
This epoch duration :2391.441947221756
Epoch 60, val-method base, validation accuracy 88.95999908447266, best_prec 88.95999908447266
Epoch 61, l0 norm : 1325070, l1 norm : 442815.3955078125
Epoch 61, min : 0.0, max : 0.6777150630950928
This epoch duration :2392.030617952347
Epoch 61, val-method base, validation accuracy 89.02999877929688, best_prec 89.02999877929688
Epoch 62, l0 norm : 1325070, l1 norm : 443808.6771774292
Epoch 62, min : 0.0, max : 0.6792336702346802
This epoch duration :2391.3438284397125
Epoch 62, val-method base, validation accuracy 88.62999725341797, best_prec 89.02999877929688
Epoch 63, l0 norm : 1325070, l1 norm : 444891.15965270996
Epoch 63, min : 0.0, max : 0.680908739566803
This epoch duration :2391.319012403488
Epoch 63, val-method base, validation accuracy 88.77999877929688, best_prec 89.02999877929688
Epoch 64, l0 norm : 1325070, l1 norm : 446069.8776550293
Epoch 64, min : 0.0, max : 0.6827387809753418
This epoch duration :2391.947035551071
Epoch 64, val-method base, validation accuracy 89.08999633789062, best_prec 89.08999633789062
Epoch 65, l0 norm : 1325070, l1 norm : 447348.80770874023
Epoch 65, min : 0.0, max : 0.6847202777862549
This epoch duration :2391.6530644893646
Epoch 65, val-method base, validation accuracy 89.4000015258789, best_prec 89.4000015258789
Epoch 66, l0 norm : 1325070, l1 norm : 448729.4969329834
Epoch 66, min : 0.0, max : 0.6868506073951721
This epoch duration :2391.556618452072
Epoch 66, val-method base, validation accuracy 89.05999755859375, best_prec 89.4000015258789
Epoch 67, l0 norm : 1325070, l1 norm : 450208.17875671387
Epoch 67, min : 0.0, max : 0.6891250610351562
This epoch duration :2392.000228881836
Epoch 67, val-method base, validation accuracy 89.47999572753906, best_prec 89.47999572753906
Epoch 68, l0 norm : 1325070, l1 norm : 451784.35217285156
Epoch 68, min : 0.0, max : 0.6915406584739685
This epoch duration :2391.6041026115417
Epoch 68, val-method base, validation accuracy 89.65999603271484, best_prec 89.65999603271484
Epoch 69, l0 norm : 1325070, l1 norm : 453446.4718322754
Epoch 69, min : 0.0, max : 0.6940919160842896
This epoch duration :2391.914529800415
Epoch 69, val-method base, validation accuracy 89.86000061035156, best_prec 89.86000061035156
Epoch 70, l0 norm : 1325070, l1 norm : 455186.22508239746
Epoch 70, min : 0.0, max : 0.6967814564704895
This epoch duration :2392.0206496715546
Epoch 70, val-method base, validation accuracy 89.52999877929688, best_prec 89.86000061035156
Epoch 71, l0 norm : 1325070, l1 norm : 457012.768447876
Epoch 71, min : 0.0, max : 0.6995996236801147
This epoch duration :2391.5037019252777
Epoch 71, val-method base, validation accuracy 89.81999969482422, best_prec 89.86000061035156
Epoch 72, l0 norm : 1325070, l1 norm : 458913.91146850586
Epoch 72, min : 0.0, max : 0.7025408148765564
This epoch duration :2391.9712438583374
Epoch 72, val-method base, validation accuracy 89.95999908447266, best_prec 89.95999908447266
Epoch 73, l0 norm : 1325070, l1 norm : 460899.4001235962
Epoch 73, min : 0.0, max : 0.7056037783622742
This epoch duration :2390.637329339981
Epoch 73, val-method base, validation accuracy 90.3699951171875, best_prec 90.3699951171875
Epoch 74, l0 norm : 1325070, l1 norm : 462953.85426330566
Epoch 74, min : 0.0, max : 0.7087807059288025
This epoch duration :2388.9414172172546
Epoch 74, val-method base, validation accuracy 90.56999969482422, best_prec 90.56999969482422
Epoch 75, l0 norm : 1325070, l1 norm : 465071.97035217285
Epoch 75, min : 0.0, max : 0.7120702266693115
This epoch duration :2390.503586292267
Epoch 75, val-method base, validation accuracy 90.44999694824219, best_prec 90.56999969482422
Epoch 76, l0 norm : 1325070, l1 norm : 467249.74102020264
Epoch 76, min : 0.0, max : 0.7154667973518372
This epoch duration :2390.004135131836
Epoch 76, val-method base, validation accuracy 90.18999481201172, best_prec 90.56999969482422
Epoch 77, l0 norm : 1325070, l1 norm : 469508.9105606079
Epoch 77, min : 0.0, max : 0.7189657092094421
This epoch duration :2389.8756206035614
Epoch 77, val-method base, validation accuracy 90.15999603271484, best_prec 90.56999969482422
Epoch 78, l0 norm : 1325070, l1 norm : 471818.90785980225
Epoch 78, min : 0.0, max : 0.7225605249404907
This epoch duration :2390.9135785102844
Epoch 78, val-method base, validation accuracy 90.4000015258789, best_prec 90.56999969482422
Epoch 79, l0 norm : 1325070, l1 norm : 474180.4361114502
Epoch 79, min : 0.0, max : 0.7262445688247681
This epoch duration :2388.527416229248
Epoch 79, val-method base, validation accuracy 90.43000030517578, best_prec 90.56999969482422
Epoch 80, l0 norm : 1325070, l1 norm : 476600.84367370605
Epoch 80, min : 0.0, max : 0.7300154566764832
This epoch duration :2387.3579597473145
Epoch 80, val-method base, validation accuracy 90.06999969482422, best_prec 90.56999969482422
Epoch 81, l0 norm : 1325070, l1 norm : 479054.90686035156
Epoch 81, min : 0.0, max : 0.7338649034500122
This epoch duration :2387.9082882404327
Epoch 81, val-method base, validation accuracy 90.36000061035156, best_prec 90.56999969482422
Epoch 82, l0 norm : 1325070, l1 norm : 481565.56224823
Epoch 82, min : 0.0, max : 0.7377775311470032
This epoch duration :2388.473911046982
Epoch 82, val-method base, validation accuracy 90.6199951171875, best_prec 90.6199951171875
Epoch 83, l0 norm : 1325070, l1 norm : 484120.3052520752
Epoch 83, min : 0.0, max : 0.7417574524879456
This epoch duration :2388.331387758255
Epoch 83, val-method base, validation accuracy 90.69999694824219, best_prec 90.69999694824219
Epoch 84, l0 norm : 1325070, l1 norm : 486705.2452697754
Epoch 84, min : 0.0, max : 0.7457944750785828
This epoch duration :2387.7997114658356
Epoch 84, val-method base, validation accuracy 90.48999786376953, best_prec 90.69999694824219
Epoch 85, l0 norm : 1325070, l1 norm : 489313.8969421387
Epoch 85, min : 0.0, max : 0.7498816251754761
This epoch duration :2387.8127818107605
Epoch 85, val-method base, validation accuracy 90.62999725341797, best_prec 90.69999694824219
Epoch 86, l0 norm : 1325070, l1 norm : 491953.8932647705
Epoch 86, min : 0.0, max : 0.7540091872215271
This epoch duration :2387.648322582245
Epoch 86, val-method base, validation accuracy 90.44999694824219, best_prec 90.69999694824219
Epoch 87, l0 norm : 1325070, l1 norm : 494614.45864868164
Epoch 87, min : 0.0, max : 0.7581832408905029
This epoch duration :2387.0771124362946
Epoch 87, val-method base, validation accuracy 90.4000015258789, best_prec 90.69999694824219
Epoch 88, l0 norm : 1325070, l1 norm : 497293.8064804077
Epoch 88, min : 0.0, max : 0.7623813152313232
This epoch duration :2389.3088603019714
Epoch 88, val-method base, validation accuracy 90.94999694824219, best_prec 90.94999694824219
Epoch 89, l0 norm : 1325070, l1 norm : 499995.23974609375
Epoch 89, min : 0.0, max : 0.7665954828262329
This epoch duration :2388.7523419857025
Epoch 89, val-method base, validation accuracy 90.79000091552734, best_prec 90.94999694824219
Epoch 90, l0 norm : 1325070, l1 norm : 502705.7725601196
Epoch 90, min : 0.0, max : 0.7708207964897156
This epoch duration :2387.6530287265778
Epoch 90, val-method base, validation accuracy 90.68000030517578, best_prec 90.94999694824219
Epoch 91, l0 norm : 1325070, l1 norm : 505423.00006103516
Epoch 91, min : 0.0, max : 0.7750382423400879
This epoch duration :2388.728766679764
Epoch 91, val-method base, validation accuracy 90.72999572753906, best_prec 90.94999694824219
Epoch 92, l0 norm : 1325070, l1 norm : 508135.6314086914
Epoch 92, min : 0.0, max : 0.7792506814002991
This epoch duration :2388.4602797031403
Epoch 92, val-method base, validation accuracy 90.61000061035156, best_prec 90.94999694824219
Epoch 93, l0 norm : 1325070, l1 norm : 510846.2257614136
Epoch 93, min : 0.0, max : 0.783437967300415
This epoch duration :2389.007571697235
Epoch 93, val-method base, validation accuracy 90.58999633789062, best_prec 90.94999694824219
Epoch 94, l0 norm : 1325070, l1 norm : 513557.4153137207
Epoch 94, min : 0.0, max : 0.7876038551330566
This epoch duration :2387.176848888397
Epoch 94, val-method base, validation accuracy 90.83999633789062, best_prec 90.94999694824219
Epoch 95, l0 norm : 1325070, l1 norm : 516250.6491241455
Epoch 95, min : 0.0, max : 0.7917290329933167
This epoch duration :2384.2288513183594
Epoch 95, val-method base, validation accuracy 90.56999969482422, best_prec 90.94999694824219
Epoch 96, l0 norm : 1325070, l1 norm : 518932.80180358887
Epoch 96, min : 0.0, max : 0.7958168983459473
This epoch duration :2382.7739527225494
Epoch 96, val-method base, validation accuracy 90.54999542236328, best_prec 90.94999694824219
Epoch 97, l0 norm : 1325070, l1 norm : 521576.73470306396
Epoch 97, min : 0.0, max : 0.7998473048210144
This epoch duration :2382.335437774658
Epoch 97, val-method base, validation accuracy 90.5999984741211, best_prec 90.94999694824219
Epoch 98, l0 norm : 1325070, l1 norm : 524182.7449874878
Epoch 98, min : 0.0, max : 0.8038007616996765
This epoch duration :2366.803234577179
Epoch 98, val-method base, validation accuracy 90.56999969482422, best_prec 90.94999694824219
Epoch 99, l0 norm : 1325070, l1 norm : 526755.4798736572
Epoch 99, min : 0.0, max : 0.8076822757720947
This epoch duration :1921.5263376235962
Epoch 99, val-method base, validation accuracy 90.41999816894531, best_prec 90.94999694824219
