Namespace(configs='configs/CIFAR10/pen_bip_3.yml', result_dir='./trained_models', exp_name='RC_pb3_l4k04', exp_mode='prune', arch='resnet18', num_classes=10, layer_type='unstructured', k=0.4, lambd=0.9999, alpha=1.0, scaled_score_init=True, scale_rand_init=False, freeze_bn=False, source_net='trained_models/CIFAR10_resnet18_Pretrain/pretrain/latest_exp/checkpoint/model_best.pth.tar', scores_init_type=None, dataset='CIFAR10', batch_size=128, num_workers=2, test_batch_size=128, normalize=True, data_dir='./data', image_dim=32, trainer='penalized_bilevel_3', epochs=100, optimizer='sgd', wd=0.0001, mask_lr=0.1, lr=0.1, mask_lr_schedule='step', lr_schedule='cosine', momentum=0.9, warmup_epochs=0, warmup_lr=0.1, save_dense=False, evaluate=False, val_method='base', resume='', seed=1234, print_freq=100, lr2=0.0001, accelerate=False)
=> loading source model from 'trained_models/CIFAR10_resnet18_Pretrain/pretrain/latest_exp/checkpoint/model_best.pth.tar'
=> loaded checkpoint 'trained_models/CIFAR10_resnet18_Pretrain/pretrain/latest_exp/checkpoint/model_best.pth.tar'
Epoch 0, l0 norm : 4339595, l1 norm : 4022661.6747436523
Epoch 0, min : 0.0, max : 0.9871258735656738
This epoch duration :2413.8943541049957
Epoch 0, val-method base, validation accuracy 29.299999237060547, best_prec 29.299999237060547
Epoch 1, l0 norm : 4339595, l1 norm : 3975441.3505859375
Epoch 1, min : 0.0, max : 0.9744598865509033
This epoch duration :2411.210663795471
Epoch 1, val-method base, validation accuracy 40.11000061035156, best_prec 40.11000061035156
Epoch 2, l0 norm : 4339595, l1 norm : 3925163.9895629883
Epoch 2, min : 0.0, max : 0.9620466828346252
This epoch duration :2407.5722892284393
Epoch 2, val-method base, validation accuracy 43.88999938964844, best_prec 43.88999938964844
Epoch 3, l0 norm : 4339595, l1 norm : 3874573.8889160156
Epoch 3, min : 0.0, max : 0.9498899579048157
This epoch duration :2411.1434454917908
Epoch 3, val-method base, validation accuracy 50.57999801635742, best_prec 50.57999801635742
Epoch 4, l0 norm : 4339595, l1 norm : 3824398.6802978516
Epoch 4, min : 0.0, max : 0.9379942417144775
This epoch duration :2410.3656888008118
Epoch 4, val-method base, validation accuracy 55.43000030517578, best_prec 55.43000030517578
Epoch 5, l0 norm : 4339595, l1 norm : 3774968.885986328
Epoch 5, min : 0.0, max : 0.926362931728363
This epoch duration :2410.232288122177
Epoch 5, val-method base, validation accuracy 58.44999694824219, best_prec 58.44999694824219
Epoch 6, l0 norm : 4339595, l1 norm : 3726526.4490966797
Epoch 6, min : 0.0, max : 0.9149988889694214
This epoch duration :2410.9660036563873
Epoch 6, val-method base, validation accuracy 59.8599967956543, best_prec 59.8599967956543
Epoch 7, l0 norm : 4339595, l1 norm : 3679185.4502563477
Epoch 7, min : 0.0, max : 0.9039047956466675
This epoch duration :2410.9854192733765
Epoch 7, val-method base, validation accuracy 63.959999084472656, best_prec 63.959999084472656
Epoch 8, l0 norm : 4339595, l1 norm : 3632977.0732421875
Epoch 8, min : 0.0, max : 0.8930832147598267
This epoch duration :2410.2311537265778
Epoch 8, val-method base, validation accuracy 67.44999694824219, best_prec 67.44999694824219
Epoch 9, l0 norm : 4339595, l1 norm : 3587913.4583740234
Epoch 9, min : 0.0, max : 0.8825358152389526
This epoch duration :2408.813043832779
Epoch 9, val-method base, validation accuracy 67.69999694824219, best_prec 67.69999694824219
Epoch 10, l0 norm : 4339595, l1 norm : 3543970.7529296875
Epoch 10, min : 0.0, max : 0.8722634315490723
This epoch duration :2411.1756081581116
Epoch 10, val-method base, validation accuracy 68.0, best_prec 68.0
Epoch 11, l0 norm : 4339595, l1 norm : 3501199.8828125
Epoch 11, min : 0.0, max : 0.8622668981552124
This epoch duration :2410.151469707489
Epoch 11, val-method base, validation accuracy 71.95999908447266, best_prec 71.95999908447266
Epoch 12, l0 norm : 4339595, l1 norm : 3459515.5731811523
Epoch 12, min : 0.0, max : 0.8525470495223999
This epoch duration :2403.9861149787903
Epoch 12, val-method base, validation accuracy 70.36000061035156, best_prec 71.95999908447266
Epoch 13, l0 norm : 4339595, l1 norm : 3418955.7093811035
Epoch 13, min : 0.0, max : 0.8431037068367004
This epoch duration :2409.585629224777
Epoch 13, val-method base, validation accuracy 74.69999694824219, best_prec 74.69999694824219
Epoch 14, l0 norm : 4339595, l1 norm : 3379545.3011779785
Epoch 14, min : 0.0, max : 0.8339367508888245
This epoch duration :2408.668378353119
Epoch 14, val-method base, validation accuracy 74.47000122070312, best_prec 74.69999694824219
Epoch 15, l0 norm : 4339595, l1 norm : 3341235.6105804443
Epoch 15, min : 0.0, max : 0.8250459432601929
This epoch duration :2409.552707195282
Epoch 15, val-method base, validation accuracy 73.69999694824219, best_prec 74.69999694824219
Epoch 16, l0 norm : 4339595, l1 norm : 3304079.938293457
Epoch 16, min : 0.0, max : 0.8164296746253967
This epoch duration :2412.156147003174
Epoch 16, val-method base, validation accuracy 76.3499984741211, best_prec 76.3499984741211
Epoch 17, l0 norm : 4339595, l1 norm : 3268039.1123962402
Epoch 17, min : 0.0, max : 0.8080877661705017
This epoch duration :2412.191504716873
Epoch 17, val-method base, validation accuracy 78.36000061035156, best_prec 78.36000061035156
Epoch 18, l0 norm : 4339595, l1 norm : 3233103.363555908
Epoch 18, min : 0.0, max : 0.8000186085700989
This epoch duration :2411.362812757492
Epoch 18, val-method base, validation accuracy 80.11000061035156, best_prec 80.11000061035156
Epoch 19, l0 norm : 4339595, l1 norm : 3199279.286529541
Epoch 19, min : 0.0, max : 0.7922207713127136
This epoch duration :2409.482807159424
Epoch 19, val-method base, validation accuracy 80.12999725341797, best_prec 80.12999725341797
Epoch 20, l0 norm : 4339595, l1 norm : 3166536.8306274414
Epoch 20, min : 0.0, max : 0.7846932411193848
This epoch duration :2411.203193664551
Epoch 20, val-method base, validation accuracy 79.18000030517578, best_prec 80.12999725341797
Epoch 21, l0 norm : 4339595, l1 norm : 3134907.751586914
Epoch 21, min : 0.0, max : 0.7774331569671631
This epoch duration :2413.518527507782
Epoch 21, val-method base, validation accuracy 81.61000061035156, best_prec 81.61000061035156
Epoch 22, l0 norm : 4339595, l1 norm : 3104312.6023254395
Epoch 22, min : 0.0, max : 0.7704387307167053
This epoch duration :2412.1103439331055
Epoch 22, val-method base, validation accuracy 81.43000030517578, best_prec 81.61000061035156
Epoch 23, l0 norm : 4339595, l1 norm : 3074770.5595855713
Epoch 23, min : 0.0, max : 0.7637078762054443
This epoch duration :2411.7739491462708
Epoch 23, val-method base, validation accuracy 81.87999725341797, best_prec 81.87999725341797
Epoch 24, l0 norm : 4339595, l1 norm : 3046234.107711792
Epoch 24, min : 0.0, max : 0.757239043712616
This epoch duration :2413.9516744613647
Epoch 24, val-method base, validation accuracy 82.58999633789062, best_prec 82.58999633789062
Epoch 25, l0 norm : 4339595, l1 norm : 3018730.415359497
Epoch 25, min : 0.0, max : 0.7510285973548889
This epoch duration :2411.8765037059784
Epoch 25, val-method base, validation accuracy 83.0, best_prec 83.0
Epoch 26, l0 norm : 4339595, l1 norm : 2992242.218811035
Epoch 26, min : 0.0, max : 0.7450751066207886
This epoch duration :2412.756417989731
Epoch 26, val-method base, validation accuracy 81.68999481201172, best_prec 83.0
Epoch 27, l0 norm : 4339595, l1 norm : 2966752.5455932617
Epoch 27, min : 0.0, max : 0.739375650882721
This epoch duration :2410.5614800453186
Epoch 27, val-method base, validation accuracy 83.79999542236328, best_prec 83.79999542236328
Epoch 28, l0 norm : 4339595, l1 norm : 2942178.443084717
Epoch 28, min : 0.0, max : 0.7339282631874084
This epoch duration :2409.913496494293
Epoch 28, val-method base, validation accuracy 83.3499984741211, best_prec 83.79999542236328
Epoch 29, l0 norm : 4339595, l1 norm : 2918635.78326416
Epoch 29, min : 0.0, max : 0.7287293076515198
This epoch duration :2430.828924179077
Epoch 29, val-method base, validation accuracy 83.88999938964844, best_prec 83.88999938964844
Epoch 30, l0 norm : 4339595, l1 norm : 2896042.871826172
Epoch 30, min : 0.0, max : 0.7237764000892639
This epoch duration :2439.6324293613434
Epoch 30, val-method base, validation accuracy 85.08999633789062, best_prec 85.08999633789062
Epoch 31, l0 norm : 4339595, l1 norm : 2874386.0592956543
Epoch 31, min : 0.0, max : 0.7190676331520081
This epoch duration :2442.411461353302
Epoch 31, val-method base, validation accuracy 84.81999969482422, best_prec 85.08999633789062
Epoch 32, l0 norm : 4339595, l1 norm : 2853659.8816833496
Epoch 32, min : 0.0, max : 0.7145993113517761
This epoch duration :2441.7491331100464
Epoch 32, val-method base, validation accuracy 85.02999877929688, best_prec 85.08999633789062
Epoch 33, l0 norm : 4339595, l1 norm : 2833829.035308838
Epoch 33, min : 0.0, max : 0.7103691697120667
This epoch duration :2441.3735711574554
Epoch 33, val-method base, validation accuracy 84.83999633789062, best_prec 85.08999633789062
Epoch 34, l0 norm : 4339595, l1 norm : 2814874.5348358154
Epoch 34, min : 0.0, max : 0.7063747048377991
This epoch duration :2442.4183576107025
Epoch 34, val-method base, validation accuracy 84.93000030517578, best_prec 85.08999633789062
Epoch 35, l0 norm : 4339595, l1 norm : 2796810.8742980957
Epoch 35, min : 0.0, max : 0.7026122212409973
This epoch duration :2443.2345654964447
Epoch 35, val-method base, validation accuracy 85.87999725341797, best_prec 85.87999725341797
Epoch 36, l0 norm : 4339595, l1 norm : 2779620.7293395996
Epoch 36, min : 0.0, max : 0.6990800499916077
This epoch duration :2438.0138194561005
Epoch 36, val-method base, validation accuracy 86.58999633789062, best_prec 86.58999633789062
Epoch 37, l0 norm : 4339595, l1 norm : 2763362.4193725586
Epoch 37, min : 0.0, max : 0.6957751512527466
This epoch duration :2412.818974018097
Epoch 37, val-method base, validation accuracy 86.9000015258789, best_prec 86.9000015258789
Epoch 38, l0 norm : 4339595, l1 norm : 2747924.034637451
Epoch 38, min : 0.0, max : 0.6926953792572021
This epoch duration :2410.673840045929
Epoch 38, val-method base, validation accuracy 87.00999450683594, best_prec 87.00999450683594
Epoch 39, l0 norm : 4339595, l1 norm : 2733349.4002838135
Epoch 39, min : 0.0, max : 0.6898365020751953
This epoch duration :2410.898279428482
Epoch 39, val-method base, validation accuracy 86.25999450683594, best_prec 87.00999450683594
Epoch 40, l0 norm : 4339595, l1 norm : 2719623.2447509766
Epoch 40, min : 0.0, max : 0.6871964931488037
This epoch duration :2409.3510336875916
Epoch 40, val-method base, validation accuracy 87.38999938964844, best_prec 87.38999938964844
Epoch 41, l0 norm : 4339595, l1 norm : 2706744.507965088
Epoch 41, min : 0.0, max : 0.6847736239433289
This epoch duration :2410.1257700920105
Epoch 41, val-method base, validation accuracy 87.7699966430664, best_prec 87.7699966430664
Epoch 42, l0 norm : 4339595, l1 norm : 2694670.0806884766
Epoch 42, min : 0.0, max : 0.6825636029243469
This epoch duration :2409.9078216552734
Epoch 42, val-method base, validation accuracy 87.12999725341797, best_prec 87.7699966430664
Epoch 43, l0 norm : 4339595, l1 norm : 2683397.7581481934
Epoch 43, min : 0.0, max : 0.6805644631385803
This epoch duration :2409.447030544281
Epoch 43, val-method base, validation accuracy 87.54000091552734, best_prec 87.7699966430664
Epoch 44, l0 norm : 4339595, l1 norm : 2672967.214782715
Epoch 44, min : 0.0, max : 0.6787753701210022
This epoch duration :2411.4075524806976
Epoch 44, val-method base, validation accuracy 87.75999450683594, best_prec 87.7699966430664
Epoch 45, l0 norm : 4339595, l1 norm : 2663290.9382019043
Epoch 45, min : 0.0, max : 0.6771896481513977
This epoch duration :2409.235910654068
Epoch 45, val-method base, validation accuracy 88.18000030517578, best_prec 88.18000030517578
Epoch 46, l0 norm : 4339595, l1 norm : 2654404.07913208
Epoch 46, min : 0.0, max : 0.6758072972297668
This epoch duration :2408.8000016212463
Epoch 46, val-method base, validation accuracy 87.75999450683594, best_prec 88.18000030517578
Epoch 47, l0 norm : 4339595, l1 norm : 2646322.203918457
Epoch 47, min : 0.0, max : 0.6746261715888977
This epoch duration :2405.4904227256775
Epoch 47, val-method base, validation accuracy 88.50999450683594, best_prec 88.50999450683594
Epoch 48, l0 norm : 4339595, l1 norm : 2639003.073486328
Epoch 48, min : 0.0, max : 0.6736429929733276
This epoch duration :2407.2718110084534
Epoch 48, val-method base, validation accuracy 87.90999603271484, best_prec 88.50999450683594
Epoch 49, l0 norm : 4339595, l1 norm : 2632445.6048583984
Epoch 49, min : 0.0, max : 0.6728583574295044
This epoch duration :2408.886654615402
Epoch 49, val-method base, validation accuracy 88.08999633789062, best_prec 88.50999450683594
Epoch 50, l0 norm : 4339595, l1 norm : 2626623.844345093
Epoch 50, min : 0.0, max : 0.6722628474235535
This epoch duration :2409.4670395851135
Epoch 50, val-method base, validation accuracy 87.43000030517578, best_prec 88.50999450683594
Epoch 51, l0 norm : 4339595, l1 norm : 2621568.7199249268
Epoch 51, min : 0.0, max : 0.6718539595603943
This epoch duration :2406.8496351242065
Epoch 51, val-method base, validation accuracy 88.06999969482422, best_prec 88.50999450683594
Epoch 52, l0 norm : 4339595, l1 norm : 2617263.811553955
Epoch 52, min : 0.0, max : 0.6716342568397522
This epoch duration :2408.090913772583
Epoch 52, val-method base, validation accuracy 88.36000061035156, best_prec 88.50999450683594
Epoch 53, l0 norm : 4339595, l1 norm : 2613711.849090576
Epoch 53, min : 0.0, max : 0.6716037392616272
This epoch duration :2409.468058347702
Epoch 53, val-method base, validation accuracy 87.45999908447266, best_prec 88.50999450683594
Epoch 54, l0 norm : 4339595, l1 norm : 2610900.629135132
Epoch 54, min : 0.0, max : 0.6717644333839417
This epoch duration :2409.184027194977
Epoch 54, val-method base, validation accuracy 88.27999877929688, best_prec 88.50999450683594
Epoch 55, l0 norm : 4339595, l1 norm : 2608843.069213867
Epoch 55, min : 0.0, max : 0.6720970273017883
This epoch duration :2409.884438276291
Epoch 55, val-method base, validation accuracy 89.16999816894531, best_prec 89.16999816894531
Epoch 56, l0 norm : 4339595, l1 norm : 2607506.0737304688
Epoch 56, min : 0.0, max : 0.6726017594337463
This epoch duration :2409.395033597946
Epoch 56, val-method base, validation accuracy 89.19999694824219, best_prec 89.19999694824219
Epoch 57, l0 norm : 4339595, l1 norm : 2606877.8481140137
Epoch 57, min : 0.0, max : 0.6732814311981201
This epoch duration :2408.897335767746
Epoch 57, val-method base, validation accuracy 88.93000030517578, best_prec 89.19999694824219
Epoch 58, l0 norm : 4339595, l1 norm : 2606948.70123291
Epoch 58, min : 0.0, max : 0.6741353273391724
This epoch duration :2405.66584277153
Epoch 58, val-method base, validation accuracy 88.87999725341797, best_prec 89.19999694824219
Epoch 59, l0 norm : 4339595, l1 norm : 2607759.477203369
Epoch 59, min : 0.0, max : 0.675166130065918
This epoch duration :2410.5055844783783
Epoch 59, val-method base, validation accuracy 89.25, best_prec 89.25
Epoch 60, l0 norm : 4339595, l1 norm : 2609216.656906128
Epoch 60, min : 0.0, max : 0.6763581037521362
This epoch duration :2408.177224636078
Epoch 60, val-method base, validation accuracy 89.98999786376953, best_prec 89.98999786376953
Epoch 61, l0 norm : 4339595, l1 norm : 2611393.58404541
Epoch 61, min : 0.0, max : 0.6777150630950928
This epoch duration :2406.1436202526093
Epoch 61, val-method base, validation accuracy 89.41999816894531, best_prec 89.98999786376953
Epoch 62, l0 norm : 4339595, l1 norm : 2614249.6353149414
Epoch 62, min : 0.0, max : 0.6792336702346802
This epoch duration :2413.7155148983
Epoch 62, val-method base, validation accuracy 89.5, best_prec 89.98999786376953
Epoch 63, l0 norm : 4339595, l1 norm : 2617748.3965759277
Epoch 63, min : 0.0, max : 0.680908739566803
This epoch duration :2408.996755361557
Epoch 63, val-method base, validation accuracy 89.73999786376953, best_prec 89.98999786376953
Epoch 64, l0 norm : 4339595, l1 norm : 2621929.1500091553
Epoch 64, min : 0.0, max : 0.6827387809753418
This epoch duration :2408.625436782837
Epoch 64, val-method base, validation accuracy 89.9000015258789, best_prec 89.98999786376953
Epoch 65, l0 norm : 4339595, l1 norm : 2626771.5061798096
Epoch 65, min : 0.0, max : 0.6847202777862549
This epoch duration :2409.753740310669
Epoch 65, val-method base, validation accuracy 90.31999969482422, best_prec 90.31999969482422
Epoch 66, l0 norm : 4339595, l1 norm : 2632237.167526245
Epoch 66, min : 0.0, max : 0.6868506073951721
This epoch duration :2409.928820848465
Epoch 66, val-method base, validation accuracy 89.66999816894531, best_prec 90.31999969482422
Epoch 67, l0 norm : 4339595, l1 norm : 2638308.66015625
Epoch 67, min : 0.0, max : 0.6891250610351562
This epoch duration :2435.460518360138
Epoch 67, val-method base, validation accuracy 89.8499984741211, best_prec 90.31999969482422
Epoch 68, l0 norm : 4339595, l1 norm : 2644992.9397888184
Epoch 68, min : 0.0, max : 0.6915406584739685
This epoch duration :2441.5260825157166
Epoch 68, val-method base, validation accuracy 90.11000061035156, best_prec 90.31999969482422
Epoch 69, l0 norm : 4339595, l1 norm : 2652274.054260254
Epoch 69, min : 0.0, max : 0.6940919160842896
This epoch duration :2440.8660292625427
Epoch 69, val-method base, validation accuracy 90.75, best_prec 90.75
Epoch 70, l0 norm : 4339595, l1 norm : 2660151.921432495
Epoch 70, min : 0.0, max : 0.6967814564704895
This epoch duration :2409.5544650554657
Epoch 70, val-method base, validation accuracy 90.25999450683594, best_prec 90.75
Epoch 71, l0 norm : 4339595, l1 norm : 2668581.721221924
Epoch 71, min : 0.0, max : 0.6995996236801147
This epoch duration :2430.8423039913177
Epoch 71, val-method base, validation accuracy 90.47999572753906, best_prec 90.75
Epoch 72, l0 norm : 4339595, l1 norm : 2677554.8352661133
Epoch 72, min : 0.0, max : 0.7025408148765564
This epoch duration :2441.5014505386353
Epoch 72, val-method base, validation accuracy 90.57999420166016, best_prec 90.75
Epoch 73, l0 norm : 4339595, l1 norm : 2687050.0592956543
Epoch 73, min : 0.0, max : 0.7056037783622742
This epoch duration :2443.6798350811005
Epoch 73, val-method base, validation accuracy 90.79000091552734, best_prec 90.79000091552734
Epoch 74, l0 norm : 4339595, l1 norm : 2697050.6464538574
Epoch 74, min : 0.0, max : 0.7087807059288025
This epoch duration :2415.783372402191
Epoch 74, val-method base, validation accuracy 90.7699966430664, best_prec 90.79000091552734
Epoch 75, l0 norm : 4339595, l1 norm : 2707529.599822998
Epoch 75, min : 0.0, max : 0.7120702266693115
This epoch duration :2414.2953827381134
Epoch 75, val-method base, validation accuracy 91.02999877929688, best_prec 91.02999877929688
Epoch 76, l0 norm : 4339595, l1 norm : 2718486.746032715
Epoch 76, min : 0.0, max : 0.7154667973518372
This epoch duration :2417.3417460918427
Epoch 76, val-method base, validation accuracy 91.04000091552734, best_prec 91.04000091552734
Epoch 77, l0 norm : 4339595, l1 norm : 2729871.828353882
Epoch 77, min : 0.0, max : 0.7189657092094421
This epoch duration :2409.84890460968
Epoch 77, val-method base, validation accuracy 90.65999603271484, best_prec 91.04000091552734
Epoch 78, l0 norm : 4339595, l1 norm : 2741684.02053833
Epoch 78, min : 0.0, max : 0.7225605249404907
This epoch duration :2410.7505877017975
Epoch 78, val-method base, validation accuracy 91.0199966430664, best_prec 91.04000091552734
Epoch 79, l0 norm : 4339595, l1 norm : 2753897.0180664062
Epoch 79, min : 0.0, max : 0.7262445688247681
This epoch duration :2408.8557765483856
Epoch 79, val-method base, validation accuracy 91.15999603271484, best_prec 91.15999603271484
Epoch 80, l0 norm : 4339595, l1 norm : 2766490.171157837
Epoch 80, min : 0.0, max : 0.7300154566764832
This epoch duration :2403.460150241852
Epoch 80, val-method base, validation accuracy 91.3499984741211, best_prec 91.3499984741211
Epoch 81, l0 norm : 4339595, l1 norm : 2779404.2125091553
Epoch 81, min : 0.0, max : 0.7338649034500122
This epoch duration :2408.205333709717
Epoch 81, val-method base, validation accuracy 91.25999450683594, best_prec 91.3499984741211
Epoch 82, l0 norm : 4339595, l1 norm : 2792619.6192626953
Epoch 82, min : 0.0, max : 0.7377775311470032
This epoch duration :2409.9498851299286
Epoch 82, val-method base, validation accuracy 91.2699966430664, best_prec 91.3499984741211
Epoch 83, l0 norm : 4339595, l1 norm : 2806109.3604125977
Epoch 83, min : 0.0, max : 0.7417574524879456
This epoch duration :2410.2793350219727
Epoch 83, val-method base, validation accuracy 91.31999969482422, best_prec 91.3499984741211
Epoch 84, l0 norm : 4339595, l1 norm : 2819875.6173706055
Epoch 84, min : 0.0, max : 0.7457944750785828
This epoch duration :2413.2818672657013
Epoch 84, val-method base, validation accuracy 91.25999450683594, best_prec 91.3499984741211
Epoch 85, l0 norm : 4339595, l1 norm : 2833858.788635254
Epoch 85, min : 0.0, max : 0.7498816251754761
This epoch duration :2412.0825221538544
Epoch 85, val-method base, validation accuracy 91.33999633789062, best_prec 91.3499984741211
Epoch 86, l0 norm : 4339595, l1 norm : 2848018.979812622
Epoch 86, min : 0.0, max : 0.7540091872215271
This epoch duration :2413.589570045471
Epoch 86, val-method base, validation accuracy 91.47999572753906, best_prec 91.47999572753906
Epoch 87, l0 norm : 4339595, l1 norm : 2862423.585998535
Epoch 87, min : 0.0, max : 0.7581832408905029
This epoch duration :2410.162094116211
Epoch 87, val-method base, validation accuracy 91.61000061035156, best_prec 91.61000061035156
Epoch 88, l0 norm : 4339595, l1 norm : 2876937.3136138916
Epoch 88, min : 0.0, max : 0.7623813152313232
This epoch duration :2407.1053462028503
Epoch 88, val-method base, validation accuracy 91.41999816894531, best_prec 91.61000061035156
Epoch 89, l0 norm : 4339595, l1 norm : 2891569.3719177246
Epoch 89, min : 0.0, max : 0.7665954828262329
This epoch duration :2409.7361505031586
Epoch 89, val-method base, validation accuracy 91.5199966430664, best_prec 91.61000061035156
Epoch 90, l0 norm : 4339595, l1 norm : 2906279.381668091
Epoch 90, min : 0.0, max : 0.7708207964897156
This epoch duration :2408.799975156784
Epoch 90, val-method base, validation accuracy 91.44999694824219, best_prec 91.61000061035156
Epoch 91, l0 norm : 4339595, l1 norm : 2920991.9852905273
Epoch 91, min : 0.0, max : 0.7750382423400879
This epoch duration :2407.9490604400635
Epoch 91, val-method base, validation accuracy 91.33999633789062, best_prec 91.61000061035156
Epoch 92, l0 norm : 4339595, l1 norm : 2935747.7044677734
Epoch 92, min : 0.0, max : 0.7792506814002991
This epoch duration :2409.567564725876
Epoch 92, val-method base, validation accuracy 91.54999542236328, best_prec 91.61000061035156
Epoch 93, l0 norm : 4339595, l1 norm : 2950420.108444214
Epoch 93, min : 0.0, max : 0.783437967300415
This epoch duration :2406.9675116539
Epoch 93, val-method base, validation accuracy 91.29999542236328, best_prec 91.61000061035156
Epoch 94, l0 norm : 4339595, l1 norm : 2965108.530731201
Epoch 94, min : 0.0, max : 0.7876038551330566
This epoch duration :2408.844038248062
Epoch 94, val-method base, validation accuracy 91.41999816894531, best_prec 91.61000061035156
Epoch 95, l0 norm : 4339595, l1 norm : 2979697.265640259
Epoch 95, min : 0.0, max : 0.7917290329933167
This epoch duration :2411.554723739624
Epoch 95, val-method base, validation accuracy 91.5199966430664, best_prec 91.61000061035156
Epoch 96, l0 norm : 4339595, l1 norm : 2994161.864654541
Epoch 96, min : 0.0, max : 0.7958168983459473
This epoch duration :2410.659172296524
Epoch 96, val-method base, validation accuracy 91.31999969482422, best_prec 91.61000061035156
Epoch 97, l0 norm : 4339595, l1 norm : 3008467.099609375
Epoch 97, min : 0.0, max : 0.7998473048210144
This epoch duration :2409.1334080696106
Epoch 97, val-method base, validation accuracy 91.12999725341797, best_prec 91.61000061035156
Epoch 98, l0 norm : 4339595, l1 norm : 3022547.974746704
Epoch 98, min : 0.0, max : 0.8038007616996765
This epoch duration :2036.1505227088928
Epoch 98, val-method base, validation accuracy 91.22999572753906, best_prec 91.61000061035156
Epoch 99, l0 norm : 4339595, l1 norm : 3036385.829437256
Epoch 99, min : 0.0, max : 0.8076822757720947
This epoch duration :1091.044234752655
Epoch 99, val-method base, validation accuracy 91.11000061035156, best_prec 91.61000061035156
