Namespace(configs='configs/FASHION_MNIST/pen_bip_1.yml', result_dir='./trained_models', exp_name='fm_m_4', exp_mode='prune', arch='fmnist_model', num_classes=10, layer_type='unstructured', k=None, lambd=0.99999, alpha=1.0, fw_momentum=0.9, scaled_score_init=True, scale_rand_init=False, freeze_bn=False, source_net='trained_models/FMNIST_fmnist_model/pretrain/latest_exp/checkpoint/model_best.pth.tar', scores_init_type=None, dataset='FashionMNIST', batch_size=128, num_workers=2, test_batch_size=128, normalize=True, data_dir='./data', image_dim=32, trainer='penalized_bilevel_1', epochs=100, optimizer='sgd', wd=0.0001, mask_lr=0.1, lr=0.1, mask_lr_schedule='step', lr_schedule='cosine', momentum=0.9, warmup_epochs=0, warmup_lr=0.1, save_dense=False, evaluate=False, val_method='base', resume='', seed=1234, print_freq=100, lr2=0.0001, accelerate=False)
=> loading source model from 'trained_models/FMNIST_fmnist_model/pretrain/latest_exp/checkpoint/model_best.pth.tar'
=> loaded checkpoint 'trained_models/FMNIST_fmnist_model/pretrain/latest_exp/checkpoint/model_best.pth.tar'
Epoch 0, l0 norm : 129196, l1 norm : 16545.225219726562
Epoch 0, min : 0.0, max : 0.9646961688995361
This epoch duration :148.84965229034424
Epoch 0, val-method base, validation accuracy 86.54999542236328, best_prec 86.54999542236328
Epoch 1, l0 norm : 129616, l1 norm : 16329.216674804688
Epoch 1, min : 0.0, max : 0.9785621166229248
This epoch duration :209.2561972141266
Epoch 1, val-method base, validation accuracy 88.00999450683594, best_prec 88.00999450683594
Epoch 2, l0 norm : 129848, l1 norm : 16331.47445678711
Epoch 2, min : 0.0, max : 0.9703840613365173
This epoch duration :209.77049350738525
Epoch 2, val-method base, validation accuracy 88.48999786376953, best_prec 88.48999786376953
Epoch 3, l0 norm : 130009, l1 norm : 16331.584655761719
Epoch 3, min : 0.0, max : 0.97333824634552
This epoch duration :209.66048407554626
Epoch 3, val-method base, validation accuracy 89.06999969482422, best_prec 89.06999969482422
Epoch 4, l0 norm : 130140, l1 norm : 16331.143768310547
Epoch 4, min : 0.0, max : 0.9699999094009399
This epoch duration :209.44314646720886
Epoch 4, val-method base, validation accuracy 89.18999481201172, best_prec 89.18999481201172
Epoch 5, l0 norm : 130210, l1 norm : 16342.165008544922
Epoch 5, min : 0.0, max : 0.9631847739219666
This epoch duration :209.16578888893127
Epoch 5, val-method base, validation accuracy 89.12999725341797, best_prec 89.18999481201172
Epoch 6, l0 norm : 130288, l1 norm : 16380.228393554688
Epoch 6, min : 0.0, max : 0.9645146727561951
This epoch duration :209.133207321167
Epoch 6, val-method base, validation accuracy 89.93000030517578, best_prec 89.93000030517578
Epoch 7, l0 norm : 130360, l1 norm : 16420.50259399414
Epoch 7, min : 0.0, max : 0.958155632019043
This epoch duration :209.5205156803131
Epoch 7, val-method base, validation accuracy 90.0999984741211, best_prec 90.0999984741211
Epoch 8, l0 norm : 130412, l1 norm : 16455.623291015625
Epoch 8, min : 0.0, max : 0.9550362229347229
This epoch duration :208.93614888191223
Epoch 8, val-method base, validation accuracy 89.79999542236328, best_prec 90.0999984741211
Epoch 9, l0 norm : 130462, l1 norm : 16492.889678955078
Epoch 9, min : 0.0, max : 0.9547534584999084
This epoch duration :209.56054091453552
Epoch 9, val-method base, validation accuracy 90.29000091552734, best_prec 90.29000091552734
Epoch 10, l0 norm : 130504, l1 norm : 16546.9326171875
Epoch 10, min : 0.0, max : 0.9600756168365479
This epoch duration :209.43651175498962
Epoch 10, val-method base, validation accuracy 89.75, best_prec 90.29000091552734
Epoch 11, l0 norm : 130542, l1 norm : 16597.089141845703
Epoch 11, min : 0.0, max : 0.9559758305549622
This epoch duration :209.27464032173157
Epoch 11, val-method base, validation accuracy 90.61000061035156, best_prec 90.61000061035156
Epoch 12, l0 norm : 130581, l1 norm : 16640.832000732422
Epoch 12, min : 0.0, max : 0.9594001173973083
This epoch duration :208.05814862251282
Epoch 12, val-method base, validation accuracy 90.1199951171875, best_prec 90.61000061035156
Epoch 13, l0 norm : 130626, l1 norm : 16695.56903076172
Epoch 13, min : 0.0, max : 0.9544646143913269
This epoch duration :207.2057008743286
Epoch 13, val-method base, validation accuracy 90.1500015258789, best_prec 90.61000061035156
Epoch 14, l0 norm : 130650, l1 norm : 16747.58087158203
Epoch 14, min : 0.0, max : 0.9499117136001587
This epoch duration :207.45104503631592
Epoch 14, val-method base, validation accuracy 89.75999450683594, best_prec 90.61000061035156
Epoch 15, l0 norm : 130674, l1 norm : 16794.583862304688
Epoch 15, min : 0.0, max : 0.9490395784378052
This epoch duration :207.58410596847534
Epoch 15, val-method base, validation accuracy 90.52999877929688, best_prec 90.61000061035156
Epoch 16, l0 norm : 130693, l1 norm : 16834.3515625
Epoch 16, min : 0.0, max : 0.9495580196380615
This epoch duration :207.2208650112152
Epoch 16, val-method base, validation accuracy 90.08999633789062, best_prec 90.61000061035156
Epoch 17, l0 norm : 130711, l1 norm : 16879.320739746094
Epoch 17, min : 0.0, max : 0.9464850425720215
This epoch duration :207.18918681144714
Epoch 17, val-method base, validation accuracy 90.80999755859375, best_prec 90.80999755859375
Epoch 18, l0 norm : 130719, l1 norm : 16922.59552001953
Epoch 18, min : 0.0, max : 0.9464985728263855
This epoch duration :207.21350836753845
Epoch 18, val-method base, validation accuracy 90.18000030517578, best_prec 90.80999755859375
Epoch 19, l0 norm : 130731, l1 norm : 16967.10870361328
Epoch 19, min : 0.0, max : 0.9417434930801392
This epoch duration :207.58542943000793
Epoch 19, val-method base, validation accuracy 90.36000061035156, best_prec 90.80999755859375
Epoch 20, l0 norm : 130739, l1 norm : 17002.89764404297
Epoch 20, min : 0.0, max : 0.9402016401290894
This epoch duration :207.2650682926178
Epoch 20, val-method base, validation accuracy 90.33999633789062, best_prec 90.80999755859375
Epoch 21, l0 norm : 130750, l1 norm : 17039.642547607422
Epoch 21, min : 0.0, max : 0.9394546151161194
This epoch duration :207.40109395980835
Epoch 21, val-method base, validation accuracy 90.00999450683594, best_prec 90.80999755859375
Epoch 22, l0 norm : 130756, l1 norm : 17068.484313964844
Epoch 22, min : 0.0, max : 0.9387941956520081
This epoch duration :210.31711721420288
Epoch 22, val-method base, validation accuracy 90.29000091552734, best_prec 90.80999755859375
Epoch 23, l0 norm : 130762, l1 norm : 17100.616485595703
Epoch 23, min : 0.0, max : 0.9370045065879822
This epoch duration :210.87194991111755
Epoch 23, val-method base, validation accuracy 90.12999725341797, best_prec 90.80999755859375
Epoch 24, l0 norm : 130769, l1 norm : 17128.156829833984
Epoch 24, min : 0.0, max : 0.936941385269165
This epoch duration :210.74685144424438
Epoch 24, val-method base, validation accuracy 90.18999481201172, best_prec 90.80999755859375
Epoch 25, l0 norm : 130772, l1 norm : 17154.88168334961
Epoch 25, min : 0.0, max : 0.9344526529312134
This epoch duration :209.89330458641052
Epoch 25, val-method base, validation accuracy 89.93999481201172, best_prec 90.80999755859375
Epoch 26, l0 norm : 130776, l1 norm : 17173.33334350586
Epoch 26, min : 0.0, max : 0.9291090965270996
This epoch duration :210.68788123130798
Epoch 26, val-method base, validation accuracy 89.7699966430664, best_prec 90.80999755859375
Epoch 27, l0 norm : 130779, l1 norm : 17190.314361572266
Epoch 27, min : 0.0, max : 0.9294388294219971
This epoch duration :211.34279704093933
Epoch 27, val-method base, validation accuracy 90.22000122070312, best_prec 90.80999755859375
Epoch 28, l0 norm : 130782, l1 norm : 17206.9296875
Epoch 28, min : 0.0, max : 0.9304575324058533
This epoch duration :211.29752397537231
Epoch 28, val-method base, validation accuracy 89.79000091552734, best_prec 90.80999755859375
Epoch 29, l0 norm : 130787, l1 norm : 17223.670288085938
Epoch 29, min : 0.0, max : 0.9262044429779053
This epoch duration :211.1533281803131
Epoch 29, val-method base, validation accuracy 90.0999984741211, best_prec 90.80999755859375
Epoch 30, l0 norm : 130787, l1 norm : 17237.607940673828
Epoch 30, min : 0.0, max : 0.924400269985199
This epoch duration :210.4471151828766
Epoch 30, val-method base, validation accuracy 89.75999450683594, best_prec 90.80999755859375
Epoch 31, l0 norm : 130791, l1 norm : 17249.35565185547
Epoch 31, min : 0.0, max : 0.9232733845710754
This epoch duration :210.29920077323914
Epoch 31, val-method base, validation accuracy 89.66999816894531, best_prec 90.80999755859375
Epoch 32, l0 norm : 130792, l1 norm : 17260.624389648438
Epoch 32, min : 0.0, max : 0.9206011295318604
This epoch duration :209.930561542511
Epoch 32, val-method base, validation accuracy 90.48999786376953, best_prec 90.80999755859375
Epoch 33, l0 norm : 130793, l1 norm : 17269.612854003906
Epoch 33, min : 0.0, max : 0.9185326099395752
This epoch duration :210.72289872169495
Epoch 33, val-method base, validation accuracy 90.43000030517578, best_prec 90.80999755859375
Epoch 34, l0 norm : 130795, l1 norm : 17281.359252929688
Epoch 34, min : 0.0, max : 0.9155492186546326
This epoch duration :209.71693062782288
Epoch 34, val-method base, validation accuracy 89.94999694824219, best_prec 90.80999755859375
Epoch 35, l0 norm : 130797, l1 norm : 17287.270080566406
Epoch 35, min : 0.0, max : 0.9122369885444641
This epoch duration :207.30685234069824
Epoch 35, val-method base, validation accuracy 89.69999694824219, best_prec 90.80999755859375
Epoch 36, l0 norm : 130799, l1 norm : 17290.38168334961
Epoch 36, min : 0.0, max : 0.911571204662323
This epoch duration :206.97005319595337
Epoch 36, val-method base, validation accuracy 90.12999725341797, best_prec 90.80999755859375
Epoch 37, l0 norm : 130801, l1 norm : 17291.118408203125
Epoch 37, min : 0.0, max : 0.9104174971580505
This epoch duration :207.16081142425537
Epoch 37, val-method base, validation accuracy 88.80999755859375, best_prec 90.80999755859375
Epoch 38, l0 norm : 130801, l1 norm : 17287.282592773438
Epoch 38, min : 0.0, max : 0.908143937587738
This epoch duration :206.71956586837769
Epoch 38, val-method base, validation accuracy 90.2699966430664, best_prec 90.80999755859375
Epoch 39, l0 norm : 130801, l1 norm : 17288.088409423828
Epoch 39, min : 0.0, max : 0.9042608141899109
This epoch duration :206.8022882938385
Epoch 39, val-method base, validation accuracy 89.97999572753906, best_prec 90.80999755859375
Epoch 40, l0 norm : 130801, l1 norm : 17286.930633544922
Epoch 40, min : 0.0, max : 0.9023024439811707
This epoch duration :207.44805312156677
Epoch 40, val-method base, validation accuracy 89.97000122070312, best_prec 90.80999755859375
Epoch 41, l0 norm : 130801, l1 norm : 17280.75146484375
Epoch 41, min : 0.0, max : 0.9008767008781433
This epoch duration :209.15903306007385
Epoch 41, val-method base, validation accuracy 90.0, best_prec 90.80999755859375
Epoch 42, l0 norm : 130802, l1 norm : 17276.334899902344
Epoch 42, min : 0.0, max : 0.8984769582748413
This epoch duration :209.41222286224365
Epoch 42, val-method base, validation accuracy 90.07999420166016, best_prec 90.80999755859375
Epoch 43, l0 norm : 130802, l1 norm : 17268.190887451172
Epoch 43, min : 0.0, max : 0.8948008418083191
This epoch duration :210.80612063407898
Epoch 43, val-method base, validation accuracy 89.72999572753906, best_prec 90.80999755859375
Epoch 44, l0 norm : 130802, l1 norm : 17258.734375
Epoch 44, min : 0.0, max : 0.892573356628418
This epoch duration :210.71879291534424
Epoch 44, val-method base, validation accuracy 90.23999786376953, best_prec 90.80999755859375
Epoch 45, l0 norm : 130803, l1 norm : 17244.942810058594
Epoch 45, min : 0.0, max : 0.8900374174118042
This epoch duration :210.0580198764801
Epoch 45, val-method base, validation accuracy 89.8699951171875, best_prec 90.80999755859375
Epoch 46, l0 norm : 130804, l1 norm : 17231.371551513672
Epoch 46, min : 0.0, max : 0.8865030407905579
This epoch duration :211.25618028640747
Epoch 46, val-method base, validation accuracy 90.45999908447266, best_prec 90.80999755859375
Epoch 47, l0 norm : 130804, l1 norm : 17216.340576171875
Epoch 47, min : 0.0, max : 0.8841540217399597
This epoch duration :210.44604206085205
Epoch 47, val-method base, validation accuracy 89.93000030517578, best_prec 90.80999755859375
Epoch 48, l0 norm : 130804, l1 norm : 17199.237335205078
Epoch 48, min : 0.0, max : 0.8805718421936035
This epoch duration :210.61603617668152
Epoch 48, val-method base, validation accuracy 90.05999755859375, best_prec 90.80999755859375
Epoch 49, l0 norm : 130804, l1 norm : 17180.20556640625
Epoch 49, min : 0.0, max : 0.8765183091163635
This epoch duration :211.6200828552246
Epoch 49, val-method base, validation accuracy 90.0199966430664, best_prec 90.80999755859375
Epoch 50, l0 norm : 130804, l1 norm : 17157.348358154297
Epoch 50, min : 0.0, max : 0.8734462857246399
This epoch duration :210.65964603424072
Epoch 50, val-method base, validation accuracy 90.08999633789062, best_prec 90.80999755859375
Epoch 51, l0 norm : 130804, l1 norm : 17134.980041503906
Epoch 51, min : 0.0, max : 0.8701411485671997
This epoch duration :210.51831150054932
Epoch 51, val-method base, validation accuracy 90.25, best_prec 90.80999755859375
Epoch 52, l0 norm : 130804, l1 norm : 17111.53286743164
Epoch 52, min : 0.0, max : 0.8683035373687744
This epoch duration :210.3216495513916
Epoch 52, val-method base, validation accuracy 90.22999572753906, best_prec 90.80999755859375
Epoch 53, l0 norm : 130804, l1 norm : 17084.10516357422
Epoch 53, min : 0.0, max : 0.8656272292137146
This epoch duration :210.7882468700409
Epoch 53, val-method base, validation accuracy 90.29000091552734, best_prec 90.80999755859375
Epoch 54, l0 norm : 130804, l1 norm : 17055.104385375977
Epoch 54, min : 0.0, max : 0.8628617525100708
This epoch duration :210.7034456729889
Epoch 54, val-method base, validation accuracy 90.27999877929688, best_prec 90.80999755859375
Epoch 55, l0 norm : 130804, l1 norm : 17028.628295898438
Epoch 55, min : 0.0, max : 0.8600268363952637
This epoch duration :207.32521963119507
Epoch 55, val-method base, validation accuracy 90.15999603271484, best_prec 90.80999755859375
Epoch 56, l0 norm : 130804, l1 norm : 16999.32275390625
Epoch 56, min : 0.0, max : 0.8577149510383606
This epoch duration :207.38405084609985
Epoch 56, val-method base, validation accuracy 90.3699951171875, best_prec 90.80999755859375
Epoch 57, l0 norm : 130804, l1 norm : 16967.25421142578
Epoch 57, min : 0.0, max : 0.8552157878875732
This epoch duration :206.99147033691406
Epoch 57, val-method base, validation accuracy 90.1199951171875, best_prec 90.80999755859375
Epoch 58, l0 norm : 130804, l1 norm : 16935.757049560547
Epoch 58, min : 0.0, max : 0.8527708649635315
This epoch duration :207.4348599910736
Epoch 58, val-method base, validation accuracy 90.02999877929688, best_prec 90.80999755859375
Epoch 59, l0 norm : 130804, l1 norm : 16906.015853881836
Epoch 59, min : 0.0, max : 0.8510120511054993
This epoch duration :207.64973330497742
Epoch 59, val-method base, validation accuracy 90.37999725341797, best_prec 90.80999755859375
Epoch 60, l0 norm : 130804, l1 norm : 16875.695526123047
Epoch 60, min : 0.0, max : 0.8491273522377014
This epoch duration :207.27760314941406
Epoch 60, val-method base, validation accuracy 90.27999877929688, best_prec 90.80999755859375
Epoch 61, l0 norm : 130804, l1 norm : 16846.712127685547
Epoch 61, min : 0.0, max : 0.8474785089492798
This epoch duration :207.62498879432678
Epoch 61, val-method base, validation accuracy 90.4000015258789, best_prec 90.80999755859375
Epoch 62, l0 norm : 130804, l1 norm : 16818.733795166016
Epoch 62, min : 0.0, max : 0.8455018997192383
This epoch duration :207.83951497077942
Epoch 62, val-method base, validation accuracy 90.33999633789062, best_prec 90.80999755859375
Epoch 63, l0 norm : 130804, l1 norm : 16788.539596557617
Epoch 63, min : 0.0, max : 0.8436831831932068
This epoch duration :208.436532497406
Epoch 63, val-method base, validation accuracy 90.20999908447266, best_prec 90.80999755859375
Epoch 64, l0 norm : 130804, l1 norm : 16761.59927368164
Epoch 64, min : 0.0, max : 0.8425313830375671
This epoch duration :207.39154767990112
Epoch 64, val-method base, validation accuracy 90.18999481201172, best_prec 90.80999755859375
Epoch 65, l0 norm : 130804, l1 norm : 16732.25843811035
Epoch 65, min : 0.0, max : 0.8408640623092651
This epoch duration :207.89512157440186
Epoch 65, val-method base, validation accuracy 90.31999969482422, best_prec 90.80999755859375
Epoch 66, l0 norm : 130804, l1 norm : 16705.384674072266
Epoch 66, min : 0.0, max : 0.8393887877464294
This epoch duration :208.09244108200073
Epoch 66, val-method base, validation accuracy 90.48999786376953, best_prec 90.80999755859375
Epoch 67, l0 norm : 130804, l1 norm : 16678.482391357422
Epoch 67, min : 0.0, max : 0.8384717702865601
This epoch duration :207.66279458999634
Epoch 67, val-method base, validation accuracy 90.29000091552734, best_prec 90.80999755859375
Epoch 68, l0 norm : 130804, l1 norm : 16653.576629638672
Epoch 68, min : 0.0, max : 0.8364346027374268
This epoch duration :207.0129861831665
Epoch 68, val-method base, validation accuracy 90.2699966430664, best_prec 90.80999755859375
Epoch 69, l0 norm : 130804, l1 norm : 16629.000076293945
Epoch 69, min : 0.0, max : 0.8349680304527283
This epoch duration :208.3863000869751
Epoch 69, val-method base, validation accuracy 90.30999755859375, best_prec 90.80999755859375
Epoch 70, l0 norm : 130804, l1 norm : 16605.405242919922
Epoch 70, min : 0.0, max : 0.834395706653595
This epoch duration :210.80831623077393
Epoch 70, val-method base, validation accuracy 90.2699966430664, best_prec 90.80999755859375
Epoch 71, l0 norm : 130804, l1 norm : 16582.58659362793
Epoch 71, min : 0.0, max : 0.8328404426574707
This epoch duration :211.36432695388794
Epoch 71, val-method base, validation accuracy 90.29000091552734, best_prec 90.80999755859375
Epoch 72, l0 norm : 130804, l1 norm : 16559.614318847656
Epoch 72, min : 0.0, max : 0.8313577175140381
This epoch duration :210.94120526313782
Epoch 72, val-method base, validation accuracy 90.31999969482422, best_prec 90.80999755859375
Epoch 73, l0 norm : 130804, l1 norm : 16538.047088623047
Epoch 73, min : 0.0, max : 0.8295321464538574
This epoch duration :208.5119137763977
Epoch 73, val-method base, validation accuracy 90.38999938964844, best_prec 90.80999755859375
Epoch 74, l0 norm : 130804, l1 norm : 16517.018844604492
Epoch 74, min : 0.0, max : 0.8276044130325317
This epoch duration :208.14056849479675
Epoch 74, val-method base, validation accuracy 90.22999572753906, best_prec 90.80999755859375
Epoch 75, l0 norm : 130804, l1 norm : 16495.840133666992
Epoch 75, min : 0.0, max : 0.8264224529266357
This epoch duration :209.29355192184448
Epoch 75, val-method base, validation accuracy 90.18000030517578, best_prec 90.80999755859375
Epoch 76, l0 norm : 130804, l1 norm : 16476.298309326172
Epoch 76, min : 0.0, max : 0.8254019618034363
This epoch duration :209.4771318435669
Epoch 76, val-method base, validation accuracy 90.16999816894531, best_prec 90.80999755859375
Epoch 77, l0 norm : 130804, l1 norm : 16457.217315673828
Epoch 77, min : 0.0, max : 0.8244199752807617
This epoch duration :210.5024712085724
Epoch 77, val-method base, validation accuracy 90.23999786376953, best_prec 90.80999755859375
Epoch 78, l0 norm : 130804, l1 norm : 16438.163299560547
Epoch 78, min : 0.0, max : 0.8232613205909729
This epoch duration :207.80548405647278
Epoch 78, val-method base, validation accuracy 90.3699951171875, best_prec 90.80999755859375
Epoch 79, l0 norm : 130804, l1 norm : 16420.16958618164
Epoch 79, min : 0.0, max : 0.8231986165046692
This epoch duration :207.34691166877747
Epoch 79, val-method base, validation accuracy 90.23999786376953, best_prec 90.80999755859375
Epoch 80, l0 norm : 130804, l1 norm : 16402.2804107666
Epoch 80, min : 0.0, max : 0.8225136399269104
This epoch duration :207.7713658809662
Epoch 80, val-method base, validation accuracy 90.25999450683594, best_prec 90.80999755859375
Epoch 81, l0 norm : 130804, l1 norm : 16384.779251098633
Epoch 81, min : 0.0, max : 0.8209195733070374
This epoch duration :210.23104119300842
Epoch 81, val-method base, validation accuracy 90.30999755859375, best_prec 90.80999755859375
Epoch 82, l0 norm : 130804, l1 norm : 16368.82876586914
Epoch 82, min : 0.0, max : 0.8196912407875061
This epoch duration :210.87561964988708
Epoch 82, val-method base, validation accuracy 90.19999694824219, best_prec 90.80999755859375
Epoch 83, l0 norm : 130804, l1 norm : 16352.582824707031
Epoch 83, min : 0.0, max : 0.8189601898193359
This epoch duration :207.87704968452454
Epoch 83, val-method base, validation accuracy 90.29999542236328, best_prec 90.80999755859375
Epoch 84, l0 norm : 130804, l1 norm : 16336.60464477539
Epoch 84, min : 0.0, max : 0.8181561827659607
This epoch duration :208.49888157844543
Epoch 84, val-method base, validation accuracy 90.25999450683594, best_prec 90.80999755859375
Epoch 85, l0 norm : 130804, l1 norm : 16321.15251159668
Epoch 85, min : 0.0, max : 0.8178759217262268
This epoch duration :210.930814743042
Epoch 85, val-method base, validation accuracy 90.23999786376953, best_prec 90.80999755859375
Epoch 86, l0 norm : 130804, l1 norm : 16306.575073242188
Epoch 86, min : 0.0, max : 0.8172610998153687
This epoch duration :210.57342004776
Epoch 86, val-method base, validation accuracy 90.22999572753906, best_prec 90.80999755859375
Epoch 87, l0 norm : 130804, l1 norm : 16291.208129882812
Epoch 87, min : 0.0, max : 0.816572904586792
This epoch duration :209.24103617668152
Epoch 87, val-method base, validation accuracy 90.25999450683594, best_prec 90.80999755859375
Epoch 88, l0 norm : 130804, l1 norm : 16276.755645751953
Epoch 88, min : 0.0, max : 0.8160030841827393
This epoch duration :210.49261903762817
Epoch 88, val-method base, validation accuracy 90.25, best_prec 90.80999755859375
Epoch 89, l0 norm : 130804, l1 norm : 16262.568420410156
Epoch 89, min : 0.0, max : 0.8149776458740234
This epoch duration :210.7596378326416
Epoch 89, val-method base, validation accuracy 90.2699966430664, best_prec 90.80999755859375
Epoch 90, l0 norm : 130804, l1 norm : 16248.955596923828
Epoch 90, min : 0.0, max : 0.8145480155944824
This epoch duration :210.6929750442505
Epoch 90, val-method base, validation accuracy 90.25, best_prec 90.80999755859375
Epoch 91, l0 norm : 130804, l1 norm : 16235.187683105469
Epoch 91, min : 0.0, max : 0.8144495487213135
This epoch duration :211.0345356464386
Epoch 91, val-method base, validation accuracy 90.25, best_prec 90.80999755859375
Epoch 92, l0 norm : 130804, l1 norm : 16221.580871582031
Epoch 92, min : 0.0, max : 0.8138108849525452
This epoch duration :210.29181671142578
Epoch 92, val-method base, validation accuracy 90.27999877929688, best_prec 90.80999755859375
Epoch 93, l0 norm : 130804, l1 norm : 16208.728729248047
Epoch 93, min : 0.0, max : 0.8131944537162781
This epoch duration :210.77720093727112
Epoch 93, val-method base, validation accuracy 90.23999786376953, best_prec 90.80999755859375
Epoch 94, l0 norm : 130804, l1 norm : 16195.886932373047
Epoch 94, min : 0.0, max : 0.8130849599838257
This epoch duration :209.5294530391693
Epoch 94, val-method base, validation accuracy 90.29000091552734, best_prec 90.80999755859375
Epoch 95, l0 norm : 130804, l1 norm : 16183.349426269531
Epoch 95, min : 0.0, max : 0.8127598762512207
This epoch duration :200.34005784988403
Epoch 95, val-method base, validation accuracy 90.27999877929688, best_prec 90.80999755859375
Epoch 96, l0 norm : 130804, l1 norm : 16170.93620300293
Epoch 96, min : 0.0, max : 0.8123120665550232
This epoch duration :196.49278807640076
Epoch 96, val-method base, validation accuracy 90.27999877929688, best_prec 90.80999755859375
Epoch 97, l0 norm : 130804, l1 norm : 16158.712020874023
Epoch 97, min : 0.0, max : 0.8118802905082703
This epoch duration :184.4325876235962
Epoch 97, val-method base, validation accuracy 90.30999755859375, best_prec 90.80999755859375
Epoch 98, l0 norm : 130804, l1 norm : 16147.492553710938
Epoch 98, min : 0.0, max : 0.8116307258605957
This epoch duration :159.87022829055786
Epoch 98, val-method base, validation accuracy 90.29999542236328, best_prec 90.80999755859375
Epoch 99, l0 norm : 130804, l1 norm : 16135.707916259766
Epoch 99, min : 0.0, max : 0.8108838796615601
This epoch duration :89.3433952331543
Epoch 99, val-method base, validation accuracy 90.22999572753906, best_prec 90.80999755859375
