Namespace(configs='configs/CIFAR10/pen_bip_1.yml', result_dir='./trained_models', exp_name='RC_pb1_17', exp_mode='prune', arch='resnet18', num_classes=10, layer_type='unstructured', k=None, lambd=0.9999997, alpha=1.0, scaled_score_init=True, scale_rand_init=False, freeze_bn=False, source_net='trained_models/CIFAR10_resnet18_Pretrain/pretrain/latest_exp/checkpoint/model_best.pth.tar', scores_init_type=None, dataset='CIFAR10', batch_size=128, num_workers=2, test_batch_size=128, normalize=True, data_dir='./data', image_dim=32, trainer='penalized_bilevel_1', epochs=100, optimizer='sgd', wd=0.0001, mask_lr=0.1, lr=0.1, mask_lr_schedule='step', lr_schedule='cosine', momentum=0.9, warmup_epochs=0, warmup_lr=0.1, save_dense=False, evaluate=False, val_method='base', resume='', seed=1234, print_freq=100, lr2=0.0001, accelerate=False)
=> loading source model from 'trained_models/CIFAR10_resnet18_Pretrain/pretrain/latest_exp/checkpoint/model_best.pth.tar'
=> loaded checkpoint 'trained_models/CIFAR10_resnet18_Pretrain/pretrain/latest_exp/checkpoint/model_best.pth.tar'
Epoch 0, l0 norm : 5935718, l1 norm : 1619788.9472351074
Epoch 0, min : 0.0, max : 0.7350590825080872
This epoch duration :1499.7589452266693
Epoch 0, val-method base, validation accuracy 67.54000091552734, best_prec 67.54000091552734
Epoch 1, l0 norm : 5944461, l1 norm : 1664816.6456298828
Epoch 1, min : 0.0, max : 0.7733229398727417
This epoch duration :1485.2187509536743
Epoch 1, val-method base, validation accuracy 83.20999908447266, best_prec 83.20999908447266
Epoch 2, l0 norm : 5947122, l1 norm : 1676480.2377319336
Epoch 2, min : 0.0, max : 0.7988373041152954
This epoch duration :1487.8721902370453
Epoch 2, val-method base, validation accuracy 86.75, best_prec 86.75
Epoch 3, l0 norm : 5948414, l1 norm : 1682628.6948547363
Epoch 3, min : 0.0, max : 0.8023308515548706
This epoch duration :1484.5253093242645
Epoch 3, val-method base, validation accuracy 84.06999969482422, best_prec 86.75
Epoch 4, l0 norm : 5949178, l1 norm : 1684779.5739440918
Epoch 4, min : 0.0, max : 0.7943680882453918
This epoch duration :1481.5795147418976
Epoch 4, val-method base, validation accuracy 88.6500015258789, best_prec 88.6500015258789
Epoch 5, l0 norm : 5949731, l1 norm : 1685998.7839355469
Epoch 5, min : 0.0, max : 0.7968964576721191
This epoch duration :1482.4376242160797
Epoch 5, val-method base, validation accuracy 89.55999755859375, best_prec 89.55999755859375
Epoch 6, l0 norm : 5950309, l1 norm : 1688788.841369629
Epoch 6, min : 0.0, max : 0.7991987466812134
This epoch duration :1484.9982430934906
Epoch 6, val-method base, validation accuracy 89.16999816894531, best_prec 89.55999755859375
Epoch 7, l0 norm : 5950639, l1 norm : 1689809.8862304688
Epoch 7, min : 0.0, max : 0.7979217767715454
This epoch duration :1485.9212670326233
Epoch 7, val-method base, validation accuracy 90.47000122070312, best_prec 90.47000122070312
Epoch 8, l0 norm : 5950885, l1 norm : 1690717.8077087402
Epoch 8, min : 0.0, max : 0.789125919342041
This epoch duration :1487.294273853302
Epoch 8, val-method base, validation accuracy 91.06999969482422, best_prec 91.06999969482422
Epoch 9, l0 norm : 5951115, l1 norm : 1691343.9817810059
Epoch 9, min : 0.0, max : 0.7853723168373108
This epoch duration :1488.2422695159912
Epoch 9, val-method base, validation accuracy 90.79999542236328, best_prec 91.06999969482422
Epoch 10, l0 norm : 5951282, l1 norm : 1691210.8963928223
Epoch 10, min : 0.0, max : 0.7884162664413452
This epoch duration :1491.1147480010986
Epoch 10, val-method base, validation accuracy 90.80999755859375, best_prec 91.06999969482422
Epoch 11, l0 norm : 5951441, l1 norm : 1691130.7601013184
Epoch 11, min : 0.0, max : 0.7916415333747864
This epoch duration :1487.3055999279022
Epoch 11, val-method base, validation accuracy 90.79999542236328, best_prec 91.06999969482422
Epoch 12, l0 norm : 5951551, l1 norm : 1690967.6425170898
Epoch 12, min : 0.0, max : 0.7872500419616699
This epoch duration :1487.9490973949432
Epoch 12, val-method base, validation accuracy 90.83999633789062, best_prec 91.06999969482422
Epoch 13, l0 norm : 5951677, l1 norm : 1690923.635192871
Epoch 13, min : 0.0, max : 0.7801406979560852
This epoch duration :1487.2238895893097
Epoch 13, val-method base, validation accuracy 91.0999984741211, best_prec 91.0999984741211
Epoch 14, l0 norm : 5951777, l1 norm : 1691118.8158874512
Epoch 14, min : 0.0, max : 0.7764852643013
This epoch duration :1486.0808289051056
Epoch 14, val-method base, validation accuracy 91.04000091552734, best_prec 91.0999984741211
Epoch 15, l0 norm : 5951868, l1 norm : 1691610.3742980957
Epoch 15, min : 0.0, max : 0.7755968570709229
This epoch duration :1486.797801733017
Epoch 15, val-method base, validation accuracy 91.38999938964844, best_prec 91.38999938964844
Epoch 16, l0 norm : 5951923, l1 norm : 1691842.5207519531
Epoch 16, min : 0.0, max : 0.7678526639938354
This epoch duration :1487.071787595749
Epoch 16, val-method base, validation accuracy 91.5999984741211, best_prec 91.5999984741211
Epoch 17, l0 norm : 5951967, l1 norm : 1691907.7731628418
Epoch 17, min : 0.0, max : 0.7680230736732483
This epoch duration :1488.345873594284
Epoch 17, val-method base, validation accuracy 92.08999633789062, best_prec 92.08999633789062
Epoch 18, l0 norm : 5952025, l1 norm : 1691863.7086791992
Epoch 18, min : 0.0, max : 0.7631612420082092
This epoch duration :1488.794713973999
Epoch 18, val-method base, validation accuracy 91.2699966430664, best_prec 92.08999633789062
Epoch 19, l0 norm : 5952075, l1 norm : 1691921.300415039
Epoch 19, min : 0.0, max : 0.7596009969711304
This epoch duration :1487.27618932724
Epoch 19, val-method base, validation accuracy 91.00999450683594, best_prec 92.08999633789062
Epoch 20, l0 norm : 5952101, l1 norm : 1691316.184173584
Epoch 20, min : 0.0, max : 0.7567528486251831
This epoch duration :1491.3588395118713
Epoch 20, val-method base, validation accuracy 91.54999542236328, best_prec 92.08999633789062
Epoch 21, l0 norm : 5952127, l1 norm : 1690919.317932129
Epoch 21, min : 0.0, max : 0.7565672993659973
This epoch duration :1490.7453181743622
Epoch 21, val-method base, validation accuracy 91.66999816894531, best_prec 92.08999633789062
Epoch 22, l0 norm : 5952157, l1 norm : 1690746.8860778809
Epoch 22, min : 0.0, max : 0.7602487206459045
This epoch duration :1489.7699120044708
Epoch 22, val-method base, validation accuracy 91.47000122070312, best_prec 92.08999633789062
Epoch 23, l0 norm : 5952169, l1 norm : 1690584.034362793
Epoch 23, min : 0.0, max : 0.7579252123832703
This epoch duration :1487.8381295204163
Epoch 23, val-method base, validation accuracy 92.1199951171875, best_prec 92.1199951171875
Epoch 24, l0 norm : 5952198, l1 norm : 1690286.629486084
Epoch 24, min : 0.0, max : 0.7560898661613464
This epoch duration :1484.6927552223206
Epoch 24, val-method base, validation accuracy 91.75999450683594, best_prec 92.1199951171875
Epoch 25, l0 norm : 5952217, l1 norm : 1690158.4521484375
Epoch 25, min : 0.0, max : 0.7604106068611145
This epoch duration :1489.1367392539978
Epoch 25, val-method base, validation accuracy 92.33999633789062, best_prec 92.33999633789062
Epoch 26, l0 norm : 5952246, l1 norm : 1689918.4089660645
Epoch 26, min : 0.0, max : 0.7586595416069031
This epoch duration :1489.445803642273
Epoch 26, val-method base, validation accuracy 91.06999969482422, best_prec 92.33999633789062
Epoch 27, l0 norm : 5952253, l1 norm : 1689289.273010254
Epoch 27, min : 0.0, max : 0.7583589553833008
This epoch duration :1482.412303686142
Epoch 27, val-method base, validation accuracy 91.72000122070312, best_prec 92.33999633789062
Epoch 28, l0 norm : 5952264, l1 norm : 1688711.7901000977
Epoch 28, min : 0.0, max : 0.7584348917007446
This epoch duration :1483.8182499408722
Epoch 28, val-method base, validation accuracy 92.16999816894531, best_prec 92.33999633789062
Epoch 29, l0 norm : 5952275, l1 norm : 1688378.5840454102
Epoch 29, min : 0.0, max : 0.7596854567527771
This epoch duration :1485.8790776729584
Epoch 29, val-method base, validation accuracy 92.08999633789062, best_prec 92.33999633789062
Epoch 30, l0 norm : 5952290, l1 norm : 1688042.2388000488
Epoch 30, min : 0.0, max : 0.7616280913352966
This epoch duration :1484.2119421958923
Epoch 30, val-method base, validation accuracy 92.29000091552734, best_prec 92.33999633789062
Epoch 31, l0 norm : 5952303, l1 norm : 1687861.8004760742
Epoch 31, min : 0.0, max : 0.7622780799865723
This epoch duration :1491.726145029068
Epoch 31, val-method base, validation accuracy 90.93000030517578, best_prec 92.33999633789062
Epoch 32, l0 norm : 5952305, l1 norm : 1687195.762512207
Epoch 32, min : 0.0, max : 0.7633355259895325
This epoch duration :1488.879955291748
Epoch 32, val-method base, validation accuracy 92.44999694824219, best_prec 92.44999694824219
Epoch 33, l0 norm : 5952309, l1 norm : 1686630.2142028809
Epoch 33, min : 0.0, max : 0.766685426235199
This epoch duration :1485.9824092388153
Epoch 33, val-method base, validation accuracy 91.73999786376953, best_prec 92.44999694824219
Epoch 34, l0 norm : 5952310, l1 norm : 1686305.5122680664
Epoch 34, min : 0.0, max : 0.7658632397651672
This epoch duration :1485.1036615371704
Epoch 34, val-method base, validation accuracy 91.95999908447266, best_prec 92.44999694824219
Epoch 35, l0 norm : 5952311, l1 norm : 1685529.6986083984
Epoch 35, min : 0.0, max : 0.7655161023139954
This epoch duration :1490.4321801662445
Epoch 35, val-method base, validation accuracy 91.36000061035156, best_prec 92.44999694824219
Epoch 36, l0 norm : 5952317, l1 norm : 1684933.0526733398
Epoch 36, min : 0.0, max : 0.7676557302474976
This epoch duration :1490.5904066562653
Epoch 36, val-method base, validation accuracy 93.04999542236328, best_prec 93.04999542236328
Epoch 37, l0 norm : 5952321, l1 norm : 1684481.6401367188
Epoch 37, min : 0.0, max : 0.7659332752227783
This epoch duration :1485.8989267349243
Epoch 37, val-method base, validation accuracy 92.58999633789062, best_prec 93.04999542236328
Epoch 38, l0 norm : 5952327, l1 norm : 1683526.5211791992
Epoch 38, min : 0.0, max : 0.7678044438362122
This epoch duration :1485.2286014556885
Epoch 38, val-method base, validation accuracy 92.91999816894531, best_prec 93.04999542236328
Epoch 39, l0 norm : 5952333, l1 norm : 1682892.7800292969
Epoch 39, min : 0.0, max : 0.7660033106803894
This epoch duration :1488.695812702179
Epoch 39, val-method base, validation accuracy 92.64999389648438, best_prec 93.04999542236328
Epoch 40, l0 norm : 5952335, l1 norm : 1681756.357574463
Epoch 40, min : 0.0, max : 0.7649731040000916
This epoch duration :1488.7287952899933
Epoch 40, val-method base, validation accuracy 92.36000061035156, best_prec 93.04999542236328
Epoch 41, l0 norm : 5952336, l1 norm : 1680851.9128112793
Epoch 41, min : 0.0, max : 0.7645959854125977
This epoch duration :1484.8179445266724
Epoch 41, val-method base, validation accuracy 92.66999816894531, best_prec 93.04999542236328
Epoch 42, l0 norm : 5952338, l1 norm : 1679939.3420410156
Epoch 42, min : 0.0, max : 0.765418291091919
This epoch duration :1486.2229743003845
Epoch 42, val-method base, validation accuracy 92.68000030517578, best_prec 93.04999542236328
Epoch 43, l0 norm : 5952339, l1 norm : 1678764.7539672852
Epoch 43, min : 0.0, max : 0.76595538854599
This epoch duration :1485.8043899536133
Epoch 43, val-method base, validation accuracy 93.31999969482422, best_prec 93.31999969482422
Epoch 44, l0 norm : 5952340, l1 norm : 1677563.5921936035
Epoch 44, min : 0.0, max : 0.7670139074325562
This epoch duration :1484.7687075138092
Epoch 44, val-method base, validation accuracy 93.00999450683594, best_prec 93.31999969482422
Epoch 45, l0 norm : 5952340, l1 norm : 1675960.4858398438
Epoch 45, min : 0.0, max : 0.76658034324646
This epoch duration :1484.2126941680908
Epoch 45, val-method base, validation accuracy 92.82999420166016, best_prec 93.31999969482422
Epoch 46, l0 norm : 5952342, l1 norm : 1674906.8220214844
Epoch 46, min : 0.0, max : 0.7665048837661743
This epoch duration :1484.3535251617432
Epoch 46, val-method base, validation accuracy 92.79999542236328, best_prec 93.31999969482422
Epoch 47, l0 norm : 5952342, l1 norm : 1673326.615386963
Epoch 47, min : 0.0, max : 0.7670654654502869
This epoch duration :1484.3051998615265
Epoch 47, val-method base, validation accuracy 92.79999542236328, best_prec 93.31999969482422
Epoch 48, l0 norm : 5952343, l1 norm : 1671863.2507629395
Epoch 48, min : 0.0, max : 0.7684128284454346
This epoch duration :1483.7911159992218
Epoch 48, val-method base, validation accuracy 93.04000091552734, best_prec 93.31999969482422
Epoch 49, l0 norm : 5952343, l1 norm : 1669484.7890625
Epoch 49, min : 0.0, max : 0.7707037329673767
This epoch duration :1481.8029029369354
Epoch 49, val-method base, validation accuracy 93.04000091552734, best_prec 93.31999969482422
Epoch 50, l0 norm : 5952343, l1 norm : 1668135.8548278809
Epoch 50, min : 0.0, max : 0.7703752517700195
This epoch duration :1487.0964925289154
Epoch 50, val-method base, validation accuracy 93.00999450683594, best_prec 93.31999969482422
Epoch 51, l0 norm : 5952345, l1 norm : 1665698.3668518066
Epoch 51, min : 0.0, max : 0.7724961042404175
This epoch duration :1481.077577829361
Epoch 51, val-method base, validation accuracy 92.77999877929688, best_prec 93.31999969482422
Epoch 52, l0 norm : 5952346, l1 norm : 1663129.2293701172
Epoch 52, min : 0.0, max : 0.772300660610199
This epoch duration :1484.5413811206818
Epoch 52, val-method base, validation accuracy 92.54999542236328, best_prec 93.31999969482422
Epoch 53, l0 norm : 5952347, l1 norm : 1660542.3678894043
Epoch 53, min : 0.0, max : 0.7735278010368347
This epoch duration :1485.3971107006073
Epoch 53, val-method base, validation accuracy 93.3499984741211, best_prec 93.3499984741211
Epoch 54, l0 norm : 5952348, l1 norm : 1658204.9686279297
Epoch 54, min : 0.0, max : 0.7737553119659424
This epoch duration :1484.391842842102
Epoch 54, val-method base, validation accuracy 93.36000061035156, best_prec 93.36000061035156
Epoch 55, l0 norm : 5952349, l1 norm : 1655318.8397216797
Epoch 55, min : 0.0, max : 0.7731607556343079
This epoch duration :1483.195493221283
Epoch 55, val-method base, validation accuracy 93.0, best_prec 93.36000061035156
Epoch 56, l0 norm : 5952349, l1 norm : 1651907.6630249023
Epoch 56, min : 0.0, max : 0.7743739485740662
This epoch duration :1485.9981594085693
Epoch 56, val-method base, validation accuracy 93.29999542236328, best_prec 93.36000061035156
Epoch 57, l0 norm : 5952350, l1 norm : 1649573.929321289
Epoch 57, min : 0.0, max : 0.775353729724884
This epoch duration :1491.2052328586578
Epoch 57, val-method base, validation accuracy 93.15999603271484, best_prec 93.36000061035156
Epoch 58, l0 norm : 5952350, l1 norm : 1645571.5326538086
Epoch 58, min : 0.0, max : 0.7741430997848511
This epoch duration :1488.2375309467316
Epoch 58, val-method base, validation accuracy 93.79000091552734, best_prec 93.79000091552734
Epoch 59, l0 norm : 5952353, l1 norm : 1640997.6596069336
Epoch 59, min : 0.0, max : 0.7773012518882751
This epoch duration :1488.2218878269196
Epoch 59, val-method base, validation accuracy 93.54999542236328, best_prec 93.79000091552734
Epoch 60, l0 norm : 5952354, l1 norm : 1636716.2005615234
Epoch 60, min : 0.0, max : 0.7781163454055786
This epoch duration :1478.527049779892
Epoch 60, val-method base, validation accuracy 93.8699951171875, best_prec 93.8699951171875
Epoch 61, l0 norm : 5952354, l1 norm : 1631144.5968017578
Epoch 61, min : 0.0, max : 0.7788312435150146
This epoch duration :1475.1915800571442
Epoch 61, val-method base, validation accuracy 93.95999908447266, best_prec 93.95999908447266
Epoch 62, l0 norm : 5952355, l1 norm : 1624391.4867858887
Epoch 62, min : 0.0, max : 0.7799956202507019
This epoch duration :1488.520217180252
Epoch 62, val-method base, validation accuracy 94.25999450683594, best_prec 94.25999450683594
Epoch 63, l0 norm : 5952355, l1 norm : 1617418.6744995117
Epoch 63, min : 0.0, max : 0.7826892137527466
This epoch duration :1486.804349899292
Epoch 63, val-method base, validation accuracy 93.81999969482422, best_prec 94.25999450683594
Epoch 64, l0 norm : 5952355, l1 norm : 1610812.3802490234
Epoch 64, min : 0.0, max : 0.7830018401145935
This epoch duration :1487.9382953643799
Epoch 64, val-method base, validation accuracy 94.23999786376953, best_prec 94.25999450683594
Epoch 65, l0 norm : 5952356, l1 norm : 1602430.1386413574
Epoch 65, min : 0.0, max : 0.7839124798774719
This epoch duration :1490.1211194992065
Epoch 65, val-method base, validation accuracy 94.44999694824219, best_prec 94.44999694824219
Epoch 66, l0 norm : 5952356, l1 norm : 1594131.2480163574
Epoch 66, min : 0.0, max : 0.7856109142303467
This epoch duration :1484.5106046199799
Epoch 66, val-method base, validation accuracy 94.0, best_prec 94.44999694824219
Epoch 67, l0 norm : 5952356, l1 norm : 1584420.2448730469
Epoch 67, min : 0.0, max : 0.787390410900116
This epoch duration :1483.2264375686646
Epoch 67, val-method base, validation accuracy 94.5199966430664, best_prec 94.5199966430664
Epoch 68, l0 norm : 5952356, l1 norm : 1572251.0565795898
Epoch 68, min : 0.0, max : 0.7890227437019348
This epoch duration :1482.5106358528137
Epoch 68, val-method base, validation accuracy 94.25, best_prec 94.5199966430664
Epoch 69, l0 norm : 5952356, l1 norm : 1559561.5765686035
Epoch 69, min : 0.0, max : 0.7905802726745605
This epoch duration :1484.0979821681976
Epoch 69, val-method base, validation accuracy 94.22000122070312, best_prec 94.5199966430664
Epoch 70, l0 norm : 5952356, l1 norm : 1547136.7912597656
Epoch 70, min : 0.0, max : 0.7920739054679871
This epoch duration :1482.90167760849
Epoch 70, val-method base, validation accuracy 94.54000091552734, best_prec 94.54000091552734
Epoch 71, l0 norm : 5952356, l1 norm : 1534384.6131591797
Epoch 71, min : 0.0, max : 0.7940744757652283
This epoch duration :1489.412513256073
Epoch 71, val-method base, validation accuracy 94.54999542236328, best_prec 94.54999542236328
Epoch 72, l0 norm : 5952356, l1 norm : 1519717.528930664
Epoch 72, min : 0.0, max : 0.7957106828689575
This epoch duration :1490.0838029384613
Epoch 72, val-method base, validation accuracy 94.44999694824219, best_prec 94.54999542236328
Epoch 73, l0 norm : 5952357, l1 norm : 1505698.0527038574
Epoch 73, min : 0.0, max : 0.7961845993995667
This epoch duration :1489.7412385940552
Epoch 73, val-method base, validation accuracy 94.50999450683594, best_prec 94.54999542236328
Epoch 74, l0 norm : 5952357, l1 norm : 1489476.9131469727
Epoch 74, min : 0.0, max : 0.7992605566978455
This epoch duration :1491.7241911888123
Epoch 74, val-method base, validation accuracy 94.65999603271484, best_prec 94.65999603271484
Epoch 75, l0 norm : 5952357, l1 norm : 1472179.2914733887
Epoch 75, min : 0.0, max : 0.8022362589836121
This epoch duration :1474.7857882976532
Epoch 75, val-method base, validation accuracy 94.5999984741211, best_prec 94.65999603271484
Epoch 76, l0 norm : 5952357, l1 norm : 1455745.9705200195
Epoch 76, min : 0.0, max : 0.8039065599441528
This epoch duration :1489.4551603794098
Epoch 76, val-method base, validation accuracy 94.63999938964844, best_prec 94.65999603271484
Epoch 77, l0 norm : 5952357, l1 norm : 1439612.0456542969
Epoch 77, min : 0.0, max : 0.8062290549278259
This epoch duration :1489.8860485553741
Epoch 77, val-method base, validation accuracy 94.81999969482422, best_prec 94.81999969482422
Epoch 78, l0 norm : 5952357, l1 norm : 1422891.9798583984
Epoch 78, min : 0.0, max : 0.8093003630638123
This epoch duration :1487.4289848804474
Epoch 78, val-method base, validation accuracy 94.72999572753906, best_prec 94.81999969482422
Epoch 79, l0 norm : 5952357, l1 norm : 1406921.8461914062
Epoch 79, min : 0.0, max : 0.8116869926452637
This epoch duration :1487.4775259494781
Epoch 79, val-method base, validation accuracy 94.82999420166016, best_prec 94.82999420166016
Epoch 80, l0 norm : 5952357, l1 norm : 1390271.4798278809
Epoch 80, min : 0.0, max : 0.8144268989562988
This epoch duration :1484.8255422115326
Epoch 80, val-method base, validation accuracy 94.86000061035156, best_prec 94.86000061035156
Epoch 81, l0 norm : 5952357, l1 norm : 1373485.2833862305
Epoch 81, min : 0.0, max : 0.8170657157897949
This epoch duration :1481.8807017803192
Epoch 81, val-method base, validation accuracy 94.8499984741211, best_prec 94.86000061035156
Epoch 82, l0 norm : 5952357, l1 norm : 1357280.3885803223
Epoch 82, min : 0.0, max : 0.8195483088493347
This epoch duration :1487.4190306663513
Epoch 82, val-method base, validation accuracy 94.91999816894531, best_prec 94.91999816894531
Epoch 83, l0 norm : 5952357, l1 norm : 1341145.4331054688
Epoch 83, min : 0.0, max : 0.822245180606842
This epoch duration :1483.585910320282
Epoch 83, val-method base, validation accuracy 94.88999938964844, best_prec 94.91999816894531
Epoch 84, l0 norm : 5952357, l1 norm : 1324517.603881836
Epoch 84, min : 0.0, max : 0.8244880437850952
This epoch duration :1468.4638876914978
Epoch 84, val-method base, validation accuracy 94.90999603271484, best_prec 94.91999816894531
Epoch 85, l0 norm : 5952357, l1 norm : 1308131.0560302734
Epoch 85, min : 0.0, max : 0.8270688056945801
This epoch duration :1491.009484052658
Epoch 85, val-method base, validation accuracy 94.8499984741211, best_prec 94.91999816894531
Epoch 86, l0 norm : 5952357, l1 norm : 1292735.984161377
Epoch 86, min : 0.0, max : 0.8293840885162354
This epoch duration :1482.8676133155823
Epoch 86, val-method base, validation accuracy 94.8699951171875, best_prec 94.91999816894531
Epoch 87, l0 norm : 5952358, l1 norm : 1277272.1796264648
Epoch 87, min : 0.0, max : 0.8318527936935425
This epoch duration :1488.855584859848
Epoch 87, val-method base, validation accuracy 94.94999694824219, best_prec 94.94999694824219
Epoch 88, l0 norm : 5952358, l1 norm : 1262297.3151245117
Epoch 88, min : 0.0, max : 0.8342371582984924
This epoch duration :1482.4709739685059
Epoch 88, val-method base, validation accuracy 95.0, best_prec 95.0
Epoch 89, l0 norm : 5952358, l1 norm : 1247550.0114135742
Epoch 89, min : 0.0, max : 0.8365445137023926
This epoch duration :1489.117133140564
Epoch 89, val-method base, validation accuracy 94.98999786376953, best_prec 95.0
Epoch 90, l0 norm : 5952358, l1 norm : 1232817.2282714844
Epoch 90, min : 0.0, max : 0.8383282423019409
This epoch duration :1486.164300918579
Epoch 90, val-method base, validation accuracy 94.97000122070312, best_prec 95.0
Epoch 91, l0 norm : 5952358, l1 norm : 1218532.3194885254
Epoch 91, min : 0.0, max : 0.840164840221405
This epoch duration :1488.5094842910767
Epoch 91, val-method base, validation accuracy 94.97999572753906, best_prec 95.0
Epoch 92, l0 norm : 5952359, l1 norm : 1204625.7908935547
Epoch 92, min : 0.0, max : 0.8420518040657043
This epoch duration :1486.0826997756958
Epoch 92, val-method base, validation accuracy 94.95999908447266, best_prec 95.0
Epoch 93, l0 norm : 5952359, l1 norm : 1191117.1264648438
Epoch 93, min : 0.0, max : 0.8438794612884521
This epoch duration :1488.9831659793854
Epoch 93, val-method base, validation accuracy 95.0, best_prec 95.0
Epoch 94, l0 norm : 5952361, l1 norm : 1178599.3690185547
Epoch 94, min : 0.0, max : 0.8455950617790222
This epoch duration :1487.54004073143
Epoch 94, val-method base, validation accuracy 94.97999572753906, best_prec 95.0
Epoch 95, l0 norm : 5952361, l1 norm : 1165852.6731567383
Epoch 95, min : 0.0, max : 0.8470447659492493
This epoch duration :1490.1215555667877
Epoch 95, val-method base, validation accuracy 94.90999603271484, best_prec 95.0
Epoch 96, l0 norm : 5952361, l1 norm : 1154207.3565063477
Epoch 96, min : 0.0, max : 0.8479808568954468
This epoch duration :1489.9024529457092
Epoch 96, val-method base, validation accuracy 94.90999603271484, best_prec 95.0
Epoch 97, l0 norm : 5952362, l1 norm : 1142794.2971191406
Epoch 97, min : 0.0, max : 0.8491455912590027
This epoch duration :1482.124664068222
Epoch 97, val-method base, validation accuracy 94.88999938964844, best_prec 95.0
Epoch 98, l0 norm : 5952362, l1 norm : 1131675.9043579102
Epoch 98, min : 0.0, max : 0.8502755761146545
This epoch duration :1261.050220966339
Epoch 98, val-method base, validation accuracy 94.94999694824219, best_prec 95.0
Epoch 99, l0 norm : 5952362, l1 norm : 1120588.3314208984
Epoch 99, min : 0.0, max : 0.8515750765800476
This epoch duration :849.9487278461456
Epoch 99, val-method base, validation accuracy 94.94999694824219, best_prec 95.0
