Namespace(configs='configs/CIFAR10/pen_bip_3.yml', result_dir='./trained_models', exp_name='RC_pb3_l6k02', exp_mode='prune', arch='resnet18', num_classes=10, layer_type='unstructured', k=0.2, lambd=0.999999, alpha=1.0, scaled_score_init=True, scale_rand_init=False, freeze_bn=False, source_net='trained_models/CIFAR10_resnet18_Pretrain/pretrain/latest_exp/checkpoint/model_best.pth.tar', scores_init_type=None, dataset='CIFAR10', batch_size=128, num_workers=2, test_batch_size=128, normalize=True, data_dir='./data', image_dim=32, trainer='penalized_bilevel_3', epochs=100, optimizer='sgd', wd=0.0001, mask_lr=0.1, lr=0.1, mask_lr_schedule='step', lr_schedule='cosine', momentum=0.9, warmup_epochs=0, warmup_lr=0.1, save_dense=False, evaluate=False, val_method='base', resume='', seed=1234, print_freq=100, lr2=0.0001, accelerate=False)
=> loading source model from 'trained_models/CIFAR10_resnet18_Pretrain/pretrain/latest_exp/checkpoint/model_best.pth.tar'
=> loaded checkpoint 'trained_models/CIFAR10_resnet18_Pretrain/pretrain/latest_exp/checkpoint/model_best.pth.tar'
Epoch 0, l0 norm : 1609193, l1 norm : 839900.5796661377
Epoch 0, min : 0.0, max : 0.9871258735656738
This epoch duration :2413.7238416671753
Epoch 0, val-method base, validation accuracy 28.209999084472656, best_prec 28.209999084472656
Epoch 1, l0 norm : 1609193, l1 norm : 822900.4180297852
Epoch 1, min : 0.0, max : 0.9744598865509033
This epoch duration :2407.88135099411
Epoch 1, val-method base, validation accuracy 41.39999771118164, best_prec 41.39999771118164
Epoch 2, l0 norm : 1609193, l1 norm : 806229.5331420898
Epoch 2, min : 0.0, max : 0.9620466828346252
This epoch duration :2409.2534036636353
Epoch 2, val-method base, validation accuracy 50.439998626708984, best_prec 50.439998626708984
Epoch 3, l0 norm : 1609193, l1 norm : 789217.452835083
Epoch 3, min : 0.0, max : 0.9498899579048157
This epoch duration :2409.4181966781616
Epoch 3, val-method base, validation accuracy 58.79999923706055, best_prec 58.79999923706055
Epoch 4, l0 norm : 1609193, l1 norm : 772715.9375457764
Epoch 4, min : 0.0, max : 0.9379942417144775
This epoch duration :2408.33563041687
Epoch 4, val-method base, validation accuracy 60.63999938964844, best_prec 60.63999938964844
Epoch 5, l0 norm : 1609193, l1 norm : 756305.6236419678
Epoch 5, min : 0.0, max : 0.926362931728363
This epoch duration :2409.1179852485657
Epoch 5, val-method base, validation accuracy 65.40999603271484, best_prec 65.40999603271484
Epoch 6, l0 norm : 1609193, l1 norm : 740628.6962890625
Epoch 6, min : 0.0, max : 0.9149988889694214
This epoch duration :2409.1264128684998
Epoch 6, val-method base, validation accuracy 65.04000091552734, best_prec 65.40999603271484
Epoch 7, l0 norm : 1609193, l1 norm : 725686.9686279297
Epoch 7, min : 0.0, max : 0.9039047956466675
This epoch duration :2409.4650201797485
Epoch 7, val-method base, validation accuracy 67.62999725341797, best_prec 67.62999725341797
Epoch 8, l0 norm : 1609193, l1 norm : 711368.1396026611
Epoch 8, min : 0.0, max : 0.8930832147598267
This epoch duration :2409.6557643413544
Epoch 8, val-method base, validation accuracy 69.54999542236328, best_prec 69.54999542236328
Epoch 9, l0 norm : 1609193, l1 norm : 697675.5157165527
Epoch 9, min : 0.0, max : 0.8825358152389526
This epoch duration :2409.7657084465027
Epoch 9, val-method base, validation accuracy 71.97999572753906, best_prec 71.97999572753906
Epoch 10, l0 norm : 1609193, l1 norm : 684735.0409851074
Epoch 10, min : 0.0, max : 0.8722634315490723
This epoch duration :2409.7962942123413
Epoch 10, val-method base, validation accuracy 74.80999755859375, best_prec 74.80999755859375
Epoch 11, l0 norm : 1609193, l1 norm : 672392.6206359863
Epoch 11, min : 0.0, max : 0.8622668981552124
This epoch duration :2411.14067029953
Epoch 11, val-method base, validation accuracy 76.22000122070312, best_prec 76.22000122070312
Epoch 12, l0 norm : 1609193, l1 norm : 660571.707321167
Epoch 12, min : 0.0, max : 0.8525470495223999
This epoch duration :2412.180700302124
Epoch 12, val-method base, validation accuracy 75.31999969482422, best_prec 76.22000122070312
Epoch 13, l0 norm : 1609193, l1 norm : 649296.1714782715
Epoch 13, min : 0.0, max : 0.8431037068367004
This epoch duration :2413.272198677063
Epoch 13, val-method base, validation accuracy 78.97000122070312, best_prec 78.97000122070312
Epoch 14, l0 norm : 1609193, l1 norm : 638393.5532836914
Epoch 14, min : 0.0, max : 0.8339367508888245
This epoch duration :2411.855945110321
Epoch 14, val-method base, validation accuracy 76.93000030517578, best_prec 78.97000122070312
Epoch 15, l0 norm : 1609193, l1 norm : 628062.4132385254
Epoch 15, min : 0.0, max : 0.8250459432601929
This epoch duration :2413.189519882202
Epoch 15, val-method base, validation accuracy 79.2699966430664, best_prec 79.2699966430664
Epoch 16, l0 norm : 1609193, l1 norm : 618044.2597808838
Epoch 16, min : 0.0, max : 0.8164296746253967
This epoch duration :2412.697052717209
Epoch 16, val-method base, validation accuracy 79.30999755859375, best_prec 79.30999755859375
Epoch 17, l0 norm : 1609193, l1 norm : 608546.5183410645
Epoch 17, min : 0.0, max : 0.8080877661705017
This epoch duration :2413.388500213623
Epoch 17, val-method base, validation accuracy 80.43999481201172, best_prec 80.43999481201172
Epoch 18, l0 norm : 1609193, l1 norm : 599573.4753036499
Epoch 18, min : 0.0, max : 0.8000186085700989
This epoch duration :2410.347309589386
Epoch 18, val-method base, validation accuracy 82.05999755859375, best_prec 82.05999755859375
Epoch 19, l0 norm : 1609193, l1 norm : 590972.6248779297
Epoch 19, min : 0.0, max : 0.7922207713127136
This epoch duration :2408.7803835868835
Epoch 19, val-method base, validation accuracy 81.70999908447266, best_prec 82.05999755859375
Epoch 20, l0 norm : 1609193, l1 norm : 582673.9019393921
Epoch 20, min : 0.0, max : 0.7846932411193848
This epoch duration :2408.5609135627747
Epoch 20, val-method base, validation accuracy 82.48999786376953, best_prec 82.48999786376953
Epoch 21, l0 norm : 1609193, l1 norm : 574803.3304595947
Epoch 21, min : 0.0, max : 0.7774331569671631
This epoch duration :2408.3643386363983
Epoch 21, val-method base, validation accuracy 82.91999816894531, best_prec 82.91999816894531
Epoch 22, l0 norm : 1609193, l1 norm : 567168.6074676514
Epoch 22, min : 0.0, max : 0.7704387307167053
This epoch duration :2407.8649187088013
Epoch 22, val-method base, validation accuracy 80.98999786376953, best_prec 82.91999816894531
Epoch 23, l0 norm : 1609193, l1 norm : 559917.4093093872
Epoch 23, min : 0.0, max : 0.7637078762054443
This epoch duration :2408.999533891678
Epoch 23, val-method base, validation accuracy 83.56999969482422, best_prec 83.56999969482422
Epoch 24, l0 norm : 1609193, l1 norm : 553042.2826080322
Epoch 24, min : 0.0, max : 0.757239043712616
This epoch duration :2409.6387028694153
Epoch 24, val-method base, validation accuracy 83.45999908447266, best_prec 83.56999969482422
Epoch 25, l0 norm : 1609193, l1 norm : 546455.3809509277
Epoch 25, min : 0.0, max : 0.7510285973548889
This epoch duration :2409.642748594284
Epoch 25, val-method base, validation accuracy 82.23999786376953, best_prec 83.56999969482422
Epoch 26, l0 norm : 1609193, l1 norm : 540131.9783248901
Epoch 26, min : 0.0, max : 0.7450751066207886
This epoch duration :2408.6894574165344
Epoch 26, val-method base, validation accuracy 84.5199966430664, best_prec 84.5199966430664
Epoch 27, l0 norm : 1609193, l1 norm : 534214.9841918945
Epoch 27, min : 0.0, max : 0.739375650882721
This epoch duration :2408.66113781929
Epoch 27, val-method base, validation accuracy 83.47999572753906, best_prec 84.5199966430664
Epoch 28, l0 norm : 1609193, l1 norm : 528521.3388290405
Epoch 28, min : 0.0, max : 0.7339282631874084
This epoch duration :2408.504196166992
Epoch 28, val-method base, validation accuracy 84.5999984741211, best_prec 84.5999984741211
Epoch 29, l0 norm : 1609193, l1 norm : 523083.0717163086
Epoch 29, min : 0.0, max : 0.7287293076515198
This epoch duration :2408.648931980133
Epoch 29, val-method base, validation accuracy 85.75, best_prec 85.75
Epoch 30, l0 norm : 1609193, l1 norm : 517957.6943511963
Epoch 30, min : 0.0, max : 0.7237764000892639
This epoch duration :2408.631145477295
Epoch 30, val-method base, validation accuracy 84.97999572753906, best_prec 85.75
Epoch 31, l0 norm : 1609193, l1 norm : 513062.54539489746
Epoch 31, min : 0.0, max : 0.7190676331520081
This epoch duration :2410.5391130447388
Epoch 31, val-method base, validation accuracy 84.37999725341797, best_prec 85.75
Epoch 32, l0 norm : 1609193, l1 norm : 508444.7933502197
Epoch 32, min : 0.0, max : 0.7145993113517761
This epoch duration :2410.4219374656677
Epoch 32, val-method base, validation accuracy 85.3499984741211, best_prec 85.75
Epoch 33, l0 norm : 1609193, l1 norm : 504071.6023864746
Epoch 33, min : 0.0, max : 0.7103691697120667
This epoch duration :2410.1951580047607
Epoch 33, val-method base, validation accuracy 85.00999450683594, best_prec 85.75
Epoch 34, l0 norm : 1609193, l1 norm : 499980.76235961914
Epoch 34, min : 0.0, max : 0.7063747048377991
This epoch duration :2409.784120082855
Epoch 34, val-method base, validation accuracy 85.18000030517578, best_prec 85.75
Epoch 35, l0 norm : 1609193, l1 norm : 496101.6615600586
Epoch 35, min : 0.0, max : 0.7026122212409973
This epoch duration :2408.1777606010437
Epoch 35, val-method base, validation accuracy 86.93999481201172, best_prec 86.93999481201172
Epoch 36, l0 norm : 1609193, l1 norm : 492409.8595504761
Epoch 36, min : 0.0, max : 0.6990800499916077
This epoch duration :2411.162125110626
Epoch 36, val-method base, validation accuracy 87.20999908447266, best_prec 87.20999908447266
Epoch 37, l0 norm : 1609193, l1 norm : 488943.2651748657
Epoch 37, min : 0.0, max : 0.6957751512527466
This epoch duration :2416.953672170639
Epoch 37, val-method base, validation accuracy 86.29999542236328, best_prec 87.20999908447266
Epoch 38, l0 norm : 1609193, l1 norm : 485664.36741638184
Epoch 38, min : 0.0, max : 0.6926953792572021
This epoch duration :2426.505185365677
Epoch 38, val-method base, validation accuracy 85.90999603271484, best_prec 87.20999908447266
Epoch 39, l0 norm : 1609193, l1 norm : 482679.4413757324
Epoch 39, min : 0.0, max : 0.6898365020751953
This epoch duration :2413.5231506824493
Epoch 39, val-method base, validation accuracy 86.43999481201172, best_prec 87.20999908447266
Epoch 40, l0 norm : 1609193, l1 norm : 479801.20152282715
Epoch 40, min : 0.0, max : 0.6871964931488037
This epoch duration :2412.6255683898926
Epoch 40, val-method base, validation accuracy 87.54000091552734, best_prec 87.54000091552734
Epoch 41, l0 norm : 1609193, l1 norm : 477183.3686218262
Epoch 41, min : 0.0, max : 0.6847736239433289
This epoch duration :2413.146999359131
Epoch 41, val-method base, validation accuracy 86.82999420166016, best_prec 87.54000091552734
Epoch 42, l0 norm : 1609193, l1 norm : 474727.9236602783
Epoch 42, min : 0.0, max : 0.6825636029243469
This epoch duration :2413.289318084717
Epoch 42, val-method base, validation accuracy 87.02999877929688, best_prec 87.54000091552734
Epoch 43, l0 norm : 1609193, l1 norm : 472529.38359832764
Epoch 43, min : 0.0, max : 0.6805644631385803
This epoch duration :2412.840606212616
Epoch 43, val-method base, validation accuracy 87.41999816894531, best_prec 87.54000091552734
Epoch 44, l0 norm : 1609193, l1 norm : 470464.60791015625
Epoch 44, min : 0.0, max : 0.6787753701210022
This epoch duration :2413.2241253852844
Epoch 44, val-method base, validation accuracy 87.68999481201172, best_prec 87.68999481201172
Epoch 45, l0 norm : 1609193, l1 norm : 468645.0983886719
Epoch 45, min : 0.0, max : 0.6771896481513977
This epoch duration :2413.1036365032196
Epoch 45, val-method base, validation accuracy 87.80999755859375, best_prec 87.80999755859375
Epoch 46, l0 norm : 1609193, l1 norm : 466988.53733825684
Epoch 46, min : 0.0, max : 0.6758072972297668
This epoch duration :2408.2938616275787
Epoch 46, val-method base, validation accuracy 87.4000015258789, best_prec 87.80999755859375
Epoch 47, l0 norm : 1609193, l1 norm : 465543.6044540405
Epoch 47, min : 0.0, max : 0.6746261715888977
This epoch duration :2411.38139629364
Epoch 47, val-method base, validation accuracy 87.68000030517578, best_prec 87.80999755859375
Epoch 48, l0 norm : 1609193, l1 norm : 464177.73553466797
Epoch 48, min : 0.0, max : 0.6736429929733276
This epoch duration :2411.204552412033
Epoch 48, val-method base, validation accuracy 87.0199966430664, best_prec 87.80999755859375
Epoch 49, l0 norm : 1609193, l1 norm : 463037.4460220337
Epoch 49, min : 0.0, max : 0.6728583574295044
This epoch duration :2411.994059562683
Epoch 49, val-method base, validation accuracy 88.25999450683594, best_prec 88.25999450683594
Epoch 50, l0 norm : 1609193, l1 norm : 462101.43712615967
Epoch 50, min : 0.0, max : 0.6722628474235535
This epoch duration :2411.219294309616
Epoch 50, val-method base, validation accuracy 86.9000015258789, best_prec 88.25999450683594
Epoch 51, l0 norm : 1609193, l1 norm : 461341.5298690796
Epoch 51, min : 0.0, max : 0.6718539595603943
This epoch duration :2411.4034683704376
Epoch 51, val-method base, validation accuracy 88.0, best_prec 88.25999450683594
Epoch 52, l0 norm : 1609193, l1 norm : 460701.6169281006
Epoch 52, min : 0.0, max : 0.6716342568397522
This epoch duration :2411.9663293361664
Epoch 52, val-method base, validation accuracy 88.38999938964844, best_prec 88.38999938964844
Epoch 53, l0 norm : 1609193, l1 norm : 460223.12476348877
Epoch 53, min : 0.0, max : 0.6716037392616272
This epoch duration :2411.3590140342712
Epoch 53, val-method base, validation accuracy 87.81999969482422, best_prec 88.38999938964844
Epoch 54, l0 norm : 1609193, l1 norm : 459893.3421859741
Epoch 54, min : 0.0, max : 0.6717644333839417
This epoch duration :2411.642639875412
Epoch 54, val-method base, validation accuracy 88.11000061035156, best_prec 88.38999938964844
Epoch 55, l0 norm : 1609193, l1 norm : 459622.9889526367
Epoch 55, min : 0.0, max : 0.6720970273017883
This epoch duration :2411.878232240677
Epoch 55, val-method base, validation accuracy 88.68999481201172, best_prec 88.68999481201172
Epoch 56, l0 norm : 1609193, l1 norm : 459581.2491378784
Epoch 56, min : 0.0, max : 0.6726017594337463
This epoch duration :2411.5854861736298
Epoch 56, val-method base, validation accuracy 88.3699951171875, best_prec 88.68999481201172
Epoch 57, l0 norm : 1609193, l1 norm : 459686.6426010132
Epoch 57, min : 0.0, max : 0.6732814311981201
This epoch duration :2411.2932090759277
Epoch 57, val-method base, validation accuracy 88.44999694824219, best_prec 88.68999481201172
Epoch 58, l0 norm : 1609193, l1 norm : 459932.3038482666
Epoch 58, min : 0.0, max : 0.6741353273391724
This epoch duration :2411.997488975525
Epoch 58, val-method base, validation accuracy 88.83999633789062, best_prec 88.83999633789062
Epoch 59, l0 norm : 1609193, l1 norm : 460296.9197845459
Epoch 59, min : 0.0, max : 0.675166130065918
This epoch duration :2411.516350507736
Epoch 59, val-method base, validation accuracy 89.13999938964844, best_prec 89.13999938964844
Epoch 60, l0 norm : 1609193, l1 norm : 460788.48944091797
Epoch 60, min : 0.0, max : 0.6763581037521362
This epoch duration :2410.989217042923
Epoch 60, val-method base, validation accuracy 88.5, best_prec 89.13999938964844
Epoch 61, l0 norm : 1609193, l1 norm : 461397.2584075928
Epoch 61, min : 0.0, max : 0.6777150630950928
This epoch duration :2411.865061044693
Epoch 61, val-method base, validation accuracy 88.88999938964844, best_prec 89.13999938964844
Epoch 62, l0 norm : 1609193, l1 norm : 462153.61904907227
Epoch 62, min : 0.0, max : 0.6792336702346802
This epoch duration :2412.067984342575
Epoch 62, val-method base, validation accuracy 89.43000030517578, best_prec 89.43000030517578
Epoch 63, l0 norm : 1609193, l1 norm : 463021.56747436523
Epoch 63, min : 0.0, max : 0.680908739566803
This epoch duration :2410.6127424240112
Epoch 63, val-method base, validation accuracy 89.31999969482422, best_prec 89.43000030517578
Epoch 64, l0 norm : 1609193, l1 norm : 463984.1993865967
Epoch 64, min : 0.0, max : 0.6827387809753418
This epoch duration :2411.495060443878
Epoch 64, val-method base, validation accuracy 89.7699966430664, best_prec 89.7699966430664
Epoch 65, l0 norm : 1609193, l1 norm : 465051.11309814453
Epoch 65, min : 0.0, max : 0.6847202777862549
This epoch duration :2411.070731163025
Epoch 65, val-method base, validation accuracy 89.40999603271484, best_prec 89.7699966430664
Epoch 66, l0 norm : 1609193, l1 norm : 466300.5738067627
Epoch 66, min : 0.0, max : 0.6868506073951721
This epoch duration :2411.02979183197
Epoch 66, val-method base, validation accuracy 89.1199951171875, best_prec 89.7699966430664
Epoch 67, l0 norm : 1609193, l1 norm : 467561.85874938965
Epoch 67, min : 0.0, max : 0.6891250610351562
This epoch duration :2410.4343540668488
Epoch 67, val-method base, validation accuracy 89.41999816894531, best_prec 89.7699966430664
Epoch 68, l0 norm : 1609193, l1 norm : 468997.7728805542
Epoch 68, min : 0.0, max : 0.6915406584739685
This epoch duration :2411.213541507721
Epoch 68, val-method base, validation accuracy 89.69999694824219, best_prec 89.7699966430664
Epoch 69, l0 norm : 1609193, l1 norm : 470533.9163208008
Epoch 69, min : 0.0, max : 0.6940919160842896
This epoch duration :2410.4254450798035
Epoch 69, val-method base, validation accuracy 89.56999969482422, best_prec 89.7699966430664
Epoch 70, l0 norm : 1609193, l1 norm : 472093.9396209717
Epoch 70, min : 0.0, max : 0.6967814564704895
This epoch duration :2411.185234069824
Epoch 70, val-method base, validation accuracy 89.5, best_prec 89.7699966430664
Epoch 71, l0 norm : 1609193, l1 norm : 473788.48414611816
Epoch 71, min : 0.0, max : 0.6995996236801147
This epoch duration :2411.861788034439
Epoch 71, val-method base, validation accuracy 89.29000091552734, best_prec 89.7699966430664
Epoch 72, l0 norm : 1609193, l1 norm : 475583.580116272
Epoch 72, min : 0.0, max : 0.7025408148765564
This epoch duration :2411.3041536808014
Epoch 72, val-method base, validation accuracy 89.63999938964844, best_prec 89.7699966430664
Epoch 73, l0 norm : 1609193, l1 norm : 477338.27600860596
Epoch 73, min : 0.0, max : 0.7056037783622742
This epoch duration :2410.0371673107147
Epoch 73, val-method base, validation accuracy 90.0999984741211, best_prec 90.0999984741211
Epoch 74, l0 norm : 1609193, l1 norm : 479312.800743103
Epoch 74, min : 0.0, max : 0.7087807059288025
This epoch duration :2410.4870176315308
Epoch 74, val-method base, validation accuracy 90.22000122070312, best_prec 90.22000122070312
Epoch 75, l0 norm : 1609193, l1 norm : 481302.2549133301
Epoch 75, min : 0.0, max : 0.7120702266693115
This epoch duration :2410.4091062545776
Epoch 75, val-method base, validation accuracy 90.47000122070312, best_prec 90.47000122070312
Epoch 76, l0 norm : 1609193, l1 norm : 483345.3128814697
Epoch 76, min : 0.0, max : 0.7154667973518372
This epoch duration :2410.157073736191
Epoch 76, val-method base, validation accuracy 90.3499984741211, best_prec 90.47000122070312
Epoch 77, l0 norm : 1609193, l1 norm : 485441.5722579956
Epoch 77, min : 0.0, max : 0.7189657092094421
This epoch duration :2409.3228571414948
Epoch 77, val-method base, validation accuracy 90.13999938964844, best_prec 90.47000122070312
Epoch 78, l0 norm : 1609193, l1 norm : 487594.4392089844
Epoch 78, min : 0.0, max : 0.7225605249404907
This epoch duration :2408.3663091659546
Epoch 78, val-method base, validation accuracy 90.54999542236328, best_prec 90.54999542236328
Epoch 79, l0 norm : 1609193, l1 norm : 489746.038230896
Epoch 79, min : 0.0, max : 0.7262445688247681
This epoch duration :2406.801819086075
Epoch 79, val-method base, validation accuracy 90.44999694824219, best_prec 90.54999542236328
Epoch 80, l0 norm : 1609193, l1 norm : 492052.5140838623
Epoch 80, min : 0.0, max : 0.7300154566764832
This epoch duration :2407.202657222748
Epoch 80, val-method base, validation accuracy 90.58999633789062, best_prec 90.58999633789062
Epoch 81, l0 norm : 1609193, l1 norm : 494254.87518310547
Epoch 81, min : 0.0, max : 0.7338649034500122
This epoch duration :2407.0589096546173
Epoch 81, val-method base, validation accuracy 90.54000091552734, best_prec 90.58999633789062
Epoch 82, l0 norm : 1609193, l1 norm : 496555.81967163086
Epoch 82, min : 0.0, max : 0.7377775311470032
This epoch duration :2406.1700179576874
Epoch 82, val-method base, validation accuracy 90.29000091552734, best_prec 90.58999633789062
Epoch 83, l0 norm : 1609193, l1 norm : 498889.1807785034
Epoch 83, min : 0.0, max : 0.7417574524879456
This epoch duration :2407.5085051059723
Epoch 83, val-method base, validation accuracy 90.68000030517578, best_prec 90.68000030517578
Epoch 84, l0 norm : 1609193, l1 norm : 501221.0926589966
Epoch 84, min : 0.0, max : 0.7457944750785828
This epoch duration :2407.4596796035767
Epoch 84, val-method base, validation accuracy 90.90999603271484, best_prec 90.90999603271484
Epoch 85, l0 norm : 1609193, l1 norm : 503605.94061279297
Epoch 85, min : 0.0, max : 0.7498816251754761
This epoch duration :2406.3240554332733
Epoch 85, val-method base, validation accuracy 90.41999816894531, best_prec 90.90999603271484
Epoch 86, l0 norm : 1609193, l1 norm : 505979.6000595093
Epoch 86, min : 0.0, max : 0.7540091872215271
This epoch duration :2407.3177404403687
Epoch 86, val-method base, validation accuracy 90.56999969482422, best_prec 90.90999603271484
Epoch 87, l0 norm : 1609193, l1 norm : 508361.69635009766
Epoch 87, min : 0.0, max : 0.7581832408905029
This epoch duration :2406.444755554199
Epoch 87, val-method base, validation accuracy 90.69999694824219, best_prec 90.90999603271484
Epoch 88, l0 norm : 1609193, l1 norm : 510747.8762283325
Epoch 88, min : 0.0, max : 0.7623813152313232
This epoch duration :2406.998147726059
Epoch 88, val-method base, validation accuracy 90.5, best_prec 90.90999603271484
Epoch 89, l0 norm : 1609193, l1 norm : 513148.7744445801
Epoch 89, min : 0.0, max : 0.7665954828262329
This epoch duration :2406.9579322338104
Epoch 89, val-method base, validation accuracy 91.00999450683594, best_prec 91.00999450683594
Epoch 90, l0 norm : 1609193, l1 norm : 515612.5906524658
Epoch 90, min : 0.0, max : 0.7708207964897156
This epoch duration :2406.83273601532
Epoch 90, val-method base, validation accuracy 90.91999816894531, best_prec 91.00999450683594
Epoch 91, l0 norm : 1609193, l1 norm : 518115.46321105957
Epoch 91, min : 0.0, max : 0.7750382423400879
This epoch duration :2407.6477069854736
Epoch 91, val-method base, validation accuracy 91.1199951171875, best_prec 91.1199951171875
Epoch 92, l0 norm : 1609193, l1 norm : 520630.5416870117
Epoch 92, min : 0.0, max : 0.7792506814002991
This epoch duration :2406.532016515732
Epoch 92, val-method base, validation accuracy 90.97999572753906, best_prec 91.1199951171875
Epoch 93, l0 norm : 1609193, l1 norm : 523069.02166748047
Epoch 93, min : 0.0, max : 0.783437967300415
This epoch duration :2406.8749012947083
Epoch 93, val-method base, validation accuracy 90.63999938964844, best_prec 91.1199951171875
Epoch 94, l0 norm : 1609193, l1 norm : 525693.5501861572
Epoch 94, min : 0.0, max : 0.7876038551330566
This epoch duration :2405.7939233779907
Epoch 94, val-method base, validation accuracy 90.91999816894531, best_prec 91.1199951171875
Epoch 95, l0 norm : 1609193, l1 norm : 528284.9702148438
Epoch 95, min : 0.0, max : 0.7917290329933167
This epoch duration :2404.842873573303
Epoch 95, val-method base, validation accuracy 90.77999877929688, best_prec 91.1199951171875
Epoch 96, l0 norm : 1609193, l1 norm : 530930.1463317871
Epoch 96, min : 0.0, max : 0.7958168983459473
This epoch duration :2405.998146057129
Epoch 96, val-method base, validation accuracy 90.87999725341797, best_prec 91.1199951171875
Epoch 97, l0 norm : 1609193, l1 norm : 533577.2407150269
Epoch 97, min : 0.0, max : 0.7998473048210144
This epoch duration :2405.2116050720215
Epoch 97, val-method base, validation accuracy 90.62999725341797, best_prec 91.1199951171875
Epoch 98, l0 norm : 1609193, l1 norm : 536227.760383606
Epoch 98, min : 0.0, max : 0.8038007616996765
This epoch duration :2049.1580743789673
Epoch 98, val-method base, validation accuracy 90.73999786376953, best_prec 91.1199951171875
Epoch 99, l0 norm : 1609193, l1 norm : 538892.5001373291
Epoch 99, min : 0.0, max : 0.8076822757720947
This epoch duration :1420.6930720806122
Epoch 99, val-method base, validation accuracy 90.56999969482422, best_prec 91.1199951171875
