Namespace(configs='configs/FASHION_MNIST/pen_bip_1.yml', result_dir='./trained_models', exp_name='fm_m_10', exp_mode='prune', arch='fmnist_model', num_classes=10, layer_type='unstructured', k=None, lambd=0.9999999, alpha=1.0, fw_momentum=0.9, scaled_score_init=True, scale_rand_init=False, freeze_bn=False, source_net='trained_models/FMNIST_fmnist_model/pretrain/latest_exp/checkpoint/model_best.pth.tar', scores_init_type=None, dataset='FashionMNIST', batch_size=128, num_workers=2, test_batch_size=128, normalize=True, data_dir='./data', image_dim=32, trainer='penalized_bilevel_1', epochs=100, optimizer='sgd', wd=0.0001, mask_lr=0.1, lr=0.1, mask_lr_schedule='step', lr_schedule='cosine', momentum=0.9, warmup_epochs=0, warmup_lr=0.1, save_dense=False, evaluate=False, val_method='base', resume='', seed=1234, print_freq=100, lr2=0.0001, accelerate=False)
=> loading source model from 'trained_models/FMNIST_fmnist_model/pretrain/latest_exp/checkpoint/model_best.pth.tar'
=> loaded checkpoint 'trained_models/FMNIST_fmnist_model/pretrain/latest_exp/checkpoint/model_best.pth.tar'
Epoch 0, l0 norm : 377447, l1 norm : 22100.881393432617
Epoch 0, min : 0.0, max : 0.999800443649292
This epoch duration :214.86114478111267
Epoch 0, val-method base, validation accuracy 85.41999816894531, best_prec 85.41999816894531
Epoch 1, l0 norm : 377558, l1 norm : 22621.75259399414
Epoch 1, min : 0.0, max : 0.995982825756073
This epoch duration :209.20628809928894
Epoch 1, val-method base, validation accuracy 87.22000122070312, best_prec 87.22000122070312
Epoch 2, l0 norm : 377579, l1 norm : 22753.17156982422
Epoch 2, min : 0.0, max : 0.9894784092903137
This epoch duration :209.2559995651245
Epoch 2, val-method base, validation accuracy 87.7699966430664, best_prec 87.7699966430664
Epoch 3, l0 norm : 377595, l1 norm : 22872.6884765625
Epoch 3, min : 0.0, max : 0.9846537709236145
This epoch duration :209.11175751686096
Epoch 3, val-method base, validation accuracy 88.29000091552734, best_prec 88.29000091552734
Epoch 4, l0 norm : 377611, l1 norm : 23083.604614257812
Epoch 4, min : 0.0, max : 0.9830965399742126
This epoch duration :208.9184606075287
Epoch 4, val-method base, validation accuracy 87.22000122070312, best_prec 88.29000091552734
Epoch 5, l0 norm : 377633, l1 norm : 23363.791381835938
Epoch 5, min : 0.0, max : 0.9759589433670044
This epoch duration :208.62025952339172
Epoch 5, val-method base, validation accuracy 88.54999542236328, best_prec 88.54999542236328
Epoch 6, l0 norm : 377645, l1 norm : 23587.571868896484
Epoch 6, min : 0.0, max : 0.9790763854980469
This epoch duration :209.0510573387146
Epoch 6, val-method base, validation accuracy 88.79000091552734, best_prec 88.79000091552734
Epoch 7, l0 norm : 377663, l1 norm : 23846.007690429688
Epoch 7, min : 0.0, max : 0.9839799404144287
This epoch duration :209.74937772750854
Epoch 7, val-method base, validation accuracy 88.7699966430664, best_prec 88.79000091552734
Epoch 8, l0 norm : 377672, l1 norm : 24086.036712646484
Epoch 8, min : 0.0, max : 0.9869086146354675
This epoch duration :209.12693977355957
Epoch 8, val-method base, validation accuracy 88.97999572753906, best_prec 88.97999572753906
Epoch 9, l0 norm : 377689, l1 norm : 24311.33724975586
Epoch 9, min : 0.0, max : 0.9890085458755493
This epoch duration :208.99909901618958
Epoch 9, val-method base, validation accuracy 89.6199951171875, best_prec 89.6199951171875
Epoch 10, l0 norm : 377697, l1 norm : 24539.29214477539
Epoch 10, min : 0.0, max : 0.989805281162262
This epoch duration :208.71764469146729
Epoch 10, val-method base, validation accuracy 89.18999481201172, best_prec 89.6199951171875
Epoch 11, l0 norm : 377708, l1 norm : 24745.71356201172
Epoch 11, min : 0.0, max : 0.9890117049217224
This epoch duration :209.03362846374512
Epoch 11, val-method base, validation accuracy 89.38999938964844, best_prec 89.6199951171875
Epoch 12, l0 norm : 377721, l1 norm : 24920.25341796875
Epoch 12, min : 0.0, max : 0.9899957180023193
This epoch duration :207.3073604106903
Epoch 12, val-method base, validation accuracy 88.95999908447266, best_prec 89.6199951171875
Epoch 13, l0 norm : 377733, l1 norm : 25085.449096679688
Epoch 13, min : 0.0, max : 0.9902176260948181
This epoch duration :207.51478099822998
Epoch 13, val-method base, validation accuracy 89.8699951171875, best_prec 89.8699951171875
Epoch 14, l0 norm : 377747, l1 norm : 25227.462799072266
Epoch 14, min : 0.0, max : 0.9886936545372009
This epoch duration :207.77663493156433
Epoch 14, val-method base, validation accuracy 89.47999572753906, best_prec 89.8699951171875
Epoch 15, l0 norm : 377756, l1 norm : 25353.456329345703
Epoch 15, min : 0.0, max : 0.9877549409866333
This epoch duration :207.30869913101196
Epoch 15, val-method base, validation accuracy 89.80999755859375, best_prec 89.8699951171875
Epoch 16, l0 norm : 377762, l1 norm : 25466.535766601562
Epoch 16, min : 0.0, max : 0.9874555468559265
This epoch duration :207.5166141986847
Epoch 16, val-method base, validation accuracy 89.9000015258789, best_prec 89.9000015258789
Epoch 17, l0 norm : 377772, l1 norm : 25571.801025390625
Epoch 17, min : 0.0, max : 0.9830483794212341
This epoch duration :207.12962579727173
Epoch 17, val-method base, validation accuracy 89.98999786376953, best_prec 89.98999786376953
Epoch 18, l0 norm : 377780, l1 norm : 25665.536590576172
Epoch 18, min : 0.0, max : 0.979532778263092
This epoch duration :207.1030149459839
Epoch 18, val-method base, validation accuracy 89.83999633789062, best_prec 89.98999786376953
Epoch 19, l0 norm : 377781, l1 norm : 25755.095153808594
Epoch 19, min : 0.0, max : 0.975131094455719
This epoch duration :207.22693824768066
Epoch 19, val-method base, validation accuracy 89.72999572753906, best_prec 89.98999786376953
Epoch 20, l0 norm : 377785, l1 norm : 25836.94888305664
Epoch 20, min : 0.0, max : 0.9736618995666504
This epoch duration :207.44059944152832
Epoch 20, val-method base, validation accuracy 90.05999755859375, best_prec 90.05999755859375
Epoch 21, l0 norm : 377788, l1 norm : 25914.742401123047
Epoch 21, min : 0.0, max : 0.9728139042854309
This epoch duration :208.70322966575623
Epoch 21, val-method base, validation accuracy 89.3499984741211, best_prec 90.05999755859375
Epoch 22, l0 norm : 377789, l1 norm : 25984.250274658203
Epoch 22, min : 0.0, max : 0.9707905650138855
This epoch duration :211.01197910308838
Epoch 22, val-method base, validation accuracy 89.18000030517578, best_prec 90.05999755859375
Epoch 23, l0 norm : 377792, l1 norm : 26059.918334960938
Epoch 23, min : 0.0, max : 0.9697284698486328
This epoch duration :210.70346903800964
Epoch 23, val-method base, validation accuracy 90.0199966430664, best_prec 90.05999755859375
Epoch 24, l0 norm : 377792, l1 norm : 26122.004516601562
Epoch 24, min : 0.0, max : 0.9697390794754028
This epoch duration :209.70126843452454
Epoch 24, val-method base, validation accuracy 90.33999633789062, best_prec 90.33999633789062
Epoch 25, l0 norm : 377795, l1 norm : 26182.434661865234
Epoch 25, min : 0.0, max : 0.9689770340919495
This epoch duration :211.58900594711304
Epoch 25, val-method base, validation accuracy 89.58999633789062, best_prec 90.33999633789062
Epoch 26, l0 norm : 377802, l1 norm : 26237.462188720703
Epoch 26, min : 0.0, max : 0.9662454724311829
This epoch duration :210.44812297821045
Epoch 26, val-method base, validation accuracy 89.81999969482422, best_prec 90.33999633789062
Epoch 27, l0 norm : 377804, l1 norm : 26296.635681152344
Epoch 27, min : 0.0, max : 0.9641298055648804
This epoch duration :211.1231644153595
Epoch 27, val-method base, validation accuracy 89.80999755859375, best_prec 90.33999633789062
Epoch 28, l0 norm : 377807, l1 norm : 26348.8603515625
Epoch 28, min : 0.0, max : 0.962784469127655
This epoch duration :211.6999146938324
Epoch 28, val-method base, validation accuracy 90.13999938964844, best_prec 90.33999633789062
Epoch 29, l0 norm : 377811, l1 norm : 26401.889923095703
Epoch 29, min : 0.0, max : 0.9600589871406555
This epoch duration :210.99591779708862
Epoch 29, val-method base, validation accuracy 89.93000030517578, best_prec 90.33999633789062
Epoch 30, l0 norm : 377813, l1 norm : 26450.12872314453
Epoch 30, min : 0.0, max : 0.9573168754577637
This epoch duration :211.31491661071777
Epoch 30, val-method base, validation accuracy 89.8699951171875, best_prec 90.33999633789062
Epoch 31, l0 norm : 377814, l1 norm : 26493.793670654297
Epoch 31, min : 0.0, max : 0.9542896747589111
This epoch duration :210.21929144859314
Epoch 31, val-method base, validation accuracy 89.56999969482422, best_prec 90.33999633789062
Epoch 32, l0 norm : 377816, l1 norm : 26541.158599853516
Epoch 32, min : 0.0, max : 0.951961100101471
This epoch duration :210.66426515579224
Epoch 32, val-method base, validation accuracy 89.8699951171875, best_prec 90.33999633789062
Epoch 33, l0 norm : 377817, l1 norm : 26584.979125976562
Epoch 33, min : 0.0, max : 0.9465907216072083
This epoch duration :211.29823303222656
Epoch 33, val-method base, validation accuracy 89.79999542236328, best_prec 90.33999633789062
Epoch 34, l0 norm : 377820, l1 norm : 26626.787689208984
Epoch 34, min : 0.0, max : 0.9445523023605347
This epoch duration :207.96734356880188
Epoch 34, val-method base, validation accuracy 89.5199966430664, best_prec 90.33999633789062
Epoch 35, l0 norm : 377821, l1 norm : 26666.37872314453
Epoch 35, min : 0.0, max : 0.9408290982246399
This epoch duration :207.3919324874878
Epoch 35, val-method base, validation accuracy 90.18000030517578, best_prec 90.33999633789062
Epoch 36, l0 norm : 377822, l1 norm : 26701.29345703125
Epoch 36, min : 0.0, max : 0.9347898364067078
This epoch duration :207.33491253852844
Epoch 36, val-method base, validation accuracy 89.88999938964844, best_prec 90.33999633789062
Epoch 37, l0 norm : 377823, l1 norm : 26738.509887695312
Epoch 37, min : 0.0, max : 0.9314224123954773
This epoch duration :207.58738923072815
Epoch 37, val-method base, validation accuracy 89.44999694824219, best_prec 90.33999633789062
Epoch 38, l0 norm : 377824, l1 norm : 26774.746032714844
Epoch 38, min : 0.0, max : 0.9277771711349487
This epoch duration :207.3304922580719
Epoch 38, val-method base, validation accuracy 90.06999969482422, best_prec 90.33999633789062
Epoch 39, l0 norm : 377824, l1 norm : 26808.101440429688
Epoch 39, min : 0.0, max : 0.9246093034744263
This epoch duration :207.47985172271729
Epoch 39, val-method base, validation accuracy 89.86000061035156, best_prec 90.33999633789062
Epoch 40, l0 norm : 377827, l1 norm : 26837.336700439453
Epoch 40, min : 0.0, max : 0.9204313158988953
This epoch duration :208.07430863380432
Epoch 40, val-method base, validation accuracy 90.05999755859375, best_prec 90.33999633789062
Epoch 41, l0 norm : 377829, l1 norm : 26866.878051757812
Epoch 41, min : 0.0, max : 0.9154510498046875
This epoch duration :209.56656742095947
Epoch 41, val-method base, validation accuracy 90.04999542236328, best_prec 90.33999633789062
Epoch 42, l0 norm : 377830, l1 norm : 26893.34735107422
Epoch 42, min : 0.0, max : 0.9130678772926331
This epoch duration :211.2985599040985
Epoch 42, val-method base, validation accuracy 89.9000015258789, best_prec 90.33999633789062
Epoch 43, l0 norm : 377832, l1 norm : 26920.431030273438
Epoch 43, min : 0.0, max : 0.90798020362854
This epoch duration :210.96762537956238
Epoch 43, val-method base, validation accuracy 89.95999908447266, best_prec 90.33999633789062
Epoch 44, l0 norm : 377832, l1 norm : 26947.913787841797
Epoch 44, min : 0.0, max : 0.9054625630378723
This epoch duration :209.88764834403992
Epoch 44, val-method base, validation accuracy 90.1199951171875, best_prec 90.33999633789062
Epoch 45, l0 norm : 377832, l1 norm : 26971.39892578125
Epoch 45, min : 0.0, max : 0.9021914601325989
This epoch duration :210.4437599182129
Epoch 45, val-method base, validation accuracy 89.82999420166016, best_prec 90.33999633789062
Epoch 46, l0 norm : 377832, l1 norm : 26994.732940673828
Epoch 46, min : 0.0, max : 0.8977342844009399
This epoch duration :210.372784614563
Epoch 46, val-method base, validation accuracy 90.27999877929688, best_prec 90.33999633789062
Epoch 47, l0 norm : 377834, l1 norm : 27017.834350585938
Epoch 47, min : 0.0, max : 0.8960556387901306
This epoch duration :210.21242094039917
Epoch 47, val-method base, validation accuracy 90.00999450683594, best_prec 90.33999633789062
Epoch 48, l0 norm : 377834, l1 norm : 27039.46502685547
Epoch 48, min : 0.0, max : 0.8951737284660339
This epoch duration :210.2154188156128
Epoch 48, val-method base, validation accuracy 90.25, best_prec 90.33999633789062
Epoch 49, l0 norm : 377834, l1 norm : 27060.118041992188
Epoch 49, min : 0.0, max : 0.8928279280662537
This epoch duration :210.6777470111847
Epoch 49, val-method base, validation accuracy 90.1199951171875, best_prec 90.33999633789062
Epoch 50, l0 norm : 377834, l1 norm : 27079.65594482422
Epoch 50, min : 0.0, max : 0.8911104202270508
This epoch duration :210.7196865081787
Epoch 50, val-method base, validation accuracy 90.33999633789062, best_prec 90.33999633789062
Epoch 51, l0 norm : 377834, l1 norm : 27096.894470214844
Epoch 51, min : 0.0, max : 0.888034999370575
This epoch duration :209.43673038482666
Epoch 51, val-method base, validation accuracy 90.37999725341797, best_prec 90.37999725341797
Epoch 52, l0 norm : 377834, l1 norm : 27116.279571533203
Epoch 52, min : 0.0, max : 0.8860840797424316
This epoch duration :210.97429037094116
Epoch 52, val-method base, validation accuracy 90.47000122070312, best_prec 90.47000122070312
Epoch 53, l0 norm : 377834, l1 norm : 27134.1318359375
Epoch 53, min : 0.0, max : 0.8841641545295715
This epoch duration :210.549054145813
Epoch 53, val-method base, validation accuracy 90.22000122070312, best_prec 90.47000122070312
Epoch 54, l0 norm : 377834, l1 norm : 27150.315063476562
Epoch 54, min : 0.0, max : 0.8828045725822449
This epoch duration :207.80800223350525
Epoch 54, val-method base, validation accuracy 90.41999816894531, best_prec 90.47000122070312
Epoch 55, l0 norm : 377834, l1 norm : 27166.80194091797
Epoch 55, min : 0.0, max : 0.8818271160125732
This epoch duration :208.30803227424622
Epoch 55, val-method base, validation accuracy 90.22000122070312, best_prec 90.47000122070312
Epoch 56, l0 norm : 377834, l1 norm : 27182.60040283203
Epoch 56, min : 0.0, max : 0.87992924451828
This epoch duration :207.4531979560852
Epoch 56, val-method base, validation accuracy 90.32999420166016, best_prec 90.47000122070312
Epoch 57, l0 norm : 377834, l1 norm : 27198.128631591797
Epoch 57, min : 0.0, max : 0.8788697719573975
This epoch duration :207.30602049827576
Epoch 57, val-method base, validation accuracy 90.5999984741211, best_prec 90.5999984741211
Epoch 58, l0 norm : 377834, l1 norm : 27213.228759765625
Epoch 58, min : 0.0, max : 0.8783588409423828
This epoch duration :207.24512434005737
Epoch 58, val-method base, validation accuracy 90.1500015258789, best_prec 90.5999984741211
Epoch 59, l0 norm : 377834, l1 norm : 27228.506378173828
Epoch 59, min : 0.0, max : 0.8769506216049194
This epoch duration :207.19728183746338
Epoch 59, val-method base, validation accuracy 90.56999969482422, best_prec 90.5999984741211
Epoch 60, l0 norm : 377834, l1 norm : 27243.592529296875
Epoch 60, min : 0.0, max : 0.8748568892478943
This epoch duration :207.66530442237854
Epoch 60, val-method base, validation accuracy 90.37999725341797, best_prec 90.5999984741211
Epoch 61, l0 norm : 377834, l1 norm : 27257.76058959961
Epoch 61, min : 0.0, max : 0.8732750415802002
This epoch duration :207.87529230117798
Epoch 61, val-method base, validation accuracy 90.52999877929688, best_prec 90.5999984741211
Epoch 62, l0 norm : 377834, l1 norm : 27271.953674316406
Epoch 62, min : 0.0, max : 0.8715577125549316
This epoch duration :207.9225208759308
Epoch 62, val-method base, validation accuracy 90.56999969482422, best_prec 90.5999984741211
Epoch 63, l0 norm : 377834, l1 norm : 27287.043487548828
Epoch 63, min : 0.0, max : 0.8689925074577332
This epoch duration :207.61215019226074
Epoch 63, val-method base, validation accuracy 90.5999984741211, best_prec 90.5999984741211
Epoch 64, l0 norm : 377834, l1 norm : 27301.89178466797
Epoch 64, min : 0.0, max : 0.867906391620636
This epoch duration :207.36744570732117
Epoch 64, val-method base, validation accuracy 90.61000061035156, best_prec 90.61000061035156
Epoch 65, l0 norm : 377834, l1 norm : 27315.690368652344
Epoch 65, min : 0.0, max : 0.8668075203895569
This epoch duration :208.33361220359802
Epoch 65, val-method base, validation accuracy 90.44999694824219, best_prec 90.61000061035156
Epoch 66, l0 norm : 377834, l1 norm : 27329.659240722656
Epoch 66, min : 0.0, max : 0.8658825159072876
This epoch duration :207.59544372558594
Epoch 66, val-method base, validation accuracy 90.72999572753906, best_prec 90.72999572753906
Epoch 67, l0 norm : 377834, l1 norm : 27343.701721191406
Epoch 67, min : 0.0, max : 0.8654395937919617
This epoch duration :207.2729630470276
Epoch 67, val-method base, validation accuracy 90.66999816894531, best_prec 90.72999572753906
Epoch 68, l0 norm : 377834, l1 norm : 27357.50454711914
Epoch 68, min : 0.0, max : 0.8648956418037415
This epoch duration :206.64984917640686
Epoch 68, val-method base, validation accuracy 90.64999389648438, best_prec 90.72999572753906
Epoch 69, l0 norm : 377834, l1 norm : 27370.57598876953
Epoch 69, min : 0.0, max : 0.8642527461051941
This epoch duration :211.22892999649048
Epoch 69, val-method base, validation accuracy 90.62999725341797, best_prec 90.72999572753906
Epoch 70, l0 norm : 377834, l1 norm : 27383.54718017578
Epoch 70, min : 0.0, max : 0.8638744950294495
This epoch duration :210.8258979320526
Epoch 70, val-method base, validation accuracy 90.65999603271484, best_prec 90.72999572753906
Epoch 71, l0 norm : 377834, l1 norm : 27396.89242553711
Epoch 71, min : 0.0, max : 0.8631621599197388
This epoch duration :210.96380162239075
Epoch 71, val-method base, validation accuracy 90.79000091552734, best_prec 90.79000091552734
Epoch 72, l0 norm : 377834, l1 norm : 27409.391815185547
Epoch 72, min : 0.0, max : 0.8624734878540039
This epoch duration :209.61784291267395
Epoch 72, val-method base, validation accuracy 90.77999877929688, best_prec 90.79000091552734
Epoch 73, l0 norm : 377834, l1 norm : 27421.278717041016
Epoch 73, min : 0.0, max : 0.8619292974472046
This epoch duration :207.43592882156372
Epoch 73, val-method base, validation accuracy 90.79000091552734, best_prec 90.79000091552734
Epoch 74, l0 norm : 377834, l1 norm : 27433.37417602539
Epoch 74, min : 0.0, max : 0.8616838455200195
This epoch duration :209.03250885009766
Epoch 74, val-method base, validation accuracy 90.70999908447266, best_prec 90.79000091552734
Epoch 75, l0 norm : 377834, l1 norm : 27445.350952148438
Epoch 75, min : 0.0, max : 0.8602298498153687
This epoch duration :209.15292382240295
Epoch 75, val-method base, validation accuracy 90.64999389648438, best_prec 90.79000091552734
Epoch 76, l0 norm : 377834, l1 norm : 27456.90640258789
Epoch 76, min : 0.0, max : 0.859752357006073
This epoch duration :210.89502477645874
Epoch 76, val-method base, validation accuracy 90.72000122070312, best_prec 90.79000091552734
Epoch 77, l0 norm : 377834, l1 norm : 27468.226959228516
Epoch 77, min : 0.0, max : 0.8594682216644287
This epoch duration :209.82640552520752
Epoch 77, val-method base, validation accuracy 90.61000061035156, best_prec 90.79000091552734
Epoch 78, l0 norm : 377834, l1 norm : 27479.060668945312
Epoch 78, min : 0.0, max : 0.8595141172409058
This epoch duration :207.6963701248169
Epoch 78, val-method base, validation accuracy 90.65999603271484, best_prec 90.79000091552734
Epoch 79, l0 norm : 377834, l1 norm : 27489.666595458984
Epoch 79, min : 0.0, max : 0.859825074672699
This epoch duration :207.4483289718628
Epoch 79, val-method base, validation accuracy 90.61000061035156, best_prec 90.79000091552734
Epoch 80, l0 norm : 377834, l1 norm : 27500.163696289062
Epoch 80, min : 0.0, max : 0.8597602844238281
This epoch duration :210.2891194820404
Epoch 80, val-method base, validation accuracy 90.77999877929688, best_prec 90.79000091552734
Epoch 81, l0 norm : 377834, l1 norm : 27510.786010742188
Epoch 81, min : 0.0, max : 0.859851062297821
This epoch duration :210.56233668327332
Epoch 81, val-method base, validation accuracy 90.73999786376953, best_prec 90.79000091552734
Epoch 82, l0 norm : 377834, l1 norm : 27520.873138427734
Epoch 82, min : 0.0, max : 0.8599923253059387
This epoch duration :209.9005446434021
Epoch 82, val-method base, validation accuracy 90.64999389648438, best_prec 90.79000091552734
Epoch 83, l0 norm : 377834, l1 norm : 27530.684173583984
Epoch 83, min : 0.0, max : 0.8594212532043457
This epoch duration :207.34438562393188
Epoch 83, val-method base, validation accuracy 90.75, best_prec 90.79000091552734
Epoch 84, l0 norm : 377834, l1 norm : 27540.206024169922
Epoch 84, min : 0.0, max : 0.8597122430801392
This epoch duration :210.9603328704834
Epoch 84, val-method base, validation accuracy 90.72999572753906, best_prec 90.79000091552734
Epoch 85, l0 norm : 377834, l1 norm : 27549.09292602539
Epoch 85, min : 0.0, max : 0.8595567345619202
This epoch duration :210.91666889190674
Epoch 85, val-method base, validation accuracy 90.72999572753906, best_prec 90.79000091552734
Epoch 86, l0 norm : 377834, l1 norm : 27558.3662109375
Epoch 86, min : 0.0, max : 0.859697699546814
This epoch duration :210.1297698020935
Epoch 86, val-method base, validation accuracy 90.68999481201172, best_prec 90.79000091552734
Epoch 87, l0 norm : 377834, l1 norm : 27566.68292236328
Epoch 87, min : 0.0, max : 0.8599307537078857
This epoch duration :210.32679867744446
Epoch 87, val-method base, validation accuracy 90.68999481201172, best_prec 90.79000091552734
Epoch 88, l0 norm : 377834, l1 norm : 27575.060180664062
Epoch 88, min : 0.0, max : 0.8597291111946106
This epoch duration :210.46950817108154
Epoch 88, val-method base, validation accuracy 90.70999908447266, best_prec 90.79000091552734
Epoch 89, l0 norm : 377834, l1 norm : 27582.976928710938
Epoch 89, min : 0.0, max : 0.8596716523170471
This epoch duration :211.2617630958557
Epoch 89, val-method base, validation accuracy 90.7699966430664, best_prec 90.79000091552734
Epoch 90, l0 norm : 377834, l1 norm : 27590.520385742188
Epoch 90, min : 0.0, max : 0.8595663905143738
This epoch duration :210.81138563156128
Epoch 90, val-method base, validation accuracy 90.68000030517578, best_prec 90.79000091552734
Epoch 91, l0 norm : 377834, l1 norm : 27597.976165771484
Epoch 91, min : 0.0, max : 0.8592845797538757
This epoch duration :210.6011824607849
Epoch 91, val-method base, validation accuracy 90.65999603271484, best_prec 90.79000091552734
Epoch 92, l0 norm : 377834, l1 norm : 27605.202056884766
Epoch 92, min : 0.0, max : 0.8598288893699646
This epoch duration :211.10694885253906
Epoch 92, val-method base, validation accuracy 90.65999603271484, best_prec 90.79000091552734
Epoch 93, l0 norm : 377834, l1 norm : 27612.112243652344
Epoch 93, min : 0.0, max : 0.8600890040397644
This epoch duration :210.61759853363037
Epoch 93, val-method base, validation accuracy 90.68000030517578, best_prec 90.79000091552734
Epoch 94, l0 norm : 377834, l1 norm : 27618.607971191406
Epoch 94, min : 0.0, max : 0.8600285649299622
This epoch duration :205.97872257232666
Epoch 94, val-method base, validation accuracy 90.68000030517578, best_prec 90.79000091552734
Epoch 95, l0 norm : 377834, l1 norm : 27624.688751220703
Epoch 95, min : 0.0, max : 0.8603206276893616
This epoch duration :196.74792170524597
Epoch 95, val-method base, validation accuracy 90.68000030517578, best_prec 90.79000091552734
Epoch 96, l0 norm : 377834, l1 norm : 27630.427307128906
Epoch 96, min : 0.0, max : 0.8601242303848267
This epoch duration :190.49807381629944
Epoch 96, val-method base, validation accuracy 90.72999572753906, best_prec 90.79000091552734
Epoch 97, l0 norm : 377834, l1 norm : 27635.955322265625
Epoch 97, min : 0.0, max : 0.8601517677307129
This epoch duration :176.79240822792053
Epoch 97, val-method base, validation accuracy 90.68000030517578, best_prec 90.79000091552734
Epoch 98, l0 norm : 377834, l1 norm : 27641.23760986328
Epoch 98, min : 0.0, max : 0.8602204322814941
This epoch duration :110.57983446121216
Epoch 98, val-method base, validation accuracy 90.66999816894531, best_prec 90.79000091552734
Epoch 99, l0 norm : 377834, l1 norm : 27646.249969482422
Epoch 99, min : 0.0, max : 0.8600324988365173
This epoch duration :69.09920072555542
Epoch 99, val-method base, validation accuracy 90.68999481201172, best_prec 90.79000091552734
