Namespace(configs='configs/FASHION_MNIST/bip_baseline.yml', result_dir='./trained_models', exp_name='fm_bb_8', exp_mode='prune', arch='fmnist_model', num_classes=10, layer_type='unstructured', k=0.18904061003724065, lambd=0.0, alpha=1.0, fw_momentum=1.0, scaled_score_init=True, scale_rand_init=False, freeze_bn=False, source_net='trained_models/FMNIST_fmnist_model/pretrain/latest_exp/checkpoint/model_best.pth.tar', scores_init_type=None, dataset='FashionMNIST', batch_size=128, num_workers=2, test_batch_size=128, normalize=True, data_dir='./data', image_dim=32, trainer='bilevel_baseline', epochs=100, optimizer='sgd', wd=0.0001, mask_lr=0.1, lr=0.1, mask_lr_schedule='step', lr_schedule='cosine', momentum=0.9, warmup_epochs=0, warmup_lr=0.1, save_dense=False, evaluate=False, val_method='base', resume='', seed=1234, print_freq=100, lr2=0.0001, accelerate=False)
=> loading source model from 'trained_models/FMNIST_fmnist_model/pretrain/latest_exp/checkpoint/model_best.pth.tar'
=> loaded checkpoint 'trained_models/FMNIST_fmnist_model/pretrain/latest_exp/checkpoint/model_best.pth.tar'
This epoch duration :391.7925271987915
Epoch 0, val-method base, validation accuracy 89.43000030517578, best_prec 89.43000030517578
This epoch duration :463.15591645240784
Epoch 1, val-method base, validation accuracy 90.1199951171875, best_prec 90.1199951171875
This epoch duration :465.43450117111206
Epoch 2, val-method base, validation accuracy 90.61000061035156, best_prec 90.61000061035156
This epoch duration :463.0304651260376
Epoch 3, val-method base, validation accuracy 90.20999908447266, best_prec 90.61000061035156
This epoch duration :465.1135377883911
Epoch 4, val-method base, validation accuracy 90.40999603271484, best_prec 90.61000061035156
This epoch duration :464.0810627937317
Epoch 5, val-method base, validation accuracy 91.04000091552734, best_prec 91.04000091552734
This epoch duration :464.81989550590515
Epoch 6, val-method base, validation accuracy 90.5, best_prec 91.04000091552734
This epoch duration :465.02038836479187
Epoch 7, val-method base, validation accuracy 90.5, best_prec 91.04000091552734
This epoch duration :463.99963450431824
Epoch 8, val-method base, validation accuracy 90.45999908447266, best_prec 91.04000091552734
This epoch duration :464.69616889953613
Epoch 9, val-method base, validation accuracy 91.02999877929688, best_prec 91.04000091552734
This epoch duration :464.2144708633423
Epoch 10, val-method base, validation accuracy 90.5999984741211, best_prec 91.04000091552734
This epoch duration :465.17807388305664
Epoch 11, val-method base, validation accuracy 90.22000122070312, best_prec 91.04000091552734
This epoch duration :464.6383581161499
Epoch 12, val-method base, validation accuracy 90.56999969482422, best_prec 91.04000091552734
This epoch duration :464.1251440048218
Epoch 13, val-method base, validation accuracy 90.72000122070312, best_prec 91.04000091552734
This epoch duration :465.3334288597107
Epoch 14, val-method base, validation accuracy 90.8499984741211, best_prec 91.04000091552734
This epoch duration :464.33578610420227
Epoch 15, val-method base, validation accuracy 90.68000030517578, best_prec 91.04000091552734
This epoch duration :465.2528009414673
Epoch 16, val-method base, validation accuracy 90.15999603271484, best_prec 91.04000091552734
This epoch duration :463.71908259391785
Epoch 17, val-method base, validation accuracy 90.68999481201172, best_prec 91.04000091552734
This epoch duration :464.98747992515564
Epoch 18, val-method base, validation accuracy 90.5999984741211, best_prec 91.04000091552734
This epoch duration :464.5818557739258
Epoch 19, val-method base, validation accuracy 90.29000091552734, best_prec 91.04000091552734
This epoch duration :464.6215069293976
Epoch 20, val-method base, validation accuracy 90.73999786376953, best_prec 91.04000091552734
This epoch duration :464.8824944496155
Epoch 21, val-method base, validation accuracy 90.98999786376953, best_prec 91.04000091552734
This epoch duration :464.34235429763794
Epoch 22, val-method base, validation accuracy 91.04999542236328, best_prec 91.04999542236328
This epoch duration :464.68486857414246
Epoch 23, val-method base, validation accuracy 90.79999542236328, best_prec 91.04999542236328
This epoch duration :464.47640657424927
Epoch 24, val-method base, validation accuracy 90.5199966430664, best_prec 91.04999542236328
This epoch duration :464.5781738758087
Epoch 25, val-method base, validation accuracy 90.69999694824219, best_prec 91.04999542236328
This epoch duration :465.11599349975586
Epoch 26, val-method base, validation accuracy 90.90999603271484, best_prec 91.04999542236328
This epoch duration :464.0228326320648
Epoch 27, val-method base, validation accuracy 90.8499984741211, best_prec 91.04999542236328
This epoch duration :465.2876899242401
Epoch 28, val-method base, validation accuracy 90.8499984741211, best_prec 91.04999542236328
This epoch duration :464.81992387771606
Epoch 29, val-method base, validation accuracy 90.80999755859375, best_prec 91.04999542236328
This epoch duration :466.6665382385254
Epoch 30, val-method base, validation accuracy 90.30999755859375, best_prec 91.04999542236328
This epoch duration :464.9645211696625
Epoch 31, val-method base, validation accuracy 91.22999572753906, best_prec 91.22999572753906
This epoch duration :465.7660496234894
Epoch 32, val-method base, validation accuracy 91.23999786376953, best_prec 91.23999786376953
This epoch duration :465.4855697154999
Epoch 33, val-method base, validation accuracy 91.15999603271484, best_prec 91.23999786376953
This epoch duration :465.413535118103
Epoch 34, val-method base, validation accuracy 91.23999786376953, best_prec 91.23999786376953
This epoch duration :465.984091758728
Epoch 35, val-method base, validation accuracy 91.25, best_prec 91.25
This epoch duration :464.78018712997437
Epoch 36, val-method base, validation accuracy 90.91999816894531, best_prec 91.25
This epoch duration :466.0332498550415
Epoch 37, val-method base, validation accuracy 90.89999389648438, best_prec 91.25
This epoch duration :465.0320737361908
Epoch 38, val-method base, validation accuracy 90.68999481201172, best_prec 91.25
This epoch duration :464.88399481773376
Epoch 39, val-method base, validation accuracy 91.05999755859375, best_prec 91.25
This epoch duration :465.3418011665344
Epoch 40, val-method base, validation accuracy 91.04000091552734, best_prec 91.25
This epoch duration :464.6919164657593
Epoch 41, val-method base, validation accuracy 90.72999572753906, best_prec 91.25
This epoch duration :466.01795625686646
Epoch 42, val-method base, validation accuracy 91.14999389648438, best_prec 91.25
This epoch duration :464.2059323787689
Epoch 43, val-method base, validation accuracy 91.12999725341797, best_prec 91.25
This epoch duration :465.51230669021606
Epoch 44, val-method base, validation accuracy 91.15999603271484, best_prec 91.25
This epoch duration :465.4901342391968
Epoch 45, val-method base, validation accuracy 90.69999694824219, best_prec 91.25
This epoch duration :464.5855886936188
Epoch 46, val-method base, validation accuracy 91.15999603271484, best_prec 91.25
This epoch duration :465.5424029827118
Epoch 47, val-method base, validation accuracy 90.64999389648438, best_prec 91.25
This epoch duration :464.204669713974
Epoch 48, val-method base, validation accuracy 91.25, best_prec 91.25
This epoch duration :465.9050750732422
Epoch 49, val-method base, validation accuracy 91.29999542236328, best_prec 91.29999542236328
This epoch duration :463.30088925361633
Epoch 50, val-method base, validation accuracy 90.79999542236328, best_prec 91.29999542236328
This epoch duration :465.62405729293823
Epoch 51, val-method base, validation accuracy 91.47000122070312, best_prec 91.47000122070312
This epoch duration :464.51196098327637
Epoch 52, val-method base, validation accuracy 91.80999755859375, best_prec 91.80999755859375
This epoch duration :465.0316467285156
Epoch 53, val-method base, validation accuracy 91.75999450683594, best_prec 91.80999755859375
This epoch duration :465.27593541145325
Epoch 54, val-method base, validation accuracy 91.91999816894531, best_prec 91.91999816894531
This epoch duration :464.7462570667267
Epoch 55, val-method base, validation accuracy 92.08999633789062, best_prec 92.08999633789062
This epoch duration :465.32304286956787
Epoch 56, val-method base, validation accuracy 92.06999969482422, best_prec 92.08999633789062
This epoch duration :464.5598609447479
Epoch 57, val-method base, validation accuracy 92.08999633789062, best_prec 92.08999633789062
This epoch duration :465.3207199573517
Epoch 58, val-method base, validation accuracy 91.94999694824219, best_prec 92.08999633789062
This epoch duration :465.0106089115143
Epoch 59, val-method base, validation accuracy 92.02999877929688, best_prec 92.08999633789062
This epoch duration :465.1140298843384
Epoch 60, val-method base, validation accuracy 91.7699966430664, best_prec 92.08999633789062
This epoch duration :465.19487738609314
Epoch 61, val-method base, validation accuracy 91.97999572753906, best_prec 92.08999633789062
This epoch duration :464.61044573783875
Epoch 62, val-method base, validation accuracy 92.18000030517578, best_prec 92.18000030517578
This epoch duration :465.290607213974
Epoch 63, val-method base, validation accuracy 91.93999481201172, best_prec 92.18000030517578
This epoch duration :464.73471689224243
Epoch 64, val-method base, validation accuracy 91.98999786376953, best_prec 92.18000030517578
This epoch duration :465.56583309173584
Epoch 65, val-method base, validation accuracy 92.04999542236328, best_prec 92.18000030517578
This epoch duration :465.2272970676422
Epoch 66, val-method base, validation accuracy 92.00999450683594, best_prec 92.18000030517578
This epoch duration :455.6577613353729
Epoch 67, val-method base, validation accuracy 92.05999755859375, best_prec 92.18000030517578
This epoch duration :434.9077219963074
Epoch 68, val-method base, validation accuracy 91.72999572753906, best_prec 92.18000030517578
This epoch duration :413.4911890029907
Epoch 69, val-method base, validation accuracy 92.07999420166016, best_prec 92.18000030517578
This epoch duration :359.487509727478
Epoch 70, val-method base, validation accuracy 92.02999877929688, best_prec 92.18000030517578
This epoch duration :302.66136860847473
Epoch 71, val-method base, validation accuracy 91.93000030517578, best_prec 92.18000030517578
This epoch duration :302.7938904762268
Epoch 72, val-method base, validation accuracy 91.93999481201172, best_prec 92.18000030517578
This epoch duration :302.95829916000366
Epoch 73, val-method base, validation accuracy 91.82999420166016, best_prec 92.18000030517578
This epoch duration :302.6746737957001
Epoch 74, val-method base, validation accuracy 91.97999572753906, best_prec 92.18000030517578
This epoch duration :303.06346344947815
Epoch 75, val-method base, validation accuracy 91.97999572753906, best_prec 92.18000030517578
This epoch duration :302.6687710285187
Epoch 76, val-method base, validation accuracy 91.94999694824219, best_prec 92.18000030517578
This epoch duration :302.84053659439087
Epoch 77, val-method base, validation accuracy 92.00999450683594, best_prec 92.18000030517578
This epoch duration :303.8417263031006
Epoch 78, val-method base, validation accuracy 92.0999984741211, best_prec 92.18000030517578
This epoch duration :303.2629976272583
Epoch 79, val-method base, validation accuracy 92.05999755859375, best_prec 92.18000030517578
This epoch duration :302.4248671531677
Epoch 80, val-method base, validation accuracy 91.97999572753906, best_prec 92.18000030517578
This epoch duration :303.99768829345703
Epoch 81, val-method base, validation accuracy 91.97000122070312, best_prec 92.18000030517578
This epoch duration :302.65197563171387
Epoch 82, val-method base, validation accuracy 92.02999877929688, best_prec 92.18000030517578
This epoch duration :303.27604365348816
Epoch 83, val-method base, validation accuracy 92.08999633789062, best_prec 92.18000030517578
This epoch duration :302.9286222457886
Epoch 84, val-method base, validation accuracy 92.07999420166016, best_prec 92.18000030517578
This epoch duration :303.1603355407715
Epoch 85, val-method base, validation accuracy 91.95999908447266, best_prec 92.18000030517578
This epoch duration :302.8901870250702
Epoch 86, val-method base, validation accuracy 92.00999450683594, best_prec 92.18000030517578
This epoch duration :303.22775959968567
Epoch 87, val-method base, validation accuracy 91.94999694824219, best_prec 92.18000030517578
This epoch duration :303.60988211631775
Epoch 88, val-method base, validation accuracy 91.98999786376953, best_prec 92.18000030517578
This epoch duration :302.871741771698
Epoch 89, val-method base, validation accuracy 92.0199966430664, best_prec 92.18000030517578
This epoch duration :302.8980288505554
Epoch 90, val-method base, validation accuracy 91.98999786376953, best_prec 92.18000030517578
This epoch duration :301.8413529396057
Epoch 91, val-method base, validation accuracy 92.06999969482422, best_prec 92.18000030517578
This epoch duration :302.2523913383484
Epoch 92, val-method base, validation accuracy 91.97999572753906, best_prec 92.18000030517578
This epoch duration :302.30258798599243
Epoch 93, val-method base, validation accuracy 92.0, best_prec 92.18000030517578
This epoch duration :302.9819564819336
Epoch 94, val-method base, validation accuracy 92.02999877929688, best_prec 92.18000030517578
This epoch duration :302.843373298645
Epoch 95, val-method base, validation accuracy 92.04000091552734, best_prec 92.18000030517578
This epoch duration :303.63946199417114
Epoch 96, val-method base, validation accuracy 92.02999877929688, best_prec 92.18000030517578
This epoch duration :302.6154990196228
Epoch 97, val-method base, validation accuracy 92.00999450683594, best_prec 92.18000030517578
This epoch duration :272.30005264282227
Epoch 98, val-method base, validation accuracy 92.02999877929688, best_prec 92.18000030517578
This epoch duration :163.81288695335388
Epoch 99, val-method base, validation accuracy 92.0199966430664, best_prec 92.18000030517578
