Namespace(configs='configs/FASHION_MNIST/bip_baseline.yml', result_dir='./trained_models', exp_name='fm_bb_0', exp_mode='prune', arch='fmnist_model', num_classes=10, layer_type='unstructured', k=0.003088609091446474, lambd=0.0, alpha=1.0, fw_momentum=1.0, scaled_score_init=True, scale_rand_init=False, freeze_bn=False, source_net='trained_models/FMNIST_fmnist_model/pretrain/latest_exp/checkpoint/model_best.pth.tar', scores_init_type=None, dataset='FashionMNIST', batch_size=128, num_workers=2, test_batch_size=128, normalize=True, data_dir='./data', image_dim=32, trainer='bilevel_baseline', epochs=100, optimizer='sgd', wd=0.0001, mask_lr=0.1, lr=0.1, mask_lr_schedule='step', lr_schedule='cosine', momentum=0.9, warmup_epochs=0, warmup_lr=0.1, save_dense=False, evaluate=False, val_method='base', resume='', seed=1234, print_freq=100, lr2=0.0001, accelerate=False)
=> loading source model from 'trained_models/FMNIST_fmnist_model/pretrain/latest_exp/checkpoint/model_best.pth.tar'
=> loaded checkpoint 'trained_models/FMNIST_fmnist_model/pretrain/latest_exp/checkpoint/model_best.pth.tar'
This epoch duration :133.66465020179749
Epoch 0, val-method base, validation accuracy 72.87999725341797, best_prec 72.87999725341797
This epoch duration :301.158273935318
Epoch 1, val-method base, validation accuracy 72.22000122070312, best_prec 72.87999725341797
This epoch duration :465.6341462135315
Epoch 2, val-method base, validation accuracy 76.80999755859375, best_prec 76.80999755859375
This epoch duration :463.3582954406738
Epoch 3, val-method base, validation accuracy 77.3499984741211, best_prec 77.3499984741211
This epoch duration :465.1919355392456
Epoch 4, val-method base, validation accuracy 83.54000091552734, best_prec 83.54000091552734
This epoch duration :464.05551385879517
Epoch 5, val-method base, validation accuracy 84.54999542236328, best_prec 84.54999542236328
This epoch duration :465.30570220947266
Epoch 6, val-method base, validation accuracy 85.72000122070312, best_prec 85.72000122070312
This epoch duration :463.63785696029663
Epoch 7, val-method base, validation accuracy 86.25999450683594, best_prec 86.25999450683594
This epoch duration :465.6136169433594
Epoch 8, val-method base, validation accuracy 85.81999969482422, best_prec 86.25999450683594
This epoch duration :465.04932975769043
Epoch 9, val-method base, validation accuracy 86.47000122070312, best_prec 86.47000122070312
This epoch duration :464.15930461883545
Epoch 10, val-method base, validation accuracy 86.79000091552734, best_prec 86.79000091552734
This epoch duration :465.1495532989502
Epoch 11, val-method base, validation accuracy 87.22999572753906, best_prec 87.22999572753906
This epoch duration :463.766135931015
Epoch 12, val-method base, validation accuracy 86.18000030517578, best_prec 87.22999572753906
This epoch duration :464.7162766456604
Epoch 13, val-method base, validation accuracy 87.2699966430664, best_prec 87.2699966430664
This epoch duration :464.3293254375458
Epoch 14, val-method base, validation accuracy 87.9000015258789, best_prec 87.9000015258789
This epoch duration :464.17420053482056
Epoch 15, val-method base, validation accuracy 87.88999938964844, best_prec 87.9000015258789
This epoch duration :465.43234372138977
Epoch 16, val-method base, validation accuracy 87.79000091552734, best_prec 87.9000015258789
This epoch duration :463.75955963134766
Epoch 17, val-method base, validation accuracy 88.27999877929688, best_prec 88.27999877929688
This epoch duration :465.10292625427246
Epoch 18, val-method base, validation accuracy 88.62999725341797, best_prec 88.62999725341797
This epoch duration :463.8730504512787
Epoch 19, val-method base, validation accuracy 88.0999984741211, best_prec 88.62999725341797
This epoch duration :465.237996339798
Epoch 20, val-method base, validation accuracy 88.50999450683594, best_prec 88.62999725341797
This epoch duration :464.75079250335693
Epoch 21, val-method base, validation accuracy 88.22999572753906, best_prec 88.62999725341797
This epoch duration :464.9050118923187
Epoch 22, val-method base, validation accuracy 88.25, best_prec 88.62999725341797
This epoch duration :464.8753044605255
Epoch 23, val-method base, validation accuracy 88.3699951171875, best_prec 88.62999725341797
This epoch duration :463.8272614479065
Epoch 24, val-method base, validation accuracy 88.50999450683594, best_prec 88.62999725341797
This epoch duration :465.0335114002228
Epoch 25, val-method base, validation accuracy 88.22999572753906, best_prec 88.62999725341797
This epoch duration :464.03141498565674
Epoch 26, val-method base, validation accuracy 88.80999755859375, best_prec 88.80999755859375
This epoch duration :465.16578245162964
Epoch 27, val-method base, validation accuracy 88.3499984741211, best_prec 88.80999755859375
This epoch duration :464.9902505874634
Epoch 28, val-method base, validation accuracy 88.69999694824219, best_prec 88.80999755859375
This epoch duration :463.93754386901855
Epoch 29, val-method base, validation accuracy 88.91999816894531, best_prec 88.91999816894531
This epoch duration :465.73568201065063
Epoch 30, val-method base, validation accuracy 88.93000030517578, best_prec 88.93000030517578
This epoch duration :464.4369692802429
Epoch 31, val-method base, validation accuracy 89.00999450683594, best_prec 89.00999450683594
This epoch duration :465.67437171936035
Epoch 32, val-method base, validation accuracy 89.02999877929688, best_prec 89.02999877929688
This epoch duration :464.3721272945404
Epoch 33, val-method base, validation accuracy 88.83999633789062, best_prec 89.02999877929688
This epoch duration :466.66520953178406
Epoch 34, val-method base, validation accuracy 88.82999420166016, best_prec 89.02999877929688
This epoch duration :466.1687955856323
Epoch 35, val-method base, validation accuracy 88.56999969482422, best_prec 89.02999877929688
This epoch duration :465.1891496181488
Epoch 36, val-method base, validation accuracy 88.86000061035156, best_prec 89.02999877929688
This epoch duration :465.8220567703247
Epoch 37, val-method base, validation accuracy 88.98999786376953, best_prec 89.02999877929688
This epoch duration :464.63946175575256
Epoch 38, val-method base, validation accuracy 89.43999481201172, best_prec 89.43999481201172
This epoch duration :465.1991250514984
Epoch 39, val-method base, validation accuracy 89.20999908447266, best_prec 89.43999481201172
This epoch duration :465.21217703819275
Epoch 40, val-method base, validation accuracy 89.43999481201172, best_prec 89.43999481201172
This epoch duration :465.8397982120514
Epoch 41, val-method base, validation accuracy 89.69999694824219, best_prec 89.69999694824219
This epoch duration :465.68114733695984
Epoch 42, val-method base, validation accuracy 89.50999450683594, best_prec 89.69999694824219
This epoch duration :463.6997389793396
Epoch 43, val-method base, validation accuracy 89.63999938964844, best_prec 89.69999694824219
This epoch duration :465.90722489356995
Epoch 44, val-method base, validation accuracy 89.45999908447266, best_prec 89.69999694824219
This epoch duration :463.7442960739136
Epoch 45, val-method base, validation accuracy 88.22000122070312, best_prec 89.69999694824219
This epoch duration :465.9511864185333
Epoch 46, val-method base, validation accuracy 89.75999450683594, best_prec 89.75999450683594
This epoch duration :464.2468349933624
Epoch 47, val-method base, validation accuracy 89.25, best_prec 89.75999450683594
This epoch duration :465.7798194885254
Epoch 48, val-method base, validation accuracy 89.25, best_prec 89.75999450683594
This epoch duration :465.9527111053467
Epoch 49, val-method base, validation accuracy 89.5, best_prec 89.75999450683594
This epoch duration :463.78763127326965
Epoch 50, val-method base, validation accuracy 89.75, best_prec 89.75999450683594
This epoch duration :466.09752893447876
Epoch 51, val-method base, validation accuracy 89.65999603271484, best_prec 89.75999450683594
This epoch duration :464.03769755363464
Epoch 52, val-method base, validation accuracy 89.77999877929688, best_prec 89.77999877929688
This epoch duration :466.33797550201416
Epoch 53, val-method base, validation accuracy 89.66999816894531, best_prec 89.77999877929688
This epoch duration :464.3524856567383
Epoch 54, val-method base, validation accuracy 90.0999984741211, best_prec 90.0999984741211
This epoch duration :465.14888405799866
Epoch 55, val-method base, validation accuracy 89.77999877929688, best_prec 90.0999984741211
This epoch duration :464.893271446228
Epoch 56, val-method base, validation accuracy 89.94999694824219, best_prec 90.0999984741211
This epoch duration :465.24604868888855
Epoch 57, val-method base, validation accuracy 89.79999542236328, best_prec 90.0999984741211
This epoch duration :465.4132046699524
Epoch 58, val-method base, validation accuracy 89.9000015258789, best_prec 90.0999984741211
This epoch duration :464.13719844818115
Epoch 59, val-method base, validation accuracy 90.19999694824219, best_prec 90.19999694824219
This epoch duration :465.28281831741333
Epoch 60, val-method base, validation accuracy 89.69999694824219, best_prec 90.19999694824219
This epoch duration :465.61305236816406
Epoch 61, val-method base, validation accuracy 90.22999572753906, best_prec 90.22999572753906
This epoch duration :464.5145251750946
Epoch 62, val-method base, validation accuracy 90.25999450683594, best_prec 90.25999450683594
This epoch duration :465.6505117416382
Epoch 63, val-method base, validation accuracy 89.88999938964844, best_prec 90.25999450683594
This epoch duration :464.5064344406128
Epoch 64, val-method base, validation accuracy 90.08999633789062, best_prec 90.25999450683594
This epoch duration :465.5244197845459
Epoch 65, val-method base, validation accuracy 90.00999450683594, best_prec 90.25999450683594
This epoch duration :464.3691384792328
Epoch 66, val-method base, validation accuracy 90.04999542236328, best_prec 90.25999450683594
This epoch duration :465.90326404571533
Epoch 67, val-method base, validation accuracy 89.98999786376953, best_prec 90.25999450683594
This epoch duration :460.75391459465027
Epoch 68, val-method base, validation accuracy 89.94999694824219, best_prec 90.25999450683594
This epoch duration :439.1955842971802
Epoch 69, val-method base, validation accuracy 89.95999908447266, best_prec 90.25999450683594
This epoch duration :419.29768896102905
Epoch 70, val-method base, validation accuracy 90.22000122070312, best_prec 90.25999450683594
This epoch duration :383.89761304855347
Epoch 71, val-method base, validation accuracy 90.47999572753906, best_prec 90.47999572753906
This epoch duration :303.20421075820923
Epoch 72, val-method base, validation accuracy 90.20999908447266, best_prec 90.47999572753906
This epoch duration :302.6079902648926
Epoch 73, val-method base, validation accuracy 89.97999572753906, best_prec 90.47999572753906
This epoch duration :302.7612941265106
Epoch 74, val-method base, validation accuracy 90.3699951171875, best_prec 90.47999572753906
This epoch duration :303.8882999420166
Epoch 75, val-method base, validation accuracy 90.1500015258789, best_prec 90.47999572753906
This epoch duration :302.7708463668823
Epoch 76, val-method base, validation accuracy 90.30999755859375, best_prec 90.47999572753906
This epoch duration :302.5057604312897
Epoch 77, val-method base, validation accuracy 90.27999877929688, best_prec 90.47999572753906
This epoch duration :303.36834383010864
Epoch 78, val-method base, validation accuracy 90.32999420166016, best_prec 90.47999572753906
This epoch duration :303.3490686416626
Epoch 79, val-method base, validation accuracy 90.25999450683594, best_prec 90.47999572753906
This epoch duration :303.46693181991577
Epoch 80, val-method base, validation accuracy 90.36000061035156, best_prec 90.47999572753906
This epoch duration :302.79631543159485
Epoch 81, val-method base, validation accuracy 90.25999450683594, best_prec 90.47999572753906
This epoch duration :303.36607336997986
Epoch 82, val-method base, validation accuracy 90.54999542236328, best_prec 90.54999542236328
This epoch duration :302.52123165130615
Epoch 83, val-method base, validation accuracy 90.36000061035156, best_prec 90.54999542236328
This epoch duration :303.8169643878937
Epoch 84, val-method base, validation accuracy 90.41999816894531, best_prec 90.54999542236328
This epoch duration :303.12704634666443
Epoch 85, val-method base, validation accuracy 90.50999450683594, best_prec 90.54999542236328
This epoch duration :303.06948256492615
Epoch 86, val-method base, validation accuracy 90.44999694824219, best_prec 90.54999542236328
This epoch duration :302.6995599269867
Epoch 87, val-method base, validation accuracy 90.52999877929688, best_prec 90.54999542236328
This epoch duration :303.6782338619232
Epoch 88, val-method base, validation accuracy 90.47999572753906, best_prec 90.54999542236328
This epoch duration :302.7457916736603
Epoch 89, val-method base, validation accuracy 90.69999694824219, best_prec 90.69999694824219
This epoch duration :303.21105313301086
Epoch 90, val-method base, validation accuracy 90.64999389648438, best_prec 90.69999694824219
This epoch duration :303.02611684799194
Epoch 91, val-method base, validation accuracy 90.41999816894531, best_prec 90.69999694824219
This epoch duration :306.35054659843445
Epoch 92, val-method base, validation accuracy 90.52999877929688, best_prec 90.69999694824219
This epoch duration :303.0310790538788
Epoch 93, val-method base, validation accuracy 90.57999420166016, best_prec 90.69999694824219
This epoch duration :303.6876947879791
Epoch 94, val-method base, validation accuracy 90.44999694824219, best_prec 90.69999694824219
This epoch duration :303.3232071399689
Epoch 95, val-method base, validation accuracy 90.56999969482422, best_prec 90.69999694824219
This epoch duration :303.5335283279419
Epoch 96, val-method base, validation accuracy 90.63999938964844, best_prec 90.69999694824219
This epoch duration :302.83996629714966
Epoch 97, val-method base, validation accuracy 90.63999938964844, best_prec 90.69999694824219
This epoch duration :302.4305293560028
Epoch 98, val-method base, validation accuracy 90.6199951171875, best_prec 90.69999694824219
This epoch duration :294.45336174964905
Epoch 99, val-method base, validation accuracy 90.54999542236328, best_prec 90.69999694824219
