Namespace(configs='configs/CIFAR10/pen_bip_1.yml', result_dir='./trained_models', exp_name='RC_pb1_26', exp_mode='prune', arch='resnet18', num_classes=10, layer_type='unstructured', k=None, lambd=0.99999997, alpha=1.0, scaled_score_init=True, scale_rand_init=False, freeze_bn=False, source_net='trained_models/CIFAR10_resnet18_Pretrain/pretrain/latest_exp/checkpoint/model_best.pth.tar', scores_init_type=None, dataset='CIFAR10', batch_size=128, num_workers=2, test_batch_size=128, normalize=True, data_dir='./data', image_dim=32, trainer='penalized_bilevel_1', epochs=100, optimizer='sgd', wd=0.0001, mask_lr=0.1, lr=0.1, mask_lr_schedule='step', lr_schedule='cosine', momentum=0.9, warmup_epochs=0, warmup_lr=0.1, save_dense=False, evaluate=False, val_method='base', resume='', seed=1234, print_freq=100, lr2=0.0001, accelerate=False)
=> loading source model from 'trained_models/CIFAR10_resnet18_Pretrain/pretrain/latest_exp/checkpoint/model_best.pth.tar'
=> loaded checkpoint 'trained_models/CIFAR10_resnet18_Pretrain/pretrain/latest_exp/checkpoint/model_best.pth.tar'
Epoch 0, l0 norm : 7949602, l1 norm : 2018048.5225219727
Epoch 0, min : 0.0, max : 0.6815597414970398
This epoch duration :2048.256789445877
Epoch 0, val-method base, validation accuracy 58.43000030517578, best_prec 58.43000030517578
Epoch 1, l0 norm : 7957012, l1 norm : 2066272.3589172363
Epoch 1, min : 0.0, max : 0.6954070329666138
This epoch duration :2042.1400487422943
Epoch 1, val-method base, validation accuracy 71.04000091552734, best_prec 71.04000091552734
Epoch 2, l0 norm : 7958993, l1 norm : 2083669.8235473633
Epoch 2, min : 0.0, max : 0.6919588446617126
This epoch duration :2043.0249416828156
Epoch 2, val-method base, validation accuracy 76.29999542236328, best_prec 76.29999542236328
Epoch 3, l0 norm : 7959877, l1 norm : 2091698.1456298828
Epoch 3, min : 0.0, max : 0.697797417640686
This epoch duration :2035.0986170768738
Epoch 3, val-method base, validation accuracy 75.3499984741211, best_prec 76.29999542236328
Epoch 4, l0 norm : 7960316, l1 norm : 2096288.1424560547
Epoch 4, min : 0.0, max : 0.7040306925773621
This epoch duration :2042.9920563697815
Epoch 4, val-method base, validation accuracy 80.88999938964844, best_prec 80.88999938964844
Epoch 5, l0 norm : 7960718, l1 norm : 2099867.179321289
Epoch 5, min : 0.0, max : 0.7105430960655212
This epoch duration :2036.007197856903
Epoch 5, val-method base, validation accuracy 84.22999572753906, best_prec 84.22999572753906
Epoch 6, l0 norm : 7961012, l1 norm : 2102537.190460205
Epoch 6, min : 0.0, max : 0.732187032699585
This epoch duration :2039.3847873210907
Epoch 6, val-method base, validation accuracy 85.95999908447266, best_prec 85.95999908447266
Epoch 7, l0 norm : 7961194, l1 norm : 2104795.5228881836
Epoch 7, min : 0.0, max : 0.7281721234321594
This epoch duration :2039.6282114982605
Epoch 7, val-method base, validation accuracy 85.8499984741211, best_prec 85.95999908447266
Epoch 8, l0 norm : 7961382, l1 norm : 2106398.948059082
Epoch 8, min : 0.0, max : 0.7311734557151794
This epoch duration :2038.5040390491486
Epoch 8, val-method base, validation accuracy 85.75, best_prec 85.95999908447266
Epoch 9, l0 norm : 7961512, l1 norm : 2107726.269592285
Epoch 9, min : 0.0, max : 0.7301069498062134
This epoch duration :2040.286817073822
Epoch 9, val-method base, validation accuracy 88.41999816894531, best_prec 88.41999816894531
Epoch 10, l0 norm : 7961610, l1 norm : 2108745.5233154297
Epoch 10, min : 0.0, max : 0.7229738235473633
This epoch duration :2037.229832649231
Epoch 10, val-method base, validation accuracy 87.20999908447266, best_prec 88.41999816894531
Epoch 11, l0 norm : 7961709, l1 norm : 2109692.035461426
Epoch 11, min : 0.0, max : 0.73198002576828
This epoch duration :2039.926996231079
Epoch 11, val-method base, validation accuracy 85.75999450683594, best_prec 88.41999816894531
Epoch 12, l0 norm : 7961791, l1 norm : 2110551.0360717773
Epoch 12, min : 0.0, max : 0.7303199768066406
This epoch duration :2038.7288031578064
Epoch 12, val-method base, validation accuracy 88.61000061035156, best_prec 88.61000061035156
Epoch 13, l0 norm : 7961855, l1 norm : 2111024.83984375
Epoch 13, min : 0.0, max : 0.7294290661811829
This epoch duration :2040.0300195217133
Epoch 13, val-method base, validation accuracy 88.27999877929688, best_prec 88.61000061035156
Epoch 14, l0 norm : 7961904, l1 norm : 2111687.392578125
Epoch 14, min : 0.0, max : 0.7326714396476746
This epoch duration :2040.291496515274
Epoch 14, val-method base, validation accuracy 88.40999603271484, best_prec 88.61000061035156
Epoch 15, l0 norm : 7961953, l1 norm : 2112318.5766601562
Epoch 15, min : 0.0, max : 0.7311020493507385
This epoch duration :2039.8138585090637
Epoch 15, val-method base, validation accuracy 89.18999481201172, best_prec 89.18999481201172
Epoch 16, l0 norm : 7961985, l1 norm : 2112888.721008301
Epoch 16, min : 0.0, max : 0.7349627017974854
This epoch duration :2039.1933670043945
Epoch 16, val-method base, validation accuracy 89.6199951171875, best_prec 89.6199951171875
Epoch 17, l0 norm : 7962029, l1 norm : 2113514.682281494
Epoch 17, min : 0.0, max : 0.7348672151565552
This epoch duration :2041.1615509986877
Epoch 17, val-method base, validation accuracy 89.30999755859375, best_prec 89.6199951171875
Epoch 18, l0 norm : 7962089, l1 norm : 2113747.1330566406
Epoch 18, min : 0.0, max : 0.7363244295120239
This epoch duration :2038.3375866413116
Epoch 18, val-method base, validation accuracy 89.48999786376953, best_prec 89.6199951171875
Epoch 19, l0 norm : 7962127, l1 norm : 2114313.244354248
Epoch 19, min : 0.0, max : 0.7354351282119751
This epoch duration :2038.6373946666718
Epoch 19, val-method base, validation accuracy 88.54999542236328, best_prec 89.6199951171875
Epoch 20, l0 norm : 7962157, l1 norm : 2114821.2735595703
Epoch 20, min : 0.0, max : 0.7369441986083984
This epoch duration :2039.1529259681702
Epoch 20, val-method base, validation accuracy 89.69999694824219, best_prec 89.69999694824219
Epoch 21, l0 norm : 7962187, l1 norm : 2115284.9229125977
Epoch 21, min : 0.0, max : 0.7343875765800476
This epoch duration :2037.9890539646149
Epoch 21, val-method base, validation accuracy 89.69999694824219, best_prec 89.69999694824219
Epoch 22, l0 norm : 7962212, l1 norm : 2115591.277282715
Epoch 22, min : 0.0, max : 0.7315025925636292
This epoch duration :2037.203275680542
Epoch 22, val-method base, validation accuracy 88.58999633789062, best_prec 89.69999694824219
Epoch 23, l0 norm : 7962239, l1 norm : 2116023.84085083
Epoch 23, min : 0.0, max : 0.7338505983352661
This epoch duration :2038.3129415512085
Epoch 23, val-method base, validation accuracy 89.02999877929688, best_prec 89.69999694824219
Epoch 24, l0 norm : 7962255, l1 norm : 2116275.966430664
Epoch 24, min : 0.0, max : 0.7338511347770691
This epoch duration :2039.4644560813904
Epoch 24, val-method base, validation accuracy 89.43999481201172, best_prec 89.69999694824219
Epoch 25, l0 norm : 7962270, l1 norm : 2116442.039794922
Epoch 25, min : 0.0, max : 0.7351901531219482
This epoch duration :2040.390303850174
Epoch 25, val-method base, validation accuracy 88.97999572753906, best_prec 89.69999694824219
Epoch 26, l0 norm : 7962290, l1 norm : 2116606.8609924316
Epoch 26, min : 0.0, max : 0.7341520190238953
This epoch duration :2038.505693912506
Epoch 26, val-method base, validation accuracy 89.87999725341797, best_prec 89.87999725341797
Epoch 27, l0 norm : 7962306, l1 norm : 2116954.7751464844
Epoch 27, min : 0.0, max : 0.7323656678199768
This epoch duration :2043.4353158473969
Epoch 27, val-method base, validation accuracy 89.6199951171875, best_prec 89.87999725341797
Epoch 28, l0 norm : 7962317, l1 norm : 2117180.4025878906
Epoch 28, min : 0.0, max : 0.7308496236801147
This epoch duration :2042.9732596874237
Epoch 28, val-method base, validation accuracy 89.95999908447266, best_prec 89.95999908447266
Epoch 29, l0 norm : 7962334, l1 norm : 2117430.491455078
Epoch 29, min : 0.0, max : 0.7313786149024963
This epoch duration :2043.6499376296997
Epoch 29, val-method base, validation accuracy 90.04000091552734, best_prec 90.04000091552734
Epoch 30, l0 norm : 7962345, l1 norm : 2117571.5826416016
Epoch 30, min : 0.0, max : 0.7326847910881042
This epoch duration :2042.0959589481354
Epoch 30, val-method base, validation accuracy 90.6199951171875, best_prec 90.6199951171875
Epoch 31, l0 norm : 7962353, l1 norm : 2117735.5208740234
Epoch 31, min : 0.0, max : 0.7338793277740479
This epoch duration :2039.685245513916
Epoch 31, val-method base, validation accuracy 90.23999786376953, best_prec 90.6199951171875
Epoch 32, l0 norm : 7962369, l1 norm : 2117937.3477783203
Epoch 32, min : 0.0, max : 0.7338926196098328
This epoch duration :2040.6207795143127
Epoch 32, val-method base, validation accuracy 90.56999969482422, best_prec 90.6199951171875
Epoch 33, l0 norm : 7962373, l1 norm : 2118007.5833129883
Epoch 33, min : 0.0, max : 0.7355262041091919
This epoch duration :2042.279123544693
Epoch 33, val-method base, validation accuracy 89.48999786376953, best_prec 90.6199951171875
Epoch 34, l0 norm : 7962374, l1 norm : 2118171.9979248047
Epoch 34, min : 0.0, max : 0.7353115081787109
This epoch duration :2042.6033749580383
Epoch 34, val-method base, validation accuracy 90.6199951171875, best_prec 90.6199951171875
Epoch 35, l0 norm : 7962381, l1 norm : 2118151.6240234375
Epoch 35, min : 0.0, max : 0.7356692552566528
This epoch duration :2042.5147323608398
Epoch 35, val-method base, validation accuracy 91.07999420166016, best_prec 91.07999420166016
Epoch 36, l0 norm : 7962390, l1 norm : 2118297.3112182617
Epoch 36, min : 0.0, max : 0.7372112274169922
This epoch duration :2042.2578616142273
Epoch 36, val-method base, validation accuracy 91.04000091552734, best_prec 91.07999420166016
Epoch 37, l0 norm : 7962393, l1 norm : 2118310.0618286133
Epoch 37, min : 0.0, max : 0.7379888892173767
This epoch duration :2038.316686630249
Epoch 37, val-method base, validation accuracy 91.13999938964844, best_prec 91.13999938964844
Epoch 38, l0 norm : 7962400, l1 norm : 2118227.579223633
Epoch 38, min : 0.0, max : 0.7380490303039551
This epoch duration :2038.5086183547974
Epoch 38, val-method base, validation accuracy 90.5999984741211, best_prec 91.13999938964844
Epoch 39, l0 norm : 7962407, l1 norm : 2118308.010925293
Epoch 39, min : 0.0, max : 0.7350715398788452
This epoch duration :2040.5304369926453
Epoch 39, val-method base, validation accuracy 91.15999603271484, best_prec 91.15999603271484
Epoch 40, l0 norm : 7962416, l1 norm : 2118203.307861328
Epoch 40, min : 0.0, max : 0.7349050641059875
This epoch duration :2040.1358399391174
Epoch 40, val-method base, validation accuracy 91.23999786376953, best_prec 91.23999786376953
Epoch 41, l0 norm : 7962419, l1 norm : 2118057.094909668
Epoch 41, min : 0.0, max : 0.7353373169898987
This epoch duration :2043.7640607357025
Epoch 41, val-method base, validation accuracy 91.11000061035156, best_prec 91.23999786376953
Epoch 42, l0 norm : 7962420, l1 norm : 2117947.082183838
Epoch 42, min : 0.0, max : 0.7332848906517029
This epoch duration :2041.8134999275208
Epoch 42, val-method base, validation accuracy 90.95999908447266, best_prec 91.23999786376953
Epoch 43, l0 norm : 7962425, l1 norm : 2117810.1734313965
Epoch 43, min : 0.0, max : 0.7336533069610596
This epoch duration :2044.6555461883545
Epoch 43, val-method base, validation accuracy 91.50999450683594, best_prec 91.50999450683594
Epoch 44, l0 norm : 7962433, l1 norm : 2117626.903778076
Epoch 44, min : 0.0, max : 0.7320976257324219
This epoch duration :2036.570713043213
Epoch 44, val-method base, validation accuracy 91.25999450683594, best_prec 91.50999450683594
Epoch 45, l0 norm : 7962437, l1 norm : 2117391.1048583984
Epoch 45, min : 0.0, max : 0.7351499795913696
This epoch duration :2046.5121116638184
Epoch 45, val-method base, validation accuracy 91.55999755859375, best_prec 91.55999755859375
Epoch 46, l0 norm : 7962440, l1 norm : 2117178.1826782227
Epoch 46, min : 0.0, max : 0.7346790432929993
This epoch duration :2044.0409562587738
Epoch 46, val-method base, validation accuracy 91.12999725341797, best_prec 91.55999755859375
Epoch 47, l0 norm : 7962443, l1 norm : 2116971.634399414
Epoch 47, min : 0.0, max : 0.7353909015655518
This epoch duration :2039.9043409824371
Epoch 47, val-method base, validation accuracy 91.61000061035156, best_prec 91.61000061035156
Epoch 48, l0 norm : 7962445, l1 norm : 2116539.694519043
Epoch 48, min : 0.0, max : 0.7377068996429443
This epoch duration :2044.78409409523
Epoch 48, val-method base, validation accuracy 91.18999481201172, best_prec 91.61000061035156
Epoch 49, l0 norm : 7962449, l1 norm : 2116330.135925293
Epoch 49, min : 0.0, max : 0.7388866543769836
This epoch duration :2042.6944570541382
Epoch 49, val-method base, validation accuracy 91.54999542236328, best_prec 91.61000061035156
Epoch 50, l0 norm : 7962454, l1 norm : 2116002.876159668
Epoch 50, min : 0.0, max : 0.7380874752998352
This epoch duration :2036.860827922821
Epoch 50, val-method base, validation accuracy 91.72999572753906, best_prec 91.72999572753906
Epoch 51, l0 norm : 7962456, l1 norm : 2115532.0034179688
Epoch 51, min : 0.0, max : 0.738918662071228
This epoch duration :2038.7601001262665
Epoch 51, val-method base, validation accuracy 91.97999572753906, best_prec 91.97999572753906
Epoch 52, l0 norm : 7962459, l1 norm : 2115159.3811035156
Epoch 52, min : 0.0, max : 0.7393989562988281
This epoch duration :2041.6013553142548
Epoch 52, val-method base, validation accuracy 91.47999572753906, best_prec 91.97999572753906
Epoch 53, l0 norm : 7962461, l1 norm : 2114674.3181152344
Epoch 53, min : 0.0, max : 0.7401462197303772
This epoch duration :2042.8274192810059
Epoch 53, val-method base, validation accuracy 91.68999481201172, best_prec 91.97999572753906
Epoch 54, l0 norm : 7962464, l1 norm : 2113980.036682129
Epoch 54, min : 0.0, max : 0.7423269748687744
This epoch duration :2040.3657681941986
Epoch 54, val-method base, validation accuracy 92.54000091552734, best_prec 92.54000091552734
Epoch 55, l0 norm : 7962465, l1 norm : 2113133.592071533
Epoch 55, min : 0.0, max : 0.7425802946090698
This epoch duration :2042.8634760379791
Epoch 55, val-method base, validation accuracy 92.2699966430664, best_prec 92.54000091552734
Epoch 56, l0 norm : 7962466, l1 norm : 2112478.291595459
Epoch 56, min : 0.0, max : 0.7404173016548157
This epoch duration :2042.9742102622986
Epoch 56, val-method base, validation accuracy 91.75999450683594, best_prec 92.54000091552734
Epoch 57, l0 norm : 7962470, l1 norm : 2111513.0642089844
Epoch 57, min : 0.0, max : 0.7407234311103821
This epoch duration :2042.261415719986
Epoch 57, val-method base, validation accuracy 92.25999450683594, best_prec 92.54000091552734
Epoch 58, l0 norm : 7962473, l1 norm : 2110486.3422851562
Epoch 58, min : 0.0, max : 0.7436821460723877
This epoch duration :2044.540319442749
Epoch 58, val-method base, validation accuracy 91.98999786376953, best_prec 92.54000091552734
Epoch 59, l0 norm : 7962476, l1 norm : 2109485.355529785
Epoch 59, min : 0.0, max : 0.7451291680335999
This epoch duration :2042.5878052711487
Epoch 59, val-method base, validation accuracy 92.32999420166016, best_prec 92.54000091552734
Epoch 60, l0 norm : 7962485, l1 norm : 2108353.499206543
Epoch 60, min : 0.0, max : 0.7468426823616028
This epoch duration :2041.529134273529
Epoch 60, val-method base, validation accuracy 92.62999725341797, best_prec 92.62999725341797
Epoch 61, l0 norm : 7962487, l1 norm : 2107037.276245117
Epoch 61, min : 0.0, max : 0.7487226128578186
This epoch duration :2031.2538197040558
Epoch 61, val-method base, validation accuracy 92.47000122070312, best_prec 92.62999725341797
Epoch 62, l0 norm : 7962488, l1 norm : 2105689.5868225098
Epoch 62, min : 0.0, max : 0.7493923306465149
This epoch duration :2042.016196012497
Epoch 62, val-method base, validation accuracy 92.62999725341797, best_prec 92.62999725341797
Epoch 63, l0 norm : 7962490, l1 norm : 2104109.748779297
Epoch 63, min : 0.0, max : 0.7497017979621887
This epoch duration :2034.885921239853
Epoch 63, val-method base, validation accuracy 92.82999420166016, best_prec 92.82999420166016
Epoch 64, l0 norm : 7962493, l1 norm : 2102762.4943847656
Epoch 64, min : 0.0, max : 0.7482941746711731
This epoch duration :2040.6288568973541
Epoch 64, val-method base, validation accuracy 92.75999450683594, best_prec 92.82999420166016
Epoch 65, l0 norm : 7962496, l1 norm : 2100736.6869506836
Epoch 65, min : 0.0, max : 0.7477151155471802
This epoch duration :2039.8300578594208
Epoch 65, val-method base, validation accuracy 92.5, best_prec 92.82999420166016
Epoch 66, l0 norm : 7962499, l1 norm : 2098467.3745117188
Epoch 66, min : 0.0, max : 0.7482247948646545
This epoch duration :2037.816240787506
Epoch 66, val-method base, validation accuracy 92.63999938964844, best_prec 92.82999420166016
Epoch 67, l0 norm : 7962502, l1 norm : 2096150.629333496
Epoch 67, min : 0.0, max : 0.7475797533988953
This epoch duration :2044.1767344474792
Epoch 67, val-method base, validation accuracy 93.13999938964844, best_prec 93.13999938964844
Epoch 68, l0 norm : 7962504, l1 norm : 2092987.9783935547
Epoch 68, min : 0.0, max : 0.7469719052314758
This epoch duration :2040.7574517726898
Epoch 68, val-method base, validation accuracy 93.02999877929688, best_prec 93.13999938964844
Epoch 69, l0 norm : 7962504, l1 norm : 2089662.9704284668
Epoch 69, min : 0.0, max : 0.7483472228050232
This epoch duration :2041.3549783229828
Epoch 69, val-method base, validation accuracy 92.88999938964844, best_prec 93.13999938964844
Epoch 70, l0 norm : 7962507, l1 norm : 2086250.4309387207
Epoch 70, min : 0.0, max : 0.750740647315979
This epoch duration :2041.5870053768158
Epoch 70, val-method base, validation accuracy 93.08999633789062, best_prec 93.13999938964844
Epoch 71, l0 norm : 7962508, l1 norm : 2082162.7090148926
Epoch 71, min : 0.0, max : 0.7521997094154358
This epoch duration :2043.5678129196167
Epoch 71, val-method base, validation accuracy 93.6199951171875, best_prec 93.6199951171875
Epoch 72, l0 norm : 7962510, l1 norm : 2077015.5097961426
Epoch 72, min : 0.0, max : 0.7533720135688782
This epoch duration :2038.4089288711548
Epoch 72, val-method base, validation accuracy 93.64999389648438, best_prec 93.64999389648438
Epoch 73, l0 norm : 7962510, l1 norm : 2071421.1243286133
Epoch 73, min : 0.0, max : 0.75477534532547
This epoch duration :2039.8511373996735
Epoch 73, val-method base, validation accuracy 93.45999908447266, best_prec 93.64999389648438
Epoch 74, l0 norm : 7962511, l1 norm : 2066446.2849121094
Epoch 74, min : 0.0, max : 0.7576794028282166
This epoch duration :2040.307632446289
Epoch 74, val-method base, validation accuracy 93.54000091552734, best_prec 93.64999389648438
Epoch 75, l0 norm : 7962512, l1 norm : 2060139.6731567383
Epoch 75, min : 0.0, max : 0.7595367431640625
This epoch duration :2036.8319132328033
Epoch 75, val-method base, validation accuracy 93.44999694824219, best_prec 93.64999389648438
Epoch 76, l0 norm : 7962513, l1 norm : 2054270.398864746
Epoch 76, min : 0.0, max : 0.7611883878707886
This epoch duration :2045.6316075325012
Epoch 76, val-method base, validation accuracy 93.73999786376953, best_prec 93.73999786376953
Epoch 77, l0 norm : 7962513, l1 norm : 2047350.353515625
Epoch 77, min : 0.0, max : 0.7640777230262756
This epoch duration :2041.1415655612946
Epoch 77, val-method base, validation accuracy 93.72000122070312, best_prec 93.73999786376953
Epoch 78, l0 norm : 7962513, l1 norm : 2039550.4315185547
Epoch 78, min : 0.0, max : 0.7663242220878601
This epoch duration :2040.796602487564
Epoch 78, val-method base, validation accuracy 93.66999816894531, best_prec 93.73999786376953
Epoch 79, l0 norm : 7962513, l1 norm : 2032345.7774047852
Epoch 79, min : 0.0, max : 0.7687007784843445
This epoch duration :2035.3275096416473
Epoch 79, val-method base, validation accuracy 93.70999908447266, best_prec 93.73999786376953
Epoch 80, l0 norm : 7962513, l1 norm : 2024332.1918029785
Epoch 80, min : 0.0, max : 0.7711774110794067
This epoch duration :2043.7385621070862
Epoch 80, val-method base, validation accuracy 93.6199951171875, best_prec 93.73999786376953
Epoch 81, l0 norm : 7962514, l1 norm : 2016564.6540527344
Epoch 81, min : 0.0, max : 0.7741807103157043
This epoch duration :2042.1919193267822
Epoch 81, val-method base, validation accuracy 93.87999725341797, best_prec 93.87999725341797
Epoch 82, l0 norm : 7962515, l1 norm : 2008045.9194335938
Epoch 82, min : 0.0, max : 0.7775697112083435
This epoch duration :2031.8845555782318
Epoch 82, val-method base, validation accuracy 93.8699951171875, best_prec 93.87999725341797
Epoch 83, l0 norm : 7962515, l1 norm : 1998968.213256836
Epoch 83, min : 0.0, max : 0.7799277901649475
This epoch duration :2036.9679625034332
Epoch 83, val-method base, validation accuracy 93.86000061035156, best_prec 93.87999725341797
Epoch 84, l0 norm : 7962515, l1 norm : 1989399.998413086
Epoch 84, min : 0.0, max : 0.7831602692604065
This epoch duration :2039.8727428913116
Epoch 84, val-method base, validation accuracy 93.93000030517578, best_prec 93.93000030517578
Epoch 85, l0 norm : 7962516, l1 norm : 1979797.341003418
Epoch 85, min : 0.0, max : 0.785455584526062
This epoch duration :2037.1595554351807
Epoch 85, val-method base, validation accuracy 94.04999542236328, best_prec 94.04999542236328
Epoch 86, l0 norm : 7962516, l1 norm : 1970628.6099853516
Epoch 86, min : 0.0, max : 0.788138747215271
This epoch duration :2041.7926626205444
Epoch 86, val-method base, validation accuracy 93.90999603271484, best_prec 94.04999542236328
Epoch 87, l0 norm : 7962517, l1 norm : 1961348.690246582
Epoch 87, min : 0.0, max : 0.790962815284729
This epoch duration :2039.4626491069794
Epoch 87, val-method base, validation accuracy 93.8699951171875, best_prec 94.04999542236328
Epoch 88, l0 norm : 7962517, l1 norm : 1952450.998840332
Epoch 88, min : 0.0, max : 0.7934033870697021
This epoch duration :2034.5030162334442
Epoch 88, val-method base, validation accuracy 94.05999755859375, best_prec 94.05999755859375
Epoch 89, l0 norm : 7962517, l1 norm : 1943004.9353637695
Epoch 89, min : 0.0, max : 0.7958215475082397
This epoch duration :2035.1967635154724
Epoch 89, val-method base, validation accuracy 94.1199951171875, best_prec 94.1199951171875
Epoch 90, l0 norm : 7962517, l1 norm : 1933493.2395629883
Epoch 90, min : 0.0, max : 0.7976028323173523
This epoch duration :2033.8766732215881
Epoch 90, val-method base, validation accuracy 94.02999877929688, best_prec 94.1199951171875
Epoch 91, l0 norm : 7962517, l1 norm : 1924005.8756103516
Epoch 91, min : 0.0, max : 0.8000995516777039
This epoch duration :2034.3498783111572
Epoch 91, val-method base, validation accuracy 94.0, best_prec 94.1199951171875
Epoch 92, l0 norm : 7962517, l1 norm : 1915494.0873413086
Epoch 92, min : 0.0, max : 0.8024027347564697
This epoch duration :2037.6513307094574
Epoch 92, val-method base, validation accuracy 94.00999450683594, best_prec 94.1199951171875
Epoch 93, l0 norm : 7962517, l1 norm : 1906414.9308166504
Epoch 93, min : 0.0, max : 0.8043662309646606
This epoch duration :2041.2690813541412
Epoch 93, val-method base, validation accuracy 94.0, best_prec 94.1199951171875
Epoch 94, l0 norm : 7962517, l1 norm : 1897548.7184143066
Epoch 94, min : 0.0, max : 0.8063206076622009
This epoch duration :2038.9531359672546
Epoch 94, val-method base, validation accuracy 93.88999938964844, best_prec 94.1199951171875
Epoch 95, l0 norm : 7962517, l1 norm : 1889081.6837768555
Epoch 95, min : 0.0, max : 0.8077908754348755
This epoch duration :2034.6708924770355
Epoch 95, val-method base, validation accuracy 93.86000061035156, best_prec 94.1199951171875
Epoch 96, l0 norm : 7962517, l1 norm : 1880902.9365844727
Epoch 96, min : 0.0, max : 0.8098438382148743
This epoch duration :2046.4833688735962
Epoch 96, val-method base, validation accuracy 94.12999725341797, best_prec 94.12999725341797
Epoch 97, l0 norm : 7962517, l1 norm : 1872291.660369873
Epoch 97, min : 0.0, max : 0.8113664984703064
This epoch duration :2039.4525320529938
Epoch 97, val-method base, validation accuracy 94.05999755859375, best_prec 94.12999725341797
Epoch 98, l0 norm : 7962517, l1 norm : 1864596.9116516113
Epoch 98, min : 0.0, max : 0.812947154045105
This epoch duration :1993.7324373722076
Epoch 98, val-method base, validation accuracy 94.06999969482422, best_prec 94.12999725341797
Epoch 99, l0 norm : 7962517, l1 norm : 1857090.7878417969
Epoch 99, min : 0.0, max : 0.8144788146018982
This epoch duration :1203.3904221057892
Epoch 99, val-method base, validation accuracy 94.12999725341797, best_prec 94.12999725341797
