Namespace(configs='configs/CIFAR10/pen_bip_3.yml', result_dir='./trained_models', exp_name='RC_pb3_l10k02', exp_mode='prune', arch='resnet18', num_classes=10, layer_type='unstructured', k=0.2, lambd=0.9999999999, alpha=1.0, scaled_score_init=True, scale_rand_init=False, freeze_bn=False, source_net='trained_models/CIFAR10_resnet18_Pretrain/pretrain/latest_exp/checkpoint/model_best.pth.tar', scores_init_type=None, dataset='CIFAR10', batch_size=128, num_workers=2, test_batch_size=128, normalize=True, data_dir='./data', image_dim=32, trainer='penalized_bilevel_3', epochs=100, optimizer='sgd', wd=0.0001, mask_lr=0.1, lr=0.1, mask_lr_schedule='step', lr_schedule='cosine', momentum=0.9, warmup_epochs=0, warmup_lr=0.1, save_dense=False, evaluate=False, val_method='base', resume='', seed=1234, print_freq=100, lr2=0.0001, accelerate=False)
=> loading source model from 'trained_models/CIFAR10_resnet18_Pretrain/pretrain/latest_exp/checkpoint/model_best.pth.tar'
=> loaded checkpoint 'trained_models/CIFAR10_resnet18_Pretrain/pretrain/latest_exp/checkpoint/model_best.pth.tar'
Epoch 0, l0 norm : 1126913, l1 norm : 564088.3522644043
Epoch 0, min : 0.0, max : 0.9871258735656738
This epoch duration :1857.7190268039703
Epoch 0, val-method base, validation accuracy 39.05999755859375, best_prec 39.05999755859375
Epoch 1, l0 norm : 1126913, l1 norm : 557198.4675292969
Epoch 1, min : 0.0, max : 0.9744598865509033
This epoch duration :2296.866617202759
Epoch 1, val-method base, validation accuracy 44.13999938964844, best_prec 44.13999938964844
Epoch 2, l0 norm : 1126913, l1 norm : 550001.668045044
Epoch 2, min : 0.0, max : 0.9620466828346252
This epoch duration :2235.2130329608917
Epoch 2, val-method base, validation accuracy 50.27000045776367, best_prec 50.27000045776367
Epoch 3, l0 norm : 1126913, l1 norm : 542947.865447998
Epoch 3, min : 0.0, max : 0.9498899579048157
This epoch duration :2236.8901629447937
Epoch 3, val-method base, validation accuracy 60.78999710083008, best_prec 60.78999710083008
Epoch 4, l0 norm : 1126913, l1 norm : 536036.4961242676
Epoch 4, min : 0.0, max : 0.9379942417144775
This epoch duration :2235.575407743454
Epoch 4, val-method base, validation accuracy 61.71999740600586, best_prec 61.71999740600586
Epoch 5, l0 norm : 1126913, l1 norm : 529255.0021057129
Epoch 5, min : 0.0, max : 0.926362931728363
This epoch duration :2236.657492876053
Epoch 5, val-method base, validation accuracy 67.08000183105469, best_prec 67.08000183105469
Epoch 6, l0 norm : 1126913, l1 norm : 522617.38345336914
Epoch 6, min : 0.0, max : 0.9149988889694214
This epoch duration :2237.781474351883
Epoch 6, val-method base, validation accuracy 64.38999938964844, best_prec 67.08000183105469
Epoch 7, l0 norm : 1126913, l1 norm : 516173.578704834
Epoch 7, min : 0.0, max : 0.9039047956466675
This epoch duration :2237.7260525226593
Epoch 7, val-method base, validation accuracy 69.37999725341797, best_prec 69.37999725341797
Epoch 8, l0 norm : 1126913, l1 norm : 509912.843170166
Epoch 8, min : 0.0, max : 0.8930832147598267
This epoch duration :2237.4437911510468
Epoch 8, val-method base, validation accuracy 72.88999938964844, best_prec 72.88999938964844
Epoch 9, l0 norm : 1126913, l1 norm : 503841.71632385254
Epoch 9, min : 0.0, max : 0.8825358152389526
This epoch duration :2236.878550052643
Epoch 9, val-method base, validation accuracy 74.61000061035156, best_prec 74.61000061035156
Epoch 10, l0 norm : 1126913, l1 norm : 497928.78369140625
Epoch 10, min : 0.0, max : 0.8722634315490723
This epoch duration :2237.9611642360687
Epoch 10, val-method base, validation accuracy 74.8499984741211, best_prec 74.8499984741211
Epoch 11, l0 norm : 1126913, l1 norm : 492179.6176071167
Epoch 11, min : 0.0, max : 0.8622668981552124
This epoch duration :2238.2349996566772
Epoch 11, val-method base, validation accuracy 77.40999603271484, best_prec 77.40999603271484
Epoch 12, l0 norm : 1126913, l1 norm : 486577.4998931885
Epoch 12, min : 0.0, max : 0.8525470495223999
This epoch duration :2234.3132753372192
Epoch 12, val-method base, validation accuracy 76.44999694824219, best_prec 77.40999603271484
Epoch 13, l0 norm : 1126913, l1 norm : 481122.0182647705
Epoch 13, min : 0.0, max : 0.8431037068367004
This epoch duration :2248.217022895813
Epoch 13, val-method base, validation accuracy 78.93000030517578, best_prec 78.93000030517578
Epoch 14, l0 norm : 1126913, l1 norm : 475827.4535293579
Epoch 14, min : 0.0, max : 0.8339367508888245
This epoch duration :2292.361624956131
Epoch 14, val-method base, validation accuracy 81.4000015258789, best_prec 81.4000015258789
Epoch 15, l0 norm : 1126913, l1 norm : 470714.9189300537
Epoch 15, min : 0.0, max : 0.8250459432601929
This epoch duration :2236.3081159591675
Epoch 15, val-method base, validation accuracy 79.29000091552734, best_prec 81.4000015258789
Epoch 16, l0 norm : 1126913, l1 norm : 465755.26889801025
Epoch 16, min : 0.0, max : 0.8164296746253967
This epoch duration :2233.9194943904877
Epoch 16, val-method base, validation accuracy 80.25999450683594, best_prec 81.4000015258789
Epoch 17, l0 norm : 1126913, l1 norm : 460960.0305786133
Epoch 17, min : 0.0, max : 0.8080877661705017
This epoch duration :2236.575125694275
Epoch 17, val-method base, validation accuracy 81.70999908447266, best_prec 81.70999908447266
Epoch 18, l0 norm : 1126913, l1 norm : 456320.9330444336
Epoch 18, min : 0.0, max : 0.8000186085700989
This epoch duration :2236.3687479496
Epoch 18, val-method base, validation accuracy 82.31999969482422, best_prec 82.31999969482422
Epoch 19, l0 norm : 1126913, l1 norm : 451822.5238494873
Epoch 19, min : 0.0, max : 0.7922207713127136
This epoch duration :2235.4719252586365
Epoch 19, val-method base, validation accuracy 82.41999816894531, best_prec 82.41999816894531
Epoch 20, l0 norm : 1126913, l1 norm : 447490.65116882324
Epoch 20, min : 0.0, max : 0.7846932411193848
This epoch duration :2235.7309098243713
Epoch 20, val-method base, validation accuracy 82.50999450683594, best_prec 82.50999450683594
Epoch 21, l0 norm : 1126913, l1 norm : 443310.4579772949
Epoch 21, min : 0.0, max : 0.7774331569671631
This epoch duration :2228.385367155075
Epoch 21, val-method base, validation accuracy 83.6500015258789, best_prec 83.6500015258789
Epoch 22, l0 norm : 1126913, l1 norm : 439292.5194320679
Epoch 22, min : 0.0, max : 0.7704387307167053
This epoch duration :1710.2190601825714
Epoch 22, val-method base, validation accuracy 82.95999908447266, best_prec 83.6500015258789
Epoch 23, l0 norm : 1126913, l1 norm : 435434.0686035156
Epoch 23, min : 0.0, max : 0.7637078762054443
This epoch duration :1710.9400794506073
Epoch 23, val-method base, validation accuracy 83.8499984741211, best_prec 83.8499984741211
Epoch 24, l0 norm : 1126913, l1 norm : 431729.2712402344
Epoch 24, min : 0.0, max : 0.757239043712616
This epoch duration :1711.0733251571655
Epoch 24, val-method base, validation accuracy 82.79999542236328, best_prec 83.8499984741211
Epoch 25, l0 norm : 1126913, l1 norm : 428173.4218902588
Epoch 25, min : 0.0, max : 0.7510285973548889
This epoch duration :1711.725876569748
Epoch 25, val-method base, validation accuracy 82.69999694824219, best_prec 83.8499984741211
Epoch 26, l0 norm : 1126913, l1 norm : 424765.81911468506
Epoch 26, min : 0.0, max : 0.7450751066207886
This epoch duration :1710.6202437877655
Epoch 26, val-method base, validation accuracy 84.43000030517578, best_prec 84.43000030517578
Epoch 27, l0 norm : 1126913, l1 norm : 421503.3000564575
Epoch 27, min : 0.0, max : 0.739375650882721
This epoch duration :1710.0292084217072
Epoch 27, val-method base, validation accuracy 83.97000122070312, best_prec 84.43000030517578
Epoch 28, l0 norm : 1126913, l1 norm : 418389.95932006836
Epoch 28, min : 0.0, max : 0.7339282631874084
This epoch duration :1709.7079877853394
Epoch 28, val-method base, validation accuracy 85.32999420166016, best_prec 85.32999420166016
Epoch 29, l0 norm : 1126913, l1 norm : 415412.6718673706
Epoch 29, min : 0.0, max : 0.7287293076515198
This epoch duration :1709.6166055202484
Epoch 29, val-method base, validation accuracy 84.95999908447266, best_prec 85.32999420166016
Epoch 30, l0 norm : 1126913, l1 norm : 412581.5453338623
Epoch 30, min : 0.0, max : 0.7237764000892639
This epoch duration :1709.4974534511566
Epoch 30, val-method base, validation accuracy 84.75999450683594, best_prec 85.32999420166016
Epoch 31, l0 norm : 1126913, l1 norm : 409889.2077178955
Epoch 31, min : 0.0, max : 0.7190676331520081
This epoch duration :1709.698335647583
Epoch 31, val-method base, validation accuracy 85.29999542236328, best_prec 85.32999420166016
Epoch 32, l0 norm : 1126913, l1 norm : 407317.76052856445
Epoch 32, min : 0.0, max : 0.7145993113517761
This epoch duration :1709.8653573989868
Epoch 32, val-method base, validation accuracy 85.87999725341797, best_prec 85.87999725341797
Epoch 33, l0 norm : 1126913, l1 norm : 404878.0379867554
Epoch 33, min : 0.0, max : 0.7103691697120667
This epoch duration :1709.856113910675
Epoch 33, val-method base, validation accuracy 84.70999908447266, best_prec 85.87999725341797
Epoch 34, l0 norm : 1126913, l1 norm : 402574.9901123047
Epoch 34, min : 0.0, max : 0.7063747048377991
This epoch duration :1709.902390241623
Epoch 34, val-method base, validation accuracy 85.87999725341797, best_prec 85.87999725341797
Epoch 35, l0 norm : 1126913, l1 norm : 400408.5185928345
Epoch 35, min : 0.0, max : 0.7026122212409973
This epoch duration :1710.468778848648
Epoch 35, val-method base, validation accuracy 86.57999420166016, best_prec 86.57999420166016
Epoch 36, l0 norm : 1126913, l1 norm : 398374.56381988525
Epoch 36, min : 0.0, max : 0.6990800499916077
This epoch duration :1709.836025238037
Epoch 36, val-method base, validation accuracy 86.70999908447266, best_prec 86.70999908447266
Epoch 37, l0 norm : 1126913, l1 norm : 396467.9067687988
Epoch 37, min : 0.0, max : 0.6957751512527466
This epoch duration :1709.6010556221008
Epoch 37, val-method base, validation accuracy 86.18000030517578, best_prec 86.70999908447266
Epoch 38, l0 norm : 1126913, l1 norm : 394694.10848999023
Epoch 38, min : 0.0, max : 0.6926953792572021
This epoch duration :1709.3503353595734
Epoch 38, val-method base, validation accuracy 86.5199966430664, best_prec 86.70999908447266
Epoch 39, l0 norm : 1126913, l1 norm : 393050.49841308594
Epoch 39, min : 0.0, max : 0.6898365020751953
This epoch duration :1709.7801294326782
Epoch 39, val-method base, validation accuracy 85.97000122070312, best_prec 86.70999908447266
Epoch 40, l0 norm : 1126913, l1 norm : 391533.6807785034
Epoch 40, min : 0.0, max : 0.6871964931488037
This epoch duration :1709.2472636699677
Epoch 40, val-method base, validation accuracy 86.88999938964844, best_prec 86.88999938964844
Epoch 41, l0 norm : 1126913, l1 norm : 390142.3834838867
Epoch 41, min : 0.0, max : 0.6847736239433289
This epoch duration :1709.3024082183838
Epoch 41, val-method base, validation accuracy 86.97000122070312, best_prec 86.97000122070312
Epoch 42, l0 norm : 1126913, l1 norm : 388872.3176727295
Epoch 42, min : 0.0, max : 0.6825636029243469
This epoch duration :1709.5782265663147
Epoch 42, val-method base, validation accuracy 87.52999877929688, best_prec 87.52999877929688
Epoch 43, l0 norm : 1126913, l1 norm : 387721.68492126465
Epoch 43, min : 0.0, max : 0.6805644631385803
This epoch duration :1710.6569769382477
Epoch 43, val-method base, validation accuracy 87.75, best_prec 87.75
Epoch 44, l0 norm : 1126913, l1 norm : 386691.34200286865
Epoch 44, min : 0.0, max : 0.6787753701210022
This epoch duration :1710.0564045906067
Epoch 44, val-method base, validation accuracy 87.19999694824219, best_prec 87.75
Epoch 45, l0 norm : 1126913, l1 norm : 385779.9570541382
Epoch 45, min : 0.0, max : 0.6771896481513977
This epoch duration :1710.337568283081
Epoch 45, val-method base, validation accuracy 87.9000015258789, best_prec 87.9000015258789
Epoch 46, l0 norm : 1126913, l1 norm : 384985.3361968994
Epoch 46, min : 0.0, max : 0.6758072972297668
This epoch duration :1710.1289460659027
Epoch 46, val-method base, validation accuracy 87.63999938964844, best_prec 87.9000015258789
Epoch 47, l0 norm : 1126913, l1 norm : 384305.93170166016
Epoch 47, min : 0.0, max : 0.6746261715888977
This epoch duration :1710.6351780891418
Epoch 47, val-method base, validation accuracy 88.05999755859375, best_prec 88.05999755859375
Epoch 48, l0 norm : 1126913, l1 norm : 383737.4186325073
Epoch 48, min : 0.0, max : 0.6736429929733276
This epoch duration :1710.2952654361725
Epoch 48, val-method base, validation accuracy 87.70999908447266, best_prec 88.05999755859375
Epoch 49, l0 norm : 1126913, l1 norm : 383284.76875305176
Epoch 49, min : 0.0, max : 0.6728583574295044
This epoch duration :1709.8175077438354
Epoch 49, val-method base, validation accuracy 87.95999908447266, best_prec 88.05999755859375
Epoch 50, l0 norm : 1126913, l1 norm : 382939.5283050537
Epoch 50, min : 0.0, max : 0.6722628474235535
This epoch duration :1709.913336277008
Epoch 50, val-method base, validation accuracy 87.3699951171875, best_prec 88.05999755859375
Epoch 51, l0 norm : 1126913, l1 norm : 382704.65128326416
Epoch 51, min : 0.0, max : 0.6718539595603943
This epoch duration :1708.7591483592987
Epoch 51, val-method base, validation accuracy 88.20999908447266, best_prec 88.20999908447266
Epoch 52, l0 norm : 1126913, l1 norm : 382571.13090515137
Epoch 52, min : 0.0, max : 0.6716342568397522
This epoch duration :1709.6209058761597
Epoch 52, val-method base, validation accuracy 88.4000015258789, best_prec 88.4000015258789
Epoch 53, l0 norm : 1126913, l1 norm : 382540.3204345703
Epoch 53, min : 0.0, max : 0.6716037392616272
This epoch duration :1709.8152260780334
Epoch 53, val-method base, validation accuracy 88.23999786376953, best_prec 88.4000015258789
Epoch 54, l0 norm : 1126913, l1 norm : 382618.32849121094
Epoch 54, min : 0.0, max : 0.6717644333839417
This epoch duration :1709.8392264842987
Epoch 54, val-method base, validation accuracy 88.63999938964844, best_prec 88.63999938964844
Epoch 55, l0 norm : 1126913, l1 norm : 382796.9458389282
Epoch 55, min : 0.0, max : 0.6720970273017883
This epoch duration :1709.3033742904663
Epoch 55, val-method base, validation accuracy 88.27999877929688, best_prec 88.63999938964844
Epoch 56, l0 norm : 1126913, l1 norm : 383076.3847732544
Epoch 56, min : 0.0, max : 0.6726017594337463
This epoch duration :1709.8379802703857
Epoch 56, val-method base, validation accuracy 88.90999603271484, best_prec 88.90999603271484
Epoch 57, l0 norm : 1126913, l1 norm : 383457.8271179199
Epoch 57, min : 0.0, max : 0.6732814311981201
This epoch duration :1711.7929391860962
Epoch 57, val-method base, validation accuracy 89.04999542236328, best_prec 89.04999542236328
Epoch 58, l0 norm : 1126913, l1 norm : 383937.0608062744
Epoch 58, min : 0.0, max : 0.6741353273391724
This epoch duration :1709.5790741443634
Epoch 58, val-method base, validation accuracy 89.22000122070312, best_prec 89.22000122070312
Epoch 59, l0 norm : 1126913, l1 norm : 384515.33560180664
Epoch 59, min : 0.0, max : 0.675166130065918
This epoch duration :1710.3505103588104
Epoch 59, val-method base, validation accuracy 89.29000091552734, best_prec 89.29000091552734
Epoch 60, l0 norm : 1126913, l1 norm : 385188.1458206177
Epoch 60, min : 0.0, max : 0.6763581037521362
This epoch duration :1708.9804465770721
Epoch 60, val-method base, validation accuracy 88.81999969482422, best_prec 89.29000091552734
Epoch 61, l0 norm : 1126913, l1 norm : 385951.2571487427
Epoch 61, min : 0.0, max : 0.6777150630950928
This epoch duration :1709.373878955841
Epoch 61, val-method base, validation accuracy 88.97999572753906, best_prec 89.29000091552734
Epoch 62, l0 norm : 1126913, l1 norm : 386809.4917755127
Epoch 62, min : 0.0, max : 0.6792336702346802
This epoch duration :1709.5116221904755
Epoch 62, val-method base, validation accuracy 89.18999481201172, best_prec 89.29000091552734
Epoch 63, l0 norm : 1126913, l1 norm : 387757.1995239258
Epoch 63, min : 0.0, max : 0.680908739566803
This epoch duration :1710.008586883545
Epoch 63, val-method base, validation accuracy 89.80999755859375, best_prec 89.80999755859375
Epoch 64, l0 norm : 1126913, l1 norm : 388793.7134628296
Epoch 64, min : 0.0, max : 0.6827387809753418
This epoch duration :1709.3881714344025
Epoch 64, val-method base, validation accuracy 89.16999816894531, best_prec 89.80999755859375
Epoch 65, l0 norm : 1126913, l1 norm : 389914.85176086426
Epoch 65, min : 0.0, max : 0.6847202777862549
This epoch duration :1709.249750137329
Epoch 65, val-method base, validation accuracy 89.23999786376953, best_prec 89.80999755859375
Epoch 66, l0 norm : 1126913, l1 norm : 391122.73902893066
Epoch 66, min : 0.0, max : 0.6868506073951721
This epoch duration :1710.324184179306
Epoch 66, val-method base, validation accuracy 89.2699966430664, best_prec 89.80999755859375
Epoch 67, l0 norm : 1126913, l1 norm : 392411.5188674927
Epoch 67, min : 0.0, max : 0.6891250610351562
This epoch duration :1709.590492963791
Epoch 67, val-method base, validation accuracy 88.97000122070312, best_prec 89.80999755859375
Epoch 68, l0 norm : 1126913, l1 norm : 393782.3825454712
Epoch 68, min : 0.0, max : 0.6915406584739685
This epoch duration :1709.1455545425415
Epoch 68, val-method base, validation accuracy 89.69999694824219, best_prec 89.80999755859375
Epoch 69, l0 norm : 1126913, l1 norm : 395231.3395996094
Epoch 69, min : 0.0, max : 0.6940919160842896
This epoch duration :1710.133383989334
Epoch 69, val-method base, validation accuracy 89.91999816894531, best_prec 89.91999816894531
Epoch 70, l0 norm : 1126913, l1 norm : 396755.5693511963
Epoch 70, min : 0.0, max : 0.6967814564704895
This epoch duration :1710.0718958377838
Epoch 70, val-method base, validation accuracy 89.37999725341797, best_prec 89.91999816894531
Epoch 71, l0 norm : 1126913, l1 norm : 398352.81159973145
Epoch 71, min : 0.0, max : 0.6995996236801147
This epoch duration :1709.2217798233032
Epoch 71, val-method base, validation accuracy 89.65999603271484, best_prec 89.91999816894531
Epoch 72, l0 norm : 1126913, l1 norm : 400021.9486999512
Epoch 72, min : 0.0, max : 0.7025408148765564
This epoch duration :1709.3572144508362
Epoch 72, val-method base, validation accuracy 89.8699951171875, best_prec 89.91999816894531
Epoch 73, l0 norm : 1126913, l1 norm : 401762.90045166016
Epoch 73, min : 0.0, max : 0.7056037783622742
This epoch duration :1709.5819602012634
Epoch 73, val-method base, validation accuracy 90.37999725341797, best_prec 90.37999725341797
Epoch 74, l0 norm : 1126913, l1 norm : 403569.4157104492
Epoch 74, min : 0.0, max : 0.7087807059288025
This epoch duration :1709.2871561050415
Epoch 74, val-method base, validation accuracy 90.13999938964844, best_prec 90.37999725341797
Epoch 75, l0 norm : 1126913, l1 norm : 405438.5473937988
Epoch 75, min : 0.0, max : 0.7120702266693115
This epoch duration :1709.8227138519287
Epoch 75, val-method base, validation accuracy 90.2699966430664, best_prec 90.37999725341797
Epoch 76, l0 norm : 1126913, l1 norm : 407369.2776031494
Epoch 76, min : 0.0, max : 0.7154667973518372
This epoch duration :1708.1000986099243
Epoch 76, val-method base, validation accuracy 90.33999633789062, best_prec 90.37999725341797
Epoch 77, l0 norm : 1126913, l1 norm : 409357.92181396484
Epoch 77, min : 0.0, max : 0.7189657092094421
This epoch duration :1708.9204699993134
Epoch 77, val-method base, validation accuracy 90.1500015258789, best_prec 90.37999725341797
Epoch 78, l0 norm : 1126913, l1 norm : 411401.6082458496
Epoch 78, min : 0.0, max : 0.7225605249404907
This epoch duration :1710.1005010604858
Epoch 78, val-method base, validation accuracy 90.22999572753906, best_prec 90.37999725341797
Epoch 79, l0 norm : 1126913, l1 norm : 413496.69122314453
Epoch 79, min : 0.0, max : 0.7262445688247681
This epoch duration :1708.983662366867
Epoch 79, val-method base, validation accuracy 90.3699951171875, best_prec 90.37999725341797
Epoch 80, l0 norm : 1126913, l1 norm : 415639.37620544434
Epoch 80, min : 0.0, max : 0.7300154566764832
This epoch duration :1709.8386952877045
Epoch 80, val-method base, validation accuracy 90.57999420166016, best_prec 90.57999420166016
Epoch 81, l0 norm : 1126913, l1 norm : 417825.7763290405
Epoch 81, min : 0.0, max : 0.7338649034500122
This epoch duration :1709.626182794571
Epoch 81, val-method base, validation accuracy 90.64999389648438, best_prec 90.64999389648438
Epoch 82, l0 norm : 1126913, l1 norm : 420053.61695861816
Epoch 82, min : 0.0, max : 0.7377775311470032
This epoch duration :1709.2875761985779
Epoch 82, val-method base, validation accuracy 90.62999725341797, best_prec 90.64999389648438
Epoch 83, l0 norm : 1126913, l1 norm : 422318.71617126465
Epoch 83, min : 0.0, max : 0.7417574524879456
This epoch duration :1710.031474351883
Epoch 83, val-method base, validation accuracy 90.66999816894531, best_prec 90.66999816894531
Epoch 84, l0 norm : 1126913, l1 norm : 424616.9713745117
Epoch 84, min : 0.0, max : 0.7457944750785828
This epoch duration :1710.413449048996
Epoch 84, val-method base, validation accuracy 90.5999984741211, best_prec 90.66999816894531
Epoch 85, l0 norm : 1126913, l1 norm : 426943.50408935547
Epoch 85, min : 0.0, max : 0.7498816251754761
This epoch duration :1710.690871477127
Epoch 85, val-method base, validation accuracy 90.56999969482422, best_prec 90.66999816894531
Epoch 86, l0 norm : 1126913, l1 norm : 429294.63848876953
Epoch 86, min : 0.0, max : 0.7540091872215271
This epoch duration :1710.393156528473
Epoch 86, val-method base, validation accuracy 90.68999481201172, best_prec 90.68999481201172
Epoch 87, l0 norm : 1126913, l1 norm : 431666.4605560303
Epoch 87, min : 0.0, max : 0.7581832408905029
This epoch duration :1710.2385687828064
Epoch 87, val-method base, validation accuracy 90.7699966430664, best_prec 90.7699966430664
Epoch 88, l0 norm : 1126913, l1 norm : 434052.3924255371
Epoch 88, min : 0.0, max : 0.7623813152313232
This epoch duration :1710.0132839679718
Epoch 88, val-method base, validation accuracy 90.87999725341797, best_prec 90.87999725341797
Epoch 89, l0 norm : 1126913, l1 norm : 436449.12758636475
Epoch 89, min : 0.0, max : 0.7665954828262329
This epoch duration :1709.6389653682709
Epoch 89, val-method base, validation accuracy 90.80999755859375, best_prec 90.87999725341797
Epoch 90, l0 norm : 1126913, l1 norm : 438852.43228149414
Epoch 90, min : 0.0, max : 0.7708207964897156
This epoch duration :1709.2205924987793
Epoch 90, val-method base, validation accuracy 90.83999633789062, best_prec 90.87999725341797
Epoch 91, l0 norm : 1126913, l1 norm : 441253.90718078613
Epoch 91, min : 0.0, max : 0.7750382423400879
This epoch duration :1709.8254714012146
Epoch 91, val-method base, validation accuracy 90.93000030517578, best_prec 90.93000030517578
Epoch 92, l0 norm : 1126913, l1 norm : 443651.1380767822
Epoch 92, min : 0.0, max : 0.7792506814002991
This epoch duration :1709.7779264450073
Epoch 92, val-method base, validation accuracy 90.8699951171875, best_prec 90.93000030517578
Epoch 93, l0 norm : 1126913, l1 norm : 446037.7272872925
Epoch 93, min : 0.0, max : 0.783437967300415
This epoch duration :1709.6692368984222
Epoch 93, val-method base, validation accuracy 90.8499984741211, best_prec 90.93000030517578
Epoch 94, l0 norm : 1126913, l1 norm : 448408.96043395996
Epoch 94, min : 0.0, max : 0.7876038551330566
This epoch duration :1709.7354338169098
Epoch 94, val-method base, validation accuracy 90.82999420166016, best_prec 90.93000030517578
Epoch 95, l0 norm : 1126913, l1 norm : 450757.43629455566
Epoch 95, min : 0.0, max : 0.7917290329933167
This epoch duration :1709.2105042934418
Epoch 95, val-method base, validation accuracy 90.79000091552734, best_prec 90.93000030517578
Epoch 96, l0 norm : 1126913, l1 norm : 453083.6148147583
Epoch 96, min : 0.0, max : 0.7958168983459473
This epoch duration :1524.1072733402252
Epoch 96, val-method base, validation accuracy 91.02999877929688, best_prec 91.02999877929688
Epoch 97, l0 norm : 1126913, l1 norm : 455376.7649459839
Epoch 97, min : 0.0, max : 0.7998473048210144
This epoch duration :1460.24121260643
Epoch 97, val-method base, validation accuracy 90.83999633789062, best_prec 91.02999877929688
Epoch 98, l0 norm : 1126913, l1 norm : 457626.9084625244
Epoch 98, min : 0.0, max : 0.8038007616996765
This epoch duration :1461.3740966320038
Epoch 98, val-method base, validation accuracy 90.7699966430664, best_prec 91.02999877929688
Epoch 99, l0 norm : 1126913, l1 norm : 459834.74490356445
Epoch 99, min : 0.0, max : 0.8076822757720947
This epoch duration :1459.8812596797943
Epoch 99, val-method base, validation accuracy 90.66999816894531, best_prec 91.02999877929688
