Namespace(configs='configs/CIFAR100/bip_baseline.yml', result_dir='./trained_models', exp_name='RC100_bb_9', exp_mode='prune', arch='resnet18', num_classes=100, layer_type='unstructured', k=0.560683951921258, lambd=0.0, alpha=1.0, fw_momentum=1.0, scaled_score_init=True, scale_rand_init=False, freeze_bn=False, source_net='trained_models/Resnet18_Cifar100_Pretrain/pretrain/latest_exp/checkpoint/model_best.pth.tar', scores_init_type=None, dataset='CIFAR100', batch_size=128, num_workers=2, test_batch_size=128, normalize=True, data_dir='./data', image_dim=32, trainer='bilevel_baseline', epochs=100, optimizer='sgd', wd=0.0001, mask_lr=0.1, lr=0.1, mask_lr_schedule='step', lr_schedule='cosine', momentum=0.9, warmup_epochs=0, warmup_lr=0.1, save_dense=False, evaluate=False, val_method='base', resume='', seed=1234, print_freq=100, lr2=0.0001, accelerate=False)
=> loading source model from 'trained_models/Resnet18_Cifar100_Pretrain/pretrain/latest_exp/checkpoint/model_best.pth.tar'
=> loaded checkpoint 'trained_models/Resnet18_Cifar100_Pretrain/pretrain/latest_exp/checkpoint/model_best.pth.tar'
This epoch duration :2493.512494325638
Epoch 0, val-method base, validation accuracy 52.6099967956543, best_prec 52.6099967956543
This epoch duration :2484.929311275482
Epoch 1, val-method base, validation accuracy 57.98999786376953, best_prec 57.98999786376953
This epoch duration :2482.436685562134
Epoch 2, val-method base, validation accuracy 60.63999938964844, best_prec 60.63999938964844
This epoch duration :2483.6463661193848
Epoch 3, val-method base, validation accuracy 63.0099983215332, best_prec 63.0099983215332
This epoch duration :2482.166793823242
Epoch 4, val-method base, validation accuracy 63.769996643066406, best_prec 63.769996643066406
This epoch duration :2483.7003042697906
Epoch 5, val-method base, validation accuracy 64.81999969482422, best_prec 64.81999969482422
This epoch duration :2481.931664943695
Epoch 6, val-method base, validation accuracy 64.75, best_prec 64.81999969482422
This epoch duration :2482.3558349609375
Epoch 7, val-method base, validation accuracy 64.70999908447266, best_prec 64.81999969482422
This epoch duration :2482.519961833954
Epoch 8, val-method base, validation accuracy 65.95999908447266, best_prec 65.95999908447266
This epoch duration :2482.834357023239
Epoch 9, val-method base, validation accuracy 65.29000091552734, best_prec 65.95999908447266
This epoch duration :2482.1180164813995
Epoch 10, val-method base, validation accuracy 65.5199966430664, best_prec 65.95999908447266
This epoch duration :2482.590357542038
Epoch 11, val-method base, validation accuracy 64.70999908447266, best_prec 65.95999908447266
This epoch duration :2482.0065565109253
Epoch 12, val-method base, validation accuracy 66.16999816894531, best_prec 66.16999816894531
This epoch duration :2482.919340133667
Epoch 13, val-method base, validation accuracy 65.80999755859375, best_prec 66.16999816894531
This epoch duration :2481.546334028244
Epoch 14, val-method base, validation accuracy 65.3499984741211, best_prec 66.16999816894531
This epoch duration :2482.9320573806763
Epoch 15, val-method base, validation accuracy 66.19999694824219, best_prec 66.19999694824219
This epoch duration :2480.639869451523
Epoch 16, val-method base, validation accuracy 65.18999481201172, best_prec 66.19999694824219
This epoch duration :2482.312225341797
Epoch 17, val-method base, validation accuracy 66.50999450683594, best_prec 66.50999450683594
This epoch duration :2480.6928794384003
Epoch 18, val-method base, validation accuracy 66.0199966430664, best_prec 66.50999450683594
This epoch duration :2482.436196565628
Epoch 19, val-method base, validation accuracy 65.22000122070312, best_prec 66.50999450683594
This epoch duration :2480.9444963932037
Epoch 20, val-method base, validation accuracy 66.97000122070312, best_prec 66.97000122070312
This epoch duration :2480.9730343818665
Epoch 21, val-method base, validation accuracy 65.6199951171875, best_prec 66.97000122070312
This epoch duration :2480.5803277492523
Epoch 22, val-method base, validation accuracy 66.5199966430664, best_prec 66.97000122070312
This epoch duration :2480.9581961631775
Epoch 23, val-method base, validation accuracy 66.05999755859375, best_prec 66.97000122070312
This epoch duration :2480.8615901470184
Epoch 24, val-method base, validation accuracy 66.33000183105469, best_prec 66.97000122070312
This epoch duration :2481.915806055069
Epoch 25, val-method base, validation accuracy 66.47999572753906, best_prec 66.97000122070312
This epoch duration :2480.257729291916
Epoch 26, val-method base, validation accuracy 66.75, best_prec 66.97000122070312
This epoch duration :2480.689104795456
Epoch 27, val-method base, validation accuracy 66.98999786376953, best_prec 66.98999786376953
This epoch duration :2480.205484390259
Epoch 28, val-method base, validation accuracy 65.61000061035156, best_prec 66.98999786376953
This epoch duration :2482.135190963745
Epoch 29, val-method base, validation accuracy 66.40999603271484, best_prec 66.98999786376953
This epoch duration :2599.1014466285706
Epoch 30, val-method base, validation accuracy 66.95999908447266, best_prec 66.98999786376953
This epoch duration :2484.1289517879486
Epoch 31, val-method base, validation accuracy 65.51000213623047, best_prec 66.98999786376953
This epoch duration :2478.9427812099457
Epoch 32, val-method base, validation accuracy 66.47000122070312, best_prec 66.98999786376953
This epoch duration :2481.0534110069275
Epoch 33, val-method base, validation accuracy 66.66999816894531, best_prec 66.98999786376953
This epoch duration :2480.9408254623413
Epoch 34, val-method base, validation accuracy 65.06999969482422, best_prec 66.98999786376953
This epoch duration :2480.4458346366882
Epoch 35, val-method base, validation accuracy 67.13999938964844, best_prec 67.13999938964844
This epoch duration :2479.6760132312775
Epoch 36, val-method base, validation accuracy 66.16999816894531, best_prec 67.13999938964844
This epoch duration :2480.7994520664215
Epoch 37, val-method base, validation accuracy 67.79000091552734, best_prec 67.79000091552734
This epoch duration :2479.204473733902
Epoch 38, val-method base, validation accuracy 66.08000183105469, best_prec 67.79000091552734
This epoch duration :2481.0805628299713
Epoch 39, val-method base, validation accuracy 66.50999450683594, best_prec 67.79000091552734
This epoch duration :2480.5473227500916
Epoch 40, val-method base, validation accuracy 67.4000015258789, best_prec 67.79000091552734
This epoch duration :2480.521675348282
Epoch 41, val-method base, validation accuracy 68.08000183105469, best_prec 68.08000183105469
This epoch duration :2479.9252178668976
Epoch 42, val-method base, validation accuracy 67.27999877929688, best_prec 68.08000183105469
This epoch duration :2482.4146621227264
Epoch 43, val-method base, validation accuracy 67.1500015258789, best_prec 68.08000183105469
This epoch duration :2483.212116956711
Epoch 44, val-method base, validation accuracy 67.83999633789062, best_prec 68.08000183105469
This epoch duration :2480.6828150749207
Epoch 45, val-method base, validation accuracy 67.83000183105469, best_prec 68.08000183105469
This epoch duration :2478.9293024539948
Epoch 46, val-method base, validation accuracy 67.43999481201172, best_prec 68.08000183105469
This epoch duration :2481.3391811847687
Epoch 47, val-method base, validation accuracy 67.33999633789062, best_prec 68.08000183105469
This epoch duration :2480.300956249237
Epoch 48, val-method base, validation accuracy 67.61000061035156, best_prec 68.08000183105469
This epoch duration :2480.657911300659
Epoch 49, val-method base, validation accuracy 66.90999603271484, best_prec 68.08000183105469
This epoch duration :2479.2749831676483
Epoch 50, val-method base, validation accuracy 67.56999969482422, best_prec 68.08000183105469
This epoch duration :2482.8723423480988
Epoch 51, val-method base, validation accuracy 69.37999725341797, best_prec 69.37999725341797
This epoch duration :2479.3662543296814
Epoch 52, val-method base, validation accuracy 69.33999633789062, best_prec 69.37999725341797
This epoch duration :2480.710619211197
Epoch 53, val-method base, validation accuracy 69.83999633789062, best_prec 69.83999633789062
This epoch duration :2478.9775269031525
Epoch 54, val-method base, validation accuracy 69.97999572753906, best_prec 69.97999572753906
This epoch duration :2480.8799061775208
Epoch 55, val-method base, validation accuracy 70.22999572753906, best_prec 70.22999572753906
This epoch duration :2479.796424150467
Epoch 56, val-method base, validation accuracy 69.93999481201172, best_prec 70.22999572753906
This epoch duration :2480.8715014457703
Epoch 57, val-method base, validation accuracy 70.95999908447266, best_prec 70.95999908447266
This epoch duration :2478.8350734710693
Epoch 58, val-method base, validation accuracy 70.72999572753906, best_prec 70.95999908447266
This epoch duration :2481.004830598831
Epoch 59, val-method base, validation accuracy 71.3499984741211, best_prec 71.3499984741211
This epoch duration :2479.254962205887
Epoch 60, val-method base, validation accuracy 70.87999725341797, best_prec 71.3499984741211
This epoch duration :2480.354077577591
Epoch 61, val-method base, validation accuracy 71.31999969482422, best_prec 71.3499984741211
This epoch duration :2480.046528339386
Epoch 62, val-method base, validation accuracy 71.54000091552734, best_prec 71.54000091552734
This epoch duration :2480.298705101013
Epoch 63, val-method base, validation accuracy 72.54000091552734, best_prec 72.54000091552734
This epoch duration :2479.7060132026672
Epoch 64, val-method base, validation accuracy 72.4000015258789, best_prec 72.54000091552734
This epoch duration :2480.710471868515
Epoch 65, val-method base, validation accuracy 72.77999877929688, best_prec 72.77999877929688
This epoch duration :2480.1938989162445
Epoch 66, val-method base, validation accuracy 72.45999908447266, best_prec 72.77999877929688
This epoch duration :2481.986060857773
Epoch 67, val-method base, validation accuracy 73.61000061035156, best_prec 73.61000061035156
This epoch duration :2480.5176813602448
Epoch 68, val-method base, validation accuracy 73.80999755859375, best_prec 73.80999755859375
This epoch duration :2481.908149242401
Epoch 69, val-method base, validation accuracy 73.54999542236328, best_prec 73.80999755859375
This epoch duration :2480.7924525737762
Epoch 70, val-method base, validation accuracy 73.6500015258789, best_prec 73.80999755859375
This epoch duration :2480.7572894096375
Epoch 71, val-method base, validation accuracy 74.23999786376953, best_prec 74.23999786376953
This epoch duration :2480.0960655212402
Epoch 72, val-method base, validation accuracy 74.04000091552734, best_prec 74.23999786376953
This epoch duration :2480.7215151786804
Epoch 73, val-method base, validation accuracy 75.15999603271484, best_prec 75.15999603271484
This epoch duration :2480.471779346466
Epoch 74, val-method base, validation accuracy 74.69999694824219, best_prec 75.15999603271484
This epoch duration :2482.2835471630096
Epoch 75, val-method base, validation accuracy 74.9000015258789, best_prec 75.15999603271484
This epoch duration :2478.942186355591
Epoch 76, val-method base, validation accuracy 74.58999633789062, best_prec 75.15999603271484
This epoch duration :2480.964040517807
Epoch 77, val-method base, validation accuracy 74.94999694824219, best_prec 75.15999603271484
This epoch duration :2479.5927307605743
Epoch 78, val-method base, validation accuracy 75.04000091552734, best_prec 75.15999603271484
This epoch duration :2480.5880115032196
Epoch 79, val-method base, validation accuracy 75.55999755859375, best_prec 75.55999755859375
This epoch duration :2480.6845293045044
Epoch 80, val-method base, validation accuracy 75.22000122070312, best_prec 75.55999755859375
This epoch duration :2481.2466349601746
Epoch 81, val-method base, validation accuracy 75.40999603271484, best_prec 75.55999755859375
This epoch duration :2479.3848643302917
Epoch 82, val-method base, validation accuracy 75.50999450683594, best_prec 75.55999755859375
This epoch duration :2481.1636867523193
Epoch 83, val-method base, validation accuracy 75.63999938964844, best_prec 75.63999938964844
This epoch duration :2479.524861574173
Epoch 84, val-method base, validation accuracy 75.69999694824219, best_prec 75.69999694824219
This epoch duration :2481.0226469039917
Epoch 85, val-method base, validation accuracy 75.72000122070312, best_prec 75.72000122070312
This epoch duration :2479.8479747772217
Epoch 86, val-method base, validation accuracy 75.97999572753906, best_prec 75.97999572753906
This epoch duration :2480.4279448986053
Epoch 87, val-method base, validation accuracy 75.68000030517578, best_prec 75.97999572753906
This epoch duration :2478.869121313095
Epoch 88, val-method base, validation accuracy 75.97000122070312, best_prec 75.97999572753906
This epoch duration :2480.7656128406525
Epoch 89, val-method base, validation accuracy 76.18999481201172, best_prec 76.18999481201172
This epoch duration :2480.2245376110077
Epoch 90, val-method base, validation accuracy 75.97999572753906, best_prec 76.18999481201172
This epoch duration :2480.4650404453278
Epoch 91, val-method base, validation accuracy 76.2699966430664, best_prec 76.2699966430664
This epoch duration :2478.6508293151855
Epoch 92, val-method base, validation accuracy 75.93000030517578, best_prec 76.2699966430664
This epoch duration :2480.7160634994507
Epoch 93, val-method base, validation accuracy 76.02999877929688, best_prec 76.2699966430664
This epoch duration :2479.422606945038
Epoch 94, val-method base, validation accuracy 76.0999984741211, best_prec 76.2699966430664
This epoch duration :2481.2631254196167
Epoch 95, val-method base, validation accuracy 76.13999938964844, best_prec 76.2699966430664
This epoch duration :2479.1645917892456
Epoch 96, val-method base, validation accuracy 76.25, best_prec 76.2699966430664
This epoch duration :2481.395883321762
Epoch 97, val-method base, validation accuracy 76.04000091552734, best_prec 76.2699966430664
This epoch duration :2478.7735579013824
Epoch 98, val-method base, validation accuracy 75.83000183105469, best_prec 76.2699966430664
This epoch duration :2475.266960144043
Epoch 99, val-method base, validation accuracy 76.16999816894531, best_prec 76.2699966430664
