Namespace(configs='configs/SVHN/pen_bip_1.yml', result_dir='./trained_models', exp_name='S_pb1_6', exp_mode='prune', arch='resnet18', num_classes=10, layer_type='unstructured', k=None, lambd=0.9999996, alpha=1.0, fw_momentum=1.0, scaled_score_init=True, scale_rand_init=False, freeze_bn=False, source_net='trained_models/Resnet18_SVHN_Pretrain/pretrain/latest_exp/checkpoint/model_best.pth.tar', scores_init_type=None, dataset='SVHN', batch_size=128, num_workers=2, test_batch_size=128, normalize=True, data_dir='./data', image_dim=32, trainer='penalized_bilevel_1', epochs=100, optimizer='sgd', wd=0.0001, mask_lr=0.1, lr=0.1, mask_lr_schedule='step', lr_schedule='cosine', momentum=0.9, warmup_epochs=0, warmup_lr=0.1, save_dense=False, evaluate=False, val_method='base', resume='', seed=1234, print_freq=100, lr2=0.0001, accelerate=False)
=> loading source model from 'trained_models/Resnet18_SVHN_Pretrain/pretrain/latest_exp/checkpoint/model_best.pth.tar'
=> loaded checkpoint 'trained_models/Resnet18_SVHN_Pretrain/pretrain/latest_exp/checkpoint/model_best.pth.tar'
Epoch 0, l0 norm : 41292, l1 norm : 2562.90492400364
Epoch 0, min : 0.0, max : 0.5460898280143738
This epoch duration :2481.393675327301
Epoch 0, val-method base, validation accuracy 19.587430953979492, best_prec 19.587430953979492
Epoch 1, l0 norm : 41292, l1 norm : 2477.921103478715
Epoch 1, min : 0.0, max : 0.5251650810241699
This epoch duration :2481.720860481262
Epoch 1, val-method base, validation accuracy 19.587430953979492, best_prec 19.587430953979492
Epoch 2, l0 norm : 41292, l1 norm : 2269.2934196759743
Epoch 2, min : 0.0, max : 0.5230639576911926
This epoch duration :2480.413512468338
Epoch 2, val-method base, validation accuracy 19.587430953979492, best_prec 19.587430953979492
Epoch 3, l0 norm : 41292, l1 norm : 2048.7306481156957
Epoch 3, min : 0.0, max : 0.5225441455841064
This epoch duration :2479.993159532547
Epoch 3, val-method base, validation accuracy 19.587430953979492, best_prec 19.587430953979492
Epoch 4, l0 norm : 41292, l1 norm : 1850.6751253377934
Epoch 4, min : 0.0, max : 0.5278306007385254
This epoch duration :2480.237146615982
Epoch 4, val-method base, validation accuracy 19.587430953979492, best_prec 19.587430953979492
Epoch 5, l0 norm : 41292, l1 norm : 1654.209770283349
Epoch 5, min : 0.0, max : 0.5300738215446472
This epoch duration :2480.338940858841
Epoch 5, val-method base, validation accuracy 19.587430953979492, best_prec 19.587430953979492
Epoch 6, l0 norm : 41292, l1 norm : 1473.6190256525988
Epoch 6, min : 0.0, max : 0.5316859483718872
This epoch duration :2479.963967561722
Epoch 6, val-method base, validation accuracy 19.587430953979492, best_prec 19.587430953979492
Epoch 7, l0 norm : 41292, l1 norm : 1309.231612981101
Epoch 7, min : 0.0, max : 0.5252866744995117
This epoch duration :2480.1253395080566
Epoch 7, val-method base, validation accuracy 19.587430953979492, best_prec 19.587430953979492
Epoch 8, l0 norm : 41292, l1 norm : 1159.8096214773304
Epoch 8, min : 0.0, max : 0.5186378955841064
This epoch duration :2480.880481481552
Epoch 8, val-method base, validation accuracy 19.587430953979492, best_prec 19.587430953979492
Epoch 9, l0 norm : 41292, l1 norm : 1027.818745104374
Epoch 9, min : 0.0, max : 0.5167304277420044
This epoch duration :2479.8312599658966
Epoch 9, val-method base, validation accuracy 19.587430953979492, best_prec 19.587430953979492
Epoch 10, l0 norm : 41292, l1 norm : 919.0286875523025
Epoch 10, min : 0.0, max : 0.5147023797035217
This epoch duration :2479.5086057186127
Epoch 10, val-method base, validation accuracy 19.587430953979492, best_prec 19.587430953979492
Epoch 11, l0 norm : 41292, l1 norm : 809.6524183860099
Epoch 11, min : 0.0, max : 0.5127242207527161
This epoch duration :2480.4416925907135
Epoch 11, val-method base, validation accuracy 19.587430953979492, best_prec 19.587430953979492
Epoch 12, l0 norm : 41292, l1 norm : 718.2283015051919
Epoch 12, min : 0.0, max : 0.5059527158737183
This epoch duration :2480.1010081768036
Epoch 12, val-method base, validation accuracy 19.587430953979492, best_prec 19.587430953979492
Epoch 13, l0 norm : 41292, l1 norm : 640.6862506963805
Epoch 13, min : 0.0, max : 0.5045532584190369
This epoch duration :2479.871433496475
Epoch 13, val-method base, validation accuracy 19.587430953979492, best_prec 19.587430953979492
Epoch 14, l0 norm : 41292, l1 norm : 567.7292567762802
Epoch 14, min : 0.0, max : 0.48259544372558594
This epoch duration :2479.939172744751
Epoch 14, val-method base, validation accuracy 19.587430953979492, best_prec 19.587430953979492
Epoch 15, l0 norm : 41292, l1 norm : 502.9408989444237
Epoch 15, min : 0.0, max : 0.4815904200077057
This epoch duration :2480.057679414749
Epoch 15, val-method base, validation accuracy 19.587430953979492, best_prec 19.587430953979492
Epoch 16, l0 norm : 41292, l1 norm : 448.5340923013197
Epoch 16, min : 0.0, max : 0.4797152876853943
This epoch duration :2479.6579134464264
Epoch 16, val-method base, validation accuracy 19.587430953979492, best_prec 19.587430953979492
Epoch 17, l0 norm : 41292, l1 norm : 402.59248111885006
Epoch 17, min : 0.0, max : 0.47597965598106384
This epoch duration :2479.5349373817444
Epoch 17, val-method base, validation accuracy 19.587430953979492, best_prec 19.587430953979492
Epoch 18, l0 norm : 41292, l1 norm : 363.36194224154906
Epoch 18, min : 0.0, max : 0.47382545471191406
This epoch duration :2479.7311549186707
Epoch 18, val-method base, validation accuracy 19.587430953979492, best_prec 19.587430953979492
Epoch 19, l0 norm : 41292, l1 norm : 329.5670825626927
Epoch 19, min : 0.0, max : 0.47114813327789307
This epoch duration :2480.093404531479
Epoch 19, val-method base, validation accuracy 19.587430953979492, best_prec 19.587430953979492
Epoch 20, l0 norm : 41292, l1 norm : 300.168593536874
Epoch 20, min : 0.0, max : 0.46808215975761414
This epoch duration :2480.3705129623413
Epoch 20, val-method base, validation accuracy 19.587430953979492, best_prec 19.587430953979492
Epoch 21, l0 norm : 41292, l1 norm : 274.4891665513709
Epoch 21, min : 0.0, max : 0.46197280287742615
This epoch duration :2480.16175866127
Epoch 21, val-method base, validation accuracy 19.587430953979492, best_prec 19.587430953979492
Epoch 22, l0 norm : 41292, l1 norm : 251.97859902345726
Epoch 22, min : 0.0, max : 0.4581823945045471
This epoch duration :2480.4566884040833
Epoch 22, val-method base, validation accuracy 19.587430953979492, best_prec 19.587430953979492
Epoch 23, l0 norm : 41292, l1 norm : 232.07332190801253
Epoch 23, min : 0.0, max : 0.45268508791923523
This epoch duration :2480.0811223983765
Epoch 23, val-method base, validation accuracy 19.587430953979492, best_prec 19.587430953979492
Epoch 24, l0 norm : 41292, l1 norm : 214.38479991175143
Epoch 24, min : 0.0, max : 0.44594570994377136
This epoch duration :2479.9073526859283
Epoch 24, val-method base, validation accuracy 19.587430953979492, best_prec 19.587430953979492
Epoch 25, l0 norm : 41292, l1 norm : 198.6305922429487
Epoch 25, min : 0.0, max : 0.43694525957107544
This epoch duration :2480.191550254822
Epoch 25, val-method base, validation accuracy 19.587430953979492, best_prec 19.587430953979492
Epoch 26, l0 norm : 41292, l1 norm : 184.51730240876827
Epoch 26, min : 0.0, max : 0.42839181423187256
This epoch duration :2480.2717752456665
Epoch 26, val-method base, validation accuracy 19.587430953979492, best_prec 19.587430953979492
Epoch 27, l0 norm : 41292, l1 norm : 171.84830524449433
Epoch 27, min : 0.0, max : 0.41956576704978943
This epoch duration :2479.8740305900574
Epoch 27, val-method base, validation accuracy 19.587430953979492, best_prec 19.587430953979492
Epoch 28, l0 norm : 41292, l1 norm : 160.410023139528
Epoch 28, min : 0.0, max : 0.4097192585468292
This epoch duration :2480.191060066223
Epoch 28, val-method base, validation accuracy 19.587430953979492, best_prec 19.587430953979492
Epoch 29, l0 norm : 41292, l1 norm : 150.05468969631647
Epoch 29, min : 0.0, max : 0.3992222547531128
This epoch duration :2479.8026010990143
Epoch 29, val-method base, validation accuracy 19.587430953979492, best_prec 19.587430953979492
Epoch 30, l0 norm : 41292, l1 norm : 140.6625384402402
Epoch 30, min : 0.0, max : 0.388917475938797
This epoch duration :2480.0676469802856
Epoch 30, val-method base, validation accuracy 19.587430953979492, best_prec 19.587430953979492
Epoch 31, l0 norm : 41292, l1 norm : 132.10916426170192
Epoch 31, min : 0.0, max : 0.37893831729888916
This epoch duration :2480.0047907829285
Epoch 31, val-method base, validation accuracy 19.587430953979492, best_prec 19.587430953979492
Epoch 32, l0 norm : 41292, l1 norm : 124.29585788210133
Epoch 32, min : 0.0, max : 0.3670476973056793
This epoch duration :2481.477387905121
Epoch 32, val-method base, validation accuracy 19.587430953979492, best_prec 19.587430953979492
Epoch 33, l0 norm : 41292, l1 norm : 117.13903150779379
Epoch 33, min : 0.0, max : 0.3538649380207062
This epoch duration :2481.930987596512
Epoch 33, val-method base, validation accuracy 19.587430953979492, best_prec 19.587430953979492
Epoch 34, l0 norm : 41292, l1 norm : 110.5721872093826
Epoch 34, min : 0.0, max : 0.3398265242576599
This epoch duration :2480.11293053627
Epoch 34, val-method base, validation accuracy 19.587430953979492, best_prec 19.587430953979492
Epoch 35, l0 norm : 41292, l1 norm : 104.53229844951957
Epoch 35, min : 0.0, max : 0.3271399438381195
This epoch duration :2479.4517998695374
Epoch 35, val-method base, validation accuracy 19.587430953979492, best_prec 19.587430953979492
Epoch 36, l0 norm : 41292, l1 norm : 98.97986775793589
Epoch 36, min : 0.0, max : 0.31517353653907776
This epoch duration :2480.2762401103973
Epoch 36, val-method base, validation accuracy 19.587430953979492, best_prec 19.587430953979492
Epoch 37, l0 norm : 41292, l1 norm : 93.84946536476417
Epoch 37, min : 0.0, max : 0.30197104811668396
This epoch duration :2480.1197476387024
Epoch 37, val-method base, validation accuracy 19.587430953979492, best_prec 19.587430953979492
Epoch 38, l0 norm : 41292, l1 norm : 89.10350880075524
Epoch 38, min : 0.0, max : 0.2884519696235657
This epoch duration :2480.2294363975525
Epoch 38, val-method base, validation accuracy 19.587430953979492, best_prec 19.587430953979492
Epoch 39, l0 norm : 41292, l1 norm : 84.70852021958075
Epoch 39, min : 0.0, max : 0.2761898636817932
This epoch duration :2480.2402613162994
Epoch 39, val-method base, validation accuracy 19.587430953979492, best_prec 19.587430953979492
Epoch 40, l0 norm : 41292, l1 norm : 80.63140325227477
Epoch 40, min : 0.0, max : 0.2647250294685364
This epoch duration :2479.9340512752533
Epoch 40, val-method base, validation accuracy 19.587430953979492, best_prec 19.587430953979492
Epoch 41, l0 norm : 41292, l1 norm : 76.83867243731717
Epoch 41, min : 0.0, max : 0.2531714141368866
This epoch duration :2483.433426141739
Epoch 41, val-method base, validation accuracy 19.587430953979492, best_prec 19.587430953979492
Epoch 42, l0 norm : 41292, l1 norm : 73.30801175238443
Epoch 42, min : 0.0, max : 0.24249880015850067
This epoch duration :2488.0629007816315
Epoch 42, val-method base, validation accuracy 19.587430953979492, best_prec 19.587430953979492
Epoch 43, l0 norm : 41292, l1 norm : 70.01400001649421
Epoch 43, min : 0.0, max : 0.23167960345745087
This epoch duration :2487.717998981476
Epoch 43, val-method base, validation accuracy 19.587430953979492, best_prec 19.587430953979492
Epoch 44, l0 norm : 41292, l1 norm : 66.93728142138545
Epoch 44, min : 0.0, max : 0.22180326282978058
This epoch duration :2487.8868820667267
Epoch 44, val-method base, validation accuracy 19.587430953979492, best_prec 19.587430953979492
Epoch 45, l0 norm : 41292, l1 norm : 64.05873667397177
Epoch 45, min : 0.0, max : 0.21233950555324554
This epoch duration :2487.8108456134796
Epoch 45, val-method base, validation accuracy 19.587430953979492, best_prec 19.587430953979492
Epoch 46, l0 norm : 41292, l1 norm : 61.36189388399228
Epoch 46, min : 0.0, max : 0.2034001350402832
This epoch duration :2488.771384239197
Epoch 46, val-method base, validation accuracy 19.587430953979492, best_prec 19.587430953979492
Epoch 47, l0 norm : 41292, l1 norm : 58.8320511836849
Epoch 47, min : 0.0, max : 0.1952311098575592
This epoch duration :2488.304752111435
Epoch 47, val-method base, validation accuracy 19.587430953979492, best_prec 19.587430953979492
Epoch 48, l0 norm : 41292, l1 norm : 56.45528872075613
Epoch 48, min : 0.0, max : 0.18734396994113922
This epoch duration :2488.3406438827515
Epoch 48, val-method base, validation accuracy 19.587430953979492, best_prec 19.587430953979492
Epoch 49, l0 norm : 41292, l1 norm : 54.2197008052261
Epoch 49, min : 0.0, max : 0.17992526292800903
This epoch duration :2487.984841108322
Epoch 49, val-method base, validation accuracy 19.587430953979492, best_prec 19.587430953979492
Epoch 50, l0 norm : 41292, l1 norm : 52.11432016430889
Epoch 50, min : 0.0, max : 0.17293862998485565
This epoch duration :2488.6999986171722
Epoch 50, val-method base, validation accuracy 19.587430953979492, best_prec 19.587430953979492
Epoch 51, l0 norm : 41292, l1 norm : 50.12922475434587
Epoch 51, min : 0.0, max : 0.16635103523731232
This epoch duration :2488.403861284256
Epoch 51, val-method base, validation accuracy 19.587430953979492, best_prec 19.587430953979492
Epoch 52, l0 norm : 41292, l1 norm : 48.25543476322274
Epoch 52, min : 0.0, max : 0.16013281047344208
This epoch duration :2489.0574498176575
Epoch 52, val-method base, validation accuracy 19.587430953979492, best_prec 19.587430953979492
Epoch 53, l0 norm : 41292, l1 norm : 46.484763837287986
Epoch 53, min : 0.0, max : 0.1542568802833557
This epoch duration :2488.3396866321564
Epoch 53, val-method base, validation accuracy 19.587430953979492, best_prec 19.587430953979492
Epoch 54, l0 norm : 41292, l1 norm : 44.80980382226865
Epoch 54, min : 0.0, max : 0.148698627948761
This epoch duration :2488.432583093643
Epoch 54, val-method base, validation accuracy 19.587430953979492, best_prec 19.587430953979492
Epoch 55, l0 norm : 41292, l1 norm : 43.22376836063552
Epoch 55, min : 0.0, max : 0.14343546330928802
This epoch duration :2488.2049753665924
Epoch 55, val-method base, validation accuracy 19.587430953979492, best_prec 19.587430953979492
Epoch 56, l0 norm : 41292, l1 norm : 41.72047381806655
Epoch 56, min : 0.0, max : 0.13844682276248932
This epoch duration :2488.435999393463
Epoch 56, val-method base, validation accuracy 19.587430953979492, best_prec 19.587430953979492
Epoch 57, l0 norm : 41292, l1 norm : 40.2942515451456
Epoch 57, min : 0.0, max : 0.1337140053510666
This epoch duration :2487.646507024765
Epoch 57, val-method base, validation accuracy 19.587430953979492, best_prec 19.587430953979492
Epoch 58, l0 norm : 41292, l1 norm : 38.939936433249
Epoch 58, min : 0.0, max : 0.12921980023384094
This epoch duration :2487.9336721897125
Epoch 58, val-method base, validation accuracy 19.587430953979492, best_prec 19.587430953979492
Epoch 59, l0 norm : 41292, l1 norm : 37.652786805941744
Epoch 59, min : 0.0, max : 0.12494845688343048
This epoch duration :2488.5011410713196
Epoch 59, val-method base, validation accuracy 19.587430953979492, best_prec 19.587430953979492
Epoch 60, l0 norm : 41292, l1 norm : 36.42840431014206
Epoch 60, min : 0.0, max : 0.12088540941476822
This epoch duration :2488.189735174179
Epoch 60, val-method base, validation accuracy 19.587430953979492, best_prec 19.587430953979492
Epoch 61, l0 norm : 41292, l1 norm : 35.262775877733695
Epoch 61, min : 0.0, max : 0.11701736599206924
This epoch duration :2488.4921288490295
Epoch 61, val-method base, validation accuracy 19.587430953979492, best_prec 19.587430953979492
Epoch 62, l0 norm : 41292, l1 norm : 34.15222413452728
Epoch 62, min : 0.0, max : 0.11333206295967102
This epoch duration :2488.0728080272675
Epoch 62, val-method base, validation accuracy 19.587430953979492, best_prec 19.587430953979492
Epoch 63, l0 norm : 41292, l1 norm : 33.093331106179235
Epoch 63, min : 0.0, max : 0.10981819778680801
This epoch duration :2487.703387737274
Epoch 63, val-method base, validation accuracy 19.587430953979492, best_prec 19.587430953979492
Epoch 64, l0 norm : 41292, l1 norm : 32.08291914466678
Epoch 64, min : 0.0, max : 0.10646520555019379
This epoch duration :2488.0603523254395
Epoch 64, val-method base, validation accuracy 19.587430953979492, best_prec 19.587430953979492
Epoch 65, l0 norm : 41292, l1 norm : 31.118083353313615
Epoch 65, min : 0.0, max : 0.10326345264911652
This epoch duration :2487.7397208213806
Epoch 65, val-method base, validation accuracy 19.587430953979492, best_prec 19.587430953979492
Epoch 66, l0 norm : 41292, l1 norm : 30.19612864402201
Epoch 66, min : 0.0, max : 0.1002039983868599
This epoch duration :2487.335559129715
Epoch 66, val-method base, validation accuracy 19.587430953979492, best_prec 19.587430953979492
Epoch 67, l0 norm : 41292, l1 norm : 29.314550663998972
Epoch 67, min : 0.0, max : 0.09727853536605835
This epoch duration :2487.8878796100616
Epoch 67, val-method base, validation accuracy 19.587430953979492, best_prec 19.587430953979492
Epoch 68, l0 norm : 41292, l1 norm : 28.47101672203741
Epoch 68, min : 0.0, max : 0.09447931498289108
This epoch duration :2488.4875786304474
Epoch 68, val-method base, validation accuracy 19.587430953979492, best_prec 19.587430953979492
Epoch 69, l0 norm : 41292, l1 norm : 27.66337532527117
Epoch 69, min : 0.0, max : 0.09179921448230743
This epoch duration :2487.7909190654755
Epoch 69, val-method base, validation accuracy 19.587430953979492, best_prec 19.587430953979492
Epoch 70, l0 norm : 41292, l1 norm : 26.88962756912798
Epoch 70, min : 0.0, max : 0.08923156559467316
This epoch duration :2487.800656557083
Epoch 70, val-method base, validation accuracy 19.587430953979492, best_prec 19.587430953979492
Epoch 71, l0 norm : 41292, l1 norm : 26.147883268170958
Epoch 71, min : 0.0, max : 0.08677006512880325
This epoch duration :2487.6513266563416
Epoch 71, val-method base, validation accuracy 19.587430953979492, best_prec 19.587430953979492
Epoch 72, l0 norm : 41292, l1 norm : 25.43642389833863
Epoch 72, min : 0.0, max : 0.084409199655056
This epoch duration :2488.0127539634705
Epoch 72, val-method base, validation accuracy 19.587430953979492, best_prec 19.587430953979492
Epoch 73, l0 norm : 41292, l1 norm : 24.753603415028387
Epoch 73, min : 0.0, max : 0.0821431577205658
This epoch duration :2488.4862463474274
Epoch 73, val-method base, validation accuracy 19.587430953979492, best_prec 19.587430953979492
Epoch 74, l0 norm : 41292, l1 norm : 24.097916917766057
Epoch 74, min : 0.0, max : 0.0799674317240715
This epoch duration :2488.0678050518036
Epoch 74, val-method base, validation accuracy 19.587430953979492, best_prec 19.587430953979492
Epoch 75, l0 norm : 41292, l1 norm : 23.467933892711386
Epoch 75, min : 0.0, max : 0.07787685841321945
This epoch duration :2487.404561519623
Epoch 75, val-method base, validation accuracy 19.587430953979492, best_prec 19.587430953979492
Epoch 76, l0 norm : 41292, l1 norm : 22.86234208187836
Epoch 76, min : 0.0, max : 0.0758671835064888
This epoch duration :2487.9913556575775
Epoch 76, val-method base, validation accuracy 19.587430953979492, best_prec 19.587430953979492
Epoch 77, l0 norm : 41292, l1 norm : 22.27989979927279
Epoch 77, min : 0.0, max : 0.07393438369035721
This epoch duration :2487.8778388500214
Epoch 77, val-method base, validation accuracy 19.587430953979492, best_prec 19.587430953979492
Epoch 78, l0 norm : 41292, l1 norm : 21.719426394146467
Epoch 78, min : 0.0, max : 0.0720745399594307
This epoch duration :2487.656532049179
Epoch 78, val-method base, validation accuracy 19.587430953979492, best_prec 19.587430953979492
Epoch 79, l0 norm : 41292, l1 norm : 21.17984039806454
Epoch 79, min : 0.0, max : 0.0702839121222496
This epoch duration :2487.1090795993805
Epoch 79, val-method base, validation accuracy 19.587430953979492, best_prec 19.587430953979492
Epoch 80, l0 norm : 41292, l1 norm : 20.660117563129525
Epoch 80, min : 0.0, max : 0.06855925172567368
This epoch duration :2487.675600528717
Epoch 80, val-method base, validation accuracy 19.587430953979492, best_prec 19.587430953979492
Epoch 81, l0 norm : 41292, l1 norm : 20.159288954643557
Epoch 81, min : 0.0, max : 0.06689736992120743
This epoch duration :2488.246041536331
Epoch 81, val-method base, validation accuracy 19.587430953979492, best_prec 19.587430953979492
Epoch 82, l0 norm : 41292, l1 norm : 19.676446673197333
Epoch 82, min : 0.0, max : 0.0652950331568718
This epoch duration :2488.046770095825
Epoch 82, val-method base, validation accuracy 19.587430953979492, best_prec 19.587430953979492
Epoch 83, l0 norm : 41292, l1 norm : 19.21076292811032
Epoch 83, min : 0.0, max : 0.06374964118003845
This epoch duration :2487.450945854187
Epoch 83, val-method base, validation accuracy 19.587430953979492, best_prec 19.587430953979492
Epoch 84, l0 norm : 41292, l1 norm : 18.761406114028922
Epoch 84, min : 0.0, max : 0.062258556485176086
This epoch duration :2487.8108615875244
Epoch 84, val-method base, validation accuracy 19.587430953979492, best_prec 19.587430953979492
Epoch 85, l0 norm : 41292, l1 norm : 18.32763427111955
Epoch 85, min : 0.0, max : 0.0608191154897213
This epoch duration :2486.8446819782257
Epoch 85, val-method base, validation accuracy 19.587430953979492, best_prec 19.587430953979492
Epoch 86, l0 norm : 41292, l1 norm : 17.908734049817824
Epoch 86, min : 0.0, max : 0.05942903086543083
This epoch duration :2487.601442337036
Epoch 86, val-method base, validation accuracy 19.587430953979492, best_prec 19.587430953979492
Epoch 87, l0 norm : 41292, l1 norm : 17.504028340258543
Epoch 87, min : 0.0, max : 0.05808603763580322
This epoch duration :2487.3624515533447
Epoch 87, val-method base, validation accuracy 19.587430953979492, best_prec 19.587430953979492
Epoch 88, l0 norm : 41292, l1 norm : 17.112901067821717
Epoch 88, min : 0.0, max : 0.05678810551762581
This epoch duration :2486.9045870304108
Epoch 88, val-method base, validation accuracy 19.587430953979492, best_prec 19.587430953979492
Epoch 89, l0 norm : 41292, l1 norm : 16.734724713793632
Epoch 89, min : 0.0, max : 0.05553312972187996
This epoch duration :2487.753855228424
Epoch 89, val-method base, validation accuracy 19.587430953979492, best_prec 19.587430953979492
Epoch 90, l0 norm : 41292, l1 norm : 16.368949960855947
Epoch 90, min : 0.0, max : 0.0543193444609642
This epoch duration :2487.292669773102
Epoch 90, val-method base, validation accuracy 19.587430953979492, best_prec 19.587430953979492
Epoch 91, l0 norm : 41292, l1 norm : 16.01504084317155
Epoch 91, min : 0.0, max : 0.0531449168920517
This epoch duration :2487.193881034851
Epoch 91, val-method base, validation accuracy 19.587430953979492, best_prec 19.587430953979492
Epoch 92, l0 norm : 41292, l1 norm : 15.67249095883944
Epoch 92, min : 0.0, max : 0.052008166909217834
This epoch duration :2487.5065898895264
Epoch 92, val-method base, validation accuracy 19.587430953979492, best_prec 19.587430953979492
Epoch 93, l0 norm : 41292, l1 norm : 15.340812979523527
Epoch 93, min : 0.0, max : 0.05090748146176338
This epoch duration :2487.0240437984467
Epoch 93, val-method base, validation accuracy 19.587430953979492, best_prec 19.587430953979492
Epoch 94, l0 norm : 41292, l1 norm : 15.019545326040383
Epoch 94, min : 0.0, max : 0.049841392785310745
This epoch duration :2487.2417442798615
Epoch 94, val-method base, validation accuracy 19.587430953979492, best_prec 19.587430953979492
Epoch 95, l0 norm : 41292, l1 norm : 14.70827601046122
Epoch 95, min : 0.0, max : 0.048808466643095016
This epoch duration :2487.0865054130554
Epoch 95, val-method base, validation accuracy 19.587430953979492, best_prec 19.587430953979492
Epoch 96, l0 norm : 41292, l1 norm : 14.406575878643814
Epoch 96, min : 0.0, max : 0.04780731350183487
This epoch duration :2487.1610119342804
Epoch 96, val-method base, validation accuracy 19.587430953979492, best_prec 19.587430953979492
Epoch 97, l0 norm : 41292, l1 norm : 14.114061552815777
Epoch 97, min : 0.0, max : 0.04683661460876465
This epoch duration :2487.102252483368
Epoch 97, val-method base, validation accuracy 19.587430953979492, best_prec 19.587430953979492
Epoch 98, l0 norm : 41292, l1 norm : 13.830371589986253
Epoch 98, min : 0.0, max : 0.04589521512389183
This epoch duration :2299.8424565792084
Epoch 98, val-method base, validation accuracy 19.587430953979492, best_prec 19.587430953979492
Epoch 99, l0 norm : 41292, l1 norm : 13.555152176278291
Epoch 99, min : 0.0, max : 0.04498192295432091
This epoch duration :1970.1402180194855
Epoch 99, val-method base, validation accuracy 19.587430953979492, best_prec 19.587430953979492
