Namespace(configs='configs/CIFAR10/pen_bip_1.yml', result_dir='./trained_models', exp_name='RC_pb1_l6a001', exp_mode='prune', arch='resnet18', num_classes=10, layer_type='unstructured', k=None, lambd=0.999999, alpha=0.01, scaled_score_init=True, scale_rand_init=False, freeze_bn=False, source_net='trained_models/CIFAR10_resnet18_Pretrain/pretrain/latest_exp/checkpoint/model_best.pth.tar', scores_init_type=None, dataset='CIFAR10', batch_size=128, num_workers=2, test_batch_size=128, normalize=True, data_dir='./data', image_dim=32, trainer='penalized_bilevel_1', epochs=100, optimizer='sgd', wd=0.0001, mask_lr=0.1, lr=0.1, mask_lr_schedule='step', lr_schedule='cosine', momentum=0.9, warmup_epochs=0, warmup_lr=0.1, save_dense=False, evaluate=False, val_method='base', resume='', seed=1234, print_freq=100, lr2=0.0001, accelerate=False)
=> loading source model from 'trained_models/CIFAR10_resnet18_Pretrain/pretrain/latest_exp/checkpoint/model_best.pth.tar'
=> loaded checkpoint 'trained_models/CIFAR10_resnet18_Pretrain/pretrain/latest_exp/checkpoint/model_best.pth.tar'
Epoch 0, l0 norm : 2735918, l1 norm : 1277749.1860809326
Epoch 0, min : 0.0, max : 0.8652433156967163
This epoch duration :2154.0628554821014
Epoch 0, val-method base, validation accuracy 35.2599983215332, best_prec 35.2599983215332
Epoch 1, l0 norm : 2735918, l1 norm : 1286585.5143127441
Epoch 1, min : 0.0, max : 0.7355066537857056
This epoch duration :2147.867770910263
Epoch 1, val-method base, validation accuracy 43.7599983215332, best_prec 43.7599983215332
Epoch 2, l0 norm : 2735918, l1 norm : 1279073.730331421
Epoch 2, min : 0.0, max : 0.6336753964424133
This epoch duration :2147.5745134353638
Epoch 2, val-method base, validation accuracy 51.78999710083008, best_prec 51.78999710083008
Epoch 3, l0 norm : 2735918, l1 norm : 1266013.5109710693
Epoch 3, min : 0.0, max : 0.5910465121269226
This epoch duration :2147.3068997859955
Epoch 3, val-method base, validation accuracy 56.68000030517578, best_prec 56.68000030517578
Epoch 4, l0 norm : 2735918, l1 norm : 1252045.6338806152
Epoch 4, min : 0.0, max : 0.5574064254760742
This epoch duration :2146.719315290451
Epoch 4, val-method base, validation accuracy 60.66999816894531, best_prec 60.66999816894531
Epoch 5, l0 norm : 2735918, l1 norm : 1237440.775894165
Epoch 5, min : 0.0, max : 0.538631021976471
This epoch duration :2148.5521059036255
Epoch 5, val-method base, validation accuracy 64.31999969482422, best_prec 64.31999969482422
Epoch 6, l0 norm : 2735918, l1 norm : 1222812.5711517334
Epoch 6, min : 0.0, max : 0.5253761410713196
This epoch duration :2147.598685026169
Epoch 6, val-method base, validation accuracy 64.68000030517578, best_prec 64.68000030517578
Epoch 7, l0 norm : 2735918, l1 norm : 1208300.5280151367
Epoch 7, min : 0.0, max : 0.5107340812683105
This epoch duration :2146.806168794632
Epoch 7, val-method base, validation accuracy 64.54000091552734, best_prec 64.68000030517578
Epoch 8, l0 norm : 2735918, l1 norm : 1194027.6741027832
Epoch 8, min : 0.0, max : 0.5044732093811035
This epoch duration :2148.043174982071
Epoch 8, val-method base, validation accuracy 65.98999786376953, best_prec 65.98999786376953
Epoch 9, l0 norm : 2735918, l1 norm : 1180058.538406372
Epoch 9, min : 0.0, max : 0.49403542280197144
This epoch duration :2148.5320806503296
Epoch 9, val-method base, validation accuracy 69.3499984741211, best_prec 69.3499984741211
Epoch 10, l0 norm : 2735918, l1 norm : 1166306.7086334229
Epoch 10, min : 0.0, max : 0.48782894015312195
This epoch duration :2148.891058444977
Epoch 10, val-method base, validation accuracy 72.94999694824219, best_prec 72.94999694824219
Epoch 11, l0 norm : 2735918, l1 norm : 1152913.0087890625
Epoch 11, min : 0.0, max : 0.4837057292461395
This epoch duration :2149.172497987747
Epoch 11, val-method base, validation accuracy 74.58999633789062, best_prec 74.58999633789062
Epoch 12, l0 norm : 2735918, l1 norm : 1139929.252090454
Epoch 12, min : 0.0, max : 0.4782836139202118
This epoch duration :2148.0725479125977
Epoch 12, val-method base, validation accuracy 76.05999755859375, best_prec 76.05999755859375
Epoch 13, l0 norm : 2735918, l1 norm : 1127329.3314666748
Epoch 13, min : 0.0, max : 0.47960880398750305
This epoch duration :2148.0483434200287
Epoch 13, val-method base, validation accuracy 78.47999572753906, best_prec 78.47999572753906
Epoch 14, l0 norm : 2735918, l1 norm : 1115086.8013153076
Epoch 14, min : 0.0, max : 0.47411349415779114
This epoch duration :2149.547921180725
Epoch 14, val-method base, validation accuracy 77.4000015258789, best_prec 78.47999572753906
Epoch 15, l0 norm : 2735918, l1 norm : 1103207.3911590576
Epoch 15, min : 0.0, max : 0.4649803042411804
This epoch duration :2148.2131683826447
Epoch 15, val-method base, validation accuracy 78.00999450683594, best_prec 78.47999572753906
Epoch 16, l0 norm : 2735918, l1 norm : 1091676.8724136353
Epoch 16, min : 0.0, max : 0.45938557386398315
This epoch duration :2148.4858133792877
Epoch 16, val-method base, validation accuracy 78.15999603271484, best_prec 78.47999572753906
Epoch 17, l0 norm : 2735918, l1 norm : 1080531.8367080688
Epoch 17, min : 0.0, max : 0.4527675211429596
This epoch duration :2148.8358635902405
Epoch 17, val-method base, validation accuracy 80.07999420166016, best_prec 80.07999420166016
Epoch 18, l0 norm : 2735918, l1 norm : 1069775.3659973145
Epoch 18, min : 0.0, max : 0.4463983476161957
This epoch duration :2149.1032149791718
Epoch 18, val-method base, validation accuracy 81.45999908447266, best_prec 81.45999908447266
Epoch 19, l0 norm : 2735918, l1 norm : 1059349.0255889893
Epoch 19, min : 0.0, max : 0.44024476408958435
This epoch duration :2149.0365986824036
Epoch 19, val-method base, validation accuracy 82.0199966430664, best_prec 82.0199966430664
Epoch 20, l0 norm : 2735918, l1 norm : 1049291.577468872
Epoch 20, min : 0.0, max : 0.43458518385887146
This epoch duration :2149.1610248088837
Epoch 20, val-method base, validation accuracy 82.11000061035156, best_prec 82.11000061035156
Epoch 21, l0 norm : 2735918, l1 norm : 1039597.0456848145
Epoch 21, min : 0.0, max : 0.43458524346351624
This epoch duration :2149.8255848884583
Epoch 21, val-method base, validation accuracy 82.97000122070312, best_prec 82.97000122070312
Epoch 22, l0 norm : 2735918, l1 norm : 1030257.7775878906
Epoch 22, min : 0.0, max : 0.43379539251327515
This epoch duration :2149.7131197452545
Epoch 22, val-method base, validation accuracy 83.7699966430664, best_prec 83.7699966430664
Epoch 23, l0 norm : 2735918, l1 norm : 1021290.2456817627
Epoch 23, min : 0.0, max : 0.43719416856765747
This epoch duration :2149.38835811615
Epoch 23, val-method base, validation accuracy 84.23999786376953, best_prec 84.23999786376953
Epoch 24, l0 norm : 2735918, l1 norm : 1012667.5242614746
Epoch 24, min : 0.0, max : 0.4345128536224365
This epoch duration :2149.3481407165527
Epoch 24, val-method base, validation accuracy 84.56999969482422, best_prec 84.56999969482422
Epoch 25, l0 norm : 2735918, l1 norm : 1004399.2339096069
Epoch 25, min : 0.0, max : 0.43201589584350586
This epoch duration :2148.124430656433
Epoch 25, val-method base, validation accuracy 84.22000122070312, best_prec 84.56999969482422
Epoch 26, l0 norm : 2735918, l1 norm : 996464.5026092529
Epoch 26, min : 0.0, max : 0.43157872557640076
This epoch duration :2147.3749182224274
Epoch 26, val-method base, validation accuracy 85.68000030517578, best_prec 85.68000030517578
Epoch 27, l0 norm : 2735918, l1 norm : 988863.3233795166
Epoch 27, min : 0.0, max : 0.432672381401062
This epoch duration :2152.9912893772125
Epoch 27, val-method base, validation accuracy 84.45999908447266, best_prec 85.68000030517578
Epoch 28, l0 norm : 2735918, l1 norm : 981590.4687728882
Epoch 28, min : 0.0, max : 0.4321916103363037
This epoch duration :2154.990647315979
Epoch 28, val-method base, validation accuracy 85.88999938964844, best_prec 85.88999938964844
Epoch 29, l0 norm : 2735918, l1 norm : 974682.4365005493
Epoch 29, min : 0.0, max : 0.4286216199398041
This epoch duration :2155.0842349529266
Epoch 29, val-method base, validation accuracy 86.95999908447266, best_prec 86.95999908447266
Epoch 30, l0 norm : 2735918, l1 norm : 968089.7726593018
Epoch 30, min : 0.0, max : 0.4289134740829468
This epoch duration :2152.563847064972
Epoch 30, val-method base, validation accuracy 85.97999572753906, best_prec 86.95999908447266
Epoch 31, l0 norm : 2735918, l1 norm : 961835.4299621582
Epoch 31, min : 0.0, max : 0.4254968762397766
This epoch duration :2146.8935041427612
Epoch 31, val-method base, validation accuracy 85.47000122070312, best_prec 86.95999908447266
Epoch 32, l0 norm : 2735918, l1 norm : 955908.3302154541
Epoch 32, min : 0.0, max : 0.42502856254577637
This epoch duration :2151.590951681137
Epoch 32, val-method base, validation accuracy 86.9000015258789, best_prec 86.95999908447266
Epoch 33, l0 norm : 2735918, l1 norm : 950283.9699859619
Epoch 33, min : 0.0, max : 0.4268206059932709
This epoch duration :2156.224317073822
Epoch 33, val-method base, validation accuracy 87.43000030517578, best_prec 87.43000030517578
Epoch 34, l0 norm : 2735918, l1 norm : 944977.8714294434
Epoch 34, min : 0.0, max : 0.4260135293006897
This epoch duration :2156.24458861351
Epoch 34, val-method base, validation accuracy 87.0199966430664, best_prec 87.43000030517578
Epoch 35, l0 norm : 2735918, l1 norm : 939969.1608352661
Epoch 35, min : 0.0, max : 0.42297911643981934
This epoch duration :2154.4425842761993
Epoch 35, val-method base, validation accuracy 87.54999542236328, best_prec 87.54999542236328
Epoch 36, l0 norm : 2735918, l1 norm : 935284.5314178467
Epoch 36, min : 0.0, max : 0.4209222197532654
This epoch duration :2151.2228400707245
Epoch 36, val-method base, validation accuracy 87.3699951171875, best_prec 87.54999542236328
Epoch 37, l0 norm : 2735918, l1 norm : 930896.2797317505
Epoch 37, min : 0.0, max : 0.41964903473854065
This epoch duration :2151.766264438629
Epoch 37, val-method base, validation accuracy 87.40999603271484, best_prec 87.54999542236328
Epoch 38, l0 norm : 2735918, l1 norm : 926803.767906189
Epoch 38, min : 0.0, max : 0.41963624954223633
This epoch duration :2154.0158383846283
Epoch 38, val-method base, validation accuracy 86.6500015258789, best_prec 87.54999542236328
Epoch 39, l0 norm : 2735918, l1 norm : 923005.96534729
Epoch 39, min : 0.0, max : 0.41630062460899353
This epoch duration :2153.5437564849854
Epoch 39, val-method base, validation accuracy 85.8699951171875, best_prec 87.54999542236328
Epoch 40, l0 norm : 2735918, l1 norm : 919507.729019165
Epoch 40, min : 0.0, max : 0.41703328490257263
This epoch duration :2150.0318925380707
Epoch 40, val-method base, validation accuracy 87.81999969482422, best_prec 87.81999969482422
Epoch 41, l0 norm : 2735918, l1 norm : 916289.0436630249
Epoch 41, min : 0.0, max : 0.41779661178588867
This epoch duration :2146.246011018753
Epoch 41, val-method base, validation accuracy 88.13999938964844, best_prec 88.13999938964844
Epoch 42, l0 norm : 2735918, l1 norm : 913348.6150512695
Epoch 42, min : 0.0, max : 0.4180203080177307
This epoch duration :2146.7922689914703
Epoch 42, val-method base, validation accuracy 88.36000061035156, best_prec 88.36000061035156
Epoch 43, l0 norm : 2735918, l1 norm : 910701.3570480347
Epoch 43, min : 0.0, max : 0.4165186583995819
This epoch duration :2146.345165014267
Epoch 43, val-method base, validation accuracy 88.56999969482422, best_prec 88.56999969482422
Epoch 44, l0 norm : 2735918, l1 norm : 908333.9324874878
Epoch 44, min : 0.0, max : 0.415301114320755
This epoch duration :2146.477514266968
Epoch 44, val-method base, validation accuracy 89.05999755859375, best_prec 89.05999755859375
Epoch 45, l0 norm : 2735918, l1 norm : 906243.9042358398
Epoch 45, min : 0.0, max : 0.4151645302772522
This epoch duration :2146.1594014167786
Epoch 45, val-method base, validation accuracy 87.57999420166016, best_prec 89.05999755859375
Epoch 46, l0 norm : 2735918, l1 norm : 904417.8874969482
Epoch 46, min : 0.0, max : 0.41454946994781494
This epoch duration :2146.4301056861877
Epoch 46, val-method base, validation accuracy 88.04999542236328, best_prec 89.05999755859375
Epoch 47, l0 norm : 2735918, l1 norm : 902858.1616134644
Epoch 47, min : 0.0, max : 0.4144524037837982
This epoch duration :2146.31640124321
Epoch 47, val-method base, validation accuracy 88.97999572753906, best_prec 89.05999755859375
Epoch 48, l0 norm : 2735918, l1 norm : 901552.2218933105
Epoch 48, min : 0.0, max : 0.41423726081848145
This epoch duration :2152.1615374088287
Epoch 48, val-method base, validation accuracy 89.41999816894531, best_prec 89.41999816894531
Epoch 49, l0 norm : 2735918, l1 norm : 900519.1178283691
Epoch 49, min : 0.0, max : 0.413802832365036
This epoch duration :2154.7563710212708
Epoch 49, val-method base, validation accuracy 88.43999481201172, best_prec 89.41999816894531
Epoch 50, l0 norm : 2735918, l1 norm : 899732.1154556274
Epoch 50, min : 0.0, max : 0.41250696778297424
This epoch duration :2155.181709051132
Epoch 50, val-method base, validation accuracy 88.70999908447266, best_prec 89.41999816894531
Epoch 51, l0 norm : 2735918, l1 norm : 899206.1825561523
Epoch 51, min : 0.0, max : 0.4125649034976959
This epoch duration :2152.9573724269867
Epoch 51, val-method base, validation accuracy 89.45999908447266, best_prec 89.45999908447266
Epoch 52, l0 norm : 2735918, l1 norm : 898927.8371810913
Epoch 52, min : 0.0, max : 0.4111241400241852
This epoch duration :2146.2229857444763
Epoch 52, val-method base, validation accuracy 88.97999572753906, best_prec 89.45999908447266
Epoch 53, l0 norm : 2735918, l1 norm : 898896.3478317261
Epoch 53, min : 0.0, max : 0.4122943580150604
This epoch duration :2145.90815281868
Epoch 53, val-method base, validation accuracy 88.1500015258789, best_prec 89.45999908447266
Epoch 54, l0 norm : 2735918, l1 norm : 899118.7242889404
Epoch 54, min : 0.0, max : 0.4122176170349121
This epoch duration :2146.74497961998
Epoch 54, val-method base, validation accuracy 89.5, best_prec 89.5
Epoch 55, l0 norm : 2735918, l1 norm : 899561.1616439819
Epoch 55, min : 0.0, max : 0.4133168160915375
This epoch duration :2146.210718870163
Epoch 55, val-method base, validation accuracy 90.13999938964844, best_prec 90.13999938964844
Epoch 56, l0 norm : 2735918, l1 norm : 900246.4317779541
Epoch 56, min : 0.0, max : 0.4134148061275482
This epoch duration :2145.911728620529
Epoch 56, val-method base, validation accuracy 89.65999603271484, best_prec 90.13999938964844
Epoch 57, l0 norm : 2735918, l1 norm : 901171.0537872314
Epoch 57, min : 0.0, max : 0.41319572925567627
This epoch duration :2146.3796112537384
Epoch 57, val-method base, validation accuracy 90.1199951171875, best_prec 90.13999938964844
Epoch 58, l0 norm : 2735918, l1 norm : 902320.4349975586
Epoch 58, min : 0.0, max : 0.41518956422805786
This epoch duration :2146.434423685074
Epoch 58, val-method base, validation accuracy 90.04000091552734, best_prec 90.13999938964844
Epoch 59, l0 norm : 2735918, l1 norm : 903690.2382354736
Epoch 59, min : 0.0, max : 0.4171861410140991
This epoch duration :2146.1436610221863
Epoch 59, val-method base, validation accuracy 90.04999542236328, best_prec 90.13999938964844
Epoch 60, l0 norm : 2735918, l1 norm : 905277.9416503906
Epoch 60, min : 0.0, max : 0.4172914922237396
This epoch duration :2146.1963901519775
Epoch 60, val-method base, validation accuracy 90.31999969482422, best_prec 90.31999969482422
Epoch 61, l0 norm : 2735918, l1 norm : 907086.5983428955
Epoch 61, min : 0.0, max : 0.4177156388759613
This epoch duration :2146.2648084163666
Epoch 61, val-method base, validation accuracy 90.68000030517578, best_prec 90.68000030517578
Epoch 62, l0 norm : 2735918, l1 norm : 909114.9449691772
Epoch 62, min : 0.0, max : 0.41858890652656555
This epoch duration :2146.7959990501404
Epoch 62, val-method base, validation accuracy 90.04000091552734, best_prec 90.68000030517578
Epoch 63, l0 norm : 2735918, l1 norm : 911346.8584594727
Epoch 63, min : 0.0, max : 0.420887291431427
This epoch duration :2145.937245607376
Epoch 63, val-method base, validation accuracy 90.1500015258789, best_prec 90.68000030517578
Epoch 64, l0 norm : 2735918, l1 norm : 913779.5396881104
Epoch 64, min : 0.0, max : 0.42251309752464294
This epoch duration :2146.3072781562805
Epoch 64, val-method base, validation accuracy 90.6199951171875, best_prec 90.68000030517578
Epoch 65, l0 norm : 2735918, l1 norm : 916388.8702850342
Epoch 65, min : 0.0, max : 0.42366403341293335
This epoch duration :2146.6456837654114
Epoch 65, val-method base, validation accuracy 90.33999633789062, best_prec 90.68000030517578
Epoch 66, l0 norm : 2735918, l1 norm : 919218.618560791
Epoch 66, min : 0.0, max : 0.4263494312763214
This epoch duration :2150.2379863262177
Epoch 66, val-method base, validation accuracy 90.02999877929688, best_prec 90.68000030517578
Epoch 67, l0 norm : 2735918, l1 norm : 922234.2028045654
Epoch 67, min : 0.0, max : 0.42936015129089355
This epoch duration :2154.015366077423
Epoch 67, val-method base, validation accuracy 90.48999786376953, best_prec 90.68000030517578
Epoch 68, l0 norm : 2735918, l1 norm : 925439.2571487427
Epoch 68, min : 0.0, max : 0.43154752254486084
This epoch duration :2154.681651830673
Epoch 68, val-method base, validation accuracy 90.79999542236328, best_prec 90.79999542236328
Epoch 69, l0 norm : 2735918, l1 norm : 928808.3659973145
Epoch 69, min : 0.0, max : 0.4345967173576355
This epoch duration :2155.4330518245697
Epoch 69, val-method base, validation accuracy 91.36000061035156, best_prec 91.36000061035156
Epoch 70, l0 norm : 2735918, l1 norm : 932358.606338501
Epoch 70, min : 0.0, max : 0.43749579787254333
This epoch duration :2148.214485168457
Epoch 70, val-method base, validation accuracy 91.13999938964844, best_prec 91.36000061035156
Epoch 71, l0 norm : 2735918, l1 norm : 936074.7978057861
Epoch 71, min : 0.0, max : 0.43965283036231995
This epoch duration :2147.7681539058685
Epoch 71, val-method base, validation accuracy 90.8699951171875, best_prec 91.36000061035156
Epoch 72, l0 norm : 2735918, l1 norm : 939937.5225143433
Epoch 72, min : 0.0, max : 0.4422767758369446
This epoch duration :2149.566950082779
Epoch 72, val-method base, validation accuracy 91.1199951171875, best_prec 91.36000061035156
Epoch 73, l0 norm : 2735918, l1 norm : 943965.5722579956
Epoch 73, min : 0.0, max : 0.44522416591644287
This epoch duration :2149.5919167995453
Epoch 73, val-method base, validation accuracy 91.23999786376953, best_prec 91.36000061035156
Epoch 74, l0 norm : 2735918, l1 norm : 948130.7086486816
Epoch 74, min : 0.0, max : 0.44704926013946533
This epoch duration :2150.1758937835693
Epoch 74, val-method base, validation accuracy 91.44999694824219, best_prec 91.44999694824219
Epoch 75, l0 norm : 2735918, l1 norm : 952436.1950073242
Epoch 75, min : 0.0, max : 0.45048215985298157
This epoch duration :2151.215484380722
Epoch 75, val-method base, validation accuracy 91.91999816894531, best_prec 91.91999816894531
Epoch 76, l0 norm : 2735918, l1 norm : 956869.8061218262
Epoch 76, min : 0.0, max : 0.4519403874874115
This epoch duration :2148.8595929145813
Epoch 76, val-method base, validation accuracy 91.88999938964844, best_prec 91.91999816894531
Epoch 77, l0 norm : 2735918, l1 norm : 961422.4949264526
Epoch 77, min : 0.0, max : 0.45402732491493225
This epoch duration :2150.8593797683716
Epoch 77, val-method base, validation accuracy 91.40999603271484, best_prec 91.91999816894531
Epoch 78, l0 norm : 2735918, l1 norm : 966085.0772705078
Epoch 78, min : 0.0, max : 0.45655927062034607
This epoch duration :2150.0156581401825
Epoch 78, val-method base, validation accuracy 91.79000091552734, best_prec 91.91999816894531
Epoch 79, l0 norm : 2735918, l1 norm : 970855.4181060791
Epoch 79, min : 0.0, max : 0.4593226909637451
This epoch duration :2149.346133708954
Epoch 79, val-method base, validation accuracy 92.14999389648438, best_prec 92.14999389648438
Epoch 80, l0 norm : 2735918, l1 norm : 975762.4840011597
Epoch 80, min : 0.0, max : 0.46293893456459045
This epoch duration :2150.057407617569
Epoch 80, val-method base, validation accuracy 91.91999816894531, best_prec 92.14999389648438
Epoch 81, l0 norm : 2735918, l1 norm : 980727.9538269043
Epoch 81, min : 0.0, max : 0.4655344486236572
This epoch duration :2150.132292032242
Epoch 81, val-method base, validation accuracy 91.81999969482422, best_prec 92.14999389648438
Epoch 82, l0 norm : 2735918, l1 norm : 985782.2324142456
Epoch 82, min : 0.0, max : 0.4682660400867462
This epoch duration :2149.1896126270294
Epoch 82, val-method base, validation accuracy 92.08999633789062, best_prec 92.14999389648438
Epoch 83, l0 norm : 2735918, l1 norm : 990899.9916763306
Epoch 83, min : 0.0, max : 0.47205525636672974
This epoch duration :2149.6333677768707
Epoch 83, val-method base, validation accuracy 92.04999542236328, best_prec 92.14999389648438
Epoch 84, l0 norm : 2735918, l1 norm : 996080.3639831543
Epoch 84, min : 0.0, max : 0.47660917043685913
This epoch duration :2149.13108086586
Epoch 84, val-method base, validation accuracy 92.13999938964844, best_prec 92.14999389648438
Epoch 85, l0 norm : 2735918, l1 norm : 1001362.8927307129
Epoch 85, min : 0.0, max : 0.4801149368286133
This epoch duration :2149.611447095871
Epoch 85, val-method base, validation accuracy 92.11000061035156, best_prec 92.14999389648438
Epoch 86, l0 norm : 2735918, l1 norm : 1006652.0247421265
Epoch 86, min : 0.0, max : 0.4826241433620453
This epoch duration :2149.542707681656
Epoch 86, val-method base, validation accuracy 92.06999969482422, best_prec 92.14999389648438
Epoch 87, l0 norm : 2735918, l1 norm : 1012000.4476623535
Epoch 87, min : 0.0, max : 0.48487818241119385
This epoch duration :2149.3684911727905
Epoch 87, val-method base, validation accuracy 92.22999572753906, best_prec 92.22999572753906
Epoch 88, l0 norm : 2735918, l1 norm : 1017355.9119262695
Epoch 88, min : 0.0, max : 0.4873296320438385
This epoch duration :2150.075876712799
Epoch 88, val-method base, validation accuracy 92.06999969482422, best_prec 92.22999572753906
Epoch 89, l0 norm : 2735918, l1 norm : 1022757.4836425781
Epoch 89, min : 0.0, max : 0.48985475301742554
This epoch duration :2148.7505447864532
Epoch 89, val-method base, validation accuracy 92.29000091552734, best_prec 92.29000091552734
Epoch 90, l0 norm : 2735918, l1 norm : 1028209.8182373047
Epoch 90, min : 0.0, max : 0.4936210513114929
This epoch duration :2148.666139125824
Epoch 90, val-method base, validation accuracy 92.14999389648438, best_prec 92.29000091552734
Epoch 91, l0 norm : 2735918, l1 norm : 1033637.1980133057
Epoch 91, min : 0.0, max : 0.49619147181510925
This epoch duration :2148.4046206474304
Epoch 91, val-method base, validation accuracy 92.11000061035156, best_prec 92.29000091552734
Epoch 92, l0 norm : 2735918, l1 norm : 1039086.7644195557
Epoch 92, min : 0.0, max : 0.4992033541202545
This epoch duration :2149.0684883594513
Epoch 92, val-method base, validation accuracy 92.13999938964844, best_prec 92.29000091552734
Epoch 93, l0 norm : 2735918, l1 norm : 1044526.3051757812
Epoch 93, min : 0.0, max : 0.501869797706604
This epoch duration :2149.12030172348
Epoch 93, val-method base, validation accuracy 92.07999420166016, best_prec 92.29000091552734
Epoch 94, l0 norm : 2735918, l1 norm : 1049943.8410568237
Epoch 94, min : 0.0, max : 0.505054235458374
This epoch duration :2150.2458217144012
Epoch 94, val-method base, validation accuracy 92.02999877929688, best_prec 92.29000091552734
Epoch 95, l0 norm : 2735918, l1 norm : 1055331.1868743896
Epoch 95, min : 0.0, max : 0.5075473189353943
This epoch duration :2148.648701906204
Epoch 95, val-method base, validation accuracy 91.93000030517578, best_prec 92.29000091552734
Epoch 96, l0 norm : 2735918, l1 norm : 1060693.8619995117
Epoch 96, min : 0.0, max : 0.5104490518569946
This epoch duration :2148.6816487312317
Epoch 96, val-method base, validation accuracy 92.00999450683594, best_prec 92.29000091552734
Epoch 97, l0 norm : 2735918, l1 norm : 1065984.2075195312
Epoch 97, min : 0.0, max : 0.513259768486023
This epoch duration :2144.4786036014557
Epoch 97, val-method base, validation accuracy 91.95999908447266, best_prec 92.29000091552734
Epoch 98, l0 norm : 2735918, l1 norm : 1071190.7296447754
Epoch 98, min : 0.0, max : 0.5156960487365723
This epoch duration :1693.3109197616577
Epoch 98, val-method base, validation accuracy 91.81999969482422, best_prec 92.29000091552734
Epoch 99, l0 norm : 2735918, l1 norm : 1076331.6082229614
Epoch 99, min : 0.0, max : 0.517880380153656
This epoch duration :608.4503493309021
Epoch 99, val-method base, validation accuracy 91.82999420166016, best_prec 92.29000091552734
