Namespace(configs='configs/CIFAR10/pen_bip_1.yml', result_dir='./trained_models', exp_name='RC_pb1_19', exp_mode='prune', arch='resnet18', num_classes=10, layer_type='unstructured', k=None, lambd=0.9999999, alpha=1.0, scaled_score_init=True, scale_rand_init=False, freeze_bn=False, source_net='trained_models/CIFAR10_resnet18_Pretrain/pretrain/latest_exp/checkpoint/model_best.pth.tar', scores_init_type=None, dataset='CIFAR10', batch_size=128, num_workers=2, test_batch_size=128, normalize=True, data_dir='./data', image_dim=32, trainer='penalized_bilevel_1', epochs=100, optimizer='sgd', wd=0.0001, mask_lr=0.1, lr=0.1, mask_lr_schedule='step', lr_schedule='cosine', momentum=0.9, warmup_epochs=0, warmup_lr=0.1, save_dense=False, evaluate=False, val_method='base', resume='', seed=1234, print_freq=100, lr2=0.0001, accelerate=False)
=> loading source model from 'trained_models/CIFAR10_resnet18_Pretrain/pretrain/latest_exp/checkpoint/model_best.pth.tar'
=> loaded checkpoint 'trained_models/CIFAR10_resnet18_Pretrain/pretrain/latest_exp/checkpoint/model_best.pth.tar'
Epoch 0, l0 norm : 6861130, l1 norm : 1776194.3320922852
Epoch 0, min : 0.0, max : 0.7097576856613159
This epoch duration :1932.852531671524
Epoch 0, val-method base, validation accuracy 57.119998931884766, best_prec 57.119998931884766
Epoch 1, l0 norm : 6869422, l1 norm : 1824425.2087097168
Epoch 1, min : 0.0, max : 0.6775890588760376
This epoch duration :2039.637014389038
Epoch 1, val-method base, validation accuracy 76.4000015258789, best_prec 76.4000015258789
Epoch 2, l0 norm : 6871407, l1 norm : 1841153.524597168
Epoch 2, min : 0.0, max : 0.71797114610672
This epoch duration :2033.9519476890564
Epoch 2, val-method base, validation accuracy 78.72000122070312, best_prec 78.72000122070312
Epoch 3, l0 norm : 6872457, l1 norm : 1849918.7537231445
Epoch 3, min : 0.0, max : 0.7209911346435547
This epoch duration :2034.659147977829
Epoch 3, val-method base, validation accuracy 81.72000122070312, best_prec 81.72000122070312
Epoch 4, l0 norm : 6873093, l1 norm : 1856428.1889648438
Epoch 4, min : 0.0, max : 0.7270731329917908
This epoch duration :2035.4460890293121
Epoch 4, val-method base, validation accuracy 84.18999481201172, best_prec 84.18999481201172
Epoch 5, l0 norm : 6873611, l1 norm : 1861390.1788330078
Epoch 5, min : 0.0, max : 0.736118733882904
This epoch duration :2036.2479705810547
Epoch 5, val-method base, validation accuracy 83.22000122070312, best_prec 84.18999481201172
Epoch 6, l0 norm : 6873978, l1 norm : 1865490.8163146973
Epoch 6, min : 0.0, max : 0.7479716539382935
This epoch duration :2037.032478094101
Epoch 6, val-method base, validation accuracy 86.1199951171875, best_prec 86.1199951171875
Epoch 7, l0 norm : 6874320, l1 norm : 1868870.5125732422
Epoch 7, min : 0.0, max : 0.7504745125770569
This epoch duration :2035.0305666923523
Epoch 7, val-method base, validation accuracy 85.52999877929688, best_prec 86.1199951171875
Epoch 8, l0 norm : 6874588, l1 norm : 1871717.9741210938
Epoch 8, min : 0.0, max : 0.7500072717666626
This epoch duration :2032.2182018756866
Epoch 8, val-method base, validation accuracy 87.30999755859375, best_prec 87.30999755859375
Epoch 9, l0 norm : 6874793, l1 norm : 1874371.2875061035
Epoch 9, min : 0.0, max : 0.7406017184257507
This epoch duration :2033.7870862483978
Epoch 9, val-method base, validation accuracy 87.07999420166016, best_prec 87.30999755859375
Epoch 10, l0 norm : 6874959, l1 norm : 1876604.318359375
Epoch 10, min : 0.0, max : 0.7415713667869568
This epoch duration :2032.6439416408539
Epoch 10, val-method base, validation accuracy 87.82999420166016, best_prec 87.82999420166016
Epoch 11, l0 norm : 6875114, l1 norm : 1878356.7093811035
Epoch 11, min : 0.0, max : 0.7408487796783447
This epoch duration :2033.3530101776123
Epoch 11, val-method base, validation accuracy 87.6199951171875, best_prec 87.82999420166016
Epoch 12, l0 norm : 6875282, l1 norm : 1880062.8500976562
Epoch 12, min : 0.0, max : 0.7407590746879578
This epoch duration :2033.5935032367706
Epoch 12, val-method base, validation accuracy 88.77999877929688, best_prec 88.77999877929688
Epoch 13, l0 norm : 6875464, l1 norm : 1881700.6182861328
Epoch 13, min : 0.0, max : 0.7423142790794373
This epoch duration :2036.0900971889496
Epoch 13, val-method base, validation accuracy 88.43999481201172, best_prec 88.77999877929688
Epoch 14, l0 norm : 6875572, l1 norm : 1883209.7056884766
Epoch 14, min : 0.0, max : 0.7383055686950684
This epoch duration :2038.6302320957184
Epoch 14, val-method base, validation accuracy 88.72999572753906, best_prec 88.77999877929688
Epoch 15, l0 norm : 6875683, l1 norm : 1884535.9544677734
Epoch 15, min : 0.0, max : 0.7342997789382935
This epoch duration :2037.3137557506561
Epoch 15, val-method base, validation accuracy 89.06999969482422, best_prec 89.06999969482422
Epoch 16, l0 norm : 6875764, l1 norm : 1885823.652709961
Epoch 16, min : 0.0, max : 0.7348994016647339
This epoch duration :2035.3061442375183
Epoch 16, val-method base, validation accuracy 89.0, best_prec 89.06999969482422
Epoch 17, l0 norm : 6875835, l1 norm : 1886911.3526611328
Epoch 17, min : 0.0, max : 0.7303903102874756
This epoch duration :2035.9183104038239
Epoch 17, val-method base, validation accuracy 89.27999877929688, best_prec 89.27999877929688
Epoch 18, l0 norm : 6875877, l1 norm : 1887829.0161132812
Epoch 18, min : 0.0, max : 0.7310240268707275
This epoch duration :2035.3725349903107
Epoch 18, val-method base, validation accuracy 89.30999755859375, best_prec 89.30999755859375
Epoch 19, l0 norm : 6875938, l1 norm : 1888818.4918823242
Epoch 19, min : 0.0, max : 0.7299255132675171
This epoch duration :2035.7240233421326
Epoch 19, val-method base, validation accuracy 90.13999938964844, best_prec 90.13999938964844
Epoch 20, l0 norm : 6875986, l1 norm : 1889765.7974853516
Epoch 20, min : 0.0, max : 0.7324610948562622
This epoch duration :2033.5850653648376
Epoch 20, val-method base, validation accuracy 89.5199966430664, best_prec 90.13999938964844
Epoch 21, l0 norm : 6876028, l1 norm : 1890584.332397461
Epoch 21, min : 0.0, max : 0.7305120825767517
This epoch duration :2036.6608304977417
Epoch 21, val-method base, validation accuracy 90.54999542236328, best_prec 90.54999542236328
Epoch 22, l0 norm : 6876061, l1 norm : 1891397.9340820312
Epoch 22, min : 0.0, max : 0.7257919907569885
This epoch duration :2032.502100944519
Epoch 22, val-method base, validation accuracy 88.41999816894531, best_prec 90.54999542236328
Epoch 23, l0 norm : 6876099, l1 norm : 1892085.515838623
Epoch 23, min : 0.0, max : 0.7237691879272461
This epoch duration :2035.542252779007
Epoch 23, val-method base, validation accuracy 90.08999633789062, best_prec 90.54999542236328
Epoch 24, l0 norm : 6876123, l1 norm : 1892670.3973693848
Epoch 24, min : 0.0, max : 0.7273877263069153
This epoch duration :2034.5885124206543
Epoch 24, val-method base, validation accuracy 90.29999542236328, best_prec 90.54999542236328
Epoch 25, l0 norm : 6876151, l1 norm : 1893244.937072754
Epoch 25, min : 0.0, max : 0.726881206035614
This epoch duration :2033.8767008781433
Epoch 25, val-method base, validation accuracy 89.91999816894531, best_prec 90.54999542236328
Epoch 26, l0 norm : 6876176, l1 norm : 1893839.386505127
Epoch 26, min : 0.0, max : 0.7245726585388184
This epoch duration :2032.8659403324127
Epoch 26, val-method base, validation accuracy 89.55999755859375, best_prec 90.54999542236328
Epoch 27, l0 norm : 6876212, l1 norm : 1894323.437072754
Epoch 27, min : 0.0, max : 0.724134087562561
This epoch duration :2029.8040046691895
Epoch 27, val-method base, validation accuracy 90.7699966430664, best_prec 90.7699966430664
Epoch 28, l0 norm : 6876241, l1 norm : 1894763.4685668945
Epoch 28, min : 0.0, max : 0.7218449115753174
This epoch duration :2031.846975326538
Epoch 28, val-method base, validation accuracy 89.73999786376953, best_prec 90.7699966430664
Epoch 29, l0 norm : 6876262, l1 norm : 1895100.8056030273
Epoch 29, min : 0.0, max : 0.7227044105529785
This epoch duration :2034.6214644908905
Epoch 29, val-method base, validation accuracy 90.25, best_prec 90.7699966430664
Epoch 30, l0 norm : 6876286, l1 norm : 1895569.5715942383
Epoch 30, min : 0.0, max : 0.7261946201324463
This epoch duration :2036.1945033073425
Epoch 30, val-method base, validation accuracy 90.68000030517578, best_prec 90.7699966430664
Epoch 31, l0 norm : 6876298, l1 norm : 1895833.2014160156
Epoch 31, min : 0.0, max : 0.727493405342102
This epoch duration :2035.4903366565704
Epoch 31, val-method base, validation accuracy 90.25999450683594, best_prec 90.7699966430664
Epoch 32, l0 norm : 6876306, l1 norm : 1896037.5692138672
Epoch 32, min : 0.0, max : 0.7303189039230347
This epoch duration :2034.2656502723694
Epoch 32, val-method base, validation accuracy 91.02999877929688, best_prec 91.02999877929688
Epoch 33, l0 norm : 6876322, l1 norm : 1896461.3174743652
Epoch 33, min : 0.0, max : 0.7326058149337769
This epoch duration :2033.5764544010162
Epoch 33, val-method base, validation accuracy 90.25, best_prec 91.02999877929688
Epoch 34, l0 norm : 6876334, l1 norm : 1896566.812133789
Epoch 34, min : 0.0, max : 0.7338379621505737
This epoch duration :2029.8553388118744
Epoch 34, val-method base, validation accuracy 90.97999572753906, best_prec 91.02999877929688
Epoch 35, l0 norm : 6876336, l1 norm : 1896494.795074463
Epoch 35, min : 0.0, max : 0.7338337302207947
This epoch duration :2032.4794425964355
Epoch 35, val-method base, validation accuracy 91.0199966430664, best_prec 91.02999877929688
Epoch 36, l0 norm : 6876351, l1 norm : 1896641.6983947754
Epoch 36, min : 0.0, max : 0.7353394031524658
This epoch duration :2032.0245172977448
Epoch 36, val-method base, validation accuracy 89.80999755859375, best_prec 91.02999877929688
Epoch 37, l0 norm : 6876363, l1 norm : 1896758.9031066895
Epoch 37, min : 0.0, max : 0.7330214381217957
This epoch duration :2032.9588191509247
Epoch 37, val-method base, validation accuracy 91.11000061035156, best_prec 91.11000061035156
Epoch 38, l0 norm : 6876377, l1 norm : 1896826.7039794922
Epoch 38, min : 0.0, max : 0.7322818040847778
This epoch duration :2037.3389670848846
Epoch 38, val-method base, validation accuracy 91.15999603271484, best_prec 91.15999603271484
Epoch 39, l0 norm : 6876383, l1 norm : 1896713.0009155273
Epoch 39, min : 0.0, max : 0.7311067581176758
This epoch duration :2037.3841140270233
Epoch 39, val-method base, validation accuracy 90.90999603271484, best_prec 91.15999603271484
Epoch 40, l0 norm : 6876388, l1 norm : 1896750.0192260742
Epoch 40, min : 0.0, max : 0.7296504378318787
This epoch duration :2037.5297355651855
Epoch 40, val-method base, validation accuracy 90.5999984741211, best_prec 91.15999603271484
Epoch 41, l0 norm : 6876397, l1 norm : 1896768.0981445312
Epoch 41, min : 0.0, max : 0.7288849353790283
This epoch duration :2036.641363620758
Epoch 41, val-method base, validation accuracy 90.68999481201172, best_prec 91.15999603271484
Epoch 42, l0 norm : 6876399, l1 norm : 1896722.6574707031
Epoch 42, min : 0.0, max : 0.7274796962738037
This epoch duration :2037.360341310501
Epoch 42, val-method base, validation accuracy 91.18999481201172, best_prec 91.18999481201172
Epoch 43, l0 norm : 6876406, l1 norm : 1896602.310394287
Epoch 43, min : 0.0, max : 0.7289211750030518
This epoch duration :2037.1881895065308
Epoch 43, val-method base, validation accuracy 91.73999786376953, best_prec 91.73999786376953
Epoch 44, l0 norm : 6876407, l1 norm : 1896071.7845153809
Epoch 44, min : 0.0, max : 0.7289184331893921
This epoch duration :2035.334373474121
Epoch 44, val-method base, validation accuracy 91.61000061035156, best_prec 91.73999786376953
Epoch 45, l0 norm : 6876408, l1 norm : 1895620.657043457
Epoch 45, min : 0.0, max : 0.7299407124519348
This epoch duration :2039.0040817260742
Epoch 45, val-method base, validation accuracy 91.45999908447266, best_prec 91.73999786376953
Epoch 46, l0 norm : 6876413, l1 norm : 1895213.2849121094
Epoch 46, min : 0.0, max : 0.7320705056190491
This epoch duration :2035.5922648906708
Epoch 46, val-method base, validation accuracy 91.2699966430664, best_prec 91.73999786376953
Epoch 47, l0 norm : 6876417, l1 norm : 1894978.3819274902
Epoch 47, min : 0.0, max : 0.7334110736846924
This epoch duration :2041.9451849460602
Epoch 47, val-method base, validation accuracy 90.7699966430664, best_prec 91.73999786376953
Epoch 48, l0 norm : 6876420, l1 norm : 1894400.2075500488
Epoch 48, min : 0.0, max : 0.7330288887023926
This epoch duration :2033.7014050483704
Epoch 48, val-method base, validation accuracy 91.68000030517578, best_prec 91.73999786376953
Epoch 49, l0 norm : 6876423, l1 norm : 1893801.7315673828
Epoch 49, min : 0.0, max : 0.7328575253486633
This epoch duration :2040.3258531093597
Epoch 49, val-method base, validation accuracy 91.62999725341797, best_prec 91.73999786376953
Epoch 50, l0 norm : 6876428, l1 norm : 1893163.9226074219
Epoch 50, min : 0.0, max : 0.732611894607544
This epoch duration :2036.2678310871124
Epoch 50, val-method base, validation accuracy 91.44999694824219, best_prec 91.73999786376953
Epoch 51, l0 norm : 6876432, l1 norm : 1892664.0623168945
Epoch 51, min : 0.0, max : 0.7347079515457153
This epoch duration :2033.3676705360413
Epoch 51, val-method base, validation accuracy 91.5999984741211, best_prec 91.73999786376953
Epoch 52, l0 norm : 6876434, l1 norm : 1892029.4068908691
Epoch 52, min : 0.0, max : 0.7343817949295044
This epoch duration :2035.7496874332428
Epoch 52, val-method base, validation accuracy 92.14999389648438, best_prec 92.14999389648438
Epoch 53, l0 norm : 6876437, l1 norm : 1891436.323425293
Epoch 53, min : 0.0, max : 0.7360550165176392
This epoch duration :2038.9972732067108
Epoch 53, val-method base, validation accuracy 91.47000122070312, best_prec 92.14999389648438
Epoch 54, l0 norm : 6876440, l1 norm : 1890535.8039550781
Epoch 54, min : 0.0, max : 0.7353385090827942
This epoch duration :2036.2432556152344
Epoch 54, val-method base, validation accuracy 92.22999572753906, best_prec 92.22999572753906
Epoch 55, l0 norm : 6876441, l1 norm : 1889637.6782226562
Epoch 55, min : 0.0, max : 0.7352864742279053
This epoch duration :2037.2428374290466
Epoch 55, val-method base, validation accuracy 92.43999481201172, best_prec 92.43999481201172
Epoch 56, l0 norm : 6876443, l1 norm : 1888594.8540039062
Epoch 56, min : 0.0, max : 0.7364060282707214
This epoch duration :2038.732186794281
Epoch 56, val-method base, validation accuracy 92.0999984741211, best_prec 92.43999481201172
Epoch 57, l0 norm : 6876449, l1 norm : 1887438.701965332
Epoch 57, min : 0.0, max : 0.7375501394271851
This epoch duration :2036.5701804161072
Epoch 57, val-method base, validation accuracy 91.86000061035156, best_prec 92.43999481201172
Epoch 58, l0 norm : 6876453, l1 norm : 1886164.1006774902
Epoch 58, min : 0.0, max : 0.7384598851203918
This epoch duration :2038.7949004173279
Epoch 58, val-method base, validation accuracy 92.12999725341797, best_prec 92.43999481201172
Epoch 59, l0 norm : 6876453, l1 norm : 1884784.4018554688
Epoch 59, min : 0.0, max : 0.7398247122764587
This epoch duration :2032.8176481723785
Epoch 59, val-method base, validation accuracy 92.43999481201172, best_prec 92.43999481201172
Epoch 60, l0 norm : 6876454, l1 norm : 1882337.6782836914
Epoch 60, min : 0.0, max : 0.7409635186195374
This epoch duration :2037.1979291439056
Epoch 60, val-method base, validation accuracy 92.94999694824219, best_prec 92.94999694824219
Epoch 61, l0 norm : 6876455, l1 norm : 1879453.921447754
Epoch 61, min : 0.0, max : 0.74295574426651
This epoch duration :2029.662008523941
Epoch 61, val-method base, validation accuracy 92.93000030517578, best_prec 92.94999694824219
Epoch 62, l0 norm : 6876458, l1 norm : 1876532.4064941406
Epoch 62, min : 0.0, max : 0.7439630627632141
This epoch duration :2038.20636343956
Epoch 62, val-method base, validation accuracy 92.29999542236328, best_prec 92.94999694824219
Epoch 63, l0 norm : 6876462, l1 norm : 1874011.5864562988
Epoch 63, min : 0.0, max : 0.7444531321525574
This epoch duration :2035.436418056488
Epoch 63, val-method base, validation accuracy 93.22000122070312, best_prec 93.22000122070312
Epoch 64, l0 norm : 6876464, l1 norm : 1871310.2953186035
Epoch 64, min : 0.0, max : 0.7458478808403015
This epoch duration :2036.7132730484009
Epoch 64, val-method base, validation accuracy 92.81999969482422, best_prec 93.22000122070312
Epoch 65, l0 norm : 6876472, l1 norm : 1868710.3940734863
Epoch 65, min : 0.0, max : 0.7431848645210266
This epoch duration :2030.983769416809
Epoch 65, val-method base, validation accuracy 93.15999603271484, best_prec 93.22000122070312
Epoch 66, l0 norm : 6876473, l1 norm : 1865465.9290771484
Epoch 66, min : 0.0, max : 0.744806706905365
This epoch duration :2035.8301582336426
Epoch 66, val-method base, validation accuracy 92.6199951171875, best_prec 93.22000122070312
Epoch 67, l0 norm : 6876474, l1 norm : 1861807.5084228516
Epoch 67, min : 0.0, max : 0.745834231376648
This epoch duration :2037.097591638565
Epoch 67, val-method base, validation accuracy 93.47999572753906, best_prec 93.47999572753906
Epoch 68, l0 norm : 6876475, l1 norm : 1857135.265411377
Epoch 68, min : 0.0, max : 0.7467439770698547
This epoch duration :2035.5009415149689
Epoch 68, val-method base, validation accuracy 93.1199951171875, best_prec 93.47999572753906
Epoch 69, l0 norm : 6876478, l1 norm : 1852226.8570861816
Epoch 69, min : 0.0, max : 0.7472509741783142
This epoch duration :2037.1864812374115
Epoch 69, val-method base, validation accuracy 93.25, best_prec 93.47999572753906
Epoch 70, l0 norm : 6876478, l1 norm : 1846520.5559387207
Epoch 70, min : 0.0, max : 0.7490456700325012
This epoch duration :2026.7646417617798
Epoch 70, val-method base, validation accuracy 93.19999694824219, best_prec 93.47999572753906
Epoch 71, l0 norm : 6876478, l1 norm : 1840793.9762268066
Epoch 71, min : 0.0, max : 0.750816285610199
This epoch duration :2039.2123782634735
Epoch 71, val-method base, validation accuracy 93.57999420166016, best_prec 93.57999420166016
Epoch 72, l0 norm : 6876478, l1 norm : 1833834.2504882812
Epoch 72, min : 0.0, max : 0.7526593804359436
This epoch duration :2034.321265220642
Epoch 72, val-method base, validation accuracy 93.43999481201172, best_prec 93.57999420166016
Epoch 73, l0 norm : 6876479, l1 norm : 1826916.7229003906
Epoch 73, min : 0.0, max : 0.7555959224700928
This epoch duration :2037.4725787639618
Epoch 73, val-method base, validation accuracy 93.72999572753906, best_prec 93.72999572753906
Epoch 74, l0 norm : 6876479, l1 norm : 1819899.479309082
Epoch 74, min : 0.0, max : 0.7586095929145813
This epoch duration :2037.7750761508942
Epoch 74, val-method base, validation accuracy 93.54999542236328, best_prec 93.72999572753906
Epoch 75, l0 norm : 6876481, l1 norm : 1811583.807006836
Epoch 75, min : 0.0, max : 0.7617119550704956
This epoch duration :2037.4946508407593
Epoch 75, val-method base, validation accuracy 93.8499984741211, best_prec 93.8499984741211
Epoch 76, l0 norm : 6876481, l1 norm : 1802462.4185791016
Epoch 76, min : 0.0, max : 0.7638998031616211
This epoch duration :2025.4692857265472
Epoch 76, val-method base, validation accuracy 93.82999420166016, best_prec 93.8499984741211
Epoch 77, l0 norm : 6876481, l1 norm : 1792806.1411437988
Epoch 77, min : 0.0, max : 0.7660737037658691
This epoch duration :2036.4318418502808
Epoch 77, val-method base, validation accuracy 94.04000091552734, best_prec 94.04000091552734
Epoch 78, l0 norm : 6876481, l1 norm : 1782165.4452514648
Epoch 78, min : 0.0, max : 0.7689981460571289
This epoch duration :2036.1482615470886
Epoch 78, val-method base, validation accuracy 94.22000122070312, best_prec 94.22000122070312
Epoch 79, l0 norm : 6876481, l1 norm : 1771698.3241577148
Epoch 79, min : 0.0, max : 0.7714976668357849
This epoch duration :2038.01797413826
Epoch 79, val-method base, validation accuracy 94.02999877929688, best_prec 94.22000122070312
Epoch 80, l0 norm : 6876481, l1 norm : 1760515.8405151367
Epoch 80, min : 0.0, max : 0.7739671468734741
This epoch duration :2037.3288192749023
Epoch 80, val-method base, validation accuracy 93.93999481201172, best_prec 94.22000122070312
Epoch 81, l0 norm : 6876481, l1 norm : 1749372.9711914062
Epoch 81, min : 0.0, max : 0.7762218713760376
This epoch duration :2033.6319477558136
Epoch 81, val-method base, validation accuracy 94.04000091552734, best_prec 94.22000122070312
Epoch 82, l0 norm : 6876481, l1 norm : 1737899.4149169922
Epoch 82, min : 0.0, max : 0.7780886888504028
This epoch duration :2037.652940750122
Epoch 82, val-method base, validation accuracy 94.14999389648438, best_prec 94.22000122070312
Epoch 83, l0 norm : 6876482, l1 norm : 1726672.1541748047
Epoch 83, min : 0.0, max : 0.7800715565681458
This epoch duration :2035.3769268989563
Epoch 83, val-method base, validation accuracy 94.0999984741211, best_prec 94.22000122070312
Epoch 84, l0 norm : 6876482, l1 norm : 1714358.2974853516
Epoch 84, min : 0.0, max : 0.7820441126823425
This epoch duration :2038.167885541916
Epoch 84, val-method base, validation accuracy 93.94999694824219, best_prec 94.22000122070312
Epoch 85, l0 norm : 6876482, l1 norm : 1701614.2956542969
Epoch 85, min : 0.0, max : 0.7836529612541199
This epoch duration :2031.4785237312317
Epoch 85, val-method base, validation accuracy 94.15999603271484, best_prec 94.22000122070312
Epoch 86, l0 norm : 6876482, l1 norm : 1689976.7132873535
Epoch 86, min : 0.0, max : 0.7855570912361145
This epoch duration :2039.1924018859863
Epoch 86, val-method base, validation accuracy 94.16999816894531, best_prec 94.22000122070312
Epoch 87, l0 norm : 6876482, l1 norm : 1677988.9234924316
Epoch 87, min : 0.0, max : 0.7878603935241699
This epoch duration :2034.2190599441528
Epoch 87, val-method base, validation accuracy 94.08999633789062, best_prec 94.22000122070312
Epoch 88, l0 norm : 6876482, l1 norm : 1666254.5890808105
Epoch 88, min : 0.0, max : 0.7901419997215271
This epoch duration :2036.773889541626
Epoch 88, val-method base, validation accuracy 94.08999633789062, best_prec 94.22000122070312
Epoch 89, l0 norm : 6876482, l1 norm : 1654708.9923706055
Epoch 89, min : 0.0, max : 0.792064905166626
This epoch duration :2035.9326498508453
Epoch 89, val-method base, validation accuracy 94.16999816894531, best_prec 94.22000122070312
Epoch 90, l0 norm : 6876482, l1 norm : 1643144.439086914
Epoch 90, min : 0.0, max : 0.7938134074211121
This epoch duration :2033.866764307022
Epoch 90, val-method base, validation accuracy 94.04999542236328, best_prec 94.22000122070312
Epoch 91, l0 norm : 6876482, l1 norm : 1631995.8693237305
Epoch 91, min : 0.0, max : 0.7954524755477905
This epoch duration :2033.487684249878
Epoch 91, val-method base, validation accuracy 94.04000091552734, best_prec 94.22000122070312
Epoch 92, l0 norm : 6876482, l1 norm : 1620722.0845031738
Epoch 92, min : 0.0, max : 0.7975294589996338
This epoch duration :2036.2808294296265
Epoch 92, val-method base, validation accuracy 94.14999389648438, best_prec 94.22000122070312
Epoch 93, l0 norm : 6876482, l1 norm : 1609535.5310668945
Epoch 93, min : 0.0, max : 0.7989482283592224
This epoch duration :2031.393051624298
Epoch 93, val-method base, validation accuracy 94.08999633789062, best_prec 94.22000122070312
Epoch 94, l0 norm : 6876482, l1 norm : 1598776.8078308105
Epoch 94, min : 0.0, max : 0.8006402850151062
This epoch duration :2036.1641919612885
Epoch 94, val-method base, validation accuracy 94.06999969482422, best_prec 94.22000122070312
Epoch 95, l0 norm : 6876482, l1 norm : 1588239.9342041016
Epoch 95, min : 0.0, max : 0.8021762371063232
This epoch duration :2035.0409970283508
Epoch 95, val-method base, validation accuracy 94.0999984741211, best_prec 94.22000122070312
Epoch 96, l0 norm : 6876482, l1 norm : 1578078.9392700195
Epoch 96, min : 0.0, max : 0.8038240671157837
This epoch duration :2037.3864076137543
Epoch 96, val-method base, validation accuracy 94.18000030517578, best_prec 94.22000122070312
Epoch 97, l0 norm : 6876482, l1 norm : 1567467.3292541504
Epoch 97, min : 0.0, max : 0.8053663969039917
This epoch duration :2038.0795912742615
Epoch 97, val-method base, validation accuracy 94.05999755859375, best_prec 94.22000122070312
Epoch 98, l0 norm : 6876482, l1 norm : 1558334.4354553223
Epoch 98, min : 0.0, max : 0.8073768019676208
This epoch duration :2042.6830129623413
Epoch 98, val-method base, validation accuracy 94.16999816894531, best_prec 94.22000122070312
Epoch 99, l0 norm : 6876483, l1 norm : 1548273.7877502441
Epoch 99, min : 0.0, max : 0.8085649013519287
This epoch duration :1570.7447385787964
Epoch 99, val-method base, validation accuracy 94.06999969482422, best_prec 94.22000122070312
