Namespace(configs='configs/CIFAR10/pen_bip_3.yml', result_dir='./trained_models', exp_name='RC_pb3_l8k01', exp_mode='prune', arch='resnet18', num_classes=10, layer_type='unstructured', k=0.1, lambd=0.99999999, alpha=1.0, scaled_score_init=True, scale_rand_init=False, freeze_bn=False, source_net='trained_models/CIFAR10_resnet18_Pretrain/pretrain/latest_exp/checkpoint/model_best.pth.tar', scores_init_type=None, dataset='CIFAR10', batch_size=128, num_workers=2, test_batch_size=128, normalize=True, data_dir='./data', image_dim=32, trainer='penalized_bilevel_3', epochs=100, optimizer='sgd', wd=0.0001, mask_lr=0.1, lr=0.1, mask_lr_schedule='step', lr_schedule='cosine', momentum=0.9, warmup_epochs=0, warmup_lr=0.1, save_dense=False, evaluate=False, val_method='base', resume='', seed=1234, print_freq=100, lr2=0.0001, accelerate=False)
=> loading source model from 'trained_models/CIFAR10_resnet18_Pretrain/pretrain/latest_exp/checkpoint/model_best.pth.tar'
=> loaded checkpoint 'trained_models/CIFAR10_resnet18_Pretrain/pretrain/latest_exp/checkpoint/model_best.pth.tar'
Epoch 0, l0 norm : 716021, l1 norm : 362998.6864089966
Epoch 0, min : 0.0, max : 0.9871258735656738
This epoch duration :977.3310046195984
Epoch 0, val-method base, validation accuracy 33.439998626708984, best_prec 33.439998626708984
Epoch 1, l0 norm : 716021, l1 norm : 358304.52185058594
Epoch 1, min : 0.0, max : 0.9744598865509033
This epoch duration :980.2338795661926
Epoch 1, val-method base, validation accuracy 45.529998779296875, best_prec 45.529998779296875
Epoch 2, l0 norm : 716021, l1 norm : 353584.08502960205
Epoch 2, min : 0.0, max : 0.9620466828346252
This epoch duration :980.2851083278656
Epoch 2, val-method base, validation accuracy 46.43000030517578, best_prec 46.43000030517578
Epoch 3, l0 norm : 716021, l1 norm : 349026.0256881714
Epoch 3, min : 0.0, max : 0.9498899579048157
This epoch duration :1041.6575863361359
Epoch 3, val-method base, validation accuracy 58.43000030517578, best_prec 58.43000030517578
Epoch 4, l0 norm : 716021, l1 norm : 344601.9357910156
Epoch 4, min : 0.0, max : 0.9379942417144775
This epoch duration :980.0341396331787
Epoch 4, val-method base, validation accuracy 61.599998474121094, best_prec 61.599998474121094
Epoch 5, l0 norm : 716021, l1 norm : 340272.57525634766
Epoch 5, min : 0.0, max : 0.926362931728363
This epoch duration :1025.079909324646
Epoch 5, val-method base, validation accuracy 65.1500015258789, best_prec 65.1500015258789
Epoch 6, l0 norm : 716021, l1 norm : 335957.0237350464
Epoch 6, min : 0.0, max : 0.9149988889694214
This epoch duration :1020.3801267147064
Epoch 6, val-method base, validation accuracy 68.30999755859375, best_prec 68.30999755859375
Epoch 7, l0 norm : 716021, l1 norm : 331767.81090545654
Epoch 7, min : 0.0, max : 0.9039047956466675
This epoch duration :1008.2202091217041
Epoch 7, val-method base, validation accuracy 67.50999450683594, best_prec 68.30999755859375
Epoch 8, l0 norm : 716021, l1 norm : 327708.8381881714
Epoch 8, min : 0.0, max : 0.8930832147598267
This epoch duration :989.8483726978302
Epoch 8, val-method base, validation accuracy 71.11000061035156, best_prec 71.11000061035156
Epoch 9, l0 norm : 716021, l1 norm : 323760.34311676025
Epoch 9, min : 0.0, max : 0.8825358152389526
This epoch duration :976.2197334766388
Epoch 9, val-method base, validation accuracy 72.29000091552734, best_prec 72.29000091552734
Epoch 10, l0 norm : 716021, l1 norm : 319928.9499435425
Epoch 10, min : 0.0, max : 0.8722634315490723
This epoch duration :977.9854445457458
Epoch 10, val-method base, validation accuracy 75.08000183105469, best_prec 75.08000183105469
Epoch 11, l0 norm : 716021, l1 norm : 316201.70248413086
Epoch 11, min : 0.0, max : 0.8622668981552124
This epoch duration :979.8737020492554
Epoch 11, val-method base, validation accuracy 75.41999816894531, best_prec 75.41999816894531
Epoch 12, l0 norm : 716021, l1 norm : 312589.71195983887
Epoch 12, min : 0.0, max : 0.8525470495223999
This epoch duration :980.2684619426727
Epoch 12, val-method base, validation accuracy 77.70999908447266, best_prec 77.70999908447266
Epoch 13, l0 norm : 716021, l1 norm : 309082.6060409546
Epoch 13, min : 0.0, max : 0.8431037068367004
This epoch duration :980.0206491947174
Epoch 13, val-method base, validation accuracy 77.66999816894531, best_prec 77.70999908447266
Epoch 14, l0 norm : 716021, l1 norm : 305664.0010147095
Epoch 14, min : 0.0, max : 0.8339367508888245
This epoch duration :978.9554245471954
Epoch 14, val-method base, validation accuracy 78.50999450683594, best_prec 78.50999450683594
Epoch 15, l0 norm : 716021, l1 norm : 302337.89556884766
Epoch 15, min : 0.0, max : 0.8250459432601929
This epoch duration :979.3906722068787
Epoch 15, val-method base, validation accuracy 78.5999984741211, best_prec 78.5999984741211
Epoch 16, l0 norm : 716021, l1 norm : 299117.66040802
Epoch 16, min : 0.0, max : 0.8164296746253967
This epoch duration :978.7601063251495
Epoch 16, val-method base, validation accuracy 78.00999450683594, best_prec 78.5999984741211
Epoch 17, l0 norm : 716021, l1 norm : 296009.92707824707
Epoch 17, min : 0.0, max : 0.8080877661705017
This epoch duration :979.4701051712036
Epoch 17, val-method base, validation accuracy 78.5, best_prec 78.5999984741211
Epoch 18, l0 norm : 716021, l1 norm : 293008.7734451294
Epoch 18, min : 0.0, max : 0.8000186085700989
This epoch duration :977.8834273815155
Epoch 18, val-method base, validation accuracy 80.75999450683594, best_prec 80.75999450683594
Epoch 19, l0 norm : 716021, l1 norm : 290111.31329345703
Epoch 19, min : 0.0, max : 0.7922207713127136
This epoch duration :979.0463819503784
Epoch 19, val-method base, validation accuracy 80.04000091552734, best_prec 80.75999450683594
Epoch 20, l0 norm : 716021, l1 norm : 287314.8320007324
Epoch 20, min : 0.0, max : 0.7846932411193848
This epoch duration :978.6361031532288
Epoch 20, val-method base, validation accuracy 81.9000015258789, best_prec 81.9000015258789
Epoch 21, l0 norm : 716021, l1 norm : 284621.0438079834
Epoch 21, min : 0.0, max : 0.7774331569671631
This epoch duration :979.7276663780212
Epoch 21, val-method base, validation accuracy 82.72000122070312, best_prec 82.72000122070312
Epoch 22, l0 norm : 716021, l1 norm : 282028.6475906372
Epoch 22, min : 0.0, max : 0.7704387307167053
This epoch duration :979.7491948604584
Epoch 22, val-method base, validation accuracy 80.62999725341797, best_prec 82.72000122070312
Epoch 23, l0 norm : 716021, l1 norm : 279535.3320617676
Epoch 23, min : 0.0, max : 0.7637078762054443
This epoch duration :978.944623708725
Epoch 23, val-method base, validation accuracy 82.70999908447266, best_prec 82.72000122070312
Epoch 24, l0 norm : 716021, l1 norm : 277142.444606781
Epoch 24, min : 0.0, max : 0.757239043712616
This epoch duration :980.4286806583405
Epoch 24, val-method base, validation accuracy 83.08999633789062, best_prec 83.08999633789062
Epoch 25, l0 norm : 716021, l1 norm : 274845.5013694763
Epoch 25, min : 0.0, max : 0.7510285973548889
This epoch duration :979.1661684513092
Epoch 25, val-method base, validation accuracy 82.86000061035156, best_prec 83.08999633789062
Epoch 26, l0 norm : 716021, l1 norm : 272639.60176086426
Epoch 26, min : 0.0, max : 0.7450751066207886
This epoch duration :978.9291603565216
Epoch 26, val-method base, validation accuracy 82.83999633789062, best_prec 83.08999633789062
Epoch 27, l0 norm : 716021, l1 norm : 270529.3087654114
Epoch 27, min : 0.0, max : 0.739375650882721
This epoch duration :978.7845575809479
Epoch 27, val-method base, validation accuracy 83.43000030517578, best_prec 83.43000030517578
Epoch 28, l0 norm : 716021, l1 norm : 268514.71028900146
Epoch 28, min : 0.0, max : 0.7339282631874084
This epoch duration :979.1222729682922
Epoch 28, val-method base, validation accuracy 84.22000122070312, best_prec 84.22000122070312
Epoch 29, l0 norm : 716021, l1 norm : 266589.2283439636
Epoch 29, min : 0.0, max : 0.7287293076515198
This epoch duration :994.058155298233
Epoch 29, val-method base, validation accuracy 84.58999633789062, best_prec 84.58999633789062
Epoch 30, l0 norm : 716021, l1 norm : 264755.6734161377
Epoch 30, min : 0.0, max : 0.7237764000892639
This epoch duration :1002.79310297966
Epoch 30, val-method base, validation accuracy 84.18999481201172, best_prec 84.58999633789062
Epoch 31, l0 norm : 716021, l1 norm : 263013.69522094727
Epoch 31, min : 0.0, max : 0.7190676331520081
This epoch duration :994.6907732486725
Epoch 31, val-method base, validation accuracy 84.36000061035156, best_prec 84.58999633789062
Epoch 32, l0 norm : 716021, l1 norm : 261362.0796775818
Epoch 32, min : 0.0, max : 0.7145993113517761
This epoch duration :996.9118394851685
Epoch 32, val-method base, validation accuracy 84.5, best_prec 84.58999633789062
Epoch 33, l0 norm : 716021, l1 norm : 259799.76623535156
Epoch 33, min : 0.0, max : 0.7103691697120667
This epoch duration :987.9661107063293
Epoch 33, val-method base, validation accuracy 83.94999694824219, best_prec 84.58999633789062
Epoch 34, l0 norm : 716021, l1 norm : 258325.75674057007
Epoch 34, min : 0.0, max : 0.7063747048377991
This epoch duration :988.2835533618927
Epoch 34, val-method base, validation accuracy 85.25, best_prec 85.25
Epoch 35, l0 norm : 716021, l1 norm : 256936.0433959961
Epoch 35, min : 0.0, max : 0.7026122212409973
This epoch duration :982.1006488800049
Epoch 35, val-method base, validation accuracy 84.79999542236328, best_prec 85.25
Epoch 36, l0 norm : 716021, l1 norm : 255632.1838531494
Epoch 36, min : 0.0, max : 0.6990800499916077
This epoch duration :979.3523597717285
Epoch 36, val-method base, validation accuracy 85.32999420166016, best_prec 85.32999420166016
Epoch 37, l0 norm : 716021, l1 norm : 254410.95558166504
Epoch 37, min : 0.0, max : 0.6957751512527466
This epoch duration :986.6994202136993
Epoch 37, val-method base, validation accuracy 84.87999725341797, best_prec 85.32999420166016
Epoch 38, l0 norm : 716021, l1 norm : 253275.0297088623
Epoch 38, min : 0.0, max : 0.6926953792572021
This epoch duration :999.5142209529877
Epoch 38, val-method base, validation accuracy 85.13999938964844, best_prec 85.32999420166016
Epoch 39, l0 norm : 716021, l1 norm : 252222.31182861328
Epoch 39, min : 0.0, max : 0.6898365020751953
This epoch duration :1030.004081249237
Epoch 39, val-method base, validation accuracy 84.77999877929688, best_prec 85.32999420166016
Epoch 40, l0 norm : 716021, l1 norm : 251249.34392547607
Epoch 40, min : 0.0, max : 0.6871964931488037
This epoch duration :1044.0478591918945
Epoch 40, val-method base, validation accuracy 85.58999633789062, best_prec 85.58999633789062
Epoch 41, l0 norm : 716021, l1 norm : 250355.83307647705
Epoch 41, min : 0.0, max : 0.6847736239433289
This epoch duration :1023.1926391124725
Epoch 41, val-method base, validation accuracy 86.20999908447266, best_prec 86.20999908447266
Epoch 42, l0 norm : 716021, l1 norm : 249540.58139038086
Epoch 42, min : 0.0, max : 0.6825636029243469
This epoch duration :1043.6121287345886
Epoch 42, val-method base, validation accuracy 86.06999969482422, best_prec 86.20999908447266
Epoch 43, l0 norm : 716021, l1 norm : 248805.07526779175
Epoch 43, min : 0.0, max : 0.6805644631385803
This epoch duration :1043.7324113845825
Epoch 43, val-method base, validation accuracy 86.4000015258789, best_prec 86.4000015258789
Epoch 44, l0 norm : 716021, l1 norm : 248145.85626983643
Epoch 44, min : 0.0, max : 0.6787753701210022
This epoch duration :1043.8712537288666
Epoch 44, val-method base, validation accuracy 86.7699966430664, best_prec 86.7699966430664
Epoch 45, l0 norm : 716021, l1 norm : 247563.12714004517
Epoch 45, min : 0.0, max : 0.6771896481513977
This epoch duration :1044.7251904010773
Epoch 45, val-method base, validation accuracy 87.06999969482422, best_prec 87.06999969482422
Epoch 46, l0 norm : 716021, l1 norm : 247053.63793945312
Epoch 46, min : 0.0, max : 0.6758072972297668
This epoch duration :984.4837098121643
Epoch 46, val-method base, validation accuracy 87.27999877929688, best_prec 87.27999877929688
Epoch 47, l0 norm : 716021, l1 norm : 246618.87619018555
Epoch 47, min : 0.0, max : 0.6746261715888977
This epoch duration :979.4853756427765
Epoch 47, val-method base, validation accuracy 86.38999938964844, best_prec 87.27999877929688
Epoch 48, l0 norm : 716021, l1 norm : 246256.35006713867
Epoch 48, min : 0.0, max : 0.6736429929733276
This epoch duration :977.5153419971466
Epoch 48, val-method base, validation accuracy 87.30999755859375, best_prec 87.30999755859375
Epoch 49, l0 norm : 716021, l1 norm : 245965.7822341919
Epoch 49, min : 0.0, max : 0.6728583574295044
This epoch duration :976.4405446052551
Epoch 49, val-method base, validation accuracy 86.50999450683594, best_prec 87.30999755859375
Epoch 50, l0 norm : 716021, l1 norm : 245747.87966156006
Epoch 50, min : 0.0, max : 0.6722628474235535
This epoch duration :976.1385750770569
Epoch 50, val-method base, validation accuracy 84.65999603271484, best_prec 87.30999755859375
Epoch 51, l0 norm : 716021, l1 norm : 245598.19116973877
Epoch 51, min : 0.0, max : 0.6718539595603943
This epoch duration :975.7955777645111
Epoch 51, val-method base, validation accuracy 87.57999420166016, best_prec 87.57999420166016
Epoch 52, l0 norm : 716021, l1 norm : 245516.14754486084
Epoch 52, min : 0.0, max : 0.6716342568397522
This epoch duration :976.1568393707275
Epoch 52, val-method base, validation accuracy 87.12999725341797, best_prec 87.57999420166016
Epoch 53, l0 norm : 716021, l1 norm : 245503.7884979248
Epoch 53, min : 0.0, max : 0.6716037392616272
This epoch duration :974.0010528564453
Epoch 53, val-method base, validation accuracy 85.82999420166016, best_prec 87.57999420166016
Epoch 54, l0 norm : 716021, l1 norm : 245558.75077438354
Epoch 54, min : 0.0, max : 0.6717644333839417
This epoch duration :975.5263185501099
Epoch 54, val-method base, validation accuracy 87.11000061035156, best_prec 87.57999420166016
Epoch 55, l0 norm : 716021, l1 norm : 245678.67847442627
Epoch 55, min : 0.0, max : 0.6720970273017883
This epoch duration :975.8131763935089
Epoch 55, val-method base, validation accuracy 87.52999877929688, best_prec 87.57999420166016
Epoch 56, l0 norm : 716021, l1 norm : 245863.8542060852
Epoch 56, min : 0.0, max : 0.6726017594337463
This epoch duration :991.3279504776001
Epoch 56, val-method base, validation accuracy 87.72000122070312, best_prec 87.72000122070312
Epoch 57, l0 norm : 716021, l1 norm : 246111.94693756104
Epoch 57, min : 0.0, max : 0.6732814311981201
This epoch duration :995.1525011062622
Epoch 57, val-method base, validation accuracy 87.47000122070312, best_prec 87.72000122070312
Epoch 58, l0 norm : 716021, l1 norm : 246424.9246482849
Epoch 58, min : 0.0, max : 0.6741353273391724
This epoch duration :989.114684343338
Epoch 58, val-method base, validation accuracy 87.62999725341797, best_prec 87.72000122070312
Epoch 59, l0 norm : 716021, l1 norm : 246800.18607330322
Epoch 59, min : 0.0, max : 0.675166130065918
This epoch duration :982.3914480209351
Epoch 59, val-method base, validation accuracy 87.04000091552734, best_prec 87.72000122070312
Epoch 60, l0 norm : 716021, l1 norm : 247237.101852417
Epoch 60, min : 0.0, max : 0.6763581037521362
This epoch duration :982.7094814777374
Epoch 60, val-method base, validation accuracy 87.9000015258789, best_prec 87.9000015258789
Epoch 61, l0 norm : 716021, l1 norm : 247733.29125976562
Epoch 61, min : 0.0, max : 0.6777150630950928
This epoch duration :975.2062618732452
Epoch 61, val-method base, validation accuracy 87.68999481201172, best_prec 87.9000015258789
Epoch 62, l0 norm : 716021, l1 norm : 248288.6845626831
Epoch 62, min : 0.0, max : 0.6792336702346802
This epoch duration :975.8293845653534
Epoch 62, val-method base, validation accuracy 88.57999420166016, best_prec 88.57999420166016
Epoch 63, l0 norm : 716021, l1 norm : 248902.40413284302
Epoch 63, min : 0.0, max : 0.680908739566803
This epoch duration :976.3271920681
Epoch 63, val-method base, validation accuracy 87.95999908447266, best_prec 88.57999420166016
Epoch 64, l0 norm : 716021, l1 norm : 249571.90480804443
Epoch 64, min : 0.0, max : 0.6827387809753418
This epoch duration :975.7396974563599
Epoch 64, val-method base, validation accuracy 88.32999420166016, best_prec 88.57999420166016
Epoch 65, l0 norm : 716021, l1 norm : 250296.94636535645
Epoch 65, min : 0.0, max : 0.6847202777862549
This epoch duration :976.7467820644379
Epoch 65, val-method base, validation accuracy 88.1500015258789, best_prec 88.57999420166016
Epoch 66, l0 norm : 716021, l1 norm : 251075.8758506775
Epoch 66, min : 0.0, max : 0.6868506073951721
This epoch duration :976.4368767738342
Epoch 66, val-method base, validation accuracy 87.97000122070312, best_prec 88.57999420166016
Epoch 67, l0 norm : 716021, l1 norm : 251907.72193145752
Epoch 67, min : 0.0, max : 0.6891250610351562
This epoch duration :976.1644945144653
Epoch 67, val-method base, validation accuracy 88.31999969482422, best_prec 88.57999420166016
Epoch 68, l0 norm : 716021, l1 norm : 252790.9939956665
Epoch 68, min : 0.0, max : 0.6915406584739685
This epoch duration :976.5765900611877
Epoch 68, val-method base, validation accuracy 87.9000015258789, best_prec 88.57999420166016
Epoch 69, l0 norm : 716021, l1 norm : 253725.1833343506
Epoch 69, min : 0.0, max : 0.6940919160842896
This epoch duration :976.7422358989716
Epoch 69, val-method base, validation accuracy 88.54999542236328, best_prec 88.57999420166016
Epoch 70, l0 norm : 716021, l1 norm : 254707.6311225891
Epoch 70, min : 0.0, max : 0.6967814564704895
This epoch duration :975.7345993518829
Epoch 70, val-method base, validation accuracy 87.90999603271484, best_prec 88.57999420166016
Epoch 71, l0 norm : 716021, l1 norm : 255737.8636856079
Epoch 71, min : 0.0, max : 0.6995996236801147
This epoch duration :976.2117741107941
Epoch 71, val-method base, validation accuracy 87.97999572753906, best_prec 88.57999420166016
Epoch 72, l0 norm : 716021, l1 norm : 256813.98166656494
Epoch 72, min : 0.0, max : 0.7025408148765564
This epoch duration :975.3981142044067
Epoch 72, val-method base, validation accuracy 89.0, best_prec 89.0
Epoch 73, l0 norm : 716021, l1 norm : 257934.42081451416
Epoch 73, min : 0.0, max : 0.7056037783622742
This epoch duration :975.0926792621613
Epoch 73, val-method base, validation accuracy 88.94999694824219, best_prec 89.0
Epoch 74, l0 norm : 716021, l1 norm : 259096.9098815918
Epoch 74, min : 0.0, max : 0.7087807059288025
This epoch duration :975.1545791625977
Epoch 74, val-method base, validation accuracy 88.66999816894531, best_prec 89.0
Epoch 75, l0 norm : 716021, l1 norm : 260300.33414459229
Epoch 75, min : 0.0, max : 0.7120702266693115
This epoch duration :975.6730573177338
Epoch 75, val-method base, validation accuracy 89.45999908447266, best_prec 89.45999908447266
Epoch 76, l0 norm : 716021, l1 norm : 261542.97442626953
Epoch 76, min : 0.0, max : 0.7154667973518372
This epoch duration :975.5943298339844
Epoch 76, val-method base, validation accuracy 89.15999603271484, best_prec 89.45999908447266
Epoch 77, l0 norm : 716021, l1 norm : 262823.8661766052
Epoch 77, min : 0.0, max : 0.7189657092094421
This epoch duration :975.1429989337921
Epoch 77, val-method base, validation accuracy 89.13999938964844, best_prec 89.45999908447266
Epoch 78, l0 norm : 716021, l1 norm : 264138.66260528564
Epoch 78, min : 0.0, max : 0.7225605249404907
This epoch duration :975.7055084705353
Epoch 78, val-method base, validation accuracy 89.00999450683594, best_prec 89.45999908447266
Epoch 79, l0 norm : 716021, l1 norm : 265486.1390762329
Epoch 79, min : 0.0, max : 0.7262445688247681
This epoch duration :975.2840759754181
Epoch 79, val-method base, validation accuracy 89.25999450683594, best_prec 89.45999908447266
Epoch 80, l0 norm : 716021, l1 norm : 266864.51041793823
Epoch 80, min : 0.0, max : 0.7300154566764832
This epoch duration :975.1685469150543
Epoch 80, val-method base, validation accuracy 88.91999816894531, best_prec 89.45999908447266
Epoch 81, l0 norm : 716021, l1 norm : 268270.55503845215
Epoch 81, min : 0.0, max : 0.7338649034500122
This epoch duration :976.883641242981
Epoch 81, val-method base, validation accuracy 89.12999725341797, best_prec 89.45999908447266
Epoch 82, l0 norm : 716021, l1 norm : 269703.82342529297
Epoch 82, min : 0.0, max : 0.7377775311470032
This epoch duration :975.4593794345856
Epoch 82, val-method base, validation accuracy 89.36000061035156, best_prec 89.45999908447266
Epoch 83, l0 norm : 716021, l1 norm : 271160.5542755127
Epoch 83, min : 0.0, max : 0.7417574524879456
This epoch duration :977.029727935791
Epoch 83, val-method base, validation accuracy 89.31999969482422, best_prec 89.45999908447266
Epoch 84, l0 norm : 716021, l1 norm : 272638.5018081665
Epoch 84, min : 0.0, max : 0.7457944750785828
This epoch duration :975.3790619373322
Epoch 84, val-method base, validation accuracy 89.44999694824219, best_prec 89.45999908447266
Epoch 85, l0 norm : 716021, l1 norm : 274135.08992004395
Epoch 85, min : 0.0, max : 0.7498816251754761
This epoch duration :976.7468302249908
Epoch 85, val-method base, validation accuracy 89.52999877929688, best_prec 89.52999877929688
Epoch 86, l0 norm : 716021, l1 norm : 275647.08124542236
Epoch 86, min : 0.0, max : 0.7540091872215271
This epoch duration :977.1631972789764
Epoch 86, val-method base, validation accuracy 89.29999542236328, best_prec 89.52999877929688
Epoch 87, l0 norm : 716021, l1 norm : 277171.9230003357
Epoch 87, min : 0.0, max : 0.7581832408905029
This epoch duration :975.7491142749786
Epoch 87, val-method base, validation accuracy 89.36000061035156, best_prec 89.52999877929688
Epoch 88, l0 norm : 716021, l1 norm : 278705.87253952026
Epoch 88, min : 0.0, max : 0.7623813152313232
This epoch duration :975.6000862121582
Epoch 88, val-method base, validation accuracy 89.52999877929688, best_prec 89.52999877929688
Epoch 89, l0 norm : 716021, l1 norm : 280246.81647491455
Epoch 89, min : 0.0, max : 0.7665954828262329
This epoch duration :975.8358986377716
Epoch 89, val-method base, validation accuracy 89.43000030517578, best_prec 89.52999877929688
Epoch 90, l0 norm : 716021, l1 norm : 281793.20154953003
Epoch 90, min : 0.0, max : 0.7708207964897156
This epoch duration :975.3299021720886
Epoch 90, val-method base, validation accuracy 89.44999694824219, best_prec 89.52999877929688
Epoch 91, l0 norm : 716021, l1 norm : 283337.9299468994
Epoch 91, min : 0.0, max : 0.7750382423400879
This epoch duration :975.7041606903076
Epoch 91, val-method base, validation accuracy 89.6500015258789, best_prec 89.6500015258789
Epoch 92, l0 norm : 716021, l1 norm : 284880.0116996765
Epoch 92, min : 0.0, max : 0.7792506814002991
This epoch duration :975.9048407077789
Epoch 92, val-method base, validation accuracy 89.29999542236328, best_prec 89.6500015258789
Epoch 93, l0 norm : 716021, l1 norm : 286415.3504638672
Epoch 93, min : 0.0, max : 0.783437967300415
This epoch duration :976.1665525436401
Epoch 93, val-method base, validation accuracy 89.29000091552734, best_prec 89.6500015258789
Epoch 94, l0 norm : 716021, l1 norm : 287940.63067245483
Epoch 94, min : 0.0, max : 0.7876038551330566
This epoch duration :975.8035101890564
Epoch 94, val-method base, validation accuracy 89.57999420166016, best_prec 89.6500015258789
Epoch 95, l0 norm : 716021, l1 norm : 289451.4973564148
Epoch 95, min : 0.0, max : 0.7917290329933167
This epoch duration :975.4699380397797
Epoch 95, val-method base, validation accuracy 89.27999877929688, best_prec 89.6500015258789
Epoch 96, l0 norm : 716021, l1 norm : 290948.7604293823
Epoch 96, min : 0.0, max : 0.7958168983459473
This epoch duration :975.8896629810333
Epoch 96, val-method base, validation accuracy 89.33999633789062, best_prec 89.6500015258789
Epoch 97, l0 norm : 716021, l1 norm : 292425.23710632324
Epoch 97, min : 0.0, max : 0.7998473048210144
This epoch duration :975.6985676288605
Epoch 97, val-method base, validation accuracy 89.11000061035156, best_prec 89.6500015258789
Epoch 98, l0 norm : 716021, l1 norm : 293873.55685424805
Epoch 98, min : 0.0, max : 0.8038007616996765
This epoch duration :977.0839817523956
Epoch 98, val-method base, validation accuracy 89.27999877929688, best_prec 89.6500015258789
Epoch 99, l0 norm : 716021, l1 norm : 295295.72534942627
Epoch 99, min : 0.0, max : 0.8076822757720947
This epoch duration :975.8254764080048
Epoch 99, val-method base, validation accuracy 89.1199951171875, best_prec 89.6500015258789
