Namespace(configs='configs/CIFAR10/pen_bip_1.yml', result_dir='./trained_models', exp_name='RC_pb1_l7a01', exp_mode='prune', arch='resnet18', num_classes=10, layer_type='unstructured', k=None, lambd=0.9999999, alpha=0.1, scaled_score_init=True, scale_rand_init=False, freeze_bn=False, source_net='trained_models/CIFAR10_resnet18_Pretrain/pretrain/latest_exp/checkpoint/model_best.pth.tar', scores_init_type=None, dataset='CIFAR10', batch_size=128, num_workers=2, test_batch_size=128, normalize=True, data_dir='./data', image_dim=32, trainer='penalized_bilevel_1', epochs=100, optimizer='sgd', wd=0.0001, mask_lr=0.1, lr=0.1, mask_lr_schedule='step', lr_schedule='cosine', momentum=0.9, warmup_epochs=0, warmup_lr=0.1, save_dense=False, evaluate=False, val_method='base', resume='', seed=1234, print_freq=100, lr2=0.0001, accelerate=False)
=> loading source model from 'trained_models/CIFAR10_resnet18_Pretrain/pretrain/latest_exp/checkpoint/model_best.pth.tar'
=> loaded checkpoint 'trained_models/CIFAR10_resnet18_Pretrain/pretrain/latest_exp/checkpoint/model_best.pth.tar'
Epoch 0, l0 norm : 2812602, l1 norm : 1324113.5703125
Epoch 0, min : 0.0, max : 0.8329749703407288
This epoch duration :2719.0349447727203
Epoch 0, val-method base, validation accuracy 32.96999740600586, best_prec 32.96999740600586
Epoch 1, l0 norm : 2812602, l1 norm : 1327068.5227966309
Epoch 1, min : 0.0, max : 0.6872097849845886
This epoch duration :2884.2527844905853
Epoch 1, val-method base, validation accuracy 46.599998474121094, best_prec 46.599998474121094
Epoch 2, l0 norm : 2812602, l1 norm : 1314381.7701263428
Epoch 2, min : 0.0, max : 0.6278283596038818
This epoch duration :2881.604321718216
Epoch 2, val-method base, validation accuracy 52.18000030517578, best_prec 52.18000030517578
Epoch 3, l0 norm : 2812602, l1 norm : 1299526.1118774414
Epoch 3, min : 0.0, max : 0.595527708530426
This epoch duration :2885.193986415863
Epoch 3, val-method base, validation accuracy 60.39999771118164, best_prec 60.39999771118164
Epoch 4, l0 norm : 2812602, l1 norm : 1284276.2670288086
Epoch 4, min : 0.0, max : 0.5642752647399902
This epoch duration :2883.3061695098877
Epoch 4, val-method base, validation accuracy 64.3499984741211, best_prec 64.3499984741211
Epoch 5, l0 norm : 2812602, l1 norm : 1268971.3628387451
Epoch 5, min : 0.0, max : 0.5433580279350281
This epoch duration :2884.2441198825836
Epoch 5, val-method base, validation accuracy 65.25, best_prec 65.25
Epoch 6, l0 norm : 2812602, l1 norm : 1253713.762512207
Epoch 6, min : 0.0, max : 0.5295667052268982
This epoch duration :2881.9477846622467
Epoch 6, val-method base, validation accuracy 66.94999694824219, best_prec 66.94999694824219
Epoch 7, l0 norm : 2812602, l1 norm : 1238732.2781829834
Epoch 7, min : 0.0, max : 0.5244714021682739
This epoch duration :2882.016433238983
Epoch 7, val-method base, validation accuracy 66.75999450683594, best_prec 66.94999694824219
Epoch 8, l0 norm : 2812602, l1 norm : 1224023.4694519043
Epoch 8, min : 0.0, max : 0.5195429921150208
This epoch duration :2882.2530105113983
Epoch 8, val-method base, validation accuracy 70.44999694824219, best_prec 70.44999694824219
Epoch 9, l0 norm : 2812602, l1 norm : 1209669.4119873047
Epoch 9, min : 0.0, max : 0.5050841569900513
This epoch duration :2884.0474071502686
Epoch 9, val-method base, validation accuracy 71.41999816894531, best_prec 71.41999816894531
Epoch 10, l0 norm : 2812602, l1 norm : 1195666.4710083008
Epoch 10, min : 0.0, max : 0.492096871137619
This epoch duration :2887.49325633049
Epoch 10, val-method base, validation accuracy 74.79999542236328, best_prec 74.79999542236328
Epoch 11, l0 norm : 2812602, l1 norm : 1181961.9274368286
Epoch 11, min : 0.0, max : 0.48212096095085144
This epoch duration :2887.7653682231903
Epoch 11, val-method base, validation accuracy 77.73999786376953, best_prec 77.73999786376953
Epoch 12, l0 norm : 2812602, l1 norm : 1168696.345336914
Epoch 12, min : 0.0, max : 0.4753666818141937
This epoch duration :2886.807928800583
Epoch 12, val-method base, validation accuracy 76.08000183105469, best_prec 77.73999786376953
Epoch 13, l0 norm : 2812602, l1 norm : 1155813.0880737305
Epoch 13, min : 0.0, max : 0.4745510220527649
This epoch duration :2886.453744649887
Epoch 13, val-method base, validation accuracy 79.62999725341797, best_prec 79.62999725341797
Epoch 14, l0 norm : 2812602, l1 norm : 1143272.1245117188
Epoch 14, min : 0.0, max : 0.4719598591327667
This epoch duration :2886.2795441150665
Epoch 14, val-method base, validation accuracy 78.72000122070312, best_prec 79.62999725341797
Epoch 15, l0 norm : 2812602, l1 norm : 1131158.592453003
Epoch 15, min : 0.0, max : 0.46677255630493164
This epoch duration :2886.5956552028656
Epoch 15, val-method base, validation accuracy 80.25, best_prec 80.25
Epoch 16, l0 norm : 2812602, l1 norm : 1119417.298210144
Epoch 16, min : 0.0, max : 0.4574311673641205
This epoch duration :2886.267187833786
Epoch 16, val-method base, validation accuracy 78.91999816894531, best_prec 80.25
Epoch 17, l0 norm : 2812602, l1 norm : 1108007.3707122803
Epoch 17, min : 0.0, max : 0.45300495624542236
This epoch duration :2886.8009696006775
Epoch 17, val-method base, validation accuracy 80.11000061035156, best_prec 80.25
Epoch 18, l0 norm : 2812602, l1 norm : 1097013.8276519775
Epoch 18, min : 0.0, max : 0.4454168975353241
This epoch duration :2886.3633584976196
Epoch 18, val-method base, validation accuracy 82.4000015258789, best_prec 82.4000015258789
Epoch 19, l0 norm : 2812602, l1 norm : 1086372.2285385132
Epoch 19, min : 0.0, max : 0.44122976064682007
This epoch duration :2883.488865375519
Epoch 19, val-method base, validation accuracy 83.0999984741211, best_prec 83.0999984741211
Epoch 20, l0 norm : 2812602, l1 norm : 1076104.175605774
Epoch 20, min : 0.0, max : 0.43557867407798767
This epoch duration :2885.1949014663696
Epoch 20, val-method base, validation accuracy 82.1500015258789, best_prec 83.0999984741211
Epoch 21, l0 norm : 2812602, l1 norm : 1066216.7937850952
Epoch 21, min : 0.0, max : 0.43161073327064514
This epoch duration :2884.50799536705
Epoch 21, val-method base, validation accuracy 83.4000015258789, best_prec 83.4000015258789
Epoch 22, l0 norm : 2812602, l1 norm : 1056688.047592163
Epoch 22, min : 0.0, max : 0.426474392414093
This epoch duration :2885.2561564445496
Epoch 22, val-method base, validation accuracy 84.61000061035156, best_prec 84.61000061035156
Epoch 23, l0 norm : 2812602, l1 norm : 1047500.0826187134
Epoch 23, min : 0.0, max : 0.41995832324028015
This epoch duration :2888.4897627830505
Epoch 23, val-method base, validation accuracy 84.88999938964844, best_prec 84.88999938964844
Epoch 24, l0 norm : 2812602, l1 norm : 1038664.2863006592
Epoch 24, min : 0.0, max : 0.4185554087162018
This epoch duration :2885.8963034152985
Epoch 24, val-method base, validation accuracy 84.75999450683594, best_prec 84.88999938964844
Epoch 25, l0 norm : 2812602, l1 norm : 1030215.9469070435
Epoch 25, min : 0.0, max : 0.41589638590812683
This epoch duration :2885.810730934143
Epoch 25, val-method base, validation accuracy 84.86000061035156, best_prec 84.88999938964844
Epoch 26, l0 norm : 2812602, l1 norm : 1022079.8441009521
Epoch 26, min : 0.0, max : 0.41234394907951355
This epoch duration :2883.324922323227
Epoch 26, val-method base, validation accuracy 84.65999603271484, best_prec 84.88999938964844
Epoch 27, l0 norm : 2812602, l1 norm : 1014309.7367401123
Epoch 27, min : 0.0, max : 0.409783273935318
This epoch duration :2880.697417497635
Epoch 27, val-method base, validation accuracy 86.36000061035156, best_prec 86.36000061035156
Epoch 28, l0 norm : 2812602, l1 norm : 1006883.0432281494
Epoch 28, min : 0.0, max : 0.4078179895877838
This epoch duration :2882.2560102939606
Epoch 28, val-method base, validation accuracy 86.20999908447266, best_prec 86.36000061035156
Epoch 29, l0 norm : 2812602, l1 norm : 999805.8564682007
Epoch 29, min : 0.0, max : 0.4063684940338135
This epoch duration :2882.153468132019
Epoch 29, val-method base, validation accuracy 86.30999755859375, best_prec 86.36000061035156
Epoch 30, l0 norm : 2812602, l1 norm : 993052.8912353516
Epoch 30, min : 0.0, max : 0.40441831946372986
This epoch duration :2882.192743062973
Epoch 30, val-method base, validation accuracy 87.15999603271484, best_prec 87.15999603271484
Epoch 31, l0 norm : 2812602, l1 norm : 986636.9670791626
Epoch 31, min : 0.0, max : 0.40352556109428406
This epoch duration :2884.8318614959717
Epoch 31, val-method base, validation accuracy 85.93999481201172, best_prec 87.15999603271484
Epoch 32, l0 norm : 2812602, l1 norm : 980545.9561386108
Epoch 32, min : 0.0, max : 0.4012000560760498
This epoch duration :2883.557398557663
Epoch 32, val-method base, validation accuracy 87.37999725341797, best_prec 87.37999725341797
Epoch 33, l0 norm : 2812602, l1 norm : 974780.0698699951
Epoch 33, min : 0.0, max : 0.4024798572063446
This epoch duration :2882.720876455307
Epoch 33, val-method base, validation accuracy 87.7699966430664, best_prec 87.7699966430664
Epoch 34, l0 norm : 2812602, l1 norm : 969348.827293396
Epoch 34, min : 0.0, max : 0.40116116404533386
This epoch duration :2883.563252687454
Epoch 34, val-method base, validation accuracy 87.88999938964844, best_prec 87.88999938964844
Epoch 35, l0 norm : 2812602, l1 norm : 964218.8691253662
Epoch 35, min : 0.0, max : 0.40025588870048523
This epoch duration :2883.837792634964
Epoch 35, val-method base, validation accuracy 87.97999572753906, best_prec 87.97999572753906
Epoch 36, l0 norm : 2812602, l1 norm : 959406.2734298706
Epoch 36, min : 0.0, max : 0.39737918972969055
This epoch duration :2882.923864841461
Epoch 36, val-method base, validation accuracy 88.65999603271484, best_prec 88.65999603271484
Epoch 37, l0 norm : 2812602, l1 norm : 954907.3809280396
Epoch 37, min : 0.0, max : 0.39679765701293945
This epoch duration :2882.536169528961
Epoch 37, val-method base, validation accuracy 87.36000061035156, best_prec 88.65999603271484
Epoch 38, l0 norm : 2812602, l1 norm : 950718.1215667725
Epoch 38, min : 0.0, max : 0.3968276381492615
This epoch duration :2881.2862799167633
Epoch 38, val-method base, validation accuracy 87.43000030517578, best_prec 88.65999603271484
Epoch 39, l0 norm : 2812602, l1 norm : 946840.3994369507
Epoch 39, min : 0.0, max : 0.397475004196167
This epoch duration :2881.7559082508087
Epoch 39, val-method base, validation accuracy 88.22000122070312, best_prec 88.65999603271484
Epoch 40, l0 norm : 2812602, l1 norm : 943239.8002319336
Epoch 40, min : 0.0, max : 0.39618754386901855
This epoch duration :2881.8542807102203
Epoch 40, val-method base, validation accuracy 88.57999420166016, best_prec 88.65999603271484
Epoch 41, l0 norm : 2812602, l1 norm : 939943.2002105713
Epoch 41, min : 0.0, max : 0.39583495259284973
This epoch duration :2880.6535325050354
Epoch 41, val-method base, validation accuracy 88.90999603271484, best_prec 88.90999603271484
Epoch 42, l0 norm : 2812602, l1 norm : 936945.6603012085
Epoch 42, min : 0.0, max : 0.3950248062610626
This epoch duration :2882.330246448517
Epoch 42, val-method base, validation accuracy 89.0999984741211, best_prec 89.0999984741211
Epoch 43, l0 norm : 2812602, l1 norm : 934229.2275238037
Epoch 43, min : 0.0, max : 0.3937418460845947
This epoch duration :2882.266811609268
Epoch 43, val-method base, validation accuracy 88.97999572753906, best_prec 89.0999984741211
Epoch 44, l0 norm : 2812602, l1 norm : 931791.7823257446
Epoch 44, min : 0.0, max : 0.39540794491767883
This epoch duration :2881.881427049637
Epoch 44, val-method base, validation accuracy 88.87999725341797, best_prec 89.0999984741211
Epoch 45, l0 norm : 2812602, l1 norm : 929642.642868042
Epoch 45, min : 0.0, max : 0.39496251940727234
This epoch duration :2882.23605966568
Epoch 45, val-method base, validation accuracy 88.43999481201172, best_prec 89.0999984741211
Epoch 46, l0 norm : 2812602, l1 norm : 927773.9366455078
Epoch 46, min : 0.0, max : 0.3959629237651825
This epoch duration :2881.023453235626
Epoch 46, val-method base, validation accuracy 89.55999755859375, best_prec 89.55999755859375
Epoch 47, l0 norm : 2812602, l1 norm : 926185.8534317017
Epoch 47, min : 0.0, max : 0.39524245262145996
This epoch duration :2884.1445450782776
Epoch 47, val-method base, validation accuracy 89.45999908447266, best_prec 89.55999755859375
Epoch 48, l0 norm : 2812602, l1 norm : 924865.8896865845
Epoch 48, min : 0.0, max : 0.3949776887893677
This epoch duration :2882.359429836273
Epoch 48, val-method base, validation accuracy 89.29000091552734, best_prec 89.55999755859375
Epoch 49, l0 norm : 2812602, l1 norm : 923807.542640686
Epoch 49, min : 0.0, max : 0.3943904936313629
This epoch duration :2882.214174747467
Epoch 49, val-method base, validation accuracy 89.45999908447266, best_prec 89.55999755859375
Epoch 50, l0 norm : 2812602, l1 norm : 923019.0347213745
Epoch 50, min : 0.0, max : 0.3948458135128021
This epoch duration :2882.0471584796906
Epoch 50, val-method base, validation accuracy 88.61000061035156, best_prec 89.55999755859375
Epoch 51, l0 norm : 2812602, l1 norm : 922484.3509979248
Epoch 51, min : 0.0, max : 0.3954518139362335
This epoch duration :2882.1654844284058
Epoch 51, val-method base, validation accuracy 89.8699951171875, best_prec 89.8699951171875
Epoch 52, l0 norm : 2812602, l1 norm : 922209.6462402344
Epoch 52, min : 0.0, max : 0.39747196435928345
This epoch duration :2882.8005669116974
Epoch 52, val-method base, validation accuracy 90.1500015258789, best_prec 90.1500015258789
Epoch 53, l0 norm : 2812602, l1 norm : 922181.2575531006
Epoch 53, min : 0.0, max : 0.39750027656555176
This epoch duration :2889.661175251007
Epoch 53, val-method base, validation accuracy 89.19999694824219, best_prec 90.1500015258789
Epoch 54, l0 norm : 2812602, l1 norm : 922400.6874084473
Epoch 54, min : 0.0, max : 0.3982960879802704
This epoch duration :2887.8928112983704
Epoch 54, val-method base, validation accuracy 89.93000030517578, best_prec 90.1500015258789
Epoch 55, l0 norm : 2812602, l1 norm : 922878.9917907715
Epoch 55, min : 0.0, max : 0.3990277647972107
This epoch duration :2888.239254951477
Epoch 55, val-method base, validation accuracy 89.95999908447266, best_prec 90.1500015258789
Epoch 56, l0 norm : 2812602, l1 norm : 923588.9683685303
Epoch 56, min : 0.0, max : 0.3999101221561432
This epoch duration :2888.4087381362915
Epoch 56, val-method base, validation accuracy 89.97999572753906, best_prec 90.1500015258789
Epoch 57, l0 norm : 2812602, l1 norm : 924531.5689239502
Epoch 57, min : 0.0, max : 0.4011538028717041
This epoch duration :2885.5427961349487
Epoch 57, val-method base, validation accuracy 90.02999877929688, best_prec 90.1500015258789
Epoch 58, l0 norm : 2812602, l1 norm : 925717.0512313843
Epoch 58, min : 0.0, max : 0.40148717164993286
This epoch duration :2884.330095767975
Epoch 58, val-method base, validation accuracy 90.56999969482422, best_prec 90.56999969482422
Epoch 59, l0 norm : 2812602, l1 norm : 927120.7202148438
Epoch 59, min : 0.0, max : 0.403231680393219
This epoch duration :2879.8812940120697
Epoch 59, val-method base, validation accuracy 90.22000122070312, best_prec 90.56999969482422
Epoch 60, l0 norm : 2812602, l1 norm : 928755.5700531006
Epoch 60, min : 0.0, max : 0.40490520000457764
This epoch duration :2884.994924068451
Epoch 60, val-method base, validation accuracy 90.23999786376953, best_prec 90.56999969482422
Epoch 61, l0 norm : 2812602, l1 norm : 930609.3188018799
Epoch 61, min : 0.0, max : 0.4070972204208374
This epoch duration :2884.456891775131
Epoch 61, val-method base, validation accuracy 90.98999786376953, best_prec 90.98999786376953
Epoch 62, l0 norm : 2812602, l1 norm : 932686.5835189819
Epoch 62, min : 0.0, max : 0.40897560119628906
This epoch duration :2882.639007329941
Epoch 62, val-method base, validation accuracy 90.55999755859375, best_prec 90.98999786376953
Epoch 63, l0 norm : 2812602, l1 norm : 934983.713760376
Epoch 63, min : 0.0, max : 0.4105713665485382
This epoch duration :2887.1706392765045
Epoch 63, val-method base, validation accuracy 90.79000091552734, best_prec 90.98999786376953
Epoch 64, l0 norm : 2812602, l1 norm : 937472.5508651733
Epoch 64, min : 0.0, max : 0.4136807918548584
This epoch duration :2888.024157524109
Epoch 64, val-method base, validation accuracy 90.54999542236328, best_prec 90.98999786376953
Epoch 65, l0 norm : 2812602, l1 norm : 940171.083694458
Epoch 65, min : 0.0, max : 0.4158812165260315
This epoch duration :2888.030412912369
Epoch 65, val-method base, validation accuracy 90.93000030517578, best_prec 90.98999786376953
Epoch 66, l0 norm : 2812602, l1 norm : 943075.8388366699
Epoch 66, min : 0.0, max : 0.41744518280029297
This epoch duration :2888.531783103943
Epoch 66, val-method base, validation accuracy 90.83999633789062, best_prec 90.98999786376953
Epoch 67, l0 norm : 2812602, l1 norm : 946163.1635131836
Epoch 67, min : 0.0, max : 0.42020025849342346
This epoch duration :2892.7974553108215
Epoch 67, val-method base, validation accuracy 91.02999877929688, best_prec 91.02999877929688
Epoch 68, l0 norm : 2812602, l1 norm : 949423.98387146
Epoch 68, min : 0.0, max : 0.4228818416595459
This epoch duration :2890.854394197464
Epoch 68, val-method base, validation accuracy 91.30999755859375, best_prec 91.30999755859375
Epoch 69, l0 norm : 2812602, l1 norm : 952882.3062896729
Epoch 69, min : 0.0, max : 0.4257395267486572
This epoch duration :2892.1145737171173
Epoch 69, val-method base, validation accuracy 91.0199966430664, best_prec 91.30999755859375
Epoch 70, l0 norm : 2812602, l1 norm : 956518.5653839111
Epoch 70, min : 0.0, max : 0.42897385358810425
This epoch duration :2892.6686992645264
Epoch 70, val-method base, validation accuracy 90.94999694824219, best_prec 91.30999755859375
Epoch 71, l0 norm : 2812602, l1 norm : 960329.6403198242
Epoch 71, min : 0.0, max : 0.431501567363739
This epoch duration :2892.1332664489746
Epoch 71, val-method base, validation accuracy 90.69999694824219, best_prec 91.30999755859375
Epoch 72, l0 norm : 2812602, l1 norm : 964287.0322494507
Epoch 72, min : 0.0, max : 0.4345477521419525
This epoch duration :2891.684591293335
Epoch 72, val-method base, validation accuracy 91.08999633789062, best_prec 91.30999755859375
Epoch 73, l0 norm : 2812602, l1 norm : 968402.9829864502
Epoch 73, min : 0.0, max : 0.43904954195022583
This epoch duration :2891.3543684482574
Epoch 73, val-method base, validation accuracy 91.37999725341797, best_prec 91.37999725341797
Epoch 74, l0 norm : 2812602, l1 norm : 972674.220779419
Epoch 74, min : 0.0, max : 0.4416273832321167
This epoch duration :2890.0239400863647
Epoch 74, val-method base, validation accuracy 90.93000030517578, best_prec 91.37999725341797
Epoch 75, l0 norm : 2812602, l1 norm : 977079.1945495605
Epoch 75, min : 0.0, max : 0.4440377354621887
This epoch duration :2892.488794565201
Epoch 75, val-method base, validation accuracy 91.50999450683594, best_prec 91.50999450683594
Epoch 76, l0 norm : 2812602, l1 norm : 981623.2092056274
Epoch 76, min : 0.0, max : 0.4477421045303345
This epoch duration :2891.0931391716003
Epoch 76, val-method base, validation accuracy 91.86000061035156, best_prec 91.86000061035156
Epoch 77, l0 norm : 2812602, l1 norm : 986298.3316802979
Epoch 77, min : 0.0, max : 0.45092642307281494
This epoch duration :2890.411586046219
Epoch 77, val-method base, validation accuracy 91.72999572753906, best_prec 91.86000061035156
Epoch 78, l0 norm : 2812602, l1 norm : 991043.0486297607
Epoch 78, min : 0.0, max : 0.45387205481529236
This epoch duration :2891.6189160346985
Epoch 78, val-method base, validation accuracy 91.95999908447266, best_prec 91.95999908447266
Epoch 79, l0 norm : 2812602, l1 norm : 995936.0506820679
Epoch 79, min : 0.0, max : 0.45728468894958496
This epoch duration :2889.07391500473
Epoch 79, val-method base, validation accuracy 92.29999542236328, best_prec 92.29999542236328
Epoch 80, l0 norm : 2812602, l1 norm : 1000936.0109481812
Epoch 80, min : 0.0, max : 0.4592699110507965
This epoch duration :2891.139620780945
Epoch 80, val-method base, validation accuracy 91.94999694824219, best_prec 92.29999542236328
Epoch 81, l0 norm : 2812602, l1 norm : 1005994.9343795776
Epoch 81, min : 0.0, max : 0.46262019872665405
This epoch duration :2890.8293607234955
Epoch 81, val-method base, validation accuracy 92.1199951171875, best_prec 92.29999542236328
Epoch 82, l0 norm : 2812602, l1 norm : 1011120.4023895264
Epoch 82, min : 0.0, max : 0.4663456678390503
This epoch duration :2891.427873134613
Epoch 82, val-method base, validation accuracy 92.00999450683594, best_prec 92.29999542236328
Epoch 83, l0 norm : 2812602, l1 norm : 1016350.256149292
Epoch 83, min : 0.0, max : 0.4693971574306488
This epoch duration :2892.372979402542
Epoch 83, val-method base, validation accuracy 92.20999908447266, best_prec 92.29999542236328
Epoch 84, l0 norm : 2812602, l1 norm : 1021622.1619873047
Epoch 84, min : 0.0, max : 0.4737820029258728
This epoch duration :2891.0137996673584
Epoch 84, val-method base, validation accuracy 92.05999755859375, best_prec 92.29999542236328
Epoch 85, l0 norm : 2812602, l1 norm : 1026975.3196105957
Epoch 85, min : 0.0, max : 0.4776545763015747
This epoch duration :2891.060851097107
Epoch 85, val-method base, validation accuracy 91.95999908447266, best_prec 92.29999542236328
Epoch 86, l0 norm : 2812602, l1 norm : 1032354.2911682129
Epoch 86, min : 0.0, max : 0.4811016917228699
This epoch duration :2891.663286924362
Epoch 86, val-method base, validation accuracy 91.91999816894531, best_prec 92.29999542236328
Epoch 87, l0 norm : 2812602, l1 norm : 1037799.2041320801
Epoch 87, min : 0.0, max : 0.48483291268348694
This epoch duration :2889.5316178798676
Epoch 87, val-method base, validation accuracy 92.18000030517578, best_prec 92.29999542236328
Epoch 88, l0 norm : 2812602, l1 norm : 1043300.7961273193
Epoch 88, min : 0.0, max : 0.4884851276874542
This epoch duration :2890.641454219818
Epoch 88, val-method base, validation accuracy 92.16999816894531, best_prec 92.29999542236328
Epoch 89, l0 norm : 2812602, l1 norm : 1048819.562210083
Epoch 89, min : 0.0, max : 0.49188685417175293
This epoch duration :2890.190336704254
Epoch 89, val-method base, validation accuracy 92.0999984741211, best_prec 92.29999542236328
Epoch 90, l0 norm : 2812602, l1 norm : 1054331.800704956
Epoch 90, min : 0.0, max : 0.4954412281513214
This epoch duration :2892.9694859981537
Epoch 90, val-method base, validation accuracy 92.30999755859375, best_prec 92.30999755859375
Epoch 91, l0 norm : 2812602, l1 norm : 1059887.4179077148
Epoch 91, min : 0.0, max : 0.4981587529182434
This epoch duration :2892.4798395633698
Epoch 91, val-method base, validation accuracy 92.32999420166016, best_prec 92.32999420166016
Epoch 92, l0 norm : 2812602, l1 norm : 1065476.1973571777
Epoch 92, min : 0.0, max : 0.5007768869400024
This epoch duration :2891.4495165348053
Epoch 92, val-method base, validation accuracy 92.0999984741211, best_prec 92.32999420166016
Epoch 93, l0 norm : 2812602, l1 norm : 1071023.1115646362
Epoch 93, min : 0.0, max : 0.5037898421287537
This epoch duration :2891.547981262207
Epoch 93, val-method base, validation accuracy 92.06999969482422, best_prec 92.32999420166016
Epoch 94, l0 norm : 2812602, l1 norm : 1076566.6038894653
Epoch 94, min : 0.0, max : 0.5067740678787231
This epoch duration :2891.3592307567596
Epoch 94, val-method base, validation accuracy 92.07999420166016, best_prec 92.32999420166016
Epoch 95, l0 norm : 2812602, l1 norm : 1082063.0046386719
Epoch 95, min : 0.0, max : 0.5100823044776917
This epoch duration :2891.518201112747
Epoch 95, val-method base, validation accuracy 92.06999969482422, best_prec 92.32999420166016
Epoch 96, l0 norm : 2812602, l1 norm : 1087539.0583953857
Epoch 96, min : 0.0, max : 0.5129852294921875
This epoch duration :2890.864646434784
Epoch 96, val-method base, validation accuracy 91.94999694824219, best_prec 92.32999420166016
Epoch 97, l0 norm : 2812602, l1 norm : 1092952.6940994263
Epoch 97, min : 0.0, max : 0.5154841542243958
This epoch duration :2537.4382667541504
Epoch 97, val-method base, validation accuracy 92.00999450683594, best_prec 92.32999420166016
Epoch 98, l0 norm : 2812602, l1 norm : 1098299.30934906
Epoch 98, min : 0.0, max : 0.5185950994491577
This epoch duration :2295.1291415691376
Epoch 98, val-method base, validation accuracy 92.00999450683594, best_prec 92.32999420166016
Epoch 99, l0 norm : 2812602, l1 norm : 1103589.4132843018
Epoch 99, min : 0.0, max : 0.5214346647262573
This epoch duration :1657.5715148448944
Epoch 99, val-method base, validation accuracy 92.0199966430664, best_prec 92.32999420166016
