Namespace(configs='configs/CIFAR10/pen_bip_3.yml', result_dir='./trained_models', exp_name='RC_pb3_l4k01', exp_mode='prune', arch='resnet18', num_classes=10, layer_type='unstructured', k=0.1, lambd=0.9999, alpha=1.0, scaled_score_init=True, scale_rand_init=False, freeze_bn=False, source_net='trained_models/CIFAR10_resnet18_Pretrain/pretrain/latest_exp/checkpoint/model_best.pth.tar', scores_init_type=None, dataset='CIFAR10', batch_size=128, num_workers=2, test_batch_size=128, normalize=True, data_dir='./data', image_dim=32, trainer='penalized_bilevel_3', epochs=100, optimizer='sgd', wd=0.0001, mask_lr=0.1, lr=0.1, mask_lr_schedule='step', lr_schedule='cosine', momentum=0.9, warmup_epochs=0, warmup_lr=0.1, save_dense=False, evaluate=False, val_method='base', resume='', seed=1234, print_freq=100, lr2=0.0001, accelerate=False)
=> loading source model from 'trained_models/CIFAR10_resnet18_Pretrain/pretrain/latest_exp/checkpoint/model_best.pth.tar'
=> loaded checkpoint 'trained_models/CIFAR10_resnet18_Pretrain/pretrain/latest_exp/checkpoint/model_best.pth.tar'
Epoch 0, l0 norm : 1114882, l1 norm : 906116.5816955566
Epoch 0, min : 0.0, max : 0.9871258735656738
This epoch duration :2193.5793404579163
Epoch 0, val-method base, validation accuracy 27.139999389648438, best_prec 27.139999389648438
Epoch 1, l0 norm : 1114882, l1 norm : 897038.4644622803
Epoch 1, min : 0.0, max : 0.9744598865509033
This epoch duration :2296.625436067581
Epoch 1, val-method base, validation accuracy 38.86000061035156, best_prec 38.86000061035156
Epoch 2, l0 norm : 1114882, l1 norm : 885573.6543579102
Epoch 2, min : 0.0, max : 0.9620466828346252
This epoch duration :2238.128316640854
Epoch 2, val-method base, validation accuracy 46.55999755859375, best_prec 46.55999755859375
Epoch 3, l0 norm : 1114882, l1 norm : 872842.5861358643
Epoch 3, min : 0.0, max : 0.9498899579048157
This epoch duration :2238.208889245987
Epoch 3, val-method base, validation accuracy 53.25, best_prec 53.25
Epoch 4, l0 norm : 1114882, l1 norm : 859910.5254211426
Epoch 4, min : 0.0, max : 0.9379942417144775
This epoch duration :2237.18017745018
Epoch 4, val-method base, validation accuracy 59.29999923706055, best_prec 59.29999923706055
Epoch 5, l0 norm : 1114882, l1 norm : 847150.8352508545
Epoch 5, min : 0.0, max : 0.926362931728363
This epoch duration :2239.605796813965
Epoch 5, val-method base, validation accuracy 63.2599983215332, best_prec 63.2599983215332
Epoch 6, l0 norm : 1114882, l1 norm : 834651.3330230713
Epoch 6, min : 0.0, max : 0.9149988889694214
This epoch duration :2238.187160015106
Epoch 6, val-method base, validation accuracy 64.68999481201172, best_prec 64.68999481201172
Epoch 7, l0 norm : 1114882, l1 norm : 822429.8659515381
Epoch 7, min : 0.0, max : 0.9039047956466675
This epoch duration :2236.773614168167
Epoch 7, val-method base, validation accuracy 66.83999633789062, best_prec 66.83999633789062
Epoch 8, l0 norm : 1114882, l1 norm : 810545.7892303467
Epoch 8, min : 0.0, max : 0.8930832147598267
This epoch duration :2236.0111043453217
Epoch 8, val-method base, validation accuracy 68.80999755859375, best_prec 68.80999755859375
Epoch 9, l0 norm : 1114882, l1 norm : 798968.7633514404
Epoch 9, min : 0.0, max : 0.8825358152389526
This epoch duration :2237.7709391117096
Epoch 9, val-method base, validation accuracy 70.91999816894531, best_prec 70.91999816894531
Epoch 10, l0 norm : 1114882, l1 norm : 787692.6388702393
Epoch 10, min : 0.0, max : 0.8722634315490723
This epoch duration :2238.944930076599
Epoch 10, val-method base, validation accuracy 73.3499984741211, best_prec 73.3499984741211
Epoch 11, l0 norm : 1114882, l1 norm : 776707.4728317261
Epoch 11, min : 0.0, max : 0.8622668981552124
This epoch duration :2238.7728312015533
Epoch 11, val-method base, validation accuracy 74.16999816894531, best_prec 74.16999816894531
Epoch 12, l0 norm : 1114882, l1 norm : 766020.5554122925
Epoch 12, min : 0.0, max : 0.8525470495223999
This epoch duration :2238.462034225464
Epoch 12, val-method base, validation accuracy 73.95999908447266, best_prec 74.16999816894531
Epoch 13, l0 norm : 1114882, l1 norm : 755586.6090698242
Epoch 13, min : 0.0, max : 0.8431037068367004
This epoch duration :2272.5192115306854
Epoch 13, val-method base, validation accuracy 76.88999938964844, best_prec 76.88999938964844
Epoch 14, l0 norm : 1114882, l1 norm : 745451.4422149658
Epoch 14, min : 0.0, max : 0.8339367508888245
This epoch duration :2270.0277853012085
Epoch 14, val-method base, validation accuracy 75.12999725341797, best_prec 76.88999938964844
Epoch 15, l0 norm : 1114882, l1 norm : 735571.7345581055
Epoch 15, min : 0.0, max : 0.8250459432601929
This epoch duration :2235.452894926071
Epoch 15, val-method base, validation accuracy 79.1199951171875, best_prec 79.1199951171875
Epoch 16, l0 norm : 1114882, l1 norm : 725956.5854568481
Epoch 16, min : 0.0, max : 0.8164296746253967
This epoch duration :2236.659818649292
Epoch 16, val-method base, validation accuracy 78.79000091552734, best_prec 79.1199951171875
Epoch 17, l0 norm : 1114882, l1 norm : 716614.461807251
Epoch 17, min : 0.0, max : 0.8080877661705017
This epoch duration :2237.0629053115845
Epoch 17, val-method base, validation accuracy 80.72000122070312, best_prec 80.72000122070312
Epoch 18, l0 norm : 1114882, l1 norm : 707554.5499725342
Epoch 18, min : 0.0, max : 0.8000186085700989
This epoch duration :2237.905838727951
Epoch 18, val-method base, validation accuracy 80.80999755859375, best_prec 80.80999755859375
Epoch 19, l0 norm : 1114882, l1 norm : 698743.9023361206
Epoch 19, min : 0.0, max : 0.7922207713127136
This epoch duration :2236.158129453659
Epoch 19, val-method base, validation accuracy 81.22999572753906, best_prec 81.22999572753906
Epoch 20, l0 norm : 1114882, l1 norm : 690205.012298584
Epoch 20, min : 0.0, max : 0.7846932411193848
This epoch duration :2237.7838702201843
Epoch 20, val-method base, validation accuracy 82.77999877929688, best_prec 82.77999877929688
Epoch 21, l0 norm : 1114882, l1 norm : 681883.5370025635
Epoch 21, min : 0.0, max : 0.7774331569671631
This epoch duration :2002.869801044464
Epoch 21, val-method base, validation accuracy 82.18999481201172, best_prec 82.77999877929688
Epoch 22, l0 norm : 1114882, l1 norm : 673819.1723632812
Epoch 22, min : 0.0, max : 0.7704387307167053
This epoch duration :1714.1430132389069
Epoch 22, val-method base, validation accuracy 81.31999969482422, best_prec 82.77999877929688
Epoch 23, l0 norm : 1114882, l1 norm : 665985.4242630005
Epoch 23, min : 0.0, max : 0.7637078762054443
This epoch duration :1714.3040323257446
Epoch 23, val-method base, validation accuracy 83.9000015258789, best_prec 83.9000015258789
Epoch 24, l0 norm : 1114882, l1 norm : 658407.3619689941
Epoch 24, min : 0.0, max : 0.757239043712616
This epoch duration :1713.752165555954
Epoch 24, val-method base, validation accuracy 83.44999694824219, best_prec 83.9000015258789
Epoch 25, l0 norm : 1114882, l1 norm : 651037.7708358765
Epoch 25, min : 0.0, max : 0.7510285973548889
This epoch duration :1713.649915933609
Epoch 25, val-method base, validation accuracy 83.61000061035156, best_prec 83.9000015258789
Epoch 26, l0 norm : 1114882, l1 norm : 643897.5146636963
Epoch 26, min : 0.0, max : 0.7450751066207886
This epoch duration :1714.236632347107
Epoch 26, val-method base, validation accuracy 83.91999816894531, best_prec 83.91999816894531
Epoch 27, l0 norm : 1114882, l1 norm : 636995.7889556885
Epoch 27, min : 0.0, max : 0.739375650882721
This epoch duration :1713.0769319534302
Epoch 27, val-method base, validation accuracy 84.18000030517578, best_prec 84.18000030517578
Epoch 28, l0 norm : 1114882, l1 norm : 630302.7792892456
Epoch 28, min : 0.0, max : 0.7339282631874084
This epoch duration :1713.6363008022308
Epoch 28, val-method base, validation accuracy 84.75, best_prec 84.75
Epoch 29, l0 norm : 1114882, l1 norm : 623828.1050109863
Epoch 29, min : 0.0, max : 0.7287293076515198
This epoch duration :1713.6597027778625
Epoch 29, val-method base, validation accuracy 85.41999816894531, best_prec 85.41999816894531
Epoch 30, l0 norm : 1114882, l1 norm : 617563.8029327393
Epoch 30, min : 0.0, max : 0.7237764000892639
This epoch duration :1712.8046219348907
Epoch 30, val-method base, validation accuracy 84.68000030517578, best_prec 85.41999816894531
Epoch 31, l0 norm : 1114882, l1 norm : 611508.1985397339
Epoch 31, min : 0.0, max : 0.7190676331520081
This epoch duration :1713.3669109344482
Epoch 31, val-method base, validation accuracy 85.56999969482422, best_prec 85.56999969482422
Epoch 32, l0 norm : 1114882, l1 norm : 605667.8441696167
Epoch 32, min : 0.0, max : 0.7145993113517761
This epoch duration :1713.1278085708618
Epoch 32, val-method base, validation accuracy 85.79999542236328, best_prec 85.79999542236328
Epoch 33, l0 norm : 1114882, l1 norm : 600047.8812255859
Epoch 33, min : 0.0, max : 0.7103691697120667
This epoch duration :1713.3481419086456
Epoch 33, val-method base, validation accuracy 86.11000061035156, best_prec 86.11000061035156
Epoch 34, l0 norm : 1114882, l1 norm : 594632.3348960876
Epoch 34, min : 0.0, max : 0.7063747048377991
This epoch duration :1713.2261235713959
Epoch 34, val-method base, validation accuracy 85.58999633789062, best_prec 86.11000061035156
Epoch 35, l0 norm : 1114882, l1 norm : 589418.6135292053
Epoch 35, min : 0.0, max : 0.7026122212409973
This epoch duration :1713.3685457706451
Epoch 35, val-method base, validation accuracy 85.86000061035156, best_prec 86.11000061035156
Epoch 36, l0 norm : 1114882, l1 norm : 584404.6232147217
Epoch 36, min : 0.0, max : 0.6990800499916077
This epoch duration :1712.9154524803162
Epoch 36, val-method base, validation accuracy 86.68999481201172, best_prec 86.68999481201172
Epoch 37, l0 norm : 1114882, l1 norm : 579587.2687263489
Epoch 37, min : 0.0, max : 0.6957751512527466
This epoch duration :1712.8491830825806
Epoch 37, val-method base, validation accuracy 86.18999481201172, best_prec 86.68999481201172
Epoch 38, l0 norm : 1114882, l1 norm : 574965.3121414185
Epoch 38, min : 0.0, max : 0.6926953792572021
This epoch duration :1713.189816236496
Epoch 38, val-method base, validation accuracy 85.43999481201172, best_prec 86.68999481201172
Epoch 39, l0 norm : 1114882, l1 norm : 570526.3068351746
Epoch 39, min : 0.0, max : 0.6898365020751953
This epoch duration :1711.059770822525
Epoch 39, val-method base, validation accuracy 87.0999984741211, best_prec 87.0999984741211
Epoch 40, l0 norm : 1114882, l1 norm : 566286.6135559082
Epoch 40, min : 0.0, max : 0.6871964931488037
This epoch duration :1712.32670545578
Epoch 40, val-method base, validation accuracy 86.88999938964844, best_prec 87.0999984741211
Epoch 41, l0 norm : 1114882, l1 norm : 562232.2611274719
Epoch 41, min : 0.0, max : 0.6847736239433289
This epoch duration :1713.1848425865173
Epoch 41, val-method base, validation accuracy 86.72000122070312, best_prec 87.0999984741211
Epoch 42, l0 norm : 1114882, l1 norm : 558378.1496658325
Epoch 42, min : 0.0, max : 0.6825636029243469
This epoch duration :1712.2150979042053
Epoch 42, val-method base, validation accuracy 86.79999542236328, best_prec 87.0999984741211
Epoch 43, l0 norm : 1114882, l1 norm : 554711.114238739
Epoch 43, min : 0.0, max : 0.6805644631385803
This epoch duration :1712.2312014102936
Epoch 43, val-method base, validation accuracy 86.87999725341797, best_prec 87.0999984741211
Epoch 44, l0 norm : 1114882, l1 norm : 551226.9098052979
Epoch 44, min : 0.0, max : 0.6787753701210022
This epoch duration :1712.39506149292
Epoch 44, val-method base, validation accuracy 87.5999984741211, best_prec 87.5999984741211
Epoch 45, l0 norm : 1114882, l1 norm : 547933.1542053223
Epoch 45, min : 0.0, max : 0.6771896481513977
This epoch duration :1713.7612800598145
Epoch 45, val-method base, validation accuracy 87.3499984741211, best_prec 87.5999984741211
Epoch 46, l0 norm : 1114882, l1 norm : 544820.9157791138
Epoch 46, min : 0.0, max : 0.6758072972297668
This epoch duration :1713.7925715446472
Epoch 46, val-method base, validation accuracy 87.29000091552734, best_prec 87.5999984741211
Epoch 47, l0 norm : 1114882, l1 norm : 541896.6552810669
Epoch 47, min : 0.0, max : 0.6746261715888977
This epoch duration :1712.5702843666077
Epoch 47, val-method base, validation accuracy 87.75999450683594, best_prec 87.75999450683594
Epoch 48, l0 norm : 1114882, l1 norm : 539155.105545044
Epoch 48, min : 0.0, max : 0.6736429929733276
This epoch duration :1712.6442217826843
Epoch 48, val-method base, validation accuracy 88.15999603271484, best_prec 88.15999603271484
Epoch 49, l0 norm : 1114882, l1 norm : 536592.0688400269
Epoch 49, min : 0.0, max : 0.6728583574295044
This epoch duration :1713.1036479473114
Epoch 49, val-method base, validation accuracy 87.29000091552734, best_prec 88.15999603271484
Epoch 50, l0 norm : 1114882, l1 norm : 534208.4480667114
Epoch 50, min : 0.0, max : 0.6722628474235535
This epoch duration :1712.4688420295715
Epoch 50, val-method base, validation accuracy 88.00999450683594, best_prec 88.15999603271484
Epoch 51, l0 norm : 1114882, l1 norm : 532004.4868240356
Epoch 51, min : 0.0, max : 0.6718539595603943
This epoch duration :1713.293451309204
Epoch 51, val-method base, validation accuracy 88.30999755859375, best_prec 88.30999755859375
Epoch 52, l0 norm : 1114882, l1 norm : 529974.4144325256
Epoch 52, min : 0.0, max : 0.6716342568397522
This epoch duration :1712.6425127983093
Epoch 52, val-method base, validation accuracy 88.04999542236328, best_prec 88.30999755859375
Epoch 53, l0 norm : 1114882, l1 norm : 528129.6097259521
Epoch 53, min : 0.0, max : 0.6716037392616272
This epoch duration :1712.4097270965576
Epoch 53, val-method base, validation accuracy 87.3499984741211, best_prec 88.30999755859375
Epoch 54, l0 norm : 1114882, l1 norm : 526470.5614738464
Epoch 54, min : 0.0, max : 0.6717644333839417
This epoch duration :1712.7300407886505
Epoch 54, val-method base, validation accuracy 88.06999969482422, best_prec 88.30999755859375
Epoch 55, l0 norm : 1114882, l1 norm : 524972.6815071106
Epoch 55, min : 0.0, max : 0.6720970273017883
This epoch duration :1713.0175671577454
Epoch 55, val-method base, validation accuracy 89.0999984741211, best_prec 89.0999984741211
Epoch 56, l0 norm : 1114882, l1 norm : 523651.81007003784
Epoch 56, min : 0.0, max : 0.6726017594337463
This epoch duration :1711.8255014419556
Epoch 56, val-method base, validation accuracy 88.56999969482422, best_prec 89.0999984741211
Epoch 57, l0 norm : 1114882, l1 norm : 522508.67879486084
Epoch 57, min : 0.0, max : 0.6732814311981201
This epoch duration :1712.506863117218
Epoch 57, val-method base, validation accuracy 87.88999938964844, best_prec 89.0999984741211
Epoch 58, l0 norm : 1114882, l1 norm : 521519.26207733154
Epoch 58, min : 0.0, max : 0.6741353273391724
This epoch duration :1712.891186952591
Epoch 58, val-method base, validation accuracy 89.27999877929688, best_prec 89.27999877929688
Epoch 59, l0 norm : 1114882, l1 norm : 520695.5277252197
Epoch 59, min : 0.0, max : 0.675166130065918
This epoch duration :1712.6219861507416
Epoch 59, val-method base, validation accuracy 89.06999969482422, best_prec 89.27999877929688
Epoch 60, l0 norm : 1114882, l1 norm : 520049.1290664673
Epoch 60, min : 0.0, max : 0.6763581037521362
This epoch duration :1712.9336137771606
Epoch 60, val-method base, validation accuracy 89.0, best_prec 89.27999877929688
Epoch 61, l0 norm : 1114882, l1 norm : 519558.96879196167
Epoch 61, min : 0.0, max : 0.6777150630950928
This epoch duration :1712.9251084327698
Epoch 61, val-method base, validation accuracy 89.50999450683594, best_prec 89.50999450683594
Epoch 62, l0 norm : 1114882, l1 norm : 519224.30545806885
Epoch 62, min : 0.0, max : 0.6792336702346802
This epoch duration :1712.6136193275452
Epoch 62, val-method base, validation accuracy 89.25999450683594, best_prec 89.50999450683594
Epoch 63, l0 norm : 1114882, l1 norm : 519048.54556274414
Epoch 63, min : 0.0, max : 0.680908739566803
This epoch duration :1710.9083325862885
Epoch 63, val-method base, validation accuracy 89.2699966430664, best_prec 89.50999450683594
Epoch 64, l0 norm : 1114882, l1 norm : 519039.5870437622
Epoch 64, min : 0.0, max : 0.6827387809753418
This epoch duration :1712.9907841682434
Epoch 64, val-method base, validation accuracy 89.05999755859375, best_prec 89.50999450683594
Epoch 65, l0 norm : 1114882, l1 norm : 519165.34588623047
Epoch 65, min : 0.0, max : 0.6847202777862549
This epoch duration :1713.3600766658783
Epoch 65, val-method base, validation accuracy 89.66999816894531, best_prec 89.66999816894531
Epoch 66, l0 norm : 1114882, l1 norm : 519444.22038269043
Epoch 66, min : 0.0, max : 0.6868506073951721
This epoch duration :1712.8137655258179
Epoch 66, val-method base, validation accuracy 88.79000091552734, best_prec 89.66999816894531
Epoch 67, l0 norm : 1114882, l1 norm : 519853.46029663086
Epoch 67, min : 0.0, max : 0.6891250610351562
This epoch duration :1712.2940266132355
Epoch 67, val-method base, validation accuracy 89.41999816894531, best_prec 89.66999816894531
Epoch 68, l0 norm : 1114882, l1 norm : 520428.78524017334
Epoch 68, min : 0.0, max : 0.6915406584739685
This epoch duration :1712.4950585365295
Epoch 68, val-method base, validation accuracy 89.5, best_prec 89.66999816894531
Epoch 69, l0 norm : 1114882, l1 norm : 521107.0700454712
Epoch 69, min : 0.0, max : 0.6940919160842896
This epoch duration :1712.9703228473663
Epoch 69, val-method base, validation accuracy 89.91999816894531, best_prec 89.91999816894531
Epoch 70, l0 norm : 1114882, l1 norm : 521949.11532974243
Epoch 70, min : 0.0, max : 0.6967814564704895
This epoch duration :1712.688935995102
Epoch 70, val-method base, validation accuracy 89.93000030517578, best_prec 89.93000030517578
Epoch 71, l0 norm : 1114882, l1 norm : 522937.11474609375
Epoch 71, min : 0.0, max : 0.6995996236801147
This epoch duration :1712.7973635196686
Epoch 71, val-method base, validation accuracy 89.36000061035156, best_prec 89.93000030517578
Epoch 72, l0 norm : 1114882, l1 norm : 524023.7355232239
Epoch 72, min : 0.0, max : 0.7025408148765564
This epoch duration :1713.0805506706238
Epoch 72, val-method base, validation accuracy 89.62999725341797, best_prec 89.93000030517578
Epoch 73, l0 norm : 1114882, l1 norm : 525233.7891960144
Epoch 73, min : 0.0, max : 0.7056037783622742
This epoch duration :1712.6784961223602
Epoch 73, val-method base, validation accuracy 89.79999542236328, best_prec 89.93000030517578
Epoch 74, l0 norm : 1114882, l1 norm : 526564.3634643555
Epoch 74, min : 0.0, max : 0.7087807059288025
This epoch duration :1712.6135857105255
Epoch 74, val-method base, validation accuracy 89.69999694824219, best_prec 89.93000030517578
Epoch 75, l0 norm : 1114882, l1 norm : 527993.5288543701
Epoch 75, min : 0.0, max : 0.7120702266693115
This epoch duration :1713.1415376663208
Epoch 75, val-method base, validation accuracy 89.95999908447266, best_prec 89.95999908447266
Epoch 76, l0 norm : 1114882, l1 norm : 529521.5476150513
Epoch 76, min : 0.0, max : 0.7154667973518372
This epoch duration :1712.7469882965088
Epoch 76, val-method base, validation accuracy 90.6199951171875, best_prec 90.6199951171875
Epoch 77, l0 norm : 1114882, l1 norm : 531144.2219467163
Epoch 77, min : 0.0, max : 0.7189657092094421
This epoch duration :1712.1990983486176
Epoch 77, val-method base, validation accuracy 90.0199966430664, best_prec 90.6199951171875
Epoch 78, l0 norm : 1114882, l1 norm : 532854.086227417
Epoch 78, min : 0.0, max : 0.7225605249404907
This epoch duration :1712.467705488205
Epoch 78, val-method base, validation accuracy 90.2699966430664, best_prec 90.6199951171875
Epoch 79, l0 norm : 1114882, l1 norm : 534643.2209129333
Epoch 79, min : 0.0, max : 0.7262445688247681
This epoch duration :1712.688128232956
Epoch 79, val-method base, validation accuracy 90.55999755859375, best_prec 90.6199951171875
Epoch 80, l0 norm : 1114882, l1 norm : 536514.5099220276
Epoch 80, min : 0.0, max : 0.7300154566764832
This epoch duration :1712.7305524349213
Epoch 80, val-method base, validation accuracy 90.50999450683594, best_prec 90.6199951171875
Epoch 81, l0 norm : 1114882, l1 norm : 538452.8963432312
Epoch 81, min : 0.0, max : 0.7338649034500122
This epoch duration :1712.8032562732697
Epoch 81, val-method base, validation accuracy 90.47000122070312, best_prec 90.6199951171875
Epoch 82, l0 norm : 1114882, l1 norm : 540472.3027191162
Epoch 82, min : 0.0, max : 0.7377775311470032
This epoch duration :1713.226884841919
Epoch 82, val-method base, validation accuracy 90.61000061035156, best_prec 90.6199951171875
Epoch 83, l0 norm : 1114882, l1 norm : 542578.9312210083
Epoch 83, min : 0.0, max : 0.7417574524879456
This epoch duration :1713.0739197731018
Epoch 83, val-method base, validation accuracy 90.5, best_prec 90.6199951171875
Epoch 84, l0 norm : 1114882, l1 norm : 544715.9102630615
Epoch 84, min : 0.0, max : 0.7457944750785828
This epoch duration :1712.9871497154236
Epoch 84, val-method base, validation accuracy 90.62999725341797, best_prec 90.62999725341797
Epoch 85, l0 norm : 1114882, l1 norm : 546912.5943222046
Epoch 85, min : 0.0, max : 0.7498816251754761
This epoch duration :1712.7783253192902
Epoch 85, val-method base, validation accuracy 90.30999755859375, best_prec 90.62999725341797
Epoch 86, l0 norm : 1114882, l1 norm : 549132.911819458
Epoch 86, min : 0.0, max : 0.7540091872215271
This epoch duration :1714.2701470851898
Epoch 86, val-method base, validation accuracy 90.43999481201172, best_prec 90.62999725341797
Epoch 87, l0 norm : 1114882, l1 norm : 551398.9662628174
Epoch 87, min : 0.0, max : 0.7581832408905029
This epoch duration :1713.8883571624756
Epoch 87, val-method base, validation accuracy 90.91999816894531, best_prec 90.91999816894531
Epoch 88, l0 norm : 1114882, l1 norm : 553717.9410400391
Epoch 88, min : 0.0, max : 0.7623813152313232
This epoch duration :1712.446176290512
Epoch 88, val-method base, validation accuracy 90.8699951171875, best_prec 90.91999816894531
Epoch 89, l0 norm : 1114882, l1 norm : 556064.6662826538
Epoch 89, min : 0.0, max : 0.7665954828262329
This epoch duration :1713.4131789207458
Epoch 89, val-method base, validation accuracy 90.5199966430664, best_prec 90.91999816894531
Epoch 90, l0 norm : 1114882, l1 norm : 558463.3267822266
Epoch 90, min : 0.0, max : 0.7708207964897156
This epoch duration :1713.3211455345154
Epoch 90, val-method base, validation accuracy 90.62999725341797, best_prec 90.91999816894531
Epoch 91, l0 norm : 1114882, l1 norm : 560875.5059814453
Epoch 91, min : 0.0, max : 0.7750382423400879
This epoch duration :1713.2424478530884
Epoch 91, val-method base, validation accuracy 90.88999938964844, best_prec 90.91999816894531
Epoch 92, l0 norm : 1114882, l1 norm : 563318.5507736206
Epoch 92, min : 0.0, max : 0.7792506814002991
This epoch duration :1713.1855568885803
Epoch 92, val-method base, validation accuracy 90.88999938964844, best_prec 90.91999816894531
Epoch 93, l0 norm : 1114882, l1 norm : 565785.1427307129
Epoch 93, min : 0.0, max : 0.783437967300415
This epoch duration :1712.5696363449097
Epoch 93, val-method base, validation accuracy 90.56999969482422, best_prec 90.91999816894531
Epoch 94, l0 norm : 1114882, l1 norm : 568263.7411804199
Epoch 94, min : 0.0, max : 0.7876038551330566
This epoch duration :1713.051926612854
Epoch 94, val-method base, validation accuracy 90.68999481201172, best_prec 90.91999816894531
Epoch 95, l0 norm : 1114882, l1 norm : 570749.1327438354
Epoch 95, min : 0.0, max : 0.7917290329933167
This epoch duration :1635.960479259491
Epoch 95, val-method base, validation accuracy 90.77999877929688, best_prec 90.91999816894531
Epoch 96, l0 norm : 1114882, l1 norm : 573228.7754821777
Epoch 96, min : 0.0, max : 0.7958168983459473
This epoch duration :1462.631065607071
Epoch 96, val-method base, validation accuracy 90.5199966430664, best_prec 90.91999816894531
Epoch 97, l0 norm : 1114882, l1 norm : 575701.7225189209
Epoch 97, min : 0.0, max : 0.7998473048210144
This epoch duration :1463.5060422420502
Epoch 97, val-method base, validation accuracy 90.54999542236328, best_prec 90.91999816894531
Epoch 98, l0 norm : 1114882, l1 norm : 578165.7858734131
Epoch 98, min : 0.0, max : 0.8038007616996765
This epoch duration :1463.3393423557281
Epoch 98, val-method base, validation accuracy 90.62999725341797, best_prec 90.91999816894531
Epoch 99, l0 norm : 1114882, l1 norm : 580604.8762893677
Epoch 99, min : 0.0, max : 0.8076822757720947
This epoch duration :1180.1549632549286
Epoch 99, val-method base, validation accuracy 90.56999969482422, best_prec 90.91999816894531
